[2025-05-13T21:30:58.821+0000] {taskinstance.py:1087} INFO - Dependencies all met for <TaskInstance: daily_stock_news_and_sentiment_dag.fetch_stock_prices scheduled__2025-05-12T00:30:00+00:00 [queued]>
[2025-05-13T21:30:58.834+0000] {taskinstance.py:1087} INFO - Dependencies all met for <TaskInstance: daily_stock_news_and_sentiment_dag.fetch_stock_prices scheduled__2025-05-12T00:30:00+00:00 [queued]>
[2025-05-13T21:30:58.834+0000] {taskinstance.py:1283} INFO - 
--------------------------------------------------------------------------------
[2025-05-13T21:30:58.835+0000] {taskinstance.py:1284} INFO - Starting attempt 2 of 2
[2025-05-13T21:30:58.835+0000] {taskinstance.py:1285} INFO - 
--------------------------------------------------------------------------------
[2025-05-13T21:30:58.849+0000] {taskinstance.py:1304} INFO - Executing <Task(PythonOperator): fetch_stock_prices> on 2025-05-12 00:30:00+00:00
[2025-05-13T21:30:58.857+0000] {standard_task_runner.py:55} INFO - Started process 5263 to run task
[2025-05-13T21:30:58.863+0000] {standard_task_runner.py:82} INFO - Running: ['***', 'tasks', 'run', 'daily_stock_news_and_sentiment_dag', 'fetch_stock_prices', 'scheduled__2025-05-12T00:30:00+00:00', '--job-id', '6', '--raw', '--subdir', 'DAGS_FOLDER/daily_news_sentiment_dag.py', '--cfg-path', '/tmp/tmpl7sngnru']
[2025-05-13T21:30:58.867+0000] {standard_task_runner.py:83} INFO - Job 6: Subtask fetch_stock_prices
[2025-05-13T21:30:58.949+0000] {task_command.py:389} INFO - Running <TaskInstance: daily_stock_news_and_sentiment_dag.fetch_stock_prices scheduled__2025-05-12T00:30:00+00:00 [running]> on host 3bd63daf2242
[2025-05-13T21:30:59.040+0000] {taskinstance.py:1511} INFO - Exporting the following env vars:
AIRFLOW_CTX_DAG_OWNER=***
AIRFLOW_CTX_DAG_ID=daily_stock_news_and_sentiment_dag
AIRFLOW_CTX_TASK_ID=fetch_stock_prices
AIRFLOW_CTX_EXECUTION_DATE=2025-05-12T00:30:00+00:00
AIRFLOW_CTX_TRY_NUMBER=2
AIRFLOW_CTX_DAG_RUN_ID=scheduled__2025-05-12T00:30:00+00:00
[2025-05-13T21:30:59.042+0000] {taskinstance.py:1772} ERROR - Task failed with exception
Traceback (most recent call last):
  File "/home/airflow/.local/lib/python3.9/site-packages/airflow/operators/python.py", line 175, in execute
    return_value = self.execute_callable()
  File "/home/airflow/.local/lib/python3.9/site-packages/airflow/operators/python.py", line 192, in execute_callable
    return self.python_callable(*self.op_args, **self.op_kwargs)
  File "/opt/airflow/dags/daily_news_sentiment_dag.py", line 40, in fetch_stock_prices
    ts = TimeSeries(key=ALPHA_API_KEY, output_format='pandas')
  File "/home/airflow/.local/lib/python3.9/site-packages/alpha_vantage/alphavantage.py", line 50, in __init__
    raise ValueError('The AlphaVantage API key must be provided '
ValueError: The AlphaVantage API key must be provided either through the key parameter or through the environment variable ALPHAVANTAGE_API_KEY. Get a free key from the alphavantage website: https://www.alphavantage.co/support/#api-key
[2025-05-13T21:30:59.052+0000] {taskinstance.py:1322} INFO - Marking task as FAILED. dag_id=daily_stock_news_and_sentiment_dag, task_id=fetch_stock_prices, execution_date=20250512T003000, start_date=20250513T213058, end_date=20250513T213059
[2025-05-13T21:30:59.063+0000] {standard_task_runner.py:100} ERROR - Failed to execute job 6 for task fetch_stock_prices (The AlphaVantage API key must be provided either through the key parameter or through the environment variable ALPHAVANTAGE_API_KEY. Get a free key from the alphavantage website: https://www.alphavantage.co/support/#api-key; 5263)
[2025-05-13T21:30:59.084+0000] {local_task_job.py:159} INFO - Task exited with return code 1
[2025-05-13T21:30:59.110+0000] {taskinstance.py:2582} INFO - 0 downstream tasks scheduled from follow-on schedule check
