[2025-05-18T23:22:46.324+0000] {local_task_job_runner.py:123} INFO - ::group::Pre task execution logs
[2025-05-18T23:22:46.367+0000] {taskinstance.py:2614} INFO - Dependencies all met for dep_context=non-requeueable deps ti=<TaskInstance: daily_stock_news_and_sentiment_dag.fetch_news_and_sentiments manual__2025-05-18T23:22:18.675209+00:00 [queued]>
[2025-05-18T23:22:46.385+0000] {taskinstance.py:2614} INFO - Dependencies all met for dep_context=requeueable deps ti=<TaskInstance: daily_stock_news_and_sentiment_dag.fetch_news_and_sentiments manual__2025-05-18T23:22:18.675209+00:00 [queued]>
[2025-05-18T23:22:46.386+0000] {taskinstance.py:2867} INFO - Starting attempt 1 of 2
[2025-05-18T23:22:46.411+0000] {taskinstance.py:2890} INFO - Executing <Task(PythonOperator): fetch_news_and_sentiments> on 2025-05-18 23:22:18.675209+00:00
[2025-05-18T23:22:46.424+0000] {standard_task_runner.py:72} INFO - Started process 17203 to run task
[2025-05-18T23:22:46.432+0000] {standard_task_runner.py:104} INFO - Running: ['***', 'tasks', 'run', 'daily_stock_news_and_sentiment_dag', 'fetch_news_and_sentiments', 'manual__2025-05-18T23:22:18.675209+00:00', '--job-id', '46', '--raw', '--subdir', 'DAGS_FOLDER/daily_news_sentiment_dag.py', '--cfg-path', '/tmp/tmp5px30xj_']
[2025-05-18T23:22:46.434+0000] {standard_task_runner.py:105} INFO - Job 46: Subtask fetch_news_and_sentiments
[2025-05-18T23:22:46.515+0000] {task_command.py:467} INFO - Running <TaskInstance: daily_stock_news_and_sentiment_dag.fetch_news_and_sentiments manual__2025-05-18T23:22:18.675209+00:00 [running]> on host 9f5193fcdf75
[2025-05-18T23:22:46.656+0000] {taskinstance.py:3134} INFO - Exporting env vars: AIRFLOW_CTX_DAG_OWNER='***' AIRFLOW_CTX_DAG_ID='daily_stock_news_and_sentiment_dag' AIRFLOW_CTX_TASK_ID='fetch_news_and_sentiments' AIRFLOW_CTX_EXECUTION_DATE='2025-05-18T23:22:18.675209+00:00' AIRFLOW_CTX_TRY_NUMBER='1' AIRFLOW_CTX_DAG_RUN_ID='manual__2025-05-18T23:22:18.675209+00:00'
[2025-05-18T23:22:46.661+0000] {logging_mixin.py:190} INFO - Task instance is in running state
[2025-05-18T23:22:46.663+0000] {logging_mixin.py:190} INFO -  Previous state of the Task instance: queued
[2025-05-18T23:22:46.665+0000] {logging_mixin.py:190} INFO - Current task name:fetch_news_and_sentiments state:running start_date:2025-05-18 23:22:46.368683+00:00
[2025-05-18T23:22:46.669+0000] {logging_mixin.py:190} INFO - Dag name:daily_stock_news_and_sentiment_dag and current dag run status:running
[2025-05-18T23:22:46.670+0000] {taskinstance.py:732} INFO - ::endgroup::
[2025-05-18T23:23:52.813+0000] {base.py:84} INFO - Retrieving connection '***_default'
[2025-05-18T23:23:53.096+0000] {logging_mixin.py:190} INFO - Inserted 80 rows into news_data for Apple on 2025-05-17
[2025-05-18T23:23:53.111+0000] {logging_mixin.py:190} INFO - Inserted 10 rows into sentiment_data for Apple on 2025-05-17
[2025-05-18T23:23:53.152+0000] {python.py:240} INFO - Done. Returned value was: None
[2025-05-18T23:23:53.174+0000] {taskinstance.py:341} INFO - ::group::Post task execution logs
[2025-05-18T23:23:53.175+0000] {taskinstance.py:353} INFO - Marking task as SUCCESS. dag_id=daily_stock_news_and_sentiment_dag, task_id=fetch_news_and_sentiments, run_id=manual__2025-05-18T23:22:18.675209+00:00, execution_date=20250518T232218, start_date=20250518T232246, end_date=20250518T232353
[2025-05-18T23:23:53.212+0000] {logging_mixin.py:190} INFO - Task instance in success state
[2025-05-18T23:23:53.213+0000] {logging_mixin.py:190} INFO -  Previous state of the Task instance: running
[2025-05-18T23:23:53.214+0000] {logging_mixin.py:190} INFO - Dag name:daily_stock_news_and_sentiment_dag queued_at:2025-05-18 23:22:18.726397+00:00
[2025-05-18T23:23:53.214+0000] {logging_mixin.py:190} INFO - Task hostname:9f5193fcdf75 operator:PythonOperator
[2025-05-18T23:23:53.295+0000] {local_task_job_runner.py:266} INFO - Task exited with return code 0
[2025-05-18T23:23:53.335+0000] {taskinstance.py:3901} INFO - 0 downstream tasks scheduled from follow-on schedule check
[2025-05-18T23:23:53.338+0000] {local_task_job_runner.py:245} INFO - ::endgroup::
