[2025-05-13T02:45:42.125+0000] {processor.py:153} INFO - Started process (PID=257) to work on /home/airflow/.local/lib/python3.9/site-packages/airflow/example_dags/example_branch_python_dop_operator_3.py
[2025-05-13T02:45:42.128+0000] {processor.py:743} INFO - Processing file /home/airflow/.local/lib/python3.9/site-packages/airflow/example_dags/example_branch_python_dop_operator_3.py for tasks to queue
[2025-05-13T02:45:42.130+0000] {logging_mixin.py:137} INFO - [2025-05-13T02:45:42.130+0000] {dagbag.py:538} INFO - Filling up the DagBag from /home/airflow/.local/lib/python3.9/site-packages/airflow/example_dags/example_branch_python_dop_operator_3.py
[2025-05-13T02:45:42.282+0000] {processor.py:753} INFO - DAG(s) dict_keys(['example_branch_dop_operator_v3']) retrieved from /home/airflow/.local/lib/python3.9/site-packages/airflow/example_dags/example_branch_python_dop_operator_3.py
[2025-05-13T02:45:42.611+0000] {logging_mixin.py:137} INFO - [2025-05-13T02:45:42.611+0000] {manager.py:504} INFO - Created Permission View: can delete on DAG:example_branch_dop_operator_v3
[2025-05-13T02:45:42.622+0000] {logging_mixin.py:137} INFO - [2025-05-13T02:45:42.622+0000] {manager.py:504} INFO - Created Permission View: can edit on DAG:example_branch_dop_operator_v3
[2025-05-13T02:45:42.631+0000] {logging_mixin.py:137} INFO - [2025-05-13T02:45:42.631+0000] {manager.py:504} INFO - Created Permission View: can read on DAG:example_branch_dop_operator_v3
[2025-05-13T02:45:42.632+0000] {logging_mixin.py:137} INFO - [2025-05-13T02:45:42.631+0000] {dag.py:2676} INFO - Sync 1 DAGs
[2025-05-13T02:45:42.652+0000] {logging_mixin.py:137} INFO - [2025-05-13T02:45:42.652+0000] {dag.py:2697} INFO - Creating ORM DAG for example_branch_dop_operator_v3
[2025-05-13T02:45:42.671+0000] {logging_mixin.py:137} INFO - [2025-05-13T02:45:42.671+0000] {dag.py:3423} INFO - Setting next_dagrun for example_branch_dop_operator_v3 to 2025-05-13T02:44:00+00:00, run_after=2025-05-13T02:45:00+00:00
[2025-05-13T02:45:42.710+0000] {processor.py:175} INFO - Processing /home/airflow/.local/lib/python3.9/site-packages/airflow/example_dags/example_branch_python_dop_operator_3.py took 0.595 seconds
[2025-05-13T02:46:12.886+0000] {processor.py:153} INFO - Started process (PID=456) to work on /home/airflow/.local/lib/python3.9/site-packages/airflow/example_dags/example_branch_python_dop_operator_3.py
[2025-05-13T02:46:12.887+0000] {processor.py:743} INFO - Processing file /home/airflow/.local/lib/python3.9/site-packages/airflow/example_dags/example_branch_python_dop_operator_3.py for tasks to queue
[2025-05-13T02:46:12.888+0000] {logging_mixin.py:137} INFO - [2025-05-13T02:46:12.888+0000] {dagbag.py:538} INFO - Filling up the DagBag from /home/airflow/.local/lib/python3.9/site-packages/airflow/example_dags/example_branch_python_dop_operator_3.py
[2025-05-13T02:46:12.932+0000] {processor.py:753} INFO - DAG(s) dict_keys(['example_branch_dop_operator_v3']) retrieved from /home/airflow/.local/lib/python3.9/site-packages/airflow/example_dags/example_branch_python_dop_operator_3.py
[2025-05-13T02:46:12.995+0000] {logging_mixin.py:137} INFO - [2025-05-13T02:46:12.995+0000] {dag.py:2676} INFO - Sync 1 DAGs
[2025-05-13T02:46:13.035+0000] {logging_mixin.py:137} INFO - [2025-05-13T02:46:13.035+0000] {dag.py:3423} INFO - Setting next_dagrun for example_branch_dop_operator_v3 to 2025-05-13T02:45:00+00:00, run_after=2025-05-13T02:46:00+00:00
[2025-05-13T02:46:13.058+0000] {processor.py:175} INFO - Processing /home/airflow/.local/lib/python3.9/site-packages/airflow/example_dags/example_branch_python_dop_operator_3.py took 0.177 seconds
[2025-05-13T02:46:43.097+0000] {processor.py:153} INFO - Started process (PID=656) to work on /home/airflow/.local/lib/python3.9/site-packages/airflow/example_dags/example_branch_python_dop_operator_3.py
[2025-05-13T02:46:43.099+0000] {processor.py:743} INFO - Processing file /home/airflow/.local/lib/python3.9/site-packages/airflow/example_dags/example_branch_python_dop_operator_3.py for tasks to queue
[2025-05-13T02:46:43.100+0000] {logging_mixin.py:137} INFO - [2025-05-13T02:46:43.099+0000] {dagbag.py:538} INFO - Filling up the DagBag from /home/airflow/.local/lib/python3.9/site-packages/airflow/example_dags/example_branch_python_dop_operator_3.py
[2025-05-13T02:46:43.136+0000] {processor.py:753} INFO - DAG(s) dict_keys(['example_branch_dop_operator_v3']) retrieved from /home/airflow/.local/lib/python3.9/site-packages/airflow/example_dags/example_branch_python_dop_operator_3.py
[2025-05-13T02:46:43.186+0000] {logging_mixin.py:137} INFO - [2025-05-13T02:46:43.186+0000] {dag.py:2676} INFO - Sync 1 DAGs
[2025-05-13T02:46:43.225+0000] {logging_mixin.py:137} INFO - [2025-05-13T02:46:43.224+0000] {dag.py:3423} INFO - Setting next_dagrun for example_branch_dop_operator_v3 to 2025-05-13T02:45:00+00:00, run_after=2025-05-13T02:46:00+00:00
[2025-05-13T02:46:43.249+0000] {processor.py:175} INFO - Processing /home/airflow/.local/lib/python3.9/site-packages/airflow/example_dags/example_branch_python_dop_operator_3.py took 0.157 seconds
[2025-05-13T02:47:13.806+0000] {processor.py:153} INFO - Started process (PID=860) to work on /home/airflow/.local/lib/python3.9/site-packages/airflow/example_dags/example_branch_python_dop_operator_3.py
[2025-05-13T02:47:13.808+0000] {processor.py:743} INFO - Processing file /home/airflow/.local/lib/python3.9/site-packages/airflow/example_dags/example_branch_python_dop_operator_3.py for tasks to queue
[2025-05-13T02:47:13.809+0000] {logging_mixin.py:137} INFO - [2025-05-13T02:47:13.809+0000] {dagbag.py:538} INFO - Filling up the DagBag from /home/airflow/.local/lib/python3.9/site-packages/airflow/example_dags/example_branch_python_dop_operator_3.py
[2025-05-13T02:47:13.846+0000] {processor.py:753} INFO - DAG(s) dict_keys(['example_branch_dop_operator_v3']) retrieved from /home/airflow/.local/lib/python3.9/site-packages/airflow/example_dags/example_branch_python_dop_operator_3.py
[2025-05-13T02:47:13.900+0000] {logging_mixin.py:137} INFO - [2025-05-13T02:47:13.900+0000] {dag.py:2676} INFO - Sync 1 DAGs
[2025-05-13T02:47:13.939+0000] {logging_mixin.py:137} INFO - [2025-05-13T02:47:13.939+0000] {dag.py:3423} INFO - Setting next_dagrun for example_branch_dop_operator_v3 to 2025-05-13T02:46:00+00:00, run_after=2025-05-13T02:47:00+00:00
[2025-05-13T02:47:13.987+0000] {processor.py:175} INFO - Processing /home/airflow/.local/lib/python3.9/site-packages/airflow/example_dags/example_branch_python_dop_operator_3.py took 0.186 seconds
[2025-05-13T02:47:44.234+0000] {processor.py:153} INFO - Started process (PID=1063) to work on /home/airflow/.local/lib/python3.9/site-packages/airflow/example_dags/example_branch_python_dop_operator_3.py
[2025-05-13T02:47:44.235+0000] {processor.py:743} INFO - Processing file /home/airflow/.local/lib/python3.9/site-packages/airflow/example_dags/example_branch_python_dop_operator_3.py for tasks to queue
[2025-05-13T02:47:44.235+0000] {logging_mixin.py:137} INFO - [2025-05-13T02:47:44.235+0000] {dagbag.py:538} INFO - Filling up the DagBag from /home/airflow/.local/lib/python3.9/site-packages/airflow/example_dags/example_branch_python_dop_operator_3.py
[2025-05-13T02:47:44.263+0000] {processor.py:753} INFO - DAG(s) dict_keys(['example_branch_dop_operator_v3']) retrieved from /home/airflow/.local/lib/python3.9/site-packages/airflow/example_dags/example_branch_python_dop_operator_3.py
[2025-05-13T02:47:44.308+0000] {logging_mixin.py:137} INFO - [2025-05-13T02:47:44.308+0000] {dag.py:2676} INFO - Sync 1 DAGs
[2025-05-13T02:47:44.342+0000] {logging_mixin.py:137} INFO - [2025-05-13T02:47:44.341+0000] {dag.py:3423} INFO - Setting next_dagrun for example_branch_dop_operator_v3 to 2025-05-13T02:46:00+00:00, run_after=2025-05-13T02:47:00+00:00
[2025-05-13T02:47:44.364+0000] {processor.py:175} INFO - Processing /home/airflow/.local/lib/python3.9/site-packages/airflow/example_dags/example_branch_python_dop_operator_3.py took 0.134 seconds
[2025-05-13T02:48:14.777+0000] {processor.py:153} INFO - Started process (PID=1264) to work on /home/airflow/.local/lib/python3.9/site-packages/airflow/example_dags/example_branch_python_dop_operator_3.py
[2025-05-13T02:48:14.802+0000] {processor.py:743} INFO - Processing file /home/airflow/.local/lib/python3.9/site-packages/airflow/example_dags/example_branch_python_dop_operator_3.py for tasks to queue
[2025-05-13T02:48:14.806+0000] {logging_mixin.py:137} INFO - [2025-05-13T02:48:14.806+0000] {dagbag.py:538} INFO - Filling up the DagBag from /home/airflow/.local/lib/python3.9/site-packages/airflow/example_dags/example_branch_python_dop_operator_3.py
[2025-05-13T02:48:14.864+0000] {processor.py:753} INFO - DAG(s) dict_keys(['example_branch_dop_operator_v3']) retrieved from /home/airflow/.local/lib/python3.9/site-packages/airflow/example_dags/example_branch_python_dop_operator_3.py
[2025-05-13T02:48:14.919+0000] {logging_mixin.py:137} INFO - [2025-05-13T02:48:14.919+0000] {dag.py:2676} INFO - Sync 1 DAGs
[2025-05-13T02:48:14.964+0000] {logging_mixin.py:137} INFO - [2025-05-13T02:48:14.964+0000] {dag.py:3423} INFO - Setting next_dagrun for example_branch_dop_operator_v3 to 2025-05-13T02:47:00+00:00, run_after=2025-05-13T02:48:00+00:00
[2025-05-13T02:48:15.003+0000] {processor.py:175} INFO - Processing /home/airflow/.local/lib/python3.9/site-packages/airflow/example_dags/example_branch_python_dop_operator_3.py took 0.231 seconds
[2025-05-13T02:49:30.695+0000] {processor.py:153} INFO - Started process (PID=272) to work on /home/airflow/.local/lib/python3.9/site-packages/airflow/example_dags/example_branch_python_dop_operator_3.py
[2025-05-13T02:49:30.697+0000] {processor.py:743} INFO - Processing file /home/airflow/.local/lib/python3.9/site-packages/airflow/example_dags/example_branch_python_dop_operator_3.py for tasks to queue
[2025-05-13T02:49:30.699+0000] {logging_mixin.py:137} INFO - [2025-05-13T02:49:30.699+0000] {dagbag.py:538} INFO - Filling up the DagBag from /home/airflow/.local/lib/python3.9/site-packages/airflow/example_dags/example_branch_python_dop_operator_3.py
[2025-05-13T02:49:30.770+0000] {processor.py:753} INFO - DAG(s) dict_keys(['example_branch_dop_operator_v3']) retrieved from /home/airflow/.local/lib/python3.9/site-packages/airflow/example_dags/example_branch_python_dop_operator_3.py
[2025-05-13T02:49:30.868+0000] {logging_mixin.py:137} INFO - [2025-05-13T02:49:30.867+0000] {dag.py:2676} INFO - Sync 1 DAGs
[2025-05-13T02:49:30.948+0000] {logging_mixin.py:137} INFO - [2025-05-13T02:49:30.948+0000] {dag.py:3423} INFO - Setting next_dagrun for example_branch_dop_operator_v3 to 2025-05-13T02:48:00+00:00, run_after=2025-05-13T02:49:00+00:00
[2025-05-13T02:49:30.995+0000] {processor.py:175} INFO - Processing /home/airflow/.local/lib/python3.9/site-packages/airflow/example_dags/example_branch_python_dop_operator_3.py took 0.308 seconds
[2025-05-13T02:50:01.258+0000] {processor.py:153} INFO - Started process (PID=470) to work on /home/airflow/.local/lib/python3.9/site-packages/airflow/example_dags/example_branch_python_dop_operator_3.py
[2025-05-13T02:50:01.259+0000] {processor.py:743} INFO - Processing file /home/airflow/.local/lib/python3.9/site-packages/airflow/example_dags/example_branch_python_dop_operator_3.py for tasks to queue
[2025-05-13T02:50:01.261+0000] {logging_mixin.py:137} INFO - [2025-05-13T02:50:01.261+0000] {dagbag.py:538} INFO - Filling up the DagBag from /home/airflow/.local/lib/python3.9/site-packages/airflow/example_dags/example_branch_python_dop_operator_3.py
[2025-05-13T02:50:01.299+0000] {processor.py:753} INFO - DAG(s) dict_keys(['example_branch_dop_operator_v3']) retrieved from /home/airflow/.local/lib/python3.9/site-packages/airflow/example_dags/example_branch_python_dop_operator_3.py
[2025-05-13T02:50:01.356+0000] {logging_mixin.py:137} INFO - [2025-05-13T02:50:01.356+0000] {dag.py:2676} INFO - Sync 1 DAGs
[2025-05-13T02:50:01.396+0000] {logging_mixin.py:137} INFO - [2025-05-13T02:50:01.396+0000] {dag.py:3423} INFO - Setting next_dagrun for example_branch_dop_operator_v3 to 2025-05-13T02:49:00+00:00, run_after=2025-05-13T02:50:00+00:00
[2025-05-13T02:50:01.420+0000] {processor.py:175} INFO - Processing /home/airflow/.local/lib/python3.9/site-packages/airflow/example_dags/example_branch_python_dop_operator_3.py took 0.167 seconds
[2025-05-13T02:50:31.568+0000] {processor.py:153} INFO - Started process (PID=674) to work on /home/airflow/.local/lib/python3.9/site-packages/airflow/example_dags/example_branch_python_dop_operator_3.py
[2025-05-13T02:50:31.569+0000] {processor.py:743} INFO - Processing file /home/airflow/.local/lib/python3.9/site-packages/airflow/example_dags/example_branch_python_dop_operator_3.py for tasks to queue
[2025-05-13T02:50:31.570+0000] {logging_mixin.py:137} INFO - [2025-05-13T02:50:31.570+0000] {dagbag.py:538} INFO - Filling up the DagBag from /home/airflow/.local/lib/python3.9/site-packages/airflow/example_dags/example_branch_python_dop_operator_3.py
[2025-05-13T02:50:31.605+0000] {processor.py:753} INFO - DAG(s) dict_keys(['example_branch_dop_operator_v3']) retrieved from /home/airflow/.local/lib/python3.9/site-packages/airflow/example_dags/example_branch_python_dop_operator_3.py
[2025-05-13T02:50:31.656+0000] {logging_mixin.py:137} INFO - [2025-05-13T02:50:31.656+0000] {dag.py:2676} INFO - Sync 1 DAGs
[2025-05-13T02:50:31.692+0000] {logging_mixin.py:137} INFO - [2025-05-13T02:50:31.692+0000] {dag.py:3423} INFO - Setting next_dagrun for example_branch_dop_operator_v3 to 2025-05-13T02:49:00+00:00, run_after=2025-05-13T02:50:00+00:00
[2025-05-13T02:50:31.715+0000] {processor.py:175} INFO - Processing /home/airflow/.local/lib/python3.9/site-packages/airflow/example_dags/example_branch_python_dop_operator_3.py took 0.151 seconds
[2025-05-13T21:18:26.562+0000] {processor.py:153} INFO - Started process (PID=257) to work on /home/airflow/.local/lib/python3.9/site-packages/airflow/example_dags/example_branch_python_dop_operator_3.py
[2025-05-13T21:18:26.564+0000] {processor.py:743} INFO - Processing file /home/airflow/.local/lib/python3.9/site-packages/airflow/example_dags/example_branch_python_dop_operator_3.py for tasks to queue
[2025-05-13T21:18:26.565+0000] {logging_mixin.py:137} INFO - [2025-05-13T21:18:26.565+0000] {dagbag.py:538} INFO - Filling up the DagBag from /home/airflow/.local/lib/python3.9/site-packages/airflow/example_dags/example_branch_python_dop_operator_3.py
[2025-05-13T21:18:26.618+0000] {processor.py:753} INFO - DAG(s) dict_keys(['example_branch_dop_operator_v3']) retrieved from /home/airflow/.local/lib/python3.9/site-packages/airflow/example_dags/example_branch_python_dop_operator_3.py
[2025-05-13T21:18:26.967+0000] {logging_mixin.py:137} INFO - [2025-05-13T21:18:26.967+0000] {manager.py:504} INFO - Created Permission View: can edit on DAG:example_branch_dop_operator_v3
[2025-05-13T21:18:26.987+0000] {logging_mixin.py:137} INFO - [2025-05-13T21:18:26.987+0000] {manager.py:504} INFO - Created Permission View: can delete on DAG:example_branch_dop_operator_v3
[2025-05-13T21:18:27.002+0000] {logging_mixin.py:137} INFO - [2025-05-13T21:18:27.002+0000] {manager.py:504} INFO - Created Permission View: can read on DAG:example_branch_dop_operator_v3
[2025-05-13T21:18:27.003+0000] {logging_mixin.py:137} INFO - [2025-05-13T21:18:27.003+0000] {dag.py:2676} INFO - Sync 1 DAGs
[2025-05-13T21:18:27.023+0000] {logging_mixin.py:137} INFO - [2025-05-13T21:18:27.023+0000] {dag.py:2697} INFO - Creating ORM DAG for example_branch_dop_operator_v3
[2025-05-13T21:18:27.048+0000] {logging_mixin.py:137} INFO - [2025-05-13T21:18:27.048+0000] {dag.py:3423} INFO - Setting next_dagrun for example_branch_dop_operator_v3 to 2025-05-13T21:17:00+00:00, run_after=2025-05-13T21:18:00+00:00
[2025-05-13T21:18:27.075+0000] {processor.py:175} INFO - Processing /home/airflow/.local/lib/python3.9/site-packages/airflow/example_dags/example_branch_python_dop_operator_3.py took 0.518 seconds
[2025-05-13T21:18:57.297+0000] {processor.py:153} INFO - Started process (PID=454) to work on /home/airflow/.local/lib/python3.9/site-packages/airflow/example_dags/example_branch_python_dop_operator_3.py
[2025-05-13T21:18:57.299+0000] {processor.py:743} INFO - Processing file /home/airflow/.local/lib/python3.9/site-packages/airflow/example_dags/example_branch_python_dop_operator_3.py for tasks to queue
[2025-05-13T21:18:57.300+0000] {logging_mixin.py:137} INFO - [2025-05-13T21:18:57.300+0000] {dagbag.py:538} INFO - Filling up the DagBag from /home/airflow/.local/lib/python3.9/site-packages/airflow/example_dags/example_branch_python_dop_operator_3.py
[2025-05-13T21:18:57.339+0000] {processor.py:753} INFO - DAG(s) dict_keys(['example_branch_dop_operator_v3']) retrieved from /home/airflow/.local/lib/python3.9/site-packages/airflow/example_dags/example_branch_python_dop_operator_3.py
[2025-05-13T21:18:57.397+0000] {logging_mixin.py:137} INFO - [2025-05-13T21:18:57.396+0000] {dag.py:2676} INFO - Sync 1 DAGs
[2025-05-13T21:18:57.433+0000] {logging_mixin.py:137} INFO - [2025-05-13T21:18:57.433+0000] {dag.py:3423} INFO - Setting next_dagrun for example_branch_dop_operator_v3 to 2025-05-13T21:17:00+00:00, run_after=2025-05-13T21:18:00+00:00
[2025-05-13T21:18:57.458+0000] {processor.py:175} INFO - Processing /home/airflow/.local/lib/python3.9/site-packages/airflow/example_dags/example_branch_python_dop_operator_3.py took 0.166 seconds
[2025-05-13T21:19:27.714+0000] {processor.py:153} INFO - Started process (PID=657) to work on /home/airflow/.local/lib/python3.9/site-packages/airflow/example_dags/example_branch_python_dop_operator_3.py
[2025-05-13T21:19:27.715+0000] {processor.py:743} INFO - Processing file /home/airflow/.local/lib/python3.9/site-packages/airflow/example_dags/example_branch_python_dop_operator_3.py for tasks to queue
[2025-05-13T21:19:27.717+0000] {logging_mixin.py:137} INFO - [2025-05-13T21:19:27.717+0000] {dagbag.py:538} INFO - Filling up the DagBag from /home/airflow/.local/lib/python3.9/site-packages/airflow/example_dags/example_branch_python_dop_operator_3.py
[2025-05-13T21:19:27.758+0000] {processor.py:753} INFO - DAG(s) dict_keys(['example_branch_dop_operator_v3']) retrieved from /home/airflow/.local/lib/python3.9/site-packages/airflow/example_dags/example_branch_python_dop_operator_3.py
[2025-05-13T21:19:27.829+0000] {logging_mixin.py:137} INFO - [2025-05-13T21:19:27.829+0000] {dag.py:2676} INFO - Sync 1 DAGs
[2025-05-13T21:19:27.875+0000] {logging_mixin.py:137} INFO - [2025-05-13T21:19:27.875+0000] {dag.py:3423} INFO - Setting next_dagrun for example_branch_dop_operator_v3 to 2025-05-13T21:18:00+00:00, run_after=2025-05-13T21:19:00+00:00
[2025-05-13T21:19:27.927+0000] {processor.py:175} INFO - Processing /home/airflow/.local/lib/python3.9/site-packages/airflow/example_dags/example_branch_python_dop_operator_3.py took 0.219 seconds
[2025-05-13T21:19:58.597+0000] {processor.py:153} INFO - Started process (PID=859) to work on /home/airflow/.local/lib/python3.9/site-packages/airflow/example_dags/example_branch_python_dop_operator_3.py
[2025-05-13T21:19:58.598+0000] {processor.py:743} INFO - Processing file /home/airflow/.local/lib/python3.9/site-packages/airflow/example_dags/example_branch_python_dop_operator_3.py for tasks to queue
[2025-05-13T21:19:58.600+0000] {logging_mixin.py:137} INFO - [2025-05-13T21:19:58.599+0000] {dagbag.py:538} INFO - Filling up the DagBag from /home/airflow/.local/lib/python3.9/site-packages/airflow/example_dags/example_branch_python_dop_operator_3.py
[2025-05-13T21:19:58.634+0000] {processor.py:753} INFO - DAG(s) dict_keys(['example_branch_dop_operator_v3']) retrieved from /home/airflow/.local/lib/python3.9/site-packages/airflow/example_dags/example_branch_python_dop_operator_3.py
[2025-05-13T21:19:58.690+0000] {logging_mixin.py:137} INFO - [2025-05-13T21:19:58.690+0000] {dag.py:2676} INFO - Sync 1 DAGs
[2025-05-13T21:19:58.730+0000] {logging_mixin.py:137} INFO - [2025-05-13T21:19:58.730+0000] {dag.py:3423} INFO - Setting next_dagrun for example_branch_dop_operator_v3 to 2025-05-13T21:18:00+00:00, run_after=2025-05-13T21:19:00+00:00
[2025-05-13T21:19:58.758+0000] {processor.py:175} INFO - Processing /home/airflow/.local/lib/python3.9/site-packages/airflow/example_dags/example_branch_python_dop_operator_3.py took 0.167 seconds
[2025-05-13T21:20:29.100+0000] {processor.py:153} INFO - Started process (PID=1063) to work on /home/airflow/.local/lib/python3.9/site-packages/airflow/example_dags/example_branch_python_dop_operator_3.py
[2025-05-13T21:20:29.102+0000] {processor.py:743} INFO - Processing file /home/airflow/.local/lib/python3.9/site-packages/airflow/example_dags/example_branch_python_dop_operator_3.py for tasks to queue
[2025-05-13T21:20:29.103+0000] {logging_mixin.py:137} INFO - [2025-05-13T21:20:29.103+0000] {dagbag.py:538} INFO - Filling up the DagBag from /home/airflow/.local/lib/python3.9/site-packages/airflow/example_dags/example_branch_python_dop_operator_3.py
[2025-05-13T21:20:29.142+0000] {processor.py:753} INFO - DAG(s) dict_keys(['example_branch_dop_operator_v3']) retrieved from /home/airflow/.local/lib/python3.9/site-packages/airflow/example_dags/example_branch_python_dop_operator_3.py
[2025-05-13T21:20:29.202+0000] {logging_mixin.py:137} INFO - [2025-05-13T21:20:29.202+0000] {dag.py:2676} INFO - Sync 1 DAGs
[2025-05-13T21:20:29.244+0000] {logging_mixin.py:137} INFO - [2025-05-13T21:20:29.244+0000] {dag.py:3423} INFO - Setting next_dagrun for example_branch_dop_operator_v3 to 2025-05-13T21:19:00+00:00, run_after=2025-05-13T21:20:00+00:00
[2025-05-13T21:20:29.276+0000] {processor.py:175} INFO - Processing /home/airflow/.local/lib/python3.9/site-packages/airflow/example_dags/example_branch_python_dop_operator_3.py took 0.184 seconds
[2025-05-13T21:20:59.347+0000] {processor.py:153} INFO - Started process (PID=1268) to work on /home/airflow/.local/lib/python3.9/site-packages/airflow/example_dags/example_branch_python_dop_operator_3.py
[2025-05-13T21:20:59.349+0000] {processor.py:743} INFO - Processing file /home/airflow/.local/lib/python3.9/site-packages/airflow/example_dags/example_branch_python_dop_operator_3.py for tasks to queue
[2025-05-13T21:20:59.350+0000] {logging_mixin.py:137} INFO - [2025-05-13T21:20:59.350+0000] {dagbag.py:538} INFO - Filling up the DagBag from /home/airflow/.local/lib/python3.9/site-packages/airflow/example_dags/example_branch_python_dop_operator_3.py
[2025-05-13T21:20:59.386+0000] {processor.py:753} INFO - DAG(s) dict_keys(['example_branch_dop_operator_v3']) retrieved from /home/airflow/.local/lib/python3.9/site-packages/airflow/example_dags/example_branch_python_dop_operator_3.py
[2025-05-13T21:20:59.441+0000] {logging_mixin.py:137} INFO - [2025-05-13T21:20:59.441+0000] {dag.py:2676} INFO - Sync 1 DAGs
[2025-05-13T21:20:59.479+0000] {logging_mixin.py:137} INFO - [2025-05-13T21:20:59.478+0000] {dag.py:3423} INFO - Setting next_dagrun for example_branch_dop_operator_v3 to 2025-05-13T21:19:00+00:00, run_after=2025-05-13T21:20:00+00:00
[2025-05-13T21:20:59.503+0000] {processor.py:175} INFO - Processing /home/airflow/.local/lib/python3.9/site-packages/airflow/example_dags/example_branch_python_dop_operator_3.py took 0.160 seconds
[2025-05-13T21:21:29.898+0000] {processor.py:153} INFO - Started process (PID=1471) to work on /home/airflow/.local/lib/python3.9/site-packages/airflow/example_dags/example_branch_python_dop_operator_3.py
[2025-05-13T21:21:29.899+0000] {processor.py:743} INFO - Processing file /home/airflow/.local/lib/python3.9/site-packages/airflow/example_dags/example_branch_python_dop_operator_3.py for tasks to queue
[2025-05-13T21:21:29.900+0000] {logging_mixin.py:137} INFO - [2025-05-13T21:21:29.900+0000] {dagbag.py:538} INFO - Filling up the DagBag from /home/airflow/.local/lib/python3.9/site-packages/airflow/example_dags/example_branch_python_dop_operator_3.py
[2025-05-13T21:21:29.934+0000] {processor.py:753} INFO - DAG(s) dict_keys(['example_branch_dop_operator_v3']) retrieved from /home/airflow/.local/lib/python3.9/site-packages/airflow/example_dags/example_branch_python_dop_operator_3.py
[2025-05-13T21:21:29.988+0000] {logging_mixin.py:137} INFO - [2025-05-13T21:21:29.988+0000] {dag.py:2676} INFO - Sync 1 DAGs
[2025-05-13T21:21:30.027+0000] {logging_mixin.py:137} INFO - [2025-05-13T21:21:30.027+0000] {dag.py:3423} INFO - Setting next_dagrun for example_branch_dop_operator_v3 to 2025-05-13T21:20:00+00:00, run_after=2025-05-13T21:21:00+00:00
[2025-05-13T21:21:30.052+0000] {processor.py:175} INFO - Processing /home/airflow/.local/lib/python3.9/site-packages/airflow/example_dags/example_branch_python_dop_operator_3.py took 0.157 seconds
[2025-05-13T21:22:00.629+0000] {processor.py:153} INFO - Started process (PID=1675) to work on /home/airflow/.local/lib/python3.9/site-packages/airflow/example_dags/example_branch_python_dop_operator_3.py
[2025-05-13T21:22:00.630+0000] {processor.py:743} INFO - Processing file /home/airflow/.local/lib/python3.9/site-packages/airflow/example_dags/example_branch_python_dop_operator_3.py for tasks to queue
[2025-05-13T21:22:00.631+0000] {logging_mixin.py:137} INFO - [2025-05-13T21:22:00.631+0000] {dagbag.py:538} INFO - Filling up the DagBag from /home/airflow/.local/lib/python3.9/site-packages/airflow/example_dags/example_branch_python_dop_operator_3.py
[2025-05-13T21:22:00.671+0000] {processor.py:753} INFO - DAG(s) dict_keys(['example_branch_dop_operator_v3']) retrieved from /home/airflow/.local/lib/python3.9/site-packages/airflow/example_dags/example_branch_python_dop_operator_3.py
[2025-05-13T21:22:00.727+0000] {logging_mixin.py:137} INFO - [2025-05-13T21:22:00.727+0000] {dag.py:2676} INFO - Sync 1 DAGs
[2025-05-13T21:22:00.773+0000] {logging_mixin.py:137} INFO - [2025-05-13T21:22:00.773+0000] {dag.py:3423} INFO - Setting next_dagrun for example_branch_dop_operator_v3 to 2025-05-13T21:21:00+00:00, run_after=2025-05-13T21:22:00+00:00
[2025-05-13T21:22:00.808+0000] {processor.py:175} INFO - Processing /home/airflow/.local/lib/python3.9/site-packages/airflow/example_dags/example_branch_python_dop_operator_3.py took 0.185 seconds
[2025-05-13T21:22:31.149+0000] {processor.py:153} INFO - Started process (PID=1877) to work on /home/airflow/.local/lib/python3.9/site-packages/airflow/example_dags/example_branch_python_dop_operator_3.py
[2025-05-13T21:22:31.153+0000] {processor.py:743} INFO - Processing file /home/airflow/.local/lib/python3.9/site-packages/airflow/example_dags/example_branch_python_dop_operator_3.py for tasks to queue
[2025-05-13T21:22:31.153+0000] {logging_mixin.py:137} INFO - [2025-05-13T21:22:31.153+0000] {dagbag.py:538} INFO - Filling up the DagBag from /home/airflow/.local/lib/python3.9/site-packages/airflow/example_dags/example_branch_python_dop_operator_3.py
[2025-05-13T21:22:31.188+0000] {processor.py:753} INFO - DAG(s) dict_keys(['example_branch_dop_operator_v3']) retrieved from /home/airflow/.local/lib/python3.9/site-packages/airflow/example_dags/example_branch_python_dop_operator_3.py
[2025-05-13T21:22:31.239+0000] {logging_mixin.py:137} INFO - [2025-05-13T21:22:31.239+0000] {dag.py:2676} INFO - Sync 1 DAGs
[2025-05-13T21:22:31.276+0000] {logging_mixin.py:137} INFO - [2025-05-13T21:22:31.276+0000] {dag.py:3423} INFO - Setting next_dagrun for example_branch_dop_operator_v3 to 2025-05-13T21:21:00+00:00, run_after=2025-05-13T21:22:00+00:00
[2025-05-13T21:22:31.302+0000] {processor.py:175} INFO - Processing /home/airflow/.local/lib/python3.9/site-packages/airflow/example_dags/example_branch_python_dop_operator_3.py took 0.157 seconds
[2025-05-13T21:23:01.632+0000] {processor.py:153} INFO - Started process (PID=2081) to work on /home/airflow/.local/lib/python3.9/site-packages/airflow/example_dags/example_branch_python_dop_operator_3.py
[2025-05-13T21:23:01.633+0000] {processor.py:743} INFO - Processing file /home/airflow/.local/lib/python3.9/site-packages/airflow/example_dags/example_branch_python_dop_operator_3.py for tasks to queue
[2025-05-13T21:23:01.637+0000] {logging_mixin.py:137} INFO - [2025-05-13T21:23:01.637+0000] {dagbag.py:538} INFO - Filling up the DagBag from /home/airflow/.local/lib/python3.9/site-packages/airflow/example_dags/example_branch_python_dop_operator_3.py
[2025-05-13T21:23:01.679+0000] {processor.py:753} INFO - DAG(s) dict_keys(['example_branch_dop_operator_v3']) retrieved from /home/airflow/.local/lib/python3.9/site-packages/airflow/example_dags/example_branch_python_dop_operator_3.py
[2025-05-13T21:23:01.750+0000] {logging_mixin.py:137} INFO - [2025-05-13T21:23:01.750+0000] {dag.py:2676} INFO - Sync 1 DAGs
[2025-05-13T21:23:01.802+0000] {logging_mixin.py:137} INFO - [2025-05-13T21:23:01.802+0000] {dag.py:3423} INFO - Setting next_dagrun for example_branch_dop_operator_v3 to 2025-05-13T21:22:00+00:00, run_after=2025-05-13T21:23:00+00:00
[2025-05-13T21:23:01.837+0000] {processor.py:175} INFO - Processing /home/airflow/.local/lib/python3.9/site-packages/airflow/example_dags/example_branch_python_dop_operator_3.py took 0.209 seconds
[2025-05-13T21:23:32.342+0000] {processor.py:153} INFO - Started process (PID=2284) to work on /home/airflow/.local/lib/python3.9/site-packages/airflow/example_dags/example_branch_python_dop_operator_3.py
[2025-05-13T21:23:32.343+0000] {processor.py:743} INFO - Processing file /home/airflow/.local/lib/python3.9/site-packages/airflow/example_dags/example_branch_python_dop_operator_3.py for tasks to queue
[2025-05-13T21:23:32.344+0000] {logging_mixin.py:137} INFO - [2025-05-13T21:23:32.344+0000] {dagbag.py:538} INFO - Filling up the DagBag from /home/airflow/.local/lib/python3.9/site-packages/airflow/example_dags/example_branch_python_dop_operator_3.py
[2025-05-13T21:23:32.376+0000] {processor.py:753} INFO - DAG(s) dict_keys(['example_branch_dop_operator_v3']) retrieved from /home/airflow/.local/lib/python3.9/site-packages/airflow/example_dags/example_branch_python_dop_operator_3.py
[2025-05-13T21:23:32.421+0000] {logging_mixin.py:137} INFO - [2025-05-13T21:23:32.421+0000] {dag.py:2676} INFO - Sync 1 DAGs
[2025-05-13T21:23:32.456+0000] {logging_mixin.py:137} INFO - [2025-05-13T21:23:32.456+0000] {dag.py:3423} INFO - Setting next_dagrun for example_branch_dop_operator_v3 to 2025-05-13T21:22:00+00:00, run_after=2025-05-13T21:23:00+00:00
[2025-05-13T21:23:32.477+0000] {processor.py:175} INFO - Processing /home/airflow/.local/lib/python3.9/site-packages/airflow/example_dags/example_branch_python_dop_operator_3.py took 0.139 seconds
[2025-05-13T21:24:02.942+0000] {processor.py:153} INFO - Started process (PID=2487) to work on /home/airflow/.local/lib/python3.9/site-packages/airflow/example_dags/example_branch_python_dop_operator_3.py
[2025-05-13T21:24:02.944+0000] {processor.py:743} INFO - Processing file /home/airflow/.local/lib/python3.9/site-packages/airflow/example_dags/example_branch_python_dop_operator_3.py for tasks to queue
[2025-05-13T21:24:02.945+0000] {logging_mixin.py:137} INFO - [2025-05-13T21:24:02.945+0000] {dagbag.py:538} INFO - Filling up the DagBag from /home/airflow/.local/lib/python3.9/site-packages/airflow/example_dags/example_branch_python_dop_operator_3.py
[2025-05-13T21:24:02.980+0000] {processor.py:753} INFO - DAG(s) dict_keys(['example_branch_dop_operator_v3']) retrieved from /home/airflow/.local/lib/python3.9/site-packages/airflow/example_dags/example_branch_python_dop_operator_3.py
[2025-05-13T21:24:03.029+0000] {logging_mixin.py:137} INFO - [2025-05-13T21:24:03.029+0000] {dag.py:2676} INFO - Sync 1 DAGs
[2025-05-13T21:24:03.062+0000] {logging_mixin.py:137} INFO - [2025-05-13T21:24:03.062+0000] {dag.py:3423} INFO - Setting next_dagrun for example_branch_dop_operator_v3 to 2025-05-13T21:23:00+00:00, run_after=2025-05-13T21:24:00+00:00
[2025-05-13T21:24:03.083+0000] {processor.py:175} INFO - Processing /home/airflow/.local/lib/python3.9/site-packages/airflow/example_dags/example_branch_python_dop_operator_3.py took 0.145 seconds
[2025-05-13T21:24:33.150+0000] {processor.py:153} INFO - Started process (PID=2683) to work on /home/airflow/.local/lib/python3.9/site-packages/airflow/example_dags/example_branch_python_dop_operator_3.py
[2025-05-13T21:24:33.151+0000] {processor.py:743} INFO - Processing file /home/airflow/.local/lib/python3.9/site-packages/airflow/example_dags/example_branch_python_dop_operator_3.py for tasks to queue
[2025-05-13T21:24:33.153+0000] {logging_mixin.py:137} INFO - [2025-05-13T21:24:33.152+0000] {dagbag.py:538} INFO - Filling up the DagBag from /home/airflow/.local/lib/python3.9/site-packages/airflow/example_dags/example_branch_python_dop_operator_3.py
[2025-05-13T21:24:33.186+0000] {processor.py:753} INFO - DAG(s) dict_keys(['example_branch_dop_operator_v3']) retrieved from /home/airflow/.local/lib/python3.9/site-packages/airflow/example_dags/example_branch_python_dop_operator_3.py
[2025-05-13T21:24:33.235+0000] {logging_mixin.py:137} INFO - [2025-05-13T21:24:33.235+0000] {dag.py:2676} INFO - Sync 1 DAGs
[2025-05-13T21:24:33.272+0000] {logging_mixin.py:137} INFO - [2025-05-13T21:24:33.272+0000] {dag.py:3423} INFO - Setting next_dagrun for example_branch_dop_operator_v3 to 2025-05-13T21:23:00+00:00, run_after=2025-05-13T21:24:00+00:00
[2025-05-13T21:24:33.296+0000] {processor.py:175} INFO - Processing /home/airflow/.local/lib/python3.9/site-packages/airflow/example_dags/example_branch_python_dop_operator_3.py took 0.150 seconds
[2025-05-13T21:25:03.845+0000] {processor.py:153} INFO - Started process (PID=2889) to work on /home/airflow/.local/lib/python3.9/site-packages/airflow/example_dags/example_branch_python_dop_operator_3.py
[2025-05-13T21:25:03.846+0000] {processor.py:743} INFO - Processing file /home/airflow/.local/lib/python3.9/site-packages/airflow/example_dags/example_branch_python_dop_operator_3.py for tasks to queue
[2025-05-13T21:25:03.847+0000] {logging_mixin.py:137} INFO - [2025-05-13T21:25:03.847+0000] {dagbag.py:538} INFO - Filling up the DagBag from /home/airflow/.local/lib/python3.9/site-packages/airflow/example_dags/example_branch_python_dop_operator_3.py
[2025-05-13T21:25:03.877+0000] {processor.py:753} INFO - DAG(s) dict_keys(['example_branch_dop_operator_v3']) retrieved from /home/airflow/.local/lib/python3.9/site-packages/airflow/example_dags/example_branch_python_dop_operator_3.py
[2025-05-13T21:25:03.920+0000] {logging_mixin.py:137} INFO - [2025-05-13T21:25:03.920+0000] {dag.py:2676} INFO - Sync 1 DAGs
[2025-05-13T21:25:03.948+0000] {logging_mixin.py:137} INFO - [2025-05-13T21:25:03.948+0000] {dag.py:3423} INFO - Setting next_dagrun for example_branch_dop_operator_v3 to 2025-05-13T21:24:00+00:00, run_after=2025-05-13T21:25:00+00:00
[2025-05-13T21:25:03.967+0000] {processor.py:175} INFO - Processing /home/airflow/.local/lib/python3.9/site-packages/airflow/example_dags/example_branch_python_dop_operator_3.py took 0.126 seconds
[2025-05-13T21:25:34.734+0000] {processor.py:153} INFO - Started process (PID=3092) to work on /home/airflow/.local/lib/python3.9/site-packages/airflow/example_dags/example_branch_python_dop_operator_3.py
[2025-05-13T21:25:34.736+0000] {processor.py:743} INFO - Processing file /home/airflow/.local/lib/python3.9/site-packages/airflow/example_dags/example_branch_python_dop_operator_3.py for tasks to queue
[2025-05-13T21:25:34.738+0000] {logging_mixin.py:137} INFO - [2025-05-13T21:25:34.738+0000] {dagbag.py:538} INFO - Filling up the DagBag from /home/airflow/.local/lib/python3.9/site-packages/airflow/example_dags/example_branch_python_dop_operator_3.py
[2025-05-13T21:25:34.778+0000] {processor.py:753} INFO - DAG(s) dict_keys(['example_branch_dop_operator_v3']) retrieved from /home/airflow/.local/lib/python3.9/site-packages/airflow/example_dags/example_branch_python_dop_operator_3.py
[2025-05-13T21:25:34.829+0000] {logging_mixin.py:137} INFO - [2025-05-13T21:25:34.829+0000] {dag.py:2676} INFO - Sync 1 DAGs
[2025-05-13T21:25:34.866+0000] {logging_mixin.py:137} INFO - [2025-05-13T21:25:34.866+0000] {dag.py:3423} INFO - Setting next_dagrun for example_branch_dop_operator_v3 to 2025-05-13T21:24:00+00:00, run_after=2025-05-13T21:25:00+00:00
[2025-05-13T21:25:34.888+0000] {processor.py:175} INFO - Processing /home/airflow/.local/lib/python3.9/site-packages/airflow/example_dags/example_branch_python_dop_operator_3.py took 0.158 seconds
[2025-05-13T21:26:04.973+0000] {processor.py:153} INFO - Started process (PID=3305) to work on /home/airflow/.local/lib/python3.9/site-packages/airflow/example_dags/example_branch_python_dop_operator_3.py
[2025-05-13T21:26:04.974+0000] {processor.py:743} INFO - Processing file /home/airflow/.local/lib/python3.9/site-packages/airflow/example_dags/example_branch_python_dop_operator_3.py for tasks to queue
[2025-05-13T21:26:04.975+0000] {logging_mixin.py:137} INFO - [2025-05-13T21:26:04.975+0000] {dagbag.py:538} INFO - Filling up the DagBag from /home/airflow/.local/lib/python3.9/site-packages/airflow/example_dags/example_branch_python_dop_operator_3.py
[2025-05-13T21:26:05.015+0000] {processor.py:753} INFO - DAG(s) dict_keys(['example_branch_dop_operator_v3']) retrieved from /home/airflow/.local/lib/python3.9/site-packages/airflow/example_dags/example_branch_python_dop_operator_3.py
[2025-05-13T21:26:05.071+0000] {logging_mixin.py:137} INFO - [2025-05-13T21:26:05.071+0000] {dag.py:2676} INFO - Sync 1 DAGs
[2025-05-13T21:26:05.111+0000] {logging_mixin.py:137} INFO - [2025-05-13T21:26:05.111+0000] {dag.py:3423} INFO - Setting next_dagrun for example_branch_dop_operator_v3 to 2025-05-13T21:25:00+00:00, run_after=2025-05-13T21:26:00+00:00
[2025-05-13T21:26:05.138+0000] {processor.py:175} INFO - Processing /home/airflow/.local/lib/python3.9/site-packages/airflow/example_dags/example_branch_python_dop_operator_3.py took 0.171 seconds
[2025-05-13T21:26:35.930+0000] {processor.py:153} INFO - Started process (PID=3510) to work on /home/airflow/.local/lib/python3.9/site-packages/airflow/example_dags/example_branch_python_dop_operator_3.py
[2025-05-13T21:26:35.931+0000] {processor.py:743} INFO - Processing file /home/airflow/.local/lib/python3.9/site-packages/airflow/example_dags/example_branch_python_dop_operator_3.py for tasks to queue
[2025-05-13T21:26:35.932+0000] {logging_mixin.py:137} INFO - [2025-05-13T21:26:35.932+0000] {dagbag.py:538} INFO - Filling up the DagBag from /home/airflow/.local/lib/python3.9/site-packages/airflow/example_dags/example_branch_python_dop_operator_3.py
[2025-05-13T21:26:35.966+0000] {processor.py:753} INFO - DAG(s) dict_keys(['example_branch_dop_operator_v3']) retrieved from /home/airflow/.local/lib/python3.9/site-packages/airflow/example_dags/example_branch_python_dop_operator_3.py
[2025-05-13T21:26:36.020+0000] {logging_mixin.py:137} INFO - [2025-05-13T21:26:36.020+0000] {dag.py:2676} INFO - Sync 1 DAGs
[2025-05-13T21:26:36.058+0000] {logging_mixin.py:137} INFO - [2025-05-13T21:26:36.058+0000] {dag.py:3423} INFO - Setting next_dagrun for example_branch_dop_operator_v3 to 2025-05-13T21:25:00+00:00, run_after=2025-05-13T21:26:00+00:00
[2025-05-13T21:26:36.083+0000] {processor.py:175} INFO - Processing /home/airflow/.local/lib/python3.9/site-packages/airflow/example_dags/example_branch_python_dop_operator_3.py took 0.159 seconds
[2025-05-13T21:27:06.434+0000] {processor.py:153} INFO - Started process (PID=3713) to work on /home/airflow/.local/lib/python3.9/site-packages/airflow/example_dags/example_branch_python_dop_operator_3.py
[2025-05-13T21:27:06.435+0000] {processor.py:743} INFO - Processing file /home/airflow/.local/lib/python3.9/site-packages/airflow/example_dags/example_branch_python_dop_operator_3.py for tasks to queue
[2025-05-13T21:27:06.436+0000] {logging_mixin.py:137} INFO - [2025-05-13T21:27:06.436+0000] {dagbag.py:538} INFO - Filling up the DagBag from /home/airflow/.local/lib/python3.9/site-packages/airflow/example_dags/example_branch_python_dop_operator_3.py
[2025-05-13T21:27:06.468+0000] {processor.py:753} INFO - DAG(s) dict_keys(['example_branch_dop_operator_v3']) retrieved from /home/airflow/.local/lib/python3.9/site-packages/airflow/example_dags/example_branch_python_dop_operator_3.py
[2025-05-13T21:27:06.512+0000] {logging_mixin.py:137} INFO - [2025-05-13T21:27:06.512+0000] {dag.py:2676} INFO - Sync 1 DAGs
[2025-05-13T21:27:06.544+0000] {logging_mixin.py:137} INFO - [2025-05-13T21:27:06.544+0000] {dag.py:3423} INFO - Setting next_dagrun for example_branch_dop_operator_v3 to 2025-05-13T21:26:00+00:00, run_after=2025-05-13T21:27:00+00:00
[2025-05-13T21:27:06.563+0000] {processor.py:175} INFO - Processing /home/airflow/.local/lib/python3.9/site-packages/airflow/example_dags/example_branch_python_dop_operator_3.py took 0.134 seconds
[2025-05-13T21:27:37.001+0000] {processor.py:153} INFO - Started process (PID=3914) to work on /home/airflow/.local/lib/python3.9/site-packages/airflow/example_dags/example_branch_python_dop_operator_3.py
[2025-05-13T21:27:37.002+0000] {processor.py:743} INFO - Processing file /home/airflow/.local/lib/python3.9/site-packages/airflow/example_dags/example_branch_python_dop_operator_3.py for tasks to queue
[2025-05-13T21:27:37.003+0000] {logging_mixin.py:137} INFO - [2025-05-13T21:27:37.003+0000] {dagbag.py:538} INFO - Filling up the DagBag from /home/airflow/.local/lib/python3.9/site-packages/airflow/example_dags/example_branch_python_dop_operator_3.py
[2025-05-13T21:27:37.038+0000] {processor.py:753} INFO - DAG(s) dict_keys(['example_branch_dop_operator_v3']) retrieved from /home/airflow/.local/lib/python3.9/site-packages/airflow/example_dags/example_branch_python_dop_operator_3.py
[2025-05-13T21:27:37.091+0000] {logging_mixin.py:137} INFO - [2025-05-13T21:27:37.091+0000] {dag.py:2676} INFO - Sync 1 DAGs
[2025-05-13T21:27:37.136+0000] {logging_mixin.py:137} INFO - [2025-05-13T21:27:37.136+0000] {dag.py:3423} INFO - Setting next_dagrun for example_branch_dop_operator_v3 to 2025-05-13T21:26:00+00:00, run_after=2025-05-13T21:27:00+00:00
[2025-05-13T21:27:37.169+0000] {processor.py:175} INFO - Processing /home/airflow/.local/lib/python3.9/site-packages/airflow/example_dags/example_branch_python_dop_operator_3.py took 0.173 seconds
[2025-05-13T21:28:07.977+0000] {processor.py:153} INFO - Started process (PID=4119) to work on /home/airflow/.local/lib/python3.9/site-packages/airflow/example_dags/example_branch_python_dop_operator_3.py
[2025-05-13T21:28:07.978+0000] {processor.py:743} INFO - Processing file /home/airflow/.local/lib/python3.9/site-packages/airflow/example_dags/example_branch_python_dop_operator_3.py for tasks to queue
[2025-05-13T21:28:07.979+0000] {logging_mixin.py:137} INFO - [2025-05-13T21:28:07.978+0000] {dagbag.py:538} INFO - Filling up the DagBag from /home/airflow/.local/lib/python3.9/site-packages/airflow/example_dags/example_branch_python_dop_operator_3.py
[2025-05-13T21:28:08.014+0000] {processor.py:753} INFO - DAG(s) dict_keys(['example_branch_dop_operator_v3']) retrieved from /home/airflow/.local/lib/python3.9/site-packages/airflow/example_dags/example_branch_python_dop_operator_3.py
[2025-05-13T21:28:08.051+0000] {logging_mixin.py:137} INFO - [2025-05-13T21:28:08.051+0000] {dag.py:2676} INFO - Sync 1 DAGs
[2025-05-13T21:28:08.093+0000] {logging_mixin.py:137} INFO - [2025-05-13T21:28:08.093+0000] {dag.py:3423} INFO - Setting next_dagrun for example_branch_dop_operator_v3 to 2025-05-13T21:27:00+00:00, run_after=2025-05-13T21:28:00+00:00
[2025-05-13T21:28:08.118+0000] {processor.py:175} INFO - Processing /home/airflow/.local/lib/python3.9/site-packages/airflow/example_dags/example_branch_python_dop_operator_3.py took 0.146 seconds
[2025-05-13T21:28:38.560+0000] {processor.py:153} INFO - Started process (PID=4322) to work on /home/airflow/.local/lib/python3.9/site-packages/airflow/example_dags/example_branch_python_dop_operator_3.py
[2025-05-13T21:28:38.561+0000] {processor.py:743} INFO - Processing file /home/airflow/.local/lib/python3.9/site-packages/airflow/example_dags/example_branch_python_dop_operator_3.py for tasks to queue
[2025-05-13T21:28:38.562+0000] {logging_mixin.py:137} INFO - [2025-05-13T21:28:38.562+0000] {dagbag.py:538} INFO - Filling up the DagBag from /home/airflow/.local/lib/python3.9/site-packages/airflow/example_dags/example_branch_python_dop_operator_3.py
[2025-05-13T21:28:38.595+0000] {processor.py:753} INFO - DAG(s) dict_keys(['example_branch_dop_operator_v3']) retrieved from /home/airflow/.local/lib/python3.9/site-packages/airflow/example_dags/example_branch_python_dop_operator_3.py
[2025-05-13T21:28:38.644+0000] {logging_mixin.py:137} INFO - [2025-05-13T21:28:38.644+0000] {dag.py:2676} INFO - Sync 1 DAGs
[2025-05-13T21:28:38.675+0000] {logging_mixin.py:137} INFO - [2025-05-13T21:28:38.675+0000] {dag.py:3423} INFO - Setting next_dagrun for example_branch_dop_operator_v3 to 2025-05-13T21:27:00+00:00, run_after=2025-05-13T21:28:00+00:00
[2025-05-13T21:28:38.695+0000] {processor.py:175} INFO - Processing /home/airflow/.local/lib/python3.9/site-packages/airflow/example_dags/example_branch_python_dop_operator_3.py took 0.140 seconds
[2025-05-13T21:29:09.206+0000] {processor.py:153} INFO - Started process (PID=4523) to work on /home/airflow/.local/lib/python3.9/site-packages/airflow/example_dags/example_branch_python_dop_operator_3.py
[2025-05-13T21:29:09.208+0000] {processor.py:743} INFO - Processing file /home/airflow/.local/lib/python3.9/site-packages/airflow/example_dags/example_branch_python_dop_operator_3.py for tasks to queue
[2025-05-13T21:29:09.209+0000] {logging_mixin.py:137} INFO - [2025-05-13T21:29:09.208+0000] {dagbag.py:538} INFO - Filling up the DagBag from /home/airflow/.local/lib/python3.9/site-packages/airflow/example_dags/example_branch_python_dop_operator_3.py
[2025-05-13T21:29:09.239+0000] {processor.py:753} INFO - DAG(s) dict_keys(['example_branch_dop_operator_v3']) retrieved from /home/airflow/.local/lib/python3.9/site-packages/airflow/example_dags/example_branch_python_dop_operator_3.py
[2025-05-13T21:29:09.278+0000] {logging_mixin.py:137} INFO - [2025-05-13T21:29:09.278+0000] {dag.py:2676} INFO - Sync 1 DAGs
[2025-05-13T21:29:09.309+0000] {logging_mixin.py:137} INFO - [2025-05-13T21:29:09.309+0000] {dag.py:3423} INFO - Setting next_dagrun for example_branch_dop_operator_v3 to 2025-05-13T21:28:00+00:00, run_after=2025-05-13T21:29:00+00:00
[2025-05-13T21:29:09.327+0000] {processor.py:175} INFO - Processing /home/airflow/.local/lib/python3.9/site-packages/airflow/example_dags/example_branch_python_dop_operator_3.py took 0.125 seconds
[2025-05-13T21:29:39.452+0000] {processor.py:153} INFO - Started process (PID=4722) to work on /home/airflow/.local/lib/python3.9/site-packages/airflow/example_dags/example_branch_python_dop_operator_3.py
[2025-05-13T21:29:39.454+0000] {processor.py:743} INFO - Processing file /home/airflow/.local/lib/python3.9/site-packages/airflow/example_dags/example_branch_python_dop_operator_3.py for tasks to queue
[2025-05-13T21:29:39.455+0000] {logging_mixin.py:137} INFO - [2025-05-13T21:29:39.454+0000] {dagbag.py:538} INFO - Filling up the DagBag from /home/airflow/.local/lib/python3.9/site-packages/airflow/example_dags/example_branch_python_dop_operator_3.py
[2025-05-13T21:29:39.490+0000] {processor.py:753} INFO - DAG(s) dict_keys(['example_branch_dop_operator_v3']) retrieved from /home/airflow/.local/lib/python3.9/site-packages/airflow/example_dags/example_branch_python_dop_operator_3.py
[2025-05-13T21:29:39.541+0000] {logging_mixin.py:137} INFO - [2025-05-13T21:29:39.541+0000] {dag.py:2676} INFO - Sync 1 DAGs
[2025-05-13T21:29:39.581+0000] {logging_mixin.py:137} INFO - [2025-05-13T21:29:39.580+0000] {dag.py:3423} INFO - Setting next_dagrun for example_branch_dop_operator_v3 to 2025-05-13T21:28:00+00:00, run_after=2025-05-13T21:29:00+00:00
[2025-05-13T21:29:39.607+0000] {processor.py:175} INFO - Processing /home/airflow/.local/lib/python3.9/site-packages/airflow/example_dags/example_branch_python_dop_operator_3.py took 0.160 seconds
[2025-05-13T21:30:09.864+0000] {processor.py:153} INFO - Started process (PID=4925) to work on /home/airflow/.local/lib/python3.9/site-packages/airflow/example_dags/example_branch_python_dop_operator_3.py
[2025-05-13T21:30:09.865+0000] {processor.py:743} INFO - Processing file /home/airflow/.local/lib/python3.9/site-packages/airflow/example_dags/example_branch_python_dop_operator_3.py for tasks to queue
[2025-05-13T21:30:09.867+0000] {logging_mixin.py:137} INFO - [2025-05-13T21:30:09.866+0000] {dagbag.py:538} INFO - Filling up the DagBag from /home/airflow/.local/lib/python3.9/site-packages/airflow/example_dags/example_branch_python_dop_operator_3.py
[2025-05-13T21:30:09.901+0000] {processor.py:753} INFO - DAG(s) dict_keys(['example_branch_dop_operator_v3']) retrieved from /home/airflow/.local/lib/python3.9/site-packages/airflow/example_dags/example_branch_python_dop_operator_3.py
[2025-05-13T21:30:09.948+0000] {logging_mixin.py:137} INFO - [2025-05-13T21:30:09.948+0000] {dag.py:2676} INFO - Sync 1 DAGs
[2025-05-13T21:30:09.983+0000] {logging_mixin.py:137} INFO - [2025-05-13T21:30:09.983+0000] {dag.py:3423} INFO - Setting next_dagrun for example_branch_dop_operator_v3 to 2025-05-13T21:29:00+00:00, run_after=2025-05-13T21:30:00+00:00
[2025-05-13T21:30:10.004+0000] {processor.py:175} INFO - Processing /home/airflow/.local/lib/python3.9/site-packages/airflow/example_dags/example_branch_python_dop_operator_3.py took 0.145 seconds
[2025-05-13T21:30:40.313+0000] {processor.py:153} INFO - Started process (PID=5128) to work on /home/airflow/.local/lib/python3.9/site-packages/airflow/example_dags/example_branch_python_dop_operator_3.py
[2025-05-13T21:30:40.315+0000] {processor.py:743} INFO - Processing file /home/airflow/.local/lib/python3.9/site-packages/airflow/example_dags/example_branch_python_dop_operator_3.py for tasks to queue
[2025-05-13T21:30:40.315+0000] {logging_mixin.py:137} INFO - [2025-05-13T21:30:40.315+0000] {dagbag.py:538} INFO - Filling up the DagBag from /home/airflow/.local/lib/python3.9/site-packages/airflow/example_dags/example_branch_python_dop_operator_3.py
[2025-05-13T21:30:40.345+0000] {processor.py:753} INFO - DAG(s) dict_keys(['example_branch_dop_operator_v3']) retrieved from /home/airflow/.local/lib/python3.9/site-packages/airflow/example_dags/example_branch_python_dop_operator_3.py
[2025-05-13T21:30:40.384+0000] {logging_mixin.py:137} INFO - [2025-05-13T21:30:40.384+0000] {dag.py:2676} INFO - Sync 1 DAGs
[2025-05-13T21:30:40.412+0000] {logging_mixin.py:137} INFO - [2025-05-13T21:30:40.412+0000] {dag.py:3423} INFO - Setting next_dagrun for example_branch_dop_operator_v3 to 2025-05-13T21:29:00+00:00, run_after=2025-05-13T21:30:00+00:00
[2025-05-13T21:30:40.429+0000] {processor.py:175} INFO - Processing /home/airflow/.local/lib/python3.9/site-packages/airflow/example_dags/example_branch_python_dop_operator_3.py took 0.119 seconds
[2025-05-13T21:31:11.009+0000] {processor.py:153} INFO - Started process (PID=5334) to work on /home/airflow/.local/lib/python3.9/site-packages/airflow/example_dags/example_branch_python_dop_operator_3.py
[2025-05-13T21:31:11.010+0000] {processor.py:743} INFO - Processing file /home/airflow/.local/lib/python3.9/site-packages/airflow/example_dags/example_branch_python_dop_operator_3.py for tasks to queue
[2025-05-13T21:31:11.011+0000] {logging_mixin.py:137} INFO - [2025-05-13T21:31:11.011+0000] {dagbag.py:538} INFO - Filling up the DagBag from /home/airflow/.local/lib/python3.9/site-packages/airflow/example_dags/example_branch_python_dop_operator_3.py
[2025-05-13T21:31:11.042+0000] {processor.py:753} INFO - DAG(s) dict_keys(['example_branch_dop_operator_v3']) retrieved from /home/airflow/.local/lib/python3.9/site-packages/airflow/example_dags/example_branch_python_dop_operator_3.py
[2025-05-13T21:31:11.087+0000] {logging_mixin.py:137} INFO - [2025-05-13T21:31:11.086+0000] {dag.py:2676} INFO - Sync 1 DAGs
[2025-05-13T21:31:11.119+0000] {logging_mixin.py:137} INFO - [2025-05-13T21:31:11.119+0000] {dag.py:3423} INFO - Setting next_dagrun for example_branch_dop_operator_v3 to 2025-05-13T21:30:00+00:00, run_after=2025-05-13T21:31:00+00:00
[2025-05-13T21:31:11.147+0000] {processor.py:175} INFO - Processing /home/airflow/.local/lib/python3.9/site-packages/airflow/example_dags/example_branch_python_dop_operator_3.py took 0.142 seconds
[2025-05-13T21:31:41.742+0000] {processor.py:153} INFO - Started process (PID=5537) to work on /home/airflow/.local/lib/python3.9/site-packages/airflow/example_dags/example_branch_python_dop_operator_3.py
[2025-05-13T21:31:41.744+0000] {processor.py:743} INFO - Processing file /home/airflow/.local/lib/python3.9/site-packages/airflow/example_dags/example_branch_python_dop_operator_3.py for tasks to queue
[2025-05-13T21:31:41.745+0000] {logging_mixin.py:137} INFO - [2025-05-13T21:31:41.744+0000] {dagbag.py:538} INFO - Filling up the DagBag from /home/airflow/.local/lib/python3.9/site-packages/airflow/example_dags/example_branch_python_dop_operator_3.py
[2025-05-13T21:31:41.778+0000] {processor.py:753} INFO - DAG(s) dict_keys(['example_branch_dop_operator_v3']) retrieved from /home/airflow/.local/lib/python3.9/site-packages/airflow/example_dags/example_branch_python_dop_operator_3.py
[2025-05-13T21:31:41.826+0000] {logging_mixin.py:137} INFO - [2025-05-13T21:31:41.826+0000] {dag.py:2676} INFO - Sync 1 DAGs
[2025-05-13T21:31:41.862+0000] {logging_mixin.py:137} INFO - [2025-05-13T21:31:41.862+0000] {dag.py:3423} INFO - Setting next_dagrun for example_branch_dop_operator_v3 to 2025-05-13T21:30:00+00:00, run_after=2025-05-13T21:31:00+00:00
[2025-05-13T21:31:41.885+0000] {processor.py:175} INFO - Processing /home/airflow/.local/lib/python3.9/site-packages/airflow/example_dags/example_branch_python_dop_operator_3.py took 0.146 seconds
[2025-05-13T21:32:12.542+0000] {processor.py:153} INFO - Started process (PID=5738) to work on /home/airflow/.local/lib/python3.9/site-packages/airflow/example_dags/example_branch_python_dop_operator_3.py
[2025-05-13T21:32:12.543+0000] {processor.py:743} INFO - Processing file /home/airflow/.local/lib/python3.9/site-packages/airflow/example_dags/example_branch_python_dop_operator_3.py for tasks to queue
[2025-05-13T21:32:12.544+0000] {logging_mixin.py:137} INFO - [2025-05-13T21:32:12.544+0000] {dagbag.py:538} INFO - Filling up the DagBag from /home/airflow/.local/lib/python3.9/site-packages/airflow/example_dags/example_branch_python_dop_operator_3.py
[2025-05-13T21:32:12.576+0000] {processor.py:753} INFO - DAG(s) dict_keys(['example_branch_dop_operator_v3']) retrieved from /home/airflow/.local/lib/python3.9/site-packages/airflow/example_dags/example_branch_python_dop_operator_3.py
[2025-05-13T21:32:12.604+0000] {logging_mixin.py:137} INFO - [2025-05-13T21:32:12.604+0000] {dag.py:2676} INFO - Sync 1 DAGs
[2025-05-13T21:32:12.648+0000] {logging_mixin.py:137} INFO - [2025-05-13T21:32:12.647+0000] {dag.py:3423} INFO - Setting next_dagrun for example_branch_dop_operator_v3 to 2025-05-13T21:31:00+00:00, run_after=2025-05-13T21:32:00+00:00
[2025-05-13T21:32:12.672+0000] {processor.py:175} INFO - Processing /home/airflow/.local/lib/python3.9/site-packages/airflow/example_dags/example_branch_python_dop_operator_3.py took 0.134 seconds
[2025-05-13T21:32:42.899+0000] {processor.py:153} INFO - Started process (PID=5943) to work on /home/airflow/.local/lib/python3.9/site-packages/airflow/example_dags/example_branch_python_dop_operator_3.py
[2025-05-13T21:32:42.900+0000] {processor.py:743} INFO - Processing file /home/airflow/.local/lib/python3.9/site-packages/airflow/example_dags/example_branch_python_dop_operator_3.py for tasks to queue
[2025-05-13T21:32:42.902+0000] {logging_mixin.py:137} INFO - [2025-05-13T21:32:42.901+0000] {dagbag.py:538} INFO - Filling up the DagBag from /home/airflow/.local/lib/python3.9/site-packages/airflow/example_dags/example_branch_python_dop_operator_3.py
[2025-05-13T21:32:42.937+0000] {processor.py:753} INFO - DAG(s) dict_keys(['example_branch_dop_operator_v3']) retrieved from /home/airflow/.local/lib/python3.9/site-packages/airflow/example_dags/example_branch_python_dop_operator_3.py
[2025-05-13T21:32:42.982+0000] {logging_mixin.py:137} INFO - [2025-05-13T21:32:42.982+0000] {dag.py:2676} INFO - Sync 1 DAGs
[2025-05-13T21:32:43.014+0000] {logging_mixin.py:137} INFO - [2025-05-13T21:32:43.014+0000] {dag.py:3423} INFO - Setting next_dagrun for example_branch_dop_operator_v3 to 2025-05-13T21:31:00+00:00, run_after=2025-05-13T21:32:00+00:00
[2025-05-13T21:32:43.036+0000] {processor.py:175} INFO - Processing /home/airflow/.local/lib/python3.9/site-packages/airflow/example_dags/example_branch_python_dop_operator_3.py took 0.142 seconds
[2025-05-13T21:33:13.250+0000] {processor.py:153} INFO - Started process (PID=6146) to work on /home/airflow/.local/lib/python3.9/site-packages/airflow/example_dags/example_branch_python_dop_operator_3.py
[2025-05-13T21:33:13.252+0000] {processor.py:743} INFO - Processing file /home/airflow/.local/lib/python3.9/site-packages/airflow/example_dags/example_branch_python_dop_operator_3.py for tasks to queue
[2025-05-13T21:33:13.252+0000] {logging_mixin.py:137} INFO - [2025-05-13T21:33:13.252+0000] {dagbag.py:538} INFO - Filling up the DagBag from /home/airflow/.local/lib/python3.9/site-packages/airflow/example_dags/example_branch_python_dop_operator_3.py
[2025-05-13T21:33:13.282+0000] {processor.py:753} INFO - DAG(s) dict_keys(['example_branch_dop_operator_v3']) retrieved from /home/airflow/.local/lib/python3.9/site-packages/airflow/example_dags/example_branch_python_dop_operator_3.py
[2025-05-13T21:33:13.320+0000] {logging_mixin.py:137} INFO - [2025-05-13T21:33:13.320+0000] {dag.py:2676} INFO - Sync 1 DAGs
[2025-05-13T21:33:13.347+0000] {logging_mixin.py:137} INFO - [2025-05-13T21:33:13.347+0000] {dag.py:3423} INFO - Setting next_dagrun for example_branch_dop_operator_v3 to 2025-05-13T21:32:00+00:00, run_after=2025-05-13T21:33:00+00:00
[2025-05-13T21:33:13.367+0000] {processor.py:175} INFO - Processing /home/airflow/.local/lib/python3.9/site-packages/airflow/example_dags/example_branch_python_dop_operator_3.py took 0.121 seconds
[2025-05-13T21:33:43.793+0000] {processor.py:153} INFO - Started process (PID=6347) to work on /home/airflow/.local/lib/python3.9/site-packages/airflow/example_dags/example_branch_python_dop_operator_3.py
[2025-05-13T21:33:43.794+0000] {processor.py:743} INFO - Processing file /home/airflow/.local/lib/python3.9/site-packages/airflow/example_dags/example_branch_python_dop_operator_3.py for tasks to queue
[2025-05-13T21:33:43.796+0000] {logging_mixin.py:137} INFO - [2025-05-13T21:33:43.796+0000] {dagbag.py:538} INFO - Filling up the DagBag from /home/airflow/.local/lib/python3.9/site-packages/airflow/example_dags/example_branch_python_dop_operator_3.py
[2025-05-13T21:33:43.847+0000] {processor.py:753} INFO - DAG(s) dict_keys(['example_branch_dop_operator_v3']) retrieved from /home/airflow/.local/lib/python3.9/site-packages/airflow/example_dags/example_branch_python_dop_operator_3.py
[2025-05-13T21:33:43.904+0000] {logging_mixin.py:137} INFO - [2025-05-13T21:33:43.903+0000] {dag.py:2676} INFO - Sync 1 DAGs
[2025-05-13T21:33:43.951+0000] {logging_mixin.py:137} INFO - [2025-05-13T21:33:43.951+0000] {dag.py:3423} INFO - Setting next_dagrun for example_branch_dop_operator_v3 to 2025-05-13T21:32:00+00:00, run_after=2025-05-13T21:33:00+00:00
[2025-05-13T21:33:43.981+0000] {processor.py:175} INFO - Processing /home/airflow/.local/lib/python3.9/site-packages/airflow/example_dags/example_branch_python_dop_operator_3.py took 0.197 seconds
[2025-05-13T21:34:14.397+0000] {processor.py:153} INFO - Started process (PID=6550) to work on /home/airflow/.local/lib/python3.9/site-packages/airflow/example_dags/example_branch_python_dop_operator_3.py
[2025-05-13T21:34:14.398+0000] {processor.py:743} INFO - Processing file /home/airflow/.local/lib/python3.9/site-packages/airflow/example_dags/example_branch_python_dop_operator_3.py for tasks to queue
[2025-05-13T21:34:14.399+0000] {logging_mixin.py:137} INFO - [2025-05-13T21:34:14.399+0000] {dagbag.py:538} INFO - Filling up the DagBag from /home/airflow/.local/lib/python3.9/site-packages/airflow/example_dags/example_branch_python_dop_operator_3.py
[2025-05-13T21:34:14.436+0000] {processor.py:753} INFO - DAG(s) dict_keys(['example_branch_dop_operator_v3']) retrieved from /home/airflow/.local/lib/python3.9/site-packages/airflow/example_dags/example_branch_python_dop_operator_3.py
[2025-05-13T21:34:14.490+0000] {logging_mixin.py:137} INFO - [2025-05-13T21:34:14.490+0000] {dag.py:2676} INFO - Sync 1 DAGs
[2025-05-13T21:34:14.526+0000] {logging_mixin.py:137} INFO - [2025-05-13T21:34:14.526+0000] {dag.py:3423} INFO - Setting next_dagrun for example_branch_dop_operator_v3 to 2025-05-13T21:33:00+00:00, run_after=2025-05-13T21:34:00+00:00
[2025-05-13T21:34:14.550+0000] {processor.py:175} INFO - Processing /home/airflow/.local/lib/python3.9/site-packages/airflow/example_dags/example_branch_python_dop_operator_3.py took 0.158 seconds
[2025-05-13T21:34:45.190+0000] {processor.py:153} INFO - Started process (PID=6759) to work on /home/airflow/.local/lib/python3.9/site-packages/airflow/example_dags/example_branch_python_dop_operator_3.py
[2025-05-13T21:34:45.191+0000] {processor.py:743} INFO - Processing file /home/airflow/.local/lib/python3.9/site-packages/airflow/example_dags/example_branch_python_dop_operator_3.py for tasks to queue
[2025-05-13T21:34:45.192+0000] {logging_mixin.py:137} INFO - [2025-05-13T21:34:45.192+0000] {dagbag.py:538} INFO - Filling up the DagBag from /home/airflow/.local/lib/python3.9/site-packages/airflow/example_dags/example_branch_python_dop_operator_3.py
[2025-05-13T21:34:45.234+0000] {processor.py:753} INFO - DAG(s) dict_keys(['example_branch_dop_operator_v3']) retrieved from /home/airflow/.local/lib/python3.9/site-packages/airflow/example_dags/example_branch_python_dop_operator_3.py
[2025-05-13T21:34:45.315+0000] {logging_mixin.py:137} INFO - [2025-05-13T21:34:45.315+0000] {dag.py:2676} INFO - Sync 1 DAGs
[2025-05-13T21:34:45.368+0000] {logging_mixin.py:137} INFO - [2025-05-13T21:34:45.368+0000] {dag.py:3423} INFO - Setting next_dagrun for example_branch_dop_operator_v3 to 2025-05-13T21:33:00+00:00, run_after=2025-05-13T21:34:00+00:00
[2025-05-13T21:34:45.413+0000] {processor.py:175} INFO - Processing /home/airflow/.local/lib/python3.9/site-packages/airflow/example_dags/example_branch_python_dop_operator_3.py took 0.228 seconds
[2025-05-13T21:35:16.227+0000] {processor.py:153} INFO - Started process (PID=6965) to work on /home/airflow/.local/lib/python3.9/site-packages/airflow/example_dags/example_branch_python_dop_operator_3.py
[2025-05-13T21:35:16.229+0000] {processor.py:743} INFO - Processing file /home/airflow/.local/lib/python3.9/site-packages/airflow/example_dags/example_branch_python_dop_operator_3.py for tasks to queue
[2025-05-13T21:35:16.230+0000] {logging_mixin.py:137} INFO - [2025-05-13T21:35:16.230+0000] {dagbag.py:538} INFO - Filling up the DagBag from /home/airflow/.local/lib/python3.9/site-packages/airflow/example_dags/example_branch_python_dop_operator_3.py
[2025-05-13T21:35:16.271+0000] {processor.py:753} INFO - DAG(s) dict_keys(['example_branch_dop_operator_v3']) retrieved from /home/airflow/.local/lib/python3.9/site-packages/airflow/example_dags/example_branch_python_dop_operator_3.py
[2025-05-13T21:35:16.365+0000] {logging_mixin.py:137} INFO - [2025-05-13T21:35:16.365+0000] {dag.py:2676} INFO - Sync 1 DAGs
[2025-05-13T21:35:16.405+0000] {logging_mixin.py:137} INFO - [2025-05-13T21:35:16.405+0000] {dag.py:3423} INFO - Setting next_dagrun for example_branch_dop_operator_v3 to 2025-05-13T21:34:00+00:00, run_after=2025-05-13T21:35:00+00:00
[2025-05-13T21:35:16.444+0000] {processor.py:175} INFO - Processing /home/airflow/.local/lib/python3.9/site-packages/airflow/example_dags/example_branch_python_dop_operator_3.py took 0.222 seconds
[2025-05-13T21:35:46.478+0000] {processor.py:153} INFO - Started process (PID=7162) to work on /home/airflow/.local/lib/python3.9/site-packages/airflow/example_dags/example_branch_python_dop_operator_3.py
[2025-05-13T21:35:46.480+0000] {processor.py:743} INFO - Processing file /home/airflow/.local/lib/python3.9/site-packages/airflow/example_dags/example_branch_python_dop_operator_3.py for tasks to queue
[2025-05-13T21:35:46.481+0000] {logging_mixin.py:137} INFO - [2025-05-13T21:35:46.480+0000] {dagbag.py:538} INFO - Filling up the DagBag from /home/airflow/.local/lib/python3.9/site-packages/airflow/example_dags/example_branch_python_dop_operator_3.py
[2025-05-13T21:35:46.575+0000] {processor.py:753} INFO - DAG(s) dict_keys(['example_branch_dop_operator_v3']) retrieved from /home/airflow/.local/lib/python3.9/site-packages/airflow/example_dags/example_branch_python_dop_operator_3.py
[2025-05-13T21:35:46.642+0000] {logging_mixin.py:137} INFO - [2025-05-13T21:35:46.642+0000] {dag.py:2676} INFO - Sync 1 DAGs
[2025-05-13T21:35:46.686+0000] {logging_mixin.py:137} INFO - [2025-05-13T21:35:46.686+0000] {dag.py:3423} INFO - Setting next_dagrun for example_branch_dop_operator_v3 to 2025-05-13T21:34:00+00:00, run_after=2025-05-13T21:35:00+00:00
[2025-05-13T21:35:46.714+0000] {processor.py:175} INFO - Processing /home/airflow/.local/lib/python3.9/site-packages/airflow/example_dags/example_branch_python_dop_operator_3.py took 0.240 seconds
[2025-05-13T21:36:17.021+0000] {processor.py:153} INFO - Started process (PID=7365) to work on /home/airflow/.local/lib/python3.9/site-packages/airflow/example_dags/example_branch_python_dop_operator_3.py
[2025-05-13T21:36:17.023+0000] {processor.py:743} INFO - Processing file /home/airflow/.local/lib/python3.9/site-packages/airflow/example_dags/example_branch_python_dop_operator_3.py for tasks to queue
[2025-05-13T21:36:17.024+0000] {logging_mixin.py:137} INFO - [2025-05-13T21:36:17.024+0000] {dagbag.py:538} INFO - Filling up the DagBag from /home/airflow/.local/lib/python3.9/site-packages/airflow/example_dags/example_branch_python_dop_operator_3.py
[2025-05-13T21:36:17.063+0000] {processor.py:753} INFO - DAG(s) dict_keys(['example_branch_dop_operator_v3']) retrieved from /home/airflow/.local/lib/python3.9/site-packages/airflow/example_dags/example_branch_python_dop_operator_3.py
[2025-05-13T21:36:17.120+0000] {logging_mixin.py:137} INFO - [2025-05-13T21:36:17.120+0000] {dag.py:2676} INFO - Sync 1 DAGs
[2025-05-13T21:36:17.175+0000] {logging_mixin.py:137} INFO - [2025-05-13T21:36:17.175+0000] {dag.py:3423} INFO - Setting next_dagrun for example_branch_dop_operator_v3 to 2025-05-13T21:35:00+00:00, run_after=2025-05-13T21:36:00+00:00
[2025-05-13T21:36:17.216+0000] {processor.py:175} INFO - Processing /home/airflow/.local/lib/python3.9/site-packages/airflow/example_dags/example_branch_python_dop_operator_3.py took 0.199 seconds
[2025-05-13T21:37:50.120+0000] {processor.py:153} INFO - Started process (PID=265) to work on /home/airflow/.local/lib/python3.9/site-packages/airflow/example_dags/example_branch_python_dop_operator_3.py
[2025-05-13T21:37:50.121+0000] {processor.py:743} INFO - Processing file /home/airflow/.local/lib/python3.9/site-packages/airflow/example_dags/example_branch_python_dop_operator_3.py for tasks to queue
[2025-05-13T21:37:50.122+0000] {logging_mixin.py:137} INFO - [2025-05-13T21:37:50.122+0000] {dagbag.py:538} INFO - Filling up the DagBag from /home/airflow/.local/lib/python3.9/site-packages/airflow/example_dags/example_branch_python_dop_operator_3.py
[2025-05-13T21:37:50.157+0000] {processor.py:753} INFO - DAG(s) dict_keys(['example_branch_dop_operator_v3']) retrieved from /home/airflow/.local/lib/python3.9/site-packages/airflow/example_dags/example_branch_python_dop_operator_3.py
[2025-05-13T21:37:50.211+0000] {logging_mixin.py:137} INFO - [2025-05-13T21:37:50.211+0000] {dag.py:2676} INFO - Sync 1 DAGs
[2025-05-13T21:37:50.313+0000] {logging_mixin.py:137} INFO - [2025-05-13T21:37:50.312+0000] {dag.py:3423} INFO - Setting next_dagrun for example_branch_dop_operator_v3 to 2025-05-13T21:36:00+00:00, run_after=2025-05-13T21:37:00+00:00
[2025-05-13T21:37:50.342+0000] {processor.py:175} INFO - Processing /home/airflow/.local/lib/python3.9/site-packages/airflow/example_dags/example_branch_python_dop_operator_3.py took 0.228 seconds
[2025-05-13T21:38:21.340+0000] {processor.py:153} INFO - Started process (PID=467) to work on /home/airflow/.local/lib/python3.9/site-packages/airflow/example_dags/example_branch_python_dop_operator_3.py
[2025-05-13T21:38:21.341+0000] {processor.py:743} INFO - Processing file /home/airflow/.local/lib/python3.9/site-packages/airflow/example_dags/example_branch_python_dop_operator_3.py for tasks to queue
[2025-05-13T21:38:21.342+0000] {logging_mixin.py:137} INFO - [2025-05-13T21:38:21.342+0000] {dagbag.py:538} INFO - Filling up the DagBag from /home/airflow/.local/lib/python3.9/site-packages/airflow/example_dags/example_branch_python_dop_operator_3.py
[2025-05-13T21:38:21.383+0000] {processor.py:753} INFO - DAG(s) dict_keys(['example_branch_dop_operator_v3']) retrieved from /home/airflow/.local/lib/python3.9/site-packages/airflow/example_dags/example_branch_python_dop_operator_3.py
[2025-05-13T21:38:21.460+0000] {logging_mixin.py:137} INFO - [2025-05-13T21:38:21.460+0000] {dag.py:2676} INFO - Sync 1 DAGs
[2025-05-13T21:38:21.514+0000] {logging_mixin.py:137} INFO - [2025-05-13T21:38:21.514+0000] {dag.py:3423} INFO - Setting next_dagrun for example_branch_dop_operator_v3 to 2025-05-13T21:37:00+00:00, run_after=2025-05-13T21:38:00+00:00
[2025-05-13T21:38:21.536+0000] {processor.py:175} INFO - Processing /home/airflow/.local/lib/python3.9/site-packages/airflow/example_dags/example_branch_python_dop_operator_3.py took 0.199 seconds
[2025-05-13T21:38:51.904+0000] {processor.py:153} INFO - Started process (PID=667) to work on /home/airflow/.local/lib/python3.9/site-packages/airflow/example_dags/example_branch_python_dop_operator_3.py
[2025-05-13T21:38:51.906+0000] {processor.py:743} INFO - Processing file /home/airflow/.local/lib/python3.9/site-packages/airflow/example_dags/example_branch_python_dop_operator_3.py for tasks to queue
[2025-05-13T21:38:51.907+0000] {logging_mixin.py:137} INFO - [2025-05-13T21:38:51.907+0000] {dagbag.py:538} INFO - Filling up the DagBag from /home/airflow/.local/lib/python3.9/site-packages/airflow/example_dags/example_branch_python_dop_operator_3.py
[2025-05-13T21:38:51.942+0000] {processor.py:753} INFO - DAG(s) dict_keys(['example_branch_dop_operator_v3']) retrieved from /home/airflow/.local/lib/python3.9/site-packages/airflow/example_dags/example_branch_python_dop_operator_3.py
[2025-05-13T21:38:51.997+0000] {logging_mixin.py:137} INFO - [2025-05-13T21:38:51.996+0000] {dag.py:2676} INFO - Sync 1 DAGs
[2025-05-13T21:38:52.033+0000] {logging_mixin.py:137} INFO - [2025-05-13T21:38:52.033+0000] {dag.py:3423} INFO - Setting next_dagrun for example_branch_dop_operator_v3 to 2025-05-13T21:37:00+00:00, run_after=2025-05-13T21:38:00+00:00
[2025-05-13T21:38:52.056+0000] {processor.py:175} INFO - Processing /home/airflow/.local/lib/python3.9/site-packages/airflow/example_dags/example_branch_python_dop_operator_3.py took 0.164 seconds
[2025-05-13T21:39:22.662+0000] {processor.py:153} INFO - Started process (PID=870) to work on /home/airflow/.local/lib/python3.9/site-packages/airflow/example_dags/example_branch_python_dop_operator_3.py
[2025-05-13T21:39:22.663+0000] {processor.py:743} INFO - Processing file /home/airflow/.local/lib/python3.9/site-packages/airflow/example_dags/example_branch_python_dop_operator_3.py for tasks to queue
[2025-05-13T21:39:22.664+0000] {logging_mixin.py:137} INFO - [2025-05-13T21:39:22.664+0000] {dagbag.py:538} INFO - Filling up the DagBag from /home/airflow/.local/lib/python3.9/site-packages/airflow/example_dags/example_branch_python_dop_operator_3.py
[2025-05-13T21:39:22.702+0000] {processor.py:753} INFO - DAG(s) dict_keys(['example_branch_dop_operator_v3']) retrieved from /home/airflow/.local/lib/python3.9/site-packages/airflow/example_dags/example_branch_python_dop_operator_3.py
[2025-05-13T21:39:22.761+0000] {logging_mixin.py:137} INFO - [2025-05-13T21:39:22.761+0000] {dag.py:2676} INFO - Sync 1 DAGs
[2025-05-13T21:39:22.809+0000] {logging_mixin.py:137} INFO - [2025-05-13T21:39:22.809+0000] {dag.py:3423} INFO - Setting next_dagrun for example_branch_dop_operator_v3 to 2025-05-13T21:38:00+00:00, run_after=2025-05-13T21:39:00+00:00
[2025-05-13T21:39:22.831+0000] {processor.py:175} INFO - Processing /home/airflow/.local/lib/python3.9/site-packages/airflow/example_dags/example_branch_python_dop_operator_3.py took 0.172 seconds
[2025-05-13T21:39:52.932+0000] {processor.py:153} INFO - Started process (PID=1073) to work on /home/airflow/.local/lib/python3.9/site-packages/airflow/example_dags/example_branch_python_dop_operator_3.py
[2025-05-13T21:39:52.934+0000] {processor.py:743} INFO - Processing file /home/airflow/.local/lib/python3.9/site-packages/airflow/example_dags/example_branch_python_dop_operator_3.py for tasks to queue
[2025-05-13T21:39:52.935+0000] {logging_mixin.py:137} INFO - [2025-05-13T21:39:52.935+0000] {dagbag.py:538} INFO - Filling up the DagBag from /home/airflow/.local/lib/python3.9/site-packages/airflow/example_dags/example_branch_python_dop_operator_3.py
[2025-05-13T21:39:53.013+0000] {processor.py:753} INFO - DAG(s) dict_keys(['example_branch_dop_operator_v3']) retrieved from /home/airflow/.local/lib/python3.9/site-packages/airflow/example_dags/example_branch_python_dop_operator_3.py
[2025-05-13T21:39:53.116+0000] {logging_mixin.py:137} INFO - [2025-05-13T21:39:53.115+0000] {dag.py:2676} INFO - Sync 1 DAGs
[2025-05-13T21:39:53.170+0000] {logging_mixin.py:137} INFO - [2025-05-13T21:39:53.170+0000] {dag.py:3423} INFO - Setting next_dagrun for example_branch_dop_operator_v3 to 2025-05-13T21:38:00+00:00, run_after=2025-05-13T21:39:00+00:00
[2025-05-13T21:39:53.210+0000] {processor.py:175} INFO - Processing /home/airflow/.local/lib/python3.9/site-packages/airflow/example_dags/example_branch_python_dop_operator_3.py took 0.283 seconds
[2025-05-13T21:40:23.399+0000] {processor.py:153} INFO - Started process (PID=1280) to work on /home/airflow/.local/lib/python3.9/site-packages/airflow/example_dags/example_branch_python_dop_operator_3.py
[2025-05-13T21:40:23.400+0000] {processor.py:743} INFO - Processing file /home/airflow/.local/lib/python3.9/site-packages/airflow/example_dags/example_branch_python_dop_operator_3.py for tasks to queue
[2025-05-13T21:40:23.402+0000] {logging_mixin.py:137} INFO - [2025-05-13T21:40:23.402+0000] {dagbag.py:538} INFO - Filling up the DagBag from /home/airflow/.local/lib/python3.9/site-packages/airflow/example_dags/example_branch_python_dop_operator_3.py
[2025-05-13T21:40:23.443+0000] {processor.py:753} INFO - DAG(s) dict_keys(['example_branch_dop_operator_v3']) retrieved from /home/airflow/.local/lib/python3.9/site-packages/airflow/example_dags/example_branch_python_dop_operator_3.py
[2025-05-13T21:40:23.507+0000] {logging_mixin.py:137} INFO - [2025-05-13T21:40:23.507+0000] {dag.py:2676} INFO - Sync 1 DAGs
[2025-05-13T21:40:23.548+0000] {logging_mixin.py:137} INFO - [2025-05-13T21:40:23.548+0000] {dag.py:3423} INFO - Setting next_dagrun for example_branch_dop_operator_v3 to 2025-05-13T21:39:00+00:00, run_after=2025-05-13T21:40:00+00:00
[2025-05-13T21:40:23.582+0000] {processor.py:175} INFO - Processing /home/airflow/.local/lib/python3.9/site-packages/airflow/example_dags/example_branch_python_dop_operator_3.py took 0.188 seconds
[2025-05-13T21:40:53.780+0000] {processor.py:153} INFO - Started process (PID=1483) to work on /home/airflow/.local/lib/python3.9/site-packages/airflow/example_dags/example_branch_python_dop_operator_3.py
[2025-05-13T21:40:53.783+0000] {processor.py:743} INFO - Processing file /home/airflow/.local/lib/python3.9/site-packages/airflow/example_dags/example_branch_python_dop_operator_3.py for tasks to queue
[2025-05-13T21:40:53.784+0000] {logging_mixin.py:137} INFO - [2025-05-13T21:40:53.784+0000] {dagbag.py:538} INFO - Filling up the DagBag from /home/airflow/.local/lib/python3.9/site-packages/airflow/example_dags/example_branch_python_dop_operator_3.py
[2025-05-13T21:40:53.825+0000] {processor.py:753} INFO - DAG(s) dict_keys(['example_branch_dop_operator_v3']) retrieved from /home/airflow/.local/lib/python3.9/site-packages/airflow/example_dags/example_branch_python_dop_operator_3.py
[2025-05-13T21:40:53.887+0000] {logging_mixin.py:137} INFO - [2025-05-13T21:40:53.887+0000] {dag.py:2676} INFO - Sync 1 DAGs
[2025-05-13T21:40:53.933+0000] {logging_mixin.py:137} INFO - [2025-05-13T21:40:53.933+0000] {dag.py:3423} INFO - Setting next_dagrun for example_branch_dop_operator_v3 to 2025-05-13T21:39:00+00:00, run_after=2025-05-13T21:40:00+00:00
[2025-05-13T21:40:53.970+0000] {processor.py:175} INFO - Processing /home/airflow/.local/lib/python3.9/site-packages/airflow/example_dags/example_branch_python_dop_operator_3.py took 0.194 seconds
[2025-05-13T21:41:24.051+0000] {processor.py:153} INFO - Started process (PID=1686) to work on /home/airflow/.local/lib/python3.9/site-packages/airflow/example_dags/example_branch_python_dop_operator_3.py
[2025-05-13T21:41:24.052+0000] {processor.py:743} INFO - Processing file /home/airflow/.local/lib/python3.9/site-packages/airflow/example_dags/example_branch_python_dop_operator_3.py for tasks to queue
[2025-05-13T21:41:24.055+0000] {logging_mixin.py:137} INFO - [2025-05-13T21:41:24.055+0000] {dagbag.py:538} INFO - Filling up the DagBag from /home/airflow/.local/lib/python3.9/site-packages/airflow/example_dags/example_branch_python_dop_operator_3.py
[2025-05-13T21:41:24.135+0000] {processor.py:753} INFO - DAG(s) dict_keys(['example_branch_dop_operator_v3']) retrieved from /home/airflow/.local/lib/python3.9/site-packages/airflow/example_dags/example_branch_python_dop_operator_3.py
[2025-05-13T21:41:24.227+0000] {logging_mixin.py:137} INFO - [2025-05-13T21:41:24.226+0000] {dag.py:2676} INFO - Sync 1 DAGs
[2025-05-13T21:41:24.279+0000] {logging_mixin.py:137} INFO - [2025-05-13T21:41:24.279+0000] {dag.py:3423} INFO - Setting next_dagrun for example_branch_dop_operator_v3 to 2025-05-13T21:40:00+00:00, run_after=2025-05-13T21:41:00+00:00
[2025-05-13T21:41:24.314+0000] {processor.py:175} INFO - Processing /home/airflow/.local/lib/python3.9/site-packages/airflow/example_dags/example_branch_python_dop_operator_3.py took 0.270 seconds
[2025-05-13T21:41:55.030+0000] {processor.py:153} INFO - Started process (PID=1951) to work on /home/airflow/.local/lib/python3.9/site-packages/airflow/example_dags/example_branch_python_dop_operator_3.py
[2025-05-13T21:41:55.032+0000] {processor.py:743} INFO - Processing file /home/airflow/.local/lib/python3.9/site-packages/airflow/example_dags/example_branch_python_dop_operator_3.py for tasks to queue
[2025-05-13T21:41:55.035+0000] {logging_mixin.py:137} INFO - [2025-05-13T21:41:55.034+0000] {dagbag.py:538} INFO - Filling up the DagBag from /home/airflow/.local/lib/python3.9/site-packages/airflow/example_dags/example_branch_python_dop_operator_3.py
[2025-05-13T21:41:55.177+0000] {processor.py:753} INFO - DAG(s) dict_keys(['example_branch_dop_operator_v3']) retrieved from /home/airflow/.local/lib/python3.9/site-packages/airflow/example_dags/example_branch_python_dop_operator_3.py
[2025-05-13T21:41:55.290+0000] {logging_mixin.py:137} INFO - [2025-05-13T21:41:55.290+0000] {dag.py:2676} INFO - Sync 1 DAGs
[2025-05-13T21:41:55.436+0000] {logging_mixin.py:137} INFO - [2025-05-13T21:41:55.436+0000] {dag.py:3423} INFO - Setting next_dagrun for example_branch_dop_operator_v3 to 2025-05-13T21:40:00+00:00, run_after=2025-05-13T21:41:00+00:00
[2025-05-13T21:41:55.488+0000] {processor.py:175} INFO - Processing /home/airflow/.local/lib/python3.9/site-packages/airflow/example_dags/example_branch_python_dop_operator_3.py took 0.469 seconds
