[2025-05-13T02:45:38.979+0000] {processor.py:153} INFO - Started process (PID=215) to work on /home/airflow/.local/lib/python3.9/site-packages/airflow/example_dags/example_time_delta_sensor_async.py
[2025-05-13T02:45:38.980+0000] {processor.py:743} INFO - Processing file /home/airflow/.local/lib/python3.9/site-packages/airflow/example_dags/example_time_delta_sensor_async.py for tasks to queue
[2025-05-13T02:45:38.981+0000] {logging_mixin.py:137} INFO - [2025-05-13T02:45:38.981+0000] {dagbag.py:538} INFO - Filling up the DagBag from /home/airflow/.local/lib/python3.9/site-packages/airflow/example_dags/example_time_delta_sensor_async.py
[2025-05-13T02:45:39.000+0000] {processor.py:753} INFO - DAG(s) dict_keys(['example_time_delta_sensor_async']) retrieved from /home/airflow/.local/lib/python3.9/site-packages/airflow/example_dags/example_time_delta_sensor_async.py
[2025-05-13T02:45:39.140+0000] {logging_mixin.py:137} INFO - [2025-05-13T02:45:39.140+0000] {manager.py:504} INFO - Created Permission View: can delete on DAG:example_time_delta_sensor_async
[2025-05-13T02:45:39.147+0000] {logging_mixin.py:137} INFO - [2025-05-13T02:45:39.147+0000] {manager.py:504} INFO - Created Permission View: can edit on DAG:example_time_delta_sensor_async
[2025-05-13T02:45:39.152+0000] {logging_mixin.py:137} INFO - [2025-05-13T02:45:39.152+0000] {manager.py:504} INFO - Created Permission View: can read on DAG:example_time_delta_sensor_async
[2025-05-13T02:45:39.153+0000] {logging_mixin.py:137} INFO - [2025-05-13T02:45:39.153+0000] {dag.py:2676} INFO - Sync 1 DAGs
[2025-05-13T02:45:39.165+0000] {logging_mixin.py:137} INFO - [2025-05-13T02:45:39.164+0000] {dag.py:2697} INFO - Creating ORM DAG for example_time_delta_sensor_async
[2025-05-13T02:45:39.174+0000] {logging_mixin.py:137} INFO - [2025-05-13T02:45:39.174+0000] {dag.py:3423} INFO - Setting next_dagrun for example_time_delta_sensor_async to None, run_after=None
[2025-05-13T02:45:39.190+0000] {processor.py:175} INFO - Processing /home/airflow/.local/lib/python3.9/site-packages/airflow/example_dags/example_time_delta_sensor_async.py took 0.214 seconds
[2025-05-13T02:46:09.247+0000] {processor.py:153} INFO - Started process (PID=414) to work on /home/airflow/.local/lib/python3.9/site-packages/airflow/example_dags/example_time_delta_sensor_async.py
[2025-05-13T02:46:09.248+0000] {processor.py:743} INFO - Processing file /home/airflow/.local/lib/python3.9/site-packages/airflow/example_dags/example_time_delta_sensor_async.py for tasks to queue
[2025-05-13T02:46:09.250+0000] {logging_mixin.py:137} INFO - [2025-05-13T02:46:09.250+0000] {dagbag.py:538} INFO - Filling up the DagBag from /home/airflow/.local/lib/python3.9/site-packages/airflow/example_dags/example_time_delta_sensor_async.py
[2025-05-13T02:46:09.270+0000] {processor.py:753} INFO - DAG(s) dict_keys(['example_time_delta_sensor_async']) retrieved from /home/airflow/.local/lib/python3.9/site-packages/airflow/example_dags/example_time_delta_sensor_async.py
[2025-05-13T02:46:09.328+0000] {logging_mixin.py:137} INFO - [2025-05-13T02:46:09.328+0000] {dag.py:2676} INFO - Sync 1 DAGs
[2025-05-13T02:46:09.362+0000] {logging_mixin.py:137} INFO - [2025-05-13T02:46:09.362+0000] {dag.py:3423} INFO - Setting next_dagrun for example_time_delta_sensor_async to None, run_after=None
[2025-05-13T02:46:09.389+0000] {processor.py:175} INFO - Processing /home/airflow/.local/lib/python3.9/site-packages/airflow/example_dags/example_time_delta_sensor_async.py took 0.147 seconds
[2025-05-13T02:46:39.431+0000] {processor.py:153} INFO - Started process (PID=615) to work on /home/airflow/.local/lib/python3.9/site-packages/airflow/example_dags/example_time_delta_sensor_async.py
[2025-05-13T02:46:39.433+0000] {processor.py:743} INFO - Processing file /home/airflow/.local/lib/python3.9/site-packages/airflow/example_dags/example_time_delta_sensor_async.py for tasks to queue
[2025-05-13T02:46:39.435+0000] {logging_mixin.py:137} INFO - [2025-05-13T02:46:39.434+0000] {dagbag.py:538} INFO - Filling up the DagBag from /home/airflow/.local/lib/python3.9/site-packages/airflow/example_dags/example_time_delta_sensor_async.py
[2025-05-13T02:46:39.455+0000] {processor.py:753} INFO - DAG(s) dict_keys(['example_time_delta_sensor_async']) retrieved from /home/airflow/.local/lib/python3.9/site-packages/airflow/example_dags/example_time_delta_sensor_async.py
[2025-05-13T02:46:39.520+0000] {logging_mixin.py:137} INFO - [2025-05-13T02:46:39.520+0000] {dag.py:2676} INFO - Sync 1 DAGs
[2025-05-13T02:46:39.556+0000] {logging_mixin.py:137} INFO - [2025-05-13T02:46:39.556+0000] {dag.py:3423} INFO - Setting next_dagrun for example_time_delta_sensor_async to None, run_after=None
[2025-05-13T02:46:39.582+0000] {processor.py:175} INFO - Processing /home/airflow/.local/lib/python3.9/site-packages/airflow/example_dags/example_time_delta_sensor_async.py took 0.156 seconds
[2025-05-13T02:47:10.128+0000] {processor.py:153} INFO - Started process (PID=818) to work on /home/airflow/.local/lib/python3.9/site-packages/airflow/example_dags/example_time_delta_sensor_async.py
[2025-05-13T02:47:10.129+0000] {processor.py:743} INFO - Processing file /home/airflow/.local/lib/python3.9/site-packages/airflow/example_dags/example_time_delta_sensor_async.py for tasks to queue
[2025-05-13T02:47:10.130+0000] {logging_mixin.py:137} INFO - [2025-05-13T02:47:10.130+0000] {dagbag.py:538} INFO - Filling up the DagBag from /home/airflow/.local/lib/python3.9/site-packages/airflow/example_dags/example_time_delta_sensor_async.py
[2025-05-13T02:47:10.148+0000] {processor.py:753} INFO - DAG(s) dict_keys(['example_time_delta_sensor_async']) retrieved from /home/airflow/.local/lib/python3.9/site-packages/airflow/example_dags/example_time_delta_sensor_async.py
[2025-05-13T02:47:10.198+0000] {logging_mixin.py:137} INFO - [2025-05-13T02:47:10.197+0000] {dag.py:2676} INFO - Sync 1 DAGs
[2025-05-13T02:47:10.228+0000] {logging_mixin.py:137} INFO - [2025-05-13T02:47:10.228+0000] {dag.py:3423} INFO - Setting next_dagrun for example_time_delta_sensor_async to None, run_after=None
[2025-05-13T02:47:10.250+0000] {processor.py:175} INFO - Processing /home/airflow/.local/lib/python3.9/site-packages/airflow/example_dags/example_time_delta_sensor_async.py took 0.127 seconds
[2025-05-13T02:47:40.777+0000] {processor.py:153} INFO - Started process (PID=1021) to work on /home/airflow/.local/lib/python3.9/site-packages/airflow/example_dags/example_time_delta_sensor_async.py
[2025-05-13T02:47:40.779+0000] {processor.py:743} INFO - Processing file /home/airflow/.local/lib/python3.9/site-packages/airflow/example_dags/example_time_delta_sensor_async.py for tasks to queue
[2025-05-13T02:47:40.780+0000] {logging_mixin.py:137} INFO - [2025-05-13T02:47:40.779+0000] {dagbag.py:538} INFO - Filling up the DagBag from /home/airflow/.local/lib/python3.9/site-packages/airflow/example_dags/example_time_delta_sensor_async.py
[2025-05-13T02:47:40.803+0000] {processor.py:753} INFO - DAG(s) dict_keys(['example_time_delta_sensor_async']) retrieved from /home/airflow/.local/lib/python3.9/site-packages/airflow/example_dags/example_time_delta_sensor_async.py
[2025-05-13T02:47:40.860+0000] {logging_mixin.py:137} INFO - [2025-05-13T02:47:40.859+0000] {dag.py:2676} INFO - Sync 1 DAGs
[2025-05-13T02:47:40.890+0000] {logging_mixin.py:137} INFO - [2025-05-13T02:47:40.890+0000] {dag.py:3423} INFO - Setting next_dagrun for example_time_delta_sensor_async to None, run_after=None
[2025-05-13T02:47:40.912+0000] {processor.py:175} INFO - Processing /home/airflow/.local/lib/python3.9/site-packages/airflow/example_dags/example_time_delta_sensor_async.py took 0.140 seconds
[2025-05-13T02:48:11.332+0000] {processor.py:153} INFO - Started process (PID=1224) to work on /home/airflow/.local/lib/python3.9/site-packages/airflow/example_dags/example_time_delta_sensor_async.py
[2025-05-13T02:48:11.334+0000] {processor.py:743} INFO - Processing file /home/airflow/.local/lib/python3.9/site-packages/airflow/example_dags/example_time_delta_sensor_async.py for tasks to queue
[2025-05-13T02:48:11.335+0000] {logging_mixin.py:137} INFO - [2025-05-13T02:48:11.335+0000] {dagbag.py:538} INFO - Filling up the DagBag from /home/airflow/.local/lib/python3.9/site-packages/airflow/example_dags/example_time_delta_sensor_async.py
[2025-05-13T02:48:11.352+0000] {processor.py:753} INFO - DAG(s) dict_keys(['example_time_delta_sensor_async']) retrieved from /home/airflow/.local/lib/python3.9/site-packages/airflow/example_dags/example_time_delta_sensor_async.py
[2025-05-13T02:48:11.403+0000] {logging_mixin.py:137} INFO - [2025-05-13T02:48:11.403+0000] {dag.py:2676} INFO - Sync 1 DAGs
[2025-05-13T02:48:11.431+0000] {logging_mixin.py:137} INFO - [2025-05-13T02:48:11.431+0000] {dag.py:3423} INFO - Setting next_dagrun for example_time_delta_sensor_async to None, run_after=None
[2025-05-13T02:48:11.453+0000] {processor.py:175} INFO - Processing /home/airflow/.local/lib/python3.9/site-packages/airflow/example_dags/example_time_delta_sensor_async.py took 0.125 seconds
[2025-05-13T02:49:27.301+0000] {processor.py:153} INFO - Started process (PID=237) to work on /home/airflow/.local/lib/python3.9/site-packages/airflow/example_dags/example_time_delta_sensor_async.py
[2025-05-13T02:49:27.311+0000] {processor.py:743} INFO - Processing file /home/airflow/.local/lib/python3.9/site-packages/airflow/example_dags/example_time_delta_sensor_async.py for tasks to queue
[2025-05-13T02:49:27.315+0000] {logging_mixin.py:137} INFO - [2025-05-13T02:49:27.315+0000] {dagbag.py:538} INFO - Filling up the DagBag from /home/airflow/.local/lib/python3.9/site-packages/airflow/example_dags/example_time_delta_sensor_async.py
[2025-05-13T02:49:27.602+0000] {processor.py:753} INFO - DAG(s) dict_keys(['example_time_delta_sensor_async']) retrieved from /home/airflow/.local/lib/python3.9/site-packages/airflow/example_dags/example_time_delta_sensor_async.py
[2025-05-13T02:49:27.935+0000] {logging_mixin.py:137} INFO - [2025-05-13T02:49:27.934+0000] {dag.py:2676} INFO - Sync 1 DAGs
[2025-05-13T02:49:28.063+0000] {logging_mixin.py:137} INFO - [2025-05-13T02:49:28.062+0000] {dag.py:3423} INFO - Setting next_dagrun for example_time_delta_sensor_async to None, run_after=None
[2025-05-13T02:49:28.120+0000] {processor.py:175} INFO - Processing /home/airflow/.local/lib/python3.9/site-packages/airflow/example_dags/example_time_delta_sensor_async.py took 0.829 seconds
[2025-05-13T02:49:58.447+0000] {processor.py:153} INFO - Started process (PID=436) to work on /home/airflow/.local/lib/python3.9/site-packages/airflow/example_dags/example_time_delta_sensor_async.py
[2025-05-13T02:49:58.449+0000] {processor.py:743} INFO - Processing file /home/airflow/.local/lib/python3.9/site-packages/airflow/example_dags/example_time_delta_sensor_async.py for tasks to queue
[2025-05-13T02:49:58.454+0000] {logging_mixin.py:137} INFO - [2025-05-13T02:49:58.453+0000] {dagbag.py:538} INFO - Filling up the DagBag from /home/airflow/.local/lib/python3.9/site-packages/airflow/example_dags/example_time_delta_sensor_async.py
[2025-05-13T02:49:58.483+0000] {processor.py:753} INFO - DAG(s) dict_keys(['example_time_delta_sensor_async']) retrieved from /home/airflow/.local/lib/python3.9/site-packages/airflow/example_dags/example_time_delta_sensor_async.py
[2025-05-13T02:49:58.595+0000] {logging_mixin.py:137} INFO - [2025-05-13T02:49:58.594+0000] {dag.py:2676} INFO - Sync 1 DAGs
[2025-05-13T02:49:58.651+0000] {logging_mixin.py:137} INFO - [2025-05-13T02:49:58.650+0000] {dag.py:3423} INFO - Setting next_dagrun for example_time_delta_sensor_async to None, run_after=None
[2025-05-13T02:49:58.680+0000] {processor.py:175} INFO - Processing /home/airflow/.local/lib/python3.9/site-packages/airflow/example_dags/example_time_delta_sensor_async.py took 0.243 seconds
[2025-05-13T02:50:28.835+0000] {processor.py:153} INFO - Started process (PID=639) to work on /home/airflow/.local/lib/python3.9/site-packages/airflow/example_dags/example_time_delta_sensor_async.py
[2025-05-13T02:50:28.836+0000] {processor.py:743} INFO - Processing file /home/airflow/.local/lib/python3.9/site-packages/airflow/example_dags/example_time_delta_sensor_async.py for tasks to queue
[2025-05-13T02:50:28.837+0000] {logging_mixin.py:137} INFO - [2025-05-13T02:50:28.837+0000] {dagbag.py:538} INFO - Filling up the DagBag from /home/airflow/.local/lib/python3.9/site-packages/airflow/example_dags/example_time_delta_sensor_async.py
[2025-05-13T02:50:28.855+0000] {processor.py:753} INFO - DAG(s) dict_keys(['example_time_delta_sensor_async']) retrieved from /home/airflow/.local/lib/python3.9/site-packages/airflow/example_dags/example_time_delta_sensor_async.py
[2025-05-13T02:50:28.903+0000] {logging_mixin.py:137} INFO - [2025-05-13T02:50:28.903+0000] {dag.py:2676} INFO - Sync 1 DAGs
[2025-05-13T02:50:28.931+0000] {logging_mixin.py:137} INFO - [2025-05-13T02:50:28.931+0000] {dag.py:3423} INFO - Setting next_dagrun for example_time_delta_sensor_async to None, run_after=None
[2025-05-13T02:50:28.955+0000] {processor.py:175} INFO - Processing /home/airflow/.local/lib/python3.9/site-packages/airflow/example_dags/example_time_delta_sensor_async.py took 0.124 seconds
[2025-05-13T21:18:23.703+0000] {processor.py:153} INFO - Started process (PID=215) to work on /home/airflow/.local/lib/python3.9/site-packages/airflow/example_dags/example_time_delta_sensor_async.py
[2025-05-13T21:18:23.706+0000] {processor.py:743} INFO - Processing file /home/airflow/.local/lib/python3.9/site-packages/airflow/example_dags/example_time_delta_sensor_async.py for tasks to queue
[2025-05-13T21:18:23.707+0000] {logging_mixin.py:137} INFO - [2025-05-13T21:18:23.707+0000] {dagbag.py:538} INFO - Filling up the DagBag from /home/airflow/.local/lib/python3.9/site-packages/airflow/example_dags/example_time_delta_sensor_async.py
[2025-05-13T21:18:23.739+0000] {processor.py:753} INFO - DAG(s) dict_keys(['example_time_delta_sensor_async']) retrieved from /home/airflow/.local/lib/python3.9/site-packages/airflow/example_dags/example_time_delta_sensor_async.py
[2025-05-13T21:18:23.958+0000] {logging_mixin.py:137} INFO - [2025-05-13T21:18:23.957+0000] {manager.py:504} INFO - Created Permission View: can edit on DAG:example_time_delta_sensor_async
[2025-05-13T21:18:23.968+0000] {logging_mixin.py:137} INFO - [2025-05-13T21:18:23.968+0000] {manager.py:504} INFO - Created Permission View: can delete on DAG:example_time_delta_sensor_async
[2025-05-13T21:18:23.980+0000] {logging_mixin.py:137} INFO - [2025-05-13T21:18:23.980+0000] {manager.py:504} INFO - Created Permission View: can read on DAG:example_time_delta_sensor_async
[2025-05-13T21:18:23.980+0000] {logging_mixin.py:137} INFO - [2025-05-13T21:18:23.980+0000] {dag.py:2676} INFO - Sync 1 DAGs
[2025-05-13T21:18:24.000+0000] {logging_mixin.py:137} INFO - [2025-05-13T21:18:24.000+0000] {dag.py:2697} INFO - Creating ORM DAG for example_time_delta_sensor_async
[2025-05-13T21:18:24.015+0000] {logging_mixin.py:137} INFO - [2025-05-13T21:18:24.015+0000] {dag.py:3423} INFO - Setting next_dagrun for example_time_delta_sensor_async to None, run_after=None
[2025-05-13T21:18:24.044+0000] {processor.py:175} INFO - Processing /home/airflow/.local/lib/python3.9/site-packages/airflow/example_dags/example_time_delta_sensor_async.py took 0.347 seconds
[2025-05-13T21:18:54.872+0000] {processor.py:153} INFO - Started process (PID=421) to work on /home/airflow/.local/lib/python3.9/site-packages/airflow/example_dags/example_time_delta_sensor_async.py
[2025-05-13T21:18:54.873+0000] {processor.py:743} INFO - Processing file /home/airflow/.local/lib/python3.9/site-packages/airflow/example_dags/example_time_delta_sensor_async.py for tasks to queue
[2025-05-13T21:18:54.875+0000] {logging_mixin.py:137} INFO - [2025-05-13T21:18:54.874+0000] {dagbag.py:538} INFO - Filling up the DagBag from /home/airflow/.local/lib/python3.9/site-packages/airflow/example_dags/example_time_delta_sensor_async.py
[2025-05-13T21:18:54.894+0000] {processor.py:753} INFO - DAG(s) dict_keys(['example_time_delta_sensor_async']) retrieved from /home/airflow/.local/lib/python3.9/site-packages/airflow/example_dags/example_time_delta_sensor_async.py
[2025-05-13T21:18:54.959+0000] {logging_mixin.py:137} INFO - [2025-05-13T21:18:54.959+0000] {dag.py:2676} INFO - Sync 1 DAGs
[2025-05-13T21:18:54.989+0000] {logging_mixin.py:137} INFO - [2025-05-13T21:18:54.988+0000] {dag.py:3423} INFO - Setting next_dagrun for example_time_delta_sensor_async to None, run_after=None
[2025-05-13T21:18:55.032+0000] {processor.py:175} INFO - Processing /home/airflow/.local/lib/python3.9/site-packages/airflow/example_dags/example_time_delta_sensor_async.py took 0.165 seconds
[2025-05-13T21:19:25.889+0000] {processor.py:153} INFO - Started process (PID=624) to work on /home/airflow/.local/lib/python3.9/site-packages/airflow/example_dags/example_time_delta_sensor_async.py
[2025-05-13T21:19:25.890+0000] {processor.py:743} INFO - Processing file /home/airflow/.local/lib/python3.9/site-packages/airflow/example_dags/example_time_delta_sensor_async.py for tasks to queue
[2025-05-13T21:19:25.891+0000] {logging_mixin.py:137} INFO - [2025-05-13T21:19:25.891+0000] {dagbag.py:538} INFO - Filling up the DagBag from /home/airflow/.local/lib/python3.9/site-packages/airflow/example_dags/example_time_delta_sensor_async.py
[2025-05-13T21:19:25.915+0000] {processor.py:753} INFO - DAG(s) dict_keys(['example_time_delta_sensor_async']) retrieved from /home/airflow/.local/lib/python3.9/site-packages/airflow/example_dags/example_time_delta_sensor_async.py
[2025-05-13T21:19:25.997+0000] {logging_mixin.py:137} INFO - [2025-05-13T21:19:25.997+0000] {dag.py:2676} INFO - Sync 1 DAGs
[2025-05-13T21:19:26.051+0000] {logging_mixin.py:137} INFO - [2025-05-13T21:19:26.051+0000] {dag.py:3423} INFO - Setting next_dagrun for example_time_delta_sensor_async to None, run_after=None
[2025-05-13T21:19:26.109+0000] {processor.py:175} INFO - Processing /home/airflow/.local/lib/python3.9/site-packages/airflow/example_dags/example_time_delta_sensor_async.py took 0.225 seconds
[2025-05-13T21:19:56.993+0000] {processor.py:153} INFO - Started process (PID=827) to work on /home/airflow/.local/lib/python3.9/site-packages/airflow/example_dags/example_time_delta_sensor_async.py
[2025-05-13T21:19:56.995+0000] {processor.py:743} INFO - Processing file /home/airflow/.local/lib/python3.9/site-packages/airflow/example_dags/example_time_delta_sensor_async.py for tasks to queue
[2025-05-13T21:19:56.996+0000] {logging_mixin.py:137} INFO - [2025-05-13T21:19:56.996+0000] {dagbag.py:538} INFO - Filling up the DagBag from /home/airflow/.local/lib/python3.9/site-packages/airflow/example_dags/example_time_delta_sensor_async.py
[2025-05-13T21:19:57.015+0000] {processor.py:753} INFO - DAG(s) dict_keys(['example_time_delta_sensor_async']) retrieved from /home/airflow/.local/lib/python3.9/site-packages/airflow/example_dags/example_time_delta_sensor_async.py
[2025-05-13T21:19:57.073+0000] {logging_mixin.py:137} INFO - [2025-05-13T21:19:57.072+0000] {dag.py:2676} INFO - Sync 1 DAGs
[2025-05-13T21:19:57.105+0000] {logging_mixin.py:137} INFO - [2025-05-13T21:19:57.105+0000] {dag.py:3423} INFO - Setting next_dagrun for example_time_delta_sensor_async to None, run_after=None
[2025-05-13T21:19:57.132+0000] {processor.py:175} INFO - Processing /home/airflow/.local/lib/python3.9/site-packages/airflow/example_dags/example_time_delta_sensor_async.py took 0.144 seconds
[2025-05-13T21:20:27.426+0000] {processor.py:153} INFO - Started process (PID=1030) to work on /home/airflow/.local/lib/python3.9/site-packages/airflow/example_dags/example_time_delta_sensor_async.py
[2025-05-13T21:20:27.428+0000] {processor.py:743} INFO - Processing file /home/airflow/.local/lib/python3.9/site-packages/airflow/example_dags/example_time_delta_sensor_async.py for tasks to queue
[2025-05-13T21:20:27.429+0000] {logging_mixin.py:137} INFO - [2025-05-13T21:20:27.429+0000] {dagbag.py:538} INFO - Filling up the DagBag from /home/airflow/.local/lib/python3.9/site-packages/airflow/example_dags/example_time_delta_sensor_async.py
[2025-05-13T21:20:27.454+0000] {processor.py:753} INFO - DAG(s) dict_keys(['example_time_delta_sensor_async']) retrieved from /home/airflow/.local/lib/python3.9/site-packages/airflow/example_dags/example_time_delta_sensor_async.py
[2025-05-13T21:20:27.517+0000] {logging_mixin.py:137} INFO - [2025-05-13T21:20:27.517+0000] {dag.py:2676} INFO - Sync 1 DAGs
[2025-05-13T21:20:27.561+0000] {logging_mixin.py:137} INFO - [2025-05-13T21:20:27.560+0000] {dag.py:3423} INFO - Setting next_dagrun for example_time_delta_sensor_async to None, run_after=None
[2025-05-13T21:20:27.609+0000] {processor.py:175} INFO - Processing /home/airflow/.local/lib/python3.9/site-packages/airflow/example_dags/example_time_delta_sensor_async.py took 0.188 seconds
[2025-05-13T21:20:57.786+0000] {processor.py:153} INFO - Started process (PID=1236) to work on /home/airflow/.local/lib/python3.9/site-packages/airflow/example_dags/example_time_delta_sensor_async.py
[2025-05-13T21:20:57.788+0000] {processor.py:743} INFO - Processing file /home/airflow/.local/lib/python3.9/site-packages/airflow/example_dags/example_time_delta_sensor_async.py for tasks to queue
[2025-05-13T21:20:57.790+0000] {logging_mixin.py:137} INFO - [2025-05-13T21:20:57.790+0000] {dagbag.py:538} INFO - Filling up the DagBag from /home/airflow/.local/lib/python3.9/site-packages/airflow/example_dags/example_time_delta_sensor_async.py
[2025-05-13T21:20:57.810+0000] {processor.py:753} INFO - DAG(s) dict_keys(['example_time_delta_sensor_async']) retrieved from /home/airflow/.local/lib/python3.9/site-packages/airflow/example_dags/example_time_delta_sensor_async.py
[2025-05-13T21:20:57.868+0000] {logging_mixin.py:137} INFO - [2025-05-13T21:20:57.867+0000] {dag.py:2676} INFO - Sync 1 DAGs
[2025-05-13T21:20:57.897+0000] {logging_mixin.py:137} INFO - [2025-05-13T21:20:57.897+0000] {dag.py:3423} INFO - Setting next_dagrun for example_time_delta_sensor_async to None, run_after=None
[2025-05-13T21:20:57.925+0000] {processor.py:175} INFO - Processing /home/airflow/.local/lib/python3.9/site-packages/airflow/example_dags/example_time_delta_sensor_async.py took 0.143 seconds
[2025-05-13T21:21:28.167+0000] {processor.py:153} INFO - Started process (PID=1439) to work on /home/airflow/.local/lib/python3.9/site-packages/airflow/example_dags/example_time_delta_sensor_async.py
[2025-05-13T21:21:28.169+0000] {processor.py:743} INFO - Processing file /home/airflow/.local/lib/python3.9/site-packages/airflow/example_dags/example_time_delta_sensor_async.py for tasks to queue
[2025-05-13T21:21:28.171+0000] {logging_mixin.py:137} INFO - [2025-05-13T21:21:28.170+0000] {dagbag.py:538} INFO - Filling up the DagBag from /home/airflow/.local/lib/python3.9/site-packages/airflow/example_dags/example_time_delta_sensor_async.py
[2025-05-13T21:21:28.188+0000] {processor.py:753} INFO - DAG(s) dict_keys(['example_time_delta_sensor_async']) retrieved from /home/airflow/.local/lib/python3.9/site-packages/airflow/example_dags/example_time_delta_sensor_async.py
[2025-05-13T21:21:28.242+0000] {logging_mixin.py:137} INFO - [2025-05-13T21:21:28.242+0000] {dag.py:2676} INFO - Sync 1 DAGs
[2025-05-13T21:21:28.271+0000] {logging_mixin.py:137} INFO - [2025-05-13T21:21:28.271+0000] {dag.py:3423} INFO - Setting next_dagrun for example_time_delta_sensor_async to None, run_after=None
[2025-05-13T21:21:28.299+0000] {processor.py:175} INFO - Processing /home/airflow/.local/lib/python3.9/site-packages/airflow/example_dags/example_time_delta_sensor_async.py took 0.136 seconds
[2025-05-13T21:21:59.048+0000] {processor.py:153} INFO - Started process (PID=1642) to work on /home/airflow/.local/lib/python3.9/site-packages/airflow/example_dags/example_time_delta_sensor_async.py
[2025-05-13T21:21:59.049+0000] {processor.py:743} INFO - Processing file /home/airflow/.local/lib/python3.9/site-packages/airflow/example_dags/example_time_delta_sensor_async.py for tasks to queue
[2025-05-13T21:21:59.050+0000] {logging_mixin.py:137} INFO - [2025-05-13T21:21:59.050+0000] {dagbag.py:538} INFO - Filling up the DagBag from /home/airflow/.local/lib/python3.9/site-packages/airflow/example_dags/example_time_delta_sensor_async.py
[2025-05-13T21:21:59.069+0000] {processor.py:753} INFO - DAG(s) dict_keys(['example_time_delta_sensor_async']) retrieved from /home/airflow/.local/lib/python3.9/site-packages/airflow/example_dags/example_time_delta_sensor_async.py
[2025-05-13T21:21:59.127+0000] {logging_mixin.py:137} INFO - [2025-05-13T21:21:59.127+0000] {dag.py:2676} INFO - Sync 1 DAGs
[2025-05-13T21:21:59.161+0000] {logging_mixin.py:137} INFO - [2025-05-13T21:21:59.160+0000] {dag.py:3423} INFO - Setting next_dagrun for example_time_delta_sensor_async to None, run_after=None
[2025-05-13T21:21:59.184+0000] {processor.py:175} INFO - Processing /home/airflow/.local/lib/python3.9/site-packages/airflow/example_dags/example_time_delta_sensor_async.py took 0.142 seconds
[2025-05-13T21:22:29.458+0000] {processor.py:153} INFO - Started process (PID=1845) to work on /home/airflow/.local/lib/python3.9/site-packages/airflow/example_dags/example_time_delta_sensor_async.py
[2025-05-13T21:22:29.459+0000] {processor.py:743} INFO - Processing file /home/airflow/.local/lib/python3.9/site-packages/airflow/example_dags/example_time_delta_sensor_async.py for tasks to queue
[2025-05-13T21:22:29.460+0000] {logging_mixin.py:137} INFO - [2025-05-13T21:22:29.460+0000] {dagbag.py:538} INFO - Filling up the DagBag from /home/airflow/.local/lib/python3.9/site-packages/airflow/example_dags/example_time_delta_sensor_async.py
[2025-05-13T21:22:29.477+0000] {processor.py:753} INFO - DAG(s) dict_keys(['example_time_delta_sensor_async']) retrieved from /home/airflow/.local/lib/python3.9/site-packages/airflow/example_dags/example_time_delta_sensor_async.py
[2025-05-13T21:22:29.529+0000] {logging_mixin.py:137} INFO - [2025-05-13T21:22:29.529+0000] {dag.py:2676} INFO - Sync 1 DAGs
[2025-05-13T21:22:29.556+0000] {logging_mixin.py:137} INFO - [2025-05-13T21:22:29.555+0000] {dag.py:3423} INFO - Setting next_dagrun for example_time_delta_sensor_async to None, run_after=None
[2025-05-13T21:22:29.579+0000] {processor.py:175} INFO - Processing /home/airflow/.local/lib/python3.9/site-packages/airflow/example_dags/example_time_delta_sensor_async.py took 0.126 seconds
[2025-05-13T21:22:59.733+0000] {processor.py:153} INFO - Started process (PID=2048) to work on /home/airflow/.local/lib/python3.9/site-packages/airflow/example_dags/example_time_delta_sensor_async.py
[2025-05-13T21:22:59.736+0000] {processor.py:743} INFO - Processing file /home/airflow/.local/lib/python3.9/site-packages/airflow/example_dags/example_time_delta_sensor_async.py for tasks to queue
[2025-05-13T21:22:59.738+0000] {logging_mixin.py:137} INFO - [2025-05-13T21:22:59.738+0000] {dagbag.py:538} INFO - Filling up the DagBag from /home/airflow/.local/lib/python3.9/site-packages/airflow/example_dags/example_time_delta_sensor_async.py
[2025-05-13T21:22:59.764+0000] {processor.py:753} INFO - DAG(s) dict_keys(['example_time_delta_sensor_async']) retrieved from /home/airflow/.local/lib/python3.9/site-packages/airflow/example_dags/example_time_delta_sensor_async.py
[2025-05-13T21:22:59.834+0000] {logging_mixin.py:137} INFO - [2025-05-13T21:22:59.834+0000] {dag.py:2676} INFO - Sync 1 DAGs
[2025-05-13T21:22:59.869+0000] {logging_mixin.py:137} INFO - [2025-05-13T21:22:59.869+0000] {dag.py:3423} INFO - Setting next_dagrun for example_time_delta_sensor_async to None, run_after=None
[2025-05-13T21:22:59.902+0000] {processor.py:175} INFO - Processing /home/airflow/.local/lib/python3.9/site-packages/airflow/example_dags/example_time_delta_sensor_async.py took 0.176 seconds
[2025-05-13T21:23:30.689+0000] {processor.py:153} INFO - Started process (PID=2249) to work on /home/airflow/.local/lib/python3.9/site-packages/airflow/example_dags/example_time_delta_sensor_async.py
[2025-05-13T21:23:30.691+0000] {processor.py:743} INFO - Processing file /home/airflow/.local/lib/python3.9/site-packages/airflow/example_dags/example_time_delta_sensor_async.py for tasks to queue
[2025-05-13T21:23:30.692+0000] {logging_mixin.py:137} INFO - [2025-05-13T21:23:30.692+0000] {dagbag.py:538} INFO - Filling up the DagBag from /home/airflow/.local/lib/python3.9/site-packages/airflow/example_dags/example_time_delta_sensor_async.py
[2025-05-13T21:23:30.704+0000] {processor.py:753} INFO - DAG(s) dict_keys(['example_time_delta_sensor_async']) retrieved from /home/airflow/.local/lib/python3.9/site-packages/airflow/example_dags/example_time_delta_sensor_async.py
[2025-05-13T21:23:30.742+0000] {logging_mixin.py:137} INFO - [2025-05-13T21:23:30.742+0000] {dag.py:2676} INFO - Sync 1 DAGs
[2025-05-13T21:23:30.764+0000] {logging_mixin.py:137} INFO - [2025-05-13T21:23:30.764+0000] {dag.py:3423} INFO - Setting next_dagrun for example_time_delta_sensor_async to None, run_after=None
[2025-05-13T21:23:30.783+0000] {processor.py:175} INFO - Processing /home/airflow/.local/lib/python3.9/site-packages/airflow/example_dags/example_time_delta_sensor_async.py took 0.101 seconds
[2025-05-13T21:24:01.039+0000] {processor.py:153} INFO - Started process (PID=2448) to work on /home/airflow/.local/lib/python3.9/site-packages/airflow/example_dags/example_time_delta_sensor_async.py
[2025-05-13T21:24:01.041+0000] {processor.py:743} INFO - Processing file /home/airflow/.local/lib/python3.9/site-packages/airflow/example_dags/example_time_delta_sensor_async.py for tasks to queue
[2025-05-13T21:24:01.042+0000] {logging_mixin.py:137} INFO - [2025-05-13T21:24:01.041+0000] {dagbag.py:538} INFO - Filling up the DagBag from /home/airflow/.local/lib/python3.9/site-packages/airflow/example_dags/example_time_delta_sensor_async.py
[2025-05-13T21:24:01.059+0000] {processor.py:753} INFO - DAG(s) dict_keys(['example_time_delta_sensor_async']) retrieved from /home/airflow/.local/lib/python3.9/site-packages/airflow/example_dags/example_time_delta_sensor_async.py
[2025-05-13T21:24:01.111+0000] {logging_mixin.py:137} INFO - [2025-05-13T21:24:01.110+0000] {dag.py:2676} INFO - Sync 1 DAGs
[2025-05-13T21:24:01.141+0000] {logging_mixin.py:137} INFO - [2025-05-13T21:24:01.141+0000] {dag.py:3423} INFO - Setting next_dagrun for example_time_delta_sensor_async to None, run_after=None
[2025-05-13T21:24:01.164+0000] {processor.py:175} INFO - Processing /home/airflow/.local/lib/python3.9/site-packages/airflow/example_dags/example_time_delta_sensor_async.py took 0.129 seconds
[2025-05-13T21:24:31.598+0000] {processor.py:153} INFO - Started process (PID=2651) to work on /home/airflow/.local/lib/python3.9/site-packages/airflow/example_dags/example_time_delta_sensor_async.py
[2025-05-13T21:24:31.599+0000] {processor.py:743} INFO - Processing file /home/airflow/.local/lib/python3.9/site-packages/airflow/example_dags/example_time_delta_sensor_async.py for tasks to queue
[2025-05-13T21:24:31.601+0000] {logging_mixin.py:137} INFO - [2025-05-13T21:24:31.601+0000] {dagbag.py:538} INFO - Filling up the DagBag from /home/airflow/.local/lib/python3.9/site-packages/airflow/example_dags/example_time_delta_sensor_async.py
[2025-05-13T21:24:31.619+0000] {processor.py:753} INFO - DAG(s) dict_keys(['example_time_delta_sensor_async']) retrieved from /home/airflow/.local/lib/python3.9/site-packages/airflow/example_dags/example_time_delta_sensor_async.py
[2025-05-13T21:24:31.673+0000] {logging_mixin.py:137} INFO - [2025-05-13T21:24:31.673+0000] {dag.py:2676} INFO - Sync 1 DAGs
[2025-05-13T21:24:31.705+0000] {logging_mixin.py:137} INFO - [2025-05-13T21:24:31.705+0000] {dag.py:3423} INFO - Setting next_dagrun for example_time_delta_sensor_async to None, run_after=None
[2025-05-13T21:24:31.731+0000] {processor.py:175} INFO - Processing /home/airflow/.local/lib/python3.9/site-packages/airflow/example_dags/example_time_delta_sensor_async.py took 0.137 seconds
[2025-05-13T21:25:02.317+0000] {processor.py:153} INFO - Started process (PID=2854) to work on /home/airflow/.local/lib/python3.9/site-packages/airflow/example_dags/example_time_delta_sensor_async.py
[2025-05-13T21:25:02.318+0000] {processor.py:743} INFO - Processing file /home/airflow/.local/lib/python3.9/site-packages/airflow/example_dags/example_time_delta_sensor_async.py for tasks to queue
[2025-05-13T21:25:02.319+0000] {logging_mixin.py:137} INFO - [2025-05-13T21:25:02.319+0000] {dagbag.py:538} INFO - Filling up the DagBag from /home/airflow/.local/lib/python3.9/site-packages/airflow/example_dags/example_time_delta_sensor_async.py
[2025-05-13T21:25:02.335+0000] {processor.py:753} INFO - DAG(s) dict_keys(['example_time_delta_sensor_async']) retrieved from /home/airflow/.local/lib/python3.9/site-packages/airflow/example_dags/example_time_delta_sensor_async.py
[2025-05-13T21:25:02.384+0000] {logging_mixin.py:137} INFO - [2025-05-13T21:25:02.383+0000] {dag.py:2676} INFO - Sync 1 DAGs
[2025-05-13T21:25:02.409+0000] {logging_mixin.py:137} INFO - [2025-05-13T21:25:02.409+0000] {dag.py:3423} INFO - Setting next_dagrun for example_time_delta_sensor_async to None, run_after=None
[2025-05-13T21:25:02.430+0000] {processor.py:175} INFO - Processing /home/airflow/.local/lib/python3.9/site-packages/airflow/example_dags/example_time_delta_sensor_async.py took 0.118 seconds
[2025-05-13T21:25:32.908+0000] {processor.py:153} INFO - Started process (PID=3057) to work on /home/airflow/.local/lib/python3.9/site-packages/airflow/example_dags/example_time_delta_sensor_async.py
[2025-05-13T21:25:32.910+0000] {processor.py:743} INFO - Processing file /home/airflow/.local/lib/python3.9/site-packages/airflow/example_dags/example_time_delta_sensor_async.py for tasks to queue
[2025-05-13T21:25:32.911+0000] {logging_mixin.py:137} INFO - [2025-05-13T21:25:32.910+0000] {dagbag.py:538} INFO - Filling up the DagBag from /home/airflow/.local/lib/python3.9/site-packages/airflow/example_dags/example_time_delta_sensor_async.py
[2025-05-13T21:25:32.929+0000] {processor.py:753} INFO - DAG(s) dict_keys(['example_time_delta_sensor_async']) retrieved from /home/airflow/.local/lib/python3.9/site-packages/airflow/example_dags/example_time_delta_sensor_async.py
[2025-05-13T21:25:32.981+0000] {logging_mixin.py:137} INFO - [2025-05-13T21:25:32.981+0000] {dag.py:2676} INFO - Sync 1 DAGs
[2025-05-13T21:25:33.012+0000] {logging_mixin.py:137} INFO - [2025-05-13T21:25:33.012+0000] {dag.py:3423} INFO - Setting next_dagrun for example_time_delta_sensor_async to None, run_after=None
[2025-05-13T21:25:33.042+0000] {processor.py:175} INFO - Processing /home/airflow/.local/lib/python3.9/site-packages/airflow/example_dags/example_time_delta_sensor_async.py took 0.138 seconds
[2025-05-13T21:26:03.411+0000] {processor.py:153} INFO - Started process (PID=3272) to work on /home/airflow/.local/lib/python3.9/site-packages/airflow/example_dags/example_time_delta_sensor_async.py
[2025-05-13T21:26:03.412+0000] {processor.py:743} INFO - Processing file /home/airflow/.local/lib/python3.9/site-packages/airflow/example_dags/example_time_delta_sensor_async.py for tasks to queue
[2025-05-13T21:26:03.413+0000] {logging_mixin.py:137} INFO - [2025-05-13T21:26:03.413+0000] {dagbag.py:538} INFO - Filling up the DagBag from /home/airflow/.local/lib/python3.9/site-packages/airflow/example_dags/example_time_delta_sensor_async.py
[2025-05-13T21:26:03.431+0000] {processor.py:753} INFO - DAG(s) dict_keys(['example_time_delta_sensor_async']) retrieved from /home/airflow/.local/lib/python3.9/site-packages/airflow/example_dags/example_time_delta_sensor_async.py
[2025-05-13T21:26:03.482+0000] {logging_mixin.py:137} INFO - [2025-05-13T21:26:03.482+0000] {dag.py:2676} INFO - Sync 1 DAGs
[2025-05-13T21:26:03.513+0000] {logging_mixin.py:137} INFO - [2025-05-13T21:26:03.513+0000] {dag.py:3423} INFO - Setting next_dagrun for example_time_delta_sensor_async to None, run_after=None
[2025-05-13T21:26:03.536+0000] {processor.py:175} INFO - Processing /home/airflow/.local/lib/python3.9/site-packages/airflow/example_dags/example_time_delta_sensor_async.py took 0.129 seconds
[2025-05-13T21:26:34.272+0000] {processor.py:153} INFO - Started process (PID=3475) to work on /home/airflow/.local/lib/python3.9/site-packages/airflow/example_dags/example_time_delta_sensor_async.py
[2025-05-13T21:26:34.273+0000] {processor.py:743} INFO - Processing file /home/airflow/.local/lib/python3.9/site-packages/airflow/example_dags/example_time_delta_sensor_async.py for tasks to queue
[2025-05-13T21:26:34.274+0000] {logging_mixin.py:137} INFO - [2025-05-13T21:26:34.274+0000] {dagbag.py:538} INFO - Filling up the DagBag from /home/airflow/.local/lib/python3.9/site-packages/airflow/example_dags/example_time_delta_sensor_async.py
[2025-05-13T21:26:34.293+0000] {processor.py:753} INFO - DAG(s) dict_keys(['example_time_delta_sensor_async']) retrieved from /home/airflow/.local/lib/python3.9/site-packages/airflow/example_dags/example_time_delta_sensor_async.py
[2025-05-13T21:26:34.348+0000] {logging_mixin.py:137} INFO - [2025-05-13T21:26:34.348+0000] {dag.py:2676} INFO - Sync 1 DAGs
[2025-05-13T21:26:34.386+0000] {logging_mixin.py:137} INFO - [2025-05-13T21:26:34.386+0000] {dag.py:3423} INFO - Setting next_dagrun for example_time_delta_sensor_async to None, run_after=None
[2025-05-13T21:26:34.419+0000] {processor.py:175} INFO - Processing /home/airflow/.local/lib/python3.9/site-packages/airflow/example_dags/example_time_delta_sensor_async.py took 0.152 seconds
[2025-05-13T21:27:04.903+0000] {processor.py:153} INFO - Started process (PID=3678) to work on /home/airflow/.local/lib/python3.9/site-packages/airflow/example_dags/example_time_delta_sensor_async.py
[2025-05-13T21:27:04.904+0000] {processor.py:743} INFO - Processing file /home/airflow/.local/lib/python3.9/site-packages/airflow/example_dags/example_time_delta_sensor_async.py for tasks to queue
[2025-05-13T21:27:04.905+0000] {logging_mixin.py:137} INFO - [2025-05-13T21:27:04.905+0000] {dagbag.py:538} INFO - Filling up the DagBag from /home/airflow/.local/lib/python3.9/site-packages/airflow/example_dags/example_time_delta_sensor_async.py
[2025-05-13T21:27:04.923+0000] {processor.py:753} INFO - DAG(s) dict_keys(['example_time_delta_sensor_async']) retrieved from /home/airflow/.local/lib/python3.9/site-packages/airflow/example_dags/example_time_delta_sensor_async.py
[2025-05-13T21:27:04.975+0000] {logging_mixin.py:137} INFO - [2025-05-13T21:27:04.974+0000] {dag.py:2676} INFO - Sync 1 DAGs
[2025-05-13T21:27:05.005+0000] {logging_mixin.py:137} INFO - [2025-05-13T21:27:05.004+0000] {dag.py:3423} INFO - Setting next_dagrun for example_time_delta_sensor_async to None, run_after=None
[2025-05-13T21:27:05.027+0000] {processor.py:175} INFO - Processing /home/airflow/.local/lib/python3.9/site-packages/airflow/example_dags/example_time_delta_sensor_async.py took 0.128 seconds
[2025-05-13T21:27:35.448+0000] {processor.py:153} INFO - Started process (PID=3881) to work on /home/airflow/.local/lib/python3.9/site-packages/airflow/example_dags/example_time_delta_sensor_async.py
[2025-05-13T21:27:35.450+0000] {processor.py:743} INFO - Processing file /home/airflow/.local/lib/python3.9/site-packages/airflow/example_dags/example_time_delta_sensor_async.py for tasks to queue
[2025-05-13T21:27:35.452+0000] {logging_mixin.py:137} INFO - [2025-05-13T21:27:35.451+0000] {dagbag.py:538} INFO - Filling up the DagBag from /home/airflow/.local/lib/python3.9/site-packages/airflow/example_dags/example_time_delta_sensor_async.py
[2025-05-13T21:27:35.470+0000] {processor.py:753} INFO - DAG(s) dict_keys(['example_time_delta_sensor_async']) retrieved from /home/airflow/.local/lib/python3.9/site-packages/airflow/example_dags/example_time_delta_sensor_async.py
[2025-05-13T21:27:35.517+0000] {logging_mixin.py:137} INFO - [2025-05-13T21:27:35.517+0000] {dag.py:2676} INFO - Sync 1 DAGs
[2025-05-13T21:27:35.546+0000] {logging_mixin.py:137} INFO - [2025-05-13T21:27:35.546+0000] {dag.py:3423} INFO - Setting next_dagrun for example_time_delta_sensor_async to None, run_after=None
[2025-05-13T21:27:35.573+0000] {processor.py:175} INFO - Processing /home/airflow/.local/lib/python3.9/site-packages/airflow/example_dags/example_time_delta_sensor_async.py took 0.135 seconds
[2025-05-13T21:28:06.427+0000] {processor.py:153} INFO - Started process (PID=4084) to work on /home/airflow/.local/lib/python3.9/site-packages/airflow/example_dags/example_time_delta_sensor_async.py
[2025-05-13T21:28:06.428+0000] {processor.py:743} INFO - Processing file /home/airflow/.local/lib/python3.9/site-packages/airflow/example_dags/example_time_delta_sensor_async.py for tasks to queue
[2025-05-13T21:28:06.429+0000] {logging_mixin.py:137} INFO - [2025-05-13T21:28:06.429+0000] {dagbag.py:538} INFO - Filling up the DagBag from /home/airflow/.local/lib/python3.9/site-packages/airflow/example_dags/example_time_delta_sensor_async.py
[2025-05-13T21:28:06.446+0000] {processor.py:753} INFO - DAG(s) dict_keys(['example_time_delta_sensor_async']) retrieved from /home/airflow/.local/lib/python3.9/site-packages/airflow/example_dags/example_time_delta_sensor_async.py
[2025-05-13T21:28:06.482+0000] {logging_mixin.py:137} INFO - [2025-05-13T21:28:06.481+0000] {dag.py:2676} INFO - Sync 1 DAGs
[2025-05-13T21:28:06.511+0000] {logging_mixin.py:137} INFO - [2025-05-13T21:28:06.510+0000] {dag.py:3423} INFO - Setting next_dagrun for example_time_delta_sensor_async to None, run_after=None
[2025-05-13T21:28:06.535+0000] {processor.py:175} INFO - Processing /home/airflow/.local/lib/python3.9/site-packages/airflow/example_dags/example_time_delta_sensor_async.py took 0.113 seconds
[2025-05-13T21:28:37.035+0000] {processor.py:153} INFO - Started process (PID=4287) to work on /home/airflow/.local/lib/python3.9/site-packages/airflow/example_dags/example_time_delta_sensor_async.py
[2025-05-13T21:28:37.036+0000] {processor.py:743} INFO - Processing file /home/airflow/.local/lib/python3.9/site-packages/airflow/example_dags/example_time_delta_sensor_async.py for tasks to queue
[2025-05-13T21:28:37.037+0000] {logging_mixin.py:137} INFO - [2025-05-13T21:28:37.037+0000] {dagbag.py:538} INFO - Filling up the DagBag from /home/airflow/.local/lib/python3.9/site-packages/airflow/example_dags/example_time_delta_sensor_async.py
[2025-05-13T21:28:37.054+0000] {processor.py:753} INFO - DAG(s) dict_keys(['example_time_delta_sensor_async']) retrieved from /home/airflow/.local/lib/python3.9/site-packages/airflow/example_dags/example_time_delta_sensor_async.py
[2025-05-13T21:28:37.104+0000] {logging_mixin.py:137} INFO - [2025-05-13T21:28:37.103+0000] {dag.py:2676} INFO - Sync 1 DAGs
[2025-05-13T21:28:37.131+0000] {logging_mixin.py:137} INFO - [2025-05-13T21:28:37.131+0000] {dag.py:3423} INFO - Setting next_dagrun for example_time_delta_sensor_async to None, run_after=None
[2025-05-13T21:28:37.155+0000] {processor.py:175} INFO - Processing /home/airflow/.local/lib/python3.9/site-packages/airflow/example_dags/example_time_delta_sensor_async.py took 0.125 seconds
[2025-05-13T21:29:07.184+0000] {processor.py:153} INFO - Started process (PID=4488) to work on /home/airflow/.local/lib/python3.9/site-packages/airflow/example_dags/example_time_delta_sensor_async.py
[2025-05-13T21:29:07.186+0000] {processor.py:743} INFO - Processing file /home/airflow/.local/lib/python3.9/site-packages/airflow/example_dags/example_time_delta_sensor_async.py for tasks to queue
[2025-05-13T21:29:07.188+0000] {logging_mixin.py:137} INFO - [2025-05-13T21:29:07.187+0000] {dagbag.py:538} INFO - Filling up the DagBag from /home/airflow/.local/lib/python3.9/site-packages/airflow/example_dags/example_time_delta_sensor_async.py
[2025-05-13T21:29:07.209+0000] {processor.py:753} INFO - DAG(s) dict_keys(['example_time_delta_sensor_async']) retrieved from /home/airflow/.local/lib/python3.9/site-packages/airflow/example_dags/example_time_delta_sensor_async.py
[2025-05-13T21:29:07.276+0000] {logging_mixin.py:137} INFO - [2025-05-13T21:29:07.275+0000] {dag.py:2676} INFO - Sync 1 DAGs
[2025-05-13T21:29:07.312+0000] {logging_mixin.py:137} INFO - [2025-05-13T21:29:07.311+0000] {dag.py:3423} INFO - Setting next_dagrun for example_time_delta_sensor_async to None, run_after=None
[2025-05-13T21:29:07.340+0000] {processor.py:175} INFO - Processing /home/airflow/.local/lib/python3.9/site-packages/airflow/example_dags/example_time_delta_sensor_async.py took 0.161 seconds
[2025-05-13T21:29:37.448+0000] {processor.py:153} INFO - Started process (PID=4687) to work on /home/airflow/.local/lib/python3.9/site-packages/airflow/example_dags/example_time_delta_sensor_async.py
[2025-05-13T21:29:37.449+0000] {processor.py:743} INFO - Processing file /home/airflow/.local/lib/python3.9/site-packages/airflow/example_dags/example_time_delta_sensor_async.py for tasks to queue
[2025-05-13T21:29:37.450+0000] {logging_mixin.py:137} INFO - [2025-05-13T21:29:37.450+0000] {dagbag.py:538} INFO - Filling up the DagBag from /home/airflow/.local/lib/python3.9/site-packages/airflow/example_dags/example_time_delta_sensor_async.py
[2025-05-13T21:29:37.467+0000] {processor.py:753} INFO - DAG(s) dict_keys(['example_time_delta_sensor_async']) retrieved from /home/airflow/.local/lib/python3.9/site-packages/airflow/example_dags/example_time_delta_sensor_async.py
[2025-05-13T21:29:37.516+0000] {logging_mixin.py:137} INFO - [2025-05-13T21:29:37.516+0000] {dag.py:2676} INFO - Sync 1 DAGs
[2025-05-13T21:29:37.544+0000] {logging_mixin.py:137} INFO - [2025-05-13T21:29:37.543+0000] {dag.py:3423} INFO - Setting next_dagrun for example_time_delta_sensor_async to None, run_after=None
[2025-05-13T21:29:37.569+0000] {processor.py:175} INFO - Processing /home/airflow/.local/lib/python3.9/site-packages/airflow/example_dags/example_time_delta_sensor_async.py took 0.125 seconds
[2025-05-13T21:30:08.267+0000] {processor.py:153} INFO - Started process (PID=4890) to work on /home/airflow/.local/lib/python3.9/site-packages/airflow/example_dags/example_time_delta_sensor_async.py
[2025-05-13T21:30:08.268+0000] {processor.py:743} INFO - Processing file /home/airflow/.local/lib/python3.9/site-packages/airflow/example_dags/example_time_delta_sensor_async.py for tasks to queue
[2025-05-13T21:30:08.269+0000] {logging_mixin.py:137} INFO - [2025-05-13T21:30:08.269+0000] {dagbag.py:538} INFO - Filling up the DagBag from /home/airflow/.local/lib/python3.9/site-packages/airflow/example_dags/example_time_delta_sensor_async.py
[2025-05-13T21:30:08.287+0000] {processor.py:753} INFO - DAG(s) dict_keys(['example_time_delta_sensor_async']) retrieved from /home/airflow/.local/lib/python3.9/site-packages/airflow/example_dags/example_time_delta_sensor_async.py
[2025-05-13T21:30:08.339+0000] {logging_mixin.py:137} INFO - [2025-05-13T21:30:08.339+0000] {dag.py:2676} INFO - Sync 1 DAGs
[2025-05-13T21:30:08.368+0000] {logging_mixin.py:137} INFO - [2025-05-13T21:30:08.368+0000] {dag.py:3423} INFO - Setting next_dagrun for example_time_delta_sensor_async to None, run_after=None
[2025-05-13T21:30:08.391+0000] {processor.py:175} INFO - Processing /home/airflow/.local/lib/python3.9/site-packages/airflow/example_dags/example_time_delta_sensor_async.py took 0.128 seconds
[2025-05-13T21:30:38.833+0000] {processor.py:153} INFO - Started process (PID=5093) to work on /home/airflow/.local/lib/python3.9/site-packages/airflow/example_dags/example_time_delta_sensor_async.py
[2025-05-13T21:30:38.834+0000] {processor.py:743} INFO - Processing file /home/airflow/.local/lib/python3.9/site-packages/airflow/example_dags/example_time_delta_sensor_async.py for tasks to queue
[2025-05-13T21:30:38.835+0000] {logging_mixin.py:137} INFO - [2025-05-13T21:30:38.835+0000] {dagbag.py:538} INFO - Filling up the DagBag from /home/airflow/.local/lib/python3.9/site-packages/airflow/example_dags/example_time_delta_sensor_async.py
[2025-05-13T21:30:38.852+0000] {processor.py:753} INFO - DAG(s) dict_keys(['example_time_delta_sensor_async']) retrieved from /home/airflow/.local/lib/python3.9/site-packages/airflow/example_dags/example_time_delta_sensor_async.py
[2025-05-13T21:30:38.903+0000] {logging_mixin.py:137} INFO - [2025-05-13T21:30:38.903+0000] {dag.py:2676} INFO - Sync 1 DAGs
[2025-05-13T21:30:38.930+0000] {logging_mixin.py:137} INFO - [2025-05-13T21:30:38.930+0000] {dag.py:3423} INFO - Setting next_dagrun for example_time_delta_sensor_async to None, run_after=None
[2025-05-13T21:30:38.951+0000] {processor.py:175} INFO - Processing /home/airflow/.local/lib/python3.9/site-packages/airflow/example_dags/example_time_delta_sensor_async.py took 0.124 seconds
[2025-05-13T21:31:09.460+0000] {processor.py:153} INFO - Started process (PID=5299) to work on /home/airflow/.local/lib/python3.9/site-packages/airflow/example_dags/example_time_delta_sensor_async.py
[2025-05-13T21:31:09.461+0000] {processor.py:743} INFO - Processing file /home/airflow/.local/lib/python3.9/site-packages/airflow/example_dags/example_time_delta_sensor_async.py for tasks to queue
[2025-05-13T21:31:09.462+0000] {logging_mixin.py:137} INFO - [2025-05-13T21:31:09.462+0000] {dagbag.py:538} INFO - Filling up the DagBag from /home/airflow/.local/lib/python3.9/site-packages/airflow/example_dags/example_time_delta_sensor_async.py
[2025-05-13T21:31:09.475+0000] {processor.py:753} INFO - DAG(s) dict_keys(['example_time_delta_sensor_async']) retrieved from /home/airflow/.local/lib/python3.9/site-packages/airflow/example_dags/example_time_delta_sensor_async.py
[2025-05-13T21:31:09.517+0000] {logging_mixin.py:137} INFO - [2025-05-13T21:31:09.517+0000] {dag.py:2676} INFO - Sync 1 DAGs
[2025-05-13T21:31:09.539+0000] {logging_mixin.py:137} INFO - [2025-05-13T21:31:09.539+0000] {dag.py:3423} INFO - Setting next_dagrun for example_time_delta_sensor_async to None, run_after=None
[2025-05-13T21:31:09.563+0000] {processor.py:175} INFO - Processing /home/airflow/.local/lib/python3.9/site-packages/airflow/example_dags/example_time_delta_sensor_async.py took 0.107 seconds
[2025-05-13T21:31:40.154+0000] {processor.py:153} INFO - Started process (PID=5502) to work on /home/airflow/.local/lib/python3.9/site-packages/airflow/example_dags/example_time_delta_sensor_async.py
[2025-05-13T21:31:40.155+0000] {processor.py:743} INFO - Processing file /home/airflow/.local/lib/python3.9/site-packages/airflow/example_dags/example_time_delta_sensor_async.py for tasks to queue
[2025-05-13T21:31:40.156+0000] {logging_mixin.py:137} INFO - [2025-05-13T21:31:40.156+0000] {dagbag.py:538} INFO - Filling up the DagBag from /home/airflow/.local/lib/python3.9/site-packages/airflow/example_dags/example_time_delta_sensor_async.py
[2025-05-13T21:31:40.178+0000] {processor.py:753} INFO - DAG(s) dict_keys(['example_time_delta_sensor_async']) retrieved from /home/airflow/.local/lib/python3.9/site-packages/airflow/example_dags/example_time_delta_sensor_async.py
[2025-05-13T21:31:40.237+0000] {logging_mixin.py:137} INFO - [2025-05-13T21:31:40.236+0000] {dag.py:2676} INFO - Sync 1 DAGs
[2025-05-13T21:31:40.272+0000] {logging_mixin.py:137} INFO - [2025-05-13T21:31:40.272+0000] {dag.py:3423} INFO - Setting next_dagrun for example_time_delta_sensor_async to None, run_after=None
[2025-05-13T21:31:40.302+0000] {processor.py:175} INFO - Processing /home/airflow/.local/lib/python3.9/site-packages/airflow/example_dags/example_time_delta_sensor_async.py took 0.158 seconds
[2025-05-13T21:32:10.927+0000] {processor.py:153} INFO - Started process (PID=5705) to work on /home/airflow/.local/lib/python3.9/site-packages/airflow/example_dags/example_time_delta_sensor_async.py
[2025-05-13T21:32:10.928+0000] {processor.py:743} INFO - Processing file /home/airflow/.local/lib/python3.9/site-packages/airflow/example_dags/example_time_delta_sensor_async.py for tasks to queue
[2025-05-13T21:32:10.929+0000] {logging_mixin.py:137} INFO - [2025-05-13T21:32:10.929+0000] {dagbag.py:538} INFO - Filling up the DagBag from /home/airflow/.local/lib/python3.9/site-packages/airflow/example_dags/example_time_delta_sensor_async.py
[2025-05-13T21:32:10.947+0000] {processor.py:753} INFO - DAG(s) dict_keys(['example_time_delta_sensor_async']) retrieved from /home/airflow/.local/lib/python3.9/site-packages/airflow/example_dags/example_time_delta_sensor_async.py
[2025-05-13T21:32:10.985+0000] {logging_mixin.py:137} INFO - [2025-05-13T21:32:10.984+0000] {dag.py:2676} INFO - Sync 1 DAGs
[2025-05-13T21:32:11.036+0000] {logging_mixin.py:137} INFO - [2025-05-13T21:32:11.036+0000] {dag.py:3423} INFO - Setting next_dagrun for example_time_delta_sensor_async to None, run_after=None
[2025-05-13T21:32:11.070+0000] {processor.py:175} INFO - Processing /home/airflow/.local/lib/python3.9/site-packages/airflow/example_dags/example_time_delta_sensor_async.py took 0.149 seconds
[2025-05-13T21:32:41.278+0000] {processor.py:153} INFO - Started process (PID=5908) to work on /home/airflow/.local/lib/python3.9/site-packages/airflow/example_dags/example_time_delta_sensor_async.py
[2025-05-13T21:32:41.279+0000] {processor.py:743} INFO - Processing file /home/airflow/.local/lib/python3.9/site-packages/airflow/example_dags/example_time_delta_sensor_async.py for tasks to queue
[2025-05-13T21:32:41.280+0000] {logging_mixin.py:137} INFO - [2025-05-13T21:32:41.280+0000] {dagbag.py:538} INFO - Filling up the DagBag from /home/airflow/.local/lib/python3.9/site-packages/airflow/example_dags/example_time_delta_sensor_async.py
[2025-05-13T21:32:41.297+0000] {processor.py:753} INFO - DAG(s) dict_keys(['example_time_delta_sensor_async']) retrieved from /home/airflow/.local/lib/python3.9/site-packages/airflow/example_dags/example_time_delta_sensor_async.py
[2025-05-13T21:32:41.348+0000] {logging_mixin.py:137} INFO - [2025-05-13T21:32:41.348+0000] {dag.py:2676} INFO - Sync 1 DAGs
[2025-05-13T21:32:41.377+0000] {logging_mixin.py:137} INFO - [2025-05-13T21:32:41.376+0000] {dag.py:3423} INFO - Setting next_dagrun for example_time_delta_sensor_async to None, run_after=None
[2025-05-13T21:32:41.402+0000] {processor.py:175} INFO - Processing /home/airflow/.local/lib/python3.9/site-packages/airflow/example_dags/example_time_delta_sensor_async.py took 0.129 seconds
[2025-05-13T21:33:11.719+0000] {processor.py:153} INFO - Started process (PID=6111) to work on /home/airflow/.local/lib/python3.9/site-packages/airflow/example_dags/example_time_delta_sensor_async.py
[2025-05-13T21:33:11.720+0000] {processor.py:743} INFO - Processing file /home/airflow/.local/lib/python3.9/site-packages/airflow/example_dags/example_time_delta_sensor_async.py for tasks to queue
[2025-05-13T21:33:11.721+0000] {logging_mixin.py:137} INFO - [2025-05-13T21:33:11.721+0000] {dagbag.py:538} INFO - Filling up the DagBag from /home/airflow/.local/lib/python3.9/site-packages/airflow/example_dags/example_time_delta_sensor_async.py
[2025-05-13T21:33:11.738+0000] {processor.py:753} INFO - DAG(s) dict_keys(['example_time_delta_sensor_async']) retrieved from /home/airflow/.local/lib/python3.9/site-packages/airflow/example_dags/example_time_delta_sensor_async.py
[2025-05-13T21:33:11.787+0000] {logging_mixin.py:137} INFO - [2025-05-13T21:33:11.787+0000] {dag.py:2676} INFO - Sync 1 DAGs
[2025-05-13T21:33:11.815+0000] {logging_mixin.py:137} INFO - [2025-05-13T21:33:11.814+0000] {dag.py:3423} INFO - Setting next_dagrun for example_time_delta_sensor_async to None, run_after=None
[2025-05-13T21:33:11.844+0000] {processor.py:175} INFO - Processing /home/airflow/.local/lib/python3.9/site-packages/airflow/example_dags/example_time_delta_sensor_async.py took 0.129 seconds
[2025-05-13T21:33:41.982+0000] {processor.py:153} INFO - Started process (PID=6314) to work on /home/airflow/.local/lib/python3.9/site-packages/airflow/example_dags/example_time_delta_sensor_async.py
[2025-05-13T21:33:41.984+0000] {processor.py:743} INFO - Processing file /home/airflow/.local/lib/python3.9/site-packages/airflow/example_dags/example_time_delta_sensor_async.py for tasks to queue
[2025-05-13T21:33:41.986+0000] {logging_mixin.py:137} INFO - [2025-05-13T21:33:41.985+0000] {dagbag.py:538} INFO - Filling up the DagBag from /home/airflow/.local/lib/python3.9/site-packages/airflow/example_dags/example_time_delta_sensor_async.py
[2025-05-13T21:33:42.008+0000] {processor.py:753} INFO - DAG(s) dict_keys(['example_time_delta_sensor_async']) retrieved from /home/airflow/.local/lib/python3.9/site-packages/airflow/example_dags/example_time_delta_sensor_async.py
[2025-05-13T21:33:42.067+0000] {logging_mixin.py:137} INFO - [2025-05-13T21:33:42.066+0000] {dag.py:2676} INFO - Sync 1 DAGs
[2025-05-13T21:33:42.098+0000] {logging_mixin.py:137} INFO - [2025-05-13T21:33:42.098+0000] {dag.py:3423} INFO - Setting next_dagrun for example_time_delta_sensor_async to None, run_after=None
[2025-05-13T21:33:42.129+0000] {processor.py:175} INFO - Processing /home/airflow/.local/lib/python3.9/site-packages/airflow/example_dags/example_time_delta_sensor_async.py took 0.153 seconds
[2025-05-13T21:34:12.780+0000] {processor.py:153} INFO - Started process (PID=6515) to work on /home/airflow/.local/lib/python3.9/site-packages/airflow/example_dags/example_time_delta_sensor_async.py
[2025-05-13T21:34:12.781+0000] {processor.py:743} INFO - Processing file /home/airflow/.local/lib/python3.9/site-packages/airflow/example_dags/example_time_delta_sensor_async.py for tasks to queue
[2025-05-13T21:34:12.782+0000] {logging_mixin.py:137} INFO - [2025-05-13T21:34:12.782+0000] {dagbag.py:538} INFO - Filling up the DagBag from /home/airflow/.local/lib/python3.9/site-packages/airflow/example_dags/example_time_delta_sensor_async.py
[2025-05-13T21:34:12.805+0000] {processor.py:753} INFO - DAG(s) dict_keys(['example_time_delta_sensor_async']) retrieved from /home/airflow/.local/lib/python3.9/site-packages/airflow/example_dags/example_time_delta_sensor_async.py
[2025-05-13T21:34:12.862+0000] {logging_mixin.py:137} INFO - [2025-05-13T21:34:12.862+0000] {dag.py:2676} INFO - Sync 1 DAGs
[2025-05-13T21:34:12.896+0000] {logging_mixin.py:137} INFO - [2025-05-13T21:34:12.896+0000] {dag.py:3423} INFO - Setting next_dagrun for example_time_delta_sensor_async to None, run_after=None
[2025-05-13T21:34:12.922+0000] {processor.py:175} INFO - Processing /home/airflow/.local/lib/python3.9/site-packages/airflow/example_dags/example_time_delta_sensor_async.py took 0.146 seconds
[2025-05-13T21:34:43.536+0000] {processor.py:153} INFO - Started process (PID=6724) to work on /home/airflow/.local/lib/python3.9/site-packages/airflow/example_dags/example_time_delta_sensor_async.py
[2025-05-13T21:34:43.538+0000] {processor.py:743} INFO - Processing file /home/airflow/.local/lib/python3.9/site-packages/airflow/example_dags/example_time_delta_sensor_async.py for tasks to queue
[2025-05-13T21:34:43.539+0000] {logging_mixin.py:137} INFO - [2025-05-13T21:34:43.539+0000] {dagbag.py:538} INFO - Filling up the DagBag from /home/airflow/.local/lib/python3.9/site-packages/airflow/example_dags/example_time_delta_sensor_async.py
[2025-05-13T21:34:43.562+0000] {processor.py:753} INFO - DAG(s) dict_keys(['example_time_delta_sensor_async']) retrieved from /home/airflow/.local/lib/python3.9/site-packages/airflow/example_dags/example_time_delta_sensor_async.py
[2025-05-13T21:34:43.648+0000] {logging_mixin.py:137} INFO - [2025-05-13T21:34:43.648+0000] {dag.py:2676} INFO - Sync 1 DAGs
[2025-05-13T21:34:43.698+0000] {logging_mixin.py:137} INFO - [2025-05-13T21:34:43.698+0000] {dag.py:3423} INFO - Setting next_dagrun for example_time_delta_sensor_async to None, run_after=None
[2025-05-13T21:34:43.750+0000] {processor.py:175} INFO - Processing /home/airflow/.local/lib/python3.9/site-packages/airflow/example_dags/example_time_delta_sensor_async.py took 0.219 seconds
[2025-05-13T21:35:14.706+0000] {processor.py:153} INFO - Started process (PID=6929) to work on /home/airflow/.local/lib/python3.9/site-packages/airflow/example_dags/example_time_delta_sensor_async.py
[2025-05-13T21:35:14.708+0000] {processor.py:743} INFO - Processing file /home/airflow/.local/lib/python3.9/site-packages/airflow/example_dags/example_time_delta_sensor_async.py for tasks to queue
[2025-05-13T21:35:14.709+0000] {logging_mixin.py:137} INFO - [2025-05-13T21:35:14.709+0000] {dagbag.py:538} INFO - Filling up the DagBag from /home/airflow/.local/lib/python3.9/site-packages/airflow/example_dags/example_time_delta_sensor_async.py
[2025-05-13T21:35:14.727+0000] {processor.py:753} INFO - DAG(s) dict_keys(['example_time_delta_sensor_async']) retrieved from /home/airflow/.local/lib/python3.9/site-packages/airflow/example_dags/example_time_delta_sensor_async.py
[2025-05-13T21:35:14.777+0000] {logging_mixin.py:137} INFO - [2025-05-13T21:35:14.776+0000] {dag.py:2676} INFO - Sync 1 DAGs
[2025-05-13T21:35:14.819+0000] {logging_mixin.py:137} INFO - [2025-05-13T21:35:14.818+0000] {dag.py:3423} INFO - Setting next_dagrun for example_time_delta_sensor_async to None, run_after=None
[2025-05-13T21:35:14.854+0000] {processor.py:175} INFO - Processing /home/airflow/.local/lib/python3.9/site-packages/airflow/example_dags/example_time_delta_sensor_async.py took 0.152 seconds
[2025-05-13T21:35:44.903+0000] {processor.py:153} INFO - Started process (PID=7129) to work on /home/airflow/.local/lib/python3.9/site-packages/airflow/example_dags/example_time_delta_sensor_async.py
[2025-05-13T21:35:44.904+0000] {processor.py:743} INFO - Processing file /home/airflow/.local/lib/python3.9/site-packages/airflow/example_dags/example_time_delta_sensor_async.py for tasks to queue
[2025-05-13T21:35:44.905+0000] {logging_mixin.py:137} INFO - [2025-05-13T21:35:44.905+0000] {dagbag.py:538} INFO - Filling up the DagBag from /home/airflow/.local/lib/python3.9/site-packages/airflow/example_dags/example_time_delta_sensor_async.py
[2025-05-13T21:35:44.922+0000] {processor.py:753} INFO - DAG(s) dict_keys(['example_time_delta_sensor_async']) retrieved from /home/airflow/.local/lib/python3.9/site-packages/airflow/example_dags/example_time_delta_sensor_async.py
[2025-05-13T21:35:44.968+0000] {logging_mixin.py:137} INFO - [2025-05-13T21:35:44.968+0000] {dag.py:2676} INFO - Sync 1 DAGs
[2025-05-13T21:35:44.993+0000] {logging_mixin.py:137} INFO - [2025-05-13T21:35:44.993+0000] {dag.py:3423} INFO - Setting next_dagrun for example_time_delta_sensor_async to None, run_after=None
[2025-05-13T21:35:45.016+0000] {processor.py:175} INFO - Processing /home/airflow/.local/lib/python3.9/site-packages/airflow/example_dags/example_time_delta_sensor_async.py took 0.116 seconds
[2025-05-13T21:36:15.305+0000] {processor.py:153} INFO - Started process (PID=7332) to work on /home/airflow/.local/lib/python3.9/site-packages/airflow/example_dags/example_time_delta_sensor_async.py
[2025-05-13T21:36:15.306+0000] {processor.py:743} INFO - Processing file /home/airflow/.local/lib/python3.9/site-packages/airflow/example_dags/example_time_delta_sensor_async.py for tasks to queue
[2025-05-13T21:36:15.307+0000] {logging_mixin.py:137} INFO - [2025-05-13T21:36:15.307+0000] {dagbag.py:538} INFO - Filling up the DagBag from /home/airflow/.local/lib/python3.9/site-packages/airflow/example_dags/example_time_delta_sensor_async.py
[2025-05-13T21:36:15.326+0000] {processor.py:753} INFO - DAG(s) dict_keys(['example_time_delta_sensor_async']) retrieved from /home/airflow/.local/lib/python3.9/site-packages/airflow/example_dags/example_time_delta_sensor_async.py
[2025-05-13T21:36:15.378+0000] {logging_mixin.py:137} INFO - [2025-05-13T21:36:15.377+0000] {dag.py:2676} INFO - Sync 1 DAGs
[2025-05-13T21:36:15.409+0000] {logging_mixin.py:137} INFO - [2025-05-13T21:36:15.409+0000] {dag.py:3423} INFO - Setting next_dagrun for example_time_delta_sensor_async to None, run_after=None
[2025-05-13T21:36:15.433+0000] {processor.py:175} INFO - Processing /home/airflow/.local/lib/python3.9/site-packages/airflow/example_dags/example_time_delta_sensor_async.py took 0.133 seconds
[2025-05-13T21:37:48.445+0000] {processor.py:153} INFO - Started process (PID=223) to work on /home/airflow/.local/lib/python3.9/site-packages/airflow/example_dags/example_time_delta_sensor_async.py
[2025-05-13T21:37:48.446+0000] {processor.py:743} INFO - Processing file /home/airflow/.local/lib/python3.9/site-packages/airflow/example_dags/example_time_delta_sensor_async.py for tasks to queue
[2025-05-13T21:37:48.448+0000] {logging_mixin.py:137} INFO - [2025-05-13T21:37:48.447+0000] {dagbag.py:538} INFO - Filling up the DagBag from /home/airflow/.local/lib/python3.9/site-packages/airflow/example_dags/example_time_delta_sensor_async.py
[2025-05-13T21:37:48.469+0000] {processor.py:753} INFO - DAG(s) dict_keys(['example_time_delta_sensor_async']) retrieved from /home/airflow/.local/lib/python3.9/site-packages/airflow/example_dags/example_time_delta_sensor_async.py
[2025-05-13T21:37:48.522+0000] {logging_mixin.py:137} INFO - [2025-05-13T21:37:48.522+0000] {dag.py:2676} INFO - Sync 1 DAGs
[2025-05-13T21:37:48.552+0000] {logging_mixin.py:137} INFO - [2025-05-13T21:37:48.552+0000] {dag.py:3423} INFO - Setting next_dagrun for example_time_delta_sensor_async to None, run_after=None
[2025-05-13T21:37:48.576+0000] {processor.py:175} INFO - Processing /home/airflow/.local/lib/python3.9/site-packages/airflow/example_dags/example_time_delta_sensor_async.py took 0.137 seconds
[2025-05-13T21:38:18.637+0000] {processor.py:153} INFO - Started process (PID=422) to work on /home/airflow/.local/lib/python3.9/site-packages/airflow/example_dags/example_time_delta_sensor_async.py
[2025-05-13T21:38:18.639+0000] {processor.py:743} INFO - Processing file /home/airflow/.local/lib/python3.9/site-packages/airflow/example_dags/example_time_delta_sensor_async.py for tasks to queue
[2025-05-13T21:38:18.640+0000] {logging_mixin.py:137} INFO - [2025-05-13T21:38:18.640+0000] {dagbag.py:538} INFO - Filling up the DagBag from /home/airflow/.local/lib/python3.9/site-packages/airflow/example_dags/example_time_delta_sensor_async.py
[2025-05-13T21:38:18.658+0000] {processor.py:753} INFO - DAG(s) dict_keys(['example_time_delta_sensor_async']) retrieved from /home/airflow/.local/lib/python3.9/site-packages/airflow/example_dags/example_time_delta_sensor_async.py
[2025-05-13T21:38:18.709+0000] {logging_mixin.py:137} INFO - [2025-05-13T21:38:18.709+0000] {dag.py:2676} INFO - Sync 1 DAGs
[2025-05-13T21:38:18.738+0000] {logging_mixin.py:137} INFO - [2025-05-13T21:38:18.738+0000] {dag.py:3423} INFO - Setting next_dagrun for example_time_delta_sensor_async to None, run_after=None
[2025-05-13T21:38:18.760+0000] {processor.py:175} INFO - Processing /home/airflow/.local/lib/python3.9/site-packages/airflow/example_dags/example_time_delta_sensor_async.py took 0.127 seconds
[2025-05-13T21:38:49.245+0000] {processor.py:153} INFO - Started process (PID=623) to work on /home/airflow/.local/lib/python3.9/site-packages/airflow/example_dags/example_time_delta_sensor_async.py
[2025-05-13T21:38:49.246+0000] {processor.py:743} INFO - Processing file /home/airflow/.local/lib/python3.9/site-packages/airflow/example_dags/example_time_delta_sensor_async.py for tasks to queue
[2025-05-13T21:38:49.247+0000] {logging_mixin.py:137} INFO - [2025-05-13T21:38:49.247+0000] {dagbag.py:538} INFO - Filling up the DagBag from /home/airflow/.local/lib/python3.9/site-packages/airflow/example_dags/example_time_delta_sensor_async.py
[2025-05-13T21:38:49.266+0000] {processor.py:753} INFO - DAG(s) dict_keys(['example_time_delta_sensor_async']) retrieved from /home/airflow/.local/lib/python3.9/site-packages/airflow/example_dags/example_time_delta_sensor_async.py
[2025-05-13T21:38:49.320+0000] {logging_mixin.py:137} INFO - [2025-05-13T21:38:49.319+0000] {dag.py:2676} INFO - Sync 1 DAGs
[2025-05-13T21:38:49.349+0000] {logging_mixin.py:137} INFO - [2025-05-13T21:38:49.348+0000] {dag.py:3423} INFO - Setting next_dagrun for example_time_delta_sensor_async to None, run_after=None
[2025-05-13T21:38:49.378+0000] {processor.py:175} INFO - Processing /home/airflow/.local/lib/python3.9/site-packages/airflow/example_dags/example_time_delta_sensor_async.py took 0.138 seconds
[2025-05-13T21:39:20.097+0000] {processor.py:153} INFO - Started process (PID=835) to work on /home/airflow/.local/lib/python3.9/site-packages/airflow/example_dags/example_time_delta_sensor_async.py
[2025-05-13T21:39:20.098+0000] {processor.py:743} INFO - Processing file /home/airflow/.local/lib/python3.9/site-packages/airflow/example_dags/example_time_delta_sensor_async.py for tasks to queue
[2025-05-13T21:39:20.100+0000] {logging_mixin.py:137} INFO - [2025-05-13T21:39:20.100+0000] {dagbag.py:538} INFO - Filling up the DagBag from /home/airflow/.local/lib/python3.9/site-packages/airflow/example_dags/example_time_delta_sensor_async.py
[2025-05-13T21:39:20.118+0000] {processor.py:753} INFO - DAG(s) dict_keys(['example_time_delta_sensor_async']) retrieved from /home/airflow/.local/lib/python3.9/site-packages/airflow/example_dags/example_time_delta_sensor_async.py
[2025-05-13T21:39:20.170+0000] {logging_mixin.py:137} INFO - [2025-05-13T21:39:20.170+0000] {dag.py:2676} INFO - Sync 1 DAGs
[2025-05-13T21:39:20.198+0000] {logging_mixin.py:137} INFO - [2025-05-13T21:39:20.198+0000] {dag.py:3423} INFO - Setting next_dagrun for example_time_delta_sensor_async to None, run_after=None
[2025-05-13T21:39:20.222+0000] {processor.py:175} INFO - Processing /home/airflow/.local/lib/python3.9/site-packages/airflow/example_dags/example_time_delta_sensor_async.py took 0.129 seconds
[2025-05-13T21:39:50.316+0000] {processor.py:153} INFO - Started process (PID=1038) to work on /home/airflow/.local/lib/python3.9/site-packages/airflow/example_dags/example_time_delta_sensor_async.py
[2025-05-13T21:39:50.317+0000] {processor.py:743} INFO - Processing file /home/airflow/.local/lib/python3.9/site-packages/airflow/example_dags/example_time_delta_sensor_async.py for tasks to queue
[2025-05-13T21:39:50.318+0000] {logging_mixin.py:137} INFO - [2025-05-13T21:39:50.318+0000] {dagbag.py:538} INFO - Filling up the DagBag from /home/airflow/.local/lib/python3.9/site-packages/airflow/example_dags/example_time_delta_sensor_async.py
[2025-05-13T21:39:50.335+0000] {processor.py:753} INFO - DAG(s) dict_keys(['example_time_delta_sensor_async']) retrieved from /home/airflow/.local/lib/python3.9/site-packages/airflow/example_dags/example_time_delta_sensor_async.py
[2025-05-13T21:39:50.383+0000] {logging_mixin.py:137} INFO - [2025-05-13T21:39:50.383+0000] {dag.py:2676} INFO - Sync 1 DAGs
[2025-05-13T21:39:50.411+0000] {logging_mixin.py:137} INFO - [2025-05-13T21:39:50.411+0000] {dag.py:3423} INFO - Setting next_dagrun for example_time_delta_sensor_async to None, run_after=None
[2025-05-13T21:39:50.436+0000] {processor.py:175} INFO - Processing /home/airflow/.local/lib/python3.9/site-packages/airflow/example_dags/example_time_delta_sensor_async.py took 0.124 seconds
[2025-05-13T21:40:20.598+0000] {processor.py:153} INFO - Started process (PID=1243) to work on /home/airflow/.local/lib/python3.9/site-packages/airflow/example_dags/example_time_delta_sensor_async.py
[2025-05-13T21:40:20.600+0000] {processor.py:743} INFO - Processing file /home/airflow/.local/lib/python3.9/site-packages/airflow/example_dags/example_time_delta_sensor_async.py for tasks to queue
[2025-05-13T21:40:20.602+0000] {logging_mixin.py:137} INFO - [2025-05-13T21:40:20.602+0000] {dagbag.py:538} INFO - Filling up the DagBag from /home/airflow/.local/lib/python3.9/site-packages/airflow/example_dags/example_time_delta_sensor_async.py
[2025-05-13T21:40:20.624+0000] {processor.py:753} INFO - DAG(s) dict_keys(['example_time_delta_sensor_async']) retrieved from /home/airflow/.local/lib/python3.9/site-packages/airflow/example_dags/example_time_delta_sensor_async.py
[2025-05-13T21:40:20.678+0000] {logging_mixin.py:137} INFO - [2025-05-13T21:40:20.678+0000] {dag.py:2676} INFO - Sync 1 DAGs
[2025-05-13T21:40:20.736+0000] {logging_mixin.py:137} INFO - [2025-05-13T21:40:20.735+0000] {dag.py:3423} INFO - Setting next_dagrun for example_time_delta_sensor_async to None, run_after=None
[2025-05-13T21:40:20.764+0000] {processor.py:175} INFO - Processing /home/airflow/.local/lib/python3.9/site-packages/airflow/example_dags/example_time_delta_sensor_async.py took 0.171 seconds
[2025-05-13T21:40:51.741+0000] {processor.py:153} INFO - Started process (PID=1446) to work on /home/airflow/.local/lib/python3.9/site-packages/airflow/example_dags/example_time_delta_sensor_async.py
[2025-05-13T21:40:51.742+0000] {processor.py:743} INFO - Processing file /home/airflow/.local/lib/python3.9/site-packages/airflow/example_dags/example_time_delta_sensor_async.py for tasks to queue
[2025-05-13T21:40:51.743+0000] {logging_mixin.py:137} INFO - [2025-05-13T21:40:51.743+0000] {dagbag.py:538} INFO - Filling up the DagBag from /home/airflow/.local/lib/python3.9/site-packages/airflow/example_dags/example_time_delta_sensor_async.py
[2025-05-13T21:40:51.762+0000] {processor.py:753} INFO - DAG(s) dict_keys(['example_time_delta_sensor_async']) retrieved from /home/airflow/.local/lib/python3.9/site-packages/airflow/example_dags/example_time_delta_sensor_async.py
[2025-05-13T21:40:51.824+0000] {logging_mixin.py:137} INFO - [2025-05-13T21:40:51.824+0000] {dag.py:2676} INFO - Sync 1 DAGs
[2025-05-13T21:40:51.859+0000] {logging_mixin.py:137} INFO - [2025-05-13T21:40:51.859+0000] {dag.py:3423} INFO - Setting next_dagrun for example_time_delta_sensor_async to None, run_after=None
[2025-05-13T21:40:51.887+0000] {processor.py:175} INFO - Processing /home/airflow/.local/lib/python3.9/site-packages/airflow/example_dags/example_time_delta_sensor_async.py took 0.151 seconds
[2025-05-13T21:41:22.042+0000] {processor.py:153} INFO - Started process (PID=1649) to work on /home/airflow/.local/lib/python3.9/site-packages/airflow/example_dags/example_time_delta_sensor_async.py
[2025-05-13T21:41:22.044+0000] {processor.py:743} INFO - Processing file /home/airflow/.local/lib/python3.9/site-packages/airflow/example_dags/example_time_delta_sensor_async.py for tasks to queue
[2025-05-13T21:41:22.049+0000] {logging_mixin.py:137} INFO - [2025-05-13T21:41:22.048+0000] {dagbag.py:538} INFO - Filling up the DagBag from /home/airflow/.local/lib/python3.9/site-packages/airflow/example_dags/example_time_delta_sensor_async.py
[2025-05-13T21:41:22.068+0000] {processor.py:753} INFO - DAG(s) dict_keys(['example_time_delta_sensor_async']) retrieved from /home/airflow/.local/lib/python3.9/site-packages/airflow/example_dags/example_time_delta_sensor_async.py
[2025-05-13T21:41:22.233+0000] {logging_mixin.py:137} INFO - [2025-05-13T21:41:22.232+0000] {dag.py:2676} INFO - Sync 1 DAGs
[2025-05-13T21:41:22.270+0000] {logging_mixin.py:137} INFO - [2025-05-13T21:41:22.270+0000] {dag.py:3423} INFO - Setting next_dagrun for example_time_delta_sensor_async to None, run_after=None
[2025-05-13T21:41:22.305+0000] {processor.py:175} INFO - Processing /home/airflow/.local/lib/python3.9/site-packages/airflow/example_dags/example_time_delta_sensor_async.py took 0.269 seconds
[2025-05-13T21:41:52.351+0000] {processor.py:153} INFO - Started process (PID=1849) to work on /home/airflow/.local/lib/python3.9/site-packages/airflow/example_dags/example_time_delta_sensor_async.py
[2025-05-13T21:41:52.352+0000] {processor.py:743} INFO - Processing file /home/airflow/.local/lib/python3.9/site-packages/airflow/example_dags/example_time_delta_sensor_async.py for tasks to queue
[2025-05-13T21:41:52.353+0000] {logging_mixin.py:137} INFO - [2025-05-13T21:41:52.353+0000] {dagbag.py:538} INFO - Filling up the DagBag from /home/airflow/.local/lib/python3.9/site-packages/airflow/example_dags/example_time_delta_sensor_async.py
[2025-05-13T21:41:52.371+0000] {processor.py:753} INFO - DAG(s) dict_keys(['example_time_delta_sensor_async']) retrieved from /home/airflow/.local/lib/python3.9/site-packages/airflow/example_dags/example_time_delta_sensor_async.py
[2025-05-13T21:41:52.431+0000] {logging_mixin.py:137} INFO - [2025-05-13T21:41:52.431+0000] {dag.py:2676} INFO - Sync 1 DAGs
[2025-05-13T21:41:52.482+0000] {logging_mixin.py:137} INFO - [2025-05-13T21:41:52.480+0000] {dag.py:3423} INFO - Setting next_dagrun for example_time_delta_sensor_async to None, run_after=None
[2025-05-13T21:41:52.534+0000] {processor.py:175} INFO - Processing /home/airflow/.local/lib/python3.9/site-packages/airflow/example_dags/example_time_delta_sensor_async.py took 0.188 seconds
