[2025-05-13T02:45:44.990+0000] {processor.py:153} INFO - Started process (PID=312) to work on /home/airflow/.local/lib/python3.9/site-packages/airflow/example_dags/example_short_circuit_decorator.py
[2025-05-13T02:45:44.992+0000] {processor.py:743} INFO - Processing file /home/airflow/.local/lib/python3.9/site-packages/airflow/example_dags/example_short_circuit_decorator.py for tasks to queue
[2025-05-13T02:45:44.993+0000] {logging_mixin.py:137} INFO - [2025-05-13T02:45:44.993+0000] {dagbag.py:538} INFO - Filling up the DagBag from /home/airflow/.local/lib/python3.9/site-packages/airflow/example_dags/example_short_circuit_decorator.py
[2025-05-13T02:45:45.034+0000] {processor.py:753} INFO - DAG(s) dict_keys(['example_short_circuit_decorator']) retrieved from /home/airflow/.local/lib/python3.9/site-packages/airflow/example_dags/example_short_circuit_decorator.py
[2025-05-13T02:45:45.187+0000] {logging_mixin.py:137} INFO - [2025-05-13T02:45:45.187+0000] {manager.py:504} INFO - Created Permission View: can delete on DAG:example_short_circuit_decorator
[2025-05-13T02:45:45.197+0000] {logging_mixin.py:137} INFO - [2025-05-13T02:45:45.197+0000] {manager.py:504} INFO - Created Permission View: can edit on DAG:example_short_circuit_decorator
[2025-05-13T02:45:45.205+0000] {logging_mixin.py:137} INFO - [2025-05-13T02:45:45.205+0000] {manager.py:504} INFO - Created Permission View: can read on DAG:example_short_circuit_decorator
[2025-05-13T02:45:45.206+0000] {logging_mixin.py:137} INFO - [2025-05-13T02:45:45.206+0000] {dag.py:2676} INFO - Sync 1 DAGs
[2025-05-13T02:45:45.219+0000] {logging_mixin.py:137} INFO - [2025-05-13T02:45:45.219+0000] {dag.py:2697} INFO - Creating ORM DAG for example_short_circuit_decorator
[2025-05-13T02:45:45.231+0000] {logging_mixin.py:137} INFO - [2025-05-13T02:45:45.231+0000] {dag.py:3423} INFO - Setting next_dagrun for example_short_circuit_decorator to 2025-05-12T02:45:45.231029+00:00, run_after=2025-05-13T02:45:45.231029+00:00
[2025-05-13T02:45:45.252+0000] {processor.py:175} INFO - Processing /home/airflow/.local/lib/python3.9/site-packages/airflow/example_dags/example_short_circuit_decorator.py took 0.266 seconds
[2025-05-13T02:46:16.352+0000] {processor.py:153} INFO - Started process (PID=515) to work on /home/airflow/.local/lib/python3.9/site-packages/airflow/example_dags/example_short_circuit_decorator.py
[2025-05-13T02:46:16.354+0000] {processor.py:743} INFO - Processing file /home/airflow/.local/lib/python3.9/site-packages/airflow/example_dags/example_short_circuit_decorator.py for tasks to queue
[2025-05-13T02:46:16.355+0000] {logging_mixin.py:137} INFO - [2025-05-13T02:46:16.355+0000] {dagbag.py:538} INFO - Filling up the DagBag from /home/airflow/.local/lib/python3.9/site-packages/airflow/example_dags/example_short_circuit_decorator.py
[2025-05-13T02:46:16.407+0000] {processor.py:753} INFO - DAG(s) dict_keys(['example_short_circuit_decorator']) retrieved from /home/airflow/.local/lib/python3.9/site-packages/airflow/example_dags/example_short_circuit_decorator.py
[2025-05-13T02:46:16.472+0000] {logging_mixin.py:137} INFO - [2025-05-13T02:46:16.472+0000] {dag.py:2676} INFO - Sync 1 DAGs
[2025-05-13T02:46:16.507+0000] {logging_mixin.py:137} INFO - [2025-05-13T02:46:16.507+0000] {dag.py:3423} INFO - Setting next_dagrun for example_short_circuit_decorator to 2025-05-12T02:46:16.507238+00:00, run_after=2025-05-13T02:46:16.507238+00:00
[2025-05-13T02:46:16.549+0000] {processor.py:175} INFO - Processing /home/airflow/.local/lib/python3.9/site-packages/airflow/example_dags/example_short_circuit_decorator.py took 0.202 seconds
[2025-05-13T02:46:47.184+0000] {processor.py:153} INFO - Started process (PID=713) to work on /home/airflow/.local/lib/python3.9/site-packages/airflow/example_dags/example_short_circuit_decorator.py
[2025-05-13T02:46:47.186+0000] {processor.py:743} INFO - Processing file /home/airflow/.local/lib/python3.9/site-packages/airflow/example_dags/example_short_circuit_decorator.py for tasks to queue
[2025-05-13T02:46:47.187+0000] {logging_mixin.py:137} INFO - [2025-05-13T02:46:47.187+0000] {dagbag.py:538} INFO - Filling up the DagBag from /home/airflow/.local/lib/python3.9/site-packages/airflow/example_dags/example_short_circuit_decorator.py
[2025-05-13T02:46:47.225+0000] {processor.py:753} INFO - DAG(s) dict_keys(['example_short_circuit_decorator']) retrieved from /home/airflow/.local/lib/python3.9/site-packages/airflow/example_dags/example_short_circuit_decorator.py
[2025-05-13T02:46:47.277+0000] {logging_mixin.py:137} INFO - [2025-05-13T02:46:47.277+0000] {dag.py:2676} INFO - Sync 1 DAGs
[2025-05-13T02:46:47.309+0000] {logging_mixin.py:137} INFO - [2025-05-13T02:46:47.309+0000] {dag.py:3423} INFO - Setting next_dagrun for example_short_circuit_decorator to 2025-05-12T02:46:47.308837+00:00, run_after=2025-05-13T02:46:47.308837+00:00
[2025-05-13T02:46:47.333+0000] {processor.py:175} INFO - Processing /home/airflow/.local/lib/python3.9/site-packages/airflow/example_dags/example_short_circuit_decorator.py took 0.153 seconds
[2025-05-13T02:47:18.004+0000] {processor.py:153} INFO - Started process (PID=917) to work on /home/airflow/.local/lib/python3.9/site-packages/airflow/example_dags/example_short_circuit_decorator.py
[2025-05-13T02:47:18.004+0000] {processor.py:743} INFO - Processing file /home/airflow/.local/lib/python3.9/site-packages/airflow/example_dags/example_short_circuit_decorator.py for tasks to queue
[2025-05-13T02:47:18.006+0000] {logging_mixin.py:137} INFO - [2025-05-13T02:47:18.005+0000] {dagbag.py:538} INFO - Filling up the DagBag from /home/airflow/.local/lib/python3.9/site-packages/airflow/example_dags/example_short_circuit_decorator.py
[2025-05-13T02:47:18.043+0000] {processor.py:753} INFO - DAG(s) dict_keys(['example_short_circuit_decorator']) retrieved from /home/airflow/.local/lib/python3.9/site-packages/airflow/example_dags/example_short_circuit_decorator.py
[2025-05-13T02:47:18.098+0000] {logging_mixin.py:137} INFO - [2025-05-13T02:47:18.098+0000] {dag.py:2676} INFO - Sync 1 DAGs
[2025-05-13T02:47:18.139+0000] {logging_mixin.py:137} INFO - [2025-05-13T02:47:18.139+0000] {dag.py:3423} INFO - Setting next_dagrun for example_short_circuit_decorator to 2025-05-12T02:47:18.138791+00:00, run_after=2025-05-13T02:47:18.138791+00:00
[2025-05-13T02:47:18.164+0000] {processor.py:175} INFO - Processing /home/airflow/.local/lib/python3.9/site-packages/airflow/example_dags/example_short_circuit_decorator.py took 0.165 seconds
[2025-05-13T02:47:48.352+0000] {processor.py:153} INFO - Started process (PID=1120) to work on /home/airflow/.local/lib/python3.9/site-packages/airflow/example_dags/example_short_circuit_decorator.py
[2025-05-13T02:47:48.355+0000] {processor.py:743} INFO - Processing file /home/airflow/.local/lib/python3.9/site-packages/airflow/example_dags/example_short_circuit_decorator.py for tasks to queue
[2025-05-13T02:47:48.356+0000] {logging_mixin.py:137} INFO - [2025-05-13T02:47:48.356+0000] {dagbag.py:538} INFO - Filling up the DagBag from /home/airflow/.local/lib/python3.9/site-packages/airflow/example_dags/example_short_circuit_decorator.py
[2025-05-13T02:47:48.392+0000] {processor.py:753} INFO - DAG(s) dict_keys(['example_short_circuit_decorator']) retrieved from /home/airflow/.local/lib/python3.9/site-packages/airflow/example_dags/example_short_circuit_decorator.py
[2025-05-13T02:47:48.448+0000] {logging_mixin.py:137} INFO - [2025-05-13T02:47:48.448+0000] {dag.py:2676} INFO - Sync 1 DAGs
[2025-05-13T02:47:48.480+0000] {logging_mixin.py:137} INFO - [2025-05-13T02:47:48.480+0000] {dag.py:3423} INFO - Setting next_dagrun for example_short_circuit_decorator to 2025-05-12T02:47:48.480221+00:00, run_after=2025-05-13T02:47:48.480221+00:00
[2025-05-13T02:47:48.506+0000] {processor.py:175} INFO - Processing /home/airflow/.local/lib/python3.9/site-packages/airflow/example_dags/example_short_circuit_decorator.py took 0.159 seconds
[2025-05-13T02:49:32.940+0000] {processor.py:153} INFO - Started process (PID=327) to work on /home/airflow/.local/lib/python3.9/site-packages/airflow/example_dags/example_short_circuit_decorator.py
[2025-05-13T02:49:32.942+0000] {processor.py:743} INFO - Processing file /home/airflow/.local/lib/python3.9/site-packages/airflow/example_dags/example_short_circuit_decorator.py for tasks to queue
[2025-05-13T02:49:32.943+0000] {logging_mixin.py:137} INFO - [2025-05-13T02:49:32.943+0000] {dagbag.py:538} INFO - Filling up the DagBag from /home/airflow/.local/lib/python3.9/site-packages/airflow/example_dags/example_short_circuit_decorator.py
[2025-05-13T02:49:32.996+0000] {processor.py:753} INFO - DAG(s) dict_keys(['example_short_circuit_decorator']) retrieved from /home/airflow/.local/lib/python3.9/site-packages/airflow/example_dags/example_short_circuit_decorator.py
[2025-05-13T02:49:33.065+0000] {logging_mixin.py:137} INFO - [2025-05-13T02:49:33.065+0000] {dag.py:2676} INFO - Sync 1 DAGs
[2025-05-13T02:49:33.127+0000] {logging_mixin.py:137} INFO - [2025-05-13T02:49:33.127+0000] {dag.py:3423} INFO - Setting next_dagrun for example_short_circuit_decorator to 2025-05-12T02:49:33.126861+00:00, run_after=2025-05-13T02:49:33.126861+00:00
[2025-05-13T02:49:33.184+0000] {processor.py:175} INFO - Processing /home/airflow/.local/lib/python3.9/site-packages/airflow/example_dags/example_short_circuit_decorator.py took 0.250 seconds
[2025-05-13T02:50:03.917+0000] {processor.py:153} INFO - Started process (PID=530) to work on /home/airflow/.local/lib/python3.9/site-packages/airflow/example_dags/example_short_circuit_decorator.py
[2025-05-13T02:50:03.918+0000] {processor.py:743} INFO - Processing file /home/airflow/.local/lib/python3.9/site-packages/airflow/example_dags/example_short_circuit_decorator.py for tasks to queue
[2025-05-13T02:50:03.919+0000] {logging_mixin.py:137} INFO - [2025-05-13T02:50:03.919+0000] {dagbag.py:538} INFO - Filling up the DagBag from /home/airflow/.local/lib/python3.9/site-packages/airflow/example_dags/example_short_circuit_decorator.py
[2025-05-13T02:50:03.956+0000] {processor.py:753} INFO - DAG(s) dict_keys(['example_short_circuit_decorator']) retrieved from /home/airflow/.local/lib/python3.9/site-packages/airflow/example_dags/example_short_circuit_decorator.py
[2025-05-13T02:50:04.012+0000] {logging_mixin.py:137} INFO - [2025-05-13T02:50:04.011+0000] {dag.py:2676} INFO - Sync 1 DAGs
[2025-05-13T02:50:04.094+0000] {logging_mixin.py:137} INFO - [2025-05-13T02:50:04.094+0000] {dag.py:3423} INFO - Setting next_dagrun for example_short_circuit_decorator to 2025-05-12T02:50:04.093120+00:00, run_after=2025-05-13T02:50:04.093120+00:00
[2025-05-13T02:50:04.131+0000] {processor.py:175} INFO - Processing /home/airflow/.local/lib/python3.9/site-packages/airflow/example_dags/example_short_circuit_decorator.py took 0.219 seconds
[2025-05-13T02:50:34.182+0000] {processor.py:153} INFO - Started process (PID=729) to work on /home/airflow/.local/lib/python3.9/site-packages/airflow/example_dags/example_short_circuit_decorator.py
[2025-05-13T02:50:34.184+0000] {processor.py:743} INFO - Processing file /home/airflow/.local/lib/python3.9/site-packages/airflow/example_dags/example_short_circuit_decorator.py for tasks to queue
[2025-05-13T02:50:34.185+0000] {logging_mixin.py:137} INFO - [2025-05-13T02:50:34.185+0000] {dagbag.py:538} INFO - Filling up the DagBag from /home/airflow/.local/lib/python3.9/site-packages/airflow/example_dags/example_short_circuit_decorator.py
[2025-05-13T02:50:34.240+0000] {processor.py:753} INFO - DAG(s) dict_keys(['example_short_circuit_decorator']) retrieved from /home/airflow/.local/lib/python3.9/site-packages/airflow/example_dags/example_short_circuit_decorator.py
[2025-05-13T02:50:34.303+0000] {logging_mixin.py:137} INFO - [2025-05-13T02:50:34.302+0000] {dag.py:2676} INFO - Sync 1 DAGs
[2025-05-13T02:50:34.345+0000] {logging_mixin.py:137} INFO - [2025-05-13T02:50:34.344+0000] {dag.py:3423} INFO - Setting next_dagrun for example_short_circuit_decorator to 2025-05-12T02:50:34.344575+00:00, run_after=2025-05-13T02:50:34.344575+00:00
[2025-05-13T02:50:34.380+0000] {processor.py:175} INFO - Processing /home/airflow/.local/lib/python3.9/site-packages/airflow/example_dags/example_short_circuit_decorator.py took 0.203 seconds
[2025-05-13T21:18:29.993+0000] {processor.py:153} INFO - Started process (PID=312) to work on /home/airflow/.local/lib/python3.9/site-packages/airflow/example_dags/example_short_circuit_decorator.py
[2025-05-13T21:18:29.994+0000] {processor.py:743} INFO - Processing file /home/airflow/.local/lib/python3.9/site-packages/airflow/example_dags/example_short_circuit_decorator.py for tasks to queue
[2025-05-13T21:18:29.995+0000] {logging_mixin.py:137} INFO - [2025-05-13T21:18:29.995+0000] {dagbag.py:538} INFO - Filling up the DagBag from /home/airflow/.local/lib/python3.9/site-packages/airflow/example_dags/example_short_circuit_decorator.py
[2025-05-13T21:18:30.031+0000] {processor.py:753} INFO - DAG(s) dict_keys(['example_short_circuit_decorator']) retrieved from /home/airflow/.local/lib/python3.9/site-packages/airflow/example_dags/example_short_circuit_decorator.py
[2025-05-13T21:18:30.185+0000] {logging_mixin.py:137} INFO - [2025-05-13T21:18:30.185+0000] {manager.py:504} INFO - Created Permission View: can edit on DAG:example_short_circuit_decorator
[2025-05-13T21:18:30.197+0000] {logging_mixin.py:137} INFO - [2025-05-13T21:18:30.197+0000] {manager.py:504} INFO - Created Permission View: can delete on DAG:example_short_circuit_decorator
[2025-05-13T21:18:30.212+0000] {logging_mixin.py:137} INFO - [2025-05-13T21:18:30.212+0000] {manager.py:504} INFO - Created Permission View: can read on DAG:example_short_circuit_decorator
[2025-05-13T21:18:30.212+0000] {logging_mixin.py:137} INFO - [2025-05-13T21:18:30.212+0000] {dag.py:2676} INFO - Sync 1 DAGs
[2025-05-13T21:18:30.229+0000] {logging_mixin.py:137} INFO - [2025-05-13T21:18:30.229+0000] {dag.py:2697} INFO - Creating ORM DAG for example_short_circuit_decorator
[2025-05-13T21:18:30.248+0000] {logging_mixin.py:137} INFO - [2025-05-13T21:18:30.248+0000] {dag.py:3423} INFO - Setting next_dagrun for example_short_circuit_decorator to 2025-05-12T21:18:30.248289+00:00, run_after=2025-05-13T21:18:30.248289+00:00
[2025-05-13T21:18:30.278+0000] {processor.py:175} INFO - Processing /home/airflow/.local/lib/python3.9/site-packages/airflow/example_dags/example_short_circuit_decorator.py took 0.291 seconds
[2025-05-13T21:19:00.366+0000] {processor.py:153} INFO - Started process (PID=515) to work on /home/airflow/.local/lib/python3.9/site-packages/airflow/example_dags/example_short_circuit_decorator.py
[2025-05-13T21:19:00.368+0000] {processor.py:743} INFO - Processing file /home/airflow/.local/lib/python3.9/site-packages/airflow/example_dags/example_short_circuit_decorator.py for tasks to queue
[2025-05-13T21:19:00.369+0000] {logging_mixin.py:137} INFO - [2025-05-13T21:19:00.369+0000] {dagbag.py:538} INFO - Filling up the DagBag from /home/airflow/.local/lib/python3.9/site-packages/airflow/example_dags/example_short_circuit_decorator.py
[2025-05-13T21:19:00.407+0000] {processor.py:753} INFO - DAG(s) dict_keys(['example_short_circuit_decorator']) retrieved from /home/airflow/.local/lib/python3.9/site-packages/airflow/example_dags/example_short_circuit_decorator.py
[2025-05-13T21:19:00.462+0000] {logging_mixin.py:137} INFO - [2025-05-13T21:19:00.462+0000] {dag.py:2676} INFO - Sync 1 DAGs
[2025-05-13T21:19:00.497+0000] {logging_mixin.py:137} INFO - [2025-05-13T21:19:00.496+0000] {dag.py:3423} INFO - Setting next_dagrun for example_short_circuit_decorator to 2025-05-12T21:19:00.496519+00:00, run_after=2025-05-13T21:19:00.496519+00:00
[2025-05-13T21:19:00.521+0000] {processor.py:175} INFO - Processing /home/airflow/.local/lib/python3.9/site-packages/airflow/example_dags/example_short_circuit_decorator.py took 0.159 seconds
[2025-05-13T21:19:30.591+0000] {processor.py:153} INFO - Started process (PID=712) to work on /home/airflow/.local/lib/python3.9/site-packages/airflow/example_dags/example_short_circuit_decorator.py
[2025-05-13T21:19:30.593+0000] {processor.py:743} INFO - Processing file /home/airflow/.local/lib/python3.9/site-packages/airflow/example_dags/example_short_circuit_decorator.py for tasks to queue
[2025-05-13T21:19:30.596+0000] {logging_mixin.py:137} INFO - [2025-05-13T21:19:30.596+0000] {dagbag.py:538} INFO - Filling up the DagBag from /home/airflow/.local/lib/python3.9/site-packages/airflow/example_dags/example_short_circuit_decorator.py
[2025-05-13T21:19:30.660+0000] {processor.py:753} INFO - DAG(s) dict_keys(['example_short_circuit_decorator']) retrieved from /home/airflow/.local/lib/python3.9/site-packages/airflow/example_dags/example_short_circuit_decorator.py
[2025-05-13T21:19:30.733+0000] {logging_mixin.py:137} INFO - [2025-05-13T21:19:30.733+0000] {dag.py:2676} INFO - Sync 1 DAGs
[2025-05-13T21:19:30.771+0000] {logging_mixin.py:137} INFO - [2025-05-13T21:19:30.771+0000] {dag.py:3423} INFO - Setting next_dagrun for example_short_circuit_decorator to 2025-05-12T21:19:30.770643+00:00, run_after=2025-05-13T21:19:30.770643+00:00
[2025-05-13T21:19:30.811+0000] {processor.py:175} INFO - Processing /home/airflow/.local/lib/python3.9/site-packages/airflow/example_dags/example_short_circuit_decorator.py took 0.225 seconds
[2025-05-13T21:20:01.263+0000] {processor.py:153} INFO - Started process (PID=915) to work on /home/airflow/.local/lib/python3.9/site-packages/airflow/example_dags/example_short_circuit_decorator.py
[2025-05-13T21:20:01.267+0000] {processor.py:743} INFO - Processing file /home/airflow/.local/lib/python3.9/site-packages/airflow/example_dags/example_short_circuit_decorator.py for tasks to queue
[2025-05-13T21:20:01.273+0000] {logging_mixin.py:137} INFO - [2025-05-13T21:20:01.273+0000] {dagbag.py:538} INFO - Filling up the DagBag from /home/airflow/.local/lib/python3.9/site-packages/airflow/example_dags/example_short_circuit_decorator.py
[2025-05-13T21:20:01.414+0000] {processor.py:753} INFO - DAG(s) dict_keys(['example_short_circuit_decorator']) retrieved from /home/airflow/.local/lib/python3.9/site-packages/airflow/example_dags/example_short_circuit_decorator.py
[2025-05-13T21:20:01.546+0000] {logging_mixin.py:137} INFO - [2025-05-13T21:20:01.545+0000] {dag.py:2676} INFO - Sync 1 DAGs
[2025-05-13T21:20:01.628+0000] {logging_mixin.py:137} INFO - [2025-05-13T21:20:01.628+0000] {dag.py:3423} INFO - Setting next_dagrun for example_short_circuit_decorator to 2025-05-12T21:20:01.627699+00:00, run_after=2025-05-13T21:20:01.627699+00:00
[2025-05-13T21:20:01.703+0000] {processor.py:175} INFO - Processing /home/airflow/.local/lib/python3.9/site-packages/airflow/example_dags/example_short_circuit_decorator.py took 0.450 seconds
[2025-05-13T21:20:32.347+0000] {processor.py:153} INFO - Started process (PID=1118) to work on /home/airflow/.local/lib/python3.9/site-packages/airflow/example_dags/example_short_circuit_decorator.py
[2025-05-13T21:20:32.349+0000] {processor.py:743} INFO - Processing file /home/airflow/.local/lib/python3.9/site-packages/airflow/example_dags/example_short_circuit_decorator.py for tasks to queue
[2025-05-13T21:20:32.350+0000] {logging_mixin.py:137} INFO - [2025-05-13T21:20:32.350+0000] {dagbag.py:538} INFO - Filling up the DagBag from /home/airflow/.local/lib/python3.9/site-packages/airflow/example_dags/example_short_circuit_decorator.py
[2025-05-13T21:20:32.386+0000] {processor.py:753} INFO - DAG(s) dict_keys(['example_short_circuit_decorator']) retrieved from /home/airflow/.local/lib/python3.9/site-packages/airflow/example_dags/example_short_circuit_decorator.py
[2025-05-13T21:20:32.440+0000] {logging_mixin.py:137} INFO - [2025-05-13T21:20:32.440+0000] {dag.py:2676} INFO - Sync 1 DAGs
[2025-05-13T21:20:32.470+0000] {logging_mixin.py:137} INFO - [2025-05-13T21:20:32.470+0000] {dag.py:3423} INFO - Setting next_dagrun for example_short_circuit_decorator to 2025-05-12T21:20:32.470150+00:00, run_after=2025-05-13T21:20:32.470150+00:00
[2025-05-13T21:20:32.501+0000] {processor.py:175} INFO - Processing /home/airflow/.local/lib/python3.9/site-packages/airflow/example_dags/example_short_circuit_decorator.py took 0.158 seconds
[2025-05-13T21:21:02.534+0000] {processor.py:153} INFO - Started process (PID=1321) to work on /home/airflow/.local/lib/python3.9/site-packages/airflow/example_dags/example_short_circuit_decorator.py
[2025-05-13T21:21:02.536+0000] {processor.py:743} INFO - Processing file /home/airflow/.local/lib/python3.9/site-packages/airflow/example_dags/example_short_circuit_decorator.py for tasks to queue
[2025-05-13T21:21:02.537+0000] {logging_mixin.py:137} INFO - [2025-05-13T21:21:02.537+0000] {dagbag.py:538} INFO - Filling up the DagBag from /home/airflow/.local/lib/python3.9/site-packages/airflow/example_dags/example_short_circuit_decorator.py
[2025-05-13T21:21:02.573+0000] {processor.py:753} INFO - DAG(s) dict_keys(['example_short_circuit_decorator']) retrieved from /home/airflow/.local/lib/python3.9/site-packages/airflow/example_dags/example_short_circuit_decorator.py
[2025-05-13T21:21:02.628+0000] {logging_mixin.py:137} INFO - [2025-05-13T21:21:02.628+0000] {dag.py:2676} INFO - Sync 1 DAGs
[2025-05-13T21:21:02.661+0000] {logging_mixin.py:137} INFO - [2025-05-13T21:21:02.661+0000] {dag.py:3423} INFO - Setting next_dagrun for example_short_circuit_decorator to 2025-05-12T21:21:02.661420+00:00, run_after=2025-05-13T21:21:02.661420+00:00
[2025-05-13T21:21:02.686+0000] {processor.py:175} INFO - Processing /home/airflow/.local/lib/python3.9/site-packages/airflow/example_dags/example_short_circuit_decorator.py took 0.157 seconds
[2025-05-13T21:21:33.016+0000] {processor.py:153} INFO - Started process (PID=1524) to work on /home/airflow/.local/lib/python3.9/site-packages/airflow/example_dags/example_short_circuit_decorator.py
[2025-05-13T21:21:33.017+0000] {processor.py:743} INFO - Processing file /home/airflow/.local/lib/python3.9/site-packages/airflow/example_dags/example_short_circuit_decorator.py for tasks to queue
[2025-05-13T21:21:33.018+0000] {logging_mixin.py:137} INFO - [2025-05-13T21:21:33.018+0000] {dagbag.py:538} INFO - Filling up the DagBag from /home/airflow/.local/lib/python3.9/site-packages/airflow/example_dags/example_short_circuit_decorator.py
[2025-05-13T21:21:33.057+0000] {processor.py:753} INFO - DAG(s) dict_keys(['example_short_circuit_decorator']) retrieved from /home/airflow/.local/lib/python3.9/site-packages/airflow/example_dags/example_short_circuit_decorator.py
[2025-05-13T21:21:33.118+0000] {logging_mixin.py:137} INFO - [2025-05-13T21:21:33.118+0000] {dag.py:2676} INFO - Sync 1 DAGs
[2025-05-13T21:21:33.153+0000] {logging_mixin.py:137} INFO - [2025-05-13T21:21:33.153+0000] {dag.py:3423} INFO - Setting next_dagrun for example_short_circuit_decorator to 2025-05-12T21:21:33.153179+00:00, run_after=2025-05-13T21:21:33.153179+00:00
[2025-05-13T21:21:33.180+0000] {processor.py:175} INFO - Processing /home/airflow/.local/lib/python3.9/site-packages/airflow/example_dags/example_short_circuit_decorator.py took 0.169 seconds
[2025-05-13T21:22:03.782+0000] {processor.py:153} INFO - Started process (PID=1727) to work on /home/airflow/.local/lib/python3.9/site-packages/airflow/example_dags/example_short_circuit_decorator.py
[2025-05-13T21:22:03.783+0000] {processor.py:743} INFO - Processing file /home/airflow/.local/lib/python3.9/site-packages/airflow/example_dags/example_short_circuit_decorator.py for tasks to queue
[2025-05-13T21:22:03.784+0000] {logging_mixin.py:137} INFO - [2025-05-13T21:22:03.784+0000] {dagbag.py:538} INFO - Filling up the DagBag from /home/airflow/.local/lib/python3.9/site-packages/airflow/example_dags/example_short_circuit_decorator.py
[2025-05-13T21:22:03.816+0000] {processor.py:753} INFO - DAG(s) dict_keys(['example_short_circuit_decorator']) retrieved from /home/airflow/.local/lib/python3.9/site-packages/airflow/example_dags/example_short_circuit_decorator.py
[2025-05-13T21:22:03.864+0000] {logging_mixin.py:137} INFO - [2025-05-13T21:22:03.864+0000] {dag.py:2676} INFO - Sync 1 DAGs
[2025-05-13T21:22:03.891+0000] {logging_mixin.py:137} INFO - [2025-05-13T21:22:03.890+0000] {dag.py:3423} INFO - Setting next_dagrun for example_short_circuit_decorator to 2025-05-12T21:22:03.890643+00:00, run_after=2025-05-13T21:22:03.890643+00:00
[2025-05-13T21:22:03.916+0000] {processor.py:175} INFO - Processing /home/airflow/.local/lib/python3.9/site-packages/airflow/example_dags/example_short_circuit_decorator.py took 0.138 seconds
[2025-05-13T21:22:34.314+0000] {processor.py:153} INFO - Started process (PID=1932) to work on /home/airflow/.local/lib/python3.9/site-packages/airflow/example_dags/example_short_circuit_decorator.py
[2025-05-13T21:22:34.315+0000] {processor.py:743} INFO - Processing file /home/airflow/.local/lib/python3.9/site-packages/airflow/example_dags/example_short_circuit_decorator.py for tasks to queue
[2025-05-13T21:22:34.316+0000] {logging_mixin.py:137} INFO - [2025-05-13T21:22:34.316+0000] {dagbag.py:538} INFO - Filling up the DagBag from /home/airflow/.local/lib/python3.9/site-packages/airflow/example_dags/example_short_circuit_decorator.py
[2025-05-13T21:22:34.352+0000] {processor.py:753} INFO - DAG(s) dict_keys(['example_short_circuit_decorator']) retrieved from /home/airflow/.local/lib/python3.9/site-packages/airflow/example_dags/example_short_circuit_decorator.py
[2025-05-13T21:22:34.411+0000] {logging_mixin.py:137} INFO - [2025-05-13T21:22:34.411+0000] {dag.py:2676} INFO - Sync 1 DAGs
[2025-05-13T21:22:34.444+0000] {logging_mixin.py:137} INFO - [2025-05-13T21:22:34.444+0000] {dag.py:3423} INFO - Setting next_dagrun for example_short_circuit_decorator to 2025-05-12T21:22:34.444386+00:00, run_after=2025-05-13T21:22:34.444386+00:00
[2025-05-13T21:22:34.470+0000] {processor.py:175} INFO - Processing /home/airflow/.local/lib/python3.9/site-packages/airflow/example_dags/example_short_circuit_decorator.py took 0.161 seconds
[2025-05-13T21:23:04.809+0000] {processor.py:153} INFO - Started process (PID=2136) to work on /home/airflow/.local/lib/python3.9/site-packages/airflow/example_dags/example_short_circuit_decorator.py
[2025-05-13T21:23:04.811+0000] {processor.py:743} INFO - Processing file /home/airflow/.local/lib/python3.9/site-packages/airflow/example_dags/example_short_circuit_decorator.py for tasks to queue
[2025-05-13T21:23:04.815+0000] {logging_mixin.py:137} INFO - [2025-05-13T21:23:04.814+0000] {dagbag.py:538} INFO - Filling up the DagBag from /home/airflow/.local/lib/python3.9/site-packages/airflow/example_dags/example_short_circuit_decorator.py
[2025-05-13T21:23:04.848+0000] {processor.py:753} INFO - DAG(s) dict_keys(['example_short_circuit_decorator']) retrieved from /home/airflow/.local/lib/python3.9/site-packages/airflow/example_dags/example_short_circuit_decorator.py
[2025-05-13T21:23:04.901+0000] {logging_mixin.py:137} INFO - [2025-05-13T21:23:04.900+0000] {dag.py:2676} INFO - Sync 1 DAGs
[2025-05-13T21:23:04.931+0000] {logging_mixin.py:137} INFO - [2025-05-13T21:23:04.931+0000] {dag.py:3423} INFO - Setting next_dagrun for example_short_circuit_decorator to 2025-05-12T21:23:04.931243+00:00, run_after=2025-05-13T21:23:04.931243+00:00
[2025-05-13T21:23:04.962+0000] {processor.py:175} INFO - Processing /home/airflow/.local/lib/python3.9/site-packages/airflow/example_dags/example_short_circuit_decorator.py took 0.157 seconds
[2025-05-13T21:23:35.354+0000] {processor.py:153} INFO - Started process (PID=2338) to work on /home/airflow/.local/lib/python3.9/site-packages/airflow/example_dags/example_short_circuit_decorator.py
[2025-05-13T21:23:35.356+0000] {processor.py:743} INFO - Processing file /home/airflow/.local/lib/python3.9/site-packages/airflow/example_dags/example_short_circuit_decorator.py for tasks to queue
[2025-05-13T21:23:35.357+0000] {logging_mixin.py:137} INFO - [2025-05-13T21:23:35.357+0000] {dagbag.py:538} INFO - Filling up the DagBag from /home/airflow/.local/lib/python3.9/site-packages/airflow/example_dags/example_short_circuit_decorator.py
[2025-05-13T21:23:35.398+0000] {processor.py:753} INFO - DAG(s) dict_keys(['example_short_circuit_decorator']) retrieved from /home/airflow/.local/lib/python3.9/site-packages/airflow/example_dags/example_short_circuit_decorator.py
[2025-05-13T21:23:35.452+0000] {logging_mixin.py:137} INFO - [2025-05-13T21:23:35.452+0000] {dag.py:2676} INFO - Sync 1 DAGs
[2025-05-13T21:23:35.482+0000] {logging_mixin.py:137} INFO - [2025-05-13T21:23:35.482+0000] {dag.py:3423} INFO - Setting next_dagrun for example_short_circuit_decorator to 2025-05-12T21:23:35.482308+00:00, run_after=2025-05-13T21:23:35.482308+00:00
[2025-05-13T21:23:35.504+0000] {processor.py:175} INFO - Processing /home/airflow/.local/lib/python3.9/site-packages/airflow/example_dags/example_short_circuit_decorator.py took 0.156 seconds
[2025-05-13T21:24:05.968+0000] {processor.py:153} INFO - Started process (PID=2541) to work on /home/airflow/.local/lib/python3.9/site-packages/airflow/example_dags/example_short_circuit_decorator.py
[2025-05-13T21:24:05.970+0000] {processor.py:743} INFO - Processing file /home/airflow/.local/lib/python3.9/site-packages/airflow/example_dags/example_short_circuit_decorator.py for tasks to queue
[2025-05-13T21:24:05.971+0000] {logging_mixin.py:137} INFO - [2025-05-13T21:24:05.971+0000] {dagbag.py:538} INFO - Filling up the DagBag from /home/airflow/.local/lib/python3.9/site-packages/airflow/example_dags/example_short_circuit_decorator.py
[2025-05-13T21:24:06.001+0000] {processor.py:753} INFO - DAG(s) dict_keys(['example_short_circuit_decorator']) retrieved from /home/airflow/.local/lib/python3.9/site-packages/airflow/example_dags/example_short_circuit_decorator.py
[2025-05-13T21:24:06.046+0000] {logging_mixin.py:137} INFO - [2025-05-13T21:24:06.046+0000] {dag.py:2676} INFO - Sync 1 DAGs
[2025-05-13T21:24:06.073+0000] {logging_mixin.py:137} INFO - [2025-05-13T21:24:06.073+0000] {dag.py:3423} INFO - Setting next_dagrun for example_short_circuit_decorator to 2025-05-12T21:24:06.072887+00:00, run_after=2025-05-13T21:24:06.072887+00:00
[2025-05-13T21:24:06.095+0000] {processor.py:175} INFO - Processing /home/airflow/.local/lib/python3.9/site-packages/airflow/example_dags/example_short_circuit_decorator.py took 0.131 seconds
[2025-05-13T21:24:37.155+0000] {processor.py:153} INFO - Started process (PID=2745) to work on /home/airflow/.local/lib/python3.9/site-packages/airflow/example_dags/example_short_circuit_decorator.py
[2025-05-13T21:24:37.157+0000] {processor.py:743} INFO - Processing file /home/airflow/.local/lib/python3.9/site-packages/airflow/example_dags/example_short_circuit_decorator.py for tasks to queue
[2025-05-13T21:24:37.158+0000] {logging_mixin.py:137} INFO - [2025-05-13T21:24:37.158+0000] {dagbag.py:538} INFO - Filling up the DagBag from /home/airflow/.local/lib/python3.9/site-packages/airflow/example_dags/example_short_circuit_decorator.py
[2025-05-13T21:24:37.199+0000] {processor.py:753} INFO - DAG(s) dict_keys(['example_short_circuit_decorator']) retrieved from /home/airflow/.local/lib/python3.9/site-packages/airflow/example_dags/example_short_circuit_decorator.py
[2025-05-13T21:24:37.251+0000] {logging_mixin.py:137} INFO - [2025-05-13T21:24:37.251+0000] {dag.py:2676} INFO - Sync 1 DAGs
[2025-05-13T21:24:37.281+0000] {logging_mixin.py:137} INFO - [2025-05-13T21:24:37.280+0000] {dag.py:3423} INFO - Setting next_dagrun for example_short_circuit_decorator to 2025-05-12T21:24:37.280669+00:00, run_after=2025-05-13T21:24:37.280669+00:00
[2025-05-13T21:24:37.306+0000] {processor.py:175} INFO - Processing /home/airflow/.local/lib/python3.9/site-packages/airflow/example_dags/example_short_circuit_decorator.py took 0.160 seconds
[2025-05-13T21:25:07.985+0000] {processor.py:153} INFO - Started process (PID=2944) to work on /home/airflow/.local/lib/python3.9/site-packages/airflow/example_dags/example_short_circuit_decorator.py
[2025-05-13T21:25:07.986+0000] {processor.py:743} INFO - Processing file /home/airflow/.local/lib/python3.9/site-packages/airflow/example_dags/example_short_circuit_decorator.py for tasks to queue
[2025-05-13T21:25:07.987+0000] {logging_mixin.py:137} INFO - [2025-05-13T21:25:07.987+0000] {dagbag.py:538} INFO - Filling up the DagBag from /home/airflow/.local/lib/python3.9/site-packages/airflow/example_dags/example_short_circuit_decorator.py
[2025-05-13T21:25:08.022+0000] {processor.py:753} INFO - DAG(s) dict_keys(['example_short_circuit_decorator']) retrieved from /home/airflow/.local/lib/python3.9/site-packages/airflow/example_dags/example_short_circuit_decorator.py
[2025-05-13T21:25:08.068+0000] {logging_mixin.py:137} INFO - [2025-05-13T21:25:08.068+0000] {dag.py:2676} INFO - Sync 1 DAGs
[2025-05-13T21:25:08.094+0000] {logging_mixin.py:137} INFO - [2025-05-13T21:25:08.094+0000] {dag.py:3423} INFO - Setting next_dagrun for example_short_circuit_decorator to 2025-05-12T21:25:08.094459+00:00, run_after=2025-05-13T21:25:08.094459+00:00
[2025-05-13T21:25:08.116+0000] {processor.py:175} INFO - Processing /home/airflow/.local/lib/python3.9/site-packages/airflow/example_dags/example_short_circuit_decorator.py took 0.135 seconds
[2025-05-13T21:25:38.619+0000] {processor.py:153} INFO - Started process (PID=3147) to work on /home/airflow/.local/lib/python3.9/site-packages/airflow/example_dags/example_short_circuit_decorator.py
[2025-05-13T21:25:38.620+0000] {processor.py:743} INFO - Processing file /home/airflow/.local/lib/python3.9/site-packages/airflow/example_dags/example_short_circuit_decorator.py for tasks to queue
[2025-05-13T21:25:38.621+0000] {logging_mixin.py:137} INFO - [2025-05-13T21:25:38.621+0000] {dagbag.py:538} INFO - Filling up the DagBag from /home/airflow/.local/lib/python3.9/site-packages/airflow/example_dags/example_short_circuit_decorator.py
[2025-05-13T21:25:38.657+0000] {processor.py:753} INFO - DAG(s) dict_keys(['example_short_circuit_decorator']) retrieved from /home/airflow/.local/lib/python3.9/site-packages/airflow/example_dags/example_short_circuit_decorator.py
[2025-05-13T21:25:38.705+0000] {logging_mixin.py:137} INFO - [2025-05-13T21:25:38.705+0000] {dag.py:2676} INFO - Sync 1 DAGs
[2025-05-13T21:25:38.735+0000] {logging_mixin.py:137} INFO - [2025-05-13T21:25:38.735+0000] {dag.py:3423} INFO - Setting next_dagrun for example_short_circuit_decorator to 2025-05-12T21:25:38.735393+00:00, run_after=2025-05-13T21:25:38.735393+00:00
[2025-05-13T21:25:38.761+0000] {processor.py:175} INFO - Processing /home/airflow/.local/lib/python3.9/site-packages/airflow/example_dags/example_short_circuit_decorator.py took 0.147 seconds
[2025-05-13T21:26:09.223+0000] {processor.py:153} INFO - Started process (PID=3362) to work on /home/airflow/.local/lib/python3.9/site-packages/airflow/example_dags/example_short_circuit_decorator.py
[2025-05-13T21:26:09.224+0000] {processor.py:743} INFO - Processing file /home/airflow/.local/lib/python3.9/site-packages/airflow/example_dags/example_short_circuit_decorator.py for tasks to queue
[2025-05-13T21:26:09.225+0000] {logging_mixin.py:137} INFO - [2025-05-13T21:26:09.225+0000] {dagbag.py:538} INFO - Filling up the DagBag from /home/airflow/.local/lib/python3.9/site-packages/airflow/example_dags/example_short_circuit_decorator.py
[2025-05-13T21:26:09.265+0000] {processor.py:753} INFO - DAG(s) dict_keys(['example_short_circuit_decorator']) retrieved from /home/airflow/.local/lib/python3.9/site-packages/airflow/example_dags/example_short_circuit_decorator.py
[2025-05-13T21:26:09.317+0000] {logging_mixin.py:137} INFO - [2025-05-13T21:26:09.317+0000] {dag.py:2676} INFO - Sync 1 DAGs
[2025-05-13T21:26:09.350+0000] {logging_mixin.py:137} INFO - [2025-05-13T21:26:09.350+0000] {dag.py:3423} INFO - Setting next_dagrun for example_short_circuit_decorator to 2025-05-12T21:26:09.350117+00:00, run_after=2025-05-13T21:26:09.350117+00:00
[2025-05-13T21:26:09.378+0000] {processor.py:175} INFO - Processing /home/airflow/.local/lib/python3.9/site-packages/airflow/example_dags/example_short_circuit_decorator.py took 0.160 seconds
[2025-05-13T21:26:40.074+0000] {processor.py:153} INFO - Started process (PID=3565) to work on /home/airflow/.local/lib/python3.9/site-packages/airflow/example_dags/example_short_circuit_decorator.py
[2025-05-13T21:26:40.075+0000] {processor.py:743} INFO - Processing file /home/airflow/.local/lib/python3.9/site-packages/airflow/example_dags/example_short_circuit_decorator.py for tasks to queue
[2025-05-13T21:26:40.076+0000] {logging_mixin.py:137} INFO - [2025-05-13T21:26:40.076+0000] {dagbag.py:538} INFO - Filling up the DagBag from /home/airflow/.local/lib/python3.9/site-packages/airflow/example_dags/example_short_circuit_decorator.py
[2025-05-13T21:26:40.113+0000] {processor.py:753} INFO - DAG(s) dict_keys(['example_short_circuit_decorator']) retrieved from /home/airflow/.local/lib/python3.9/site-packages/airflow/example_dags/example_short_circuit_decorator.py
[2025-05-13T21:26:40.164+0000] {logging_mixin.py:137} INFO - [2025-05-13T21:26:40.164+0000] {dag.py:2676} INFO - Sync 1 DAGs
[2025-05-13T21:26:40.193+0000] {logging_mixin.py:137} INFO - [2025-05-13T21:26:40.193+0000] {dag.py:3423} INFO - Setting next_dagrun for example_short_circuit_decorator to 2025-05-12T21:26:40.193002+00:00, run_after=2025-05-13T21:26:40.193002+00:00
[2025-05-13T21:26:40.218+0000] {processor.py:175} INFO - Processing /home/airflow/.local/lib/python3.9/site-packages/airflow/example_dags/example_short_circuit_decorator.py took 0.148 seconds
[2025-05-13T21:27:10.302+0000] {processor.py:153} INFO - Started process (PID=3768) to work on /home/airflow/.local/lib/python3.9/site-packages/airflow/example_dags/example_short_circuit_decorator.py
[2025-05-13T21:27:10.304+0000] {processor.py:743} INFO - Processing file /home/airflow/.local/lib/python3.9/site-packages/airflow/example_dags/example_short_circuit_decorator.py for tasks to queue
[2025-05-13T21:27:10.305+0000] {logging_mixin.py:137} INFO - [2025-05-13T21:27:10.304+0000] {dagbag.py:538} INFO - Filling up the DagBag from /home/airflow/.local/lib/python3.9/site-packages/airflow/example_dags/example_short_circuit_decorator.py
[2025-05-13T21:27:10.339+0000] {processor.py:753} INFO - DAG(s) dict_keys(['example_short_circuit_decorator']) retrieved from /home/airflow/.local/lib/python3.9/site-packages/airflow/example_dags/example_short_circuit_decorator.py
[2025-05-13T21:27:10.387+0000] {logging_mixin.py:137} INFO - [2025-05-13T21:27:10.387+0000] {dag.py:2676} INFO - Sync 1 DAGs
[2025-05-13T21:27:10.417+0000] {logging_mixin.py:137} INFO - [2025-05-13T21:27:10.417+0000] {dag.py:3423} INFO - Setting next_dagrun for example_short_circuit_decorator to 2025-05-12T21:27:10.416861+00:00, run_after=2025-05-13T21:27:10.416861+00:00
[2025-05-13T21:27:10.441+0000] {processor.py:175} INFO - Processing /home/airflow/.local/lib/python3.9/site-packages/airflow/example_dags/example_short_circuit_decorator.py took 0.143 seconds
[2025-05-13T21:27:41.048+0000] {processor.py:153} INFO - Started process (PID=3971) to work on /home/airflow/.local/lib/python3.9/site-packages/airflow/example_dags/example_short_circuit_decorator.py
[2025-05-13T21:27:41.051+0000] {processor.py:743} INFO - Processing file /home/airflow/.local/lib/python3.9/site-packages/airflow/example_dags/example_short_circuit_decorator.py for tasks to queue
[2025-05-13T21:27:41.052+0000] {logging_mixin.py:137} INFO - [2025-05-13T21:27:41.051+0000] {dagbag.py:538} INFO - Filling up the DagBag from /home/airflow/.local/lib/python3.9/site-packages/airflow/example_dags/example_short_circuit_decorator.py
[2025-05-13T21:27:41.087+0000] {processor.py:753} INFO - DAG(s) dict_keys(['example_short_circuit_decorator']) retrieved from /home/airflow/.local/lib/python3.9/site-packages/airflow/example_dags/example_short_circuit_decorator.py
[2025-05-13T21:27:41.136+0000] {logging_mixin.py:137} INFO - [2025-05-13T21:27:41.136+0000] {dag.py:2676} INFO - Sync 1 DAGs
[2025-05-13T21:27:41.168+0000] {logging_mixin.py:137} INFO - [2025-05-13T21:27:41.167+0000] {dag.py:3423} INFO - Setting next_dagrun for example_short_circuit_decorator to 2025-05-12T21:27:41.167479+00:00, run_after=2025-05-13T21:27:41.167479+00:00
[2025-05-13T21:27:41.192+0000] {processor.py:175} INFO - Processing /home/airflow/.local/lib/python3.9/site-packages/airflow/example_dags/example_short_circuit_decorator.py took 0.147 seconds
[2025-05-13T21:28:11.682+0000] {processor.py:153} INFO - Started process (PID=4172) to work on /home/airflow/.local/lib/python3.9/site-packages/airflow/example_dags/example_short_circuit_decorator.py
[2025-05-13T21:28:11.683+0000] {processor.py:743} INFO - Processing file /home/airflow/.local/lib/python3.9/site-packages/airflow/example_dags/example_short_circuit_decorator.py for tasks to queue
[2025-05-13T21:28:11.685+0000] {logging_mixin.py:137} INFO - [2025-05-13T21:28:11.685+0000] {dagbag.py:538} INFO - Filling up the DagBag from /home/airflow/.local/lib/python3.9/site-packages/airflow/example_dags/example_short_circuit_decorator.py
[2025-05-13T21:28:11.726+0000] {processor.py:753} INFO - DAG(s) dict_keys(['example_short_circuit_decorator']) retrieved from /home/airflow/.local/lib/python3.9/site-packages/airflow/example_dags/example_short_circuit_decorator.py
[2025-05-13T21:28:11.761+0000] {logging_mixin.py:137} INFO - [2025-05-13T21:28:11.761+0000] {dag.py:2676} INFO - Sync 1 DAGs
[2025-05-13T21:28:11.796+0000] {logging_mixin.py:137} INFO - [2025-05-13T21:28:11.796+0000] {dag.py:3423} INFO - Setting next_dagrun for example_short_circuit_decorator to 2025-05-12T21:28:11.796332+00:00, run_after=2025-05-13T21:28:11.796332+00:00
[2025-05-13T21:28:11.824+0000] {processor.py:175} INFO - Processing /home/airflow/.local/lib/python3.9/site-packages/airflow/example_dags/example_short_circuit_decorator.py took 0.147 seconds
[2025-05-13T21:28:42.458+0000] {processor.py:153} INFO - Started process (PID=4375) to work on /home/airflow/.local/lib/python3.9/site-packages/airflow/example_dags/example_short_circuit_decorator.py
[2025-05-13T21:28:42.459+0000] {processor.py:743} INFO - Processing file /home/airflow/.local/lib/python3.9/site-packages/airflow/example_dags/example_short_circuit_decorator.py for tasks to queue
[2025-05-13T21:28:42.461+0000] {logging_mixin.py:137} INFO - [2025-05-13T21:28:42.461+0000] {dagbag.py:538} INFO - Filling up the DagBag from /home/airflow/.local/lib/python3.9/site-packages/airflow/example_dags/example_short_circuit_decorator.py
[2025-05-13T21:28:42.495+0000] {processor.py:753} INFO - DAG(s) dict_keys(['example_short_circuit_decorator']) retrieved from /home/airflow/.local/lib/python3.9/site-packages/airflow/example_dags/example_short_circuit_decorator.py
[2025-05-13T21:28:42.542+0000] {logging_mixin.py:137} INFO - [2025-05-13T21:28:42.542+0000] {dag.py:2676} INFO - Sync 1 DAGs
[2025-05-13T21:28:42.569+0000] {logging_mixin.py:137} INFO - [2025-05-13T21:28:42.569+0000] {dag.py:3423} INFO - Setting next_dagrun for example_short_circuit_decorator to 2025-05-12T21:28:42.569007+00:00, run_after=2025-05-13T21:28:42.569007+00:00
[2025-05-13T21:28:42.588+0000] {processor.py:175} INFO - Processing /home/airflow/.local/lib/python3.9/site-packages/airflow/example_dags/example_short_circuit_decorator.py took 0.135 seconds
[2025-05-13T21:29:13.339+0000] {processor.py:153} INFO - Started process (PID=4579) to work on /home/airflow/.local/lib/python3.9/site-packages/airflow/example_dags/example_short_circuit_decorator.py
[2025-05-13T21:29:13.340+0000] {processor.py:743} INFO - Processing file /home/airflow/.local/lib/python3.9/site-packages/airflow/example_dags/example_short_circuit_decorator.py for tasks to queue
[2025-05-13T21:29:13.341+0000] {logging_mixin.py:137} INFO - [2025-05-13T21:29:13.341+0000] {dagbag.py:538} INFO - Filling up the DagBag from /home/airflow/.local/lib/python3.9/site-packages/airflow/example_dags/example_short_circuit_decorator.py
[2025-05-13T21:29:13.379+0000] {processor.py:753} INFO - DAG(s) dict_keys(['example_short_circuit_decorator']) retrieved from /home/airflow/.local/lib/python3.9/site-packages/airflow/example_dags/example_short_circuit_decorator.py
[2025-05-13T21:29:13.433+0000] {logging_mixin.py:137} INFO - [2025-05-13T21:29:13.433+0000] {dag.py:2676} INFO - Sync 1 DAGs
[2025-05-13T21:29:13.467+0000] {logging_mixin.py:137} INFO - [2025-05-13T21:29:13.467+0000] {dag.py:3423} INFO - Setting next_dagrun for example_short_circuit_decorator to 2025-05-12T21:29:13.467424+00:00, run_after=2025-05-13T21:29:13.467424+00:00
[2025-05-13T21:29:13.492+0000] {processor.py:175} INFO - Processing /home/airflow/.local/lib/python3.9/site-packages/airflow/example_dags/example_short_circuit_decorator.py took 0.157 seconds
[2025-05-13T21:29:44.329+0000] {processor.py:153} INFO - Started process (PID=4781) to work on /home/airflow/.local/lib/python3.9/site-packages/airflow/example_dags/example_short_circuit_decorator.py
[2025-05-13T21:29:44.330+0000] {processor.py:743} INFO - Processing file /home/airflow/.local/lib/python3.9/site-packages/airflow/example_dags/example_short_circuit_decorator.py for tasks to queue
[2025-05-13T21:29:44.336+0000] {logging_mixin.py:137} INFO - [2025-05-13T21:29:44.336+0000] {dagbag.py:538} INFO - Filling up the DagBag from /home/airflow/.local/lib/python3.9/site-packages/airflow/example_dags/example_short_circuit_decorator.py
[2025-05-13T21:29:44.385+0000] {processor.py:753} INFO - DAG(s) dict_keys(['example_short_circuit_decorator']) retrieved from /home/airflow/.local/lib/python3.9/site-packages/airflow/example_dags/example_short_circuit_decorator.py
[2025-05-13T21:29:44.448+0000] {logging_mixin.py:137} INFO - [2025-05-13T21:29:44.448+0000] {dag.py:2676} INFO - Sync 1 DAGs
[2025-05-13T21:29:44.483+0000] {logging_mixin.py:137} INFO - [2025-05-13T21:29:44.482+0000] {dag.py:3423} INFO - Setting next_dagrun for example_short_circuit_decorator to 2025-05-12T21:29:44.482593+00:00, run_after=2025-05-13T21:29:44.482593+00:00
[2025-05-13T21:29:44.508+0000] {processor.py:175} INFO - Processing /home/airflow/.local/lib/python3.9/site-packages/airflow/example_dags/example_short_circuit_decorator.py took 0.184 seconds
[2025-05-13T21:30:15.271+0000] {processor.py:153} INFO - Started process (PID=4984) to work on /home/airflow/.local/lib/python3.9/site-packages/airflow/example_dags/example_short_circuit_decorator.py
[2025-05-13T21:30:15.272+0000] {processor.py:743} INFO - Processing file /home/airflow/.local/lib/python3.9/site-packages/airflow/example_dags/example_short_circuit_decorator.py for tasks to queue
[2025-05-13T21:30:15.273+0000] {logging_mixin.py:137} INFO - [2025-05-13T21:30:15.272+0000] {dagbag.py:538} INFO - Filling up the DagBag from /home/airflow/.local/lib/python3.9/site-packages/airflow/example_dags/example_short_circuit_decorator.py
[2025-05-13T21:30:15.351+0000] {processor.py:753} INFO - DAG(s) dict_keys(['example_short_circuit_decorator']) retrieved from /home/airflow/.local/lib/python3.9/site-packages/airflow/example_dags/example_short_circuit_decorator.py
[2025-05-13T21:30:15.400+0000] {logging_mixin.py:137} INFO - [2025-05-13T21:30:15.399+0000] {dag.py:2676} INFO - Sync 1 DAGs
[2025-05-13T21:30:15.424+0000] {logging_mixin.py:137} INFO - [2025-05-13T21:30:15.424+0000] {dag.py:3423} INFO - Setting next_dagrun for example_short_circuit_decorator to 2025-05-12T21:30:15.424427+00:00, run_after=2025-05-13T21:30:15.424427+00:00
[2025-05-13T21:30:15.441+0000] {processor.py:175} INFO - Processing /home/airflow/.local/lib/python3.9/site-packages/airflow/example_dags/example_short_circuit_decorator.py took 0.175 seconds
[2025-05-13T21:30:45.580+0000] {processor.py:153} INFO - Started process (PID=5183) to work on /home/airflow/.local/lib/python3.9/site-packages/airflow/example_dags/example_short_circuit_decorator.py
[2025-05-13T21:30:45.582+0000] {processor.py:743} INFO - Processing file /home/airflow/.local/lib/python3.9/site-packages/airflow/example_dags/example_short_circuit_decorator.py for tasks to queue
[2025-05-13T21:30:45.583+0000] {logging_mixin.py:137} INFO - [2025-05-13T21:30:45.583+0000] {dagbag.py:538} INFO - Filling up the DagBag from /home/airflow/.local/lib/python3.9/site-packages/airflow/example_dags/example_short_circuit_decorator.py
[2025-05-13T21:30:45.618+0000] {processor.py:753} INFO - DAG(s) dict_keys(['example_short_circuit_decorator']) retrieved from /home/airflow/.local/lib/python3.9/site-packages/airflow/example_dags/example_short_circuit_decorator.py
[2025-05-13T21:30:45.671+0000] {logging_mixin.py:137} INFO - [2025-05-13T21:30:45.671+0000] {dag.py:2676} INFO - Sync 1 DAGs
[2025-05-13T21:30:45.702+0000] {logging_mixin.py:137} INFO - [2025-05-13T21:30:45.702+0000] {dag.py:3423} INFO - Setting next_dagrun for example_short_circuit_decorator to 2025-05-12T21:30:45.702194+00:00, run_after=2025-05-13T21:30:45.702194+00:00
[2025-05-13T21:30:45.726+0000] {processor.py:175} INFO - Processing /home/airflow/.local/lib/python3.9/site-packages/airflow/example_dags/example_short_circuit_decorator.py took 0.150 seconds
[2025-05-13T21:31:16.007+0000] {processor.py:153} INFO - Started process (PID=5389) to work on /home/airflow/.local/lib/python3.9/site-packages/airflow/example_dags/example_short_circuit_decorator.py
[2025-05-13T21:31:16.009+0000] {processor.py:743} INFO - Processing file /home/airflow/.local/lib/python3.9/site-packages/airflow/example_dags/example_short_circuit_decorator.py for tasks to queue
[2025-05-13T21:31:16.010+0000] {logging_mixin.py:137} INFO - [2025-05-13T21:31:16.010+0000] {dagbag.py:538} INFO - Filling up the DagBag from /home/airflow/.local/lib/python3.9/site-packages/airflow/example_dags/example_short_circuit_decorator.py
[2025-05-13T21:31:16.047+0000] {processor.py:753} INFO - DAG(s) dict_keys(['example_short_circuit_decorator']) retrieved from /home/airflow/.local/lib/python3.9/site-packages/airflow/example_dags/example_short_circuit_decorator.py
[2025-05-13T21:31:16.095+0000] {logging_mixin.py:137} INFO - [2025-05-13T21:31:16.095+0000] {dag.py:2676} INFO - Sync 1 DAGs
[2025-05-13T21:31:16.122+0000] {logging_mixin.py:137} INFO - [2025-05-13T21:31:16.122+0000] {dag.py:3423} INFO - Setting next_dagrun for example_short_circuit_decorator to 2025-05-12T21:31:16.121992+00:00, run_after=2025-05-13T21:31:16.121992+00:00
[2025-05-13T21:31:16.144+0000] {processor.py:175} INFO - Processing /home/airflow/.local/lib/python3.9/site-packages/airflow/example_dags/example_short_circuit_decorator.py took 0.141 seconds
[2025-05-13T21:31:46.489+0000] {processor.py:153} INFO - Started process (PID=5590) to work on /home/airflow/.local/lib/python3.9/site-packages/airflow/example_dags/example_short_circuit_decorator.py
[2025-05-13T21:31:46.490+0000] {processor.py:743} INFO - Processing file /home/airflow/.local/lib/python3.9/site-packages/airflow/example_dags/example_short_circuit_decorator.py for tasks to queue
[2025-05-13T21:31:46.491+0000] {logging_mixin.py:137} INFO - [2025-05-13T21:31:46.491+0000] {dagbag.py:538} INFO - Filling up the DagBag from /home/airflow/.local/lib/python3.9/site-packages/airflow/example_dags/example_short_circuit_decorator.py
[2025-05-13T21:31:46.525+0000] {processor.py:753} INFO - DAG(s) dict_keys(['example_short_circuit_decorator']) retrieved from /home/airflow/.local/lib/python3.9/site-packages/airflow/example_dags/example_short_circuit_decorator.py
[2025-05-13T21:31:46.558+0000] {logging_mixin.py:137} INFO - [2025-05-13T21:31:46.558+0000] {dag.py:2676} INFO - Sync 1 DAGs
[2025-05-13T21:31:46.590+0000] {logging_mixin.py:137} INFO - [2025-05-13T21:31:46.590+0000] {dag.py:3423} INFO - Setting next_dagrun for example_short_circuit_decorator to 2025-05-12T21:31:46.590132+00:00, run_after=2025-05-13T21:31:46.590132+00:00
[2025-05-13T21:31:46.614+0000] {processor.py:175} INFO - Processing /home/airflow/.local/lib/python3.9/site-packages/airflow/example_dags/example_short_circuit_decorator.py took 0.129 seconds
[2025-05-13T21:32:17.245+0000] {processor.py:153} INFO - Started process (PID=5795) to work on /home/airflow/.local/lib/python3.9/site-packages/airflow/example_dags/example_short_circuit_decorator.py
[2025-05-13T21:32:17.246+0000] {processor.py:743} INFO - Processing file /home/airflow/.local/lib/python3.9/site-packages/airflow/example_dags/example_short_circuit_decorator.py for tasks to queue
[2025-05-13T21:32:17.247+0000] {logging_mixin.py:137} INFO - [2025-05-13T21:32:17.247+0000] {dagbag.py:538} INFO - Filling up the DagBag from /home/airflow/.local/lib/python3.9/site-packages/airflow/example_dags/example_short_circuit_decorator.py
[2025-05-13T21:32:17.281+0000] {processor.py:753} INFO - DAG(s) dict_keys(['example_short_circuit_decorator']) retrieved from /home/airflow/.local/lib/python3.9/site-packages/airflow/example_dags/example_short_circuit_decorator.py
[2025-05-13T21:32:17.335+0000] {logging_mixin.py:137} INFO - [2025-05-13T21:32:17.335+0000] {dag.py:2676} INFO - Sync 1 DAGs
[2025-05-13T21:32:17.368+0000] {logging_mixin.py:137} INFO - [2025-05-13T21:32:17.367+0000] {dag.py:3423} INFO - Setting next_dagrun for example_short_circuit_decorator to 2025-05-12T21:32:17.367491+00:00, run_after=2025-05-13T21:32:17.367491+00:00
[2025-05-13T21:32:17.395+0000] {processor.py:175} INFO - Processing /home/airflow/.local/lib/python3.9/site-packages/airflow/example_dags/example_short_circuit_decorator.py took 0.154 seconds
[2025-05-13T21:32:47.809+0000] {processor.py:153} INFO - Started process (PID=5998) to work on /home/airflow/.local/lib/python3.9/site-packages/airflow/example_dags/example_short_circuit_decorator.py
[2025-05-13T21:32:47.810+0000] {processor.py:743} INFO - Processing file /home/airflow/.local/lib/python3.9/site-packages/airflow/example_dags/example_short_circuit_decorator.py for tasks to queue
[2025-05-13T21:32:47.811+0000] {logging_mixin.py:137} INFO - [2025-05-13T21:32:47.811+0000] {dagbag.py:538} INFO - Filling up the DagBag from /home/airflow/.local/lib/python3.9/site-packages/airflow/example_dags/example_short_circuit_decorator.py
[2025-05-13T21:32:47.844+0000] {processor.py:753} INFO - DAG(s) dict_keys(['example_short_circuit_decorator']) retrieved from /home/airflow/.local/lib/python3.9/site-packages/airflow/example_dags/example_short_circuit_decorator.py
[2025-05-13T21:32:47.889+0000] {logging_mixin.py:137} INFO - [2025-05-13T21:32:47.889+0000] {dag.py:2676} INFO - Sync 1 DAGs
[2025-05-13T21:32:47.920+0000] {logging_mixin.py:137} INFO - [2025-05-13T21:32:47.920+0000] {dag.py:3423} INFO - Setting next_dagrun for example_short_circuit_decorator to 2025-05-12T21:32:47.920331+00:00, run_after=2025-05-13T21:32:47.920331+00:00
[2025-05-13T21:32:47.943+0000] {processor.py:175} INFO - Processing /home/airflow/.local/lib/python3.9/site-packages/airflow/example_dags/example_short_circuit_decorator.py took 0.138 seconds
[2025-05-13T21:33:18.131+0000] {processor.py:153} INFO - Started process (PID=6201) to work on /home/airflow/.local/lib/python3.9/site-packages/airflow/example_dags/example_short_circuit_decorator.py
[2025-05-13T21:33:18.132+0000] {processor.py:743} INFO - Processing file /home/airflow/.local/lib/python3.9/site-packages/airflow/example_dags/example_short_circuit_decorator.py for tasks to queue
[2025-05-13T21:33:18.133+0000] {logging_mixin.py:137} INFO - [2025-05-13T21:33:18.133+0000] {dagbag.py:538} INFO - Filling up the DagBag from /home/airflow/.local/lib/python3.9/site-packages/airflow/example_dags/example_short_circuit_decorator.py
[2025-05-13T21:33:18.168+0000] {processor.py:753} INFO - DAG(s) dict_keys(['example_short_circuit_decorator']) retrieved from /home/airflow/.local/lib/python3.9/site-packages/airflow/example_dags/example_short_circuit_decorator.py
[2025-05-13T21:33:18.219+0000] {logging_mixin.py:137} INFO - [2025-05-13T21:33:18.219+0000] {dag.py:2676} INFO - Sync 1 DAGs
[2025-05-13T21:33:18.249+0000] {logging_mixin.py:137} INFO - [2025-05-13T21:33:18.249+0000] {dag.py:3423} INFO - Setting next_dagrun for example_short_circuit_decorator to 2025-05-12T21:33:18.248842+00:00, run_after=2025-05-13T21:33:18.248842+00:00
[2025-05-13T21:33:18.274+0000] {processor.py:175} INFO - Processing /home/airflow/.local/lib/python3.9/site-packages/airflow/example_dags/example_short_circuit_decorator.py took 0.146 seconds
[2025-05-13T21:33:49.342+0000] {processor.py:153} INFO - Started process (PID=6404) to work on /home/airflow/.local/lib/python3.9/site-packages/airflow/example_dags/example_short_circuit_decorator.py
[2025-05-13T21:33:49.344+0000] {processor.py:743} INFO - Processing file /home/airflow/.local/lib/python3.9/site-packages/airflow/example_dags/example_short_circuit_decorator.py for tasks to queue
[2025-05-13T21:33:49.346+0000] {logging_mixin.py:137} INFO - [2025-05-13T21:33:49.345+0000] {dagbag.py:538} INFO - Filling up the DagBag from /home/airflow/.local/lib/python3.9/site-packages/airflow/example_dags/example_short_circuit_decorator.py
[2025-05-13T21:33:49.430+0000] {processor.py:753} INFO - DAG(s) dict_keys(['example_short_circuit_decorator']) retrieved from /home/airflow/.local/lib/python3.9/site-packages/airflow/example_dags/example_short_circuit_decorator.py
[2025-05-13T21:33:49.507+0000] {logging_mixin.py:137} INFO - [2025-05-13T21:33:49.507+0000] {dag.py:2676} INFO - Sync 1 DAGs
[2025-05-13T21:33:49.591+0000] {logging_mixin.py:137} INFO - [2025-05-13T21:33:49.591+0000] {dag.py:3423} INFO - Setting next_dagrun for example_short_circuit_decorator to 2025-05-12T21:33:49.591137+00:00, run_after=2025-05-13T21:33:49.591137+00:00
[2025-05-13T21:33:49.634+0000] {processor.py:175} INFO - Processing /home/airflow/.local/lib/python3.9/site-packages/airflow/example_dags/example_short_circuit_decorator.py took 0.297 seconds
[2025-05-13T21:34:20.556+0000] {processor.py:153} INFO - Started process (PID=6607) to work on /home/airflow/.local/lib/python3.9/site-packages/airflow/example_dags/example_short_circuit_decorator.py
[2025-05-13T21:34:20.557+0000] {processor.py:743} INFO - Processing file /home/airflow/.local/lib/python3.9/site-packages/airflow/example_dags/example_short_circuit_decorator.py for tasks to queue
[2025-05-13T21:34:20.558+0000] {logging_mixin.py:137} INFO - [2025-05-13T21:34:20.558+0000] {dagbag.py:538} INFO - Filling up the DagBag from /home/airflow/.local/lib/python3.9/site-packages/airflow/example_dags/example_short_circuit_decorator.py
[2025-05-13T21:34:20.594+0000] {processor.py:753} INFO - DAG(s) dict_keys(['example_short_circuit_decorator']) retrieved from /home/airflow/.local/lib/python3.9/site-packages/airflow/example_dags/example_short_circuit_decorator.py
[2025-05-13T21:34:20.646+0000] {logging_mixin.py:137} INFO - [2025-05-13T21:34:20.645+0000] {dag.py:2676} INFO - Sync 1 DAGs
[2025-05-13T21:34:20.673+0000] {logging_mixin.py:137} INFO - [2025-05-13T21:34:20.673+0000] {dag.py:3423} INFO - Setting next_dagrun for example_short_circuit_decorator to 2025-05-12T21:34:20.673111+00:00, run_after=2025-05-13T21:34:20.673111+00:00
[2025-05-13T21:34:20.695+0000] {processor.py:175} INFO - Processing /home/airflow/.local/lib/python3.9/site-packages/airflow/example_dags/example_short_circuit_decorator.py took 0.144 seconds
[2025-05-13T21:34:51.471+0000] {processor.py:153} INFO - Started process (PID=6816) to work on /home/airflow/.local/lib/python3.9/site-packages/airflow/example_dags/example_short_circuit_decorator.py
[2025-05-13T21:34:51.473+0000] {processor.py:743} INFO - Processing file /home/airflow/.local/lib/python3.9/site-packages/airflow/example_dags/example_short_circuit_decorator.py for tasks to queue
[2025-05-13T21:34:51.474+0000] {logging_mixin.py:137} INFO - [2025-05-13T21:34:51.473+0000] {dagbag.py:538} INFO - Filling up the DagBag from /home/airflow/.local/lib/python3.9/site-packages/airflow/example_dags/example_short_circuit_decorator.py
[2025-05-13T21:34:51.520+0000] {processor.py:753} INFO - DAG(s) dict_keys(['example_short_circuit_decorator']) retrieved from /home/airflow/.local/lib/python3.9/site-packages/airflow/example_dags/example_short_circuit_decorator.py
[2025-05-13T21:34:51.579+0000] {logging_mixin.py:137} INFO - [2025-05-13T21:34:51.579+0000] {dag.py:2676} INFO - Sync 1 DAGs
[2025-05-13T21:34:51.617+0000] {logging_mixin.py:137} INFO - [2025-05-13T21:34:51.617+0000] {dag.py:3423} INFO - Setting next_dagrun for example_short_circuit_decorator to 2025-05-12T21:34:51.617057+00:00, run_after=2025-05-13T21:34:51.617057+00:00
[2025-05-13T21:34:51.647+0000] {processor.py:175} INFO - Processing /home/airflow/.local/lib/python3.9/site-packages/airflow/example_dags/example_short_circuit_decorator.py took 0.180 seconds
[2025-05-13T21:35:22.010+0000] {processor.py:153} INFO - Started process (PID=7022) to work on /home/airflow/.local/lib/python3.9/site-packages/airflow/example_dags/example_short_circuit_decorator.py
[2025-05-13T21:35:22.013+0000] {processor.py:743} INFO - Processing file /home/airflow/.local/lib/python3.9/site-packages/airflow/example_dags/example_short_circuit_decorator.py for tasks to queue
[2025-05-13T21:35:22.016+0000] {logging_mixin.py:137} INFO - [2025-05-13T21:35:22.015+0000] {dagbag.py:538} INFO - Filling up the DagBag from /home/airflow/.local/lib/python3.9/site-packages/airflow/example_dags/example_short_circuit_decorator.py
[2025-05-13T21:35:22.085+0000] {processor.py:753} INFO - DAG(s) dict_keys(['example_short_circuit_decorator']) retrieved from /home/airflow/.local/lib/python3.9/site-packages/airflow/example_dags/example_short_circuit_decorator.py
[2025-05-13T21:35:22.161+0000] {logging_mixin.py:137} INFO - [2025-05-13T21:35:22.161+0000] {dag.py:2676} INFO - Sync 1 DAGs
[2025-05-13T21:35:22.202+0000] {logging_mixin.py:137} INFO - [2025-05-13T21:35:22.202+0000] {dag.py:3423} INFO - Setting next_dagrun for example_short_circuit_decorator to 2025-05-12T21:35:22.201865+00:00, run_after=2025-05-13T21:35:22.201865+00:00
[2025-05-13T21:35:22.236+0000] {processor.py:175} INFO - Processing /home/airflow/.local/lib/python3.9/site-packages/airflow/example_dags/example_short_circuit_decorator.py took 0.235 seconds
[2025-05-13T21:35:52.709+0000] {processor.py:153} INFO - Started process (PID=7225) to work on /home/airflow/.local/lib/python3.9/site-packages/airflow/example_dags/example_short_circuit_decorator.py
[2025-05-13T21:35:52.710+0000] {processor.py:743} INFO - Processing file /home/airflow/.local/lib/python3.9/site-packages/airflow/example_dags/example_short_circuit_decorator.py for tasks to queue
[2025-05-13T21:35:52.711+0000] {logging_mixin.py:137} INFO - [2025-05-13T21:35:52.710+0000] {dagbag.py:538} INFO - Filling up the DagBag from /home/airflow/.local/lib/python3.9/site-packages/airflow/example_dags/example_short_circuit_decorator.py
[2025-05-13T21:35:52.738+0000] {processor.py:753} INFO - DAG(s) dict_keys(['example_short_circuit_decorator']) retrieved from /home/airflow/.local/lib/python3.9/site-packages/airflow/example_dags/example_short_circuit_decorator.py
[2025-05-13T21:35:52.782+0000] {logging_mixin.py:137} INFO - [2025-05-13T21:35:52.782+0000] {dag.py:2676} INFO - Sync 1 DAGs
[2025-05-13T21:35:52.810+0000] {logging_mixin.py:137} INFO - [2025-05-13T21:35:52.809+0000] {dag.py:3423} INFO - Setting next_dagrun for example_short_circuit_decorator to 2025-05-12T21:35:52.809666+00:00, run_after=2025-05-13T21:35:52.809666+00:00
[2025-05-13T21:35:52.831+0000] {processor.py:175} INFO - Processing /home/airflow/.local/lib/python3.9/site-packages/airflow/example_dags/example_short_circuit_decorator.py took 0.125 seconds
[2025-05-13T21:36:23.290+0000] {processor.py:153} INFO - Started process (PID=7426) to work on /home/airflow/.local/lib/python3.9/site-packages/airflow/example_dags/example_short_circuit_decorator.py
[2025-05-13T21:36:23.295+0000] {processor.py:743} INFO - Processing file /home/airflow/.local/lib/python3.9/site-packages/airflow/example_dags/example_short_circuit_decorator.py for tasks to queue
[2025-05-13T21:36:23.296+0000] {logging_mixin.py:137} INFO - [2025-05-13T21:36:23.296+0000] {dagbag.py:538} INFO - Filling up the DagBag from /home/airflow/.local/lib/python3.9/site-packages/airflow/example_dags/example_short_circuit_decorator.py
[2025-05-13T21:36:23.337+0000] {processor.py:753} INFO - DAG(s) dict_keys(['example_short_circuit_decorator']) retrieved from /home/airflow/.local/lib/python3.9/site-packages/airflow/example_dags/example_short_circuit_decorator.py
[2025-05-13T21:36:23.401+0000] {logging_mixin.py:137} INFO - [2025-05-13T21:36:23.401+0000] {dag.py:2676} INFO - Sync 1 DAGs
[2025-05-13T21:36:23.436+0000] {logging_mixin.py:137} INFO - [2025-05-13T21:36:23.435+0000] {dag.py:3423} INFO - Setting next_dagrun for example_short_circuit_decorator to 2025-05-12T21:36:23.435095+00:00, run_after=2025-05-13T21:36:23.435095+00:00
[2025-05-13T21:36:23.469+0000] {processor.py:175} INFO - Processing /home/airflow/.local/lib/python3.9/site-packages/airflow/example_dags/example_short_circuit_decorator.py took 0.183 seconds
[2025-05-13T21:37:51.913+0000] {processor.py:153} INFO - Started process (PID=320) to work on /home/airflow/.local/lib/python3.9/site-packages/airflow/example_dags/example_short_circuit_decorator.py
[2025-05-13T21:37:51.915+0000] {processor.py:743} INFO - Processing file /home/airflow/.local/lib/python3.9/site-packages/airflow/example_dags/example_short_circuit_decorator.py for tasks to queue
[2025-05-13T21:37:51.916+0000] {logging_mixin.py:137} INFO - [2025-05-13T21:37:51.916+0000] {dagbag.py:538} INFO - Filling up the DagBag from /home/airflow/.local/lib/python3.9/site-packages/airflow/example_dags/example_short_circuit_decorator.py
[2025-05-13T21:37:51.961+0000] {processor.py:753} INFO - DAG(s) dict_keys(['example_short_circuit_decorator']) retrieved from /home/airflow/.local/lib/python3.9/site-packages/airflow/example_dags/example_short_circuit_decorator.py
[2025-05-13T21:37:52.021+0000] {logging_mixin.py:137} INFO - [2025-05-13T21:37:52.020+0000] {dag.py:2676} INFO - Sync 1 DAGs
[2025-05-13T21:37:52.057+0000] {logging_mixin.py:137} INFO - [2025-05-13T21:37:52.057+0000] {dag.py:3423} INFO - Setting next_dagrun for example_short_circuit_decorator to 2025-05-12T21:37:52.057076+00:00, run_after=2025-05-13T21:37:52.057076+00:00
[2025-05-13T21:37:52.085+0000] {processor.py:175} INFO - Processing /home/airflow/.local/lib/python3.9/site-packages/airflow/example_dags/example_short_circuit_decorator.py took 0.177 seconds
[2025-05-13T21:38:23.487+0000] {processor.py:153} INFO - Started process (PID=523) to work on /home/airflow/.local/lib/python3.9/site-packages/airflow/example_dags/example_short_circuit_decorator.py
[2025-05-13T21:38:23.489+0000] {processor.py:743} INFO - Processing file /home/airflow/.local/lib/python3.9/site-packages/airflow/example_dags/example_short_circuit_decorator.py for tasks to queue
[2025-05-13T21:38:23.491+0000] {logging_mixin.py:137} INFO - [2025-05-13T21:38:23.490+0000] {dagbag.py:538} INFO - Filling up the DagBag from /home/airflow/.local/lib/python3.9/site-packages/airflow/example_dags/example_short_circuit_decorator.py
[2025-05-13T21:38:23.556+0000] {processor.py:753} INFO - DAG(s) dict_keys(['example_short_circuit_decorator']) retrieved from /home/airflow/.local/lib/python3.9/site-packages/airflow/example_dags/example_short_circuit_decorator.py
[2025-05-13T21:38:23.612+0000] {logging_mixin.py:137} INFO - [2025-05-13T21:38:23.612+0000] {dag.py:2676} INFO - Sync 1 DAGs
[2025-05-13T21:38:23.643+0000] {logging_mixin.py:137} INFO - [2025-05-13T21:38:23.642+0000] {dag.py:3423} INFO - Setting next_dagrun for example_short_circuit_decorator to 2025-05-12T21:38:23.642631+00:00, run_after=2025-05-13T21:38:23.642631+00:00
[2025-05-13T21:38:23.671+0000] {processor.py:175} INFO - Processing /home/airflow/.local/lib/python3.9/site-packages/airflow/example_dags/example_short_circuit_decorator.py took 0.188 seconds
[2025-05-13T21:38:54.251+0000] {processor.py:153} INFO - Started process (PID=720) to work on /home/airflow/.local/lib/python3.9/site-packages/airflow/example_dags/example_short_circuit_decorator.py
[2025-05-13T21:38:54.252+0000] {processor.py:743} INFO - Processing file /home/airflow/.local/lib/python3.9/site-packages/airflow/example_dags/example_short_circuit_decorator.py for tasks to queue
[2025-05-13T21:38:54.253+0000] {logging_mixin.py:137} INFO - [2025-05-13T21:38:54.253+0000] {dagbag.py:538} INFO - Filling up the DagBag from /home/airflow/.local/lib/python3.9/site-packages/airflow/example_dags/example_short_circuit_decorator.py
[2025-05-13T21:38:54.294+0000] {processor.py:753} INFO - DAG(s) dict_keys(['example_short_circuit_decorator']) retrieved from /home/airflow/.local/lib/python3.9/site-packages/airflow/example_dags/example_short_circuit_decorator.py
[2025-05-13T21:38:54.353+0000] {logging_mixin.py:137} INFO - [2025-05-13T21:38:54.353+0000] {dag.py:2676} INFO - Sync 1 DAGs
[2025-05-13T21:38:54.386+0000] {logging_mixin.py:137} INFO - [2025-05-13T21:38:54.385+0000] {dag.py:3423} INFO - Setting next_dagrun for example_short_circuit_decorator to 2025-05-12T21:38:54.385395+00:00, run_after=2025-05-13T21:38:54.385395+00:00
[2025-05-13T21:38:54.417+0000] {processor.py:175} INFO - Processing /home/airflow/.local/lib/python3.9/site-packages/airflow/example_dags/example_short_circuit_decorator.py took 0.171 seconds
[2025-05-13T21:39:24.889+0000] {processor.py:153} INFO - Started process (PID=925) to work on /home/airflow/.local/lib/python3.9/site-packages/airflow/example_dags/example_short_circuit_decorator.py
[2025-05-13T21:39:24.890+0000] {processor.py:743} INFO - Processing file /home/airflow/.local/lib/python3.9/site-packages/airflow/example_dags/example_short_circuit_decorator.py for tasks to queue
[2025-05-13T21:39:24.891+0000] {logging_mixin.py:137} INFO - [2025-05-13T21:39:24.891+0000] {dagbag.py:538} INFO - Filling up the DagBag from /home/airflow/.local/lib/python3.9/site-packages/airflow/example_dags/example_short_circuit_decorator.py
[2025-05-13T21:39:24.927+0000] {processor.py:753} INFO - DAG(s) dict_keys(['example_short_circuit_decorator']) retrieved from /home/airflow/.local/lib/python3.9/site-packages/airflow/example_dags/example_short_circuit_decorator.py
[2025-05-13T21:39:24.984+0000] {logging_mixin.py:137} INFO - [2025-05-13T21:39:24.984+0000] {dag.py:2676} INFO - Sync 1 DAGs
[2025-05-13T21:39:25.025+0000] {logging_mixin.py:137} INFO - [2025-05-13T21:39:25.025+0000] {dag.py:3423} INFO - Setting next_dagrun for example_short_circuit_decorator to 2025-05-12T21:39:25.025189+00:00, run_after=2025-05-13T21:39:25.025189+00:00
[2025-05-13T21:39:25.065+0000] {processor.py:175} INFO - Processing /home/airflow/.local/lib/python3.9/site-packages/airflow/example_dags/example_short_circuit_decorator.py took 0.181 seconds
[2025-05-13T21:39:55.188+0000] {processor.py:153} INFO - Started process (PID=1126) to work on /home/airflow/.local/lib/python3.9/site-packages/airflow/example_dags/example_short_circuit_decorator.py
[2025-05-13T21:39:55.190+0000] {processor.py:743} INFO - Processing file /home/airflow/.local/lib/python3.9/site-packages/airflow/example_dags/example_short_circuit_decorator.py for tasks to queue
[2025-05-13T21:39:55.191+0000] {logging_mixin.py:137} INFO - [2025-05-13T21:39:55.190+0000] {dagbag.py:538} INFO - Filling up the DagBag from /home/airflow/.local/lib/python3.9/site-packages/airflow/example_dags/example_short_circuit_decorator.py
[2025-05-13T21:39:55.226+0000] {processor.py:753} INFO - DAG(s) dict_keys(['example_short_circuit_decorator']) retrieved from /home/airflow/.local/lib/python3.9/site-packages/airflow/example_dags/example_short_circuit_decorator.py
[2025-05-13T21:39:55.276+0000] {logging_mixin.py:137} INFO - [2025-05-13T21:39:55.276+0000] {dag.py:2676} INFO - Sync 1 DAGs
[2025-05-13T21:39:55.305+0000] {logging_mixin.py:137} INFO - [2025-05-13T21:39:55.305+0000] {dag.py:3423} INFO - Setting next_dagrun for example_short_circuit_decorator to 2025-05-12T21:39:55.304907+00:00, run_after=2025-05-13T21:39:55.304907+00:00
[2025-05-13T21:39:55.328+0000] {processor.py:175} INFO - Processing /home/airflow/.local/lib/python3.9/site-packages/airflow/example_dags/example_short_circuit_decorator.py took 0.144 seconds
[2025-05-13T21:40:25.465+0000] {processor.py:153} INFO - Started process (PID=1333) to work on /home/airflow/.local/lib/python3.9/site-packages/airflow/example_dags/example_short_circuit_decorator.py
[2025-05-13T21:40:25.466+0000] {processor.py:743} INFO - Processing file /home/airflow/.local/lib/python3.9/site-packages/airflow/example_dags/example_short_circuit_decorator.py for tasks to queue
[2025-05-13T21:40:25.467+0000] {logging_mixin.py:137} INFO - [2025-05-13T21:40:25.467+0000] {dagbag.py:538} INFO - Filling up the DagBag from /home/airflow/.local/lib/python3.9/site-packages/airflow/example_dags/example_short_circuit_decorator.py
[2025-05-13T21:40:25.506+0000] {processor.py:753} INFO - DAG(s) dict_keys(['example_short_circuit_decorator']) retrieved from /home/airflow/.local/lib/python3.9/site-packages/airflow/example_dags/example_short_circuit_decorator.py
[2025-05-13T21:40:25.564+0000] {logging_mixin.py:137} INFO - [2025-05-13T21:40:25.563+0000] {dag.py:2676} INFO - Sync 1 DAGs
[2025-05-13T21:40:25.598+0000] {logging_mixin.py:137} INFO - [2025-05-13T21:40:25.597+0000] {dag.py:3423} INFO - Setting next_dagrun for example_short_circuit_decorator to 2025-05-12T21:40:25.597464+00:00, run_after=2025-05-13T21:40:25.597464+00:00
[2025-05-13T21:40:25.635+0000] {processor.py:175} INFO - Processing /home/airflow/.local/lib/python3.9/site-packages/airflow/example_dags/example_short_circuit_decorator.py took 0.174 seconds
[2025-05-13T21:40:55.825+0000] {processor.py:153} INFO - Started process (PID=1536) to work on /home/airflow/.local/lib/python3.9/site-packages/airflow/example_dags/example_short_circuit_decorator.py
[2025-05-13T21:40:55.827+0000] {processor.py:743} INFO - Processing file /home/airflow/.local/lib/python3.9/site-packages/airflow/example_dags/example_short_circuit_decorator.py for tasks to queue
[2025-05-13T21:40:55.828+0000] {logging_mixin.py:137} INFO - [2025-05-13T21:40:55.828+0000] {dagbag.py:538} INFO - Filling up the DagBag from /home/airflow/.local/lib/python3.9/site-packages/airflow/example_dags/example_short_circuit_decorator.py
[2025-05-13T21:40:55.866+0000] {processor.py:753} INFO - DAG(s) dict_keys(['example_short_circuit_decorator']) retrieved from /home/airflow/.local/lib/python3.9/site-packages/airflow/example_dags/example_short_circuit_decorator.py
[2025-05-13T21:40:55.922+0000] {logging_mixin.py:137} INFO - [2025-05-13T21:40:55.922+0000] {dag.py:2676} INFO - Sync 1 DAGs
[2025-05-13T21:40:55.955+0000] {logging_mixin.py:137} INFO - [2025-05-13T21:40:55.955+0000] {dag.py:3423} INFO - Setting next_dagrun for example_short_circuit_decorator to 2025-05-12T21:40:55.954692+00:00, run_after=2025-05-13T21:40:55.954692+00:00
[2025-05-13T21:40:55.980+0000] {processor.py:175} INFO - Processing /home/airflow/.local/lib/python3.9/site-packages/airflow/example_dags/example_short_circuit_decorator.py took 0.159 seconds
[2025-05-13T21:41:26.547+0000] {processor.py:153} INFO - Started process (PID=1739) to work on /home/airflow/.local/lib/python3.9/site-packages/airflow/example_dags/example_short_circuit_decorator.py
[2025-05-13T21:41:26.549+0000] {processor.py:743} INFO - Processing file /home/airflow/.local/lib/python3.9/site-packages/airflow/example_dags/example_short_circuit_decorator.py for tasks to queue
[2025-05-13T21:41:26.550+0000] {logging_mixin.py:137} INFO - [2025-05-13T21:41:26.550+0000] {dagbag.py:538} INFO - Filling up the DagBag from /home/airflow/.local/lib/python3.9/site-packages/airflow/example_dags/example_short_circuit_decorator.py
[2025-05-13T21:41:26.594+0000] {processor.py:753} INFO - DAG(s) dict_keys(['example_short_circuit_decorator']) retrieved from /home/airflow/.local/lib/python3.9/site-packages/airflow/example_dags/example_short_circuit_decorator.py
[2025-05-13T21:41:26.665+0000] {logging_mixin.py:137} INFO - [2025-05-13T21:41:26.664+0000] {dag.py:2676} INFO - Sync 1 DAGs
[2025-05-13T21:41:26.707+0000] {logging_mixin.py:137} INFO - [2025-05-13T21:41:26.707+0000] {dag.py:3423} INFO - Setting next_dagrun for example_short_circuit_decorator to 2025-05-12T21:41:26.706726+00:00, run_after=2025-05-13T21:41:26.706726+00:00
[2025-05-13T21:41:26.738+0000] {processor.py:175} INFO - Processing /home/airflow/.local/lib/python3.9/site-packages/airflow/example_dags/example_short_circuit_decorator.py took 0.195 seconds
