[2025-05-13T02:45:42.761+0000] {processor.py:153} INFO - Started process (PID=262) to work on /home/airflow/.local/lib/python3.9/site-packages/airflow/example_dags/example_xcom.py
[2025-05-13T02:45:42.762+0000] {processor.py:743} INFO - Processing file /home/airflow/.local/lib/python3.9/site-packages/airflow/example_dags/example_xcom.py for tasks to queue
[2025-05-13T02:45:42.763+0000] {logging_mixin.py:137} INFO - [2025-05-13T02:45:42.763+0000] {dagbag.py:538} INFO - Filling up the DagBag from /home/airflow/.local/lib/python3.9/site-packages/airflow/example_dags/example_xcom.py
[2025-05-13T02:45:42.791+0000] {processor.py:753} INFO - DAG(s) dict_keys(['example_xcom']) retrieved from /home/airflow/.local/lib/python3.9/site-packages/airflow/example_dags/example_xcom.py
[2025-05-13T02:45:42.933+0000] {logging_mixin.py:137} INFO - [2025-05-13T02:45:42.932+0000] {manager.py:504} INFO - Created Permission View: can delete on DAG:example_xcom
[2025-05-13T02:45:42.949+0000] {logging_mixin.py:137} INFO - [2025-05-13T02:45:42.948+0000] {manager.py:504} INFO - Created Permission View: can edit on DAG:example_xcom
[2025-05-13T02:45:42.955+0000] {logging_mixin.py:137} INFO - [2025-05-13T02:45:42.954+0000] {manager.py:504} INFO - Created Permission View: can read on DAG:example_xcom
[2025-05-13T02:45:42.955+0000] {logging_mixin.py:137} INFO - [2025-05-13T02:45:42.955+0000] {dag.py:2676} INFO - Sync 1 DAGs
[2025-05-13T02:45:42.970+0000] {logging_mixin.py:137} INFO - [2025-05-13T02:45:42.970+0000] {dag.py:2697} INFO - Creating ORM DAG for example_xcom
[2025-05-13T02:45:42.980+0000] {logging_mixin.py:137} INFO - [2025-05-13T02:45:42.979+0000] {dag.py:3423} INFO - Setting next_dagrun for example_xcom to 2021-01-01T00:00:00+00:00, run_after=2021-01-01T00:00:00+00:00
[2025-05-13T02:45:42.999+0000] {processor.py:175} INFO - Processing /home/airflow/.local/lib/python3.9/site-packages/airflow/example_dags/example_xcom.py took 0.242 seconds
[2025-05-13T02:46:13.090+0000] {processor.py:153} INFO - Started process (PID=461) to work on /home/airflow/.local/lib/python3.9/site-packages/airflow/example_dags/example_xcom.py
[2025-05-13T02:46:13.091+0000] {processor.py:743} INFO - Processing file /home/airflow/.local/lib/python3.9/site-packages/airflow/example_dags/example_xcom.py for tasks to queue
[2025-05-13T02:46:13.092+0000] {logging_mixin.py:137} INFO - [2025-05-13T02:46:13.092+0000] {dagbag.py:538} INFO - Filling up the DagBag from /home/airflow/.local/lib/python3.9/site-packages/airflow/example_dags/example_xcom.py
[2025-05-13T02:46:13.128+0000] {processor.py:753} INFO - DAG(s) dict_keys(['example_xcom']) retrieved from /home/airflow/.local/lib/python3.9/site-packages/airflow/example_dags/example_xcom.py
[2025-05-13T02:46:13.179+0000] {logging_mixin.py:137} INFO - [2025-05-13T02:46:13.179+0000] {dag.py:2676} INFO - Sync 1 DAGs
[2025-05-13T02:46:13.210+0000] {logging_mixin.py:137} INFO - [2025-05-13T02:46:13.209+0000] {dag.py:3423} INFO - Setting next_dagrun for example_xcom to 2021-01-01T00:00:00+00:00, run_after=2021-01-01T00:00:00+00:00
[2025-05-13T02:46:13.233+0000] {processor.py:175} INFO - Processing /home/airflow/.local/lib/python3.9/site-packages/airflow/example_dags/example_xcom.py took 0.148 seconds
[2025-05-13T02:46:43.266+0000] {processor.py:153} INFO - Started process (PID=664) to work on /home/airflow/.local/lib/python3.9/site-packages/airflow/example_dags/example_xcom.py
[2025-05-13T02:46:43.267+0000] {processor.py:743} INFO - Processing file /home/airflow/.local/lib/python3.9/site-packages/airflow/example_dags/example_xcom.py for tasks to queue
[2025-05-13T02:46:43.268+0000] {logging_mixin.py:137} INFO - [2025-05-13T02:46:43.268+0000] {dagbag.py:538} INFO - Filling up the DagBag from /home/airflow/.local/lib/python3.9/site-packages/airflow/example_dags/example_xcom.py
[2025-05-13T02:46:43.301+0000] {processor.py:753} INFO - DAG(s) dict_keys(['example_xcom']) retrieved from /home/airflow/.local/lib/python3.9/site-packages/airflow/example_dags/example_xcom.py
[2025-05-13T02:46:43.348+0000] {logging_mixin.py:137} INFO - [2025-05-13T02:46:43.348+0000] {dag.py:2676} INFO - Sync 1 DAGs
[2025-05-13T02:46:43.379+0000] {logging_mixin.py:137} INFO - [2025-05-13T02:46:43.379+0000] {dag.py:3423} INFO - Setting next_dagrun for example_xcom to 2021-01-01T00:00:00+00:00, run_after=2021-01-01T00:00:00+00:00
[2025-05-13T02:46:43.401+0000] {processor.py:175} INFO - Processing /home/airflow/.local/lib/python3.9/site-packages/airflow/example_dags/example_xcom.py took 0.139 seconds
[2025-05-13T02:47:14.006+0000] {processor.py:153} INFO - Started process (PID=865) to work on /home/airflow/.local/lib/python3.9/site-packages/airflow/example_dags/example_xcom.py
[2025-05-13T02:47:14.007+0000] {processor.py:743} INFO - Processing file /home/airflow/.local/lib/python3.9/site-packages/airflow/example_dags/example_xcom.py for tasks to queue
[2025-05-13T02:47:14.009+0000] {logging_mixin.py:137} INFO - [2025-05-13T02:47:14.009+0000] {dagbag.py:538} INFO - Filling up the DagBag from /home/airflow/.local/lib/python3.9/site-packages/airflow/example_dags/example_xcom.py
[2025-05-13T02:47:14.052+0000] {processor.py:753} INFO - DAG(s) dict_keys(['example_xcom']) retrieved from /home/airflow/.local/lib/python3.9/site-packages/airflow/example_dags/example_xcom.py
[2025-05-13T02:47:14.108+0000] {logging_mixin.py:137} INFO - [2025-05-13T02:47:14.108+0000] {dag.py:2676} INFO - Sync 1 DAGs
[2025-05-13T02:47:14.138+0000] {logging_mixin.py:137} INFO - [2025-05-13T02:47:14.138+0000] {dag.py:3423} INFO - Setting next_dagrun for example_xcom to 2021-01-01T00:00:00+00:00, run_after=2021-01-01T00:00:00+00:00
[2025-05-13T02:47:14.162+0000] {processor.py:175} INFO - Processing /home/airflow/.local/lib/python3.9/site-packages/airflow/example_dags/example_xcom.py took 0.163 seconds
[2025-05-13T02:47:44.380+0000] {processor.py:153} INFO - Started process (PID=1070) to work on /home/airflow/.local/lib/python3.9/site-packages/airflow/example_dags/example_xcom.py
[2025-05-13T02:47:44.381+0000] {processor.py:743} INFO - Processing file /home/airflow/.local/lib/python3.9/site-packages/airflow/example_dags/example_xcom.py for tasks to queue
[2025-05-13T02:47:44.382+0000] {logging_mixin.py:137} INFO - [2025-05-13T02:47:44.382+0000] {dagbag.py:538} INFO - Filling up the DagBag from /home/airflow/.local/lib/python3.9/site-packages/airflow/example_dags/example_xcom.py
[2025-05-13T02:47:44.414+0000] {processor.py:753} INFO - DAG(s) dict_keys(['example_xcom']) retrieved from /home/airflow/.local/lib/python3.9/site-packages/airflow/example_dags/example_xcom.py
[2025-05-13T02:47:44.453+0000] {logging_mixin.py:137} INFO - [2025-05-13T02:47:44.453+0000] {dag.py:2676} INFO - Sync 1 DAGs
[2025-05-13T02:47:44.474+0000] {logging_mixin.py:137} INFO - [2025-05-13T02:47:44.474+0000] {dag.py:3423} INFO - Setting next_dagrun for example_xcom to 2021-01-01T00:00:00+00:00, run_after=2021-01-01T00:00:00+00:00
[2025-05-13T02:47:44.490+0000] {processor.py:175} INFO - Processing /home/airflow/.local/lib/python3.9/site-packages/airflow/example_dags/example_xcom.py took 0.114 seconds
[2025-05-13T02:48:15.054+0000] {processor.py:153} INFO - Started process (PID=1273) to work on /home/airflow/.local/lib/python3.9/site-packages/airflow/example_dags/example_xcom.py
[2025-05-13T02:48:15.055+0000] {processor.py:743} INFO - Processing file /home/airflow/.local/lib/python3.9/site-packages/airflow/example_dags/example_xcom.py for tasks to queue
[2025-05-13T02:48:15.057+0000] {logging_mixin.py:137} INFO - [2025-05-13T02:48:15.056+0000] {dagbag.py:538} INFO - Filling up the DagBag from /home/airflow/.local/lib/python3.9/site-packages/airflow/example_dags/example_xcom.py
[2025-05-13T02:48:15.096+0000] {processor.py:753} INFO - DAG(s) dict_keys(['example_xcom']) retrieved from /home/airflow/.local/lib/python3.9/site-packages/airflow/example_dags/example_xcom.py
[2025-05-13T02:48:15.163+0000] {logging_mixin.py:137} INFO - [2025-05-13T02:48:15.163+0000] {dag.py:2676} INFO - Sync 1 DAGs
[2025-05-13T02:48:15.196+0000] {logging_mixin.py:137} INFO - [2025-05-13T02:48:15.196+0000] {dag.py:3423} INFO - Setting next_dagrun for example_xcom to 2021-01-01T00:00:00+00:00, run_after=2021-01-01T00:00:00+00:00
[2025-05-13T02:48:15.221+0000] {processor.py:175} INFO - Processing /home/airflow/.local/lib/python3.9/site-packages/airflow/example_dags/example_xcom.py took 0.172 seconds
[2025-05-13T02:49:31.058+0000] {processor.py:153} INFO - Started process (PID=277) to work on /home/airflow/.local/lib/python3.9/site-packages/airflow/example_dags/example_xcom.py
[2025-05-13T02:49:31.061+0000] {processor.py:743} INFO - Processing file /home/airflow/.local/lib/python3.9/site-packages/airflow/example_dags/example_xcom.py for tasks to queue
[2025-05-13T02:49:31.062+0000] {logging_mixin.py:137} INFO - [2025-05-13T02:49:31.062+0000] {dagbag.py:538} INFO - Filling up the DagBag from /home/airflow/.local/lib/python3.9/site-packages/airflow/example_dags/example_xcom.py
[2025-05-13T02:49:31.123+0000] {processor.py:753} INFO - DAG(s) dict_keys(['example_xcom']) retrieved from /home/airflow/.local/lib/python3.9/site-packages/airflow/example_dags/example_xcom.py
[2025-05-13T02:49:31.216+0000] {logging_mixin.py:137} INFO - [2025-05-13T02:49:31.216+0000] {dag.py:2676} INFO - Sync 1 DAGs
[2025-05-13T02:49:31.257+0000] {logging_mixin.py:137} INFO - [2025-05-13T02:49:31.256+0000] {dag.py:3423} INFO - Setting next_dagrun for example_xcom to 2021-01-01T00:00:00+00:00, run_after=2021-01-01T00:00:00+00:00
[2025-05-13T02:49:31.289+0000] {processor.py:175} INFO - Processing /home/airflow/.local/lib/python3.9/site-packages/airflow/example_dags/example_xcom.py took 0.240 seconds
[2025-05-13T02:50:01.454+0000] {processor.py:153} INFO - Started process (PID=476) to work on /home/airflow/.local/lib/python3.9/site-packages/airflow/example_dags/example_xcom.py
[2025-05-13T02:50:01.456+0000] {processor.py:743} INFO - Processing file /home/airflow/.local/lib/python3.9/site-packages/airflow/example_dags/example_xcom.py for tasks to queue
[2025-05-13T02:50:01.457+0000] {logging_mixin.py:137} INFO - [2025-05-13T02:50:01.457+0000] {dagbag.py:538} INFO - Filling up the DagBag from /home/airflow/.local/lib/python3.9/site-packages/airflow/example_dags/example_xcom.py
[2025-05-13T02:50:01.492+0000] {processor.py:753} INFO - DAG(s) dict_keys(['example_xcom']) retrieved from /home/airflow/.local/lib/python3.9/site-packages/airflow/example_dags/example_xcom.py
[2025-05-13T02:50:01.550+0000] {logging_mixin.py:137} INFO - [2025-05-13T02:50:01.550+0000] {dag.py:2676} INFO - Sync 1 DAGs
[2025-05-13T02:50:01.582+0000] {logging_mixin.py:137} INFO - [2025-05-13T02:50:01.582+0000] {dag.py:3423} INFO - Setting next_dagrun for example_xcom to 2021-01-01T00:00:00+00:00, run_after=2021-01-01T00:00:00+00:00
[2025-05-13T02:50:01.608+0000] {processor.py:175} INFO - Processing /home/airflow/.local/lib/python3.9/site-packages/airflow/example_dags/example_xcom.py took 0.158 seconds
[2025-05-13T02:50:31.744+0000] {processor.py:153} INFO - Started process (PID=679) to work on /home/airflow/.local/lib/python3.9/site-packages/airflow/example_dags/example_xcom.py
[2025-05-13T02:50:31.745+0000] {processor.py:743} INFO - Processing file /home/airflow/.local/lib/python3.9/site-packages/airflow/example_dags/example_xcom.py for tasks to queue
[2025-05-13T02:50:31.746+0000] {logging_mixin.py:137} INFO - [2025-05-13T02:50:31.746+0000] {dagbag.py:538} INFO - Filling up the DagBag from /home/airflow/.local/lib/python3.9/site-packages/airflow/example_dags/example_xcom.py
[2025-05-13T02:50:31.781+0000] {processor.py:753} INFO - DAG(s) dict_keys(['example_xcom']) retrieved from /home/airflow/.local/lib/python3.9/site-packages/airflow/example_dags/example_xcom.py
[2025-05-13T02:50:31.832+0000] {logging_mixin.py:137} INFO - [2025-05-13T02:50:31.832+0000] {dag.py:2676} INFO - Sync 1 DAGs
[2025-05-13T02:50:31.860+0000] {logging_mixin.py:137} INFO - [2025-05-13T02:50:31.860+0000] {dag.py:3423} INFO - Setting next_dagrun for example_xcom to 2021-01-01T00:00:00+00:00, run_after=2021-01-01T00:00:00+00:00
[2025-05-13T02:50:31.885+0000] {processor.py:175} INFO - Processing /home/airflow/.local/lib/python3.9/site-packages/airflow/example_dags/example_xcom.py took 0.146 seconds
[2025-05-13T21:18:27.118+0000] {processor.py:153} INFO - Started process (PID=262) to work on /home/airflow/.local/lib/python3.9/site-packages/airflow/example_dags/example_xcom.py
[2025-05-13T21:18:27.119+0000] {processor.py:743} INFO - Processing file /home/airflow/.local/lib/python3.9/site-packages/airflow/example_dags/example_xcom.py for tasks to queue
[2025-05-13T21:18:27.121+0000] {logging_mixin.py:137} INFO - [2025-05-13T21:18:27.120+0000] {dagbag.py:538} INFO - Filling up the DagBag from /home/airflow/.local/lib/python3.9/site-packages/airflow/example_dags/example_xcom.py
[2025-05-13T21:18:27.164+0000] {processor.py:753} INFO - DAG(s) dict_keys(['example_xcom']) retrieved from /home/airflow/.local/lib/python3.9/site-packages/airflow/example_dags/example_xcom.py
[2025-05-13T21:18:27.376+0000] {logging_mixin.py:137} INFO - [2025-05-13T21:18:27.376+0000] {manager.py:504} INFO - Created Permission View: can edit on DAG:example_xcom
[2025-05-13T21:18:27.391+0000] {logging_mixin.py:137} INFO - [2025-05-13T21:18:27.390+0000] {manager.py:504} INFO - Created Permission View: can delete on DAG:example_xcom
[2025-05-13T21:18:27.401+0000] {logging_mixin.py:137} INFO - [2025-05-13T21:18:27.401+0000] {manager.py:504} INFO - Created Permission View: can read on DAG:example_xcom
[2025-05-13T21:18:27.402+0000] {logging_mixin.py:137} INFO - [2025-05-13T21:18:27.402+0000] {dag.py:2676} INFO - Sync 1 DAGs
[2025-05-13T21:18:27.417+0000] {logging_mixin.py:137} INFO - [2025-05-13T21:18:27.417+0000] {dag.py:2697} INFO - Creating ORM DAG for example_xcom
[2025-05-13T21:18:27.434+0000] {logging_mixin.py:137} INFO - [2025-05-13T21:18:27.433+0000] {dag.py:3423} INFO - Setting next_dagrun for example_xcom to 2021-01-01T00:00:00+00:00, run_after=2021-01-01T00:00:00+00:00
[2025-05-13T21:18:27.468+0000] {processor.py:175} INFO - Processing /home/airflow/.local/lib/python3.9/site-packages/airflow/example_dags/example_xcom.py took 0.355 seconds
[2025-05-13T21:18:58.471+0000] {processor.py:153} INFO - Started process (PID=461) to work on /home/airflow/.local/lib/python3.9/site-packages/airflow/example_dags/example_xcom.py
[2025-05-13T21:18:58.472+0000] {processor.py:743} INFO - Processing file /home/airflow/.local/lib/python3.9/site-packages/airflow/example_dags/example_xcom.py for tasks to queue
[2025-05-13T21:18:58.473+0000] {logging_mixin.py:137} INFO - [2025-05-13T21:18:58.473+0000] {dagbag.py:538} INFO - Filling up the DagBag from /home/airflow/.local/lib/python3.9/site-packages/airflow/example_dags/example_xcom.py
[2025-05-13T21:18:58.512+0000] {processor.py:753} INFO - DAG(s) dict_keys(['example_xcom']) retrieved from /home/airflow/.local/lib/python3.9/site-packages/airflow/example_dags/example_xcom.py
[2025-05-13T21:18:58.570+0000] {logging_mixin.py:137} INFO - [2025-05-13T21:18:58.570+0000] {dag.py:2676} INFO - Sync 1 DAGs
[2025-05-13T21:18:58.608+0000] {logging_mixin.py:137} INFO - [2025-05-13T21:18:58.608+0000] {dag.py:3423} INFO - Setting next_dagrun for example_xcom to 2021-01-01T00:00:00+00:00, run_after=2021-01-01T00:00:00+00:00
[2025-05-13T21:18:58.639+0000] {processor.py:175} INFO - Processing /home/airflow/.local/lib/python3.9/site-packages/airflow/example_dags/example_xcom.py took 0.173 seconds
[2025-05-13T21:19:28.947+0000] {processor.py:153} INFO - Started process (PID=664) to work on /home/airflow/.local/lib/python3.9/site-packages/airflow/example_dags/example_xcom.py
[2025-05-13T21:19:28.949+0000] {processor.py:743} INFO - Processing file /home/airflow/.local/lib/python3.9/site-packages/airflow/example_dags/example_xcom.py for tasks to queue
[2025-05-13T21:19:28.950+0000] {logging_mixin.py:137} INFO - [2025-05-13T21:19:28.949+0000] {dagbag.py:538} INFO - Filling up the DagBag from /home/airflow/.local/lib/python3.9/site-packages/airflow/example_dags/example_xcom.py
[2025-05-13T21:19:28.998+0000] {processor.py:753} INFO - DAG(s) dict_keys(['example_xcom']) retrieved from /home/airflow/.local/lib/python3.9/site-packages/airflow/example_dags/example_xcom.py
[2025-05-13T21:19:29.112+0000] {logging_mixin.py:137} INFO - [2025-05-13T21:19:29.112+0000] {dag.py:2676} INFO - Sync 1 DAGs
[2025-05-13T21:19:29.179+0000] {logging_mixin.py:137} INFO - [2025-05-13T21:19:29.178+0000] {dag.py:3423} INFO - Setting next_dagrun for example_xcom to 2021-01-01T00:00:00+00:00, run_after=2021-01-01T00:00:00+00:00
[2025-05-13T21:19:29.227+0000] {processor.py:175} INFO - Processing /home/airflow/.local/lib/python3.9/site-packages/airflow/example_dags/example_xcom.py took 0.284 seconds
[2025-05-13T21:19:59.783+0000] {processor.py:153} INFO - Started process (PID=867) to work on /home/airflow/.local/lib/python3.9/site-packages/airflow/example_dags/example_xcom.py
[2025-05-13T21:19:59.786+0000] {processor.py:743} INFO - Processing file /home/airflow/.local/lib/python3.9/site-packages/airflow/example_dags/example_xcom.py for tasks to queue
[2025-05-13T21:19:59.788+0000] {logging_mixin.py:137} INFO - [2025-05-13T21:19:59.788+0000] {dagbag.py:538} INFO - Filling up the DagBag from /home/airflow/.local/lib/python3.9/site-packages/airflow/example_dags/example_xcom.py
[2025-05-13T21:19:59.844+0000] {processor.py:753} INFO - DAG(s) dict_keys(['example_xcom']) retrieved from /home/airflow/.local/lib/python3.9/site-packages/airflow/example_dags/example_xcom.py
[2025-05-13T21:19:59.909+0000] {logging_mixin.py:137} INFO - [2025-05-13T21:19:59.908+0000] {dag.py:2676} INFO - Sync 1 DAGs
[2025-05-13T21:19:59.942+0000] {logging_mixin.py:137} INFO - [2025-05-13T21:19:59.942+0000] {dag.py:3423} INFO - Setting next_dagrun for example_xcom to 2021-01-01T00:00:00+00:00, run_after=2021-01-01T00:00:00+00:00
[2025-05-13T21:19:59.983+0000] {processor.py:175} INFO - Processing /home/airflow/.local/lib/python3.9/site-packages/airflow/example_dags/example_xcom.py took 0.205 seconds
[2025-05-13T21:20:30.294+0000] {processor.py:153} INFO - Started process (PID=1070) to work on /home/airflow/.local/lib/python3.9/site-packages/airflow/example_dags/example_xcom.py
[2025-05-13T21:20:30.296+0000] {processor.py:743} INFO - Processing file /home/airflow/.local/lib/python3.9/site-packages/airflow/example_dags/example_xcom.py for tasks to queue
[2025-05-13T21:20:30.298+0000] {logging_mixin.py:137} INFO - [2025-05-13T21:20:30.297+0000] {dagbag.py:538} INFO - Filling up the DagBag from /home/airflow/.local/lib/python3.9/site-packages/airflow/example_dags/example_xcom.py
[2025-05-13T21:20:30.342+0000] {processor.py:753} INFO - DAG(s) dict_keys(['example_xcom']) retrieved from /home/airflow/.local/lib/python3.9/site-packages/airflow/example_dags/example_xcom.py
[2025-05-13T21:20:30.404+0000] {logging_mixin.py:137} INFO - [2025-05-13T21:20:30.404+0000] {dag.py:2676} INFO - Sync 1 DAGs
[2025-05-13T21:20:30.434+0000] {logging_mixin.py:137} INFO - [2025-05-13T21:20:30.434+0000] {dag.py:3423} INFO - Setting next_dagrun for example_xcom to 2021-01-01T00:00:00+00:00, run_after=2021-01-01T00:00:00+00:00
[2025-05-13T21:20:30.468+0000] {processor.py:175} INFO - Processing /home/airflow/.local/lib/python3.9/site-packages/airflow/example_dags/example_xcom.py took 0.181 seconds
[2025-05-13T21:21:00.542+0000] {processor.py:153} INFO - Started process (PID=1276) to work on /home/airflow/.local/lib/python3.9/site-packages/airflow/example_dags/example_xcom.py
[2025-05-13T21:21:00.543+0000] {processor.py:743} INFO - Processing file /home/airflow/.local/lib/python3.9/site-packages/airflow/example_dags/example_xcom.py for tasks to queue
[2025-05-13T21:21:00.544+0000] {logging_mixin.py:137} INFO - [2025-05-13T21:21:00.544+0000] {dagbag.py:538} INFO - Filling up the DagBag from /home/airflow/.local/lib/python3.9/site-packages/airflow/example_dags/example_xcom.py
[2025-05-13T21:21:00.587+0000] {processor.py:753} INFO - DAG(s) dict_keys(['example_xcom']) retrieved from /home/airflow/.local/lib/python3.9/site-packages/airflow/example_dags/example_xcom.py
[2025-05-13T21:21:00.653+0000] {logging_mixin.py:137} INFO - [2025-05-13T21:21:00.653+0000] {dag.py:2676} INFO - Sync 1 DAGs
[2025-05-13T21:21:00.688+0000] {logging_mixin.py:137} INFO - [2025-05-13T21:21:00.688+0000] {dag.py:3423} INFO - Setting next_dagrun for example_xcom to 2021-01-01T00:00:00+00:00, run_after=2021-01-01T00:00:00+00:00
[2025-05-13T21:21:00.726+0000] {processor.py:175} INFO - Processing /home/airflow/.local/lib/python3.9/site-packages/airflow/example_dags/example_xcom.py took 0.190 seconds
[2025-05-13T21:21:31.071+0000] {processor.py:153} INFO - Started process (PID=1479) to work on /home/airflow/.local/lib/python3.9/site-packages/airflow/example_dags/example_xcom.py
[2025-05-13T21:21:31.072+0000] {processor.py:743} INFO - Processing file /home/airflow/.local/lib/python3.9/site-packages/airflow/example_dags/example_xcom.py for tasks to queue
[2025-05-13T21:21:31.074+0000] {logging_mixin.py:137} INFO - [2025-05-13T21:21:31.073+0000] {dagbag.py:538} INFO - Filling up the DagBag from /home/airflow/.local/lib/python3.9/site-packages/airflow/example_dags/example_xcom.py
[2025-05-13T21:21:31.105+0000] {processor.py:753} INFO - DAG(s) dict_keys(['example_xcom']) retrieved from /home/airflow/.local/lib/python3.9/site-packages/airflow/example_dags/example_xcom.py
[2025-05-13T21:21:31.155+0000] {logging_mixin.py:137} INFO - [2025-05-13T21:21:31.155+0000] {dag.py:2676} INFO - Sync 1 DAGs
[2025-05-13T21:21:31.188+0000] {logging_mixin.py:137} INFO - [2025-05-13T21:21:31.188+0000] {dag.py:3423} INFO - Setting next_dagrun for example_xcom to 2021-01-01T00:00:00+00:00, run_after=2021-01-01T00:00:00+00:00
[2025-05-13T21:21:31.219+0000] {processor.py:175} INFO - Processing /home/airflow/.local/lib/python3.9/site-packages/airflow/example_dags/example_xcom.py took 0.152 seconds
[2025-05-13T21:22:01.825+0000] {processor.py:153} INFO - Started process (PID=1682) to work on /home/airflow/.local/lib/python3.9/site-packages/airflow/example_dags/example_xcom.py
[2025-05-13T21:22:01.826+0000] {processor.py:743} INFO - Processing file /home/airflow/.local/lib/python3.9/site-packages/airflow/example_dags/example_xcom.py for tasks to queue
[2025-05-13T21:22:01.827+0000] {logging_mixin.py:137} INFO - [2025-05-13T21:22:01.827+0000] {dagbag.py:538} INFO - Filling up the DagBag from /home/airflow/.local/lib/python3.9/site-packages/airflow/example_dags/example_xcom.py
[2025-05-13T21:22:01.865+0000] {processor.py:753} INFO - DAG(s) dict_keys(['example_xcom']) retrieved from /home/airflow/.local/lib/python3.9/site-packages/airflow/example_dags/example_xcom.py
[2025-05-13T21:22:01.918+0000] {logging_mixin.py:137} INFO - [2025-05-13T21:22:01.918+0000] {dag.py:2676} INFO - Sync 1 DAGs
[2025-05-13T21:22:01.949+0000] {logging_mixin.py:137} INFO - [2025-05-13T21:22:01.949+0000] {dag.py:3423} INFO - Setting next_dagrun for example_xcom to 2021-01-01T00:00:00+00:00, run_after=2021-01-01T00:00:00+00:00
[2025-05-13T21:22:01.981+0000] {processor.py:175} INFO - Processing /home/airflow/.local/lib/python3.9/site-packages/airflow/example_dags/example_xcom.py took 0.160 seconds
[2025-05-13T21:22:32.326+0000] {processor.py:153} INFO - Started process (PID=1885) to work on /home/airflow/.local/lib/python3.9/site-packages/airflow/example_dags/example_xcom.py
[2025-05-13T21:22:32.327+0000] {processor.py:743} INFO - Processing file /home/airflow/.local/lib/python3.9/site-packages/airflow/example_dags/example_xcom.py for tasks to queue
[2025-05-13T21:22:32.329+0000] {logging_mixin.py:137} INFO - [2025-05-13T21:22:32.329+0000] {dagbag.py:538} INFO - Filling up the DagBag from /home/airflow/.local/lib/python3.9/site-packages/airflow/example_dags/example_xcom.py
[2025-05-13T21:22:32.363+0000] {processor.py:753} INFO - DAG(s) dict_keys(['example_xcom']) retrieved from /home/airflow/.local/lib/python3.9/site-packages/airflow/example_dags/example_xcom.py
[2025-05-13T21:22:32.424+0000] {logging_mixin.py:137} INFO - [2025-05-13T21:22:32.424+0000] {dag.py:2676} INFO - Sync 1 DAGs
[2025-05-13T21:22:32.458+0000] {logging_mixin.py:137} INFO - [2025-05-13T21:22:32.458+0000] {dag.py:3423} INFO - Setting next_dagrun for example_xcom to 2021-01-01T00:00:00+00:00, run_after=2021-01-01T00:00:00+00:00
[2025-05-13T21:22:32.496+0000] {processor.py:175} INFO - Processing /home/airflow/.local/lib/python3.9/site-packages/airflow/example_dags/example_xcom.py took 0.175 seconds
[2025-05-13T21:23:02.852+0000] {processor.py:153} INFO - Started process (PID=2088) to work on /home/airflow/.local/lib/python3.9/site-packages/airflow/example_dags/example_xcom.py
[2025-05-13T21:23:02.853+0000] {processor.py:743} INFO - Processing file /home/airflow/.local/lib/python3.9/site-packages/airflow/example_dags/example_xcom.py for tasks to queue
[2025-05-13T21:23:02.854+0000] {logging_mixin.py:137} INFO - [2025-05-13T21:23:02.854+0000] {dagbag.py:538} INFO - Filling up the DagBag from /home/airflow/.local/lib/python3.9/site-packages/airflow/example_dags/example_xcom.py
[2025-05-13T21:23:02.898+0000] {processor.py:753} INFO - DAG(s) dict_keys(['example_xcom']) retrieved from /home/airflow/.local/lib/python3.9/site-packages/airflow/example_dags/example_xcom.py
[2025-05-13T21:23:02.956+0000] {logging_mixin.py:137} INFO - [2025-05-13T21:23:02.956+0000] {dag.py:2676} INFO - Sync 1 DAGs
[2025-05-13T21:23:02.991+0000] {logging_mixin.py:137} INFO - [2025-05-13T21:23:02.991+0000] {dag.py:3423} INFO - Setting next_dagrun for example_xcom to 2021-01-01T00:00:00+00:00, run_after=2021-01-01T00:00:00+00:00
[2025-05-13T21:23:03.022+0000] {processor.py:175} INFO - Processing /home/airflow/.local/lib/python3.9/site-packages/airflow/example_dags/example_xcom.py took 0.174 seconds
[2025-05-13T21:23:33.494+0000] {processor.py:153} INFO - Started process (PID=2291) to work on /home/airflow/.local/lib/python3.9/site-packages/airflow/example_dags/example_xcom.py
[2025-05-13T21:23:33.495+0000] {processor.py:743} INFO - Processing file /home/airflow/.local/lib/python3.9/site-packages/airflow/example_dags/example_xcom.py for tasks to queue
[2025-05-13T21:23:33.496+0000] {logging_mixin.py:137} INFO - [2025-05-13T21:23:33.495+0000] {dagbag.py:538} INFO - Filling up the DagBag from /home/airflow/.local/lib/python3.9/site-packages/airflow/example_dags/example_xcom.py
[2025-05-13T21:23:33.526+0000] {processor.py:753} INFO - DAG(s) dict_keys(['example_xcom']) retrieved from /home/airflow/.local/lib/python3.9/site-packages/airflow/example_dags/example_xcom.py
[2025-05-13T21:23:33.589+0000] {logging_mixin.py:137} INFO - [2025-05-13T21:23:33.589+0000] {dag.py:2676} INFO - Sync 1 DAGs
[2025-05-13T21:23:33.620+0000] {logging_mixin.py:137} INFO - [2025-05-13T21:23:33.619+0000] {dag.py:3423} INFO - Setting next_dagrun for example_xcom to 2021-01-01T00:00:00+00:00, run_after=2021-01-01T00:00:00+00:00
[2025-05-13T21:23:33.641+0000] {processor.py:175} INFO - Processing /home/airflow/.local/lib/python3.9/site-packages/airflow/example_dags/example_xcom.py took 0.151 seconds
[2025-05-13T21:24:03.947+0000] {processor.py:153} INFO - Started process (PID=2492) to work on /home/airflow/.local/lib/python3.9/site-packages/airflow/example_dags/example_xcom.py
[2025-05-13T21:24:03.948+0000] {processor.py:743} INFO - Processing file /home/airflow/.local/lib/python3.9/site-packages/airflow/example_dags/example_xcom.py for tasks to queue
[2025-05-13T21:24:03.949+0000] {logging_mixin.py:137} INFO - [2025-05-13T21:24:03.949+0000] {dagbag.py:538} INFO - Filling up the DagBag from /home/airflow/.local/lib/python3.9/site-packages/airflow/example_dags/example_xcom.py
[2025-05-13T21:24:03.982+0000] {processor.py:753} INFO - DAG(s) dict_keys(['example_xcom']) retrieved from /home/airflow/.local/lib/python3.9/site-packages/airflow/example_dags/example_xcom.py
[2025-05-13T21:24:04.037+0000] {logging_mixin.py:137} INFO - [2025-05-13T21:24:04.036+0000] {dag.py:2676} INFO - Sync 1 DAGs
[2025-05-13T21:24:04.070+0000] {logging_mixin.py:137} INFO - [2025-05-13T21:24:04.070+0000] {dag.py:3423} INFO - Setting next_dagrun for example_xcom to 2021-01-01T00:00:00+00:00, run_after=2021-01-01T00:00:00+00:00
[2025-05-13T21:24:04.103+0000] {processor.py:175} INFO - Processing /home/airflow/.local/lib/python3.9/site-packages/airflow/example_dags/example_xcom.py took 0.159 seconds
[2025-05-13T21:24:34.319+0000] {processor.py:153} INFO - Started process (PID=2691) to work on /home/airflow/.local/lib/python3.9/site-packages/airflow/example_dags/example_xcom.py
[2025-05-13T21:24:34.320+0000] {processor.py:743} INFO - Processing file /home/airflow/.local/lib/python3.9/site-packages/airflow/example_dags/example_xcom.py for tasks to queue
[2025-05-13T21:24:34.321+0000] {logging_mixin.py:137} INFO - [2025-05-13T21:24:34.321+0000] {dagbag.py:538} INFO - Filling up the DagBag from /home/airflow/.local/lib/python3.9/site-packages/airflow/example_dags/example_xcom.py
[2025-05-13T21:24:34.355+0000] {processor.py:753} INFO - DAG(s) dict_keys(['example_xcom']) retrieved from /home/airflow/.local/lib/python3.9/site-packages/airflow/example_dags/example_xcom.py
[2025-05-13T21:24:34.405+0000] {logging_mixin.py:137} INFO - [2025-05-13T21:24:34.405+0000] {dag.py:2676} INFO - Sync 1 DAGs
[2025-05-13T21:24:34.433+0000] {logging_mixin.py:137} INFO - [2025-05-13T21:24:34.432+0000] {dag.py:3423} INFO - Setting next_dagrun for example_xcom to 2021-01-01T00:00:00+00:00, run_after=2021-01-01T00:00:00+00:00
[2025-05-13T21:24:34.456+0000] {processor.py:175} INFO - Processing /home/airflow/.local/lib/python3.9/site-packages/airflow/example_dags/example_xcom.py took 0.141 seconds
[2025-05-13T21:25:04.857+0000] {processor.py:153} INFO - Started process (PID=2894) to work on /home/airflow/.local/lib/python3.9/site-packages/airflow/example_dags/example_xcom.py
[2025-05-13T21:25:04.858+0000] {processor.py:743} INFO - Processing file /home/airflow/.local/lib/python3.9/site-packages/airflow/example_dags/example_xcom.py for tasks to queue
[2025-05-13T21:25:04.859+0000] {logging_mixin.py:137} INFO - [2025-05-13T21:25:04.859+0000] {dagbag.py:538} INFO - Filling up the DagBag from /home/airflow/.local/lib/python3.9/site-packages/airflow/example_dags/example_xcom.py
[2025-05-13T21:25:04.893+0000] {processor.py:753} INFO - DAG(s) dict_keys(['example_xcom']) retrieved from /home/airflow/.local/lib/python3.9/site-packages/airflow/example_dags/example_xcom.py
[2025-05-13T21:25:04.951+0000] {logging_mixin.py:137} INFO - [2025-05-13T21:25:04.951+0000] {dag.py:2676} INFO - Sync 1 DAGs
[2025-05-13T21:25:04.986+0000] {logging_mixin.py:137} INFO - [2025-05-13T21:25:04.985+0000] {dag.py:3423} INFO - Setting next_dagrun for example_xcom to 2021-01-01T00:00:00+00:00, run_after=2021-01-01T00:00:00+00:00
[2025-05-13T21:25:05.019+0000] {processor.py:175} INFO - Processing /home/airflow/.local/lib/python3.9/site-packages/airflow/example_dags/example_xcom.py took 0.166 seconds
[2025-05-13T21:25:35.741+0000] {processor.py:153} INFO - Started process (PID=3097) to work on /home/airflow/.local/lib/python3.9/site-packages/airflow/example_dags/example_xcom.py
[2025-05-13T21:25:35.742+0000] {processor.py:743} INFO - Processing file /home/airflow/.local/lib/python3.9/site-packages/airflow/example_dags/example_xcom.py for tasks to queue
[2025-05-13T21:25:35.743+0000] {logging_mixin.py:137} INFO - [2025-05-13T21:25:35.743+0000] {dagbag.py:538} INFO - Filling up the DagBag from /home/airflow/.local/lib/python3.9/site-packages/airflow/example_dags/example_xcom.py
[2025-05-13T21:25:35.774+0000] {processor.py:753} INFO - DAG(s) dict_keys(['example_xcom']) retrieved from /home/airflow/.local/lib/python3.9/site-packages/airflow/example_dags/example_xcom.py
[2025-05-13T21:25:35.825+0000] {logging_mixin.py:137} INFO - [2025-05-13T21:25:35.825+0000] {dag.py:2676} INFO - Sync 1 DAGs
[2025-05-13T21:25:35.864+0000] {logging_mixin.py:137} INFO - [2025-05-13T21:25:35.864+0000] {dag.py:3423} INFO - Setting next_dagrun for example_xcom to 2021-01-01T00:00:00+00:00, run_after=2021-01-01T00:00:00+00:00
[2025-05-13T21:25:35.899+0000] {processor.py:175} INFO - Processing /home/airflow/.local/lib/python3.9/site-packages/airflow/example_dags/example_xcom.py took 0.162 seconds
[2025-05-13T21:26:06.164+0000] {processor.py:153} INFO - Started process (PID=3312) to work on /home/airflow/.local/lib/python3.9/site-packages/airflow/example_dags/example_xcom.py
[2025-05-13T21:26:06.165+0000] {processor.py:743} INFO - Processing file /home/airflow/.local/lib/python3.9/site-packages/airflow/example_dags/example_xcom.py for tasks to queue
[2025-05-13T21:26:06.166+0000] {logging_mixin.py:137} INFO - [2025-05-13T21:26:06.166+0000] {dagbag.py:538} INFO - Filling up the DagBag from /home/airflow/.local/lib/python3.9/site-packages/airflow/example_dags/example_xcom.py
[2025-05-13T21:26:06.205+0000] {processor.py:753} INFO - DAG(s) dict_keys(['example_xcom']) retrieved from /home/airflow/.local/lib/python3.9/site-packages/airflow/example_dags/example_xcom.py
[2025-05-13T21:26:06.263+0000] {logging_mixin.py:137} INFO - [2025-05-13T21:26:06.263+0000] {dag.py:2676} INFO - Sync 1 DAGs
[2025-05-13T21:26:06.324+0000] {logging_mixin.py:137} INFO - [2025-05-13T21:26:06.324+0000] {dag.py:3423} INFO - Setting next_dagrun for example_xcom to 2021-01-01T00:00:00+00:00, run_after=2021-01-01T00:00:00+00:00
[2025-05-13T21:26:06.357+0000] {processor.py:175} INFO - Processing /home/airflow/.local/lib/python3.9/site-packages/airflow/example_dags/example_xcom.py took 0.198 seconds
[2025-05-13T21:26:36.940+0000] {processor.py:153} INFO - Started process (PID=3515) to work on /home/airflow/.local/lib/python3.9/site-packages/airflow/example_dags/example_xcom.py
[2025-05-13T21:26:36.942+0000] {processor.py:743} INFO - Processing file /home/airflow/.local/lib/python3.9/site-packages/airflow/example_dags/example_xcom.py for tasks to queue
[2025-05-13T21:26:36.943+0000] {logging_mixin.py:137} INFO - [2025-05-13T21:26:36.942+0000] {dagbag.py:538} INFO - Filling up the DagBag from /home/airflow/.local/lib/python3.9/site-packages/airflow/example_dags/example_xcom.py
[2025-05-13T21:26:36.976+0000] {processor.py:753} INFO - DAG(s) dict_keys(['example_xcom']) retrieved from /home/airflow/.local/lib/python3.9/site-packages/airflow/example_dags/example_xcom.py
[2025-05-13T21:26:37.027+0000] {logging_mixin.py:137} INFO - [2025-05-13T21:26:37.027+0000] {dag.py:2676} INFO - Sync 1 DAGs
[2025-05-13T21:26:37.056+0000] {logging_mixin.py:137} INFO - [2025-05-13T21:26:37.055+0000] {dag.py:3423} INFO - Setting next_dagrun for example_xcom to 2021-01-01T00:00:00+00:00, run_after=2021-01-01T00:00:00+00:00
[2025-05-13T21:26:37.080+0000] {processor.py:175} INFO - Processing /home/airflow/.local/lib/python3.9/site-packages/airflow/example_dags/example_xcom.py took 0.145 seconds
[2025-05-13T21:27:07.446+0000] {processor.py:153} INFO - Started process (PID=3718) to work on /home/airflow/.local/lib/python3.9/site-packages/airflow/example_dags/example_xcom.py
[2025-05-13T21:27:07.447+0000] {processor.py:743} INFO - Processing file /home/airflow/.local/lib/python3.9/site-packages/airflow/example_dags/example_xcom.py for tasks to queue
[2025-05-13T21:27:07.448+0000] {logging_mixin.py:137} INFO - [2025-05-13T21:27:07.448+0000] {dagbag.py:538} INFO - Filling up the DagBag from /home/airflow/.local/lib/python3.9/site-packages/airflow/example_dags/example_xcom.py
[2025-05-13T21:27:07.487+0000] {processor.py:753} INFO - DAG(s) dict_keys(['example_xcom']) retrieved from /home/airflow/.local/lib/python3.9/site-packages/airflow/example_dags/example_xcom.py
[2025-05-13T21:27:07.541+0000] {logging_mixin.py:137} INFO - [2025-05-13T21:27:07.541+0000] {dag.py:2676} INFO - Sync 1 DAGs
[2025-05-13T21:27:07.568+0000] {logging_mixin.py:137} INFO - [2025-05-13T21:27:07.567+0000] {dag.py:3423} INFO - Setting next_dagrun for example_xcom to 2021-01-01T00:00:00+00:00, run_after=2021-01-01T00:00:00+00:00
[2025-05-13T21:27:07.591+0000] {processor.py:175} INFO - Processing /home/airflow/.local/lib/python3.9/site-packages/airflow/example_dags/example_xcom.py took 0.149 seconds
[2025-05-13T21:27:38.172+0000] {processor.py:153} INFO - Started process (PID=3921) to work on /home/airflow/.local/lib/python3.9/site-packages/airflow/example_dags/example_xcom.py
[2025-05-13T21:27:38.173+0000] {processor.py:743} INFO - Processing file /home/airflow/.local/lib/python3.9/site-packages/airflow/example_dags/example_xcom.py for tasks to queue
[2025-05-13T21:27:38.174+0000] {logging_mixin.py:137} INFO - [2025-05-13T21:27:38.174+0000] {dagbag.py:538} INFO - Filling up the DagBag from /home/airflow/.local/lib/python3.9/site-packages/airflow/example_dags/example_xcom.py
[2025-05-13T21:27:38.204+0000] {processor.py:753} INFO - DAG(s) dict_keys(['example_xcom']) retrieved from /home/airflow/.local/lib/python3.9/site-packages/airflow/example_dags/example_xcom.py
[2025-05-13T21:27:38.249+0000] {logging_mixin.py:137} INFO - [2025-05-13T21:27:38.249+0000] {dag.py:2676} INFO - Sync 1 DAGs
[2025-05-13T21:27:38.277+0000] {logging_mixin.py:137} INFO - [2025-05-13T21:27:38.276+0000] {dag.py:3423} INFO - Setting next_dagrun for example_xcom to 2021-01-01T00:00:00+00:00, run_after=2021-01-01T00:00:00+00:00
[2025-05-13T21:27:38.300+0000] {processor.py:175} INFO - Processing /home/airflow/.local/lib/python3.9/site-packages/airflow/example_dags/example_xcom.py took 0.131 seconds
[2025-05-13T21:28:08.994+0000] {processor.py:153} INFO - Started process (PID=4124) to work on /home/airflow/.local/lib/python3.9/site-packages/airflow/example_dags/example_xcom.py
[2025-05-13T21:28:08.995+0000] {processor.py:743} INFO - Processing file /home/airflow/.local/lib/python3.9/site-packages/airflow/example_dags/example_xcom.py for tasks to queue
[2025-05-13T21:28:08.996+0000] {logging_mixin.py:137} INFO - [2025-05-13T21:28:08.996+0000] {dagbag.py:538} INFO - Filling up the DagBag from /home/airflow/.local/lib/python3.9/site-packages/airflow/example_dags/example_xcom.py
[2025-05-13T21:28:09.020+0000] {processor.py:753} INFO - DAG(s) dict_keys(['example_xcom']) retrieved from /home/airflow/.local/lib/python3.9/site-packages/airflow/example_dags/example_xcom.py
[2025-05-13T21:28:09.048+0000] {logging_mixin.py:137} INFO - [2025-05-13T21:28:09.047+0000] {dag.py:2676} INFO - Sync 1 DAGs
[2025-05-13T21:28:09.075+0000] {logging_mixin.py:137} INFO - [2025-05-13T21:28:09.074+0000] {dag.py:3423} INFO - Setting next_dagrun for example_xcom to 2021-01-01T00:00:00+00:00, run_after=2021-01-01T00:00:00+00:00
[2025-05-13T21:28:09.093+0000] {processor.py:175} INFO - Processing /home/airflow/.local/lib/python3.9/site-packages/airflow/example_dags/example_xcom.py took 0.102 seconds
[2025-05-13T21:28:39.565+0000] {processor.py:153} INFO - Started process (PID=4327) to work on /home/airflow/.local/lib/python3.9/site-packages/airflow/example_dags/example_xcom.py
[2025-05-13T21:28:39.566+0000] {processor.py:743} INFO - Processing file /home/airflow/.local/lib/python3.9/site-packages/airflow/example_dags/example_xcom.py for tasks to queue
[2025-05-13T21:28:39.567+0000] {logging_mixin.py:137} INFO - [2025-05-13T21:28:39.567+0000] {dagbag.py:538} INFO - Filling up the DagBag from /home/airflow/.local/lib/python3.9/site-packages/airflow/example_dags/example_xcom.py
[2025-05-13T21:28:39.598+0000] {processor.py:753} INFO - DAG(s) dict_keys(['example_xcom']) retrieved from /home/airflow/.local/lib/python3.9/site-packages/airflow/example_dags/example_xcom.py
[2025-05-13T21:28:39.655+0000] {logging_mixin.py:137} INFO - [2025-05-13T21:28:39.655+0000] {dag.py:2676} INFO - Sync 1 DAGs
[2025-05-13T21:28:39.684+0000] {logging_mixin.py:137} INFO - [2025-05-13T21:28:39.684+0000] {dag.py:3423} INFO - Setting next_dagrun for example_xcom to 2021-01-01T00:00:00+00:00, run_after=2021-01-01T00:00:00+00:00
[2025-05-13T21:28:39.707+0000] {processor.py:175} INFO - Processing /home/airflow/.local/lib/python3.9/site-packages/airflow/example_dags/example_xcom.py took 0.146 seconds
[2025-05-13T21:29:10.364+0000] {processor.py:153} INFO - Started process (PID=4530) to work on /home/airflow/.local/lib/python3.9/site-packages/airflow/example_dags/example_xcom.py
[2025-05-13T21:29:10.365+0000] {processor.py:743} INFO - Processing file /home/airflow/.local/lib/python3.9/site-packages/airflow/example_dags/example_xcom.py for tasks to queue
[2025-05-13T21:29:10.366+0000] {logging_mixin.py:137} INFO - [2025-05-13T21:29:10.366+0000] {dagbag.py:538} INFO - Filling up the DagBag from /home/airflow/.local/lib/python3.9/site-packages/airflow/example_dags/example_xcom.py
[2025-05-13T21:29:10.399+0000] {processor.py:753} INFO - DAG(s) dict_keys(['example_xcom']) retrieved from /home/airflow/.local/lib/python3.9/site-packages/airflow/example_dags/example_xcom.py
[2025-05-13T21:29:10.447+0000] {logging_mixin.py:137} INFO - [2025-05-13T21:29:10.447+0000] {dag.py:2676} INFO - Sync 1 DAGs
[2025-05-13T21:29:10.508+0000] {logging_mixin.py:137} INFO - [2025-05-13T21:29:10.507+0000] {dag.py:3423} INFO - Setting next_dagrun for example_xcom to 2021-01-01T00:00:00+00:00, run_after=2021-01-01T00:00:00+00:00
[2025-05-13T21:29:10.556+0000] {processor.py:175} INFO - Processing /home/airflow/.local/lib/python3.9/site-packages/airflow/example_dags/example_xcom.py took 0.198 seconds
[2025-05-13T21:29:40.649+0000] {processor.py:153} INFO - Started process (PID=4731) to work on /home/airflow/.local/lib/python3.9/site-packages/airflow/example_dags/example_xcom.py
[2025-05-13T21:29:40.650+0000] {processor.py:743} INFO - Processing file /home/airflow/.local/lib/python3.9/site-packages/airflow/example_dags/example_xcom.py for tasks to queue
[2025-05-13T21:29:40.652+0000] {logging_mixin.py:137} INFO - [2025-05-13T21:29:40.651+0000] {dagbag.py:538} INFO - Filling up the DagBag from /home/airflow/.local/lib/python3.9/site-packages/airflow/example_dags/example_xcom.py
[2025-05-13T21:29:40.686+0000] {processor.py:753} INFO - DAG(s) dict_keys(['example_xcom']) retrieved from /home/airflow/.local/lib/python3.9/site-packages/airflow/example_dags/example_xcom.py
[2025-05-13T21:29:40.741+0000] {logging_mixin.py:137} INFO - [2025-05-13T21:29:40.741+0000] {dag.py:2676} INFO - Sync 1 DAGs
[2025-05-13T21:29:40.770+0000] {logging_mixin.py:137} INFO - [2025-05-13T21:29:40.770+0000] {dag.py:3423} INFO - Setting next_dagrun for example_xcom to 2021-01-01T00:00:00+00:00, run_after=2021-01-01T00:00:00+00:00
[2025-05-13T21:29:40.792+0000] {processor.py:175} INFO - Processing /home/airflow/.local/lib/python3.9/site-packages/airflow/example_dags/example_xcom.py took 0.148 seconds
[2025-05-13T21:30:10.873+0000] {processor.py:153} INFO - Started process (PID=4930) to work on /home/airflow/.local/lib/python3.9/site-packages/airflow/example_dags/example_xcom.py
[2025-05-13T21:30:10.875+0000] {processor.py:743} INFO - Processing file /home/airflow/.local/lib/python3.9/site-packages/airflow/example_dags/example_xcom.py for tasks to queue
[2025-05-13T21:30:10.876+0000] {logging_mixin.py:137} INFO - [2025-05-13T21:30:10.875+0000] {dagbag.py:538} INFO - Filling up the DagBag from /home/airflow/.local/lib/python3.9/site-packages/airflow/example_dags/example_xcom.py
[2025-05-13T21:30:10.908+0000] {processor.py:753} INFO - DAG(s) dict_keys(['example_xcom']) retrieved from /home/airflow/.local/lib/python3.9/site-packages/airflow/example_dags/example_xcom.py
[2025-05-13T21:30:10.957+0000] {logging_mixin.py:137} INFO - [2025-05-13T21:30:10.957+0000] {dag.py:2676} INFO - Sync 1 DAGs
[2025-05-13T21:30:10.985+0000] {logging_mixin.py:137} INFO - [2025-05-13T21:30:10.984+0000] {dag.py:3423} INFO - Setting next_dagrun for example_xcom to 2021-01-01T00:00:00+00:00, run_after=2021-01-01T00:00:00+00:00
[2025-05-13T21:30:11.007+0000] {processor.py:175} INFO - Processing /home/airflow/.local/lib/python3.9/site-packages/airflow/example_dags/example_xcom.py took 0.138 seconds
[2025-05-13T21:30:41.325+0000] {processor.py:153} INFO - Started process (PID=5133) to work on /home/airflow/.local/lib/python3.9/site-packages/airflow/example_dags/example_xcom.py
[2025-05-13T21:30:41.327+0000] {processor.py:743} INFO - Processing file /home/airflow/.local/lib/python3.9/site-packages/airflow/example_dags/example_xcom.py for tasks to queue
[2025-05-13T21:30:41.328+0000] {logging_mixin.py:137} INFO - [2025-05-13T21:30:41.327+0000] {dagbag.py:538} INFO - Filling up the DagBag from /home/airflow/.local/lib/python3.9/site-packages/airflow/example_dags/example_xcom.py
[2025-05-13T21:30:41.360+0000] {processor.py:753} INFO - DAG(s) dict_keys(['example_xcom']) retrieved from /home/airflow/.local/lib/python3.9/site-packages/airflow/example_dags/example_xcom.py
[2025-05-13T21:30:41.408+0000] {logging_mixin.py:137} INFO - [2025-05-13T21:30:41.408+0000] {dag.py:2676} INFO - Sync 1 DAGs
[2025-05-13T21:30:41.434+0000] {logging_mixin.py:137} INFO - [2025-05-13T21:30:41.434+0000] {dag.py:3423} INFO - Setting next_dagrun for example_xcom to 2021-01-01T00:00:00+00:00, run_after=2021-01-01T00:00:00+00:00
[2025-05-13T21:30:41.454+0000] {processor.py:175} INFO - Processing /home/airflow/.local/lib/python3.9/site-packages/airflow/example_dags/example_xcom.py took 0.133 seconds
[2025-05-13T21:31:12.016+0000] {processor.py:153} INFO - Started process (PID=5339) to work on /home/airflow/.local/lib/python3.9/site-packages/airflow/example_dags/example_xcom.py
[2025-05-13T21:31:12.017+0000] {processor.py:743} INFO - Processing file /home/airflow/.local/lib/python3.9/site-packages/airflow/example_dags/example_xcom.py for tasks to queue
[2025-05-13T21:31:12.018+0000] {logging_mixin.py:137} INFO - [2025-05-13T21:31:12.018+0000] {dagbag.py:538} INFO - Filling up the DagBag from /home/airflow/.local/lib/python3.9/site-packages/airflow/example_dags/example_xcom.py
[2025-05-13T21:31:12.049+0000] {processor.py:753} INFO - DAG(s) dict_keys(['example_xcom']) retrieved from /home/airflow/.local/lib/python3.9/site-packages/airflow/example_dags/example_xcom.py
[2025-05-13T21:31:12.102+0000] {logging_mixin.py:137} INFO - [2025-05-13T21:31:12.102+0000] {dag.py:2676} INFO - Sync 1 DAGs
[2025-05-13T21:31:12.133+0000] {logging_mixin.py:137} INFO - [2025-05-13T21:31:12.132+0000] {dag.py:3423} INFO - Setting next_dagrun for example_xcom to 2021-01-01T00:00:00+00:00, run_after=2021-01-01T00:00:00+00:00
[2025-05-13T21:31:12.160+0000] {processor.py:175} INFO - Processing /home/airflow/.local/lib/python3.9/site-packages/airflow/example_dags/example_xcom.py took 0.148 seconds
[2025-05-13T21:31:42.759+0000] {processor.py:153} INFO - Started process (PID=5542) to work on /home/airflow/.local/lib/python3.9/site-packages/airflow/example_dags/example_xcom.py
[2025-05-13T21:31:42.762+0000] {processor.py:743} INFO - Processing file /home/airflow/.local/lib/python3.9/site-packages/airflow/example_dags/example_xcom.py for tasks to queue
[2025-05-13T21:31:42.763+0000] {logging_mixin.py:137} INFO - [2025-05-13T21:31:42.763+0000] {dagbag.py:538} INFO - Filling up the DagBag from /home/airflow/.local/lib/python3.9/site-packages/airflow/example_dags/example_xcom.py
[2025-05-13T21:31:42.792+0000] {processor.py:753} INFO - DAG(s) dict_keys(['example_xcom']) retrieved from /home/airflow/.local/lib/python3.9/site-packages/airflow/example_dags/example_xcom.py
[2025-05-13T21:31:42.838+0000] {logging_mixin.py:137} INFO - [2025-05-13T21:31:42.838+0000] {dag.py:2676} INFO - Sync 1 DAGs
[2025-05-13T21:31:42.867+0000] {logging_mixin.py:137} INFO - [2025-05-13T21:31:42.867+0000] {dag.py:3423} INFO - Setting next_dagrun for example_xcom to 2021-01-01T00:00:00+00:00, run_after=2021-01-01T00:00:00+00:00
[2025-05-13T21:31:42.890+0000] {processor.py:175} INFO - Processing /home/airflow/.local/lib/python3.9/site-packages/airflow/example_dags/example_xcom.py took 0.135 seconds
[2025-05-13T21:32:13.570+0000] {processor.py:153} INFO - Started process (PID=5745) to work on /home/airflow/.local/lib/python3.9/site-packages/airflow/example_dags/example_xcom.py
[2025-05-13T21:32:13.571+0000] {processor.py:743} INFO - Processing file /home/airflow/.local/lib/python3.9/site-packages/airflow/example_dags/example_xcom.py for tasks to queue
[2025-05-13T21:32:13.572+0000] {logging_mixin.py:137} INFO - [2025-05-13T21:32:13.572+0000] {dagbag.py:538} INFO - Filling up the DagBag from /home/airflow/.local/lib/python3.9/site-packages/airflow/example_dags/example_xcom.py
[2025-05-13T21:32:13.604+0000] {processor.py:753} INFO - DAG(s) dict_keys(['example_xcom']) retrieved from /home/airflow/.local/lib/python3.9/site-packages/airflow/example_dags/example_xcom.py
[2025-05-13T21:32:13.640+0000] {logging_mixin.py:137} INFO - [2025-05-13T21:32:13.639+0000] {dag.py:2676} INFO - Sync 1 DAGs
[2025-05-13T21:32:13.671+0000] {logging_mixin.py:137} INFO - [2025-05-13T21:32:13.671+0000] {dag.py:3423} INFO - Setting next_dagrun for example_xcom to 2021-01-01T00:00:00+00:00, run_after=2021-01-01T00:00:00+00:00
[2025-05-13T21:32:13.695+0000] {processor.py:175} INFO - Processing /home/airflow/.local/lib/python3.9/site-packages/airflow/example_dags/example_xcom.py took 0.130 seconds
[2025-05-13T21:32:43.907+0000] {processor.py:153} INFO - Started process (PID=5948) to work on /home/airflow/.local/lib/python3.9/site-packages/airflow/example_dags/example_xcom.py
[2025-05-13T21:32:43.912+0000] {processor.py:743} INFO - Processing file /home/airflow/.local/lib/python3.9/site-packages/airflow/example_dags/example_xcom.py for tasks to queue
[2025-05-13T21:32:43.913+0000] {logging_mixin.py:137} INFO - [2025-05-13T21:32:43.913+0000] {dagbag.py:538} INFO - Filling up the DagBag from /home/airflow/.local/lib/python3.9/site-packages/airflow/example_dags/example_xcom.py
[2025-05-13T21:32:43.943+0000] {processor.py:753} INFO - DAG(s) dict_keys(['example_xcom']) retrieved from /home/airflow/.local/lib/python3.9/site-packages/airflow/example_dags/example_xcom.py
[2025-05-13T21:32:43.999+0000] {logging_mixin.py:137} INFO - [2025-05-13T21:32:43.999+0000] {dag.py:2676} INFO - Sync 1 DAGs
[2025-05-13T21:32:44.029+0000] {logging_mixin.py:137} INFO - [2025-05-13T21:32:44.029+0000] {dag.py:3423} INFO - Setting next_dagrun for example_xcom to 2021-01-01T00:00:00+00:00, run_after=2021-01-01T00:00:00+00:00
[2025-05-13T21:32:44.052+0000] {processor.py:175} INFO - Processing /home/airflow/.local/lib/python3.9/site-packages/airflow/example_dags/example_xcom.py took 0.149 seconds
[2025-05-13T21:33:14.263+0000] {processor.py:153} INFO - Started process (PID=6151) to work on /home/airflow/.local/lib/python3.9/site-packages/airflow/example_dags/example_xcom.py
[2025-05-13T21:33:14.264+0000] {processor.py:743} INFO - Processing file /home/airflow/.local/lib/python3.9/site-packages/airflow/example_dags/example_xcom.py for tasks to queue
[2025-05-13T21:33:14.266+0000] {logging_mixin.py:137} INFO - [2025-05-13T21:33:14.265+0000] {dagbag.py:538} INFO - Filling up the DagBag from /home/airflow/.local/lib/python3.9/site-packages/airflow/example_dags/example_xcom.py
[2025-05-13T21:33:14.302+0000] {processor.py:753} INFO - DAG(s) dict_keys(['example_xcom']) retrieved from /home/airflow/.local/lib/python3.9/site-packages/airflow/example_dags/example_xcom.py
[2025-05-13T21:33:14.353+0000] {logging_mixin.py:137} INFO - [2025-05-13T21:33:14.353+0000] {dag.py:2676} INFO - Sync 1 DAGs
[2025-05-13T21:33:14.382+0000] {logging_mixin.py:137} INFO - [2025-05-13T21:33:14.381+0000] {dag.py:3423} INFO - Setting next_dagrun for example_xcom to 2021-01-01T00:00:00+00:00, run_after=2021-01-01T00:00:00+00:00
[2025-05-13T21:33:14.407+0000] {processor.py:175} INFO - Processing /home/airflow/.local/lib/python3.9/site-packages/airflow/example_dags/example_xcom.py took 0.148 seconds
[2025-05-13T21:33:45.008+0000] {processor.py:153} INFO - Started process (PID=6354) to work on /home/airflow/.local/lib/python3.9/site-packages/airflow/example_dags/example_xcom.py
[2025-05-13T21:33:45.009+0000] {processor.py:743} INFO - Processing file /home/airflow/.local/lib/python3.9/site-packages/airflow/example_dags/example_xcom.py for tasks to queue
[2025-05-13T21:33:45.010+0000] {logging_mixin.py:137} INFO - [2025-05-13T21:33:45.010+0000] {dagbag.py:538} INFO - Filling up the DagBag from /home/airflow/.local/lib/python3.9/site-packages/airflow/example_dags/example_xcom.py
[2025-05-13T21:33:45.044+0000] {processor.py:753} INFO - DAG(s) dict_keys(['example_xcom']) retrieved from /home/airflow/.local/lib/python3.9/site-packages/airflow/example_dags/example_xcom.py
[2025-05-13T21:33:45.103+0000] {logging_mixin.py:137} INFO - [2025-05-13T21:33:45.102+0000] {dag.py:2676} INFO - Sync 1 DAGs
[2025-05-13T21:33:45.133+0000] {logging_mixin.py:137} INFO - [2025-05-13T21:33:45.133+0000] {dag.py:3423} INFO - Setting next_dagrun for example_xcom to 2021-01-01T00:00:00+00:00, run_after=2021-01-01T00:00:00+00:00
[2025-05-13T21:33:45.155+0000] {processor.py:175} INFO - Processing /home/airflow/.local/lib/python3.9/site-packages/airflow/example_dags/example_xcom.py took 0.153 seconds
[2025-05-13T21:34:15.544+0000] {processor.py:153} INFO - Started process (PID=6557) to work on /home/airflow/.local/lib/python3.9/site-packages/airflow/example_dags/example_xcom.py
[2025-05-13T21:34:15.545+0000] {processor.py:743} INFO - Processing file /home/airflow/.local/lib/python3.9/site-packages/airflow/example_dags/example_xcom.py for tasks to queue
[2025-05-13T21:34:15.546+0000] {logging_mixin.py:137} INFO - [2025-05-13T21:34:15.546+0000] {dagbag.py:538} INFO - Filling up the DagBag from /home/airflow/.local/lib/python3.9/site-packages/airflow/example_dags/example_xcom.py
[2025-05-13T21:34:15.578+0000] {processor.py:753} INFO - DAG(s) dict_keys(['example_xcom']) retrieved from /home/airflow/.local/lib/python3.9/site-packages/airflow/example_dags/example_xcom.py
[2025-05-13T21:34:15.627+0000] {logging_mixin.py:137} INFO - [2025-05-13T21:34:15.627+0000] {dag.py:2676} INFO - Sync 1 DAGs
[2025-05-13T21:34:15.655+0000] {logging_mixin.py:137} INFO - [2025-05-13T21:34:15.655+0000] {dag.py:3423} INFO - Setting next_dagrun for example_xcom to 2021-01-01T00:00:00+00:00, run_after=2021-01-01T00:00:00+00:00
[2025-05-13T21:34:15.677+0000] {processor.py:175} INFO - Processing /home/airflow/.local/lib/python3.9/site-packages/airflow/example_dags/example_xcom.py took 0.138 seconds
[2025-05-13T21:34:46.263+0000] {processor.py:153} INFO - Started process (PID=6766) to work on /home/airflow/.local/lib/python3.9/site-packages/airflow/example_dags/example_xcom.py
[2025-05-13T21:34:46.265+0000] {processor.py:743} INFO - Processing file /home/airflow/.local/lib/python3.9/site-packages/airflow/example_dags/example_xcom.py for tasks to queue
[2025-05-13T21:34:46.268+0000] {logging_mixin.py:137} INFO - [2025-05-13T21:34:46.267+0000] {dagbag.py:538} INFO - Filling up the DagBag from /home/airflow/.local/lib/python3.9/site-packages/airflow/example_dags/example_xcom.py
[2025-05-13T21:34:46.346+0000] {processor.py:753} INFO - DAG(s) dict_keys(['example_xcom']) retrieved from /home/airflow/.local/lib/python3.9/site-packages/airflow/example_dags/example_xcom.py
[2025-05-13T21:34:46.428+0000] {logging_mixin.py:137} INFO - [2025-05-13T21:34:46.427+0000] {dag.py:2676} INFO - Sync 1 DAGs
[2025-05-13T21:34:46.533+0000] {logging_mixin.py:137} INFO - [2025-05-13T21:34:46.532+0000] {dag.py:3423} INFO - Setting next_dagrun for example_xcom to 2021-01-01T00:00:00+00:00, run_after=2021-01-01T00:00:00+00:00
[2025-05-13T21:34:46.590+0000] {processor.py:175} INFO - Processing /home/airflow/.local/lib/python3.9/site-packages/airflow/example_dags/example_xcom.py took 0.339 seconds
[2025-05-13T21:35:17.246+0000] {processor.py:153} INFO - Started process (PID=6970) to work on /home/airflow/.local/lib/python3.9/site-packages/airflow/example_dags/example_xcom.py
[2025-05-13T21:35:17.262+0000] {processor.py:743} INFO - Processing file /home/airflow/.local/lib/python3.9/site-packages/airflow/example_dags/example_xcom.py for tasks to queue
[2025-05-13T21:35:17.263+0000] {logging_mixin.py:137} INFO - [2025-05-13T21:35:17.263+0000] {dagbag.py:538} INFO - Filling up the DagBag from /home/airflow/.local/lib/python3.9/site-packages/airflow/example_dags/example_xcom.py
[2025-05-13T21:35:17.290+0000] {processor.py:753} INFO - DAG(s) dict_keys(['example_xcom']) retrieved from /home/airflow/.local/lib/python3.9/site-packages/airflow/example_dags/example_xcom.py
[2025-05-13T21:35:17.333+0000] {logging_mixin.py:137} INFO - [2025-05-13T21:35:17.333+0000] {dag.py:2676} INFO - Sync 1 DAGs
[2025-05-13T21:35:17.361+0000] {logging_mixin.py:137} INFO - [2025-05-13T21:35:17.361+0000] {dag.py:3423} INFO - Setting next_dagrun for example_xcom to 2021-01-01T00:00:00+00:00, run_after=2021-01-01T00:00:00+00:00
[2025-05-13T21:35:17.385+0000] {processor.py:175} INFO - Processing /home/airflow/.local/lib/python3.9/site-packages/airflow/example_dags/example_xcom.py took 0.147 seconds
[2025-05-13T21:35:47.560+0000] {processor.py:153} INFO - Started process (PID=7169) to work on /home/airflow/.local/lib/python3.9/site-packages/airflow/example_dags/example_xcom.py
[2025-05-13T21:35:47.562+0000] {processor.py:743} INFO - Processing file /home/airflow/.local/lib/python3.9/site-packages/airflow/example_dags/example_xcom.py for tasks to queue
[2025-05-13T21:35:47.563+0000] {logging_mixin.py:137} INFO - [2025-05-13T21:35:47.563+0000] {dagbag.py:538} INFO - Filling up the DagBag from /home/airflow/.local/lib/python3.9/site-packages/airflow/example_dags/example_xcom.py
[2025-05-13T21:35:47.595+0000] {processor.py:753} INFO - DAG(s) dict_keys(['example_xcom']) retrieved from /home/airflow/.local/lib/python3.9/site-packages/airflow/example_dags/example_xcom.py
[2025-05-13T21:35:47.648+0000] {logging_mixin.py:137} INFO - [2025-05-13T21:35:47.648+0000] {dag.py:2676} INFO - Sync 1 DAGs
[2025-05-13T21:35:47.690+0000] {logging_mixin.py:137} INFO - [2025-05-13T21:35:47.690+0000] {dag.py:3423} INFO - Setting next_dagrun for example_xcom to 2021-01-01T00:00:00+00:00, run_after=2021-01-01T00:00:00+00:00
[2025-05-13T21:35:47.723+0000] {processor.py:175} INFO - Processing /home/airflow/.local/lib/python3.9/site-packages/airflow/example_dags/example_xcom.py took 0.166 seconds
[2025-05-13T21:36:18.070+0000] {processor.py:153} INFO - Started process (PID=7372) to work on /home/airflow/.local/lib/python3.9/site-packages/airflow/example_dags/example_xcom.py
[2025-05-13T21:36:18.071+0000] {processor.py:743} INFO - Processing file /home/airflow/.local/lib/python3.9/site-packages/airflow/example_dags/example_xcom.py for tasks to queue
[2025-05-13T21:36:18.072+0000] {logging_mixin.py:137} INFO - [2025-05-13T21:36:18.072+0000] {dagbag.py:538} INFO - Filling up the DagBag from /home/airflow/.local/lib/python3.9/site-packages/airflow/example_dags/example_xcom.py
[2025-05-13T21:36:18.106+0000] {processor.py:753} INFO - DAG(s) dict_keys(['example_xcom']) retrieved from /home/airflow/.local/lib/python3.9/site-packages/airflow/example_dags/example_xcom.py
[2025-05-13T21:36:18.162+0000] {logging_mixin.py:137} INFO - [2025-05-13T21:36:18.162+0000] {dag.py:2676} INFO - Sync 1 DAGs
[2025-05-13T21:36:18.209+0000] {logging_mixin.py:137} INFO - [2025-05-13T21:36:18.209+0000] {dag.py:3423} INFO - Setting next_dagrun for example_xcom to 2021-01-01T00:00:00+00:00, run_after=2021-01-01T00:00:00+00:00
[2025-05-13T21:36:18.254+0000] {processor.py:175} INFO - Processing /home/airflow/.local/lib/python3.9/site-packages/airflow/example_dags/example_xcom.py took 0.190 seconds
[2025-05-13T21:37:50.377+0000] {processor.py:153} INFO - Started process (PID=270) to work on /home/airflow/.local/lib/python3.9/site-packages/airflow/example_dags/example_xcom.py
[2025-05-13T21:37:50.379+0000] {processor.py:743} INFO - Processing file /home/airflow/.local/lib/python3.9/site-packages/airflow/example_dags/example_xcom.py for tasks to queue
[2025-05-13T21:37:50.380+0000] {logging_mixin.py:137} INFO - [2025-05-13T21:37:50.380+0000] {dagbag.py:538} INFO - Filling up the DagBag from /home/airflow/.local/lib/python3.9/site-packages/airflow/example_dags/example_xcom.py
[2025-05-13T21:37:50.422+0000] {processor.py:753} INFO - DAG(s) dict_keys(['example_xcom']) retrieved from /home/airflow/.local/lib/python3.9/site-packages/airflow/example_dags/example_xcom.py
[2025-05-13T21:37:50.489+0000] {logging_mixin.py:137} INFO - [2025-05-13T21:37:50.489+0000] {dag.py:2676} INFO - Sync 1 DAGs
[2025-05-13T21:37:50.527+0000] {logging_mixin.py:137} INFO - [2025-05-13T21:37:50.526+0000] {dag.py:3423} INFO - Setting next_dagrun for example_xcom to 2021-01-01T00:00:00+00:00, run_after=2021-01-01T00:00:00+00:00
[2025-05-13T21:37:50.560+0000] {processor.py:175} INFO - Processing /home/airflow/.local/lib/python3.9/site-packages/airflow/example_dags/example_xcom.py took 0.187 seconds
[2025-05-13T21:38:21.566+0000] {processor.py:153} INFO - Started process (PID=473) to work on /home/airflow/.local/lib/python3.9/site-packages/airflow/example_dags/example_xcom.py
[2025-05-13T21:38:21.567+0000] {processor.py:743} INFO - Processing file /home/airflow/.local/lib/python3.9/site-packages/airflow/example_dags/example_xcom.py for tasks to queue
[2025-05-13T21:38:21.568+0000] {logging_mixin.py:137} INFO - [2025-05-13T21:38:21.568+0000] {dagbag.py:538} INFO - Filling up the DagBag from /home/airflow/.local/lib/python3.9/site-packages/airflow/example_dags/example_xcom.py
[2025-05-13T21:38:21.603+0000] {processor.py:753} INFO - DAG(s) dict_keys(['example_xcom']) retrieved from /home/airflow/.local/lib/python3.9/site-packages/airflow/example_dags/example_xcom.py
[2025-05-13T21:38:21.657+0000] {logging_mixin.py:137} INFO - [2025-05-13T21:38:21.657+0000] {dag.py:2676} INFO - Sync 1 DAGs
[2025-05-13T21:38:21.686+0000] {logging_mixin.py:137} INFO - [2025-05-13T21:38:21.686+0000] {dag.py:3423} INFO - Setting next_dagrun for example_xcom to 2021-01-01T00:00:00+00:00, run_after=2021-01-01T00:00:00+00:00
[2025-05-13T21:38:21.710+0000] {processor.py:175} INFO - Processing /home/airflow/.local/lib/python3.9/site-packages/airflow/example_dags/example_xcom.py took 0.148 seconds
[2025-05-13T21:38:51.902+0000] {processor.py:153} INFO - Started process (PID=670) to work on /home/airflow/.local/lib/python3.9/site-packages/airflow/example_dags/example_xcom.py
[2025-05-13T21:38:51.903+0000] {processor.py:743} INFO - Processing file /home/airflow/.local/lib/python3.9/site-packages/airflow/example_dags/example_xcom.py for tasks to queue
[2025-05-13T21:38:51.904+0000] {logging_mixin.py:137} INFO - [2025-05-13T21:38:51.904+0000] {dagbag.py:538} INFO - Filling up the DagBag from /home/airflow/.local/lib/python3.9/site-packages/airflow/example_dags/example_xcom.py
[2025-05-13T21:38:51.937+0000] {processor.py:753} INFO - DAG(s) dict_keys(['example_xcom']) retrieved from /home/airflow/.local/lib/python3.9/site-packages/airflow/example_dags/example_xcom.py
[2025-05-13T21:38:51.992+0000] {logging_mixin.py:137} INFO - [2025-05-13T21:38:51.992+0000] {dag.py:2676} INFO - Sync 1 DAGs
[2025-05-13T21:38:52.021+0000] {logging_mixin.py:137} INFO - [2025-05-13T21:38:52.021+0000] {dag.py:3423} INFO - Setting next_dagrun for example_xcom to 2021-01-01T00:00:00+00:00, run_after=2021-01-01T00:00:00+00:00
[2025-05-13T21:38:52.046+0000] {processor.py:175} INFO - Processing /home/airflow/.local/lib/python3.9/site-packages/airflow/example_dags/example_xcom.py took 0.151 seconds
[2025-05-13T21:39:22.666+0000] {processor.py:153} INFO - Started process (PID=873) to work on /home/airflow/.local/lib/python3.9/site-packages/airflow/example_dags/example_xcom.py
[2025-05-13T21:39:22.668+0000] {processor.py:743} INFO - Processing file /home/airflow/.local/lib/python3.9/site-packages/airflow/example_dags/example_xcom.py for tasks to queue
[2025-05-13T21:39:22.672+0000] {logging_mixin.py:137} INFO - [2025-05-13T21:39:22.672+0000] {dagbag.py:538} INFO - Filling up the DagBag from /home/airflow/.local/lib/python3.9/site-packages/airflow/example_dags/example_xcom.py
[2025-05-13T21:39:22.709+0000] {processor.py:753} INFO - DAG(s) dict_keys(['example_xcom']) retrieved from /home/airflow/.local/lib/python3.9/site-packages/airflow/example_dags/example_xcom.py
[2025-05-13T21:39:22.771+0000] {logging_mixin.py:137} INFO - [2025-05-13T21:39:22.771+0000] {dag.py:2676} INFO - Sync 1 DAGs
[2025-05-13T21:39:22.808+0000] {logging_mixin.py:137} INFO - [2025-05-13T21:39:22.808+0000] {dag.py:3423} INFO - Setting next_dagrun for example_xcom to 2021-01-01T00:00:00+00:00, run_after=2021-01-01T00:00:00+00:00
[2025-05-13T21:39:22.830+0000] {processor.py:175} INFO - Processing /home/airflow/.local/lib/python3.9/site-packages/airflow/example_dags/example_xcom.py took 0.168 seconds
[2025-05-13T21:39:52.937+0000] {processor.py:153} INFO - Started process (PID=1076) to work on /home/airflow/.local/lib/python3.9/site-packages/airflow/example_dags/example_xcom.py
[2025-05-13T21:39:52.939+0000] {processor.py:743} INFO - Processing file /home/airflow/.local/lib/python3.9/site-packages/airflow/example_dags/example_xcom.py for tasks to queue
[2025-05-13T21:39:52.940+0000] {logging_mixin.py:137} INFO - [2025-05-13T21:39:52.940+0000] {dagbag.py:538} INFO - Filling up the DagBag from /home/airflow/.local/lib/python3.9/site-packages/airflow/example_dags/example_xcom.py
[2025-05-13T21:39:53.030+0000] {processor.py:753} INFO - DAG(s) dict_keys(['example_xcom']) retrieved from /home/airflow/.local/lib/python3.9/site-packages/airflow/example_dags/example_xcom.py
[2025-05-13T21:39:53.131+0000] {logging_mixin.py:137} INFO - [2025-05-13T21:39:53.131+0000] {dag.py:2676} INFO - Sync 1 DAGs
[2025-05-13T21:39:53.174+0000] {logging_mixin.py:137} INFO - [2025-05-13T21:39:53.174+0000] {dag.py:3423} INFO - Setting next_dagrun for example_xcom to 2021-01-01T00:00:00+00:00, run_after=2021-01-01T00:00:00+00:00
[2025-05-13T21:39:53.216+0000] {processor.py:175} INFO - Processing /home/airflow/.local/lib/python3.9/site-packages/airflow/example_dags/example_xcom.py took 0.284 seconds
[2025-05-13T21:40:23.405+0000] {processor.py:153} INFO - Started process (PID=1283) to work on /home/airflow/.local/lib/python3.9/site-packages/airflow/example_dags/example_xcom.py
[2025-05-13T21:40:23.406+0000] {processor.py:743} INFO - Processing file /home/airflow/.local/lib/python3.9/site-packages/airflow/example_dags/example_xcom.py for tasks to queue
[2025-05-13T21:40:23.408+0000] {logging_mixin.py:137} INFO - [2025-05-13T21:40:23.408+0000] {dagbag.py:538} INFO - Filling up the DagBag from /home/airflow/.local/lib/python3.9/site-packages/airflow/example_dags/example_xcom.py
[2025-05-13T21:40:23.447+0000] {processor.py:753} INFO - DAG(s) dict_keys(['example_xcom']) retrieved from /home/airflow/.local/lib/python3.9/site-packages/airflow/example_dags/example_xcom.py
[2025-05-13T21:40:23.510+0000] {logging_mixin.py:137} INFO - [2025-05-13T21:40:23.510+0000] {dag.py:2676} INFO - Sync 1 DAGs
[2025-05-13T21:40:23.542+0000] {logging_mixin.py:137} INFO - [2025-05-13T21:40:23.542+0000] {dag.py:3423} INFO - Setting next_dagrun for example_xcom to 2021-01-01T00:00:00+00:00, run_after=2021-01-01T00:00:00+00:00
[2025-05-13T21:40:23.577+0000] {processor.py:175} INFO - Processing /home/airflow/.local/lib/python3.9/site-packages/airflow/example_dags/example_xcom.py took 0.177 seconds
[2025-05-13T21:40:53.786+0000] {processor.py:153} INFO - Started process (PID=1486) to work on /home/airflow/.local/lib/python3.9/site-packages/airflow/example_dags/example_xcom.py
[2025-05-13T21:40:53.788+0000] {processor.py:743} INFO - Processing file /home/airflow/.local/lib/python3.9/site-packages/airflow/example_dags/example_xcom.py for tasks to queue
[2025-05-13T21:40:53.790+0000] {logging_mixin.py:137} INFO - [2025-05-13T21:40:53.790+0000] {dagbag.py:538} INFO - Filling up the DagBag from /home/airflow/.local/lib/python3.9/site-packages/airflow/example_dags/example_xcom.py
[2025-05-13T21:40:53.824+0000] {processor.py:753} INFO - DAG(s) dict_keys(['example_xcom']) retrieved from /home/airflow/.local/lib/python3.9/site-packages/airflow/example_dags/example_xcom.py
[2025-05-13T21:40:53.888+0000] {logging_mixin.py:137} INFO - [2025-05-13T21:40:53.888+0000] {dag.py:2676} INFO - Sync 1 DAGs
[2025-05-13T21:40:53.923+0000] {logging_mixin.py:137} INFO - [2025-05-13T21:40:53.923+0000] {dag.py:3423} INFO - Setting next_dagrun for example_xcom to 2021-01-01T00:00:00+00:00, run_after=2021-01-01T00:00:00+00:00
[2025-05-13T21:40:53.960+0000] {processor.py:175} INFO - Processing /home/airflow/.local/lib/python3.9/site-packages/airflow/example_dags/example_xcom.py took 0.180 seconds
[2025-05-13T21:41:24.060+0000] {processor.py:153} INFO - Started process (PID=1689) to work on /home/airflow/.local/lib/python3.9/site-packages/airflow/example_dags/example_xcom.py
[2025-05-13T21:41:24.063+0000] {processor.py:743} INFO - Processing file /home/airflow/.local/lib/python3.9/site-packages/airflow/example_dags/example_xcom.py for tasks to queue
[2025-05-13T21:41:24.065+0000] {logging_mixin.py:137} INFO - [2025-05-13T21:41:24.065+0000] {dagbag.py:538} INFO - Filling up the DagBag from /home/airflow/.local/lib/python3.9/site-packages/airflow/example_dags/example_xcom.py
[2025-05-13T21:41:24.139+0000] {processor.py:753} INFO - DAG(s) dict_keys(['example_xcom']) retrieved from /home/airflow/.local/lib/python3.9/site-packages/airflow/example_dags/example_xcom.py
[2025-05-13T21:41:24.232+0000] {logging_mixin.py:137} INFO - [2025-05-13T21:41:24.231+0000] {dag.py:2676} INFO - Sync 1 DAGs
[2025-05-13T21:41:24.276+0000] {logging_mixin.py:137} INFO - [2025-05-13T21:41:24.275+0000] {dag.py:3423} INFO - Setting next_dagrun for example_xcom to 2021-01-01T00:00:00+00:00, run_after=2021-01-01T00:00:00+00:00
[2025-05-13T21:41:24.312+0000] {processor.py:175} INFO - Processing /home/airflow/.local/lib/python3.9/site-packages/airflow/example_dags/example_xcom.py took 0.261 seconds
[2025-05-13T21:41:55.040+0000] {processor.py:153} INFO - Started process (PID=1952) to work on /home/airflow/.local/lib/python3.9/site-packages/airflow/example_dags/example_xcom.py
[2025-05-13T21:41:55.043+0000] {processor.py:743} INFO - Processing file /home/airflow/.local/lib/python3.9/site-packages/airflow/example_dags/example_xcom.py for tasks to queue
[2025-05-13T21:41:55.045+0000] {logging_mixin.py:137} INFO - [2025-05-13T21:41:55.044+0000] {dagbag.py:538} INFO - Filling up the DagBag from /home/airflow/.local/lib/python3.9/site-packages/airflow/example_dags/example_xcom.py
[2025-05-13T21:41:55.202+0000] {processor.py:753} INFO - DAG(s) dict_keys(['example_xcom']) retrieved from /home/airflow/.local/lib/python3.9/site-packages/airflow/example_dags/example_xcom.py
[2025-05-13T21:41:55.322+0000] {logging_mixin.py:137} INFO - [2025-05-13T21:41:55.322+0000] {dag.py:2676} INFO - Sync 1 DAGs
[2025-05-13T21:41:55.443+0000] {logging_mixin.py:137} INFO - [2025-05-13T21:41:55.443+0000] {dag.py:3423} INFO - Setting next_dagrun for example_xcom to 2021-01-01T00:00:00+00:00, run_after=2021-01-01T00:00:00+00:00
[2025-05-13T21:41:55.487+0000] {processor.py:175} INFO - Processing /home/airflow/.local/lib/python3.9/site-packages/airflow/example_dags/example_xcom.py took 0.455 seconds
