[2025-05-13T02:45:44.674+0000] {processor.py:153} INFO - Started process (PID=302) to work on /home/airflow/.local/lib/python3.9/site-packages/airflow/example_dags/example_sensors.py
[2025-05-13T02:45:44.675+0000] {processor.py:743} INFO - Processing file /home/airflow/.local/lib/python3.9/site-packages/airflow/example_dags/example_sensors.py for tasks to queue
[2025-05-13T02:45:44.676+0000] {logging_mixin.py:137} INFO - [2025-05-13T02:45:44.676+0000] {dagbag.py:538} INFO - Filling up the DagBag from /home/airflow/.local/lib/python3.9/site-packages/airflow/example_dags/example_sensors.py
[2025-05-13T02:45:44.713+0000] {processor.py:753} INFO - DAG(s) dict_keys(['example_sensors']) retrieved from /home/airflow/.local/lib/python3.9/site-packages/airflow/example_dags/example_sensors.py
[2025-05-13T02:45:44.868+0000] {logging_mixin.py:137} INFO - [2025-05-13T02:45:44.868+0000] {manager.py:504} INFO - Created Permission View: can delete on DAG:example_sensors
[2025-05-13T02:45:44.880+0000] {logging_mixin.py:137} INFO - [2025-05-13T02:45:44.880+0000] {manager.py:504} INFO - Created Permission View: can edit on DAG:example_sensors
[2025-05-13T02:45:44.890+0000] {logging_mixin.py:137} INFO - [2025-05-13T02:45:44.890+0000] {manager.py:504} INFO - Created Permission View: can read on DAG:example_sensors
[2025-05-13T02:45:44.891+0000] {logging_mixin.py:137} INFO - [2025-05-13T02:45:44.890+0000] {dag.py:2676} INFO - Sync 1 DAGs
[2025-05-13T02:45:44.906+0000] {logging_mixin.py:137} INFO - [2025-05-13T02:45:44.906+0000] {dag.py:2697} INFO - Creating ORM DAG for example_sensors
[2025-05-13T02:45:44.919+0000] {logging_mixin.py:137} INFO - [2025-05-13T02:45:44.919+0000] {dag.py:3423} INFO - Setting next_dagrun for example_sensors to None, run_after=None
[2025-05-13T02:45:44.950+0000] {processor.py:175} INFO - Processing /home/airflow/.local/lib/python3.9/site-packages/airflow/example_dags/example_sensors.py took 0.281 seconds
[2025-05-13T02:46:15.946+0000] {processor.py:153} INFO - Started process (PID=505) to work on /home/airflow/.local/lib/python3.9/site-packages/airflow/example_dags/example_sensors.py
[2025-05-13T02:46:15.947+0000] {processor.py:743} INFO - Processing file /home/airflow/.local/lib/python3.9/site-packages/airflow/example_dags/example_sensors.py for tasks to queue
[2025-05-13T02:46:15.948+0000] {logging_mixin.py:137} INFO - [2025-05-13T02:46:15.948+0000] {dagbag.py:538} INFO - Filling up the DagBag from /home/airflow/.local/lib/python3.9/site-packages/airflow/example_dags/example_sensors.py
[2025-05-13T02:46:15.981+0000] {processor.py:753} INFO - DAG(s) dict_keys(['example_sensors']) retrieved from /home/airflow/.local/lib/python3.9/site-packages/airflow/example_dags/example_sensors.py
[2025-05-13T02:46:16.048+0000] {logging_mixin.py:137} INFO - [2025-05-13T02:46:16.048+0000] {dag.py:2676} INFO - Sync 1 DAGs
[2025-05-13T02:46:16.085+0000] {logging_mixin.py:137} INFO - [2025-05-13T02:46:16.085+0000] {dag.py:3423} INFO - Setting next_dagrun for example_sensors to None, run_after=None
[2025-05-13T02:46:16.113+0000] {processor.py:175} INFO - Processing /home/airflow/.local/lib/python3.9/site-packages/airflow/example_dags/example_sensors.py took 0.172 seconds
[2025-05-13T02:46:46.999+0000] {processor.py:153} INFO - Started process (PID=704) to work on /home/airflow/.local/lib/python3.9/site-packages/airflow/example_dags/example_sensors.py
[2025-05-13T02:46:47.001+0000] {processor.py:743} INFO - Processing file /home/airflow/.local/lib/python3.9/site-packages/airflow/example_dags/example_sensors.py for tasks to queue
[2025-05-13T02:46:47.002+0000] {logging_mixin.py:137} INFO - [2025-05-13T02:46:47.002+0000] {dagbag.py:538} INFO - Filling up the DagBag from /home/airflow/.local/lib/python3.9/site-packages/airflow/example_dags/example_sensors.py
[2025-05-13T02:46:47.033+0000] {processor.py:753} INFO - DAG(s) dict_keys(['example_sensors']) retrieved from /home/airflow/.local/lib/python3.9/site-packages/airflow/example_dags/example_sensors.py
[2025-05-13T02:46:47.091+0000] {logging_mixin.py:137} INFO - [2025-05-13T02:46:47.091+0000] {dag.py:2676} INFO - Sync 1 DAGs
[2025-05-13T02:46:47.122+0000] {logging_mixin.py:137} INFO - [2025-05-13T02:46:47.122+0000] {dag.py:3423} INFO - Setting next_dagrun for example_sensors to None, run_after=None
[2025-05-13T02:46:47.150+0000] {processor.py:175} INFO - Processing /home/airflow/.local/lib/python3.9/site-packages/airflow/example_dags/example_sensors.py took 0.156 seconds
[2025-05-13T02:47:17.689+0000] {processor.py:153} INFO - Started process (PID=907) to work on /home/airflow/.local/lib/python3.9/site-packages/airflow/example_dags/example_sensors.py
[2025-05-13T02:47:17.690+0000] {processor.py:743} INFO - Processing file /home/airflow/.local/lib/python3.9/site-packages/airflow/example_dags/example_sensors.py for tasks to queue
[2025-05-13T02:47:17.692+0000] {logging_mixin.py:137} INFO - [2025-05-13T02:47:17.692+0000] {dagbag.py:538} INFO - Filling up the DagBag from /home/airflow/.local/lib/python3.9/site-packages/airflow/example_dags/example_sensors.py
[2025-05-13T02:47:17.751+0000] {processor.py:753} INFO - DAG(s) dict_keys(['example_sensors']) retrieved from /home/airflow/.local/lib/python3.9/site-packages/airflow/example_dags/example_sensors.py
[2025-05-13T02:47:17.886+0000] {logging_mixin.py:137} INFO - [2025-05-13T02:47:17.885+0000] {dag.py:2676} INFO - Sync 1 DAGs
[2025-05-13T02:47:17.942+0000] {logging_mixin.py:137} INFO - [2025-05-13T02:47:17.941+0000] {dag.py:3423} INFO - Setting next_dagrun for example_sensors to None, run_after=None
[2025-05-13T02:47:17.969+0000] {processor.py:175} INFO - Processing /home/airflow/.local/lib/python3.9/site-packages/airflow/example_dags/example_sensors.py took 0.286 seconds
[2025-05-13T02:47:48.011+0000] {processor.py:153} INFO - Started process (PID=1110) to work on /home/airflow/.local/lib/python3.9/site-packages/airflow/example_dags/example_sensors.py
[2025-05-13T02:47:48.012+0000] {processor.py:743} INFO - Processing file /home/airflow/.local/lib/python3.9/site-packages/airflow/example_dags/example_sensors.py for tasks to queue
[2025-05-13T02:47:48.013+0000] {logging_mixin.py:137} INFO - [2025-05-13T02:47:48.013+0000] {dagbag.py:538} INFO - Filling up the DagBag from /home/airflow/.local/lib/python3.9/site-packages/airflow/example_dags/example_sensors.py
[2025-05-13T02:47:48.040+0000] {processor.py:753} INFO - DAG(s) dict_keys(['example_sensors']) retrieved from /home/airflow/.local/lib/python3.9/site-packages/airflow/example_dags/example_sensors.py
[2025-05-13T02:47:48.094+0000] {logging_mixin.py:137} INFO - [2025-05-13T02:47:48.094+0000] {dag.py:2676} INFO - Sync 1 DAGs
[2025-05-13T02:47:48.121+0000] {logging_mixin.py:137} INFO - [2025-05-13T02:47:48.121+0000] {dag.py:3423} INFO - Setting next_dagrun for example_sensors to None, run_after=None
[2025-05-13T02:47:48.144+0000] {processor.py:175} INFO - Processing /home/airflow/.local/lib/python3.9/site-packages/airflow/example_dags/example_sensors.py took 0.138 seconds
[2025-05-13T02:49:32.628+0000] {processor.py:153} INFO - Started process (PID=317) to work on /home/airflow/.local/lib/python3.9/site-packages/airflow/example_dags/example_sensors.py
[2025-05-13T02:49:32.630+0000] {processor.py:743} INFO - Processing file /home/airflow/.local/lib/python3.9/site-packages/airflow/example_dags/example_sensors.py for tasks to queue
[2025-05-13T02:49:32.631+0000] {logging_mixin.py:137} INFO - [2025-05-13T02:49:32.631+0000] {dagbag.py:538} INFO - Filling up the DagBag from /home/airflow/.local/lib/python3.9/site-packages/airflow/example_dags/example_sensors.py
[2025-05-13T02:49:32.733+0000] {processor.py:753} INFO - DAG(s) dict_keys(['example_sensors']) retrieved from /home/airflow/.local/lib/python3.9/site-packages/airflow/example_dags/example_sensors.py
[2025-05-13T02:49:32.823+0000] {logging_mixin.py:137} INFO - [2025-05-13T02:49:32.823+0000] {dag.py:2676} INFO - Sync 1 DAGs
[2025-05-13T02:49:32.861+0000] {logging_mixin.py:137} INFO - [2025-05-13T02:49:32.861+0000] {dag.py:3423} INFO - Setting next_dagrun for example_sensors to None, run_after=None
[2025-05-13T02:49:32.896+0000] {processor.py:175} INFO - Processing /home/airflow/.local/lib/python3.9/site-packages/airflow/example_dags/example_sensors.py took 0.273 seconds
[2025-05-13T02:50:03.417+0000] {processor.py:153} INFO - Started process (PID=520) to work on /home/airflow/.local/lib/python3.9/site-packages/airflow/example_dags/example_sensors.py
[2025-05-13T02:50:03.421+0000] {processor.py:743} INFO - Processing file /home/airflow/.local/lib/python3.9/site-packages/airflow/example_dags/example_sensors.py for tasks to queue
[2025-05-13T02:50:03.424+0000] {logging_mixin.py:137} INFO - [2025-05-13T02:50:03.424+0000] {dagbag.py:538} INFO - Filling up the DagBag from /home/airflow/.local/lib/python3.9/site-packages/airflow/example_dags/example_sensors.py
[2025-05-13T02:50:03.459+0000] {processor.py:753} INFO - DAG(s) dict_keys(['example_sensors']) retrieved from /home/airflow/.local/lib/python3.9/site-packages/airflow/example_dags/example_sensors.py
[2025-05-13T02:50:03.528+0000] {logging_mixin.py:137} INFO - [2025-05-13T02:50:03.528+0000] {dag.py:2676} INFO - Sync 1 DAGs
[2025-05-13T02:50:03.563+0000] {logging_mixin.py:137} INFO - [2025-05-13T02:50:03.563+0000] {dag.py:3423} INFO - Setting next_dagrun for example_sensors to None, run_after=None
[2025-05-13T02:50:03.592+0000] {processor.py:175} INFO - Processing /home/airflow/.local/lib/python3.9/site-packages/airflow/example_dags/example_sensors.py took 0.179 seconds
[2025-05-13T02:50:33.794+0000] {processor.py:153} INFO - Started process (PID=717) to work on /home/airflow/.local/lib/python3.9/site-packages/airflow/example_dags/example_sensors.py
[2025-05-13T02:50:33.795+0000] {processor.py:743} INFO - Processing file /home/airflow/.local/lib/python3.9/site-packages/airflow/example_dags/example_sensors.py for tasks to queue
[2025-05-13T02:50:33.798+0000] {logging_mixin.py:137} INFO - [2025-05-13T02:50:33.797+0000] {dagbag.py:538} INFO - Filling up the DagBag from /home/airflow/.local/lib/python3.9/site-packages/airflow/example_dags/example_sensors.py
[2025-05-13T02:50:33.834+0000] {processor.py:753} INFO - DAG(s) dict_keys(['example_sensors']) retrieved from /home/airflow/.local/lib/python3.9/site-packages/airflow/example_dags/example_sensors.py
[2025-05-13T02:50:33.902+0000] {logging_mixin.py:137} INFO - [2025-05-13T02:50:33.902+0000] {dag.py:2676} INFO - Sync 1 DAGs
[2025-05-13T02:50:33.932+0000] {logging_mixin.py:137} INFO - [2025-05-13T02:50:33.931+0000] {dag.py:3423} INFO - Setting next_dagrun for example_sensors to None, run_after=None
[2025-05-13T02:50:33.958+0000] {processor.py:175} INFO - Processing /home/airflow/.local/lib/python3.9/site-packages/airflow/example_dags/example_sensors.py took 0.169 seconds
[2025-05-13T21:18:29.617+0000] {processor.py:153} INFO - Started process (PID=302) to work on /home/airflow/.local/lib/python3.9/site-packages/airflow/example_dags/example_sensors.py
[2025-05-13T21:18:29.619+0000] {processor.py:743} INFO - Processing file /home/airflow/.local/lib/python3.9/site-packages/airflow/example_dags/example_sensors.py for tasks to queue
[2025-05-13T21:18:29.620+0000] {logging_mixin.py:137} INFO - [2025-05-13T21:18:29.620+0000] {dagbag.py:538} INFO - Filling up the DagBag from /home/airflow/.local/lib/python3.9/site-packages/airflow/example_dags/example_sensors.py
[2025-05-13T21:18:29.668+0000] {processor.py:753} INFO - DAG(s) dict_keys(['example_sensors']) retrieved from /home/airflow/.local/lib/python3.9/site-packages/airflow/example_dags/example_sensors.py
[2025-05-13T21:18:29.840+0000] {logging_mixin.py:137} INFO - [2025-05-13T21:18:29.840+0000] {manager.py:504} INFO - Created Permission View: can edit on DAG:example_sensors
[2025-05-13T21:18:29.857+0000] {logging_mixin.py:137} INFO - [2025-05-13T21:18:29.856+0000] {manager.py:504} INFO - Created Permission View: can delete on DAG:example_sensors
[2025-05-13T21:18:29.873+0000] {logging_mixin.py:137} INFO - [2025-05-13T21:18:29.872+0000] {manager.py:504} INFO - Created Permission View: can read on DAG:example_sensors
[2025-05-13T21:18:29.874+0000] {logging_mixin.py:137} INFO - [2025-05-13T21:18:29.873+0000] {dag.py:2676} INFO - Sync 1 DAGs
[2025-05-13T21:18:29.895+0000] {logging_mixin.py:137} INFO - [2025-05-13T21:18:29.895+0000] {dag.py:2697} INFO - Creating ORM DAG for example_sensors
[2025-05-13T21:18:29.917+0000] {logging_mixin.py:137} INFO - [2025-05-13T21:18:29.917+0000] {dag.py:3423} INFO - Setting next_dagrun for example_sensors to None, run_after=None
[2025-05-13T21:18:29.956+0000] {processor.py:175} INFO - Processing /home/airflow/.local/lib/python3.9/site-packages/airflow/example_dags/example_sensors.py took 0.343 seconds
[2025-05-13T21:19:00.016+0000] {processor.py:153} INFO - Started process (PID=505) to work on /home/airflow/.local/lib/python3.9/site-packages/airflow/example_dags/example_sensors.py
[2025-05-13T21:19:00.017+0000] {processor.py:743} INFO - Processing file /home/airflow/.local/lib/python3.9/site-packages/airflow/example_dags/example_sensors.py for tasks to queue
[2025-05-13T21:19:00.018+0000] {logging_mixin.py:137} INFO - [2025-05-13T21:19:00.018+0000] {dagbag.py:538} INFO - Filling up the DagBag from /home/airflow/.local/lib/python3.9/site-packages/airflow/example_dags/example_sensors.py
[2025-05-13T21:19:00.047+0000] {processor.py:753} INFO - DAG(s) dict_keys(['example_sensors']) retrieved from /home/airflow/.local/lib/python3.9/site-packages/airflow/example_dags/example_sensors.py
[2025-05-13T21:19:00.093+0000] {logging_mixin.py:137} INFO - [2025-05-13T21:19:00.093+0000] {dag.py:2676} INFO - Sync 1 DAGs
[2025-05-13T21:19:00.116+0000] {logging_mixin.py:137} INFO - [2025-05-13T21:19:00.116+0000] {dag.py:3423} INFO - Setting next_dagrun for example_sensors to None, run_after=None
[2025-05-13T21:19:00.137+0000] {processor.py:175} INFO - Processing /home/airflow/.local/lib/python3.9/site-packages/airflow/example_dags/example_sensors.py took 0.126 seconds
[2025-05-13T21:19:30.354+0000] {processor.py:153} INFO - Started process (PID=704) to work on /home/airflow/.local/lib/python3.9/site-packages/airflow/example_dags/example_sensors.py
[2025-05-13T21:19:30.355+0000] {processor.py:743} INFO - Processing file /home/airflow/.local/lib/python3.9/site-packages/airflow/example_dags/example_sensors.py for tasks to queue
[2025-05-13T21:19:30.356+0000] {logging_mixin.py:137} INFO - [2025-05-13T21:19:30.356+0000] {dagbag.py:538} INFO - Filling up the DagBag from /home/airflow/.local/lib/python3.9/site-packages/airflow/example_dags/example_sensors.py
[2025-05-13T21:19:30.396+0000] {processor.py:753} INFO - DAG(s) dict_keys(['example_sensors']) retrieved from /home/airflow/.local/lib/python3.9/site-packages/airflow/example_dags/example_sensors.py
[2025-05-13T21:19:30.460+0000] {logging_mixin.py:137} INFO - [2025-05-13T21:19:30.460+0000] {dag.py:2676} INFO - Sync 1 DAGs
[2025-05-13T21:19:30.498+0000] {logging_mixin.py:137} INFO - [2025-05-13T21:19:30.498+0000] {dag.py:3423} INFO - Setting next_dagrun for example_sensors to None, run_after=None
[2025-05-13T21:19:30.542+0000] {processor.py:175} INFO - Processing /home/airflow/.local/lib/python3.9/site-packages/airflow/example_dags/example_sensors.py took 0.194 seconds
[2025-05-13T21:20:01.073+0000] {processor.py:153} INFO - Started process (PID=907) to work on /home/airflow/.local/lib/python3.9/site-packages/airflow/example_dags/example_sensors.py
[2025-05-13T21:20:01.074+0000] {processor.py:743} INFO - Processing file /home/airflow/.local/lib/python3.9/site-packages/airflow/example_dags/example_sensors.py for tasks to queue
[2025-05-13T21:20:01.075+0000] {logging_mixin.py:137} INFO - [2025-05-13T21:20:01.075+0000] {dagbag.py:538} INFO - Filling up the DagBag from /home/airflow/.local/lib/python3.9/site-packages/airflow/example_dags/example_sensors.py
[2025-05-13T21:20:01.108+0000] {processor.py:753} INFO - DAG(s) dict_keys(['example_sensors']) retrieved from /home/airflow/.local/lib/python3.9/site-packages/airflow/example_dags/example_sensors.py
[2025-05-13T21:20:01.167+0000] {logging_mixin.py:137} INFO - [2025-05-13T21:20:01.167+0000] {dag.py:2676} INFO - Sync 1 DAGs
[2025-05-13T21:20:01.197+0000] {logging_mixin.py:137} INFO - [2025-05-13T21:20:01.197+0000] {dag.py:3423} INFO - Setting next_dagrun for example_sensors to None, run_after=None
[2025-05-13T21:20:01.221+0000] {processor.py:175} INFO - Processing /home/airflow/.local/lib/python3.9/site-packages/airflow/example_dags/example_sensors.py took 0.153 seconds
[2025-05-13T21:20:31.332+0000] {processor.py:153} INFO - Started process (PID=1110) to work on /home/airflow/.local/lib/python3.9/site-packages/airflow/example_dags/example_sensors.py
[2025-05-13T21:20:31.333+0000] {processor.py:743} INFO - Processing file /home/airflow/.local/lib/python3.9/site-packages/airflow/example_dags/example_sensors.py for tasks to queue
[2025-05-13T21:20:31.334+0000] {logging_mixin.py:137} INFO - [2025-05-13T21:20:31.334+0000] {dagbag.py:538} INFO - Filling up the DagBag from /home/airflow/.local/lib/python3.9/site-packages/airflow/example_dags/example_sensors.py
[2025-05-13T21:20:31.360+0000] {processor.py:753} INFO - DAG(s) dict_keys(['example_sensors']) retrieved from /home/airflow/.local/lib/python3.9/site-packages/airflow/example_dags/example_sensors.py
[2025-05-13T21:20:31.410+0000] {logging_mixin.py:137} INFO - [2025-05-13T21:20:31.410+0000] {dag.py:2676} INFO - Sync 1 DAGs
[2025-05-13T21:20:31.436+0000] {logging_mixin.py:137} INFO - [2025-05-13T21:20:31.435+0000] {dag.py:3423} INFO - Setting next_dagrun for example_sensors to None, run_after=None
[2025-05-13T21:20:31.456+0000] {processor.py:175} INFO - Processing /home/airflow/.local/lib/python3.9/site-packages/airflow/example_dags/example_sensors.py took 0.129 seconds
[2025-05-13T21:21:02.344+0000] {processor.py:153} INFO - Started process (PID=1316) to work on /home/airflow/.local/lib/python3.9/site-packages/airflow/example_dags/example_sensors.py
[2025-05-13T21:21:02.345+0000] {processor.py:743} INFO - Processing file /home/airflow/.local/lib/python3.9/site-packages/airflow/example_dags/example_sensors.py for tasks to queue
[2025-05-13T21:21:02.348+0000] {logging_mixin.py:137} INFO - [2025-05-13T21:21:02.348+0000] {dagbag.py:538} INFO - Filling up the DagBag from /home/airflow/.local/lib/python3.9/site-packages/airflow/example_dags/example_sensors.py
[2025-05-13T21:21:02.380+0000] {processor.py:753} INFO - DAG(s) dict_keys(['example_sensors']) retrieved from /home/airflow/.local/lib/python3.9/site-packages/airflow/example_dags/example_sensors.py
[2025-05-13T21:21:02.438+0000] {logging_mixin.py:137} INFO - [2025-05-13T21:21:02.438+0000] {dag.py:2676} INFO - Sync 1 DAGs
[2025-05-13T21:21:02.473+0000] {logging_mixin.py:137} INFO - [2025-05-13T21:21:02.473+0000] {dag.py:3423} INFO - Setting next_dagrun for example_sensors to None, run_after=None
[2025-05-13T21:21:02.499+0000] {processor.py:175} INFO - Processing /home/airflow/.local/lib/python3.9/site-packages/airflow/example_dags/example_sensors.py took 0.160 seconds
[2025-05-13T21:21:32.840+0000] {processor.py:153} INFO - Started process (PID=1519) to work on /home/airflow/.local/lib/python3.9/site-packages/airflow/example_dags/example_sensors.py
[2025-05-13T21:21:32.841+0000] {processor.py:743} INFO - Processing file /home/airflow/.local/lib/python3.9/site-packages/airflow/example_dags/example_sensors.py for tasks to queue
[2025-05-13T21:21:32.842+0000] {logging_mixin.py:137} INFO - [2025-05-13T21:21:32.842+0000] {dagbag.py:538} INFO - Filling up the DagBag from /home/airflow/.local/lib/python3.9/site-packages/airflow/example_dags/example_sensors.py
[2025-05-13T21:21:32.870+0000] {processor.py:753} INFO - DAG(s) dict_keys(['example_sensors']) retrieved from /home/airflow/.local/lib/python3.9/site-packages/airflow/example_dags/example_sensors.py
[2025-05-13T21:21:32.927+0000] {logging_mixin.py:137} INFO - [2025-05-13T21:21:32.927+0000] {dag.py:2676} INFO - Sync 1 DAGs
[2025-05-13T21:21:32.960+0000] {logging_mixin.py:137} INFO - [2025-05-13T21:21:32.960+0000] {dag.py:3423} INFO - Setting next_dagrun for example_sensors to None, run_after=None
[2025-05-13T21:21:32.984+0000] {processor.py:175} INFO - Processing /home/airflow/.local/lib/python3.9/site-packages/airflow/example_dags/example_sensors.py took 0.149 seconds
[2025-05-13T21:22:03.632+0000] {processor.py:153} INFO - Started process (PID=1722) to work on /home/airflow/.local/lib/python3.9/site-packages/airflow/example_dags/example_sensors.py
[2025-05-13T21:22:03.633+0000] {processor.py:743} INFO - Processing file /home/airflow/.local/lib/python3.9/site-packages/airflow/example_dags/example_sensors.py for tasks to queue
[2025-05-13T21:22:03.634+0000] {logging_mixin.py:137} INFO - [2025-05-13T21:22:03.634+0000] {dagbag.py:538} INFO - Filling up the DagBag from /home/airflow/.local/lib/python3.9/site-packages/airflow/example_dags/example_sensors.py
[2025-05-13T21:22:03.661+0000] {processor.py:753} INFO - DAG(s) dict_keys(['example_sensors']) retrieved from /home/airflow/.local/lib/python3.9/site-packages/airflow/example_dags/example_sensors.py
[2025-05-13T21:22:03.713+0000] {logging_mixin.py:137} INFO - [2025-05-13T21:22:03.713+0000] {dag.py:2676} INFO - Sync 1 DAGs
[2025-05-13T21:22:03.738+0000] {logging_mixin.py:137} INFO - [2025-05-13T21:22:03.738+0000] {dag.py:3423} INFO - Setting next_dagrun for example_sensors to None, run_after=None
[2025-05-13T21:22:03.756+0000] {processor.py:175} INFO - Processing /home/airflow/.local/lib/python3.9/site-packages/airflow/example_dags/example_sensors.py took 0.129 seconds
[2025-05-13T21:22:34.145+0000] {processor.py:153} INFO - Started process (PID=1925) to work on /home/airflow/.local/lib/python3.9/site-packages/airflow/example_dags/example_sensors.py
[2025-05-13T21:22:34.146+0000] {processor.py:743} INFO - Processing file /home/airflow/.local/lib/python3.9/site-packages/airflow/example_dags/example_sensors.py for tasks to queue
[2025-05-13T21:22:34.147+0000] {logging_mixin.py:137} INFO - [2025-05-13T21:22:34.147+0000] {dagbag.py:538} INFO - Filling up the DagBag from /home/airflow/.local/lib/python3.9/site-packages/airflow/example_dags/example_sensors.py
[2025-05-13T21:22:34.175+0000] {processor.py:753} INFO - DAG(s) dict_keys(['example_sensors']) retrieved from /home/airflow/.local/lib/python3.9/site-packages/airflow/example_dags/example_sensors.py
[2025-05-13T21:22:34.230+0000] {logging_mixin.py:137} INFO - [2025-05-13T21:22:34.230+0000] {dag.py:2676} INFO - Sync 1 DAGs
[2025-05-13T21:22:34.258+0000] {logging_mixin.py:137} INFO - [2025-05-13T21:22:34.257+0000] {dag.py:3423} INFO - Setting next_dagrun for example_sensors to None, run_after=None
[2025-05-13T21:22:34.282+0000] {processor.py:175} INFO - Processing /home/airflow/.local/lib/python3.9/site-packages/airflow/example_dags/example_sensors.py took 0.142 seconds
[2025-05-13T21:23:04.628+0000] {processor.py:153} INFO - Started process (PID=2128) to work on /home/airflow/.local/lib/python3.9/site-packages/airflow/example_dags/example_sensors.py
[2025-05-13T21:23:04.630+0000] {processor.py:743} INFO - Processing file /home/airflow/.local/lib/python3.9/site-packages/airflow/example_dags/example_sensors.py for tasks to queue
[2025-05-13T21:23:04.631+0000] {logging_mixin.py:137} INFO - [2025-05-13T21:23:04.631+0000] {dagbag.py:538} INFO - Filling up the DagBag from /home/airflow/.local/lib/python3.9/site-packages/airflow/example_dags/example_sensors.py
[2025-05-13T21:23:04.659+0000] {processor.py:753} INFO - DAG(s) dict_keys(['example_sensors']) retrieved from /home/airflow/.local/lib/python3.9/site-packages/airflow/example_dags/example_sensors.py
[2025-05-13T21:23:04.727+0000] {logging_mixin.py:137} INFO - [2025-05-13T21:23:04.726+0000] {dag.py:2676} INFO - Sync 1 DAGs
[2025-05-13T21:23:04.754+0000] {logging_mixin.py:137} INFO - [2025-05-13T21:23:04.754+0000] {dag.py:3423} INFO - Setting next_dagrun for example_sensors to None, run_after=None
[2025-05-13T21:23:04.779+0000] {processor.py:175} INFO - Processing /home/airflow/.local/lib/python3.9/site-packages/airflow/example_dags/example_sensors.py took 0.155 seconds
[2025-05-13T21:23:35.173+0000] {processor.py:153} INFO - Started process (PID=2331) to work on /home/airflow/.local/lib/python3.9/site-packages/airflow/example_dags/example_sensors.py
[2025-05-13T21:23:35.174+0000] {processor.py:743} INFO - Processing file /home/airflow/.local/lib/python3.9/site-packages/airflow/example_dags/example_sensors.py for tasks to queue
[2025-05-13T21:23:35.176+0000] {logging_mixin.py:137} INFO - [2025-05-13T21:23:35.176+0000] {dagbag.py:538} INFO - Filling up the DagBag from /home/airflow/.local/lib/python3.9/site-packages/airflow/example_dags/example_sensors.py
[2025-05-13T21:23:35.202+0000] {processor.py:753} INFO - DAG(s) dict_keys(['example_sensors']) retrieved from /home/airflow/.local/lib/python3.9/site-packages/airflow/example_dags/example_sensors.py
[2025-05-13T21:23:35.260+0000] {logging_mixin.py:137} INFO - [2025-05-13T21:23:35.260+0000] {dag.py:2676} INFO - Sync 1 DAGs
[2025-05-13T21:23:35.292+0000] {logging_mixin.py:137} INFO - [2025-05-13T21:23:35.291+0000] {dag.py:3423} INFO - Setting next_dagrun for example_sensors to None, run_after=None
[2025-05-13T21:23:35.318+0000] {processor.py:175} INFO - Processing /home/airflow/.local/lib/python3.9/site-packages/airflow/example_dags/example_sensors.py took 0.150 seconds
[2025-05-13T21:24:05.829+0000] {processor.py:153} INFO - Started process (PID=2534) to work on /home/airflow/.local/lib/python3.9/site-packages/airflow/example_dags/example_sensors.py
[2025-05-13T21:24:05.830+0000] {processor.py:743} INFO - Processing file /home/airflow/.local/lib/python3.9/site-packages/airflow/example_dags/example_sensors.py for tasks to queue
[2025-05-13T21:24:05.831+0000] {logging_mixin.py:137} INFO - [2025-05-13T21:24:05.831+0000] {dagbag.py:538} INFO - Filling up the DagBag from /home/airflow/.local/lib/python3.9/site-packages/airflow/example_dags/example_sensors.py
[2025-05-13T21:24:05.854+0000] {processor.py:753} INFO - DAG(s) dict_keys(['example_sensors']) retrieved from /home/airflow/.local/lib/python3.9/site-packages/airflow/example_dags/example_sensors.py
[2025-05-13T21:24:05.901+0000] {logging_mixin.py:137} INFO - [2025-05-13T21:24:05.901+0000] {dag.py:2676} INFO - Sync 1 DAGs
[2025-05-13T21:24:05.924+0000] {logging_mixin.py:137} INFO - [2025-05-13T21:24:05.924+0000] {dag.py:3423} INFO - Setting next_dagrun for example_sensors to None, run_after=None
[2025-05-13T21:24:05.940+0000] {processor.py:175} INFO - Processing /home/airflow/.local/lib/python3.9/site-packages/airflow/example_dags/example_sensors.py took 0.115 seconds
[2025-05-13T21:24:36.733+0000] {processor.py:153} INFO - Started process (PID=2735) to work on /home/airflow/.local/lib/python3.9/site-packages/airflow/example_dags/example_sensors.py
[2025-05-13T21:24:36.735+0000] {processor.py:743} INFO - Processing file /home/airflow/.local/lib/python3.9/site-packages/airflow/example_dags/example_sensors.py for tasks to queue
[2025-05-13T21:24:36.736+0000] {logging_mixin.py:137} INFO - [2025-05-13T21:24:36.736+0000] {dagbag.py:538} INFO - Filling up the DagBag from /home/airflow/.local/lib/python3.9/site-packages/airflow/example_dags/example_sensors.py
[2025-05-13T21:24:36.778+0000] {processor.py:753} INFO - DAG(s) dict_keys(['example_sensors']) retrieved from /home/airflow/.local/lib/python3.9/site-packages/airflow/example_dags/example_sensors.py
[2025-05-13T21:24:36.892+0000] {logging_mixin.py:137} INFO - [2025-05-13T21:24:36.892+0000] {dag.py:2676} INFO - Sync 1 DAGs
[2025-05-13T21:24:36.923+0000] {logging_mixin.py:137} INFO - [2025-05-13T21:24:36.923+0000] {dag.py:3423} INFO - Setting next_dagrun for example_sensors to None, run_after=None
[2025-05-13T21:24:36.949+0000] {processor.py:175} INFO - Processing /home/airflow/.local/lib/python3.9/site-packages/airflow/example_dags/example_sensors.py took 0.221 seconds
[2025-05-13T21:25:07.825+0000] {processor.py:153} INFO - Started process (PID=2934) to work on /home/airflow/.local/lib/python3.9/site-packages/airflow/example_dags/example_sensors.py
[2025-05-13T21:25:07.826+0000] {processor.py:743} INFO - Processing file /home/airflow/.local/lib/python3.9/site-packages/airflow/example_dags/example_sensors.py for tasks to queue
[2025-05-13T21:25:07.827+0000] {logging_mixin.py:137} INFO - [2025-05-13T21:25:07.827+0000] {dagbag.py:538} INFO - Filling up the DagBag from /home/airflow/.local/lib/python3.9/site-packages/airflow/example_dags/example_sensors.py
[2025-05-13T21:25:07.855+0000] {processor.py:753} INFO - DAG(s) dict_keys(['example_sensors']) retrieved from /home/airflow/.local/lib/python3.9/site-packages/airflow/example_dags/example_sensors.py
[2025-05-13T21:25:07.907+0000] {logging_mixin.py:137} INFO - [2025-05-13T21:25:07.907+0000] {dag.py:2676} INFO - Sync 1 DAGs
[2025-05-13T21:25:07.934+0000] {logging_mixin.py:137} INFO - [2025-05-13T21:25:07.933+0000] {dag.py:3423} INFO - Setting next_dagrun for example_sensors to None, run_after=None
[2025-05-13T21:25:07.958+0000] {processor.py:175} INFO - Processing /home/airflow/.local/lib/python3.9/site-packages/airflow/example_dags/example_sensors.py took 0.137 seconds
[2025-05-13T21:25:38.449+0000] {processor.py:153} INFO - Started process (PID=3137) to work on /home/airflow/.local/lib/python3.9/site-packages/airflow/example_dags/example_sensors.py
[2025-05-13T21:25:38.451+0000] {processor.py:743} INFO - Processing file /home/airflow/.local/lib/python3.9/site-packages/airflow/example_dags/example_sensors.py for tasks to queue
[2025-05-13T21:25:38.452+0000] {logging_mixin.py:137} INFO - [2025-05-13T21:25:38.452+0000] {dagbag.py:538} INFO - Filling up the DagBag from /home/airflow/.local/lib/python3.9/site-packages/airflow/example_dags/example_sensors.py
[2025-05-13T21:25:38.482+0000] {processor.py:753} INFO - DAG(s) dict_keys(['example_sensors']) retrieved from /home/airflow/.local/lib/python3.9/site-packages/airflow/example_dags/example_sensors.py
[2025-05-13T21:25:38.538+0000] {logging_mixin.py:137} INFO - [2025-05-13T21:25:38.538+0000] {dag.py:2676} INFO - Sync 1 DAGs
[2025-05-13T21:25:38.568+0000] {logging_mixin.py:137} INFO - [2025-05-13T21:25:38.567+0000] {dag.py:3423} INFO - Setting next_dagrun for example_sensors to None, run_after=None
[2025-05-13T21:25:38.590+0000] {processor.py:175} INFO - Processing /home/airflow/.local/lib/python3.9/site-packages/airflow/example_dags/example_sensors.py took 0.146 seconds
[2025-05-13T21:26:08.982+0000] {processor.py:153} INFO - Started process (PID=3352) to work on /home/airflow/.local/lib/python3.9/site-packages/airflow/example_dags/example_sensors.py
[2025-05-13T21:26:08.983+0000] {processor.py:743} INFO - Processing file /home/airflow/.local/lib/python3.9/site-packages/airflow/example_dags/example_sensors.py for tasks to queue
[2025-05-13T21:26:08.984+0000] {logging_mixin.py:137} INFO - [2025-05-13T21:26:08.984+0000] {dagbag.py:538} INFO - Filling up the DagBag from /home/airflow/.local/lib/python3.9/site-packages/airflow/example_dags/example_sensors.py
[2025-05-13T21:26:09.066+0000] {processor.py:753} INFO - DAG(s) dict_keys(['example_sensors']) retrieved from /home/airflow/.local/lib/python3.9/site-packages/airflow/example_dags/example_sensors.py
[2025-05-13T21:26:09.139+0000] {logging_mixin.py:137} INFO - [2025-05-13T21:26:09.139+0000] {dag.py:2676} INFO - Sync 1 DAGs
[2025-05-13T21:26:09.170+0000] {logging_mixin.py:137} INFO - [2025-05-13T21:26:09.170+0000] {dag.py:3423} INFO - Setting next_dagrun for example_sensors to None, run_after=None
[2025-05-13T21:26:09.195+0000] {processor.py:175} INFO - Processing /home/airflow/.local/lib/python3.9/site-packages/airflow/example_dags/example_sensors.py took 0.225 seconds
[2025-05-13T21:26:39.905+0000] {processor.py:153} INFO - Started process (PID=3555) to work on /home/airflow/.local/lib/python3.9/site-packages/airflow/example_dags/example_sensors.py
[2025-05-13T21:26:39.906+0000] {processor.py:743} INFO - Processing file /home/airflow/.local/lib/python3.9/site-packages/airflow/example_dags/example_sensors.py for tasks to queue
[2025-05-13T21:26:39.907+0000] {logging_mixin.py:137} INFO - [2025-05-13T21:26:39.907+0000] {dagbag.py:538} INFO - Filling up the DagBag from /home/airflow/.local/lib/python3.9/site-packages/airflow/example_dags/example_sensors.py
[2025-05-13T21:26:39.937+0000] {processor.py:753} INFO - DAG(s) dict_keys(['example_sensors']) retrieved from /home/airflow/.local/lib/python3.9/site-packages/airflow/example_dags/example_sensors.py
[2025-05-13T21:26:39.993+0000] {logging_mixin.py:137} INFO - [2025-05-13T21:26:39.993+0000] {dag.py:2676} INFO - Sync 1 DAGs
[2025-05-13T21:26:40.023+0000] {logging_mixin.py:137} INFO - [2025-05-13T21:26:40.023+0000] {dag.py:3423} INFO - Setting next_dagrun for example_sensors to None, run_after=None
[2025-05-13T21:26:40.046+0000] {processor.py:175} INFO - Processing /home/airflow/.local/lib/python3.9/site-packages/airflow/example_dags/example_sensors.py took 0.146 seconds
[2025-05-13T21:27:10.129+0000] {processor.py:153} INFO - Started process (PID=3758) to work on /home/airflow/.local/lib/python3.9/site-packages/airflow/example_dags/example_sensors.py
[2025-05-13T21:27:10.130+0000] {processor.py:743} INFO - Processing file /home/airflow/.local/lib/python3.9/site-packages/airflow/example_dags/example_sensors.py for tasks to queue
[2025-05-13T21:27:10.131+0000] {logging_mixin.py:137} INFO - [2025-05-13T21:27:10.131+0000] {dagbag.py:538} INFO - Filling up the DagBag from /home/airflow/.local/lib/python3.9/site-packages/airflow/example_dags/example_sensors.py
[2025-05-13T21:27:10.159+0000] {processor.py:753} INFO - DAG(s) dict_keys(['example_sensors']) retrieved from /home/airflow/.local/lib/python3.9/site-packages/airflow/example_dags/example_sensors.py
[2025-05-13T21:27:10.212+0000] {logging_mixin.py:137} INFO - [2025-05-13T21:27:10.212+0000] {dag.py:2676} INFO - Sync 1 DAGs
[2025-05-13T21:27:10.247+0000] {logging_mixin.py:137} INFO - [2025-05-13T21:27:10.247+0000] {dag.py:3423} INFO - Setting next_dagrun for example_sensors to None, run_after=None
[2025-05-13T21:27:10.274+0000] {processor.py:175} INFO - Processing /home/airflow/.local/lib/python3.9/site-packages/airflow/example_dags/example_sensors.py took 0.149 seconds
[2025-05-13T21:27:40.881+0000] {processor.py:153} INFO - Started process (PID=3961) to work on /home/airflow/.local/lib/python3.9/site-packages/airflow/example_dags/example_sensors.py
[2025-05-13T21:27:40.882+0000] {processor.py:743} INFO - Processing file /home/airflow/.local/lib/python3.9/site-packages/airflow/example_dags/example_sensors.py for tasks to queue
[2025-05-13T21:27:40.883+0000] {logging_mixin.py:137} INFO - [2025-05-13T21:27:40.883+0000] {dagbag.py:538} INFO - Filling up the DagBag from /home/airflow/.local/lib/python3.9/site-packages/airflow/example_dags/example_sensors.py
[2025-05-13T21:27:40.911+0000] {processor.py:753} INFO - DAG(s) dict_keys(['example_sensors']) retrieved from /home/airflow/.local/lib/python3.9/site-packages/airflow/example_dags/example_sensors.py
[2025-05-13T21:27:40.963+0000] {logging_mixin.py:137} INFO - [2025-05-13T21:27:40.963+0000] {dag.py:2676} INFO - Sync 1 DAGs
[2025-05-13T21:27:40.996+0000] {logging_mixin.py:137} INFO - [2025-05-13T21:27:40.996+0000] {dag.py:3423} INFO - Setting next_dagrun for example_sensors to None, run_after=None
[2025-05-13T21:27:41.019+0000] {processor.py:175} INFO - Processing /home/airflow/.local/lib/python3.9/site-packages/airflow/example_dags/example_sensors.py took 0.143 seconds
[2025-05-13T21:28:11.522+0000] {processor.py:153} INFO - Started process (PID=4164) to work on /home/airflow/.local/lib/python3.9/site-packages/airflow/example_dags/example_sensors.py
[2025-05-13T21:28:11.523+0000] {processor.py:743} INFO - Processing file /home/airflow/.local/lib/python3.9/site-packages/airflow/example_dags/example_sensors.py for tasks to queue
[2025-05-13T21:28:11.524+0000] {logging_mixin.py:137} INFO - [2025-05-13T21:28:11.524+0000] {dagbag.py:538} INFO - Filling up the DagBag from /home/airflow/.local/lib/python3.9/site-packages/airflow/example_dags/example_sensors.py
[2025-05-13T21:28:11.552+0000] {processor.py:753} INFO - DAG(s) dict_keys(['example_sensors']) retrieved from /home/airflow/.local/lib/python3.9/site-packages/airflow/example_dags/example_sensors.py
[2025-05-13T21:28:11.589+0000] {logging_mixin.py:137} INFO - [2025-05-13T21:28:11.589+0000] {dag.py:2676} INFO - Sync 1 DAGs
[2025-05-13T21:28:11.621+0000] {logging_mixin.py:137} INFO - [2025-05-13T21:28:11.621+0000] {dag.py:3423} INFO - Setting next_dagrun for example_sensors to None, run_after=None
[2025-05-13T21:28:11.648+0000] {processor.py:175} INFO - Processing /home/airflow/.local/lib/python3.9/site-packages/airflow/example_dags/example_sensors.py took 0.131 seconds
[2025-05-13T21:28:42.251+0000] {processor.py:153} INFO - Started process (PID=4367) to work on /home/airflow/.local/lib/python3.9/site-packages/airflow/example_dags/example_sensors.py
[2025-05-13T21:28:42.252+0000] {processor.py:743} INFO - Processing file /home/airflow/.local/lib/python3.9/site-packages/airflow/example_dags/example_sensors.py for tasks to queue
[2025-05-13T21:28:42.253+0000] {logging_mixin.py:137} INFO - [2025-05-13T21:28:42.253+0000] {dagbag.py:538} INFO - Filling up the DagBag from /home/airflow/.local/lib/python3.9/site-packages/airflow/example_dags/example_sensors.py
[2025-05-13T21:28:42.280+0000] {processor.py:753} INFO - DAG(s) dict_keys(['example_sensors']) retrieved from /home/airflow/.local/lib/python3.9/site-packages/airflow/example_dags/example_sensors.py
[2025-05-13T21:28:42.341+0000] {logging_mixin.py:137} INFO - [2025-05-13T21:28:42.340+0000] {dag.py:2676} INFO - Sync 1 DAGs
[2025-05-13T21:28:42.377+0000] {logging_mixin.py:137} INFO - [2025-05-13T21:28:42.377+0000] {dag.py:3423} INFO - Setting next_dagrun for example_sensors to None, run_after=None
[2025-05-13T21:28:42.425+0000] {processor.py:175} INFO - Processing /home/airflow/.local/lib/python3.9/site-packages/airflow/example_dags/example_sensors.py took 0.178 seconds
[2025-05-13T21:29:13.167+0000] {processor.py:153} INFO - Started process (PID=4570) to work on /home/airflow/.local/lib/python3.9/site-packages/airflow/example_dags/example_sensors.py
[2025-05-13T21:29:13.168+0000] {processor.py:743} INFO - Processing file /home/airflow/.local/lib/python3.9/site-packages/airflow/example_dags/example_sensors.py for tasks to queue
[2025-05-13T21:29:13.169+0000] {logging_mixin.py:137} INFO - [2025-05-13T21:29:13.169+0000] {dagbag.py:538} INFO - Filling up the DagBag from /home/airflow/.local/lib/python3.9/site-packages/airflow/example_dags/example_sensors.py
[2025-05-13T21:29:13.197+0000] {processor.py:753} INFO - DAG(s) dict_keys(['example_sensors']) retrieved from /home/airflow/.local/lib/python3.9/site-packages/airflow/example_dags/example_sensors.py
[2025-05-13T21:29:13.253+0000] {logging_mixin.py:137} INFO - [2025-05-13T21:29:13.253+0000] {dag.py:2676} INFO - Sync 1 DAGs
[2025-05-13T21:29:13.284+0000] {logging_mixin.py:137} INFO - [2025-05-13T21:29:13.284+0000] {dag.py:3423} INFO - Setting next_dagrun for example_sensors to None, run_after=None
[2025-05-13T21:29:13.311+0000] {processor.py:175} INFO - Processing /home/airflow/.local/lib/python3.9/site-packages/airflow/example_dags/example_sensors.py took 0.148 seconds
[2025-05-13T21:29:44.130+0000] {processor.py:153} INFO - Started process (PID=4773) to work on /home/airflow/.local/lib/python3.9/site-packages/airflow/example_dags/example_sensors.py
[2025-05-13T21:29:44.131+0000] {processor.py:743} INFO - Processing file /home/airflow/.local/lib/python3.9/site-packages/airflow/example_dags/example_sensors.py for tasks to queue
[2025-05-13T21:29:44.132+0000] {logging_mixin.py:137} INFO - [2025-05-13T21:29:44.132+0000] {dagbag.py:538} INFO - Filling up the DagBag from /home/airflow/.local/lib/python3.9/site-packages/airflow/example_dags/example_sensors.py
[2025-05-13T21:29:44.164+0000] {processor.py:753} INFO - DAG(s) dict_keys(['example_sensors']) retrieved from /home/airflow/.local/lib/python3.9/site-packages/airflow/example_dags/example_sensors.py
[2025-05-13T21:29:44.227+0000] {logging_mixin.py:137} INFO - [2025-05-13T21:29:44.227+0000] {dag.py:2676} INFO - Sync 1 DAGs
[2025-05-13T21:29:44.265+0000] {logging_mixin.py:137} INFO - [2025-05-13T21:29:44.265+0000] {dag.py:3423} INFO - Setting next_dagrun for example_sensors to None, run_after=None
[2025-05-13T21:29:44.295+0000] {processor.py:175} INFO - Processing /home/airflow/.local/lib/python3.9/site-packages/airflow/example_dags/example_sensors.py took 0.170 seconds
[2025-05-13T21:30:14.947+0000] {processor.py:153} INFO - Started process (PID=4974) to work on /home/airflow/.local/lib/python3.9/site-packages/airflow/example_dags/example_sensors.py
[2025-05-13T21:30:14.949+0000] {processor.py:743} INFO - Processing file /home/airflow/.local/lib/python3.9/site-packages/airflow/example_dags/example_sensors.py for tasks to queue
[2025-05-13T21:30:14.950+0000] {logging_mixin.py:137} INFO - [2025-05-13T21:30:14.950+0000] {dagbag.py:538} INFO - Filling up the DagBag from /home/airflow/.local/lib/python3.9/site-packages/airflow/example_dags/example_sensors.py
[2025-05-13T21:30:14.977+0000] {processor.py:753} INFO - DAG(s) dict_keys(['example_sensors']) retrieved from /home/airflow/.local/lib/python3.9/site-packages/airflow/example_dags/example_sensors.py
[2025-05-13T21:30:15.029+0000] {logging_mixin.py:137} INFO - [2025-05-13T21:30:15.029+0000] {dag.py:2676} INFO - Sync 1 DAGs
[2025-05-13T21:30:15.056+0000] {logging_mixin.py:137} INFO - [2025-05-13T21:30:15.056+0000] {dag.py:3423} INFO - Setting next_dagrun for example_sensors to None, run_after=None
[2025-05-13T21:30:15.078+0000] {processor.py:175} INFO - Processing /home/airflow/.local/lib/python3.9/site-packages/airflow/example_dags/example_sensors.py took 0.135 seconds
[2025-05-13T21:30:45.257+0000] {processor.py:153} INFO - Started process (PID=5173) to work on /home/airflow/.local/lib/python3.9/site-packages/airflow/example_dags/example_sensors.py
[2025-05-13T21:30:45.258+0000] {processor.py:743} INFO - Processing file /home/airflow/.local/lib/python3.9/site-packages/airflow/example_dags/example_sensors.py for tasks to queue
[2025-05-13T21:30:45.259+0000] {logging_mixin.py:137} INFO - [2025-05-13T21:30:45.259+0000] {dagbag.py:538} INFO - Filling up the DagBag from /home/airflow/.local/lib/python3.9/site-packages/airflow/example_dags/example_sensors.py
[2025-05-13T21:30:45.287+0000] {processor.py:753} INFO - DAG(s) dict_keys(['example_sensors']) retrieved from /home/airflow/.local/lib/python3.9/site-packages/airflow/example_dags/example_sensors.py
[2025-05-13T21:30:45.342+0000] {logging_mixin.py:137} INFO - [2025-05-13T21:30:45.342+0000] {dag.py:2676} INFO - Sync 1 DAGs
[2025-05-13T21:30:45.371+0000] {logging_mixin.py:137} INFO - [2025-05-13T21:30:45.371+0000] {dag.py:3423} INFO - Setting next_dagrun for example_sensors to None, run_after=None
[2025-05-13T21:30:45.396+0000] {processor.py:175} INFO - Processing /home/airflow/.local/lib/python3.9/site-packages/airflow/example_dags/example_sensors.py took 0.144 seconds
[2025-05-13T21:31:15.850+0000] {processor.py:153} INFO - Started process (PID=5379) to work on /home/airflow/.local/lib/python3.9/site-packages/airflow/example_dags/example_sensors.py
[2025-05-13T21:31:15.852+0000] {processor.py:743} INFO - Processing file /home/airflow/.local/lib/python3.9/site-packages/airflow/example_dags/example_sensors.py for tasks to queue
[2025-05-13T21:31:15.853+0000] {logging_mixin.py:137} INFO - [2025-05-13T21:31:15.853+0000] {dagbag.py:538} INFO - Filling up the DagBag from /home/airflow/.local/lib/python3.9/site-packages/airflow/example_dags/example_sensors.py
[2025-05-13T21:31:15.876+0000] {processor.py:753} INFO - DAG(s) dict_keys(['example_sensors']) retrieved from /home/airflow/.local/lib/python3.9/site-packages/airflow/example_dags/example_sensors.py
[2025-05-13T21:31:15.919+0000] {logging_mixin.py:137} INFO - [2025-05-13T21:31:15.919+0000] {dag.py:2676} INFO - Sync 1 DAGs
[2025-05-13T21:31:15.940+0000] {logging_mixin.py:137} INFO - [2025-05-13T21:31:15.940+0000] {dag.py:3423} INFO - Setting next_dagrun for example_sensors to None, run_after=None
[2025-05-13T21:31:15.983+0000] {processor.py:175} INFO - Processing /home/airflow/.local/lib/python3.9/site-packages/airflow/example_dags/example_sensors.py took 0.138 seconds
[2025-05-13T21:31:46.301+0000] {processor.py:153} INFO - Started process (PID=5582) to work on /home/airflow/.local/lib/python3.9/site-packages/airflow/example_dags/example_sensors.py
[2025-05-13T21:31:46.302+0000] {processor.py:743} INFO - Processing file /home/airflow/.local/lib/python3.9/site-packages/airflow/example_dags/example_sensors.py for tasks to queue
[2025-05-13T21:31:46.303+0000] {logging_mixin.py:137} INFO - [2025-05-13T21:31:46.303+0000] {dagbag.py:538} INFO - Filling up the DagBag from /home/airflow/.local/lib/python3.9/site-packages/airflow/example_dags/example_sensors.py
[2025-05-13T21:31:46.333+0000] {processor.py:753} INFO - DAG(s) dict_keys(['example_sensors']) retrieved from /home/airflow/.local/lib/python3.9/site-packages/airflow/example_dags/example_sensors.py
[2025-05-13T21:31:46.370+0000] {logging_mixin.py:137} INFO - [2025-05-13T21:31:46.370+0000] {dag.py:2676} INFO - Sync 1 DAGs
[2025-05-13T21:31:46.427+0000] {logging_mixin.py:137} INFO - [2025-05-13T21:31:46.427+0000] {dag.py:3423} INFO - Setting next_dagrun for example_sensors to None, run_after=None
[2025-05-13T21:31:46.459+0000] {processor.py:175} INFO - Processing /home/airflow/.local/lib/python3.9/site-packages/airflow/example_dags/example_sensors.py took 0.162 seconds
[2025-05-13T21:32:17.073+0000] {processor.py:153} INFO - Started process (PID=5785) to work on /home/airflow/.local/lib/python3.9/site-packages/airflow/example_dags/example_sensors.py
[2025-05-13T21:32:17.074+0000] {processor.py:743} INFO - Processing file /home/airflow/.local/lib/python3.9/site-packages/airflow/example_dags/example_sensors.py for tasks to queue
[2025-05-13T21:32:17.075+0000] {logging_mixin.py:137} INFO - [2025-05-13T21:32:17.075+0000] {dagbag.py:538} INFO - Filling up the DagBag from /home/airflow/.local/lib/python3.9/site-packages/airflow/example_dags/example_sensors.py
[2025-05-13T21:32:17.103+0000] {processor.py:753} INFO - DAG(s) dict_keys(['example_sensors']) retrieved from /home/airflow/.local/lib/python3.9/site-packages/airflow/example_dags/example_sensors.py
[2025-05-13T21:32:17.160+0000] {logging_mixin.py:137} INFO - [2025-05-13T21:32:17.160+0000] {dag.py:2676} INFO - Sync 1 DAGs
[2025-05-13T21:32:17.187+0000] {logging_mixin.py:137} INFO - [2025-05-13T21:32:17.187+0000] {dag.py:3423} INFO - Setting next_dagrun for example_sensors to None, run_after=None
[2025-05-13T21:32:17.216+0000] {processor.py:175} INFO - Processing /home/airflow/.local/lib/python3.9/site-packages/airflow/example_dags/example_sensors.py took 0.148 seconds
[2025-05-13T21:32:47.683+0000] {processor.py:153} INFO - Started process (PID=5988) to work on /home/airflow/.local/lib/python3.9/site-packages/airflow/example_dags/example_sensors.py
[2025-05-13T21:32:47.683+0000] {processor.py:743} INFO - Processing file /home/airflow/.local/lib/python3.9/site-packages/airflow/example_dags/example_sensors.py for tasks to queue
[2025-05-13T21:32:47.684+0000] {logging_mixin.py:137} INFO - [2025-05-13T21:32:47.684+0000] {dagbag.py:538} INFO - Filling up the DagBag from /home/airflow/.local/lib/python3.9/site-packages/airflow/example_dags/example_sensors.py
[2025-05-13T21:32:47.704+0000] {processor.py:753} INFO - DAG(s) dict_keys(['example_sensors']) retrieved from /home/airflow/.local/lib/python3.9/site-packages/airflow/example_dags/example_sensors.py
[2025-05-13T21:32:47.748+0000] {logging_mixin.py:137} INFO - [2025-05-13T21:32:47.748+0000] {dag.py:2676} INFO - Sync 1 DAGs
[2025-05-13T21:32:47.768+0000] {logging_mixin.py:137} INFO - [2025-05-13T21:32:47.768+0000] {dag.py:3423} INFO - Setting next_dagrun for example_sensors to None, run_after=None
[2025-05-13T21:32:47.786+0000] {processor.py:175} INFO - Processing /home/airflow/.local/lib/python3.9/site-packages/airflow/example_dags/example_sensors.py took 0.106 seconds
[2025-05-13T21:33:17.928+0000] {processor.py:153} INFO - Started process (PID=6191) to work on /home/airflow/.local/lib/python3.9/site-packages/airflow/example_dags/example_sensors.py
[2025-05-13T21:33:17.930+0000] {processor.py:743} INFO - Processing file /home/airflow/.local/lib/python3.9/site-packages/airflow/example_dags/example_sensors.py for tasks to queue
[2025-05-13T21:33:17.932+0000] {logging_mixin.py:137} INFO - [2025-05-13T21:33:17.932+0000] {dagbag.py:538} INFO - Filling up the DagBag from /home/airflow/.local/lib/python3.9/site-packages/airflow/example_dags/example_sensors.py
[2025-05-13T21:33:17.967+0000] {processor.py:753} INFO - DAG(s) dict_keys(['example_sensors']) retrieved from /home/airflow/.local/lib/python3.9/site-packages/airflow/example_dags/example_sensors.py
[2025-05-13T21:33:18.036+0000] {logging_mixin.py:137} INFO - [2025-05-13T21:33:18.036+0000] {dag.py:2676} INFO - Sync 1 DAGs
[2025-05-13T21:33:18.073+0000] {logging_mixin.py:137} INFO - [2025-05-13T21:33:18.073+0000] {dag.py:3423} INFO - Setting next_dagrun for example_sensors to None, run_after=None
[2025-05-13T21:33:18.102+0000] {processor.py:175} INFO - Processing /home/airflow/.local/lib/python3.9/site-packages/airflow/example_dags/example_sensors.py took 0.179 seconds
[2025-05-13T21:33:49.079+0000] {processor.py:153} INFO - Started process (PID=6394) to work on /home/airflow/.local/lib/python3.9/site-packages/airflow/example_dags/example_sensors.py
[2025-05-13T21:33:49.082+0000] {processor.py:743} INFO - Processing file /home/airflow/.local/lib/python3.9/site-packages/airflow/example_dags/example_sensors.py for tasks to queue
[2025-05-13T21:33:49.085+0000] {logging_mixin.py:137} INFO - [2025-05-13T21:33:49.084+0000] {dagbag.py:538} INFO - Filling up the DagBag from /home/airflow/.local/lib/python3.9/site-packages/airflow/example_dags/example_sensors.py
[2025-05-13T21:33:49.170+0000] {processor.py:753} INFO - DAG(s) dict_keys(['example_sensors']) retrieved from /home/airflow/.local/lib/python3.9/site-packages/airflow/example_dags/example_sensors.py
[2025-05-13T21:33:49.246+0000] {logging_mixin.py:137} INFO - [2025-05-13T21:33:49.246+0000] {dag.py:2676} INFO - Sync 1 DAGs
[2025-05-13T21:33:49.282+0000] {logging_mixin.py:137} INFO - [2025-05-13T21:33:49.282+0000] {dag.py:3423} INFO - Setting next_dagrun for example_sensors to None, run_after=None
[2025-05-13T21:33:49.308+0000] {processor.py:175} INFO - Processing /home/airflow/.local/lib/python3.9/site-packages/airflow/example_dags/example_sensors.py took 0.237 seconds
[2025-05-13T21:34:19.365+0000] {processor.py:153} INFO - Started process (PID=6597) to work on /home/airflow/.local/lib/python3.9/site-packages/airflow/example_dags/example_sensors.py
[2025-05-13T21:34:19.367+0000] {processor.py:743} INFO - Processing file /home/airflow/.local/lib/python3.9/site-packages/airflow/example_dags/example_sensors.py for tasks to queue
[2025-05-13T21:34:19.368+0000] {logging_mixin.py:137} INFO - [2025-05-13T21:34:19.368+0000] {dagbag.py:538} INFO - Filling up the DagBag from /home/airflow/.local/lib/python3.9/site-packages/airflow/example_dags/example_sensors.py
[2025-05-13T21:34:19.400+0000] {processor.py:753} INFO - DAG(s) dict_keys(['example_sensors']) retrieved from /home/airflow/.local/lib/python3.9/site-packages/airflow/example_dags/example_sensors.py
[2025-05-13T21:34:19.457+0000] {logging_mixin.py:137} INFO - [2025-05-13T21:34:19.457+0000] {dag.py:2676} INFO - Sync 1 DAGs
[2025-05-13T21:34:19.488+0000] {logging_mixin.py:137} INFO - [2025-05-13T21:34:19.488+0000] {dag.py:3423} INFO - Setting next_dagrun for example_sensors to None, run_after=None
[2025-05-13T21:34:19.518+0000] {processor.py:175} INFO - Processing /home/airflow/.local/lib/python3.9/site-packages/airflow/example_dags/example_sensors.py took 0.160 seconds
[2025-05-13T21:34:50.290+0000] {processor.py:153} INFO - Started process (PID=6806) to work on /home/airflow/.local/lib/python3.9/site-packages/airflow/example_dags/example_sensors.py
[2025-05-13T21:34:50.291+0000] {processor.py:743} INFO - Processing file /home/airflow/.local/lib/python3.9/site-packages/airflow/example_dags/example_sensors.py for tasks to queue
[2025-05-13T21:34:50.292+0000] {logging_mixin.py:137} INFO - [2025-05-13T21:34:50.292+0000] {dagbag.py:538} INFO - Filling up the DagBag from /home/airflow/.local/lib/python3.9/site-packages/airflow/example_dags/example_sensors.py
[2025-05-13T21:34:50.322+0000] {processor.py:753} INFO - DAG(s) dict_keys(['example_sensors']) retrieved from /home/airflow/.local/lib/python3.9/site-packages/airflow/example_dags/example_sensors.py
[2025-05-13T21:34:50.379+0000] {logging_mixin.py:137} INFO - [2025-05-13T21:34:50.379+0000] {dag.py:2676} INFO - Sync 1 DAGs
[2025-05-13T21:34:50.409+0000] {logging_mixin.py:137} INFO - [2025-05-13T21:34:50.409+0000] {dag.py:3423} INFO - Setting next_dagrun for example_sensors to None, run_after=None
[2025-05-13T21:34:50.434+0000] {processor.py:175} INFO - Processing /home/airflow/.local/lib/python3.9/site-packages/airflow/example_dags/example_sensors.py took 0.148 seconds
[2025-05-13T21:35:20.726+0000] {processor.py:153} INFO - Started process (PID=7012) to work on /home/airflow/.local/lib/python3.9/site-packages/airflow/example_dags/example_sensors.py
[2025-05-13T21:35:20.727+0000] {processor.py:743} INFO - Processing file /home/airflow/.local/lib/python3.9/site-packages/airflow/example_dags/example_sensors.py for tasks to queue
[2025-05-13T21:35:20.728+0000] {logging_mixin.py:137} INFO - [2025-05-13T21:35:20.728+0000] {dagbag.py:538} INFO - Filling up the DagBag from /home/airflow/.local/lib/python3.9/site-packages/airflow/example_dags/example_sensors.py
[2025-05-13T21:35:20.759+0000] {processor.py:753} INFO - DAG(s) dict_keys(['example_sensors']) retrieved from /home/airflow/.local/lib/python3.9/site-packages/airflow/example_dags/example_sensors.py
[2025-05-13T21:35:20.881+0000] {logging_mixin.py:137} INFO - [2025-05-13T21:35:20.880+0000] {dag.py:2676} INFO - Sync 1 DAGs
[2025-05-13T21:35:20.925+0000] {logging_mixin.py:137} INFO - [2025-05-13T21:35:20.925+0000] {dag.py:3423} INFO - Setting next_dagrun for example_sensors to None, run_after=None
[2025-05-13T21:35:20.952+0000] {processor.py:175} INFO - Processing /home/airflow/.local/lib/python3.9/site-packages/airflow/example_dags/example_sensors.py took 0.231 seconds
[2025-05-13T21:35:51.469+0000] {processor.py:153} INFO - Started process (PID=7213) to work on /home/airflow/.local/lib/python3.9/site-packages/airflow/example_dags/example_sensors.py
[2025-05-13T21:35:51.470+0000] {processor.py:743} INFO - Processing file /home/airflow/.local/lib/python3.9/site-packages/airflow/example_dags/example_sensors.py for tasks to queue
[2025-05-13T21:35:51.470+0000] {logging_mixin.py:137} INFO - [2025-05-13T21:35:51.470+0000] {dagbag.py:538} INFO - Filling up the DagBag from /home/airflow/.local/lib/python3.9/site-packages/airflow/example_dags/example_sensors.py
[2025-05-13T21:35:51.495+0000] {processor.py:753} INFO - DAG(s) dict_keys(['example_sensors']) retrieved from /home/airflow/.local/lib/python3.9/site-packages/airflow/example_dags/example_sensors.py
[2025-05-13T21:35:51.552+0000] {logging_mixin.py:137} INFO - [2025-05-13T21:35:51.551+0000] {dag.py:2676} INFO - Sync 1 DAGs
[2025-05-13T21:35:51.582+0000] {logging_mixin.py:137} INFO - [2025-05-13T21:35:51.582+0000] {dag.py:3423} INFO - Setting next_dagrun for example_sensors to None, run_after=None
[2025-05-13T21:35:51.606+0000] {processor.py:175} INFO - Processing /home/airflow/.local/lib/python3.9/site-packages/airflow/example_dags/example_sensors.py took 0.140 seconds
[2025-05-13T21:36:22.083+0000] {processor.py:153} INFO - Started process (PID=7415) to work on /home/airflow/.local/lib/python3.9/site-packages/airflow/example_dags/example_sensors.py
[2025-05-13T21:36:22.086+0000] {processor.py:743} INFO - Processing file /home/airflow/.local/lib/python3.9/site-packages/airflow/example_dags/example_sensors.py for tasks to queue
[2025-05-13T21:36:22.091+0000] {logging_mixin.py:137} INFO - [2025-05-13T21:36:22.091+0000] {dagbag.py:538} INFO - Filling up the DagBag from /home/airflow/.local/lib/python3.9/site-packages/airflow/example_dags/example_sensors.py
[2025-05-13T21:36:22.124+0000] {processor.py:753} INFO - DAG(s) dict_keys(['example_sensors']) retrieved from /home/airflow/.local/lib/python3.9/site-packages/airflow/example_dags/example_sensors.py
[2025-05-13T21:36:22.186+0000] {logging_mixin.py:137} INFO - [2025-05-13T21:36:22.186+0000] {dag.py:2676} INFO - Sync 1 DAGs
[2025-05-13T21:36:22.220+0000] {logging_mixin.py:137} INFO - [2025-05-13T21:36:22.220+0000] {dag.py:3423} INFO - Setting next_dagrun for example_sensors to None, run_after=None
[2025-05-13T21:36:22.249+0000] {processor.py:175} INFO - Processing /home/airflow/.local/lib/python3.9/site-packages/airflow/example_dags/example_sensors.py took 0.172 seconds
[2025-05-13T21:37:51.652+0000] {processor.py:153} INFO - Started process (PID=312) to work on /home/airflow/.local/lib/python3.9/site-packages/airflow/example_dags/example_sensors.py
[2025-05-13T21:37:51.653+0000] {processor.py:743} INFO - Processing file /home/airflow/.local/lib/python3.9/site-packages/airflow/example_dags/example_sensors.py for tasks to queue
[2025-05-13T21:37:51.655+0000] {logging_mixin.py:137} INFO - [2025-05-13T21:37:51.654+0000] {dagbag.py:538} INFO - Filling up the DagBag from /home/airflow/.local/lib/python3.9/site-packages/airflow/example_dags/example_sensors.py
[2025-05-13T21:37:51.689+0000] {processor.py:753} INFO - DAG(s) dict_keys(['example_sensors']) retrieved from /home/airflow/.local/lib/python3.9/site-packages/airflow/example_dags/example_sensors.py
[2025-05-13T21:37:51.754+0000] {logging_mixin.py:137} INFO - [2025-05-13T21:37:51.754+0000] {dag.py:2676} INFO - Sync 1 DAGs
[2025-05-13T21:37:51.790+0000] {logging_mixin.py:137} INFO - [2025-05-13T21:37:51.790+0000] {dag.py:3423} INFO - Setting next_dagrun for example_sensors to None, run_after=None
[2025-05-13T21:37:51.844+0000] {processor.py:175} INFO - Processing /home/airflow/.local/lib/python3.9/site-packages/airflow/example_dags/example_sensors.py took 0.197 seconds
[2025-05-13T21:38:23.115+0000] {processor.py:153} INFO - Started process (PID=513) to work on /home/airflow/.local/lib/python3.9/site-packages/airflow/example_dags/example_sensors.py
[2025-05-13T21:38:23.116+0000] {processor.py:743} INFO - Processing file /home/airflow/.local/lib/python3.9/site-packages/airflow/example_dags/example_sensors.py for tasks to queue
[2025-05-13T21:38:23.118+0000] {logging_mixin.py:137} INFO - [2025-05-13T21:38:23.117+0000] {dagbag.py:538} INFO - Filling up the DagBag from /home/airflow/.local/lib/python3.9/site-packages/airflow/example_dags/example_sensors.py
[2025-05-13T21:38:23.146+0000] {processor.py:753} INFO - DAG(s) dict_keys(['example_sensors']) retrieved from /home/airflow/.local/lib/python3.9/site-packages/airflow/example_dags/example_sensors.py
[2025-05-13T21:38:23.200+0000] {logging_mixin.py:137} INFO - [2025-05-13T21:38:23.200+0000] {dag.py:2676} INFO - Sync 1 DAGs
[2025-05-13T21:38:23.228+0000] {logging_mixin.py:137} INFO - [2025-05-13T21:38:23.228+0000] {dag.py:3423} INFO - Setting next_dagrun for example_sensors to None, run_after=None
[2025-05-13T21:38:23.251+0000] {processor.py:175} INFO - Processing /home/airflow/.local/lib/python3.9/site-packages/airflow/example_dags/example_sensors.py took 0.141 seconds
[2025-05-13T21:38:54.050+0000] {processor.py:153} INFO - Started process (PID=710) to work on /home/airflow/.local/lib/python3.9/site-packages/airflow/example_dags/example_sensors.py
[2025-05-13T21:38:54.052+0000] {processor.py:743} INFO - Processing file /home/airflow/.local/lib/python3.9/site-packages/airflow/example_dags/example_sensors.py for tasks to queue
[2025-05-13T21:38:54.053+0000] {logging_mixin.py:137} INFO - [2025-05-13T21:38:54.053+0000] {dagbag.py:538} INFO - Filling up the DagBag from /home/airflow/.local/lib/python3.9/site-packages/airflow/example_dags/example_sensors.py
[2025-05-13T21:38:54.089+0000] {processor.py:753} INFO - DAG(s) dict_keys(['example_sensors']) retrieved from /home/airflow/.local/lib/python3.9/site-packages/airflow/example_dags/example_sensors.py
[2025-05-13T21:38:54.153+0000] {logging_mixin.py:137} INFO - [2025-05-13T21:38:54.152+0000] {dag.py:2676} INFO - Sync 1 DAGs
[2025-05-13T21:38:54.183+0000] {logging_mixin.py:137} INFO - [2025-05-13T21:38:54.183+0000] {dag.py:3423} INFO - Setting next_dagrun for example_sensors to None, run_after=None
[2025-05-13T21:38:54.217+0000] {processor.py:175} INFO - Processing /home/airflow/.local/lib/python3.9/site-packages/airflow/example_dags/example_sensors.py took 0.172 seconds
[2025-05-13T21:39:24.525+0000] {processor.py:153} INFO - Started process (PID=913) to work on /home/airflow/.local/lib/python3.9/site-packages/airflow/example_dags/example_sensors.py
[2025-05-13T21:39:24.527+0000] {processor.py:743} INFO - Processing file /home/airflow/.local/lib/python3.9/site-packages/airflow/example_dags/example_sensors.py for tasks to queue
[2025-05-13T21:39:24.528+0000] {logging_mixin.py:137} INFO - [2025-05-13T21:39:24.528+0000] {dagbag.py:538} INFO - Filling up the DagBag from /home/airflow/.local/lib/python3.9/site-packages/airflow/example_dags/example_sensors.py
[2025-05-13T21:39:24.558+0000] {processor.py:753} INFO - DAG(s) dict_keys(['example_sensors']) retrieved from /home/airflow/.local/lib/python3.9/site-packages/airflow/example_dags/example_sensors.py
[2025-05-13T21:39:24.615+0000] {logging_mixin.py:137} INFO - [2025-05-13T21:39:24.615+0000] {dag.py:2676} INFO - Sync 1 DAGs
[2025-05-13T21:39:24.655+0000] {logging_mixin.py:137} INFO - [2025-05-13T21:39:24.655+0000] {dag.py:3423} INFO - Setting next_dagrun for example_sensors to None, run_after=None
[2025-05-13T21:39:24.682+0000] {processor.py:175} INFO - Processing /home/airflow/.local/lib/python3.9/site-packages/airflow/example_dags/example_sensors.py took 0.160 seconds
[2025-05-13T21:39:55.016+0000] {processor.py:153} INFO - Started process (PID=1116) to work on /home/airflow/.local/lib/python3.9/site-packages/airflow/example_dags/example_sensors.py
[2025-05-13T21:39:55.017+0000] {processor.py:743} INFO - Processing file /home/airflow/.local/lib/python3.9/site-packages/airflow/example_dags/example_sensors.py for tasks to queue
[2025-05-13T21:39:55.018+0000] {logging_mixin.py:137} INFO - [2025-05-13T21:39:55.018+0000] {dagbag.py:538} INFO - Filling up the DagBag from /home/airflow/.local/lib/python3.9/site-packages/airflow/example_dags/example_sensors.py
[2025-05-13T21:39:55.047+0000] {processor.py:753} INFO - DAG(s) dict_keys(['example_sensors']) retrieved from /home/airflow/.local/lib/python3.9/site-packages/airflow/example_dags/example_sensors.py
[2025-05-13T21:39:55.102+0000] {logging_mixin.py:137} INFO - [2025-05-13T21:39:55.102+0000] {dag.py:2676} INFO - Sync 1 DAGs
[2025-05-13T21:39:55.131+0000] {logging_mixin.py:137} INFO - [2025-05-13T21:39:55.131+0000] {dag.py:3423} INFO - Setting next_dagrun for example_sensors to None, run_after=None
[2025-05-13T21:39:55.154+0000] {processor.py:175} INFO - Processing /home/airflow/.local/lib/python3.9/site-packages/airflow/example_dags/example_sensors.py took 0.142 seconds
[2025-05-13T21:40:25.290+0000] {processor.py:153} INFO - Started process (PID=1323) to work on /home/airflow/.local/lib/python3.9/site-packages/airflow/example_dags/example_sensors.py
[2025-05-13T21:40:25.291+0000] {processor.py:743} INFO - Processing file /home/airflow/.local/lib/python3.9/site-packages/airflow/example_dags/example_sensors.py for tasks to queue
[2025-05-13T21:40:25.293+0000] {logging_mixin.py:137} INFO - [2025-05-13T21:40:25.292+0000] {dagbag.py:538} INFO - Filling up the DagBag from /home/airflow/.local/lib/python3.9/site-packages/airflow/example_dags/example_sensors.py
[2025-05-13T21:40:25.322+0000] {processor.py:753} INFO - DAG(s) dict_keys(['example_sensors']) retrieved from /home/airflow/.local/lib/python3.9/site-packages/airflow/example_dags/example_sensors.py
[2025-05-13T21:40:25.377+0000] {logging_mixin.py:137} INFO - [2025-05-13T21:40:25.377+0000] {dag.py:2676} INFO - Sync 1 DAGs
[2025-05-13T21:40:25.406+0000] {logging_mixin.py:137} INFO - [2025-05-13T21:40:25.405+0000] {dag.py:3423} INFO - Setting next_dagrun for example_sensors to None, run_after=None
[2025-05-13T21:40:25.431+0000] {processor.py:175} INFO - Processing /home/airflow/.local/lib/python3.9/site-packages/airflow/example_dags/example_sensors.py took 0.144 seconds
[2025-05-13T21:40:55.627+0000] {processor.py:153} INFO - Started process (PID=1526) to work on /home/airflow/.local/lib/python3.9/site-packages/airflow/example_dags/example_sensors.py
[2025-05-13T21:40:55.628+0000] {processor.py:743} INFO - Processing file /home/airflow/.local/lib/python3.9/site-packages/airflow/example_dags/example_sensors.py for tasks to queue
[2025-05-13T21:40:55.629+0000] {logging_mixin.py:137} INFO - [2025-05-13T21:40:55.629+0000] {dagbag.py:538} INFO - Filling up the DagBag from /home/airflow/.local/lib/python3.9/site-packages/airflow/example_dags/example_sensors.py
[2025-05-13T21:40:55.667+0000] {processor.py:753} INFO - DAG(s) dict_keys(['example_sensors']) retrieved from /home/airflow/.local/lib/python3.9/site-packages/airflow/example_dags/example_sensors.py
[2025-05-13T21:40:55.733+0000] {logging_mixin.py:137} INFO - [2025-05-13T21:40:55.733+0000] {dag.py:2676} INFO - Sync 1 DAGs
[2025-05-13T21:40:55.765+0000] {logging_mixin.py:137} INFO - [2025-05-13T21:40:55.764+0000] {dag.py:3423} INFO - Setting next_dagrun for example_sensors to None, run_after=None
[2025-05-13T21:40:55.789+0000] {processor.py:175} INFO - Processing /home/airflow/.local/lib/python3.9/site-packages/airflow/example_dags/example_sensors.py took 0.166 seconds
[2025-05-13T21:41:26.358+0000] {processor.py:153} INFO - Started process (PID=1729) to work on /home/airflow/.local/lib/python3.9/site-packages/airflow/example_dags/example_sensors.py
[2025-05-13T21:41:26.359+0000] {processor.py:743} INFO - Processing file /home/airflow/.local/lib/python3.9/site-packages/airflow/example_dags/example_sensors.py for tasks to queue
[2025-05-13T21:41:26.360+0000] {logging_mixin.py:137} INFO - [2025-05-13T21:41:26.360+0000] {dagbag.py:538} INFO - Filling up the DagBag from /home/airflow/.local/lib/python3.9/site-packages/airflow/example_dags/example_sensors.py
[2025-05-13T21:41:26.392+0000] {processor.py:753} INFO - DAG(s) dict_keys(['example_sensors']) retrieved from /home/airflow/.local/lib/python3.9/site-packages/airflow/example_dags/example_sensors.py
[2025-05-13T21:41:26.450+0000] {logging_mixin.py:137} INFO - [2025-05-13T21:41:26.450+0000] {dag.py:2676} INFO - Sync 1 DAGs
[2025-05-13T21:41:26.484+0000] {logging_mixin.py:137} INFO - [2025-05-13T21:41:26.484+0000] {dag.py:3423} INFO - Setting next_dagrun for example_sensors to None, run_after=None
[2025-05-13T21:41:26.510+0000] {processor.py:175} INFO - Processing /home/airflow/.local/lib/python3.9/site-packages/airflow/example_dags/example_sensors.py took 0.158 seconds
