[2025-05-13T02:45:46.239+0000] {processor.py:153} INFO - Started process (PID=352) to work on /home/airflow/.local/lib/python3.9/site-packages/airflow/example_dags/example_branch_labels.py
[2025-05-13T02:45:46.241+0000] {processor.py:743} INFO - Processing file /home/airflow/.local/lib/python3.9/site-packages/airflow/example_dags/example_branch_labels.py for tasks to queue
[2025-05-13T02:45:46.242+0000] {logging_mixin.py:137} INFO - [2025-05-13T02:45:46.242+0000] {dagbag.py:538} INFO - Filling up the DagBag from /home/airflow/.local/lib/python3.9/site-packages/airflow/example_dags/example_branch_labels.py
[2025-05-13T02:45:46.263+0000] {processor.py:753} INFO - DAG(s) dict_keys(['example_branch_labels']) retrieved from /home/airflow/.local/lib/python3.9/site-packages/airflow/example_dags/example_branch_labels.py
[2025-05-13T02:45:46.430+0000] {logging_mixin.py:137} INFO - [2025-05-13T02:45:46.429+0000] {manager.py:504} INFO - Created Permission View: can delete on DAG:example_branch_labels
[2025-05-13T02:45:46.443+0000] {logging_mixin.py:137} INFO - [2025-05-13T02:45:46.443+0000] {manager.py:504} INFO - Created Permission View: can edit on DAG:example_branch_labels
[2025-05-13T02:45:46.454+0000] {logging_mixin.py:137} INFO - [2025-05-13T02:45:46.454+0000] {manager.py:504} INFO - Created Permission View: can read on DAG:example_branch_labels
[2025-05-13T02:45:46.455+0000] {logging_mixin.py:137} INFO - [2025-05-13T02:45:46.455+0000] {dag.py:2676} INFO - Sync 1 DAGs
[2025-05-13T02:45:46.474+0000] {logging_mixin.py:137} INFO - [2025-05-13T02:45:46.473+0000] {dag.py:2697} INFO - Creating ORM DAG for example_branch_labels
[2025-05-13T02:45:46.498+0000] {logging_mixin.py:137} INFO - [2025-05-13T02:45:46.497+0000] {dag.py:3423} INFO - Setting next_dagrun for example_branch_labels to 2025-05-12T00:00:00+00:00, run_after=2025-05-13T00:00:00+00:00
[2025-05-13T02:45:46.558+0000] {processor.py:175} INFO - Processing /home/airflow/.local/lib/python3.9/site-packages/airflow/example_dags/example_branch_labels.py took 0.323 seconds
[2025-05-13T02:46:17.886+0000] {processor.py:153} INFO - Started process (PID=555) to work on /home/airflow/.local/lib/python3.9/site-packages/airflow/example_dags/example_branch_labels.py
[2025-05-13T02:46:17.887+0000] {processor.py:743} INFO - Processing file /home/airflow/.local/lib/python3.9/site-packages/airflow/example_dags/example_branch_labels.py for tasks to queue
[2025-05-13T02:46:17.888+0000] {logging_mixin.py:137} INFO - [2025-05-13T02:46:17.888+0000] {dagbag.py:538} INFO - Filling up the DagBag from /home/airflow/.local/lib/python3.9/site-packages/airflow/example_dags/example_branch_labels.py
[2025-05-13T02:46:17.924+0000] {processor.py:753} INFO - DAG(s) dict_keys(['example_branch_labels']) retrieved from /home/airflow/.local/lib/python3.9/site-packages/airflow/example_dags/example_branch_labels.py
[2025-05-13T02:46:17.976+0000] {logging_mixin.py:137} INFO - [2025-05-13T02:46:17.976+0000] {dag.py:2676} INFO - Sync 1 DAGs
[2025-05-13T02:46:18.007+0000] {logging_mixin.py:137} INFO - [2025-05-13T02:46:18.007+0000] {dag.py:3423} INFO - Setting next_dagrun for example_branch_labels to 2025-05-12T00:00:00+00:00, run_after=2025-05-13T00:00:00+00:00
[2025-05-13T02:46:18.031+0000] {processor.py:175} INFO - Processing /home/airflow/.local/lib/python3.9/site-packages/airflow/example_dags/example_branch_labels.py took 0.150 seconds
[2025-05-13T02:46:48.312+0000] {processor.py:153} INFO - Started process (PID=757) to work on /home/airflow/.local/lib/python3.9/site-packages/airflow/example_dags/example_branch_labels.py
[2025-05-13T02:46:48.319+0000] {processor.py:743} INFO - Processing file /home/airflow/.local/lib/python3.9/site-packages/airflow/example_dags/example_branch_labels.py for tasks to queue
[2025-05-13T02:46:48.325+0000] {logging_mixin.py:137} INFO - [2025-05-13T02:46:48.324+0000] {dagbag.py:538} INFO - Filling up the DagBag from /home/airflow/.local/lib/python3.9/site-packages/airflow/example_dags/example_branch_labels.py
[2025-05-13T02:46:48.369+0000] {processor.py:753} INFO - DAG(s) dict_keys(['example_branch_labels']) retrieved from /home/airflow/.local/lib/python3.9/site-packages/airflow/example_dags/example_branch_labels.py
[2025-05-13T02:46:48.556+0000] {logging_mixin.py:137} INFO - [2025-05-13T02:46:48.555+0000] {dag.py:2676} INFO - Sync 1 DAGs
[2025-05-13T02:46:48.692+0000] {logging_mixin.py:137} INFO - [2025-05-13T02:46:48.691+0000] {dag.py:3423} INFO - Setting next_dagrun for example_branch_labels to 2025-05-12T00:00:00+00:00, run_after=2025-05-13T00:00:00+00:00
[2025-05-13T02:46:48.750+0000] {processor.py:175} INFO - Processing /home/airflow/.local/lib/python3.9/site-packages/airflow/example_dags/example_branch_labels.py took 0.446 seconds
[2025-05-13T02:47:18.788+0000] {processor.py:153} INFO - Started process (PID=955) to work on /home/airflow/.local/lib/python3.9/site-packages/airflow/example_dags/example_branch_labels.py
[2025-05-13T02:47:18.789+0000] {processor.py:743} INFO - Processing file /home/airflow/.local/lib/python3.9/site-packages/airflow/example_dags/example_branch_labels.py for tasks to queue
[2025-05-13T02:47:18.790+0000] {logging_mixin.py:137} INFO - [2025-05-13T02:47:18.790+0000] {dagbag.py:538} INFO - Filling up the DagBag from /home/airflow/.local/lib/python3.9/site-packages/airflow/example_dags/example_branch_labels.py
[2025-05-13T02:47:18.812+0000] {processor.py:753} INFO - DAG(s) dict_keys(['example_branch_labels']) retrieved from /home/airflow/.local/lib/python3.9/site-packages/airflow/example_dags/example_branch_labels.py
[2025-05-13T02:47:18.868+0000] {logging_mixin.py:137} INFO - [2025-05-13T02:47:18.867+0000] {dag.py:2676} INFO - Sync 1 DAGs
[2025-05-13T02:47:18.904+0000] {logging_mixin.py:137} INFO - [2025-05-13T02:47:18.904+0000] {dag.py:3423} INFO - Setting next_dagrun for example_branch_labels to 2025-05-12T00:00:00+00:00, run_after=2025-05-13T00:00:00+00:00
[2025-05-13T02:47:18.936+0000] {processor.py:175} INFO - Processing /home/airflow/.local/lib/python3.9/site-packages/airflow/example_dags/example_branch_labels.py took 0.154 seconds
[2025-05-13T02:47:49.062+0000] {processor.py:153} INFO - Started process (PID=1158) to work on /home/airflow/.local/lib/python3.9/site-packages/airflow/example_dags/example_branch_labels.py
[2025-05-13T02:47:49.064+0000] {processor.py:743} INFO - Processing file /home/airflow/.local/lib/python3.9/site-packages/airflow/example_dags/example_branch_labels.py for tasks to queue
[2025-05-13T02:47:49.065+0000] {logging_mixin.py:137} INFO - [2025-05-13T02:47:49.065+0000] {dagbag.py:538} INFO - Filling up the DagBag from /home/airflow/.local/lib/python3.9/site-packages/airflow/example_dags/example_branch_labels.py
[2025-05-13T02:47:49.085+0000] {processor.py:753} INFO - DAG(s) dict_keys(['example_branch_labels']) retrieved from /home/airflow/.local/lib/python3.9/site-packages/airflow/example_dags/example_branch_labels.py
[2025-05-13T02:47:49.137+0000] {logging_mixin.py:137} INFO - [2025-05-13T02:47:49.137+0000] {dag.py:2676} INFO - Sync 1 DAGs
[2025-05-13T02:47:49.168+0000] {logging_mixin.py:137} INFO - [2025-05-13T02:47:49.168+0000] {dag.py:3423} INFO - Setting next_dagrun for example_branch_labels to 2025-05-12T00:00:00+00:00, run_after=2025-05-13T00:00:00+00:00
[2025-05-13T02:47:49.190+0000] {processor.py:175} INFO - Processing /home/airflow/.local/lib/python3.9/site-packages/airflow/example_dags/example_branch_labels.py took 0.132 seconds
[2025-05-13T02:49:34.210+0000] {processor.py:153} INFO - Started process (PID=369) to work on /home/airflow/.local/lib/python3.9/site-packages/airflow/example_dags/example_branch_labels.py
[2025-05-13T02:49:34.213+0000] {processor.py:743} INFO - Processing file /home/airflow/.local/lib/python3.9/site-packages/airflow/example_dags/example_branch_labels.py for tasks to queue
[2025-05-13T02:49:34.216+0000] {logging_mixin.py:137} INFO - [2025-05-13T02:49:34.215+0000] {dagbag.py:538} INFO - Filling up the DagBag from /home/airflow/.local/lib/python3.9/site-packages/airflow/example_dags/example_branch_labels.py
[2025-05-13T02:49:34.250+0000] {processor.py:753} INFO - DAG(s) dict_keys(['example_branch_labels']) retrieved from /home/airflow/.local/lib/python3.9/site-packages/airflow/example_dags/example_branch_labels.py
[2025-05-13T02:49:34.309+0000] {logging_mixin.py:137} INFO - [2025-05-13T02:49:34.308+0000] {dag.py:2676} INFO - Sync 1 DAGs
[2025-05-13T02:49:34.345+0000] {logging_mixin.py:137} INFO - [2025-05-13T02:49:34.345+0000] {dag.py:3423} INFO - Setting next_dagrun for example_branch_labels to 2025-05-12T00:00:00+00:00, run_after=2025-05-13T00:00:00+00:00
[2025-05-13T02:49:34.376+0000] {processor.py:175} INFO - Processing /home/airflow/.local/lib/python3.9/site-packages/airflow/example_dags/example_branch_labels.py took 0.174 seconds
[2025-05-13T02:50:05.472+0000] {processor.py:153} INFO - Started process (PID=570) to work on /home/airflow/.local/lib/python3.9/site-packages/airflow/example_dags/example_branch_labels.py
[2025-05-13T02:50:05.473+0000] {processor.py:743} INFO - Processing file /home/airflow/.local/lib/python3.9/site-packages/airflow/example_dags/example_branch_labels.py for tasks to queue
[2025-05-13T02:50:05.474+0000] {logging_mixin.py:137} INFO - [2025-05-13T02:50:05.474+0000] {dagbag.py:538} INFO - Filling up the DagBag from /home/airflow/.local/lib/python3.9/site-packages/airflow/example_dags/example_branch_labels.py
[2025-05-13T02:50:05.491+0000] {processor.py:753} INFO - DAG(s) dict_keys(['example_branch_labels']) retrieved from /home/airflow/.local/lib/python3.9/site-packages/airflow/example_dags/example_branch_labels.py
[2025-05-13T02:50:05.538+0000] {logging_mixin.py:137} INFO - [2025-05-13T02:50:05.537+0000] {dag.py:2676} INFO - Sync 1 DAGs
[2025-05-13T02:50:05.578+0000] {logging_mixin.py:137} INFO - [2025-05-13T02:50:05.577+0000] {dag.py:3423} INFO - Setting next_dagrun for example_branch_labels to 2025-05-12T00:00:00+00:00, run_after=2025-05-13T00:00:00+00:00
[2025-05-13T02:50:05.604+0000] {processor.py:175} INFO - Processing /home/airflow/.local/lib/python3.9/site-packages/airflow/example_dags/example_branch_labels.py took 0.136 seconds
[2025-05-13T02:50:35.824+0000] {processor.py:153} INFO - Started process (PID=767) to work on /home/airflow/.local/lib/python3.9/site-packages/airflow/example_dags/example_branch_labels.py
[2025-05-13T02:50:35.825+0000] {processor.py:743} INFO - Processing file /home/airflow/.local/lib/python3.9/site-packages/airflow/example_dags/example_branch_labels.py for tasks to queue
[2025-05-13T02:50:35.826+0000] {logging_mixin.py:137} INFO - [2025-05-13T02:50:35.826+0000] {dagbag.py:538} INFO - Filling up the DagBag from /home/airflow/.local/lib/python3.9/site-packages/airflow/example_dags/example_branch_labels.py
[2025-05-13T02:50:35.849+0000] {processor.py:753} INFO - DAG(s) dict_keys(['example_branch_labels']) retrieved from /home/airflow/.local/lib/python3.9/site-packages/airflow/example_dags/example_branch_labels.py
[2025-05-13T02:50:35.909+0000] {logging_mixin.py:137} INFO - [2025-05-13T02:50:35.909+0000] {dag.py:2676} INFO - Sync 1 DAGs
[2025-05-13T02:50:35.946+0000] {logging_mixin.py:137} INFO - [2025-05-13T02:50:35.946+0000] {dag.py:3423} INFO - Setting next_dagrun for example_branch_labels to 2025-05-12T00:00:00+00:00, run_after=2025-05-13T00:00:00+00:00
[2025-05-13T02:50:35.973+0000] {processor.py:175} INFO - Processing /home/airflow/.local/lib/python3.9/site-packages/airflow/example_dags/example_branch_labels.py took 0.155 seconds
[2025-05-13T21:18:31.440+0000] {processor.py:153} INFO - Started process (PID=352) to work on /home/airflow/.local/lib/python3.9/site-packages/airflow/example_dags/example_branch_labels.py
[2025-05-13T21:18:31.441+0000] {processor.py:743} INFO - Processing file /home/airflow/.local/lib/python3.9/site-packages/airflow/example_dags/example_branch_labels.py for tasks to queue
[2025-05-13T21:18:31.442+0000] {logging_mixin.py:137} INFO - [2025-05-13T21:18:31.442+0000] {dagbag.py:538} INFO - Filling up the DagBag from /home/airflow/.local/lib/python3.9/site-packages/airflow/example_dags/example_branch_labels.py
[2025-05-13T21:18:31.469+0000] {processor.py:753} INFO - DAG(s) dict_keys(['example_branch_labels']) retrieved from /home/airflow/.local/lib/python3.9/site-packages/airflow/example_dags/example_branch_labels.py
[2025-05-13T21:18:31.656+0000] {logging_mixin.py:137} INFO - [2025-05-13T21:18:31.655+0000] {manager.py:504} INFO - Created Permission View: can edit on DAG:example_branch_labels
[2025-05-13T21:18:31.667+0000] {logging_mixin.py:137} INFO - [2025-05-13T21:18:31.667+0000] {manager.py:504} INFO - Created Permission View: can delete on DAG:example_branch_labels
[2025-05-13T21:18:31.683+0000] {logging_mixin.py:137} INFO - [2025-05-13T21:18:31.683+0000] {manager.py:504} INFO - Created Permission View: can read on DAG:example_branch_labels
[2025-05-13T21:18:31.683+0000] {logging_mixin.py:137} INFO - [2025-05-13T21:18:31.683+0000] {dag.py:2676} INFO - Sync 1 DAGs
[2025-05-13T21:18:31.702+0000] {logging_mixin.py:137} INFO - [2025-05-13T21:18:31.702+0000] {dag.py:2697} INFO - Creating ORM DAG for example_branch_labels
[2025-05-13T21:18:31.723+0000] {logging_mixin.py:137} INFO - [2025-05-13T21:18:31.722+0000] {dag.py:3423} INFO - Setting next_dagrun for example_branch_labels to 2025-05-12T00:00:00+00:00, run_after=2025-05-13T00:00:00+00:00
[2025-05-13T21:18:31.748+0000] {processor.py:175} INFO - Processing /home/airflow/.local/lib/python3.9/site-packages/airflow/example_dags/example_branch_labels.py took 0.313 seconds
[2025-05-13T21:19:02.262+0000] {processor.py:153} INFO - Started process (PID=555) to work on /home/airflow/.local/lib/python3.9/site-packages/airflow/example_dags/example_branch_labels.py
[2025-05-13T21:19:02.264+0000] {processor.py:743} INFO - Processing file /home/airflow/.local/lib/python3.9/site-packages/airflow/example_dags/example_branch_labels.py for tasks to queue
[2025-05-13T21:19:02.265+0000] {logging_mixin.py:137} INFO - [2025-05-13T21:19:02.265+0000] {dagbag.py:538} INFO - Filling up the DagBag from /home/airflow/.local/lib/python3.9/site-packages/airflow/example_dags/example_branch_labels.py
[2025-05-13T21:19:02.288+0000] {processor.py:753} INFO - DAG(s) dict_keys(['example_branch_labels']) retrieved from /home/airflow/.local/lib/python3.9/site-packages/airflow/example_dags/example_branch_labels.py
[2025-05-13T21:19:02.342+0000] {logging_mixin.py:137} INFO - [2025-05-13T21:19:02.341+0000] {dag.py:2676} INFO - Sync 1 DAGs
[2025-05-13T21:19:02.376+0000] {logging_mixin.py:137} INFO - [2025-05-13T21:19:02.376+0000] {dag.py:3423} INFO - Setting next_dagrun for example_branch_labels to 2025-05-12T00:00:00+00:00, run_after=2025-05-13T00:00:00+00:00
[2025-05-13T21:19:02.406+0000] {processor.py:175} INFO - Processing /home/airflow/.local/lib/python3.9/site-packages/airflow/example_dags/example_branch_labels.py took 0.148 seconds
[2025-05-13T21:19:33.291+0000] {processor.py:153} INFO - Started process (PID=758) to work on /home/airflow/.local/lib/python3.9/site-packages/airflow/example_dags/example_branch_labels.py
[2025-05-13T21:19:33.293+0000] {processor.py:743} INFO - Processing file /home/airflow/.local/lib/python3.9/site-packages/airflow/example_dags/example_branch_labels.py for tasks to queue
[2025-05-13T21:19:33.295+0000] {logging_mixin.py:137} INFO - [2025-05-13T21:19:33.294+0000] {dagbag.py:538} INFO - Filling up the DagBag from /home/airflow/.local/lib/python3.9/site-packages/airflow/example_dags/example_branch_labels.py
[2025-05-13T21:19:33.335+0000] {processor.py:753} INFO - DAG(s) dict_keys(['example_branch_labels']) retrieved from /home/airflow/.local/lib/python3.9/site-packages/airflow/example_dags/example_branch_labels.py
[2025-05-13T21:19:33.419+0000] {logging_mixin.py:137} INFO - [2025-05-13T21:19:33.419+0000] {dag.py:2676} INFO - Sync 1 DAGs
[2025-05-13T21:19:33.458+0000] {logging_mixin.py:137} INFO - [2025-05-13T21:19:33.457+0000] {dag.py:3423} INFO - Setting next_dagrun for example_branch_labels to 2025-05-12T00:00:00+00:00, run_after=2025-05-13T00:00:00+00:00
[2025-05-13T21:19:33.492+0000] {processor.py:175} INFO - Processing /home/airflow/.local/lib/python3.9/site-packages/airflow/example_dags/example_branch_labels.py took 0.206 seconds
[2025-05-13T21:20:03.631+0000] {processor.py:153} INFO - Started process (PID=955) to work on /home/airflow/.local/lib/python3.9/site-packages/airflow/example_dags/example_branch_labels.py
[2025-05-13T21:20:03.634+0000] {processor.py:743} INFO - Processing file /home/airflow/.local/lib/python3.9/site-packages/airflow/example_dags/example_branch_labels.py for tasks to queue
[2025-05-13T21:20:03.635+0000] {logging_mixin.py:137} INFO - [2025-05-13T21:20:03.635+0000] {dagbag.py:538} INFO - Filling up the DagBag from /home/airflow/.local/lib/python3.9/site-packages/airflow/example_dags/example_branch_labels.py
[2025-05-13T21:20:03.678+0000] {processor.py:753} INFO - DAG(s) dict_keys(['example_branch_labels']) retrieved from /home/airflow/.local/lib/python3.9/site-packages/airflow/example_dags/example_branch_labels.py
[2025-05-13T21:20:03.800+0000] {logging_mixin.py:137} INFO - [2025-05-13T21:20:03.800+0000] {dag.py:2676} INFO - Sync 1 DAGs
[2025-05-13T21:20:03.960+0000] {logging_mixin.py:137} INFO - [2025-05-13T21:20:03.960+0000] {dag.py:3423} INFO - Setting next_dagrun for example_branch_labels to 2025-05-12T00:00:00+00:00, run_after=2025-05-13T00:00:00+00:00
[2025-05-13T21:20:04.000+0000] {processor.py:175} INFO - Processing /home/airflow/.local/lib/python3.9/site-packages/airflow/example_dags/example_branch_labels.py took 0.376 seconds
[2025-05-13T21:20:34.235+0000] {processor.py:153} INFO - Started process (PID=1158) to work on /home/airflow/.local/lib/python3.9/site-packages/airflow/example_dags/example_branch_labels.py
[2025-05-13T21:20:34.237+0000] {processor.py:743} INFO - Processing file /home/airflow/.local/lib/python3.9/site-packages/airflow/example_dags/example_branch_labels.py for tasks to queue
[2025-05-13T21:20:34.238+0000] {logging_mixin.py:137} INFO - [2025-05-13T21:20:34.238+0000] {dagbag.py:538} INFO - Filling up the DagBag from /home/airflow/.local/lib/python3.9/site-packages/airflow/example_dags/example_branch_labels.py
[2025-05-13T21:20:34.270+0000] {processor.py:753} INFO - DAG(s) dict_keys(['example_branch_labels']) retrieved from /home/airflow/.local/lib/python3.9/site-packages/airflow/example_dags/example_branch_labels.py
[2025-05-13T21:20:34.408+0000] {logging_mixin.py:137} INFO - [2025-05-13T21:20:34.407+0000] {dag.py:2676} INFO - Sync 1 DAGs
[2025-05-13T21:20:34.467+0000] {logging_mixin.py:137} INFO - [2025-05-13T21:20:34.466+0000] {dag.py:3423} INFO - Setting next_dagrun for example_branch_labels to 2025-05-12T00:00:00+00:00, run_after=2025-05-13T00:00:00+00:00
[2025-05-13T21:20:34.506+0000] {processor.py:175} INFO - Processing /home/airflow/.local/lib/python3.9/site-packages/airflow/example_dags/example_branch_labels.py took 0.279 seconds
[2025-05-13T21:21:05.307+0000] {processor.py:153} INFO - Started process (PID=1364) to work on /home/airflow/.local/lib/python3.9/site-packages/airflow/example_dags/example_branch_labels.py
[2025-05-13T21:21:05.308+0000] {processor.py:743} INFO - Processing file /home/airflow/.local/lib/python3.9/site-packages/airflow/example_dags/example_branch_labels.py for tasks to queue
[2025-05-13T21:21:05.309+0000] {logging_mixin.py:137} INFO - [2025-05-13T21:21:05.309+0000] {dagbag.py:538} INFO - Filling up the DagBag from /home/airflow/.local/lib/python3.9/site-packages/airflow/example_dags/example_branch_labels.py
[2025-05-13T21:21:05.334+0000] {processor.py:753} INFO - DAG(s) dict_keys(['example_branch_labels']) retrieved from /home/airflow/.local/lib/python3.9/site-packages/airflow/example_dags/example_branch_labels.py
[2025-05-13T21:21:05.413+0000] {logging_mixin.py:137} INFO - [2025-05-13T21:21:05.413+0000] {dag.py:2676} INFO - Sync 1 DAGs
[2025-05-13T21:21:05.453+0000] {logging_mixin.py:137} INFO - [2025-05-13T21:21:05.452+0000] {dag.py:3423} INFO - Setting next_dagrun for example_branch_labels to 2025-05-12T00:00:00+00:00, run_after=2025-05-13T00:00:00+00:00
[2025-05-13T21:21:05.483+0000] {processor.py:175} INFO - Processing /home/airflow/.local/lib/python3.9/site-packages/airflow/example_dags/example_branch_labels.py took 0.180 seconds
[2025-05-13T21:21:35.829+0000] {processor.py:153} INFO - Started process (PID=1567) to work on /home/airflow/.local/lib/python3.9/site-packages/airflow/example_dags/example_branch_labels.py
[2025-05-13T21:21:35.830+0000] {processor.py:743} INFO - Processing file /home/airflow/.local/lib/python3.9/site-packages/airflow/example_dags/example_branch_labels.py for tasks to queue
[2025-05-13T21:21:35.831+0000] {logging_mixin.py:137} INFO - [2025-05-13T21:21:35.831+0000] {dagbag.py:538} INFO - Filling up the DagBag from /home/airflow/.local/lib/python3.9/site-packages/airflow/example_dags/example_branch_labels.py
[2025-05-13T21:21:35.857+0000] {processor.py:753} INFO - DAG(s) dict_keys(['example_branch_labels']) retrieved from /home/airflow/.local/lib/python3.9/site-packages/airflow/example_dags/example_branch_labels.py
[2025-05-13T21:21:35.920+0000] {logging_mixin.py:137} INFO - [2025-05-13T21:21:35.920+0000] {dag.py:2676} INFO - Sync 1 DAGs
[2025-05-13T21:21:35.956+0000] {logging_mixin.py:137} INFO - [2025-05-13T21:21:35.955+0000] {dag.py:3423} INFO - Setting next_dagrun for example_branch_labels to 2025-05-12T00:00:00+00:00, run_after=2025-05-13T00:00:00+00:00
[2025-05-13T21:21:35.981+0000] {processor.py:175} INFO - Processing /home/airflow/.local/lib/python3.9/site-packages/airflow/example_dags/example_branch_labels.py took 0.159 seconds
[2025-05-13T21:22:06.523+0000] {processor.py:153} INFO - Started process (PID=1769) to work on /home/airflow/.local/lib/python3.9/site-packages/airflow/example_dags/example_branch_labels.py
[2025-05-13T21:22:06.524+0000] {processor.py:743} INFO - Processing file /home/airflow/.local/lib/python3.9/site-packages/airflow/example_dags/example_branch_labels.py for tasks to queue
[2025-05-13T21:22:06.525+0000] {logging_mixin.py:137} INFO - [2025-05-13T21:22:06.525+0000] {dagbag.py:538} INFO - Filling up the DagBag from /home/airflow/.local/lib/python3.9/site-packages/airflow/example_dags/example_branch_labels.py
[2025-05-13T21:22:06.544+0000] {processor.py:753} INFO - DAG(s) dict_keys(['example_branch_labels']) retrieved from /home/airflow/.local/lib/python3.9/site-packages/airflow/example_dags/example_branch_labels.py
[2025-05-13T21:22:06.594+0000] {logging_mixin.py:137} INFO - [2025-05-13T21:22:06.594+0000] {dag.py:2676} INFO - Sync 1 DAGs
[2025-05-13T21:22:06.625+0000] {logging_mixin.py:137} INFO - [2025-05-13T21:22:06.625+0000] {dag.py:3423} INFO - Setting next_dagrun for example_branch_labels to 2025-05-12T00:00:00+00:00, run_after=2025-05-13T00:00:00+00:00
[2025-05-13T21:22:06.652+0000] {processor.py:175} INFO - Processing /home/airflow/.local/lib/python3.9/site-packages/airflow/example_dags/example_branch_labels.py took 0.132 seconds
[2025-05-13T21:22:36.840+0000] {processor.py:153} INFO - Started process (PID=1973) to work on /home/airflow/.local/lib/python3.9/site-packages/airflow/example_dags/example_branch_labels.py
[2025-05-13T21:22:36.843+0000] {processor.py:743} INFO - Processing file /home/airflow/.local/lib/python3.9/site-packages/airflow/example_dags/example_branch_labels.py for tasks to queue
[2025-05-13T21:22:36.844+0000] {logging_mixin.py:137} INFO - [2025-05-13T21:22:36.843+0000] {dagbag.py:538} INFO - Filling up the DagBag from /home/airflow/.local/lib/python3.9/site-packages/airflow/example_dags/example_branch_labels.py
[2025-05-13T21:22:36.867+0000] {processor.py:753} INFO - DAG(s) dict_keys(['example_branch_labels']) retrieved from /home/airflow/.local/lib/python3.9/site-packages/airflow/example_dags/example_branch_labels.py
[2025-05-13T21:22:36.918+0000] {logging_mixin.py:137} INFO - [2025-05-13T21:22:36.918+0000] {dag.py:2676} INFO - Sync 1 DAGs
[2025-05-13T21:22:36.947+0000] {logging_mixin.py:137} INFO - [2025-05-13T21:22:36.946+0000] {dag.py:3423} INFO - Setting next_dagrun for example_branch_labels to 2025-05-12T00:00:00+00:00, run_after=2025-05-13T00:00:00+00:00
[2025-05-13T21:22:36.975+0000] {processor.py:175} INFO - Processing /home/airflow/.local/lib/python3.9/site-packages/airflow/example_dags/example_branch_labels.py took 0.139 seconds
[2025-05-13T21:23:07.411+0000] {processor.py:153} INFO - Started process (PID=2175) to work on /home/airflow/.local/lib/python3.9/site-packages/airflow/example_dags/example_branch_labels.py
[2025-05-13T21:23:07.413+0000] {processor.py:743} INFO - Processing file /home/airflow/.local/lib/python3.9/site-packages/airflow/example_dags/example_branch_labels.py for tasks to queue
[2025-05-13T21:23:07.414+0000] {logging_mixin.py:137} INFO - [2025-05-13T21:23:07.414+0000] {dagbag.py:538} INFO - Filling up the DagBag from /home/airflow/.local/lib/python3.9/site-packages/airflow/example_dags/example_branch_labels.py
[2025-05-13T21:23:07.436+0000] {processor.py:753} INFO - DAG(s) dict_keys(['example_branch_labels']) retrieved from /home/airflow/.local/lib/python3.9/site-packages/airflow/example_dags/example_branch_labels.py
[2025-05-13T21:23:07.490+0000] {logging_mixin.py:137} INFO - [2025-05-13T21:23:07.490+0000] {dag.py:2676} INFO - Sync 1 DAGs
[2025-05-13T21:23:07.525+0000] {logging_mixin.py:137} INFO - [2025-05-13T21:23:07.525+0000] {dag.py:3423} INFO - Setting next_dagrun for example_branch_labels to 2025-05-12T00:00:00+00:00, run_after=2025-05-13T00:00:00+00:00
[2025-05-13T21:23:07.555+0000] {processor.py:175} INFO - Processing /home/airflow/.local/lib/python3.9/site-packages/airflow/example_dags/example_branch_labels.py took 0.149 seconds
[2025-05-13T21:23:37.900+0000] {processor.py:153} INFO - Started process (PID=2378) to work on /home/airflow/.local/lib/python3.9/site-packages/airflow/example_dags/example_branch_labels.py
[2025-05-13T21:23:37.901+0000] {processor.py:743} INFO - Processing file /home/airflow/.local/lib/python3.9/site-packages/airflow/example_dags/example_branch_labels.py for tasks to queue
[2025-05-13T21:23:37.902+0000] {logging_mixin.py:137} INFO - [2025-05-13T21:23:37.901+0000] {dagbag.py:538} INFO - Filling up the DagBag from /home/airflow/.local/lib/python3.9/site-packages/airflow/example_dags/example_branch_labels.py
[2025-05-13T21:23:37.922+0000] {processor.py:753} INFO - DAG(s) dict_keys(['example_branch_labels']) retrieved from /home/airflow/.local/lib/python3.9/site-packages/airflow/example_dags/example_branch_labels.py
[2025-05-13T21:23:37.973+0000] {logging_mixin.py:137} INFO - [2025-05-13T21:23:37.973+0000] {dag.py:2676} INFO - Sync 1 DAGs
[2025-05-13T21:23:38.011+0000] {logging_mixin.py:137} INFO - [2025-05-13T21:23:38.011+0000] {dag.py:3423} INFO - Setting next_dagrun for example_branch_labels to 2025-05-12T00:00:00+00:00, run_after=2025-05-13T00:00:00+00:00
[2025-05-13T21:23:38.037+0000] {processor.py:175} INFO - Processing /home/airflow/.local/lib/python3.9/site-packages/airflow/example_dags/example_branch_labels.py took 0.141 seconds
[2025-05-13T21:24:08.480+0000] {processor.py:153} INFO - Started process (PID=2581) to work on /home/airflow/.local/lib/python3.9/site-packages/airflow/example_dags/example_branch_labels.py
[2025-05-13T21:24:08.481+0000] {processor.py:743} INFO - Processing file /home/airflow/.local/lib/python3.9/site-packages/airflow/example_dags/example_branch_labels.py for tasks to queue
[2025-05-13T21:24:08.482+0000] {logging_mixin.py:137} INFO - [2025-05-13T21:24:08.482+0000] {dagbag.py:538} INFO - Filling up the DagBag from /home/airflow/.local/lib/python3.9/site-packages/airflow/example_dags/example_branch_labels.py
[2025-05-13T21:24:08.502+0000] {processor.py:753} INFO - DAG(s) dict_keys(['example_branch_labels']) retrieved from /home/airflow/.local/lib/python3.9/site-packages/airflow/example_dags/example_branch_labels.py
[2025-05-13T21:24:08.549+0000] {logging_mixin.py:137} INFO - [2025-05-13T21:24:08.549+0000] {dag.py:2676} INFO - Sync 1 DAGs
[2025-05-13T21:24:08.576+0000] {logging_mixin.py:137} INFO - [2025-05-13T21:24:08.576+0000] {dag.py:3423} INFO - Setting next_dagrun for example_branch_labels to 2025-05-12T00:00:00+00:00, run_after=2025-05-13T00:00:00+00:00
[2025-05-13T21:24:08.597+0000] {processor.py:175} INFO - Processing /home/airflow/.local/lib/python3.9/site-packages/airflow/example_dags/example_branch_labels.py took 0.121 seconds
[2025-05-13T21:24:39.218+0000] {processor.py:153} INFO - Started process (PID=2784) to work on /home/airflow/.local/lib/python3.9/site-packages/airflow/example_dags/example_branch_labels.py
[2025-05-13T21:24:39.220+0000] {processor.py:743} INFO - Processing file /home/airflow/.local/lib/python3.9/site-packages/airflow/example_dags/example_branch_labels.py for tasks to queue
[2025-05-13T21:24:39.221+0000] {logging_mixin.py:137} INFO - [2025-05-13T21:24:39.221+0000] {dagbag.py:538} INFO - Filling up the DagBag from /home/airflow/.local/lib/python3.9/site-packages/airflow/example_dags/example_branch_labels.py
[2025-05-13T21:24:39.241+0000] {processor.py:753} INFO - DAG(s) dict_keys(['example_branch_labels']) retrieved from /home/airflow/.local/lib/python3.9/site-packages/airflow/example_dags/example_branch_labels.py
[2025-05-13T21:24:39.290+0000] {logging_mixin.py:137} INFO - [2025-05-13T21:24:39.290+0000] {dag.py:2676} INFO - Sync 1 DAGs
[2025-05-13T21:24:39.317+0000] {logging_mixin.py:137} INFO - [2025-05-13T21:24:39.317+0000] {dag.py:3423} INFO - Setting next_dagrun for example_branch_labels to 2025-05-12T00:00:00+00:00, run_after=2025-05-13T00:00:00+00:00
[2025-05-13T21:24:39.338+0000] {processor.py:175} INFO - Processing /home/airflow/.local/lib/python3.9/site-packages/airflow/example_dags/example_branch_labels.py took 0.124 seconds
[2025-05-13T21:25:09.871+0000] {processor.py:153} INFO - Started process (PID=2988) to work on /home/airflow/.local/lib/python3.9/site-packages/airflow/example_dags/example_branch_labels.py
[2025-05-13T21:25:09.872+0000] {processor.py:743} INFO - Processing file /home/airflow/.local/lib/python3.9/site-packages/airflow/example_dags/example_branch_labels.py for tasks to queue
[2025-05-13T21:25:09.873+0000] {logging_mixin.py:137} INFO - [2025-05-13T21:25:09.872+0000] {dagbag.py:538} INFO - Filling up the DagBag from /home/airflow/.local/lib/python3.9/site-packages/airflow/example_dags/example_branch_labels.py
[2025-05-13T21:25:09.890+0000] {processor.py:753} INFO - DAG(s) dict_keys(['example_branch_labels']) retrieved from /home/airflow/.local/lib/python3.9/site-packages/airflow/example_dags/example_branch_labels.py
[2025-05-13T21:25:09.929+0000] {logging_mixin.py:137} INFO - [2025-05-13T21:25:09.929+0000] {dag.py:2676} INFO - Sync 1 DAGs
[2025-05-13T21:25:09.951+0000] {logging_mixin.py:137} INFO - [2025-05-13T21:25:09.951+0000] {dag.py:3423} INFO - Setting next_dagrun for example_branch_labels to 2025-05-12T00:00:00+00:00, run_after=2025-05-13T00:00:00+00:00
[2025-05-13T21:25:09.967+0000] {processor.py:175} INFO - Processing /home/airflow/.local/lib/python3.9/site-packages/airflow/example_dags/example_branch_labels.py took 0.100 seconds
[2025-05-13T21:25:40.314+0000] {processor.py:153} INFO - Started process (PID=3184) to work on /home/airflow/.local/lib/python3.9/site-packages/airflow/example_dags/example_branch_labels.py
[2025-05-13T21:25:40.315+0000] {processor.py:743} INFO - Processing file /home/airflow/.local/lib/python3.9/site-packages/airflow/example_dags/example_branch_labels.py for tasks to queue
[2025-05-13T21:25:40.316+0000] {logging_mixin.py:137} INFO - [2025-05-13T21:25:40.316+0000] {dagbag.py:538} INFO - Filling up the DagBag from /home/airflow/.local/lib/python3.9/site-packages/airflow/example_dags/example_branch_labels.py
[2025-05-13T21:25:40.336+0000] {processor.py:753} INFO - DAG(s) dict_keys(['example_branch_labels']) retrieved from /home/airflow/.local/lib/python3.9/site-packages/airflow/example_dags/example_branch_labels.py
[2025-05-13T21:25:40.387+0000] {logging_mixin.py:137} INFO - [2025-05-13T21:25:40.387+0000] {dag.py:2676} INFO - Sync 1 DAGs
[2025-05-13T21:25:40.419+0000] {logging_mixin.py:137} INFO - [2025-05-13T21:25:40.419+0000] {dag.py:3423} INFO - Setting next_dagrun for example_branch_labels to 2025-05-12T00:00:00+00:00, run_after=2025-05-13T00:00:00+00:00
[2025-05-13T21:25:40.441+0000] {processor.py:175} INFO - Processing /home/airflow/.local/lib/python3.9/site-packages/airflow/example_dags/example_branch_labels.py took 0.132 seconds
[2025-05-13T21:26:10.915+0000] {processor.py:153} INFO - Started process (PID=3399) to work on /home/airflow/.local/lib/python3.9/site-packages/airflow/example_dags/example_branch_labels.py
[2025-05-13T21:26:10.916+0000] {processor.py:743} INFO - Processing file /home/airflow/.local/lib/python3.9/site-packages/airflow/example_dags/example_branch_labels.py for tasks to queue
[2025-05-13T21:26:10.917+0000] {logging_mixin.py:137} INFO - [2025-05-13T21:26:10.917+0000] {dagbag.py:538} INFO - Filling up the DagBag from /home/airflow/.local/lib/python3.9/site-packages/airflow/example_dags/example_branch_labels.py
[2025-05-13T21:26:10.938+0000] {processor.py:753} INFO - DAG(s) dict_keys(['example_branch_labels']) retrieved from /home/airflow/.local/lib/python3.9/site-packages/airflow/example_dags/example_branch_labels.py
[2025-05-13T21:26:10.987+0000] {logging_mixin.py:137} INFO - [2025-05-13T21:26:10.987+0000] {dag.py:2676} INFO - Sync 1 DAGs
[2025-05-13T21:26:11.018+0000] {logging_mixin.py:137} INFO - [2025-05-13T21:26:11.018+0000] {dag.py:3423} INFO - Setting next_dagrun for example_branch_labels to 2025-05-12T00:00:00+00:00, run_after=2025-05-13T00:00:00+00:00
[2025-05-13T21:26:11.040+0000] {processor.py:175} INFO - Processing /home/airflow/.local/lib/python3.9/site-packages/airflow/example_dags/example_branch_labels.py took 0.129 seconds
[2025-05-13T21:26:41.760+0000] {processor.py:153} INFO - Started process (PID=3603) to work on /home/airflow/.local/lib/python3.9/site-packages/airflow/example_dags/example_branch_labels.py
[2025-05-13T21:26:41.762+0000] {processor.py:743} INFO - Processing file /home/airflow/.local/lib/python3.9/site-packages/airflow/example_dags/example_branch_labels.py for tasks to queue
[2025-05-13T21:26:41.766+0000] {logging_mixin.py:137} INFO - [2025-05-13T21:26:41.765+0000] {dagbag.py:538} INFO - Filling up the DagBag from /home/airflow/.local/lib/python3.9/site-packages/airflow/example_dags/example_branch_labels.py
[2025-05-13T21:26:41.787+0000] {processor.py:753} INFO - DAG(s) dict_keys(['example_branch_labels']) retrieved from /home/airflow/.local/lib/python3.9/site-packages/airflow/example_dags/example_branch_labels.py
[2025-05-13T21:26:41.838+0000] {logging_mixin.py:137} INFO - [2025-05-13T21:26:41.838+0000] {dag.py:2676} INFO - Sync 1 DAGs
[2025-05-13T21:26:41.871+0000] {logging_mixin.py:137} INFO - [2025-05-13T21:26:41.870+0000] {dag.py:3423} INFO - Setting next_dagrun for example_branch_labels to 2025-05-12T00:00:00+00:00, run_after=2025-05-13T00:00:00+00:00
[2025-05-13T21:26:41.895+0000] {processor.py:175} INFO - Processing /home/airflow/.local/lib/python3.9/site-packages/airflow/example_dags/example_branch_labels.py took 0.139 seconds
[2025-05-13T21:27:12.144+0000] {processor.py:153} INFO - Started process (PID=3805) to work on /home/airflow/.local/lib/python3.9/site-packages/airflow/example_dags/example_branch_labels.py
[2025-05-13T21:27:12.145+0000] {processor.py:743} INFO - Processing file /home/airflow/.local/lib/python3.9/site-packages/airflow/example_dags/example_branch_labels.py for tasks to queue
[2025-05-13T21:27:12.147+0000] {logging_mixin.py:137} INFO - [2025-05-13T21:27:12.147+0000] {dagbag.py:538} INFO - Filling up the DagBag from /home/airflow/.local/lib/python3.9/site-packages/airflow/example_dags/example_branch_labels.py
[2025-05-13T21:27:12.173+0000] {processor.py:753} INFO - DAG(s) dict_keys(['example_branch_labels']) retrieved from /home/airflow/.local/lib/python3.9/site-packages/airflow/example_dags/example_branch_labels.py
[2025-05-13T21:27:12.224+0000] {logging_mixin.py:137} INFO - [2025-05-13T21:27:12.224+0000] {dag.py:2676} INFO - Sync 1 DAGs
[2025-05-13T21:27:12.256+0000] {logging_mixin.py:137} INFO - [2025-05-13T21:27:12.256+0000] {dag.py:3423} INFO - Setting next_dagrun for example_branch_labels to 2025-05-12T00:00:00+00:00, run_after=2025-05-13T00:00:00+00:00
[2025-05-13T21:27:12.279+0000] {processor.py:175} INFO - Processing /home/airflow/.local/lib/python3.9/site-packages/airflow/example_dags/example_branch_labels.py took 0.139 seconds
[2025-05-13T21:27:42.937+0000] {processor.py:153} INFO - Started process (PID=4008) to work on /home/airflow/.local/lib/python3.9/site-packages/airflow/example_dags/example_branch_labels.py
[2025-05-13T21:27:42.938+0000] {processor.py:743} INFO - Processing file /home/airflow/.local/lib/python3.9/site-packages/airflow/example_dags/example_branch_labels.py for tasks to queue
[2025-05-13T21:27:42.940+0000] {logging_mixin.py:137} INFO - [2025-05-13T21:27:42.940+0000] {dagbag.py:538} INFO - Filling up the DagBag from /home/airflow/.local/lib/python3.9/site-packages/airflow/example_dags/example_branch_labels.py
[2025-05-13T21:27:42.960+0000] {processor.py:753} INFO - DAG(s) dict_keys(['example_branch_labels']) retrieved from /home/airflow/.local/lib/python3.9/site-packages/airflow/example_dags/example_branch_labels.py
[2025-05-13T21:27:43.015+0000] {logging_mixin.py:137} INFO - [2025-05-13T21:27:43.015+0000] {dag.py:2676} INFO - Sync 1 DAGs
[2025-05-13T21:27:43.048+0000] {logging_mixin.py:137} INFO - [2025-05-13T21:27:43.048+0000] {dag.py:3423} INFO - Setting next_dagrun for example_branch_labels to 2025-05-12T00:00:00+00:00, run_after=2025-05-13T00:00:00+00:00
[2025-05-13T21:27:43.081+0000] {processor.py:175} INFO - Processing /home/airflow/.local/lib/python3.9/site-packages/airflow/example_dags/example_branch_labels.py took 0.148 seconds
[2025-05-13T21:28:13.721+0000] {processor.py:153} INFO - Started process (PID=4212) to work on /home/airflow/.local/lib/python3.9/site-packages/airflow/example_dags/example_branch_labels.py
[2025-05-13T21:28:13.722+0000] {processor.py:743} INFO - Processing file /home/airflow/.local/lib/python3.9/site-packages/airflow/example_dags/example_branch_labels.py for tasks to queue
[2025-05-13T21:28:13.723+0000] {logging_mixin.py:137} INFO - [2025-05-13T21:28:13.723+0000] {dagbag.py:538} INFO - Filling up the DagBag from /home/airflow/.local/lib/python3.9/site-packages/airflow/example_dags/example_branch_labels.py
[2025-05-13T21:28:13.747+0000] {processor.py:753} INFO - DAG(s) dict_keys(['example_branch_labels']) retrieved from /home/airflow/.local/lib/python3.9/site-packages/airflow/example_dags/example_branch_labels.py
[2025-05-13T21:28:13.784+0000] {logging_mixin.py:137} INFO - [2025-05-13T21:28:13.784+0000] {dag.py:2676} INFO - Sync 1 DAGs
[2025-05-13T21:28:13.818+0000] {logging_mixin.py:137} INFO - [2025-05-13T21:28:13.818+0000] {dag.py:3423} INFO - Setting next_dagrun for example_branch_labels to 2025-05-12T00:00:00+00:00, run_after=2025-05-13T00:00:00+00:00
[2025-05-13T21:28:13.840+0000] {processor.py:175} INFO - Processing /home/airflow/.local/lib/python3.9/site-packages/airflow/example_dags/example_branch_labels.py took 0.124 seconds
[2025-05-13T21:28:44.072+0000] {processor.py:153} INFO - Started process (PID=4414) to work on /home/airflow/.local/lib/python3.9/site-packages/airflow/example_dags/example_branch_labels.py
[2025-05-13T21:28:44.073+0000] {processor.py:743} INFO - Processing file /home/airflow/.local/lib/python3.9/site-packages/airflow/example_dags/example_branch_labels.py for tasks to queue
[2025-05-13T21:28:44.074+0000] {logging_mixin.py:137} INFO - [2025-05-13T21:28:44.074+0000] {dagbag.py:538} INFO - Filling up the DagBag from /home/airflow/.local/lib/python3.9/site-packages/airflow/example_dags/example_branch_labels.py
[2025-05-13T21:28:44.094+0000] {processor.py:753} INFO - DAG(s) dict_keys(['example_branch_labels']) retrieved from /home/airflow/.local/lib/python3.9/site-packages/airflow/example_dags/example_branch_labels.py
[2025-05-13T21:28:44.143+0000] {logging_mixin.py:137} INFO - [2025-05-13T21:28:44.143+0000] {dag.py:2676} INFO - Sync 1 DAGs
[2025-05-13T21:28:44.172+0000] {logging_mixin.py:137} INFO - [2025-05-13T21:28:44.172+0000] {dag.py:3423} INFO - Setting next_dagrun for example_branch_labels to 2025-05-12T00:00:00+00:00, run_after=2025-05-13T00:00:00+00:00
[2025-05-13T21:28:44.191+0000] {processor.py:175} INFO - Processing /home/airflow/.local/lib/python3.9/site-packages/airflow/example_dags/example_branch_labels.py took 0.123 seconds
[2025-05-13T21:29:15.048+0000] {processor.py:153} INFO - Started process (PID=4617) to work on /home/airflow/.local/lib/python3.9/site-packages/airflow/example_dags/example_branch_labels.py
[2025-05-13T21:29:15.050+0000] {processor.py:743} INFO - Processing file /home/airflow/.local/lib/python3.9/site-packages/airflow/example_dags/example_branch_labels.py for tasks to queue
[2025-05-13T21:29:15.051+0000] {logging_mixin.py:137} INFO - [2025-05-13T21:29:15.051+0000] {dagbag.py:538} INFO - Filling up the DagBag from /home/airflow/.local/lib/python3.9/site-packages/airflow/example_dags/example_branch_labels.py
[2025-05-13T21:29:15.071+0000] {processor.py:753} INFO - DAG(s) dict_keys(['example_branch_labels']) retrieved from /home/airflow/.local/lib/python3.9/site-packages/airflow/example_dags/example_branch_labels.py
[2025-05-13T21:29:15.128+0000] {logging_mixin.py:137} INFO - [2025-05-13T21:29:15.127+0000] {dag.py:2676} INFO - Sync 1 DAGs
[2025-05-13T21:29:15.197+0000] {logging_mixin.py:137} INFO - [2025-05-13T21:29:15.197+0000] {dag.py:3423} INFO - Setting next_dagrun for example_branch_labels to 2025-05-12T00:00:00+00:00, run_after=2025-05-13T00:00:00+00:00
[2025-05-13T21:29:15.256+0000] {processor.py:175} INFO - Processing /home/airflow/.local/lib/python3.9/site-packages/airflow/example_dags/example_branch_labels.py took 0.212 seconds
[2025-05-13T21:29:46.061+0000] {processor.py:153} INFO - Started process (PID=4821) to work on /home/airflow/.local/lib/python3.9/site-packages/airflow/example_dags/example_branch_labels.py
[2025-05-13T21:29:46.062+0000] {processor.py:743} INFO - Processing file /home/airflow/.local/lib/python3.9/site-packages/airflow/example_dags/example_branch_labels.py for tasks to queue
[2025-05-13T21:29:46.064+0000] {logging_mixin.py:137} INFO - [2025-05-13T21:29:46.063+0000] {dagbag.py:538} INFO - Filling up the DagBag from /home/airflow/.local/lib/python3.9/site-packages/airflow/example_dags/example_branch_labels.py
[2025-05-13T21:29:46.086+0000] {processor.py:753} INFO - DAG(s) dict_keys(['example_branch_labels']) retrieved from /home/airflow/.local/lib/python3.9/site-packages/airflow/example_dags/example_branch_labels.py
[2025-05-13T21:29:46.139+0000] {logging_mixin.py:137} INFO - [2025-05-13T21:29:46.139+0000] {dag.py:2676} INFO - Sync 1 DAGs
[2025-05-13T21:29:46.175+0000] {logging_mixin.py:137} INFO - [2025-05-13T21:29:46.175+0000] {dag.py:3423} INFO - Setting next_dagrun for example_branch_labels to 2025-05-12T00:00:00+00:00, run_after=2025-05-13T00:00:00+00:00
[2025-05-13T21:29:46.201+0000] {processor.py:175} INFO - Processing /home/airflow/.local/lib/python3.9/site-packages/airflow/example_dags/example_branch_labels.py took 0.145 seconds
[2025-05-13T21:30:16.632+0000] {processor.py:153} INFO - Started process (PID=5024) to work on /home/airflow/.local/lib/python3.9/site-packages/airflow/example_dags/example_branch_labels.py
[2025-05-13T21:30:16.634+0000] {processor.py:743} INFO - Processing file /home/airflow/.local/lib/python3.9/site-packages/airflow/example_dags/example_branch_labels.py for tasks to queue
[2025-05-13T21:30:16.635+0000] {logging_mixin.py:137} INFO - [2025-05-13T21:30:16.635+0000] {dagbag.py:538} INFO - Filling up the DagBag from /home/airflow/.local/lib/python3.9/site-packages/airflow/example_dags/example_branch_labels.py
[2025-05-13T21:30:16.656+0000] {processor.py:753} INFO - DAG(s) dict_keys(['example_branch_labels']) retrieved from /home/airflow/.local/lib/python3.9/site-packages/airflow/example_dags/example_branch_labels.py
[2025-05-13T21:30:16.706+0000] {logging_mixin.py:137} INFO - [2025-05-13T21:30:16.706+0000] {dag.py:2676} INFO - Sync 1 DAGs
[2025-05-13T21:30:16.740+0000] {logging_mixin.py:137} INFO - [2025-05-13T21:30:16.739+0000] {dag.py:3423} INFO - Setting next_dagrun for example_branch_labels to 2025-05-12T00:00:00+00:00, run_after=2025-05-13T00:00:00+00:00
[2025-05-13T21:30:16.763+0000] {processor.py:175} INFO - Processing /home/airflow/.local/lib/python3.9/site-packages/airflow/example_dags/example_branch_labels.py took 0.135 seconds
[2025-05-13T21:30:47.685+0000] {processor.py:153} INFO - Started process (PID=5227) to work on /home/airflow/.local/lib/python3.9/site-packages/airflow/example_dags/example_branch_labels.py
[2025-05-13T21:30:47.687+0000] {processor.py:743} INFO - Processing file /home/airflow/.local/lib/python3.9/site-packages/airflow/example_dags/example_branch_labels.py for tasks to queue
[2025-05-13T21:30:47.689+0000] {logging_mixin.py:137} INFO - [2025-05-13T21:30:47.689+0000] {dagbag.py:538} INFO - Filling up the DagBag from /home/airflow/.local/lib/python3.9/site-packages/airflow/example_dags/example_branch_labels.py
[2025-05-13T21:30:47.713+0000] {processor.py:753} INFO - DAG(s) dict_keys(['example_branch_labels']) retrieved from /home/airflow/.local/lib/python3.9/site-packages/airflow/example_dags/example_branch_labels.py
[2025-05-13T21:30:47.774+0000] {logging_mixin.py:137} INFO - [2025-05-13T21:30:47.773+0000] {dag.py:2676} INFO - Sync 1 DAGs
[2025-05-13T21:30:47.812+0000] {logging_mixin.py:137} INFO - [2025-05-13T21:30:47.812+0000] {dag.py:3423} INFO - Setting next_dagrun for example_branch_labels to 2025-05-12T00:00:00+00:00, run_after=2025-05-13T00:00:00+00:00
[2025-05-13T21:30:47.846+0000] {processor.py:175} INFO - Processing /home/airflow/.local/lib/python3.9/site-packages/airflow/example_dags/example_branch_labels.py took 0.166 seconds
[2025-05-13T21:31:17.939+0000] {processor.py:153} INFO - Started process (PID=5427) to work on /home/airflow/.local/lib/python3.9/site-packages/airflow/example_dags/example_branch_labels.py
[2025-05-13T21:31:17.940+0000] {processor.py:743} INFO - Processing file /home/airflow/.local/lib/python3.9/site-packages/airflow/example_dags/example_branch_labels.py for tasks to queue
[2025-05-13T21:31:17.941+0000] {logging_mixin.py:137} INFO - [2025-05-13T21:31:17.941+0000] {dagbag.py:538} INFO - Filling up the DagBag from /home/airflow/.local/lib/python3.9/site-packages/airflow/example_dags/example_branch_labels.py
[2025-05-13T21:31:17.964+0000] {processor.py:753} INFO - DAG(s) dict_keys(['example_branch_labels']) retrieved from /home/airflow/.local/lib/python3.9/site-packages/airflow/example_dags/example_branch_labels.py
[2025-05-13T21:31:18.024+0000] {logging_mixin.py:137} INFO - [2025-05-13T21:31:18.024+0000] {dag.py:2676} INFO - Sync 1 DAGs
[2025-05-13T21:31:18.059+0000] {logging_mixin.py:137} INFO - [2025-05-13T21:31:18.059+0000] {dag.py:3423} INFO - Setting next_dagrun for example_branch_labels to 2025-05-12T00:00:00+00:00, run_after=2025-05-13T00:00:00+00:00
[2025-05-13T21:31:18.084+0000] {processor.py:175} INFO - Processing /home/airflow/.local/lib/python3.9/site-packages/airflow/example_dags/example_branch_labels.py took 0.151 seconds
[2025-05-13T21:31:48.221+0000] {processor.py:153} INFO - Started process (PID=5632) to work on /home/airflow/.local/lib/python3.9/site-packages/airflow/example_dags/example_branch_labels.py
[2025-05-13T21:31:48.222+0000] {processor.py:743} INFO - Processing file /home/airflow/.local/lib/python3.9/site-packages/airflow/example_dags/example_branch_labels.py for tasks to queue
[2025-05-13T21:31:48.223+0000] {logging_mixin.py:137} INFO - [2025-05-13T21:31:48.223+0000] {dagbag.py:538} INFO - Filling up the DagBag from /home/airflow/.local/lib/python3.9/site-packages/airflow/example_dags/example_branch_labels.py
[2025-05-13T21:31:48.243+0000] {processor.py:753} INFO - DAG(s) dict_keys(['example_branch_labels']) retrieved from /home/airflow/.local/lib/python3.9/site-packages/airflow/example_dags/example_branch_labels.py
[2025-05-13T21:31:48.274+0000] {logging_mixin.py:137} INFO - [2025-05-13T21:31:48.273+0000] {dag.py:2676} INFO - Sync 1 DAGs
[2025-05-13T21:31:48.302+0000] {logging_mixin.py:137} INFO - [2025-05-13T21:31:48.302+0000] {dag.py:3423} INFO - Setting next_dagrun for example_branch_labels to 2025-05-12T00:00:00+00:00, run_after=2025-05-13T00:00:00+00:00
[2025-05-13T21:31:48.321+0000] {processor.py:175} INFO - Processing /home/airflow/.local/lib/python3.9/site-packages/airflow/example_dags/example_branch_labels.py took 0.104 seconds
[2025-05-13T21:32:19.158+0000] {processor.py:153} INFO - Started process (PID=5835) to work on /home/airflow/.local/lib/python3.9/site-packages/airflow/example_dags/example_branch_labels.py
[2025-05-13T21:32:19.160+0000] {processor.py:743} INFO - Processing file /home/airflow/.local/lib/python3.9/site-packages/airflow/example_dags/example_branch_labels.py for tasks to queue
[2025-05-13T21:32:19.161+0000] {logging_mixin.py:137} INFO - [2025-05-13T21:32:19.161+0000] {dagbag.py:538} INFO - Filling up the DagBag from /home/airflow/.local/lib/python3.9/site-packages/airflow/example_dags/example_branch_labels.py
[2025-05-13T21:32:19.183+0000] {processor.py:753} INFO - DAG(s) dict_keys(['example_branch_labels']) retrieved from /home/airflow/.local/lib/python3.9/site-packages/airflow/example_dags/example_branch_labels.py
[2025-05-13T21:32:19.236+0000] {logging_mixin.py:137} INFO - [2025-05-13T21:32:19.236+0000] {dag.py:2676} INFO - Sync 1 DAGs
[2025-05-13T21:32:19.266+0000] {logging_mixin.py:137} INFO - [2025-05-13T21:32:19.265+0000] {dag.py:3423} INFO - Setting next_dagrun for example_branch_labels to 2025-05-12T00:00:00+00:00, run_after=2025-05-13T00:00:00+00:00
[2025-05-13T21:32:19.287+0000] {processor.py:175} INFO - Processing /home/airflow/.local/lib/python3.9/site-packages/airflow/example_dags/example_branch_labels.py took 0.133 seconds
[2025-05-13T21:32:49.532+0000] {processor.py:153} INFO - Started process (PID=6036) to work on /home/airflow/.local/lib/python3.9/site-packages/airflow/example_dags/example_branch_labels.py
[2025-05-13T21:32:49.534+0000] {processor.py:743} INFO - Processing file /home/airflow/.local/lib/python3.9/site-packages/airflow/example_dags/example_branch_labels.py for tasks to queue
[2025-05-13T21:32:49.535+0000] {logging_mixin.py:137} INFO - [2025-05-13T21:32:49.535+0000] {dagbag.py:538} INFO - Filling up the DagBag from /home/airflow/.local/lib/python3.9/site-packages/airflow/example_dags/example_branch_labels.py
[2025-05-13T21:32:49.562+0000] {processor.py:753} INFO - DAG(s) dict_keys(['example_branch_labels']) retrieved from /home/airflow/.local/lib/python3.9/site-packages/airflow/example_dags/example_branch_labels.py
[2025-05-13T21:32:49.623+0000] {logging_mixin.py:137} INFO - [2025-05-13T21:32:49.622+0000] {dag.py:2676} INFO - Sync 1 DAGs
[2025-05-13T21:32:49.657+0000] {logging_mixin.py:137} INFO - [2025-05-13T21:32:49.657+0000] {dag.py:3423} INFO - Setting next_dagrun for example_branch_labels to 2025-05-12T00:00:00+00:00, run_after=2025-05-13T00:00:00+00:00
[2025-05-13T21:32:49.680+0000] {processor.py:175} INFO - Processing /home/airflow/.local/lib/python3.9/site-packages/airflow/example_dags/example_branch_labels.py took 0.155 seconds
[2025-05-13T21:33:19.823+0000] {processor.py:153} INFO - Started process (PID=6239) to work on /home/airflow/.local/lib/python3.9/site-packages/airflow/example_dags/example_branch_labels.py
[2025-05-13T21:33:19.824+0000] {processor.py:743} INFO - Processing file /home/airflow/.local/lib/python3.9/site-packages/airflow/example_dags/example_branch_labels.py for tasks to queue
[2025-05-13T21:33:19.825+0000] {logging_mixin.py:137} INFO - [2025-05-13T21:33:19.825+0000] {dagbag.py:538} INFO - Filling up the DagBag from /home/airflow/.local/lib/python3.9/site-packages/airflow/example_dags/example_branch_labels.py
[2025-05-13T21:33:19.847+0000] {processor.py:753} INFO - DAG(s) dict_keys(['example_branch_labels']) retrieved from /home/airflow/.local/lib/python3.9/site-packages/airflow/example_dags/example_branch_labels.py
[2025-05-13T21:33:19.897+0000] {logging_mixin.py:137} INFO - [2025-05-13T21:33:19.897+0000] {dag.py:2676} INFO - Sync 1 DAGs
[2025-05-13T21:33:19.929+0000] {logging_mixin.py:137} INFO - [2025-05-13T21:33:19.929+0000] {dag.py:3423} INFO - Setting next_dagrun for example_branch_labels to 2025-05-12T00:00:00+00:00, run_after=2025-05-13T00:00:00+00:00
[2025-05-13T21:33:19.953+0000] {processor.py:175} INFO - Processing /home/airflow/.local/lib/python3.9/site-packages/airflow/example_dags/example_branch_labels.py took 0.133 seconds
[2025-05-13T21:33:50.322+0000] {processor.py:153} INFO - Started process (PID=6444) to work on /home/airflow/.local/lib/python3.9/site-packages/airflow/example_dags/example_branch_labels.py
[2025-05-13T21:33:50.324+0000] {processor.py:743} INFO - Processing file /home/airflow/.local/lib/python3.9/site-packages/airflow/example_dags/example_branch_labels.py for tasks to queue
[2025-05-13T21:33:50.325+0000] {logging_mixin.py:137} INFO - [2025-05-13T21:33:50.325+0000] {dagbag.py:538} INFO - Filling up the DagBag from /home/airflow/.local/lib/python3.9/site-packages/airflow/example_dags/example_branch_labels.py
[2025-05-13T21:33:50.348+0000] {processor.py:753} INFO - DAG(s) dict_keys(['example_branch_labels']) retrieved from /home/airflow/.local/lib/python3.9/site-packages/airflow/example_dags/example_branch_labels.py
[2025-05-13T21:33:50.400+0000] {logging_mixin.py:137} INFO - [2025-05-13T21:33:50.399+0000] {dag.py:2676} INFO - Sync 1 DAGs
[2025-05-13T21:33:50.435+0000] {logging_mixin.py:137} INFO - [2025-05-13T21:33:50.434+0000] {dag.py:3423} INFO - Setting next_dagrun for example_branch_labels to 2025-05-12T00:00:00+00:00, run_after=2025-05-13T00:00:00+00:00
[2025-05-13T21:33:50.462+0000] {processor.py:175} INFO - Processing /home/airflow/.local/lib/python3.9/site-packages/airflow/example_dags/example_branch_labels.py took 0.145 seconds
[2025-05-13T21:34:21.214+0000] {processor.py:153} INFO - Started process (PID=6647) to work on /home/airflow/.local/lib/python3.9/site-packages/airflow/example_dags/example_branch_labels.py
[2025-05-13T21:34:21.215+0000] {processor.py:743} INFO - Processing file /home/airflow/.local/lib/python3.9/site-packages/airflow/example_dags/example_branch_labels.py for tasks to queue
[2025-05-13T21:34:21.216+0000] {logging_mixin.py:137} INFO - [2025-05-13T21:34:21.216+0000] {dagbag.py:538} INFO - Filling up the DagBag from /home/airflow/.local/lib/python3.9/site-packages/airflow/example_dags/example_branch_labels.py
[2025-05-13T21:34:21.237+0000] {processor.py:753} INFO - DAG(s) dict_keys(['example_branch_labels']) retrieved from /home/airflow/.local/lib/python3.9/site-packages/airflow/example_dags/example_branch_labels.py
[2025-05-13T21:34:21.288+0000] {logging_mixin.py:137} INFO - [2025-05-13T21:34:21.287+0000] {dag.py:2676} INFO - Sync 1 DAGs
[2025-05-13T21:34:21.320+0000] {logging_mixin.py:137} INFO - [2025-05-13T21:34:21.320+0000] {dag.py:3423} INFO - Setting next_dagrun for example_branch_labels to 2025-05-12T00:00:00+00:00, run_after=2025-05-13T00:00:00+00:00
[2025-05-13T21:34:21.343+0000] {processor.py:175} INFO - Processing /home/airflow/.local/lib/python3.9/site-packages/airflow/example_dags/example_branch_labels.py took 0.133 seconds
[2025-05-13T21:34:52.235+0000] {processor.py:153} INFO - Started process (PID=6856) to work on /home/airflow/.local/lib/python3.9/site-packages/airflow/example_dags/example_branch_labels.py
[2025-05-13T21:34:52.236+0000] {processor.py:743} INFO - Processing file /home/airflow/.local/lib/python3.9/site-packages/airflow/example_dags/example_branch_labels.py for tasks to queue
[2025-05-13T21:34:52.238+0000] {logging_mixin.py:137} INFO - [2025-05-13T21:34:52.237+0000] {dagbag.py:538} INFO - Filling up the DagBag from /home/airflow/.local/lib/python3.9/site-packages/airflow/example_dags/example_branch_labels.py
[2025-05-13T21:34:52.260+0000] {processor.py:753} INFO - DAG(s) dict_keys(['example_branch_labels']) retrieved from /home/airflow/.local/lib/python3.9/site-packages/airflow/example_dags/example_branch_labels.py
[2025-05-13T21:34:52.317+0000] {logging_mixin.py:137} INFO - [2025-05-13T21:34:52.316+0000] {dag.py:2676} INFO - Sync 1 DAGs
[2025-05-13T21:34:52.354+0000] {logging_mixin.py:137} INFO - [2025-05-13T21:34:52.354+0000] {dag.py:3423} INFO - Setting next_dagrun for example_branch_labels to 2025-05-12T00:00:00+00:00, run_after=2025-05-13T00:00:00+00:00
[2025-05-13T21:34:52.377+0000] {processor.py:175} INFO - Processing /home/airflow/.local/lib/python3.9/site-packages/airflow/example_dags/example_branch_labels.py took 0.148 seconds
[2025-05-13T21:35:22.794+0000] {processor.py:153} INFO - Started process (PID=7062) to work on /home/airflow/.local/lib/python3.9/site-packages/airflow/example_dags/example_branch_labels.py
[2025-05-13T21:35:22.796+0000] {processor.py:743} INFO - Processing file /home/airflow/.local/lib/python3.9/site-packages/airflow/example_dags/example_branch_labels.py for tasks to queue
[2025-05-13T21:35:22.797+0000] {logging_mixin.py:137} INFO - [2025-05-13T21:35:22.797+0000] {dagbag.py:538} INFO - Filling up the DagBag from /home/airflow/.local/lib/python3.9/site-packages/airflow/example_dags/example_branch_labels.py
[2025-05-13T21:35:22.818+0000] {processor.py:753} INFO - DAG(s) dict_keys(['example_branch_labels']) retrieved from /home/airflow/.local/lib/python3.9/site-packages/airflow/example_dags/example_branch_labels.py
[2025-05-13T21:35:22.867+0000] {logging_mixin.py:137} INFO - [2025-05-13T21:35:22.867+0000] {dag.py:2676} INFO - Sync 1 DAGs
[2025-05-13T21:35:22.896+0000] {logging_mixin.py:137} INFO - [2025-05-13T21:35:22.896+0000] {dag.py:3423} INFO - Setting next_dagrun for example_branch_labels to 2025-05-12T00:00:00+00:00, run_after=2025-05-13T00:00:00+00:00
[2025-05-13T21:35:22.921+0000] {processor.py:175} INFO - Processing /home/airflow/.local/lib/python3.9/site-packages/airflow/example_dags/example_branch_labels.py took 0.130 seconds
[2025-05-13T21:35:54.278+0000] {processor.py:153} INFO - Started process (PID=7265) to work on /home/airflow/.local/lib/python3.9/site-packages/airflow/example_dags/example_branch_labels.py
[2025-05-13T21:35:54.280+0000] {processor.py:743} INFO - Processing file /home/airflow/.local/lib/python3.9/site-packages/airflow/example_dags/example_branch_labels.py for tasks to queue
[2025-05-13T21:35:54.283+0000] {logging_mixin.py:137} INFO - [2025-05-13T21:35:54.283+0000] {dagbag.py:538} INFO - Filling up the DagBag from /home/airflow/.local/lib/python3.9/site-packages/airflow/example_dags/example_branch_labels.py
[2025-05-13T21:35:54.306+0000] {processor.py:753} INFO - DAG(s) dict_keys(['example_branch_labels']) retrieved from /home/airflow/.local/lib/python3.9/site-packages/airflow/example_dags/example_branch_labels.py
[2025-05-13T21:35:54.348+0000] {logging_mixin.py:137} INFO - [2025-05-13T21:35:54.348+0000] {dag.py:2676} INFO - Sync 1 DAGs
[2025-05-13T21:35:54.376+0000] {logging_mixin.py:137} INFO - [2025-05-13T21:35:54.376+0000] {dag.py:3423} INFO - Setting next_dagrun for example_branch_labels to 2025-05-12T00:00:00+00:00, run_after=2025-05-13T00:00:00+00:00
[2025-05-13T21:35:54.394+0000] {processor.py:175} INFO - Processing /home/airflow/.local/lib/python3.9/site-packages/airflow/example_dags/example_branch_labels.py took 0.119 seconds
[2025-05-13T21:36:25.562+0000] {processor.py:153} INFO - Started process (PID=7466) to work on /home/airflow/.local/lib/python3.9/site-packages/airflow/example_dags/example_branch_labels.py
[2025-05-13T21:36:25.564+0000] {processor.py:743} INFO - Processing file /home/airflow/.local/lib/python3.9/site-packages/airflow/example_dags/example_branch_labels.py for tasks to queue
[2025-05-13T21:36:25.566+0000] {logging_mixin.py:137} INFO - [2025-05-13T21:36:25.565+0000] {dagbag.py:538} INFO - Filling up the DagBag from /home/airflow/.local/lib/python3.9/site-packages/airflow/example_dags/example_branch_labels.py
[2025-05-13T21:36:25.603+0000] {processor.py:753} INFO - DAG(s) dict_keys(['example_branch_labels']) retrieved from /home/airflow/.local/lib/python3.9/site-packages/airflow/example_dags/example_branch_labels.py
[2025-05-13T21:36:25.704+0000] {logging_mixin.py:137} INFO - [2025-05-13T21:36:25.704+0000] {dag.py:2676} INFO - Sync 1 DAGs
[2025-05-13T21:36:25.778+0000] {logging_mixin.py:137} INFO - [2025-05-13T21:36:25.777+0000] {dag.py:3423} INFO - Setting next_dagrun for example_branch_labels to 2025-05-12T00:00:00+00:00, run_after=2025-05-13T00:00:00+00:00
[2025-05-13T21:36:25.827+0000] {processor.py:175} INFO - Processing /home/airflow/.local/lib/python3.9/site-packages/airflow/example_dags/example_branch_labels.py took 0.275 seconds
[2025-05-13T21:37:52.833+0000] {processor.py:153} INFO - Started process (PID=362) to work on /home/airflow/.local/lib/python3.9/site-packages/airflow/example_dags/example_branch_labels.py
[2025-05-13T21:37:52.835+0000] {processor.py:743} INFO - Processing file /home/airflow/.local/lib/python3.9/site-packages/airflow/example_dags/example_branch_labels.py for tasks to queue
[2025-05-13T21:37:52.838+0000] {logging_mixin.py:137} INFO - [2025-05-13T21:37:52.838+0000] {dagbag.py:538} INFO - Filling up the DagBag from /home/airflow/.local/lib/python3.9/site-packages/airflow/example_dags/example_branch_labels.py
[2025-05-13T21:37:52.878+0000] {processor.py:753} INFO - DAG(s) dict_keys(['example_branch_labels']) retrieved from /home/airflow/.local/lib/python3.9/site-packages/airflow/example_dags/example_branch_labels.py
[2025-05-13T21:37:52.970+0000] {logging_mixin.py:137} INFO - [2025-05-13T21:37:52.970+0000] {dag.py:2676} INFO - Sync 1 DAGs
[2025-05-13T21:37:53.071+0000] {logging_mixin.py:137} INFO - [2025-05-13T21:37:53.070+0000] {dag.py:3423} INFO - Setting next_dagrun for example_branch_labels to 2025-05-12T00:00:00+00:00, run_after=2025-05-13T00:00:00+00:00
[2025-05-13T21:37:53.112+0000] {processor.py:175} INFO - Processing /home/airflow/.local/lib/python3.9/site-packages/airflow/example_dags/example_branch_labels.py took 0.283 seconds
[2025-05-13T21:38:24.967+0000] {processor.py:153} INFO - Started process (PID=564) to work on /home/airflow/.local/lib/python3.9/site-packages/airflow/example_dags/example_branch_labels.py
[2025-05-13T21:38:24.968+0000] {processor.py:743} INFO - Processing file /home/airflow/.local/lib/python3.9/site-packages/airflow/example_dags/example_branch_labels.py for tasks to queue
[2025-05-13T21:38:24.969+0000] {logging_mixin.py:137} INFO - [2025-05-13T21:38:24.969+0000] {dagbag.py:538} INFO - Filling up the DagBag from /home/airflow/.local/lib/python3.9/site-packages/airflow/example_dags/example_branch_labels.py
[2025-05-13T21:38:24.991+0000] {processor.py:753} INFO - DAG(s) dict_keys(['example_branch_labels']) retrieved from /home/airflow/.local/lib/python3.9/site-packages/airflow/example_dags/example_branch_labels.py
[2025-05-13T21:38:25.048+0000] {logging_mixin.py:137} INFO - [2025-05-13T21:38:25.047+0000] {dag.py:2676} INFO - Sync 1 DAGs
[2025-05-13T21:38:25.079+0000] {logging_mixin.py:137} INFO - [2025-05-13T21:38:25.079+0000] {dag.py:3423} INFO - Setting next_dagrun for example_branch_labels to 2025-05-12T00:00:00+00:00, run_after=2025-05-13T00:00:00+00:00
[2025-05-13T21:38:25.108+0000] {processor.py:175} INFO - Processing /home/airflow/.local/lib/python3.9/site-packages/airflow/example_dags/example_branch_labels.py took 0.146 seconds
[2025-05-13T21:38:55.289+0000] {processor.py:153} INFO - Started process (PID=766) to work on /home/airflow/.local/lib/python3.9/site-packages/airflow/example_dags/example_branch_labels.py
[2025-05-13T21:38:55.291+0000] {processor.py:743} INFO - Processing file /home/airflow/.local/lib/python3.9/site-packages/airflow/example_dags/example_branch_labels.py for tasks to queue
[2025-05-13T21:38:55.292+0000] {logging_mixin.py:137} INFO - [2025-05-13T21:38:55.292+0000] {dagbag.py:538} INFO - Filling up the DagBag from /home/airflow/.local/lib/python3.9/site-packages/airflow/example_dags/example_branch_labels.py
[2025-05-13T21:38:55.316+0000] {processor.py:753} INFO - DAG(s) dict_keys(['example_branch_labels']) retrieved from /home/airflow/.local/lib/python3.9/site-packages/airflow/example_dags/example_branch_labels.py
[2025-05-13T21:38:55.373+0000] {logging_mixin.py:137} INFO - [2025-05-13T21:38:55.372+0000] {dag.py:2676} INFO - Sync 1 DAGs
[2025-05-13T21:38:55.406+0000] {logging_mixin.py:137} INFO - [2025-05-13T21:38:55.405+0000] {dag.py:3423} INFO - Setting next_dagrun for example_branch_labels to 2025-05-12T00:00:00+00:00, run_after=2025-05-13T00:00:00+00:00
[2025-05-13T21:38:55.431+0000] {processor.py:175} INFO - Processing /home/airflow/.local/lib/python3.9/site-packages/airflow/example_dags/example_branch_labels.py took 0.147 seconds
[2025-05-13T21:39:25.686+0000] {processor.py:153} INFO - Started process (PID=963) to work on /home/airflow/.local/lib/python3.9/site-packages/airflow/example_dags/example_branch_labels.py
[2025-05-13T21:39:25.688+0000] {processor.py:743} INFO - Processing file /home/airflow/.local/lib/python3.9/site-packages/airflow/example_dags/example_branch_labels.py for tasks to queue
[2025-05-13T21:39:25.689+0000] {logging_mixin.py:137} INFO - [2025-05-13T21:39:25.689+0000] {dagbag.py:538} INFO - Filling up the DagBag from /home/airflow/.local/lib/python3.9/site-packages/airflow/example_dags/example_branch_labels.py
[2025-05-13T21:39:25.710+0000] {processor.py:753} INFO - DAG(s) dict_keys(['example_branch_labels']) retrieved from /home/airflow/.local/lib/python3.9/site-packages/airflow/example_dags/example_branch_labels.py
[2025-05-13T21:39:25.773+0000] {logging_mixin.py:137} INFO - [2025-05-13T21:39:25.773+0000] {dag.py:2676} INFO - Sync 1 DAGs
[2025-05-13T21:39:25.810+0000] {logging_mixin.py:137} INFO - [2025-05-13T21:39:25.810+0000] {dag.py:3423} INFO - Setting next_dagrun for example_branch_labels to 2025-05-12T00:00:00+00:00, run_after=2025-05-13T00:00:00+00:00
[2025-05-13T21:39:25.859+0000] {processor.py:175} INFO - Processing /home/airflow/.local/lib/python3.9/site-packages/airflow/example_dags/example_branch_labels.py took 0.179 seconds
[2025-05-13T21:39:56.086+0000] {processor.py:153} INFO - Started process (PID=1166) to work on /home/airflow/.local/lib/python3.9/site-packages/airflow/example_dags/example_branch_labels.py
[2025-05-13T21:39:56.087+0000] {processor.py:743} INFO - Processing file /home/airflow/.local/lib/python3.9/site-packages/airflow/example_dags/example_branch_labels.py for tasks to queue
[2025-05-13T21:39:56.088+0000] {logging_mixin.py:137} INFO - [2025-05-13T21:39:56.088+0000] {dagbag.py:538} INFO - Filling up the DagBag from /home/airflow/.local/lib/python3.9/site-packages/airflow/example_dags/example_branch_labels.py
[2025-05-13T21:39:56.110+0000] {processor.py:753} INFO - DAG(s) dict_keys(['example_branch_labels']) retrieved from /home/airflow/.local/lib/python3.9/site-packages/airflow/example_dags/example_branch_labels.py
[2025-05-13T21:39:56.160+0000] {logging_mixin.py:137} INFO - [2025-05-13T21:39:56.160+0000] {dag.py:2676} INFO - Sync 1 DAGs
[2025-05-13T21:39:56.192+0000] {logging_mixin.py:137} INFO - [2025-05-13T21:39:56.191+0000] {dag.py:3423} INFO - Setting next_dagrun for example_branch_labels to 2025-05-12T00:00:00+00:00, run_after=2025-05-13T00:00:00+00:00
[2025-05-13T21:39:56.216+0000] {processor.py:175} INFO - Processing /home/airflow/.local/lib/python3.9/site-packages/airflow/example_dags/example_branch_labels.py took 0.135 seconds
[2025-05-13T21:40:26.337+0000] {processor.py:153} INFO - Started process (PID=1373) to work on /home/airflow/.local/lib/python3.9/site-packages/airflow/example_dags/example_branch_labels.py
[2025-05-13T21:40:26.339+0000] {processor.py:743} INFO - Processing file /home/airflow/.local/lib/python3.9/site-packages/airflow/example_dags/example_branch_labels.py for tasks to queue
[2025-05-13T21:40:26.340+0000] {logging_mixin.py:137} INFO - [2025-05-13T21:40:26.340+0000] {dagbag.py:538} INFO - Filling up the DagBag from /home/airflow/.local/lib/python3.9/site-packages/airflow/example_dags/example_branch_labels.py
[2025-05-13T21:40:26.364+0000] {processor.py:753} INFO - DAG(s) dict_keys(['example_branch_labels']) retrieved from /home/airflow/.local/lib/python3.9/site-packages/airflow/example_dags/example_branch_labels.py
[2025-05-13T21:40:26.424+0000] {logging_mixin.py:137} INFO - [2025-05-13T21:40:26.424+0000] {dag.py:2676} INFO - Sync 1 DAGs
[2025-05-13T21:40:26.461+0000] {logging_mixin.py:137} INFO - [2025-05-13T21:40:26.460+0000] {dag.py:3423} INFO - Setting next_dagrun for example_branch_labels to 2025-05-12T00:00:00+00:00, run_after=2025-05-13T00:00:00+00:00
[2025-05-13T21:40:26.490+0000] {processor.py:175} INFO - Processing /home/airflow/.local/lib/python3.9/site-packages/airflow/example_dags/example_branch_labels.py took 0.157 seconds
[2025-05-13T21:40:56.575+0000] {processor.py:153} INFO - Started process (PID=1576) to work on /home/airflow/.local/lib/python3.9/site-packages/airflow/example_dags/example_branch_labels.py
[2025-05-13T21:40:56.576+0000] {processor.py:743} INFO - Processing file /home/airflow/.local/lib/python3.9/site-packages/airflow/example_dags/example_branch_labels.py for tasks to queue
[2025-05-13T21:40:56.577+0000] {logging_mixin.py:137} INFO - [2025-05-13T21:40:56.577+0000] {dagbag.py:538} INFO - Filling up the DagBag from /home/airflow/.local/lib/python3.9/site-packages/airflow/example_dags/example_branch_labels.py
[2025-05-13T21:40:56.597+0000] {processor.py:753} INFO - DAG(s) dict_keys(['example_branch_labels']) retrieved from /home/airflow/.local/lib/python3.9/site-packages/airflow/example_dags/example_branch_labels.py
[2025-05-13T21:40:56.654+0000] {logging_mixin.py:137} INFO - [2025-05-13T21:40:56.653+0000] {dag.py:2676} INFO - Sync 1 DAGs
[2025-05-13T21:40:56.686+0000] {logging_mixin.py:137} INFO - [2025-05-13T21:40:56.686+0000] {dag.py:3423} INFO - Setting next_dagrun for example_branch_labels to 2025-05-12T00:00:00+00:00, run_after=2025-05-13T00:00:00+00:00
[2025-05-13T21:40:56.712+0000] {processor.py:175} INFO - Processing /home/airflow/.local/lib/python3.9/site-packages/airflow/example_dags/example_branch_labels.py took 0.144 seconds
[2025-05-13T21:41:27.421+0000] {processor.py:153} INFO - Started process (PID=1779) to work on /home/airflow/.local/lib/python3.9/site-packages/airflow/example_dags/example_branch_labels.py
[2025-05-13T21:41:27.422+0000] {processor.py:743} INFO - Processing file /home/airflow/.local/lib/python3.9/site-packages/airflow/example_dags/example_branch_labels.py for tasks to queue
[2025-05-13T21:41:27.424+0000] {logging_mixin.py:137} INFO - [2025-05-13T21:41:27.424+0000] {dagbag.py:538} INFO - Filling up the DagBag from /home/airflow/.local/lib/python3.9/site-packages/airflow/example_dags/example_branch_labels.py
[2025-05-13T21:41:27.447+0000] {processor.py:753} INFO - DAG(s) dict_keys(['example_branch_labels']) retrieved from /home/airflow/.local/lib/python3.9/site-packages/airflow/example_dags/example_branch_labels.py
[2025-05-13T21:41:27.505+0000] {logging_mixin.py:137} INFO - [2025-05-13T21:41:27.505+0000] {dag.py:2676} INFO - Sync 1 DAGs
[2025-05-13T21:41:27.540+0000] {logging_mixin.py:137} INFO - [2025-05-13T21:41:27.540+0000] {dag.py:3423} INFO - Setting next_dagrun for example_branch_labels to 2025-05-12T00:00:00+00:00, run_after=2025-05-13T00:00:00+00:00
[2025-05-13T21:41:27.571+0000] {processor.py:175} INFO - Processing /home/airflow/.local/lib/python3.9/site-packages/airflow/example_dags/example_branch_labels.py took 0.156 seconds
