[2025-05-13T02:45:45.610+0000] {processor.py:153} INFO - Started process (PID=332) to work on /home/airflow/.local/lib/python3.9/site-packages/airflow/example_dags/example_trigger_target_dag.py
[2025-05-13T02:45:45.611+0000] {processor.py:743} INFO - Processing file /home/airflow/.local/lib/python3.9/site-packages/airflow/example_dags/example_trigger_target_dag.py for tasks to queue
[2025-05-13T02:45:45.612+0000] {logging_mixin.py:137} INFO - [2025-05-13T02:45:45.612+0000] {dagbag.py:538} INFO - Filling up the DagBag from /home/airflow/.local/lib/python3.9/site-packages/airflow/example_dags/example_trigger_target_dag.py
[2025-05-13T02:45:45.644+0000] {processor.py:753} INFO - DAG(s) dict_keys(['example_trigger_target_dag']) retrieved from /home/airflow/.local/lib/python3.9/site-packages/airflow/example_dags/example_trigger_target_dag.py
[2025-05-13T02:45:45.816+0000] {logging_mixin.py:137} INFO - [2025-05-13T02:45:45.816+0000] {manager.py:504} INFO - Created Permission View: can delete on DAG:example_trigger_target_dag
[2025-05-13T02:45:45.827+0000] {logging_mixin.py:137} INFO - [2025-05-13T02:45:45.827+0000] {manager.py:504} INFO - Created Permission View: can edit on DAG:example_trigger_target_dag
[2025-05-13T02:45:45.836+0000] {logging_mixin.py:137} INFO - [2025-05-13T02:45:45.836+0000] {manager.py:504} INFO - Created Permission View: can read on DAG:example_trigger_target_dag
[2025-05-13T02:45:45.837+0000] {logging_mixin.py:137} INFO - [2025-05-13T02:45:45.837+0000] {dag.py:2676} INFO - Sync 1 DAGs
[2025-05-13T02:45:45.853+0000] {logging_mixin.py:137} INFO - [2025-05-13T02:45:45.853+0000] {dag.py:2697} INFO - Creating ORM DAG for example_trigger_target_dag
[2025-05-13T02:45:45.867+0000] {logging_mixin.py:137} INFO - [2025-05-13T02:45:45.867+0000] {dag.py:3423} INFO - Setting next_dagrun for example_trigger_target_dag to None, run_after=None
[2025-05-13T02:45:45.891+0000] {processor.py:175} INFO - Processing /home/airflow/.local/lib/python3.9/site-packages/airflow/example_dags/example_trigger_target_dag.py took 0.285 seconds
[2025-05-13T02:46:17.165+0000] {processor.py:153} INFO - Started process (PID=535) to work on /home/airflow/.local/lib/python3.9/site-packages/airflow/example_dags/example_trigger_target_dag.py
[2025-05-13T02:46:17.166+0000] {processor.py:743} INFO - Processing file /home/airflow/.local/lib/python3.9/site-packages/airflow/example_dags/example_trigger_target_dag.py for tasks to queue
[2025-05-13T02:46:17.168+0000] {logging_mixin.py:137} INFO - [2025-05-13T02:46:17.168+0000] {dagbag.py:538} INFO - Filling up the DagBag from /home/airflow/.local/lib/python3.9/site-packages/airflow/example_dags/example_trigger_target_dag.py
[2025-05-13T02:46:17.217+0000] {processor.py:753} INFO - DAG(s) dict_keys(['example_trigger_target_dag']) retrieved from /home/airflow/.local/lib/python3.9/site-packages/airflow/example_dags/example_trigger_target_dag.py
[2025-05-13T02:46:17.271+0000] {logging_mixin.py:137} INFO - [2025-05-13T02:46:17.271+0000] {dag.py:2676} INFO - Sync 1 DAGs
[2025-05-13T02:46:17.303+0000] {logging_mixin.py:137} INFO - [2025-05-13T02:46:17.302+0000] {dag.py:3423} INFO - Setting next_dagrun for example_trigger_target_dag to None, run_after=None
[2025-05-13T02:46:17.327+0000] {processor.py:175} INFO - Processing /home/airflow/.local/lib/python3.9/site-packages/airflow/example_dags/example_trigger_target_dag.py took 0.167 seconds
[2025-05-13T02:46:47.542+0000] {processor.py:153} INFO - Started process (PID=732) to work on /home/airflow/.local/lib/python3.9/site-packages/airflow/example_dags/example_trigger_target_dag.py
[2025-05-13T02:46:47.544+0000] {processor.py:743} INFO - Processing file /home/airflow/.local/lib/python3.9/site-packages/airflow/example_dags/example_trigger_target_dag.py for tasks to queue
[2025-05-13T02:46:47.545+0000] {logging_mixin.py:137} INFO - [2025-05-13T02:46:47.545+0000] {dagbag.py:538} INFO - Filling up the DagBag from /home/airflow/.local/lib/python3.9/site-packages/airflow/example_dags/example_trigger_target_dag.py
[2025-05-13T02:46:47.585+0000] {processor.py:753} INFO - DAG(s) dict_keys(['example_trigger_target_dag']) retrieved from /home/airflow/.local/lib/python3.9/site-packages/airflow/example_dags/example_trigger_target_dag.py
[2025-05-13T02:46:47.640+0000] {logging_mixin.py:137} INFO - [2025-05-13T02:46:47.640+0000] {dag.py:2676} INFO - Sync 1 DAGs
[2025-05-13T02:46:47.672+0000] {logging_mixin.py:137} INFO - [2025-05-13T02:46:47.672+0000] {dag.py:3423} INFO - Setting next_dagrun for example_trigger_target_dag to None, run_after=None
[2025-05-13T02:46:47.697+0000] {processor.py:175} INFO - Processing /home/airflow/.local/lib/python3.9/site-packages/airflow/example_dags/example_trigger_target_dag.py took 0.161 seconds
[2025-05-13T02:47:18.394+0000] {processor.py:153} INFO - Started process (PID=935) to work on /home/airflow/.local/lib/python3.9/site-packages/airflow/example_dags/example_trigger_target_dag.py
[2025-05-13T02:47:18.395+0000] {processor.py:743} INFO - Processing file /home/airflow/.local/lib/python3.9/site-packages/airflow/example_dags/example_trigger_target_dag.py for tasks to queue
[2025-05-13T02:47:18.396+0000] {logging_mixin.py:137} INFO - [2025-05-13T02:47:18.396+0000] {dagbag.py:538} INFO - Filling up the DagBag from /home/airflow/.local/lib/python3.9/site-packages/airflow/example_dags/example_trigger_target_dag.py
[2025-05-13T02:47:18.431+0000] {processor.py:753} INFO - DAG(s) dict_keys(['example_trigger_target_dag']) retrieved from /home/airflow/.local/lib/python3.9/site-packages/airflow/example_dags/example_trigger_target_dag.py
[2025-05-13T02:47:18.493+0000] {logging_mixin.py:137} INFO - [2025-05-13T02:47:18.493+0000] {dag.py:2676} INFO - Sync 1 DAGs
[2025-05-13T02:47:18.526+0000] {logging_mixin.py:137} INFO - [2025-05-13T02:47:18.526+0000] {dag.py:3423} INFO - Setting next_dagrun for example_trigger_target_dag to None, run_after=None
[2025-05-13T02:47:18.552+0000] {processor.py:175} INFO - Processing /home/airflow/.local/lib/python3.9/site-packages/airflow/example_dags/example_trigger_target_dag.py took 0.172 seconds
[2025-05-13T02:47:48.702+0000] {processor.py:153} INFO - Started process (PID=1138) to work on /home/airflow/.local/lib/python3.9/site-packages/airflow/example_dags/example_trigger_target_dag.py
[2025-05-13T02:47:48.703+0000] {processor.py:743} INFO - Processing file /home/airflow/.local/lib/python3.9/site-packages/airflow/example_dags/example_trigger_target_dag.py for tasks to queue
[2025-05-13T02:47:48.704+0000] {logging_mixin.py:137} INFO - [2025-05-13T02:47:48.704+0000] {dagbag.py:538} INFO - Filling up the DagBag from /home/airflow/.local/lib/python3.9/site-packages/airflow/example_dags/example_trigger_target_dag.py
[2025-05-13T02:47:48.737+0000] {processor.py:753} INFO - DAG(s) dict_keys(['example_trigger_target_dag']) retrieved from /home/airflow/.local/lib/python3.9/site-packages/airflow/example_dags/example_trigger_target_dag.py
[2025-05-13T02:47:48.795+0000] {logging_mixin.py:137} INFO - [2025-05-13T02:47:48.795+0000] {dag.py:2676} INFO - Sync 1 DAGs
[2025-05-13T02:47:48.825+0000] {logging_mixin.py:137} INFO - [2025-05-13T02:47:48.825+0000] {dag.py:3423} INFO - Setting next_dagrun for example_trigger_target_dag to None, run_after=None
[2025-05-13T02:47:48.847+0000] {processor.py:175} INFO - Processing /home/airflow/.local/lib/python3.9/site-packages/airflow/example_dags/example_trigger_target_dag.py took 0.150 seconds
[2025-05-13T02:49:33.561+0000] {processor.py:153} INFO - Started process (PID=347) to work on /home/airflow/.local/lib/python3.9/site-packages/airflow/example_dags/example_trigger_target_dag.py
[2025-05-13T02:49:33.563+0000] {processor.py:743} INFO - Processing file /home/airflow/.local/lib/python3.9/site-packages/airflow/example_dags/example_trigger_target_dag.py for tasks to queue
[2025-05-13T02:49:33.565+0000] {logging_mixin.py:137} INFO - [2025-05-13T02:49:33.565+0000] {dagbag.py:538} INFO - Filling up the DagBag from /home/airflow/.local/lib/python3.9/site-packages/airflow/example_dags/example_trigger_target_dag.py
[2025-05-13T02:49:33.644+0000] {processor.py:753} INFO - DAG(s) dict_keys(['example_trigger_target_dag']) retrieved from /home/airflow/.local/lib/python3.9/site-packages/airflow/example_dags/example_trigger_target_dag.py
[2025-05-13T02:49:33.729+0000] {logging_mixin.py:137} INFO - [2025-05-13T02:49:33.729+0000] {dag.py:2676} INFO - Sync 1 DAGs
[2025-05-13T02:49:33.774+0000] {logging_mixin.py:137} INFO - [2025-05-13T02:49:33.774+0000] {dag.py:3423} INFO - Setting next_dagrun for example_trigger_target_dag to None, run_after=None
[2025-05-13T02:49:33.809+0000] {processor.py:175} INFO - Processing /home/airflow/.local/lib/python3.9/site-packages/airflow/example_dags/example_trigger_target_dag.py took 0.262 seconds
[2025-05-13T02:50:04.760+0000] {processor.py:153} INFO - Started process (PID=550) to work on /home/airflow/.local/lib/python3.9/site-packages/airflow/example_dags/example_trigger_target_dag.py
[2025-05-13T02:50:04.761+0000] {processor.py:743} INFO - Processing file /home/airflow/.local/lib/python3.9/site-packages/airflow/example_dags/example_trigger_target_dag.py for tasks to queue
[2025-05-13T02:50:04.762+0000] {logging_mixin.py:137} INFO - [2025-05-13T02:50:04.762+0000] {dagbag.py:538} INFO - Filling up the DagBag from /home/airflow/.local/lib/python3.9/site-packages/airflow/example_dags/example_trigger_target_dag.py
[2025-05-13T02:50:04.791+0000] {processor.py:753} INFO - DAG(s) dict_keys(['example_trigger_target_dag']) retrieved from /home/airflow/.local/lib/python3.9/site-packages/airflow/example_dags/example_trigger_target_dag.py
[2025-05-13T02:50:04.841+0000] {logging_mixin.py:137} INFO - [2025-05-13T02:50:04.841+0000] {dag.py:2676} INFO - Sync 1 DAGs
[2025-05-13T02:50:04.868+0000] {logging_mixin.py:137} INFO - [2025-05-13T02:50:04.868+0000] {dag.py:3423} INFO - Setting next_dagrun for example_trigger_target_dag to None, run_after=None
[2025-05-13T02:50:04.899+0000] {processor.py:175} INFO - Processing /home/airflow/.local/lib/python3.9/site-packages/airflow/example_dags/example_trigger_target_dag.py took 0.143 seconds
[2025-05-13T02:50:35.423+0000] {processor.py:153} INFO - Started process (PID=747) to work on /home/airflow/.local/lib/python3.9/site-packages/airflow/example_dags/example_trigger_target_dag.py
[2025-05-13T02:50:35.425+0000] {processor.py:743} INFO - Processing file /home/airflow/.local/lib/python3.9/site-packages/airflow/example_dags/example_trigger_target_dag.py for tasks to queue
[2025-05-13T02:50:35.426+0000] {logging_mixin.py:137} INFO - [2025-05-13T02:50:35.426+0000] {dagbag.py:538} INFO - Filling up the DagBag from /home/airflow/.local/lib/python3.9/site-packages/airflow/example_dags/example_trigger_target_dag.py
[2025-05-13T02:50:35.462+0000] {processor.py:753} INFO - DAG(s) dict_keys(['example_trigger_target_dag']) retrieved from /home/airflow/.local/lib/python3.9/site-packages/airflow/example_dags/example_trigger_target_dag.py
[2025-05-13T02:50:35.518+0000] {logging_mixin.py:137} INFO - [2025-05-13T02:50:35.518+0000] {dag.py:2676} INFO - Sync 1 DAGs
[2025-05-13T02:50:35.550+0000] {logging_mixin.py:137} INFO - [2025-05-13T02:50:35.550+0000] {dag.py:3423} INFO - Setting next_dagrun for example_trigger_target_dag to None, run_after=None
[2025-05-13T02:50:35.577+0000] {processor.py:175} INFO - Processing /home/airflow/.local/lib/python3.9/site-packages/airflow/example_dags/example_trigger_target_dag.py took 0.158 seconds
[2025-05-13T21:18:30.681+0000] {processor.py:153} INFO - Started process (PID=332) to work on /home/airflow/.local/lib/python3.9/site-packages/airflow/example_dags/example_trigger_target_dag.py
[2025-05-13T21:18:30.683+0000] {processor.py:743} INFO - Processing file /home/airflow/.local/lib/python3.9/site-packages/airflow/example_dags/example_trigger_target_dag.py for tasks to queue
[2025-05-13T21:18:30.684+0000] {logging_mixin.py:137} INFO - [2025-05-13T21:18:30.684+0000] {dagbag.py:538} INFO - Filling up the DagBag from /home/airflow/.local/lib/python3.9/site-packages/airflow/example_dags/example_trigger_target_dag.py
[2025-05-13T21:18:30.717+0000] {processor.py:753} INFO - DAG(s) dict_keys(['example_trigger_target_dag']) retrieved from /home/airflow/.local/lib/python3.9/site-packages/airflow/example_dags/example_trigger_target_dag.py
[2025-05-13T21:18:30.876+0000] {logging_mixin.py:137} INFO - [2025-05-13T21:18:30.876+0000] {manager.py:504} INFO - Created Permission View: can edit on DAG:example_trigger_target_dag
[2025-05-13T21:18:30.886+0000] {logging_mixin.py:137} INFO - [2025-05-13T21:18:30.886+0000] {manager.py:504} INFO - Created Permission View: can delete on DAG:example_trigger_target_dag
[2025-05-13T21:18:30.903+0000] {logging_mixin.py:137} INFO - [2025-05-13T21:18:30.903+0000] {manager.py:504} INFO - Created Permission View: can read on DAG:example_trigger_target_dag
[2025-05-13T21:18:30.904+0000] {logging_mixin.py:137} INFO - [2025-05-13T21:18:30.904+0000] {dag.py:2676} INFO - Sync 1 DAGs
[2025-05-13T21:18:30.921+0000] {logging_mixin.py:137} INFO - [2025-05-13T21:18:30.920+0000] {dag.py:2697} INFO - Creating ORM DAG for example_trigger_target_dag
[2025-05-13T21:18:30.933+0000] {logging_mixin.py:137} INFO - [2025-05-13T21:18:30.932+0000] {dag.py:3423} INFO - Setting next_dagrun for example_trigger_target_dag to None, run_after=None
[2025-05-13T21:18:30.962+0000] {processor.py:175} INFO - Processing /home/airflow/.local/lib/python3.9/site-packages/airflow/example_dags/example_trigger_target_dag.py took 0.285 seconds
[2025-05-13T21:19:01.009+0000] {processor.py:153} INFO - Started process (PID=535) to work on /home/airflow/.local/lib/python3.9/site-packages/airflow/example_dags/example_trigger_target_dag.py
[2025-05-13T21:19:01.010+0000] {processor.py:743} INFO - Processing file /home/airflow/.local/lib/python3.9/site-packages/airflow/example_dags/example_trigger_target_dag.py for tasks to queue
[2025-05-13T21:19:01.011+0000] {logging_mixin.py:137} INFO - [2025-05-13T21:19:01.011+0000] {dagbag.py:538} INFO - Filling up the DagBag from /home/airflow/.local/lib/python3.9/site-packages/airflow/example_dags/example_trigger_target_dag.py
[2025-05-13T21:19:01.036+0000] {processor.py:753} INFO - DAG(s) dict_keys(['example_trigger_target_dag']) retrieved from /home/airflow/.local/lib/python3.9/site-packages/airflow/example_dags/example_trigger_target_dag.py
[2025-05-13T21:19:01.072+0000] {logging_mixin.py:137} INFO - [2025-05-13T21:19:01.072+0000] {dag.py:2676} INFO - Sync 1 DAGs
[2025-05-13T21:19:01.094+0000] {logging_mixin.py:137} INFO - [2025-05-13T21:19:01.094+0000] {dag.py:3423} INFO - Setting next_dagrun for example_trigger_target_dag to None, run_after=None
[2025-05-13T21:19:01.110+0000] {processor.py:175} INFO - Processing /home/airflow/.local/lib/python3.9/site-packages/airflow/example_dags/example_trigger_target_dag.py took 0.104 seconds
[2025-05-13T21:19:31.252+0000] {processor.py:153} INFO - Started process (PID=734) to work on /home/airflow/.local/lib/python3.9/site-packages/airflow/example_dags/example_trigger_target_dag.py
[2025-05-13T21:19:31.254+0000] {processor.py:743} INFO - Processing file /home/airflow/.local/lib/python3.9/site-packages/airflow/example_dags/example_trigger_target_dag.py for tasks to queue
[2025-05-13T21:19:31.255+0000] {logging_mixin.py:137} INFO - [2025-05-13T21:19:31.255+0000] {dagbag.py:538} INFO - Filling up the DagBag from /home/airflow/.local/lib/python3.9/site-packages/airflow/example_dags/example_trigger_target_dag.py
[2025-05-13T21:19:31.295+0000] {processor.py:753} INFO - DAG(s) dict_keys(['example_trigger_target_dag']) retrieved from /home/airflow/.local/lib/python3.9/site-packages/airflow/example_dags/example_trigger_target_dag.py
[2025-05-13T21:19:31.357+0000] {logging_mixin.py:137} INFO - [2025-05-13T21:19:31.357+0000] {dag.py:2676} INFO - Sync 1 DAGs
[2025-05-13T21:19:31.391+0000] {logging_mixin.py:137} INFO - [2025-05-13T21:19:31.390+0000] {dag.py:3423} INFO - Setting next_dagrun for example_trigger_target_dag to None, run_after=None
[2025-05-13T21:19:31.422+0000] {processor.py:175} INFO - Processing /home/airflow/.local/lib/python3.9/site-packages/airflow/example_dags/example_trigger_target_dag.py took 0.176 seconds
[2025-05-13T21:20:02.697+0000] {processor.py:153} INFO - Started process (PID=937) to work on /home/airflow/.local/lib/python3.9/site-packages/airflow/example_dags/example_trigger_target_dag.py
[2025-05-13T21:20:02.701+0000] {processor.py:743} INFO - Processing file /home/airflow/.local/lib/python3.9/site-packages/airflow/example_dags/example_trigger_target_dag.py for tasks to queue
[2025-05-13T21:20:02.705+0000] {logging_mixin.py:137} INFO - [2025-05-13T21:20:02.703+0000] {dagbag.py:538} INFO - Filling up the DagBag from /home/airflow/.local/lib/python3.9/site-packages/airflow/example_dags/example_trigger_target_dag.py
[2025-05-13T21:20:02.834+0000] {processor.py:753} INFO - DAG(s) dict_keys(['example_trigger_target_dag']) retrieved from /home/airflow/.local/lib/python3.9/site-packages/airflow/example_dags/example_trigger_target_dag.py
[2025-05-13T21:20:03.007+0000] {logging_mixin.py:137} INFO - [2025-05-13T21:20:03.005+0000] {dag.py:2676} INFO - Sync 1 DAGs
[2025-05-13T21:20:03.127+0000] {logging_mixin.py:137} INFO - [2025-05-13T21:20:03.127+0000] {dag.py:3423} INFO - Setting next_dagrun for example_trigger_target_dag to None, run_after=None
[2025-05-13T21:20:03.197+0000] {processor.py:175} INFO - Processing /home/airflow/.local/lib/python3.9/site-packages/airflow/example_dags/example_trigger_target_dag.py took 0.523 seconds
[2025-05-13T21:20:33.727+0000] {processor.py:153} INFO - Started process (PID=1140) to work on /home/airflow/.local/lib/python3.9/site-packages/airflow/example_dags/example_trigger_target_dag.py
[2025-05-13T21:20:33.728+0000] {processor.py:743} INFO - Processing file /home/airflow/.local/lib/python3.9/site-packages/airflow/example_dags/example_trigger_target_dag.py for tasks to queue
[2025-05-13T21:20:33.730+0000] {logging_mixin.py:137} INFO - [2025-05-13T21:20:33.729+0000] {dagbag.py:538} INFO - Filling up the DagBag from /home/airflow/.local/lib/python3.9/site-packages/airflow/example_dags/example_trigger_target_dag.py
[2025-05-13T21:20:33.778+0000] {processor.py:753} INFO - DAG(s) dict_keys(['example_trigger_target_dag']) retrieved from /home/airflow/.local/lib/python3.9/site-packages/airflow/example_dags/example_trigger_target_dag.py
[2025-05-13T21:20:33.851+0000] {logging_mixin.py:137} INFO - [2025-05-13T21:20:33.851+0000] {dag.py:2676} INFO - Sync 1 DAGs
[2025-05-13T21:20:33.899+0000] {logging_mixin.py:137} INFO - [2025-05-13T21:20:33.898+0000] {dag.py:3423} INFO - Setting next_dagrun for example_trigger_target_dag to None, run_after=None
[2025-05-13T21:20:33.936+0000] {processor.py:175} INFO - Processing /home/airflow/.local/lib/python3.9/site-packages/airflow/example_dags/example_trigger_target_dag.py took 0.217 seconds
[2025-05-13T21:21:04.098+0000] {processor.py:153} INFO - Started process (PID=1346) to work on /home/airflow/.local/lib/python3.9/site-packages/airflow/example_dags/example_trigger_target_dag.py
[2025-05-13T21:21:04.100+0000] {processor.py:743} INFO - Processing file /home/airflow/.local/lib/python3.9/site-packages/airflow/example_dags/example_trigger_target_dag.py for tasks to queue
[2025-05-13T21:21:04.101+0000] {logging_mixin.py:137} INFO - [2025-05-13T21:21:04.101+0000] {dagbag.py:538} INFO - Filling up the DagBag from /home/airflow/.local/lib/python3.9/site-packages/airflow/example_dags/example_trigger_target_dag.py
[2025-05-13T21:21:04.134+0000] {processor.py:753} INFO - DAG(s) dict_keys(['example_trigger_target_dag']) retrieved from /home/airflow/.local/lib/python3.9/site-packages/airflow/example_dags/example_trigger_target_dag.py
[2025-05-13T21:21:04.187+0000] {logging_mixin.py:137} INFO - [2025-05-13T21:21:04.187+0000] {dag.py:2676} INFO - Sync 1 DAGs
[2025-05-13T21:21:04.226+0000] {logging_mixin.py:137} INFO - [2025-05-13T21:21:04.226+0000] {dag.py:3423} INFO - Setting next_dagrun for example_trigger_target_dag to None, run_after=None
[2025-05-13T21:21:04.262+0000] {processor.py:175} INFO - Processing /home/airflow/.local/lib/python3.9/site-packages/airflow/example_dags/example_trigger_target_dag.py took 0.169 seconds
[2025-05-13T21:21:34.636+0000] {processor.py:153} INFO - Started process (PID=1549) to work on /home/airflow/.local/lib/python3.9/site-packages/airflow/example_dags/example_trigger_target_dag.py
[2025-05-13T21:21:34.638+0000] {processor.py:743} INFO - Processing file /home/airflow/.local/lib/python3.9/site-packages/airflow/example_dags/example_trigger_target_dag.py for tasks to queue
[2025-05-13T21:21:34.639+0000] {logging_mixin.py:137} INFO - [2025-05-13T21:21:34.639+0000] {dagbag.py:538} INFO - Filling up the DagBag from /home/airflow/.local/lib/python3.9/site-packages/airflow/example_dags/example_trigger_target_dag.py
[2025-05-13T21:21:34.670+0000] {processor.py:753} INFO - DAG(s) dict_keys(['example_trigger_target_dag']) retrieved from /home/airflow/.local/lib/python3.9/site-packages/airflow/example_dags/example_trigger_target_dag.py
[2025-05-13T21:21:34.724+0000] {logging_mixin.py:137} INFO - [2025-05-13T21:21:34.724+0000] {dag.py:2676} INFO - Sync 1 DAGs
[2025-05-13T21:21:34.755+0000] {logging_mixin.py:137} INFO - [2025-05-13T21:21:34.755+0000] {dag.py:3423} INFO - Setting next_dagrun for example_trigger_target_dag to None, run_after=None
[2025-05-13T21:21:34.778+0000] {processor.py:175} INFO - Processing /home/airflow/.local/lib/python3.9/site-packages/airflow/example_dags/example_trigger_target_dag.py took 0.148 seconds
[2025-05-13T21:22:05.295+0000] {processor.py:153} INFO - Started process (PID=1752) to work on /home/airflow/.local/lib/python3.9/site-packages/airflow/example_dags/example_trigger_target_dag.py
[2025-05-13T21:22:05.298+0000] {processor.py:743} INFO - Processing file /home/airflow/.local/lib/python3.9/site-packages/airflow/example_dags/example_trigger_target_dag.py for tasks to queue
[2025-05-13T21:22:05.299+0000] {logging_mixin.py:137} INFO - [2025-05-13T21:22:05.299+0000] {dagbag.py:538} INFO - Filling up the DagBag from /home/airflow/.local/lib/python3.9/site-packages/airflow/example_dags/example_trigger_target_dag.py
[2025-05-13T21:22:05.329+0000] {processor.py:753} INFO - DAG(s) dict_keys(['example_trigger_target_dag']) retrieved from /home/airflow/.local/lib/python3.9/site-packages/airflow/example_dags/example_trigger_target_dag.py
[2025-05-13T21:22:05.429+0000] {logging_mixin.py:137} INFO - [2025-05-13T21:22:05.429+0000] {dag.py:2676} INFO - Sync 1 DAGs
[2025-05-13T21:22:05.459+0000] {logging_mixin.py:137} INFO - [2025-05-13T21:22:05.459+0000] {dag.py:3423} INFO - Setting next_dagrun for example_trigger_target_dag to None, run_after=None
[2025-05-13T21:22:05.489+0000] {processor.py:175} INFO - Processing /home/airflow/.local/lib/python3.9/site-packages/airflow/example_dags/example_trigger_target_dag.py took 0.199 seconds
[2025-05-13T21:22:35.664+0000] {processor.py:153} INFO - Started process (PID=1955) to work on /home/airflow/.local/lib/python3.9/site-packages/airflow/example_dags/example_trigger_target_dag.py
[2025-05-13T21:22:35.665+0000] {processor.py:743} INFO - Processing file /home/airflow/.local/lib/python3.9/site-packages/airflow/example_dags/example_trigger_target_dag.py for tasks to queue
[2025-05-13T21:22:35.666+0000] {logging_mixin.py:137} INFO - [2025-05-13T21:22:35.666+0000] {dagbag.py:538} INFO - Filling up the DagBag from /home/airflow/.local/lib/python3.9/site-packages/airflow/example_dags/example_trigger_target_dag.py
[2025-05-13T21:22:35.697+0000] {processor.py:753} INFO - DAG(s) dict_keys(['example_trigger_target_dag']) retrieved from /home/airflow/.local/lib/python3.9/site-packages/airflow/example_dags/example_trigger_target_dag.py
[2025-05-13T21:22:35.749+0000] {logging_mixin.py:137} INFO - [2025-05-13T21:22:35.749+0000] {dag.py:2676} INFO - Sync 1 DAGs
[2025-05-13T21:22:35.778+0000] {logging_mixin.py:137} INFO - [2025-05-13T21:22:35.778+0000] {dag.py:3423} INFO - Setting next_dagrun for example_trigger_target_dag to None, run_after=None
[2025-05-13T21:22:35.801+0000] {processor.py:175} INFO - Processing /home/airflow/.local/lib/python3.9/site-packages/airflow/example_dags/example_trigger_target_dag.py took 0.142 seconds
[2025-05-13T21:23:06.140+0000] {processor.py:153} INFO - Started process (PID=2158) to work on /home/airflow/.local/lib/python3.9/site-packages/airflow/example_dags/example_trigger_target_dag.py
[2025-05-13T21:23:06.141+0000] {processor.py:743} INFO - Processing file /home/airflow/.local/lib/python3.9/site-packages/airflow/example_dags/example_trigger_target_dag.py for tasks to queue
[2025-05-13T21:23:06.143+0000] {logging_mixin.py:137} INFO - [2025-05-13T21:23:06.143+0000] {dagbag.py:538} INFO - Filling up the DagBag from /home/airflow/.local/lib/python3.9/site-packages/airflow/example_dags/example_trigger_target_dag.py
[2025-05-13T21:23:06.179+0000] {processor.py:753} INFO - DAG(s) dict_keys(['example_trigger_target_dag']) retrieved from /home/airflow/.local/lib/python3.9/site-packages/airflow/example_dags/example_trigger_target_dag.py
[2025-05-13T21:23:06.273+0000] {logging_mixin.py:137} INFO - [2025-05-13T21:23:06.273+0000] {dag.py:2676} INFO - Sync 1 DAGs
[2025-05-13T21:23:06.308+0000] {logging_mixin.py:137} INFO - [2025-05-13T21:23:06.307+0000] {dag.py:3423} INFO - Setting next_dagrun for example_trigger_target_dag to None, run_after=None
[2025-05-13T21:23:06.349+0000] {processor.py:175} INFO - Processing /home/airflow/.local/lib/python3.9/site-packages/airflow/example_dags/example_trigger_target_dag.py took 0.213 seconds
[2025-05-13T21:23:36.704+0000] {processor.py:153} INFO - Started process (PID=2361) to work on /home/airflow/.local/lib/python3.9/site-packages/airflow/example_dags/example_trigger_target_dag.py
[2025-05-13T21:23:36.705+0000] {processor.py:743} INFO - Processing file /home/airflow/.local/lib/python3.9/site-packages/airflow/example_dags/example_trigger_target_dag.py for tasks to queue
[2025-05-13T21:23:36.706+0000] {logging_mixin.py:137} INFO - [2025-05-13T21:23:36.706+0000] {dagbag.py:538} INFO - Filling up the DagBag from /home/airflow/.local/lib/python3.9/site-packages/airflow/example_dags/example_trigger_target_dag.py
[2025-05-13T21:23:36.737+0000] {processor.py:753} INFO - DAG(s) dict_keys(['example_trigger_target_dag']) retrieved from /home/airflow/.local/lib/python3.9/site-packages/airflow/example_dags/example_trigger_target_dag.py
[2025-05-13T21:23:36.796+0000] {logging_mixin.py:137} INFO - [2025-05-13T21:23:36.796+0000] {dag.py:2676} INFO - Sync 1 DAGs
[2025-05-13T21:23:36.832+0000] {logging_mixin.py:137} INFO - [2025-05-13T21:23:36.832+0000] {dag.py:3423} INFO - Setting next_dagrun for example_trigger_target_dag to None, run_after=None
[2025-05-13T21:23:36.859+0000] {processor.py:175} INFO - Processing /home/airflow/.local/lib/python3.9/site-packages/airflow/example_dags/example_trigger_target_dag.py took 0.159 seconds
[2025-05-13T21:24:07.307+0000] {processor.py:153} INFO - Started process (PID=2564) to work on /home/airflow/.local/lib/python3.9/site-packages/airflow/example_dags/example_trigger_target_dag.py
[2025-05-13T21:24:07.308+0000] {processor.py:743} INFO - Processing file /home/airflow/.local/lib/python3.9/site-packages/airflow/example_dags/example_trigger_target_dag.py for tasks to queue
[2025-05-13T21:24:07.309+0000] {logging_mixin.py:137} INFO - [2025-05-13T21:24:07.309+0000] {dagbag.py:538} INFO - Filling up the DagBag from /home/airflow/.local/lib/python3.9/site-packages/airflow/example_dags/example_trigger_target_dag.py
[2025-05-13T21:24:07.338+0000] {processor.py:753} INFO - DAG(s) dict_keys(['example_trigger_target_dag']) retrieved from /home/airflow/.local/lib/python3.9/site-packages/airflow/example_dags/example_trigger_target_dag.py
[2025-05-13T21:24:07.385+0000] {logging_mixin.py:137} INFO - [2025-05-13T21:24:07.385+0000] {dag.py:2676} INFO - Sync 1 DAGs
[2025-05-13T21:24:07.410+0000] {logging_mixin.py:137} INFO - [2025-05-13T21:24:07.410+0000] {dag.py:3423} INFO - Setting next_dagrun for example_trigger_target_dag to None, run_after=None
[2025-05-13T21:24:07.431+0000] {processor.py:175} INFO - Processing /home/airflow/.local/lib/python3.9/site-packages/airflow/example_dags/example_trigger_target_dag.py took 0.129 seconds
[2025-05-13T21:24:37.851+0000] {processor.py:153} INFO - Started process (PID=2765) to work on /home/airflow/.local/lib/python3.9/site-packages/airflow/example_dags/example_trigger_target_dag.py
[2025-05-13T21:24:37.852+0000] {processor.py:743} INFO - Processing file /home/airflow/.local/lib/python3.9/site-packages/airflow/example_dags/example_trigger_target_dag.py for tasks to queue
[2025-05-13T21:24:37.854+0000] {logging_mixin.py:137} INFO - [2025-05-13T21:24:37.853+0000] {dagbag.py:538} INFO - Filling up the DagBag from /home/airflow/.local/lib/python3.9/site-packages/airflow/example_dags/example_trigger_target_dag.py
[2025-05-13T21:24:37.884+0000] {processor.py:753} INFO - DAG(s) dict_keys(['example_trigger_target_dag']) retrieved from /home/airflow/.local/lib/python3.9/site-packages/airflow/example_dags/example_trigger_target_dag.py
[2025-05-13T21:24:37.936+0000] {logging_mixin.py:137} INFO - [2025-05-13T21:24:37.936+0000] {dag.py:2676} INFO - Sync 1 DAGs
[2025-05-13T21:24:37.966+0000] {logging_mixin.py:137} INFO - [2025-05-13T21:24:37.965+0000] {dag.py:3423} INFO - Setting next_dagrun for example_trigger_target_dag to None, run_after=None
[2025-05-13T21:24:37.988+0000] {processor.py:175} INFO - Processing /home/airflow/.local/lib/python3.9/site-packages/airflow/example_dags/example_trigger_target_dag.py took 0.142 seconds
[2025-05-13T21:25:08.451+0000] {processor.py:153} INFO - Started process (PID=2968) to work on /home/airflow/.local/lib/python3.9/site-packages/airflow/example_dags/example_trigger_target_dag.py
[2025-05-13T21:25:08.452+0000] {processor.py:743} INFO - Processing file /home/airflow/.local/lib/python3.9/site-packages/airflow/example_dags/example_trigger_target_dag.py for tasks to queue
[2025-05-13T21:25:08.453+0000] {logging_mixin.py:137} INFO - [2025-05-13T21:25:08.453+0000] {dagbag.py:538} INFO - Filling up the DagBag from /home/airflow/.local/lib/python3.9/site-packages/airflow/example_dags/example_trigger_target_dag.py
[2025-05-13T21:25:08.484+0000] {processor.py:753} INFO - DAG(s) dict_keys(['example_trigger_target_dag']) retrieved from /home/airflow/.local/lib/python3.9/site-packages/airflow/example_dags/example_trigger_target_dag.py
[2025-05-13T21:25:08.534+0000] {logging_mixin.py:137} INFO - [2025-05-13T21:25:08.534+0000] {dag.py:2676} INFO - Sync 1 DAGs
[2025-05-13T21:25:08.564+0000] {logging_mixin.py:137} INFO - [2025-05-13T21:25:08.563+0000] {dag.py:3423} INFO - Setting next_dagrun for example_trigger_target_dag to None, run_after=None
[2025-05-13T21:25:08.586+0000] {processor.py:175} INFO - Processing /home/airflow/.local/lib/python3.9/site-packages/airflow/example_dags/example_trigger_target_dag.py took 0.141 seconds
[2025-05-13T21:25:39.128+0000] {processor.py:153} INFO - Started process (PID=3167) to work on /home/airflow/.local/lib/python3.9/site-packages/airflow/example_dags/example_trigger_target_dag.py
[2025-05-13T21:25:39.129+0000] {processor.py:743} INFO - Processing file /home/airflow/.local/lib/python3.9/site-packages/airflow/example_dags/example_trigger_target_dag.py for tasks to queue
[2025-05-13T21:25:39.130+0000] {logging_mixin.py:137} INFO - [2025-05-13T21:25:39.130+0000] {dagbag.py:538} INFO - Filling up the DagBag from /home/airflow/.local/lib/python3.9/site-packages/airflow/example_dags/example_trigger_target_dag.py
[2025-05-13T21:25:39.162+0000] {processor.py:753} INFO - DAG(s) dict_keys(['example_trigger_target_dag']) retrieved from /home/airflow/.local/lib/python3.9/site-packages/airflow/example_dags/example_trigger_target_dag.py
[2025-05-13T21:25:39.214+0000] {logging_mixin.py:137} INFO - [2025-05-13T21:25:39.214+0000] {dag.py:2676} INFO - Sync 1 DAGs
[2025-05-13T21:25:39.245+0000] {logging_mixin.py:137} INFO - [2025-05-13T21:25:39.245+0000] {dag.py:3423} INFO - Setting next_dagrun for example_trigger_target_dag to None, run_after=None
[2025-05-13T21:25:39.268+0000] {processor.py:175} INFO - Processing /home/airflow/.local/lib/python3.9/site-packages/airflow/example_dags/example_trigger_target_dag.py took 0.145 seconds
[2025-05-13T21:26:09.584+0000] {processor.py:153} INFO - Started process (PID=3380) to work on /home/airflow/.local/lib/python3.9/site-packages/airflow/example_dags/example_trigger_target_dag.py
[2025-05-13T21:26:09.586+0000] {processor.py:743} INFO - Processing file /home/airflow/.local/lib/python3.9/site-packages/airflow/example_dags/example_trigger_target_dag.py for tasks to queue
[2025-05-13T21:26:09.587+0000] {logging_mixin.py:137} INFO - [2025-05-13T21:26:09.587+0000] {dagbag.py:538} INFO - Filling up the DagBag from /home/airflow/.local/lib/python3.9/site-packages/airflow/example_dags/example_trigger_target_dag.py
[2025-05-13T21:26:09.618+0000] {processor.py:753} INFO - DAG(s) dict_keys(['example_trigger_target_dag']) retrieved from /home/airflow/.local/lib/python3.9/site-packages/airflow/example_dags/example_trigger_target_dag.py
[2025-05-13T21:26:09.671+0000] {logging_mixin.py:137} INFO - [2025-05-13T21:26:09.670+0000] {dag.py:2676} INFO - Sync 1 DAGs
[2025-05-13T21:26:09.700+0000] {logging_mixin.py:137} INFO - [2025-05-13T21:26:09.700+0000] {dag.py:3423} INFO - Setting next_dagrun for example_trigger_target_dag to None, run_after=None
[2025-05-13T21:26:09.724+0000] {processor.py:175} INFO - Processing /home/airflow/.local/lib/python3.9/site-packages/airflow/example_dags/example_trigger_target_dag.py took 0.144 seconds
[2025-05-13T21:26:40.422+0000] {processor.py:153} INFO - Started process (PID=3582) to work on /home/airflow/.local/lib/python3.9/site-packages/airflow/example_dags/example_trigger_target_dag.py
[2025-05-13T21:26:40.424+0000] {processor.py:743} INFO - Processing file /home/airflow/.local/lib/python3.9/site-packages/airflow/example_dags/example_trigger_target_dag.py for tasks to queue
[2025-05-13T21:26:40.425+0000] {logging_mixin.py:137} INFO - [2025-05-13T21:26:40.425+0000] {dagbag.py:538} INFO - Filling up the DagBag from /home/airflow/.local/lib/python3.9/site-packages/airflow/example_dags/example_trigger_target_dag.py
[2025-05-13T21:26:40.458+0000] {processor.py:753} INFO - DAG(s) dict_keys(['example_trigger_target_dag']) retrieved from /home/airflow/.local/lib/python3.9/site-packages/airflow/example_dags/example_trigger_target_dag.py
[2025-05-13T21:26:40.513+0000] {logging_mixin.py:137} INFO - [2025-05-13T21:26:40.513+0000] {dag.py:2676} INFO - Sync 1 DAGs
[2025-05-13T21:26:40.544+0000] {logging_mixin.py:137} INFO - [2025-05-13T21:26:40.544+0000] {dag.py:3423} INFO - Setting next_dagrun for example_trigger_target_dag to None, run_after=None
[2025-05-13T21:26:40.568+0000] {processor.py:175} INFO - Processing /home/airflow/.local/lib/python3.9/site-packages/airflow/example_dags/example_trigger_target_dag.py took 0.150 seconds
[2025-05-13T21:27:10.810+0000] {processor.py:153} INFO - Started process (PID=3788) to work on /home/airflow/.local/lib/python3.9/site-packages/airflow/example_dags/example_trigger_target_dag.py
[2025-05-13T21:27:10.811+0000] {processor.py:743} INFO - Processing file /home/airflow/.local/lib/python3.9/site-packages/airflow/example_dags/example_trigger_target_dag.py for tasks to queue
[2025-05-13T21:27:10.812+0000] {logging_mixin.py:137} INFO - [2025-05-13T21:27:10.812+0000] {dagbag.py:538} INFO - Filling up the DagBag from /home/airflow/.local/lib/python3.9/site-packages/airflow/example_dags/example_trigger_target_dag.py
[2025-05-13T21:27:10.843+0000] {processor.py:753} INFO - DAG(s) dict_keys(['example_trigger_target_dag']) retrieved from /home/airflow/.local/lib/python3.9/site-packages/airflow/example_dags/example_trigger_target_dag.py
[2025-05-13T21:27:10.891+0000] {logging_mixin.py:137} INFO - [2025-05-13T21:27:10.890+0000] {dag.py:2676} INFO - Sync 1 DAGs
[2025-05-13T21:27:10.919+0000] {logging_mixin.py:137} INFO - [2025-05-13T21:27:10.919+0000] {dag.py:3423} INFO - Setting next_dagrun for example_trigger_target_dag to None, run_after=None
[2025-05-13T21:27:10.943+0000] {processor.py:175} INFO - Processing /home/airflow/.local/lib/python3.9/site-packages/airflow/example_dags/example_trigger_target_dag.py took 0.137 seconds
[2025-05-13T21:27:41.461+0000] {processor.py:153} INFO - Started process (PID=3991) to work on /home/airflow/.local/lib/python3.9/site-packages/airflow/example_dags/example_trigger_target_dag.py
[2025-05-13T21:27:41.462+0000] {processor.py:743} INFO - Processing file /home/airflow/.local/lib/python3.9/site-packages/airflow/example_dags/example_trigger_target_dag.py for tasks to queue
[2025-05-13T21:27:41.464+0000] {logging_mixin.py:137} INFO - [2025-05-13T21:27:41.463+0000] {dagbag.py:538} INFO - Filling up the DagBag from /home/airflow/.local/lib/python3.9/site-packages/airflow/example_dags/example_trigger_target_dag.py
[2025-05-13T21:27:41.504+0000] {processor.py:753} INFO - DAG(s) dict_keys(['example_trigger_target_dag']) retrieved from /home/airflow/.local/lib/python3.9/site-packages/airflow/example_dags/example_trigger_target_dag.py
[2025-05-13T21:27:41.570+0000] {logging_mixin.py:137} INFO - [2025-05-13T21:27:41.569+0000] {dag.py:2676} INFO - Sync 1 DAGs
[2025-05-13T21:27:41.605+0000] {logging_mixin.py:137} INFO - [2025-05-13T21:27:41.605+0000] {dag.py:3423} INFO - Setting next_dagrun for example_trigger_target_dag to None, run_after=None
[2025-05-13T21:27:41.638+0000] {processor.py:175} INFO - Processing /home/airflow/.local/lib/python3.9/site-packages/airflow/example_dags/example_trigger_target_dag.py took 0.181 seconds
[2025-05-13T21:28:12.367+0000] {processor.py:153} INFO - Started process (PID=4194) to work on /home/airflow/.local/lib/python3.9/site-packages/airflow/example_dags/example_trigger_target_dag.py
[2025-05-13T21:28:12.369+0000] {processor.py:743} INFO - Processing file /home/airflow/.local/lib/python3.9/site-packages/airflow/example_dags/example_trigger_target_dag.py for tasks to queue
[2025-05-13T21:28:12.370+0000] {logging_mixin.py:137} INFO - [2025-05-13T21:28:12.370+0000] {dagbag.py:538} INFO - Filling up the DagBag from /home/airflow/.local/lib/python3.9/site-packages/airflow/example_dags/example_trigger_target_dag.py
[2025-05-13T21:28:12.418+0000] {processor.py:753} INFO - DAG(s) dict_keys(['example_trigger_target_dag']) retrieved from /home/airflow/.local/lib/python3.9/site-packages/airflow/example_dags/example_trigger_target_dag.py
[2025-05-13T21:28:12.465+0000] {logging_mixin.py:137} INFO - [2025-05-13T21:28:12.465+0000] {dag.py:2676} INFO - Sync 1 DAGs
[2025-05-13T21:28:12.507+0000] {logging_mixin.py:137} INFO - [2025-05-13T21:28:12.507+0000] {dag.py:3423} INFO - Setting next_dagrun for example_trigger_target_dag to None, run_after=None
[2025-05-13T21:28:12.660+0000] {processor.py:175} INFO - Processing /home/airflow/.local/lib/python3.9/site-packages/airflow/example_dags/example_trigger_target_dag.py took 0.300 seconds
[2025-05-13T21:28:42.766+0000] {processor.py:153} INFO - Started process (PID=4394) to work on /home/airflow/.local/lib/python3.9/site-packages/airflow/example_dags/example_trigger_target_dag.py
[2025-05-13T21:28:42.767+0000] {processor.py:743} INFO - Processing file /home/airflow/.local/lib/python3.9/site-packages/airflow/example_dags/example_trigger_target_dag.py for tasks to queue
[2025-05-13T21:28:42.768+0000] {logging_mixin.py:137} INFO - [2025-05-13T21:28:42.767+0000] {dagbag.py:538} INFO - Filling up the DagBag from /home/airflow/.local/lib/python3.9/site-packages/airflow/example_dags/example_trigger_target_dag.py
[2025-05-13T21:28:42.795+0000] {processor.py:753} INFO - DAG(s) dict_keys(['example_trigger_target_dag']) retrieved from /home/airflow/.local/lib/python3.9/site-packages/airflow/example_dags/example_trigger_target_dag.py
[2025-05-13T21:28:42.842+0000] {logging_mixin.py:137} INFO - [2025-05-13T21:28:42.841+0000] {dag.py:2676} INFO - Sync 1 DAGs
[2025-05-13T21:28:42.869+0000] {logging_mixin.py:137} INFO - [2025-05-13T21:28:42.869+0000] {dag.py:3423} INFO - Setting next_dagrun for example_trigger_target_dag to None, run_after=None
[2025-05-13T21:28:42.893+0000] {processor.py:175} INFO - Processing /home/airflow/.local/lib/python3.9/site-packages/airflow/example_dags/example_trigger_target_dag.py took 0.131 seconds
[2025-05-13T21:29:13.711+0000] {processor.py:153} INFO - Started process (PID=4598) to work on /home/airflow/.local/lib/python3.9/site-packages/airflow/example_dags/example_trigger_target_dag.py
[2025-05-13T21:29:13.714+0000] {processor.py:743} INFO - Processing file /home/airflow/.local/lib/python3.9/site-packages/airflow/example_dags/example_trigger_target_dag.py for tasks to queue
[2025-05-13T21:29:13.716+0000] {logging_mixin.py:137} INFO - [2025-05-13T21:29:13.716+0000] {dagbag.py:538} INFO - Filling up the DagBag from /home/airflow/.local/lib/python3.9/site-packages/airflow/example_dags/example_trigger_target_dag.py
[2025-05-13T21:29:13.751+0000] {processor.py:753} INFO - DAG(s) dict_keys(['example_trigger_target_dag']) retrieved from /home/airflow/.local/lib/python3.9/site-packages/airflow/example_dags/example_trigger_target_dag.py
[2025-05-13T21:29:13.803+0000] {logging_mixin.py:137} INFO - [2025-05-13T21:29:13.803+0000] {dag.py:2676} INFO - Sync 1 DAGs
[2025-05-13T21:29:13.836+0000] {logging_mixin.py:137} INFO - [2025-05-13T21:29:13.836+0000] {dag.py:3423} INFO - Setting next_dagrun for example_trigger_target_dag to None, run_after=None
[2025-05-13T21:29:13.858+0000] {processor.py:175} INFO - Processing /home/airflow/.local/lib/python3.9/site-packages/airflow/example_dags/example_trigger_target_dag.py took 0.158 seconds
[2025-05-13T21:29:44.729+0000] {processor.py:153} INFO - Started process (PID=4800) to work on /home/airflow/.local/lib/python3.9/site-packages/airflow/example_dags/example_trigger_target_dag.py
[2025-05-13T21:29:44.730+0000] {processor.py:743} INFO - Processing file /home/airflow/.local/lib/python3.9/site-packages/airflow/example_dags/example_trigger_target_dag.py for tasks to queue
[2025-05-13T21:29:44.731+0000] {logging_mixin.py:137} INFO - [2025-05-13T21:29:44.731+0000] {dagbag.py:538} INFO - Filling up the DagBag from /home/airflow/.local/lib/python3.9/site-packages/airflow/example_dags/example_trigger_target_dag.py
[2025-05-13T21:29:44.766+0000] {processor.py:753} INFO - DAG(s) dict_keys(['example_trigger_target_dag']) retrieved from /home/airflow/.local/lib/python3.9/site-packages/airflow/example_dags/example_trigger_target_dag.py
[2025-05-13T21:29:44.814+0000] {logging_mixin.py:137} INFO - [2025-05-13T21:29:44.814+0000] {dag.py:2676} INFO - Sync 1 DAGs
[2025-05-13T21:29:44.843+0000] {logging_mixin.py:137} INFO - [2025-05-13T21:29:44.843+0000] {dag.py:3423} INFO - Setting next_dagrun for example_trigger_target_dag to None, run_after=None
[2025-05-13T21:29:44.868+0000] {processor.py:175} INFO - Processing /home/airflow/.local/lib/python3.9/site-packages/airflow/example_dags/example_trigger_target_dag.py took 0.143 seconds
[2025-05-13T21:30:15.937+0000] {processor.py:153} INFO - Started process (PID=5004) to work on /home/airflow/.local/lib/python3.9/site-packages/airflow/example_dags/example_trigger_target_dag.py
[2025-05-13T21:30:15.938+0000] {processor.py:743} INFO - Processing file /home/airflow/.local/lib/python3.9/site-packages/airflow/example_dags/example_trigger_target_dag.py for tasks to queue
[2025-05-13T21:30:15.939+0000] {logging_mixin.py:137} INFO - [2025-05-13T21:30:15.939+0000] {dagbag.py:538} INFO - Filling up the DagBag from /home/airflow/.local/lib/python3.9/site-packages/airflow/example_dags/example_trigger_target_dag.py
[2025-05-13T21:30:15.967+0000] {processor.py:753} INFO - DAG(s) dict_keys(['example_trigger_target_dag']) retrieved from /home/airflow/.local/lib/python3.9/site-packages/airflow/example_dags/example_trigger_target_dag.py
[2025-05-13T21:30:16.008+0000] {logging_mixin.py:137} INFO - [2025-05-13T21:30:16.007+0000] {dag.py:2676} INFO - Sync 1 DAGs
[2025-05-13T21:30:16.037+0000] {logging_mixin.py:137} INFO - [2025-05-13T21:30:16.037+0000] {dag.py:3423} INFO - Setting next_dagrun for example_trigger_target_dag to None, run_after=None
[2025-05-13T21:30:16.062+0000] {processor.py:175} INFO - Processing /home/airflow/.local/lib/python3.9/site-packages/airflow/example_dags/example_trigger_target_dag.py took 0.129 seconds
[2025-05-13T21:30:46.110+0000] {processor.py:153} INFO - Started process (PID=5203) to work on /home/airflow/.local/lib/python3.9/site-packages/airflow/example_dags/example_trigger_target_dag.py
[2025-05-13T21:30:46.111+0000] {processor.py:743} INFO - Processing file /home/airflow/.local/lib/python3.9/site-packages/airflow/example_dags/example_trigger_target_dag.py for tasks to queue
[2025-05-13T21:30:46.112+0000] {logging_mixin.py:137} INFO - [2025-05-13T21:30:46.112+0000] {dagbag.py:538} INFO - Filling up the DagBag from /home/airflow/.local/lib/python3.9/site-packages/airflow/example_dags/example_trigger_target_dag.py
[2025-05-13T21:30:46.140+0000] {processor.py:753} INFO - DAG(s) dict_keys(['example_trigger_target_dag']) retrieved from /home/airflow/.local/lib/python3.9/site-packages/airflow/example_dags/example_trigger_target_dag.py
[2025-05-13T21:30:46.181+0000] {logging_mixin.py:137} INFO - [2025-05-13T21:30:46.180+0000] {dag.py:2676} INFO - Sync 1 DAGs
[2025-05-13T21:30:46.206+0000] {logging_mixin.py:137} INFO - [2025-05-13T21:30:46.206+0000] {dag.py:3423} INFO - Setting next_dagrun for example_trigger_target_dag to None, run_after=None
[2025-05-13T21:30:46.227+0000] {processor.py:175} INFO - Processing /home/airflow/.local/lib/python3.9/site-packages/airflow/example_dags/example_trigger_target_dag.py took 0.120 seconds
[2025-05-13T21:31:16.689+0000] {processor.py:153} INFO - Started process (PID=5409) to work on /home/airflow/.local/lib/python3.9/site-packages/airflow/example_dags/example_trigger_target_dag.py
[2025-05-13T21:31:16.690+0000] {processor.py:743} INFO - Processing file /home/airflow/.local/lib/python3.9/site-packages/airflow/example_dags/example_trigger_target_dag.py for tasks to queue
[2025-05-13T21:31:16.692+0000] {logging_mixin.py:137} INFO - [2025-05-13T21:31:16.691+0000] {dagbag.py:538} INFO - Filling up the DagBag from /home/airflow/.local/lib/python3.9/site-packages/airflow/example_dags/example_trigger_target_dag.py
[2025-05-13T21:31:16.726+0000] {processor.py:753} INFO - DAG(s) dict_keys(['example_trigger_target_dag']) retrieved from /home/airflow/.local/lib/python3.9/site-packages/airflow/example_dags/example_trigger_target_dag.py
[2025-05-13T21:31:16.790+0000] {logging_mixin.py:137} INFO - [2025-05-13T21:31:16.790+0000] {dag.py:2676} INFO - Sync 1 DAGs
[2025-05-13T21:31:16.822+0000] {logging_mixin.py:137} INFO - [2025-05-13T21:31:16.822+0000] {dag.py:3423} INFO - Setting next_dagrun for example_trigger_target_dag to None, run_after=None
[2025-05-13T21:31:16.850+0000] {processor.py:175} INFO - Processing /home/airflow/.local/lib/python3.9/site-packages/airflow/example_dags/example_trigger_target_dag.py took 0.166 seconds
[2025-05-13T21:31:46.926+0000] {processor.py:153} INFO - Started process (PID=5612) to work on /home/airflow/.local/lib/python3.9/site-packages/airflow/example_dags/example_trigger_target_dag.py
[2025-05-13T21:31:46.927+0000] {processor.py:743} INFO - Processing file /home/airflow/.local/lib/python3.9/site-packages/airflow/example_dags/example_trigger_target_dag.py for tasks to queue
[2025-05-13T21:31:46.928+0000] {logging_mixin.py:137} INFO - [2025-05-13T21:31:46.928+0000] {dagbag.py:538} INFO - Filling up the DagBag from /home/airflow/.local/lib/python3.9/site-packages/airflow/example_dags/example_trigger_target_dag.py
[2025-05-13T21:31:46.956+0000] {processor.py:753} INFO - DAG(s) dict_keys(['example_trigger_target_dag']) retrieved from /home/airflow/.local/lib/python3.9/site-packages/airflow/example_dags/example_trigger_target_dag.py
[2025-05-13T21:31:46.984+0000] {logging_mixin.py:137} INFO - [2025-05-13T21:31:46.983+0000] {dag.py:2676} INFO - Sync 1 DAGs
[2025-05-13T21:31:47.015+0000] {logging_mixin.py:137} INFO - [2025-05-13T21:31:47.015+0000] {dag.py:3423} INFO - Setting next_dagrun for example_trigger_target_dag to None, run_after=None
[2025-05-13T21:31:47.035+0000] {processor.py:175} INFO - Processing /home/airflow/.local/lib/python3.9/site-packages/airflow/example_dags/example_trigger_target_dag.py took 0.114 seconds
[2025-05-13T21:32:17.637+0000] {processor.py:153} INFO - Started process (PID=5812) to work on /home/airflow/.local/lib/python3.9/site-packages/airflow/example_dags/example_trigger_target_dag.py
[2025-05-13T21:32:17.638+0000] {processor.py:743} INFO - Processing file /home/airflow/.local/lib/python3.9/site-packages/airflow/example_dags/example_trigger_target_dag.py for tasks to queue
[2025-05-13T21:32:17.639+0000] {logging_mixin.py:137} INFO - [2025-05-13T21:32:17.639+0000] {dagbag.py:538} INFO - Filling up the DagBag from /home/airflow/.local/lib/python3.9/site-packages/airflow/example_dags/example_trigger_target_dag.py
[2025-05-13T21:32:17.668+0000] {processor.py:753} INFO - DAG(s) dict_keys(['example_trigger_target_dag']) retrieved from /home/airflow/.local/lib/python3.9/site-packages/airflow/example_dags/example_trigger_target_dag.py
[2025-05-13T21:32:17.720+0000] {logging_mixin.py:137} INFO - [2025-05-13T21:32:17.720+0000] {dag.py:2676} INFO - Sync 1 DAGs
[2025-05-13T21:32:17.748+0000] {logging_mixin.py:137} INFO - [2025-05-13T21:32:17.748+0000] {dag.py:3423} INFO - Setting next_dagrun for example_trigger_target_dag to None, run_after=None
[2025-05-13T21:32:17.771+0000] {processor.py:175} INFO - Processing /home/airflow/.local/lib/python3.9/site-packages/airflow/example_dags/example_trigger_target_dag.py took 0.139 seconds
[2025-05-13T21:32:48.133+0000] {processor.py:153} INFO - Started process (PID=6015) to work on /home/airflow/.local/lib/python3.9/site-packages/airflow/example_dags/example_trigger_target_dag.py
[2025-05-13T21:32:48.134+0000] {processor.py:743} INFO - Processing file /home/airflow/.local/lib/python3.9/site-packages/airflow/example_dags/example_trigger_target_dag.py for tasks to queue
[2025-05-13T21:32:48.135+0000] {logging_mixin.py:137} INFO - [2025-05-13T21:32:48.135+0000] {dagbag.py:538} INFO - Filling up the DagBag from /home/airflow/.local/lib/python3.9/site-packages/airflow/example_dags/example_trigger_target_dag.py
[2025-05-13T21:32:48.163+0000] {processor.py:753} INFO - DAG(s) dict_keys(['example_trigger_target_dag']) retrieved from /home/airflow/.local/lib/python3.9/site-packages/airflow/example_dags/example_trigger_target_dag.py
[2025-05-13T21:32:48.210+0000] {logging_mixin.py:137} INFO - [2025-05-13T21:32:48.210+0000] {dag.py:2676} INFO - Sync 1 DAGs
[2025-05-13T21:32:48.251+0000] {logging_mixin.py:137} INFO - [2025-05-13T21:32:48.251+0000] {dag.py:3423} INFO - Setting next_dagrun for example_trigger_target_dag to None, run_after=None
[2025-05-13T21:32:48.278+0000] {processor.py:175} INFO - Processing /home/airflow/.local/lib/python3.9/site-packages/airflow/example_dags/example_trigger_target_dag.py took 0.149 seconds
[2025-05-13T21:33:18.466+0000] {processor.py:153} INFO - Started process (PID=6219) to work on /home/airflow/.local/lib/python3.9/site-packages/airflow/example_dags/example_trigger_target_dag.py
[2025-05-13T21:33:18.467+0000] {processor.py:743} INFO - Processing file /home/airflow/.local/lib/python3.9/site-packages/airflow/example_dags/example_trigger_target_dag.py for tasks to queue
[2025-05-13T21:33:18.468+0000] {logging_mixin.py:137} INFO - [2025-05-13T21:33:18.468+0000] {dagbag.py:538} INFO - Filling up the DagBag from /home/airflow/.local/lib/python3.9/site-packages/airflow/example_dags/example_trigger_target_dag.py
[2025-05-13T21:33:18.499+0000] {processor.py:753} INFO - DAG(s) dict_keys(['example_trigger_target_dag']) retrieved from /home/airflow/.local/lib/python3.9/site-packages/airflow/example_dags/example_trigger_target_dag.py
[2025-05-13T21:33:18.556+0000] {logging_mixin.py:137} INFO - [2025-05-13T21:33:18.556+0000] {dag.py:2676} INFO - Sync 1 DAGs
[2025-05-13T21:33:18.587+0000] {logging_mixin.py:137} INFO - [2025-05-13T21:33:18.587+0000] {dag.py:3423} INFO - Setting next_dagrun for example_trigger_target_dag to None, run_after=None
[2025-05-13T21:33:18.613+0000] {processor.py:175} INFO - Processing /home/airflow/.local/lib/python3.9/site-packages/airflow/example_dags/example_trigger_target_dag.py took 0.152 seconds
[2025-05-13T21:33:49.901+0000] {processor.py:153} INFO - Started process (PID=6424) to work on /home/airflow/.local/lib/python3.9/site-packages/airflow/example_dags/example_trigger_target_dag.py
[2025-05-13T21:33:49.903+0000] {processor.py:743} INFO - Processing file /home/airflow/.local/lib/python3.9/site-packages/airflow/example_dags/example_trigger_target_dag.py for tasks to queue
[2025-05-13T21:33:49.904+0000] {logging_mixin.py:137} INFO - [2025-05-13T21:33:49.904+0000] {dagbag.py:538} INFO - Filling up the DagBag from /home/airflow/.local/lib/python3.9/site-packages/airflow/example_dags/example_trigger_target_dag.py
[2025-05-13T21:33:49.940+0000] {processor.py:753} INFO - DAG(s) dict_keys(['example_trigger_target_dag']) retrieved from /home/airflow/.local/lib/python3.9/site-packages/airflow/example_dags/example_trigger_target_dag.py
[2025-05-13T21:33:49.997+0000] {logging_mixin.py:137} INFO - [2025-05-13T21:33:49.997+0000] {dag.py:2676} INFO - Sync 1 DAGs
[2025-05-13T21:33:50.027+0000] {logging_mixin.py:137} INFO - [2025-05-13T21:33:50.027+0000] {dag.py:3423} INFO - Setting next_dagrun for example_trigger_target_dag to None, run_after=None
[2025-05-13T21:33:50.053+0000] {processor.py:175} INFO - Processing /home/airflow/.local/lib/python3.9/site-packages/airflow/example_dags/example_trigger_target_dag.py took 0.156 seconds
[2025-05-13T21:34:20.870+0000] {processor.py:153} INFO - Started process (PID=6625) to work on /home/airflow/.local/lib/python3.9/site-packages/airflow/example_dags/example_trigger_target_dag.py
[2025-05-13T21:34:20.872+0000] {processor.py:743} INFO - Processing file /home/airflow/.local/lib/python3.9/site-packages/airflow/example_dags/example_trigger_target_dag.py for tasks to queue
[2025-05-13T21:34:20.873+0000] {logging_mixin.py:137} INFO - [2025-05-13T21:34:20.873+0000] {dagbag.py:538} INFO - Filling up the DagBag from /home/airflow/.local/lib/python3.9/site-packages/airflow/example_dags/example_trigger_target_dag.py
[2025-05-13T21:34:20.907+0000] {processor.py:753} INFO - DAG(s) dict_keys(['example_trigger_target_dag']) retrieved from /home/airflow/.local/lib/python3.9/site-packages/airflow/example_dags/example_trigger_target_dag.py
[2025-05-13T21:34:20.970+0000] {logging_mixin.py:137} INFO - [2025-05-13T21:34:20.970+0000] {dag.py:2676} INFO - Sync 1 DAGs
[2025-05-13T21:34:20.998+0000] {logging_mixin.py:137} INFO - [2025-05-13T21:34:20.998+0000] {dag.py:3423} INFO - Setting next_dagrun for example_trigger_target_dag to None, run_after=None
[2025-05-13T21:34:21.020+0000] {processor.py:175} INFO - Processing /home/airflow/.local/lib/python3.9/site-packages/airflow/example_dags/example_trigger_target_dag.py took 0.154 seconds
[2025-05-13T21:34:51.849+0000] {processor.py:153} INFO - Started process (PID=6835) to work on /home/airflow/.local/lib/python3.9/site-packages/airflow/example_dags/example_trigger_target_dag.py
[2025-05-13T21:34:51.850+0000] {processor.py:743} INFO - Processing file /home/airflow/.local/lib/python3.9/site-packages/airflow/example_dags/example_trigger_target_dag.py for tasks to queue
[2025-05-13T21:34:51.851+0000] {logging_mixin.py:137} INFO - [2025-05-13T21:34:51.851+0000] {dagbag.py:538} INFO - Filling up the DagBag from /home/airflow/.local/lib/python3.9/site-packages/airflow/example_dags/example_trigger_target_dag.py
[2025-05-13T21:34:51.888+0000] {processor.py:753} INFO - DAG(s) dict_keys(['example_trigger_target_dag']) retrieved from /home/airflow/.local/lib/python3.9/site-packages/airflow/example_dags/example_trigger_target_dag.py
[2025-05-13T21:34:51.948+0000] {logging_mixin.py:137} INFO - [2025-05-13T21:34:51.948+0000] {dag.py:2676} INFO - Sync 1 DAGs
[2025-05-13T21:34:51.978+0000] {logging_mixin.py:137} INFO - [2025-05-13T21:34:51.977+0000] {dag.py:3423} INFO - Setting next_dagrun for example_trigger_target_dag to None, run_after=None
[2025-05-13T21:34:52.006+0000] {processor.py:175} INFO - Processing /home/airflow/.local/lib/python3.9/site-packages/airflow/example_dags/example_trigger_target_dag.py took 0.164 seconds
[2025-05-13T21:35:22.439+0000] {processor.py:153} INFO - Started process (PID=7040) to work on /home/airflow/.local/lib/python3.9/site-packages/airflow/example_dags/example_trigger_target_dag.py
[2025-05-13T21:35:22.440+0000] {processor.py:743} INFO - Processing file /home/airflow/.local/lib/python3.9/site-packages/airflow/example_dags/example_trigger_target_dag.py for tasks to queue
[2025-05-13T21:35:22.441+0000] {logging_mixin.py:137} INFO - [2025-05-13T21:35:22.441+0000] {dagbag.py:538} INFO - Filling up the DagBag from /home/airflow/.local/lib/python3.9/site-packages/airflow/example_dags/example_trigger_target_dag.py
[2025-05-13T21:35:22.472+0000] {processor.py:753} INFO - DAG(s) dict_keys(['example_trigger_target_dag']) retrieved from /home/airflow/.local/lib/python3.9/site-packages/airflow/example_dags/example_trigger_target_dag.py
[2025-05-13T21:35:22.522+0000] {logging_mixin.py:137} INFO - [2025-05-13T21:35:22.522+0000] {dag.py:2676} INFO - Sync 1 DAGs
[2025-05-13T21:35:22.554+0000] {logging_mixin.py:137} INFO - [2025-05-13T21:35:22.554+0000] {dag.py:3423} INFO - Setting next_dagrun for example_trigger_target_dag to None, run_after=None
[2025-05-13T21:35:22.577+0000] {processor.py:175} INFO - Processing /home/airflow/.local/lib/python3.9/site-packages/airflow/example_dags/example_trigger_target_dag.py took 0.142 seconds
[2025-05-13T21:35:53.124+0000] {processor.py:153} INFO - Started process (PID=7245) to work on /home/airflow/.local/lib/python3.9/site-packages/airflow/example_dags/example_trigger_target_dag.py
[2025-05-13T21:35:53.128+0000] {processor.py:743} INFO - Processing file /home/airflow/.local/lib/python3.9/site-packages/airflow/example_dags/example_trigger_target_dag.py for tasks to queue
[2025-05-13T21:35:53.132+0000] {logging_mixin.py:137} INFO - [2025-05-13T21:35:53.131+0000] {dagbag.py:538} INFO - Filling up the DagBag from /home/airflow/.local/lib/python3.9/site-packages/airflow/example_dags/example_trigger_target_dag.py
[2025-05-13T21:35:53.303+0000] {processor.py:753} INFO - DAG(s) dict_keys(['example_trigger_target_dag']) retrieved from /home/airflow/.local/lib/python3.9/site-packages/airflow/example_dags/example_trigger_target_dag.py
[2025-05-13T21:35:53.692+0000] {logging_mixin.py:137} INFO - [2025-05-13T21:35:53.691+0000] {dag.py:2676} INFO - Sync 1 DAGs
[2025-05-13T21:35:53.744+0000] {logging_mixin.py:137} INFO - [2025-05-13T21:35:53.744+0000] {dag.py:3423} INFO - Setting next_dagrun for example_trigger_target_dag to None, run_after=None
[2025-05-13T21:35:53.856+0000] {processor.py:175} INFO - Processing /home/airflow/.local/lib/python3.9/site-packages/airflow/example_dags/example_trigger_target_dag.py took 0.743 seconds
[2025-05-13T21:36:24.224+0000] {processor.py:153} INFO - Started process (PID=7446) to work on /home/airflow/.local/lib/python3.9/site-packages/airflow/example_dags/example_trigger_target_dag.py
[2025-05-13T21:36:24.225+0000] {processor.py:743} INFO - Processing file /home/airflow/.local/lib/python3.9/site-packages/airflow/example_dags/example_trigger_target_dag.py for tasks to queue
[2025-05-13T21:36:24.226+0000] {logging_mixin.py:137} INFO - [2025-05-13T21:36:24.226+0000] {dagbag.py:538} INFO - Filling up the DagBag from /home/airflow/.local/lib/python3.9/site-packages/airflow/example_dags/example_trigger_target_dag.py
[2025-05-13T21:36:24.259+0000] {processor.py:753} INFO - DAG(s) dict_keys(['example_trigger_target_dag']) retrieved from /home/airflow/.local/lib/python3.9/site-packages/airflow/example_dags/example_trigger_target_dag.py
[2025-05-13T21:36:24.338+0000] {logging_mixin.py:137} INFO - [2025-05-13T21:36:24.337+0000] {dag.py:2676} INFO - Sync 1 DAGs
[2025-05-13T21:36:24.411+0000] {logging_mixin.py:137} INFO - [2025-05-13T21:36:24.411+0000] {dag.py:3423} INFO - Setting next_dagrun for example_trigger_target_dag to None, run_after=None
[2025-05-13T21:36:24.465+0000] {processor.py:175} INFO - Processing /home/airflow/.local/lib/python3.9/site-packages/airflow/example_dags/example_trigger_target_dag.py took 0.246 seconds
[2025-05-13T21:37:52.317+0000] {processor.py:153} INFO - Started process (PID=342) to work on /home/airflow/.local/lib/python3.9/site-packages/airflow/example_dags/example_trigger_target_dag.py
[2025-05-13T21:37:52.319+0000] {processor.py:743} INFO - Processing file /home/airflow/.local/lib/python3.9/site-packages/airflow/example_dags/example_trigger_target_dag.py for tasks to queue
[2025-05-13T21:37:52.320+0000] {logging_mixin.py:137} INFO - [2025-05-13T21:37:52.320+0000] {dagbag.py:538} INFO - Filling up the DagBag from /home/airflow/.local/lib/python3.9/site-packages/airflow/example_dags/example_trigger_target_dag.py
[2025-05-13T21:37:52.356+0000] {processor.py:753} INFO - DAG(s) dict_keys(['example_trigger_target_dag']) retrieved from /home/airflow/.local/lib/python3.9/site-packages/airflow/example_dags/example_trigger_target_dag.py
[2025-05-13T21:37:52.414+0000] {logging_mixin.py:137} INFO - [2025-05-13T21:37:52.414+0000] {dag.py:2676} INFO - Sync 1 DAGs
[2025-05-13T21:37:52.451+0000] {logging_mixin.py:137} INFO - [2025-05-13T21:37:52.451+0000] {dag.py:3423} INFO - Setting next_dagrun for example_trigger_target_dag to None, run_after=None
[2025-05-13T21:37:52.481+0000] {processor.py:175} INFO - Processing /home/airflow/.local/lib/python3.9/site-packages/airflow/example_dags/example_trigger_target_dag.py took 0.168 seconds
[2025-05-13T21:38:24.254+0000] {processor.py:153} INFO - Started process (PID=543) to work on /home/airflow/.local/lib/python3.9/site-packages/airflow/example_dags/example_trigger_target_dag.py
[2025-05-13T21:38:24.255+0000] {processor.py:743} INFO - Processing file /home/airflow/.local/lib/python3.9/site-packages/airflow/example_dags/example_trigger_target_dag.py for tasks to queue
[2025-05-13T21:38:24.256+0000] {logging_mixin.py:137} INFO - [2025-05-13T21:38:24.256+0000] {dagbag.py:538} INFO - Filling up the DagBag from /home/airflow/.local/lib/python3.9/site-packages/airflow/example_dags/example_trigger_target_dag.py
[2025-05-13T21:38:24.308+0000] {processor.py:753} INFO - DAG(s) dict_keys(['example_trigger_target_dag']) retrieved from /home/airflow/.local/lib/python3.9/site-packages/airflow/example_dags/example_trigger_target_dag.py
[2025-05-13T21:38:24.370+0000] {logging_mixin.py:137} INFO - [2025-05-13T21:38:24.370+0000] {dag.py:2676} INFO - Sync 1 DAGs
[2025-05-13T21:38:24.401+0000] {logging_mixin.py:137} INFO - [2025-05-13T21:38:24.401+0000] {dag.py:3423} INFO - Setting next_dagrun for example_trigger_target_dag to None, run_after=None
[2025-05-13T21:38:24.430+0000] {processor.py:175} INFO - Processing /home/airflow/.local/lib/python3.9/site-packages/airflow/example_dags/example_trigger_target_dag.py took 0.181 seconds
[2025-05-13T21:38:54.652+0000] {processor.py:153} INFO - Started process (PID=742) to work on /home/airflow/.local/lib/python3.9/site-packages/airflow/example_dags/example_trigger_target_dag.py
[2025-05-13T21:38:54.653+0000] {processor.py:743} INFO - Processing file /home/airflow/.local/lib/python3.9/site-packages/airflow/example_dags/example_trigger_target_dag.py for tasks to queue
[2025-05-13T21:38:54.654+0000] {logging_mixin.py:137} INFO - [2025-05-13T21:38:54.654+0000] {dagbag.py:538} INFO - Filling up the DagBag from /home/airflow/.local/lib/python3.9/site-packages/airflow/example_dags/example_trigger_target_dag.py
[2025-05-13T21:38:54.690+0000] {processor.py:753} INFO - DAG(s) dict_keys(['example_trigger_target_dag']) retrieved from /home/airflow/.local/lib/python3.9/site-packages/airflow/example_dags/example_trigger_target_dag.py
[2025-05-13T21:38:54.748+0000] {logging_mixin.py:137} INFO - [2025-05-13T21:38:54.748+0000] {dag.py:2676} INFO - Sync 1 DAGs
[2025-05-13T21:38:54.782+0000] {logging_mixin.py:137} INFO - [2025-05-13T21:38:54.782+0000] {dag.py:3423} INFO - Setting next_dagrun for example_trigger_target_dag to None, run_after=None
[2025-05-13T21:38:54.826+0000] {processor.py:175} INFO - Processing /home/airflow/.local/lib/python3.9/site-packages/airflow/example_dags/example_trigger_target_dag.py took 0.179 seconds
[2025-05-13T21:39:25.274+0000] {processor.py:153} INFO - Started process (PID=943) to work on /home/airflow/.local/lib/python3.9/site-packages/airflow/example_dags/example_trigger_target_dag.py
[2025-05-13T21:39:25.276+0000] {processor.py:743} INFO - Processing file /home/airflow/.local/lib/python3.9/site-packages/airflow/example_dags/example_trigger_target_dag.py for tasks to queue
[2025-05-13T21:39:25.277+0000] {logging_mixin.py:137} INFO - [2025-05-13T21:39:25.277+0000] {dagbag.py:538} INFO - Filling up the DagBag from /home/airflow/.local/lib/python3.9/site-packages/airflow/example_dags/example_trigger_target_dag.py
[2025-05-13T21:39:25.313+0000] {processor.py:753} INFO - DAG(s) dict_keys(['example_trigger_target_dag']) retrieved from /home/airflow/.local/lib/python3.9/site-packages/airflow/example_dags/example_trigger_target_dag.py
[2025-05-13T21:39:25.377+0000] {logging_mixin.py:137} INFO - [2025-05-13T21:39:25.377+0000] {dag.py:2676} INFO - Sync 1 DAGs
[2025-05-13T21:39:25.413+0000] {logging_mixin.py:137} INFO - [2025-05-13T21:39:25.412+0000] {dag.py:3423} INFO - Setting next_dagrun for example_trigger_target_dag to None, run_after=None
[2025-05-13T21:39:25.441+0000] {processor.py:175} INFO - Processing /home/airflow/.local/lib/python3.9/site-packages/airflow/example_dags/example_trigger_target_dag.py took 0.172 seconds
[2025-05-13T21:39:55.563+0000] {processor.py:153} INFO - Started process (PID=1146) to work on /home/airflow/.local/lib/python3.9/site-packages/airflow/example_dags/example_trigger_target_dag.py
[2025-05-13T21:39:55.565+0000] {processor.py:743} INFO - Processing file /home/airflow/.local/lib/python3.9/site-packages/airflow/example_dags/example_trigger_target_dag.py for tasks to queue
[2025-05-13T21:39:55.566+0000] {logging_mixin.py:137} INFO - [2025-05-13T21:39:55.566+0000] {dagbag.py:538} INFO - Filling up the DagBag from /home/airflow/.local/lib/python3.9/site-packages/airflow/example_dags/example_trigger_target_dag.py
[2025-05-13T21:39:55.600+0000] {processor.py:753} INFO - DAG(s) dict_keys(['example_trigger_target_dag']) retrieved from /home/airflow/.local/lib/python3.9/site-packages/airflow/example_dags/example_trigger_target_dag.py
[2025-05-13T21:39:55.655+0000] {logging_mixin.py:137} INFO - [2025-05-13T21:39:55.654+0000] {dag.py:2676} INFO - Sync 1 DAGs
[2025-05-13T21:39:55.684+0000] {logging_mixin.py:137} INFO - [2025-05-13T21:39:55.683+0000] {dag.py:3423} INFO - Setting next_dagrun for example_trigger_target_dag to None, run_after=None
[2025-05-13T21:39:55.708+0000] {processor.py:175} INFO - Processing /home/airflow/.local/lib/python3.9/site-packages/airflow/example_dags/example_trigger_target_dag.py took 0.149 seconds
[2025-05-13T21:40:25.849+0000] {processor.py:153} INFO - Started process (PID=1353) to work on /home/airflow/.local/lib/python3.9/site-packages/airflow/example_dags/example_trigger_target_dag.py
[2025-05-13T21:40:25.851+0000] {processor.py:743} INFO - Processing file /home/airflow/.local/lib/python3.9/site-packages/airflow/example_dags/example_trigger_target_dag.py for tasks to queue
[2025-05-13T21:40:25.853+0000] {logging_mixin.py:137} INFO - [2025-05-13T21:40:25.853+0000] {dagbag.py:538} INFO - Filling up the DagBag from /home/airflow/.local/lib/python3.9/site-packages/airflow/example_dags/example_trigger_target_dag.py
[2025-05-13T21:40:25.886+0000] {processor.py:753} INFO - DAG(s) dict_keys(['example_trigger_target_dag']) retrieved from /home/airflow/.local/lib/python3.9/site-packages/airflow/example_dags/example_trigger_target_dag.py
[2025-05-13T21:40:25.941+0000] {logging_mixin.py:137} INFO - [2025-05-13T21:40:25.941+0000] {dag.py:2676} INFO - Sync 1 DAGs
[2025-05-13T21:40:25.970+0000] {logging_mixin.py:137} INFO - [2025-05-13T21:40:25.970+0000] {dag.py:3423} INFO - Setting next_dagrun for example_trigger_target_dag to None, run_after=None
[2025-05-13T21:40:25.995+0000] {processor.py:175} INFO - Processing /home/airflow/.local/lib/python3.9/site-packages/airflow/example_dags/example_trigger_target_dag.py took 0.153 seconds
[2025-05-13T21:40:56.195+0000] {processor.py:153} INFO - Started process (PID=1556) to work on /home/airflow/.local/lib/python3.9/site-packages/airflow/example_dags/example_trigger_target_dag.py
[2025-05-13T21:40:56.196+0000] {processor.py:743} INFO - Processing file /home/airflow/.local/lib/python3.9/site-packages/airflow/example_dags/example_trigger_target_dag.py for tasks to queue
[2025-05-13T21:40:56.197+0000] {logging_mixin.py:137} INFO - [2025-05-13T21:40:56.197+0000] {dagbag.py:538} INFO - Filling up the DagBag from /home/airflow/.local/lib/python3.9/site-packages/airflow/example_dags/example_trigger_target_dag.py
[2025-05-13T21:40:56.231+0000] {processor.py:753} INFO - DAG(s) dict_keys(['example_trigger_target_dag']) retrieved from /home/airflow/.local/lib/python3.9/site-packages/airflow/example_dags/example_trigger_target_dag.py
[2025-05-13T21:40:56.298+0000] {logging_mixin.py:137} INFO - [2025-05-13T21:40:56.297+0000] {dag.py:2676} INFO - Sync 1 DAGs
[2025-05-13T21:40:56.327+0000] {logging_mixin.py:137} INFO - [2025-05-13T21:40:56.327+0000] {dag.py:3423} INFO - Setting next_dagrun for example_trigger_target_dag to None, run_after=None
[2025-05-13T21:40:56.352+0000] {processor.py:175} INFO - Processing /home/airflow/.local/lib/python3.9/site-packages/airflow/example_dags/example_trigger_target_dag.py took 0.162 seconds
[2025-05-13T21:41:26.993+0000] {processor.py:153} INFO - Started process (PID=1759) to work on /home/airflow/.local/lib/python3.9/site-packages/airflow/example_dags/example_trigger_target_dag.py
[2025-05-13T21:41:26.996+0000] {processor.py:743} INFO - Processing file /home/airflow/.local/lib/python3.9/site-packages/airflow/example_dags/example_trigger_target_dag.py for tasks to queue
[2025-05-13T21:41:26.998+0000] {logging_mixin.py:137} INFO - [2025-05-13T21:41:26.998+0000] {dagbag.py:538} INFO - Filling up the DagBag from /home/airflow/.local/lib/python3.9/site-packages/airflow/example_dags/example_trigger_target_dag.py
[2025-05-13T21:41:27.039+0000] {processor.py:753} INFO - DAG(s) dict_keys(['example_trigger_target_dag']) retrieved from /home/airflow/.local/lib/python3.9/site-packages/airflow/example_dags/example_trigger_target_dag.py
[2025-05-13T21:41:27.102+0000] {logging_mixin.py:137} INFO - [2025-05-13T21:41:27.102+0000] {dag.py:2676} INFO - Sync 1 DAGs
[2025-05-13T21:41:27.137+0000] {logging_mixin.py:137} INFO - [2025-05-13T21:41:27.137+0000] {dag.py:3423} INFO - Setting next_dagrun for example_trigger_target_dag to None, run_after=None
[2025-05-13T21:41:27.165+0000] {processor.py:175} INFO - Processing /home/airflow/.local/lib/python3.9/site-packages/airflow/example_dags/example_trigger_target_dag.py took 0.177 seconds
