[2025-05-13T02:45:39.434+0000] {processor.py:153} INFO - Started process (PID=225) to work on /home/airflow/.local/lib/python3.9/site-packages/airflow/example_dags/example_bash_operator.py
[2025-05-13T02:45:39.435+0000] {processor.py:743} INFO - Processing file /home/airflow/.local/lib/python3.9/site-packages/airflow/example_dags/example_bash_operator.py for tasks to queue
[2025-05-13T02:45:39.436+0000] {logging_mixin.py:137} INFO - [2025-05-13T02:45:39.436+0000] {dagbag.py:538} INFO - Filling up the DagBag from /home/airflow/.local/lib/python3.9/site-packages/airflow/example_dags/example_bash_operator.py
[2025-05-13T02:45:39.462+0000] {processor.py:753} INFO - DAG(s) dict_keys(['example_bash_operator']) retrieved from /home/airflow/.local/lib/python3.9/site-packages/airflow/example_dags/example_bash_operator.py
[2025-05-13T02:45:39.609+0000] {logging_mixin.py:137} INFO - [2025-05-13T02:45:39.609+0000] {manager.py:504} INFO - Created Permission View: can delete on DAG:example_bash_operator
[2025-05-13T02:45:39.618+0000] {logging_mixin.py:137} INFO - [2025-05-13T02:45:39.618+0000] {manager.py:504} INFO - Created Permission View: can edit on DAG:example_bash_operator
[2025-05-13T02:45:39.624+0000] {logging_mixin.py:137} INFO - [2025-05-13T02:45:39.624+0000] {manager.py:504} INFO - Created Permission View: can read on DAG:example_bash_operator
[2025-05-13T02:45:39.625+0000] {logging_mixin.py:137} INFO - [2025-05-13T02:45:39.625+0000] {dag.py:2676} INFO - Sync 1 DAGs
[2025-05-13T02:45:39.636+0000] {logging_mixin.py:137} INFO - [2025-05-13T02:45:39.636+0000] {dag.py:2697} INFO - Creating ORM DAG for example_bash_operator
[2025-05-13T02:45:39.648+0000] {logging_mixin.py:137} INFO - [2025-05-13T02:45:39.648+0000] {dag.py:3423} INFO - Setting next_dagrun for example_bash_operator to 2025-05-12T00:00:00+00:00, run_after=2025-05-13T00:00:00+00:00
[2025-05-13T02:45:39.667+0000] {processor.py:175} INFO - Processing /home/airflow/.local/lib/python3.9/site-packages/airflow/example_dags/example_bash_operator.py took 0.237 seconds
[2025-05-13T02:46:10.261+0000] {processor.py:153} INFO - Started process (PID=422) to work on /home/airflow/.local/lib/python3.9/site-packages/airflow/example_dags/example_bash_operator.py
[2025-05-13T02:46:10.263+0000] {processor.py:743} INFO - Processing file /home/airflow/.local/lib/python3.9/site-packages/airflow/example_dags/example_bash_operator.py for tasks to queue
[2025-05-13T02:46:10.264+0000] {logging_mixin.py:137} INFO - [2025-05-13T02:46:10.264+0000] {dagbag.py:538} INFO - Filling up the DagBag from /home/airflow/.local/lib/python3.9/site-packages/airflow/example_dags/example_bash_operator.py
[2025-05-13T02:46:10.299+0000] {processor.py:753} INFO - DAG(s) dict_keys(['example_bash_operator']) retrieved from /home/airflow/.local/lib/python3.9/site-packages/airflow/example_dags/example_bash_operator.py
[2025-05-13T02:46:10.379+0000] {logging_mixin.py:137} INFO - [2025-05-13T02:46:10.378+0000] {dag.py:2676} INFO - Sync 1 DAGs
[2025-05-13T02:46:10.425+0000] {logging_mixin.py:137} INFO - [2025-05-13T02:46:10.425+0000] {dag.py:3423} INFO - Setting next_dagrun for example_bash_operator to 2025-05-12T00:00:00+00:00, run_after=2025-05-13T00:00:00+00:00
[2025-05-13T02:46:10.467+0000] {processor.py:175} INFO - Processing /home/airflow/.local/lib/python3.9/site-packages/airflow/example_dags/example_bash_operator.py took 0.210 seconds
[2025-05-13T02:46:40.628+0000] {processor.py:153} INFO - Started process (PID=625) to work on /home/airflow/.local/lib/python3.9/site-packages/airflow/example_dags/example_bash_operator.py
[2025-05-13T02:46:40.629+0000] {processor.py:743} INFO - Processing file /home/airflow/.local/lib/python3.9/site-packages/airflow/example_dags/example_bash_operator.py for tasks to queue
[2025-05-13T02:46:40.630+0000] {logging_mixin.py:137} INFO - [2025-05-13T02:46:40.630+0000] {dagbag.py:538} INFO - Filling up the DagBag from /home/airflow/.local/lib/python3.9/site-packages/airflow/example_dags/example_bash_operator.py
[2025-05-13T02:46:40.667+0000] {processor.py:753} INFO - DAG(s) dict_keys(['example_bash_operator']) retrieved from /home/airflow/.local/lib/python3.9/site-packages/airflow/example_dags/example_bash_operator.py
[2025-05-13T02:46:40.748+0000] {logging_mixin.py:137} INFO - [2025-05-13T02:46:40.747+0000] {dag.py:2676} INFO - Sync 1 DAGs
[2025-05-13T02:46:40.783+0000] {logging_mixin.py:137} INFO - [2025-05-13T02:46:40.783+0000] {dag.py:3423} INFO - Setting next_dagrun for example_bash_operator to 2025-05-12T00:00:00+00:00, run_after=2025-05-13T00:00:00+00:00
[2025-05-13T02:46:40.810+0000] {processor.py:175} INFO - Processing /home/airflow/.local/lib/python3.9/site-packages/airflow/example_dags/example_bash_operator.py took 0.187 seconds
[2025-05-13T02:47:11.298+0000] {processor.py:153} INFO - Started process (PID=828) to work on /home/airflow/.local/lib/python3.9/site-packages/airflow/example_dags/example_bash_operator.py
[2025-05-13T02:47:11.299+0000] {processor.py:743} INFO - Processing file /home/airflow/.local/lib/python3.9/site-packages/airflow/example_dags/example_bash_operator.py for tasks to queue
[2025-05-13T02:47:11.300+0000] {logging_mixin.py:137} INFO - [2025-05-13T02:47:11.300+0000] {dagbag.py:538} INFO - Filling up the DagBag from /home/airflow/.local/lib/python3.9/site-packages/airflow/example_dags/example_bash_operator.py
[2025-05-13T02:47:11.332+0000] {processor.py:753} INFO - DAG(s) dict_keys(['example_bash_operator']) retrieved from /home/airflow/.local/lib/python3.9/site-packages/airflow/example_dags/example_bash_operator.py
[2025-05-13T02:47:11.415+0000] {logging_mixin.py:137} INFO - [2025-05-13T02:47:11.415+0000] {dag.py:2676} INFO - Sync 1 DAGs
[2025-05-13T02:47:11.453+0000] {logging_mixin.py:137} INFO - [2025-05-13T02:47:11.453+0000] {dag.py:3423} INFO - Setting next_dagrun for example_bash_operator to 2025-05-12T00:00:00+00:00, run_after=2025-05-13T00:00:00+00:00
[2025-05-13T02:47:11.480+0000] {processor.py:175} INFO - Processing /home/airflow/.local/lib/python3.9/site-packages/airflow/example_dags/example_bash_operator.py took 0.188 seconds
[2025-05-13T02:47:41.838+0000] {processor.py:153} INFO - Started process (PID=1037) to work on /home/airflow/.local/lib/python3.9/site-packages/airflow/example_dags/example_bash_operator.py
[2025-05-13T02:47:41.839+0000] {processor.py:743} INFO - Processing file /home/airflow/.local/lib/python3.9/site-packages/airflow/example_dags/example_bash_operator.py for tasks to queue
[2025-05-13T02:47:41.840+0000] {logging_mixin.py:137} INFO - [2025-05-13T02:47:41.840+0000] {dagbag.py:538} INFO - Filling up the DagBag from /home/airflow/.local/lib/python3.9/site-packages/airflow/example_dags/example_bash_operator.py
[2025-05-13T02:47:41.874+0000] {processor.py:753} INFO - DAG(s) dict_keys(['example_bash_operator']) retrieved from /home/airflow/.local/lib/python3.9/site-packages/airflow/example_dags/example_bash_operator.py
[2025-05-13T02:47:41.958+0000] {logging_mixin.py:137} INFO - [2025-05-13T02:47:41.957+0000] {dag.py:2676} INFO - Sync 1 DAGs
[2025-05-13T02:47:41.995+0000] {logging_mixin.py:137} INFO - [2025-05-13T02:47:41.994+0000] {dag.py:3423} INFO - Setting next_dagrun for example_bash_operator to 2025-05-12T00:00:00+00:00, run_after=2025-05-13T00:00:00+00:00
[2025-05-13T02:47:42.019+0000] {processor.py:175} INFO - Processing /home/airflow/.local/lib/python3.9/site-packages/airflow/example_dags/example_bash_operator.py took 0.187 seconds
[2025-05-13T02:48:12.449+0000] {processor.py:153} INFO - Started process (PID=1241) to work on /home/airflow/.local/lib/python3.9/site-packages/airflow/example_dags/example_bash_operator.py
[2025-05-13T02:48:12.451+0000] {processor.py:743} INFO - Processing file /home/airflow/.local/lib/python3.9/site-packages/airflow/example_dags/example_bash_operator.py for tasks to queue
[2025-05-13T02:48:12.455+0000] {logging_mixin.py:137} INFO - [2025-05-13T02:48:12.455+0000] {dagbag.py:538} INFO - Filling up the DagBag from /home/airflow/.local/lib/python3.9/site-packages/airflow/example_dags/example_bash_operator.py
[2025-05-13T02:48:12.491+0000] {processor.py:753} INFO - DAG(s) dict_keys(['example_bash_operator']) retrieved from /home/airflow/.local/lib/python3.9/site-packages/airflow/example_dags/example_bash_operator.py
[2025-05-13T02:48:12.574+0000] {logging_mixin.py:137} INFO - [2025-05-13T02:48:12.574+0000] {dag.py:2676} INFO - Sync 1 DAGs
[2025-05-13T02:48:12.664+0000] {logging_mixin.py:137} INFO - [2025-05-13T02:48:12.664+0000] {dag.py:3423} INFO - Setting next_dagrun for example_bash_operator to 2025-05-12T00:00:00+00:00, run_after=2025-05-13T00:00:00+00:00
[2025-05-13T02:48:12.695+0000] {processor.py:175} INFO - Processing /home/airflow/.local/lib/python3.9/site-packages/airflow/example_dags/example_bash_operator.py took 0.251 seconds
[2025-05-13T02:49:28.530+0000] {processor.py:153} INFO - Started process (PID=247) to work on /home/airflow/.local/lib/python3.9/site-packages/airflow/example_dags/example_bash_operator.py
[2025-05-13T02:49:28.533+0000] {processor.py:743} INFO - Processing file /home/airflow/.local/lib/python3.9/site-packages/airflow/example_dags/example_bash_operator.py for tasks to queue
[2025-05-13T02:49:28.535+0000] {logging_mixin.py:137} INFO - [2025-05-13T02:49:28.534+0000] {dagbag.py:538} INFO - Filling up the DagBag from /home/airflow/.local/lib/python3.9/site-packages/airflow/example_dags/example_bash_operator.py
[2025-05-13T02:49:28.577+0000] {processor.py:753} INFO - DAG(s) dict_keys(['example_bash_operator']) retrieved from /home/airflow/.local/lib/python3.9/site-packages/airflow/example_dags/example_bash_operator.py
[2025-05-13T02:49:28.751+0000] {logging_mixin.py:137} INFO - [2025-05-13T02:49:28.751+0000] {dag.py:2676} INFO - Sync 1 DAGs
[2025-05-13T02:49:28.822+0000] {logging_mixin.py:137} INFO - [2025-05-13T02:49:28.822+0000] {dag.py:3423} INFO - Setting next_dagrun for example_bash_operator to 2025-05-12T00:00:00+00:00, run_after=2025-05-13T00:00:00+00:00
[2025-05-13T02:49:28.856+0000] {processor.py:175} INFO - Processing /home/airflow/.local/lib/python3.9/site-packages/airflow/example_dags/example_bash_operator.py took 0.331 seconds
[2025-05-13T02:49:58.995+0000] {processor.py:153} INFO - Started process (PID=446) to work on /home/airflow/.local/lib/python3.9/site-packages/airflow/example_dags/example_bash_operator.py
[2025-05-13T02:49:58.998+0000] {processor.py:743} INFO - Processing file /home/airflow/.local/lib/python3.9/site-packages/airflow/example_dags/example_bash_operator.py for tasks to queue
[2025-05-13T02:49:59.001+0000] {logging_mixin.py:137} INFO - [2025-05-13T02:49:59.000+0000] {dagbag.py:538} INFO - Filling up the DagBag from /home/airflow/.local/lib/python3.9/site-packages/airflow/example_dags/example_bash_operator.py
[2025-05-13T02:49:59.051+0000] {processor.py:753} INFO - DAG(s) dict_keys(['example_bash_operator']) retrieved from /home/airflow/.local/lib/python3.9/site-packages/airflow/example_dags/example_bash_operator.py
[2025-05-13T02:49:59.132+0000] {logging_mixin.py:137} INFO - [2025-05-13T02:49:59.132+0000] {dag.py:2676} INFO - Sync 1 DAGs
[2025-05-13T02:49:59.164+0000] {logging_mixin.py:137} INFO - [2025-05-13T02:49:59.163+0000] {dag.py:3423} INFO - Setting next_dagrun for example_bash_operator to 2025-05-12T00:00:00+00:00, run_after=2025-05-13T00:00:00+00:00
[2025-05-13T02:49:59.187+0000] {processor.py:175} INFO - Processing /home/airflow/.local/lib/python3.9/site-packages/airflow/example_dags/example_bash_operator.py took 0.200 seconds
[2025-05-13T02:50:30.005+0000] {processor.py:153} INFO - Started process (PID=649) to work on /home/airflow/.local/lib/python3.9/site-packages/airflow/example_dags/example_bash_operator.py
[2025-05-13T02:50:30.006+0000] {processor.py:743} INFO - Processing file /home/airflow/.local/lib/python3.9/site-packages/airflow/example_dags/example_bash_operator.py for tasks to queue
[2025-05-13T02:50:30.007+0000] {logging_mixin.py:137} INFO - [2025-05-13T02:50:30.007+0000] {dagbag.py:538} INFO - Filling up the DagBag from /home/airflow/.local/lib/python3.9/site-packages/airflow/example_dags/example_bash_operator.py
[2025-05-13T02:50:30.038+0000] {processor.py:753} INFO - DAG(s) dict_keys(['example_bash_operator']) retrieved from /home/airflow/.local/lib/python3.9/site-packages/airflow/example_dags/example_bash_operator.py
[2025-05-13T02:50:30.115+0000] {logging_mixin.py:137} INFO - [2025-05-13T02:50:30.114+0000] {dag.py:2676} INFO - Sync 1 DAGs
[2025-05-13T02:50:30.146+0000] {logging_mixin.py:137} INFO - [2025-05-13T02:50:30.146+0000] {dag.py:3423} INFO - Setting next_dagrun for example_bash_operator to 2025-05-12T00:00:00+00:00, run_after=2025-05-13T00:00:00+00:00
[2025-05-13T02:50:30.169+0000] {processor.py:175} INFO - Processing /home/airflow/.local/lib/python3.9/site-packages/airflow/example_dags/example_bash_operator.py took 0.171 seconds
[2025-05-13T21:18:24.402+0000] {processor.py:153} INFO - Started process (PID=225) to work on /home/airflow/.local/lib/python3.9/site-packages/airflow/example_dags/example_bash_operator.py
[2025-05-13T21:18:24.404+0000] {processor.py:743} INFO - Processing file /home/airflow/.local/lib/python3.9/site-packages/airflow/example_dags/example_bash_operator.py for tasks to queue
[2025-05-13T21:18:24.405+0000] {logging_mixin.py:137} INFO - [2025-05-13T21:18:24.405+0000] {dagbag.py:538} INFO - Filling up the DagBag from /home/airflow/.local/lib/python3.9/site-packages/airflow/example_dags/example_bash_operator.py
[2025-05-13T21:18:24.440+0000] {processor.py:753} INFO - DAG(s) dict_keys(['example_bash_operator']) retrieved from /home/airflow/.local/lib/python3.9/site-packages/airflow/example_dags/example_bash_operator.py
[2025-05-13T21:18:24.702+0000] {logging_mixin.py:137} INFO - [2025-05-13T21:18:24.702+0000] {manager.py:504} INFO - Created Permission View: can edit on DAG:example_bash_operator
[2025-05-13T21:18:24.721+0000] {logging_mixin.py:137} INFO - [2025-05-13T21:18:24.720+0000] {manager.py:504} INFO - Created Permission View: can delete on DAG:example_bash_operator
[2025-05-13T21:18:24.733+0000] {logging_mixin.py:137} INFO - [2025-05-13T21:18:24.733+0000] {manager.py:504} INFO - Created Permission View: can read on DAG:example_bash_operator
[2025-05-13T21:18:24.733+0000] {logging_mixin.py:137} INFO - [2025-05-13T21:18:24.733+0000] {dag.py:2676} INFO - Sync 1 DAGs
[2025-05-13T21:18:24.757+0000] {logging_mixin.py:137} INFO - [2025-05-13T21:18:24.757+0000] {dag.py:2697} INFO - Creating ORM DAG for example_bash_operator
[2025-05-13T21:18:24.780+0000] {logging_mixin.py:137} INFO - [2025-05-13T21:18:24.779+0000] {dag.py:3423} INFO - Setting next_dagrun for example_bash_operator to 2025-05-12T00:00:00+00:00, run_after=2025-05-13T00:00:00+00:00
[2025-05-13T21:18:24.828+0000] {processor.py:175} INFO - Processing /home/airflow/.local/lib/python3.9/site-packages/airflow/example_dags/example_bash_operator.py took 0.432 seconds
[2025-05-13T21:18:55.063+0000] {processor.py:153} INFO - Started process (PID=431) to work on /home/airflow/.local/lib/python3.9/site-packages/airflow/example_dags/example_bash_operator.py
[2025-05-13T21:18:55.064+0000] {processor.py:743} INFO - Processing file /home/airflow/.local/lib/python3.9/site-packages/airflow/example_dags/example_bash_operator.py for tasks to queue
[2025-05-13T21:18:55.065+0000] {logging_mixin.py:137} INFO - [2025-05-13T21:18:55.064+0000] {dagbag.py:538} INFO - Filling up the DagBag from /home/airflow/.local/lib/python3.9/site-packages/airflow/example_dags/example_bash_operator.py
[2025-05-13T21:18:55.099+0000] {processor.py:753} INFO - DAG(s) dict_keys(['example_bash_operator']) retrieved from /home/airflow/.local/lib/python3.9/site-packages/airflow/example_dags/example_bash_operator.py
[2025-05-13T21:18:55.166+0000] {logging_mixin.py:137} INFO - [2025-05-13T21:18:55.166+0000] {dag.py:2676} INFO - Sync 1 DAGs
[2025-05-13T21:18:55.196+0000] {logging_mixin.py:137} INFO - [2025-05-13T21:18:55.196+0000] {dag.py:3423} INFO - Setting next_dagrun for example_bash_operator to 2025-05-12T00:00:00+00:00, run_after=2025-05-13T00:00:00+00:00
[2025-05-13T21:18:55.225+0000] {processor.py:175} INFO - Processing /home/airflow/.local/lib/python3.9/site-packages/airflow/example_dags/example_bash_operator.py took 0.167 seconds
[2025-05-13T21:19:26.153+0000] {processor.py:153} INFO - Started process (PID=634) to work on /home/airflow/.local/lib/python3.9/site-packages/airflow/example_dags/example_bash_operator.py
[2025-05-13T21:19:26.155+0000] {processor.py:743} INFO - Processing file /home/airflow/.local/lib/python3.9/site-packages/airflow/example_dags/example_bash_operator.py for tasks to queue
[2025-05-13T21:19:26.156+0000] {logging_mixin.py:137} INFO - [2025-05-13T21:19:26.156+0000] {dagbag.py:538} INFO - Filling up the DagBag from /home/airflow/.local/lib/python3.9/site-packages/airflow/example_dags/example_bash_operator.py
[2025-05-13T21:19:26.199+0000] {processor.py:753} INFO - DAG(s) dict_keys(['example_bash_operator']) retrieved from /home/airflow/.local/lib/python3.9/site-packages/airflow/example_dags/example_bash_operator.py
[2025-05-13T21:19:26.314+0000] {logging_mixin.py:137} INFO - [2025-05-13T21:19:26.314+0000] {dag.py:2676} INFO - Sync 1 DAGs
[2025-05-13T21:19:26.369+0000] {logging_mixin.py:137} INFO - [2025-05-13T21:19:26.368+0000] {dag.py:3423} INFO - Setting next_dagrun for example_bash_operator to 2025-05-12T00:00:00+00:00, run_after=2025-05-13T00:00:00+00:00
[2025-05-13T21:19:26.397+0000] {processor.py:175} INFO - Processing /home/airflow/.local/lib/python3.9/site-packages/airflow/example_dags/example_bash_operator.py took 0.249 seconds
[2025-05-13T21:19:57.160+0000] {processor.py:153} INFO - Started process (PID=837) to work on /home/airflow/.local/lib/python3.9/site-packages/airflow/example_dags/example_bash_operator.py
[2025-05-13T21:19:57.161+0000] {processor.py:743} INFO - Processing file /home/airflow/.local/lib/python3.9/site-packages/airflow/example_dags/example_bash_operator.py for tasks to queue
[2025-05-13T21:19:57.163+0000] {logging_mixin.py:137} INFO - [2025-05-13T21:19:57.163+0000] {dagbag.py:538} INFO - Filling up the DagBag from /home/airflow/.local/lib/python3.9/site-packages/airflow/example_dags/example_bash_operator.py
[2025-05-13T21:19:57.196+0000] {processor.py:753} INFO - DAG(s) dict_keys(['example_bash_operator']) retrieved from /home/airflow/.local/lib/python3.9/site-packages/airflow/example_dags/example_bash_operator.py
[2025-05-13T21:19:57.290+0000] {logging_mixin.py:137} INFO - [2025-05-13T21:19:57.289+0000] {dag.py:2676} INFO - Sync 1 DAGs
[2025-05-13T21:19:57.335+0000] {logging_mixin.py:137} INFO - [2025-05-13T21:19:57.335+0000] {dag.py:3423} INFO - Setting next_dagrun for example_bash_operator to 2025-05-12T00:00:00+00:00, run_after=2025-05-13T00:00:00+00:00
[2025-05-13T21:19:57.369+0000] {processor.py:175} INFO - Processing /home/airflow/.local/lib/python3.9/site-packages/airflow/example_dags/example_bash_operator.py took 0.213 seconds
[2025-05-13T21:20:27.639+0000] {processor.py:153} INFO - Started process (PID=1040) to work on /home/airflow/.local/lib/python3.9/site-packages/airflow/example_dags/example_bash_operator.py
[2025-05-13T21:20:27.642+0000] {processor.py:743} INFO - Processing file /home/airflow/.local/lib/python3.9/site-packages/airflow/example_dags/example_bash_operator.py for tasks to queue
[2025-05-13T21:20:27.645+0000] {logging_mixin.py:137} INFO - [2025-05-13T21:20:27.644+0000] {dagbag.py:538} INFO - Filling up the DagBag from /home/airflow/.local/lib/python3.9/site-packages/airflow/example_dags/example_bash_operator.py
[2025-05-13T21:20:27.698+0000] {processor.py:753} INFO - DAG(s) dict_keys(['example_bash_operator']) retrieved from /home/airflow/.local/lib/python3.9/site-packages/airflow/example_dags/example_bash_operator.py
[2025-05-13T21:20:27.810+0000] {logging_mixin.py:137} INFO - [2025-05-13T21:20:27.810+0000] {dag.py:2676} INFO - Sync 1 DAGs
[2025-05-13T21:20:27.857+0000] {logging_mixin.py:137} INFO - [2025-05-13T21:20:27.857+0000] {dag.py:3423} INFO - Setting next_dagrun for example_bash_operator to 2025-05-12T00:00:00+00:00, run_after=2025-05-13T00:00:00+00:00
[2025-05-13T21:20:27.884+0000] {processor.py:175} INFO - Processing /home/airflow/.local/lib/python3.9/site-packages/airflow/example_dags/example_bash_operator.py took 0.251 seconds
[2025-05-13T21:20:57.961+0000] {processor.py:153} INFO - Started process (PID=1246) to work on /home/airflow/.local/lib/python3.9/site-packages/airflow/example_dags/example_bash_operator.py
[2025-05-13T21:20:57.962+0000] {processor.py:743} INFO - Processing file /home/airflow/.local/lib/python3.9/site-packages/airflow/example_dags/example_bash_operator.py for tasks to queue
[2025-05-13T21:20:57.964+0000] {logging_mixin.py:137} INFO - [2025-05-13T21:20:57.963+0000] {dagbag.py:538} INFO - Filling up the DagBag from /home/airflow/.local/lib/python3.9/site-packages/airflow/example_dags/example_bash_operator.py
[2025-05-13T21:20:57.994+0000] {processor.py:753} INFO - DAG(s) dict_keys(['example_bash_operator']) retrieved from /home/airflow/.local/lib/python3.9/site-packages/airflow/example_dags/example_bash_operator.py
[2025-05-13T21:20:58.065+0000] {logging_mixin.py:137} INFO - [2025-05-13T21:20:58.065+0000] {dag.py:2676} INFO - Sync 1 DAGs
[2025-05-13T21:20:58.101+0000] {logging_mixin.py:137} INFO - [2025-05-13T21:20:58.101+0000] {dag.py:3423} INFO - Setting next_dagrun for example_bash_operator to 2025-05-12T00:00:00+00:00, run_after=2025-05-13T00:00:00+00:00
[2025-05-13T21:20:58.133+0000] {processor.py:175} INFO - Processing /home/airflow/.local/lib/python3.9/site-packages/airflow/example_dags/example_bash_operator.py took 0.177 seconds
[2025-05-13T21:21:28.329+0000] {processor.py:153} INFO - Started process (PID=1449) to work on /home/airflow/.local/lib/python3.9/site-packages/airflow/example_dags/example_bash_operator.py
[2025-05-13T21:21:28.330+0000] {processor.py:743} INFO - Processing file /home/airflow/.local/lib/python3.9/site-packages/airflow/example_dags/example_bash_operator.py for tasks to queue
[2025-05-13T21:21:28.331+0000] {logging_mixin.py:137} INFO - [2025-05-13T21:21:28.331+0000] {dagbag.py:538} INFO - Filling up the DagBag from /home/airflow/.local/lib/python3.9/site-packages/airflow/example_dags/example_bash_operator.py
[2025-05-13T21:21:28.362+0000] {processor.py:753} INFO - DAG(s) dict_keys(['example_bash_operator']) retrieved from /home/airflow/.local/lib/python3.9/site-packages/airflow/example_dags/example_bash_operator.py
[2025-05-13T21:21:28.428+0000] {logging_mixin.py:137} INFO - [2025-05-13T21:21:28.428+0000] {dag.py:2676} INFO - Sync 1 DAGs
[2025-05-13T21:21:28.461+0000] {logging_mixin.py:137} INFO - [2025-05-13T21:21:28.461+0000] {dag.py:3423} INFO - Setting next_dagrun for example_bash_operator to 2025-05-12T00:00:00+00:00, run_after=2025-05-13T00:00:00+00:00
[2025-05-13T21:21:28.486+0000] {processor.py:175} INFO - Processing /home/airflow/.local/lib/python3.9/site-packages/airflow/example_dags/example_bash_operator.py took 0.163 seconds
[2025-05-13T21:21:59.211+0000] {processor.py:153} INFO - Started process (PID=1652) to work on /home/airflow/.local/lib/python3.9/site-packages/airflow/example_dags/example_bash_operator.py
[2025-05-13T21:21:59.212+0000] {processor.py:743} INFO - Processing file /home/airflow/.local/lib/python3.9/site-packages/airflow/example_dags/example_bash_operator.py for tasks to queue
[2025-05-13T21:21:59.213+0000] {logging_mixin.py:137} INFO - [2025-05-13T21:21:59.213+0000] {dagbag.py:538} INFO - Filling up the DagBag from /home/airflow/.local/lib/python3.9/site-packages/airflow/example_dags/example_bash_operator.py
[2025-05-13T21:21:59.243+0000] {processor.py:753} INFO - DAG(s) dict_keys(['example_bash_operator']) retrieved from /home/airflow/.local/lib/python3.9/site-packages/airflow/example_dags/example_bash_operator.py
[2025-05-13T21:21:59.311+0000] {logging_mixin.py:137} INFO - [2025-05-13T21:21:59.311+0000] {dag.py:2676} INFO - Sync 1 DAGs
[2025-05-13T21:21:59.342+0000] {logging_mixin.py:137} INFO - [2025-05-13T21:21:59.342+0000] {dag.py:3423} INFO - Setting next_dagrun for example_bash_operator to 2025-05-12T00:00:00+00:00, run_after=2025-05-13T00:00:00+00:00
[2025-05-13T21:21:59.366+0000] {processor.py:175} INFO - Processing /home/airflow/.local/lib/python3.9/site-packages/airflow/example_dags/example_bash_operator.py took 0.159 seconds
[2025-05-13T21:22:29.606+0000] {processor.py:153} INFO - Started process (PID=1855) to work on /home/airflow/.local/lib/python3.9/site-packages/airflow/example_dags/example_bash_operator.py
[2025-05-13T21:22:29.608+0000] {processor.py:743} INFO - Processing file /home/airflow/.local/lib/python3.9/site-packages/airflow/example_dags/example_bash_operator.py for tasks to queue
[2025-05-13T21:22:29.608+0000] {logging_mixin.py:137} INFO - [2025-05-13T21:22:29.608+0000] {dagbag.py:538} INFO - Filling up the DagBag from /home/airflow/.local/lib/python3.9/site-packages/airflow/example_dags/example_bash_operator.py
[2025-05-13T21:22:29.636+0000] {processor.py:753} INFO - DAG(s) dict_keys(['example_bash_operator']) retrieved from /home/airflow/.local/lib/python3.9/site-packages/airflow/example_dags/example_bash_operator.py
[2025-05-13T21:22:29.692+0000] {logging_mixin.py:137} INFO - [2025-05-13T21:22:29.692+0000] {dag.py:2676} INFO - Sync 1 DAGs
[2025-05-13T21:22:29.717+0000] {logging_mixin.py:137} INFO - [2025-05-13T21:22:29.717+0000] {dag.py:3423} INFO - Setting next_dagrun for example_bash_operator to 2025-05-12T00:00:00+00:00, run_after=2025-05-13T00:00:00+00:00
[2025-05-13T21:22:29.738+0000] {processor.py:175} INFO - Processing /home/airflow/.local/lib/python3.9/site-packages/airflow/example_dags/example_bash_operator.py took 0.136 seconds
[2025-05-13T21:22:59.959+0000] {processor.py:153} INFO - Started process (PID=2058) to work on /home/airflow/.local/lib/python3.9/site-packages/airflow/example_dags/example_bash_operator.py
[2025-05-13T21:22:59.962+0000] {processor.py:743} INFO - Processing file /home/airflow/.local/lib/python3.9/site-packages/airflow/example_dags/example_bash_operator.py for tasks to queue
[2025-05-13T21:22:59.963+0000] {logging_mixin.py:137} INFO - [2025-05-13T21:22:59.963+0000] {dagbag.py:538} INFO - Filling up the DagBag from /home/airflow/.local/lib/python3.9/site-packages/airflow/example_dags/example_bash_operator.py
[2025-05-13T21:23:00.005+0000] {processor.py:753} INFO - DAG(s) dict_keys(['example_bash_operator']) retrieved from /home/airflow/.local/lib/python3.9/site-packages/airflow/example_dags/example_bash_operator.py
[2025-05-13T21:23:00.122+0000] {logging_mixin.py:137} INFO - [2025-05-13T21:23:00.122+0000] {dag.py:2676} INFO - Sync 1 DAGs
[2025-05-13T21:23:00.165+0000] {logging_mixin.py:137} INFO - [2025-05-13T21:23:00.165+0000] {dag.py:3423} INFO - Setting next_dagrun for example_bash_operator to 2025-05-12T00:00:00+00:00, run_after=2025-05-13T00:00:00+00:00
[2025-05-13T21:23:00.206+0000] {processor.py:175} INFO - Processing /home/airflow/.local/lib/python3.9/site-packages/airflow/example_dags/example_bash_operator.py took 0.253 seconds
[2025-05-13T21:23:30.957+0000] {processor.py:153} INFO - Started process (PID=2259) to work on /home/airflow/.local/lib/python3.9/site-packages/airflow/example_dags/example_bash_operator.py
[2025-05-13T21:23:30.959+0000] {processor.py:743} INFO - Processing file /home/airflow/.local/lib/python3.9/site-packages/airflow/example_dags/example_bash_operator.py for tasks to queue
[2025-05-13T21:23:30.960+0000] {logging_mixin.py:137} INFO - [2025-05-13T21:23:30.959+0000] {dagbag.py:538} INFO - Filling up the DagBag from /home/airflow/.local/lib/python3.9/site-packages/airflow/example_dags/example_bash_operator.py
[2025-05-13T21:23:30.991+0000] {processor.py:753} INFO - DAG(s) dict_keys(['example_bash_operator']) retrieved from /home/airflow/.local/lib/python3.9/site-packages/airflow/example_dags/example_bash_operator.py
[2025-05-13T21:23:31.064+0000] {logging_mixin.py:137} INFO - [2025-05-13T21:23:31.063+0000] {dag.py:2676} INFO - Sync 1 DAGs
[2025-05-13T21:23:31.097+0000] {logging_mixin.py:137} INFO - [2025-05-13T21:23:31.097+0000] {dag.py:3423} INFO - Setting next_dagrun for example_bash_operator to 2025-05-12T00:00:00+00:00, run_after=2025-05-13T00:00:00+00:00
[2025-05-13T21:23:31.118+0000] {processor.py:175} INFO - Processing /home/airflow/.local/lib/python3.9/site-packages/airflow/example_dags/example_bash_operator.py took 0.166 seconds
[2025-05-13T21:24:02.052+0000] {processor.py:153} INFO - Started process (PID=2462) to work on /home/airflow/.local/lib/python3.9/site-packages/airflow/example_dags/example_bash_operator.py
[2025-05-13T21:24:02.053+0000] {processor.py:743} INFO - Processing file /home/airflow/.local/lib/python3.9/site-packages/airflow/example_dags/example_bash_operator.py for tasks to queue
[2025-05-13T21:24:02.054+0000] {logging_mixin.py:137} INFO - [2025-05-13T21:24:02.054+0000] {dagbag.py:538} INFO - Filling up the DagBag from /home/airflow/.local/lib/python3.9/site-packages/airflow/example_dags/example_bash_operator.py
[2025-05-13T21:24:02.077+0000] {processor.py:753} INFO - DAG(s) dict_keys(['example_bash_operator']) retrieved from /home/airflow/.local/lib/python3.9/site-packages/airflow/example_dags/example_bash_operator.py
[2025-05-13T21:24:02.138+0000] {logging_mixin.py:137} INFO - [2025-05-13T21:24:02.138+0000] {dag.py:2676} INFO - Sync 1 DAGs
[2025-05-13T21:24:02.169+0000] {logging_mixin.py:137} INFO - [2025-05-13T21:24:02.168+0000] {dag.py:3423} INFO - Setting next_dagrun for example_bash_operator to 2025-05-12T00:00:00+00:00, run_after=2025-05-13T00:00:00+00:00
[2025-05-13T21:24:02.194+0000] {processor.py:175} INFO - Processing /home/airflow/.local/lib/python3.9/site-packages/airflow/example_dags/example_bash_operator.py took 0.145 seconds
[2025-05-13T21:24:32.771+0000] {processor.py:153} INFO - Started process (PID=2661) to work on /home/airflow/.local/lib/python3.9/site-packages/airflow/example_dags/example_bash_operator.py
[2025-05-13T21:24:32.772+0000] {processor.py:743} INFO - Processing file /home/airflow/.local/lib/python3.9/site-packages/airflow/example_dags/example_bash_operator.py for tasks to queue
[2025-05-13T21:24:32.773+0000] {logging_mixin.py:137} INFO - [2025-05-13T21:24:32.773+0000] {dagbag.py:538} INFO - Filling up the DagBag from /home/airflow/.local/lib/python3.9/site-packages/airflow/example_dags/example_bash_operator.py
[2025-05-13T21:24:32.811+0000] {processor.py:753} INFO - DAG(s) dict_keys(['example_bash_operator']) retrieved from /home/airflow/.local/lib/python3.9/site-packages/airflow/example_dags/example_bash_operator.py
[2025-05-13T21:24:32.890+0000] {logging_mixin.py:137} INFO - [2025-05-13T21:24:32.890+0000] {dag.py:2676} INFO - Sync 1 DAGs
[2025-05-13T21:24:32.927+0000] {logging_mixin.py:137} INFO - [2025-05-13T21:24:32.926+0000] {dag.py:3423} INFO - Setting next_dagrun for example_bash_operator to 2025-05-12T00:00:00+00:00, run_after=2025-05-13T00:00:00+00:00
[2025-05-13T21:24:32.952+0000] {processor.py:175} INFO - Processing /home/airflow/.local/lib/python3.9/site-packages/airflow/example_dags/example_bash_operator.py took 0.187 seconds
[2025-05-13T21:25:03.341+0000] {processor.py:153} INFO - Started process (PID=2864) to work on /home/airflow/.local/lib/python3.9/site-packages/airflow/example_dags/example_bash_operator.py
[2025-05-13T21:25:03.344+0000] {processor.py:743} INFO - Processing file /home/airflow/.local/lib/python3.9/site-packages/airflow/example_dags/example_bash_operator.py for tasks to queue
[2025-05-13T21:25:03.345+0000] {logging_mixin.py:137} INFO - [2025-05-13T21:25:03.345+0000] {dagbag.py:538} INFO - Filling up the DagBag from /home/airflow/.local/lib/python3.9/site-packages/airflow/example_dags/example_bash_operator.py
[2025-05-13T21:25:03.375+0000] {processor.py:753} INFO - DAG(s) dict_keys(['example_bash_operator']) retrieved from /home/airflow/.local/lib/python3.9/site-packages/airflow/example_dags/example_bash_operator.py
[2025-05-13T21:25:03.439+0000] {logging_mixin.py:137} INFO - [2025-05-13T21:25:03.439+0000] {dag.py:2676} INFO - Sync 1 DAGs
[2025-05-13T21:25:03.476+0000] {logging_mixin.py:137} INFO - [2025-05-13T21:25:03.476+0000] {dag.py:3423} INFO - Setting next_dagrun for example_bash_operator to 2025-05-12T00:00:00+00:00, run_after=2025-05-13T00:00:00+00:00
[2025-05-13T21:25:03.503+0000] {processor.py:175} INFO - Processing /home/airflow/.local/lib/python3.9/site-packages/airflow/example_dags/example_bash_operator.py took 0.167 seconds
[2025-05-13T21:25:34.082+0000] {processor.py:153} INFO - Started process (PID=3067) to work on /home/airflow/.local/lib/python3.9/site-packages/airflow/example_dags/example_bash_operator.py
[2025-05-13T21:25:34.084+0000] {processor.py:743} INFO - Processing file /home/airflow/.local/lib/python3.9/site-packages/airflow/example_dags/example_bash_operator.py for tasks to queue
[2025-05-13T21:25:34.085+0000] {logging_mixin.py:137} INFO - [2025-05-13T21:25:34.085+0000] {dagbag.py:538} INFO - Filling up the DagBag from /home/airflow/.local/lib/python3.9/site-packages/airflow/example_dags/example_bash_operator.py
[2025-05-13T21:25:34.117+0000] {processor.py:753} INFO - DAG(s) dict_keys(['example_bash_operator']) retrieved from /home/airflow/.local/lib/python3.9/site-packages/airflow/example_dags/example_bash_operator.py
[2025-05-13T21:25:34.190+0000] {logging_mixin.py:137} INFO - [2025-05-13T21:25:34.190+0000] {dag.py:2676} INFO - Sync 1 DAGs
[2025-05-13T21:25:34.224+0000] {logging_mixin.py:137} INFO - [2025-05-13T21:25:34.224+0000] {dag.py:3423} INFO - Setting next_dagrun for example_bash_operator to 2025-05-12T00:00:00+00:00, run_after=2025-05-13T00:00:00+00:00
[2025-05-13T21:25:34.248+0000] {processor.py:175} INFO - Processing /home/airflow/.local/lib/python3.9/site-packages/airflow/example_dags/example_bash_operator.py took 0.174 seconds
[2025-05-13T21:26:04.425+0000] {processor.py:153} INFO - Started process (PID=3282) to work on /home/airflow/.local/lib/python3.9/site-packages/airflow/example_dags/example_bash_operator.py
[2025-05-13T21:26:04.426+0000] {processor.py:743} INFO - Processing file /home/airflow/.local/lib/python3.9/site-packages/airflow/example_dags/example_bash_operator.py for tasks to queue
[2025-05-13T21:26:04.427+0000] {logging_mixin.py:137} INFO - [2025-05-13T21:26:04.427+0000] {dagbag.py:538} INFO - Filling up the DagBag from /home/airflow/.local/lib/python3.9/site-packages/airflow/example_dags/example_bash_operator.py
[2025-05-13T21:26:04.463+0000] {processor.py:753} INFO - DAG(s) dict_keys(['example_bash_operator']) retrieved from /home/airflow/.local/lib/python3.9/site-packages/airflow/example_dags/example_bash_operator.py
[2025-05-13T21:26:04.542+0000] {logging_mixin.py:137} INFO - [2025-05-13T21:26:04.541+0000] {dag.py:2676} INFO - Sync 1 DAGs
[2025-05-13T21:26:04.582+0000] {logging_mixin.py:137} INFO - [2025-05-13T21:26:04.582+0000] {dag.py:3423} INFO - Setting next_dagrun for example_bash_operator to 2025-05-12T00:00:00+00:00, run_after=2025-05-13T00:00:00+00:00
[2025-05-13T21:26:04.606+0000] {processor.py:175} INFO - Processing /home/airflow/.local/lib/python3.9/site-packages/airflow/example_dags/example_bash_operator.py took 0.185 seconds
[2025-05-13T21:26:35.297+0000] {processor.py:153} INFO - Started process (PID=3485) to work on /home/airflow/.local/lib/python3.9/site-packages/airflow/example_dags/example_bash_operator.py
[2025-05-13T21:26:35.299+0000] {processor.py:743} INFO - Processing file /home/airflow/.local/lib/python3.9/site-packages/airflow/example_dags/example_bash_operator.py for tasks to queue
[2025-05-13T21:26:35.301+0000] {logging_mixin.py:137} INFO - [2025-05-13T21:26:35.300+0000] {dagbag.py:538} INFO - Filling up the DagBag from /home/airflow/.local/lib/python3.9/site-packages/airflow/example_dags/example_bash_operator.py
[2025-05-13T21:26:35.336+0000] {processor.py:753} INFO - DAG(s) dict_keys(['example_bash_operator']) retrieved from /home/airflow/.local/lib/python3.9/site-packages/airflow/example_dags/example_bash_operator.py
[2025-05-13T21:26:35.408+0000] {logging_mixin.py:137} INFO - [2025-05-13T21:26:35.408+0000] {dag.py:2676} INFO - Sync 1 DAGs
[2025-05-13T21:26:35.442+0000] {logging_mixin.py:137} INFO - [2025-05-13T21:26:35.441+0000] {dag.py:3423} INFO - Setting next_dagrun for example_bash_operator to 2025-05-12T00:00:00+00:00, run_after=2025-05-13T00:00:00+00:00
[2025-05-13T21:26:35.465+0000] {processor.py:175} INFO - Processing /home/airflow/.local/lib/python3.9/site-packages/airflow/example_dags/example_bash_operator.py took 0.173 seconds
[2025-05-13T21:27:05.919+0000] {processor.py:153} INFO - Started process (PID=3688) to work on /home/airflow/.local/lib/python3.9/site-packages/airflow/example_dags/example_bash_operator.py
[2025-05-13T21:27:05.920+0000] {processor.py:743} INFO - Processing file /home/airflow/.local/lib/python3.9/site-packages/airflow/example_dags/example_bash_operator.py for tasks to queue
[2025-05-13T21:27:05.921+0000] {logging_mixin.py:137} INFO - [2025-05-13T21:27:05.921+0000] {dagbag.py:538} INFO - Filling up the DagBag from /home/airflow/.local/lib/python3.9/site-packages/airflow/example_dags/example_bash_operator.py
[2025-05-13T21:27:05.951+0000] {processor.py:753} INFO - DAG(s) dict_keys(['example_bash_operator']) retrieved from /home/airflow/.local/lib/python3.9/site-packages/airflow/example_dags/example_bash_operator.py
[2025-05-13T21:27:06.019+0000] {logging_mixin.py:137} INFO - [2025-05-13T21:27:06.018+0000] {dag.py:2676} INFO - Sync 1 DAGs
[2025-05-13T21:27:06.047+0000] {logging_mixin.py:137} INFO - [2025-05-13T21:27:06.047+0000] {dag.py:3423} INFO - Setting next_dagrun for example_bash_operator to 2025-05-12T00:00:00+00:00, run_after=2025-05-13T00:00:00+00:00
[2025-05-13T21:27:06.071+0000] {processor.py:175} INFO - Processing /home/airflow/.local/lib/python3.9/site-packages/airflow/example_dags/example_bash_operator.py took 0.156 seconds
[2025-05-13T21:27:36.598+0000] {processor.py:153} INFO - Started process (PID=3891) to work on /home/airflow/.local/lib/python3.9/site-packages/airflow/example_dags/example_bash_operator.py
[2025-05-13T21:27:36.599+0000] {processor.py:743} INFO - Processing file /home/airflow/.local/lib/python3.9/site-packages/airflow/example_dags/example_bash_operator.py for tasks to queue
[2025-05-13T21:27:36.599+0000] {logging_mixin.py:137} INFO - [2025-05-13T21:27:36.599+0000] {dagbag.py:538} INFO - Filling up the DagBag from /home/airflow/.local/lib/python3.9/site-packages/airflow/example_dags/example_bash_operator.py
[2025-05-13T21:27:36.634+0000] {processor.py:753} INFO - DAG(s) dict_keys(['example_bash_operator']) retrieved from /home/airflow/.local/lib/python3.9/site-packages/airflow/example_dags/example_bash_operator.py
[2025-05-13T21:27:36.710+0000] {logging_mixin.py:137} INFO - [2025-05-13T21:27:36.710+0000] {dag.py:2676} INFO - Sync 1 DAGs
[2025-05-13T21:27:36.753+0000] {logging_mixin.py:137} INFO - [2025-05-13T21:27:36.753+0000] {dag.py:3423} INFO - Setting next_dagrun for example_bash_operator to 2025-05-12T00:00:00+00:00, run_after=2025-05-13T00:00:00+00:00
[2025-05-13T21:27:36.784+0000] {processor.py:175} INFO - Processing /home/airflow/.local/lib/python3.9/site-packages/airflow/example_dags/example_bash_operator.py took 0.189 seconds
[2025-05-13T21:28:07.454+0000] {processor.py:153} INFO - Started process (PID=4094) to work on /home/airflow/.local/lib/python3.9/site-packages/airflow/example_dags/example_bash_operator.py
[2025-05-13T21:28:07.456+0000] {processor.py:743} INFO - Processing file /home/airflow/.local/lib/python3.9/site-packages/airflow/example_dags/example_bash_operator.py for tasks to queue
[2025-05-13T21:28:07.457+0000] {logging_mixin.py:137} INFO - [2025-05-13T21:28:07.457+0000] {dagbag.py:538} INFO - Filling up the DagBag from /home/airflow/.local/lib/python3.9/site-packages/airflow/example_dags/example_bash_operator.py
[2025-05-13T21:28:07.495+0000] {processor.py:753} INFO - DAG(s) dict_keys(['example_bash_operator']) retrieved from /home/airflow/.local/lib/python3.9/site-packages/airflow/example_dags/example_bash_operator.py
[2025-05-13T21:28:07.539+0000] {logging_mixin.py:137} INFO - [2025-05-13T21:28:07.538+0000] {dag.py:2676} INFO - Sync 1 DAGs
[2025-05-13T21:28:07.587+0000] {logging_mixin.py:137} INFO - [2025-05-13T21:28:07.587+0000] {dag.py:3423} INFO - Setting next_dagrun for example_bash_operator to 2025-05-12T00:00:00+00:00, run_after=2025-05-13T00:00:00+00:00
[2025-05-13T21:28:07.621+0000] {processor.py:175} INFO - Processing /home/airflow/.local/lib/python3.9/site-packages/airflow/example_dags/example_bash_operator.py took 0.171 seconds
[2025-05-13T21:28:38.045+0000] {processor.py:153} INFO - Started process (PID=4297) to work on /home/airflow/.local/lib/python3.9/site-packages/airflow/example_dags/example_bash_operator.py
[2025-05-13T21:28:38.046+0000] {processor.py:743} INFO - Processing file /home/airflow/.local/lib/python3.9/site-packages/airflow/example_dags/example_bash_operator.py for tasks to queue
[2025-05-13T21:28:38.048+0000] {logging_mixin.py:137} INFO - [2025-05-13T21:28:38.048+0000] {dagbag.py:538} INFO - Filling up the DagBag from /home/airflow/.local/lib/python3.9/site-packages/airflow/example_dags/example_bash_operator.py
[2025-05-13T21:28:38.076+0000] {processor.py:753} INFO - DAG(s) dict_keys(['example_bash_operator']) retrieved from /home/airflow/.local/lib/python3.9/site-packages/airflow/example_dags/example_bash_operator.py
[2025-05-13T21:28:38.144+0000] {logging_mixin.py:137} INFO - [2025-05-13T21:28:38.144+0000] {dag.py:2676} INFO - Sync 1 DAGs
[2025-05-13T21:28:38.176+0000] {logging_mixin.py:137} INFO - [2025-05-13T21:28:38.176+0000] {dag.py:3423} INFO - Setting next_dagrun for example_bash_operator to 2025-05-12T00:00:00+00:00, run_after=2025-05-13T00:00:00+00:00
[2025-05-13T21:28:38.203+0000] {processor.py:175} INFO - Processing /home/airflow/.local/lib/python3.9/site-packages/airflow/example_dags/example_bash_operator.py took 0.162 seconds
[2025-05-13T21:29:08.377+0000] {processor.py:153} INFO - Started process (PID=4498) to work on /home/airflow/.local/lib/python3.9/site-packages/airflow/example_dags/example_bash_operator.py
[2025-05-13T21:29:08.379+0000] {processor.py:743} INFO - Processing file /home/airflow/.local/lib/python3.9/site-packages/airflow/example_dags/example_bash_operator.py for tasks to queue
[2025-05-13T21:29:08.380+0000] {logging_mixin.py:137} INFO - [2025-05-13T21:29:08.380+0000] {dagbag.py:538} INFO - Filling up the DagBag from /home/airflow/.local/lib/python3.9/site-packages/airflow/example_dags/example_bash_operator.py
[2025-05-13T21:29:08.408+0000] {processor.py:753} INFO - DAG(s) dict_keys(['example_bash_operator']) retrieved from /home/airflow/.local/lib/python3.9/site-packages/airflow/example_dags/example_bash_operator.py
[2025-05-13T21:29:08.473+0000] {logging_mixin.py:137} INFO - [2025-05-13T21:29:08.473+0000] {dag.py:2676} INFO - Sync 1 DAGs
[2025-05-13T21:29:08.503+0000] {logging_mixin.py:137} INFO - [2025-05-13T21:29:08.503+0000] {dag.py:3423} INFO - Setting next_dagrun for example_bash_operator to 2025-05-12T00:00:00+00:00, run_after=2025-05-13T00:00:00+00:00
[2025-05-13T21:29:08.526+0000] {processor.py:175} INFO - Processing /home/airflow/.local/lib/python3.9/site-packages/airflow/example_dags/example_bash_operator.py took 0.152 seconds
[2025-05-13T21:29:38.609+0000] {processor.py:153} INFO - Started process (PID=4697) to work on /home/airflow/.local/lib/python3.9/site-packages/airflow/example_dags/example_bash_operator.py
[2025-05-13T21:29:38.611+0000] {processor.py:743} INFO - Processing file /home/airflow/.local/lib/python3.9/site-packages/airflow/example_dags/example_bash_operator.py for tasks to queue
[2025-05-13T21:29:38.612+0000] {logging_mixin.py:137} INFO - [2025-05-13T21:29:38.612+0000] {dagbag.py:538} INFO - Filling up the DagBag from /home/airflow/.local/lib/python3.9/site-packages/airflow/example_dags/example_bash_operator.py
[2025-05-13T21:29:38.652+0000] {processor.py:753} INFO - DAG(s) dict_keys(['example_bash_operator']) retrieved from /home/airflow/.local/lib/python3.9/site-packages/airflow/example_dags/example_bash_operator.py
[2025-05-13T21:29:38.753+0000] {logging_mixin.py:137} INFO - [2025-05-13T21:29:38.753+0000] {dag.py:2676} INFO - Sync 1 DAGs
[2025-05-13T21:29:38.788+0000] {logging_mixin.py:137} INFO - [2025-05-13T21:29:38.788+0000] {dag.py:3423} INFO - Setting next_dagrun for example_bash_operator to 2025-05-12T00:00:00+00:00, run_after=2025-05-13T00:00:00+00:00
[2025-05-13T21:29:38.813+0000] {processor.py:175} INFO - Processing /home/airflow/.local/lib/python3.9/site-packages/airflow/example_dags/example_bash_operator.py took 0.208 seconds
[2025-05-13T21:30:09.342+0000] {processor.py:153} INFO - Started process (PID=4900) to work on /home/airflow/.local/lib/python3.9/site-packages/airflow/example_dags/example_bash_operator.py
[2025-05-13T21:30:09.343+0000] {processor.py:743} INFO - Processing file /home/airflow/.local/lib/python3.9/site-packages/airflow/example_dags/example_bash_operator.py for tasks to queue
[2025-05-13T21:30:09.344+0000] {logging_mixin.py:137} INFO - [2025-05-13T21:30:09.344+0000] {dagbag.py:538} INFO - Filling up the DagBag from /home/airflow/.local/lib/python3.9/site-packages/airflow/example_dags/example_bash_operator.py
[2025-05-13T21:30:09.373+0000] {processor.py:753} INFO - DAG(s) dict_keys(['example_bash_operator']) retrieved from /home/airflow/.local/lib/python3.9/site-packages/airflow/example_dags/example_bash_operator.py
[2025-05-13T21:30:09.439+0000] {logging_mixin.py:137} INFO - [2025-05-13T21:30:09.439+0000] {dag.py:2676} INFO - Sync 1 DAGs
[2025-05-13T21:30:09.467+0000] {logging_mixin.py:137} INFO - [2025-05-13T21:30:09.467+0000] {dag.py:3423} INFO - Setting next_dagrun for example_bash_operator to 2025-05-12T00:00:00+00:00, run_after=2025-05-13T00:00:00+00:00
[2025-05-13T21:30:09.492+0000] {processor.py:175} INFO - Processing /home/airflow/.local/lib/python3.9/site-packages/airflow/example_dags/example_bash_operator.py took 0.154 seconds
[2025-05-13T21:30:39.856+0000] {processor.py:153} INFO - Started process (PID=5103) to work on /home/airflow/.local/lib/python3.9/site-packages/airflow/example_dags/example_bash_operator.py
[2025-05-13T21:30:39.857+0000] {processor.py:743} INFO - Processing file /home/airflow/.local/lib/python3.9/site-packages/airflow/example_dags/example_bash_operator.py for tasks to queue
[2025-05-13T21:30:39.858+0000] {logging_mixin.py:137} INFO - [2025-05-13T21:30:39.858+0000] {dagbag.py:538} INFO - Filling up the DagBag from /home/airflow/.local/lib/python3.9/site-packages/airflow/example_dags/example_bash_operator.py
[2025-05-13T21:30:39.888+0000] {processor.py:753} INFO - DAG(s) dict_keys(['example_bash_operator']) retrieved from /home/airflow/.local/lib/python3.9/site-packages/airflow/example_dags/example_bash_operator.py
[2025-05-13T21:30:39.952+0000] {logging_mixin.py:137} INFO - [2025-05-13T21:30:39.952+0000] {dag.py:2676} INFO - Sync 1 DAGs
[2025-05-13T21:30:39.980+0000] {logging_mixin.py:137} INFO - [2025-05-13T21:30:39.980+0000] {dag.py:3423} INFO - Setting next_dagrun for example_bash_operator to 2025-05-12T00:00:00+00:00, run_after=2025-05-13T00:00:00+00:00
[2025-05-13T21:30:40.005+0000] {processor.py:175} INFO - Processing /home/airflow/.local/lib/python3.9/site-packages/airflow/example_dags/example_bash_operator.py took 0.153 seconds
[2025-05-13T21:31:10.480+0000] {processor.py:153} INFO - Started process (PID=5309) to work on /home/airflow/.local/lib/python3.9/site-packages/airflow/example_dags/example_bash_operator.py
[2025-05-13T21:31:10.481+0000] {processor.py:743} INFO - Processing file /home/airflow/.local/lib/python3.9/site-packages/airflow/example_dags/example_bash_operator.py for tasks to queue
[2025-05-13T21:31:10.483+0000] {logging_mixin.py:137} INFO - [2025-05-13T21:31:10.483+0000] {dagbag.py:538} INFO - Filling up the DagBag from /home/airflow/.local/lib/python3.9/site-packages/airflow/example_dags/example_bash_operator.py
[2025-05-13T21:31:10.510+0000] {processor.py:753} INFO - DAG(s) dict_keys(['example_bash_operator']) retrieved from /home/airflow/.local/lib/python3.9/site-packages/airflow/example_dags/example_bash_operator.py
[2025-05-13T21:31:10.582+0000] {logging_mixin.py:137} INFO - [2025-05-13T21:31:10.582+0000] {dag.py:2676} INFO - Sync 1 DAGs
[2025-05-13T21:31:10.626+0000] {logging_mixin.py:137} INFO - [2025-05-13T21:31:10.626+0000] {dag.py:3423} INFO - Setting next_dagrun for example_bash_operator to 2025-05-12T00:00:00+00:00, run_after=2025-05-13T00:00:00+00:00
[2025-05-13T21:31:10.660+0000] {processor.py:175} INFO - Processing /home/airflow/.local/lib/python3.9/site-packages/airflow/example_dags/example_bash_operator.py took 0.183 seconds
[2025-05-13T21:31:41.169+0000] {processor.py:153} INFO - Started process (PID=5512) to work on /home/airflow/.local/lib/python3.9/site-packages/airflow/example_dags/example_bash_operator.py
[2025-05-13T21:31:41.171+0000] {processor.py:743} INFO - Processing file /home/airflow/.local/lib/python3.9/site-packages/airflow/example_dags/example_bash_operator.py for tasks to queue
[2025-05-13T21:31:41.173+0000] {logging_mixin.py:137} INFO - [2025-05-13T21:31:41.172+0000] {dagbag.py:538} INFO - Filling up the DagBag from /home/airflow/.local/lib/python3.9/site-packages/airflow/example_dags/example_bash_operator.py
[2025-05-13T21:31:41.205+0000] {processor.py:753} INFO - DAG(s) dict_keys(['example_bash_operator']) retrieved from /home/airflow/.local/lib/python3.9/site-packages/airflow/example_dags/example_bash_operator.py
[2025-05-13T21:31:41.282+0000] {logging_mixin.py:137} INFO - [2025-05-13T21:31:41.282+0000] {dag.py:2676} INFO - Sync 1 DAGs
[2025-05-13T21:31:41.320+0000] {logging_mixin.py:137} INFO - [2025-05-13T21:31:41.319+0000] {dag.py:3423} INFO - Setting next_dagrun for example_bash_operator to 2025-05-12T00:00:00+00:00, run_after=2025-05-13T00:00:00+00:00
[2025-05-13T21:31:41.350+0000] {processor.py:175} INFO - Processing /home/airflow/.local/lib/python3.9/site-packages/airflow/example_dags/example_bash_operator.py took 0.185 seconds
[2025-05-13T21:32:12.108+0000] {processor.py:153} INFO - Started process (PID=5715) to work on /home/airflow/.local/lib/python3.9/site-packages/airflow/example_dags/example_bash_operator.py
[2025-05-13T21:32:12.110+0000] {processor.py:743} INFO - Processing file /home/airflow/.local/lib/python3.9/site-packages/airflow/example_dags/example_bash_operator.py for tasks to queue
[2025-05-13T21:32:12.111+0000] {logging_mixin.py:137} INFO - [2025-05-13T21:32:12.111+0000] {dagbag.py:538} INFO - Filling up the DagBag from /home/airflow/.local/lib/python3.9/site-packages/airflow/example_dags/example_bash_operator.py
[2025-05-13T21:32:12.141+0000] {processor.py:753} INFO - DAG(s) dict_keys(['example_bash_operator']) retrieved from /home/airflow/.local/lib/python3.9/site-packages/airflow/example_dags/example_bash_operator.py
[2025-05-13T21:32:12.179+0000] {logging_mixin.py:137} INFO - [2025-05-13T21:32:12.178+0000] {dag.py:2676} INFO - Sync 1 DAGs
[2025-05-13T21:32:12.211+0000] {logging_mixin.py:137} INFO - [2025-05-13T21:32:12.211+0000] {dag.py:3423} INFO - Setting next_dagrun for example_bash_operator to 2025-05-12T00:00:00+00:00, run_after=2025-05-13T00:00:00+00:00
[2025-05-13T21:32:12.236+0000] {processor.py:175} INFO - Processing /home/airflow/.local/lib/python3.9/site-packages/airflow/example_dags/example_bash_operator.py took 0.132 seconds
[2025-05-13T21:32:42.441+0000] {processor.py:153} INFO - Started process (PID=5918) to work on /home/airflow/.local/lib/python3.9/site-packages/airflow/example_dags/example_bash_operator.py
[2025-05-13T21:32:42.442+0000] {processor.py:743} INFO - Processing file /home/airflow/.local/lib/python3.9/site-packages/airflow/example_dags/example_bash_operator.py for tasks to queue
[2025-05-13T21:32:42.443+0000] {logging_mixin.py:137} INFO - [2025-05-13T21:32:42.443+0000] {dagbag.py:538} INFO - Filling up the DagBag from /home/airflow/.local/lib/python3.9/site-packages/airflow/example_dags/example_bash_operator.py
[2025-05-13T21:32:42.473+0000] {processor.py:753} INFO - DAG(s) dict_keys(['example_bash_operator']) retrieved from /home/airflow/.local/lib/python3.9/site-packages/airflow/example_dags/example_bash_operator.py
[2025-05-13T21:32:42.543+0000] {logging_mixin.py:137} INFO - [2025-05-13T21:32:42.542+0000] {dag.py:2676} INFO - Sync 1 DAGs
[2025-05-13T21:32:42.574+0000] {logging_mixin.py:137} INFO - [2025-05-13T21:32:42.574+0000] {dag.py:3423} INFO - Setting next_dagrun for example_bash_operator to 2025-05-12T00:00:00+00:00, run_after=2025-05-13T00:00:00+00:00
[2025-05-13T21:32:42.599+0000] {processor.py:175} INFO - Processing /home/airflow/.local/lib/python3.9/site-packages/airflow/example_dags/example_bash_operator.py took 0.163 seconds
[2025-05-13T21:33:12.742+0000] {processor.py:153} INFO - Started process (PID=6121) to work on /home/airflow/.local/lib/python3.9/site-packages/airflow/example_dags/example_bash_operator.py
[2025-05-13T21:33:12.744+0000] {processor.py:743} INFO - Processing file /home/airflow/.local/lib/python3.9/site-packages/airflow/example_dags/example_bash_operator.py for tasks to queue
[2025-05-13T21:33:12.745+0000] {logging_mixin.py:137} INFO - [2025-05-13T21:33:12.745+0000] {dagbag.py:538} INFO - Filling up the DagBag from /home/airflow/.local/lib/python3.9/site-packages/airflow/example_dags/example_bash_operator.py
[2025-05-13T21:33:12.776+0000] {processor.py:753} INFO - DAG(s) dict_keys(['example_bash_operator']) retrieved from /home/airflow/.local/lib/python3.9/site-packages/airflow/example_dags/example_bash_operator.py
[2025-05-13T21:33:12.839+0000] {logging_mixin.py:137} INFO - [2025-05-13T21:33:12.839+0000] {dag.py:2676} INFO - Sync 1 DAGs
[2025-05-13T21:33:12.870+0000] {logging_mixin.py:137} INFO - [2025-05-13T21:33:12.870+0000] {dag.py:3423} INFO - Setting next_dagrun for example_bash_operator to 2025-05-12T00:00:00+00:00, run_after=2025-05-13T00:00:00+00:00
[2025-05-13T21:33:12.899+0000] {processor.py:175} INFO - Processing /home/airflow/.local/lib/python3.9/site-packages/airflow/example_dags/example_bash_operator.py took 0.161 seconds
[2025-05-13T21:33:43.166+0000] {processor.py:153} INFO - Started process (PID=6324) to work on /home/airflow/.local/lib/python3.9/site-packages/airflow/example_dags/example_bash_operator.py
[2025-05-13T21:33:43.167+0000] {processor.py:743} INFO - Processing file /home/airflow/.local/lib/python3.9/site-packages/airflow/example_dags/example_bash_operator.py for tasks to queue
[2025-05-13T21:33:43.168+0000] {logging_mixin.py:137} INFO - [2025-05-13T21:33:43.168+0000] {dagbag.py:538} INFO - Filling up the DagBag from /home/airflow/.local/lib/python3.9/site-packages/airflow/example_dags/example_bash_operator.py
[2025-05-13T21:33:43.202+0000] {processor.py:753} INFO - DAG(s) dict_keys(['example_bash_operator']) retrieved from /home/airflow/.local/lib/python3.9/site-packages/airflow/example_dags/example_bash_operator.py
[2025-05-13T21:33:43.275+0000] {logging_mixin.py:137} INFO - [2025-05-13T21:33:43.274+0000] {dag.py:2676} INFO - Sync 1 DAGs
[2025-05-13T21:33:43.311+0000] {logging_mixin.py:137} INFO - [2025-05-13T21:33:43.311+0000] {dag.py:3423} INFO - Setting next_dagrun for example_bash_operator to 2025-05-12T00:00:00+00:00, run_after=2025-05-13T00:00:00+00:00
[2025-05-13T21:33:43.335+0000] {processor.py:175} INFO - Processing /home/airflow/.local/lib/python3.9/site-packages/airflow/example_dags/example_bash_operator.py took 0.175 seconds
[2025-05-13T21:34:13.968+0000] {processor.py:153} INFO - Started process (PID=6525) to work on /home/airflow/.local/lib/python3.9/site-packages/airflow/example_dags/example_bash_operator.py
[2025-05-13T21:34:13.970+0000] {processor.py:743} INFO - Processing file /home/airflow/.local/lib/python3.9/site-packages/airflow/example_dags/example_bash_operator.py for tasks to queue
[2025-05-13T21:34:13.971+0000] {logging_mixin.py:137} INFO - [2025-05-13T21:34:13.971+0000] {dagbag.py:538} INFO - Filling up the DagBag from /home/airflow/.local/lib/python3.9/site-packages/airflow/example_dags/example_bash_operator.py
[2025-05-13T21:34:14.003+0000] {processor.py:753} INFO - DAG(s) dict_keys(['example_bash_operator']) retrieved from /home/airflow/.local/lib/python3.9/site-packages/airflow/example_dags/example_bash_operator.py
[2025-05-13T21:34:14.075+0000] {logging_mixin.py:137} INFO - [2025-05-13T21:34:14.074+0000] {dag.py:2676} INFO - Sync 1 DAGs
[2025-05-13T21:34:14.106+0000] {logging_mixin.py:137} INFO - [2025-05-13T21:34:14.105+0000] {dag.py:3423} INFO - Setting next_dagrun for example_bash_operator to 2025-05-12T00:00:00+00:00, run_after=2025-05-13T00:00:00+00:00
[2025-05-13T21:34:14.130+0000] {processor.py:175} INFO - Processing /home/airflow/.local/lib/python3.9/site-packages/airflow/example_dags/example_bash_operator.py took 0.166 seconds
[2025-05-13T21:34:44.264+0000] {processor.py:153} INFO - Started process (PID=6734) to work on /home/airflow/.local/lib/python3.9/site-packages/airflow/example_dags/example_bash_operator.py
[2025-05-13T21:34:44.289+0000] {processor.py:743} INFO - Processing file /home/airflow/.local/lib/python3.9/site-packages/airflow/example_dags/example_bash_operator.py for tasks to queue
[2025-05-13T21:34:44.297+0000] {logging_mixin.py:137} INFO - [2025-05-13T21:34:44.296+0000] {dagbag.py:538} INFO - Filling up the DagBag from /home/airflow/.local/lib/python3.9/site-packages/airflow/example_dags/example_bash_operator.py
[2025-05-13T21:34:44.348+0000] {processor.py:753} INFO - DAG(s) dict_keys(['example_bash_operator']) retrieved from /home/airflow/.local/lib/python3.9/site-packages/airflow/example_dags/example_bash_operator.py
[2025-05-13T21:34:44.520+0000] {logging_mixin.py:137} INFO - [2025-05-13T21:34:44.520+0000] {dag.py:2676} INFO - Sync 1 DAGs
[2025-05-13T21:34:44.568+0000] {logging_mixin.py:137} INFO - [2025-05-13T21:34:44.568+0000] {dag.py:3423} INFO - Setting next_dagrun for example_bash_operator to 2025-05-12T00:00:00+00:00, run_after=2025-05-13T00:00:00+00:00
[2025-05-13T21:34:44.611+0000] {processor.py:175} INFO - Processing /home/airflow/.local/lib/python3.9/site-packages/airflow/example_dags/example_bash_operator.py took 0.355 seconds
[2025-05-13T21:35:15.064+0000] {processor.py:153} INFO - Started process (PID=6940) to work on /home/airflow/.local/lib/python3.9/site-packages/airflow/example_dags/example_bash_operator.py
[2025-05-13T21:35:15.065+0000] {processor.py:743} INFO - Processing file /home/airflow/.local/lib/python3.9/site-packages/airflow/example_dags/example_bash_operator.py for tasks to queue
[2025-05-13T21:35:15.066+0000] {logging_mixin.py:137} INFO - [2025-05-13T21:35:15.066+0000] {dagbag.py:538} INFO - Filling up the DagBag from /home/airflow/.local/lib/python3.9/site-packages/airflow/example_dags/example_bash_operator.py
[2025-05-13T21:35:15.097+0000] {processor.py:753} INFO - DAG(s) dict_keys(['example_bash_operator']) retrieved from /home/airflow/.local/lib/python3.9/site-packages/airflow/example_dags/example_bash_operator.py
[2025-05-13T21:35:15.163+0000] {logging_mixin.py:137} INFO - [2025-05-13T21:35:15.163+0000] {dag.py:2676} INFO - Sync 1 DAGs
[2025-05-13T21:35:15.193+0000] {logging_mixin.py:137} INFO - [2025-05-13T21:35:15.193+0000] {dag.py:3423} INFO - Setting next_dagrun for example_bash_operator to 2025-05-12T00:00:00+00:00, run_after=2025-05-13T00:00:00+00:00
[2025-05-13T21:35:15.218+0000] {processor.py:175} INFO - Processing /home/airflow/.local/lib/python3.9/site-packages/airflow/example_dags/example_bash_operator.py took 0.158 seconds
[2025-05-13T21:35:45.916+0000] {processor.py:153} INFO - Started process (PID=7136) to work on /home/airflow/.local/lib/python3.9/site-packages/airflow/example_dags/example_bash_operator.py
[2025-05-13T21:35:45.918+0000] {processor.py:743} INFO - Processing file /home/airflow/.local/lib/python3.9/site-packages/airflow/example_dags/example_bash_operator.py for tasks to queue
[2025-05-13T21:35:45.918+0000] {logging_mixin.py:137} INFO - [2025-05-13T21:35:45.918+0000] {dagbag.py:538} INFO - Filling up the DagBag from /home/airflow/.local/lib/python3.9/site-packages/airflow/example_dags/example_bash_operator.py
[2025-05-13T21:35:45.951+0000] {processor.py:753} INFO - DAG(s) dict_keys(['example_bash_operator']) retrieved from /home/airflow/.local/lib/python3.9/site-packages/airflow/example_dags/example_bash_operator.py
[2025-05-13T21:35:46.040+0000] {logging_mixin.py:137} INFO - [2025-05-13T21:35:46.040+0000] {dag.py:2676} INFO - Sync 1 DAGs
[2025-05-13T21:35:46.088+0000] {logging_mixin.py:137} INFO - [2025-05-13T21:35:46.088+0000] {dag.py:3423} INFO - Setting next_dagrun for example_bash_operator to 2025-05-12T00:00:00+00:00, run_after=2025-05-13T00:00:00+00:00
[2025-05-13T21:35:46.124+0000] {processor.py:175} INFO - Processing /home/airflow/.local/lib/python3.9/site-packages/airflow/example_dags/example_bash_operator.py took 0.211 seconds
[2025-05-13T21:36:16.453+0000] {processor.py:153} INFO - Started process (PID=7339) to work on /home/airflow/.local/lib/python3.9/site-packages/airflow/example_dags/example_bash_operator.py
[2025-05-13T21:36:16.455+0000] {processor.py:743} INFO - Processing file /home/airflow/.local/lib/python3.9/site-packages/airflow/example_dags/example_bash_operator.py for tasks to queue
[2025-05-13T21:36:16.477+0000] {logging_mixin.py:137} INFO - [2025-05-13T21:36:16.476+0000] {dagbag.py:538} INFO - Filling up the DagBag from /home/airflow/.local/lib/python3.9/site-packages/airflow/example_dags/example_bash_operator.py
[2025-05-13T21:36:16.515+0000] {processor.py:753} INFO - DAG(s) dict_keys(['example_bash_operator']) retrieved from /home/airflow/.local/lib/python3.9/site-packages/airflow/example_dags/example_bash_operator.py
[2025-05-13T21:36:16.591+0000] {logging_mixin.py:137} INFO - [2025-05-13T21:36:16.590+0000] {dag.py:2676} INFO - Sync 1 DAGs
[2025-05-13T21:36:16.630+0000] {logging_mixin.py:137} INFO - [2025-05-13T21:36:16.630+0000] {dag.py:3423} INFO - Setting next_dagrun for example_bash_operator to 2025-05-12T00:00:00+00:00, run_after=2025-05-13T00:00:00+00:00
[2025-05-13T21:36:16.661+0000] {processor.py:175} INFO - Processing /home/airflow/.local/lib/python3.9/site-packages/airflow/example_dags/example_bash_operator.py took 0.212 seconds
[2025-05-13T21:37:48.794+0000] {processor.py:153} INFO - Started process (PID=233) to work on /home/airflow/.local/lib/python3.9/site-packages/airflow/example_dags/example_bash_operator.py
[2025-05-13T21:37:48.795+0000] {processor.py:743} INFO - Processing file /home/airflow/.local/lib/python3.9/site-packages/airflow/example_dags/example_bash_operator.py for tasks to queue
[2025-05-13T21:37:48.796+0000] {logging_mixin.py:137} INFO - [2025-05-13T21:37:48.796+0000] {dagbag.py:538} INFO - Filling up the DagBag from /home/airflow/.local/lib/python3.9/site-packages/airflow/example_dags/example_bash_operator.py
[2025-05-13T21:37:48.831+0000] {processor.py:753} INFO - DAG(s) dict_keys(['example_bash_operator']) retrieved from /home/airflow/.local/lib/python3.9/site-packages/airflow/example_dags/example_bash_operator.py
[2025-05-13T21:37:48.907+0000] {logging_mixin.py:137} INFO - [2025-05-13T21:37:48.906+0000] {dag.py:2676} INFO - Sync 1 DAGs
[2025-05-13T21:37:48.953+0000] {logging_mixin.py:137} INFO - [2025-05-13T21:37:48.952+0000] {dag.py:3423} INFO - Setting next_dagrun for example_bash_operator to 2025-05-12T00:00:00+00:00, run_after=2025-05-13T00:00:00+00:00
[2025-05-13T21:37:49.021+0000] {processor.py:175} INFO - Processing /home/airflow/.local/lib/python3.9/site-packages/airflow/example_dags/example_bash_operator.py took 0.233 seconds
[2025-05-13T21:38:19.799+0000] {processor.py:153} INFO - Started process (PID=439) to work on /home/airflow/.local/lib/python3.9/site-packages/airflow/example_dags/example_bash_operator.py
[2025-05-13T21:38:19.800+0000] {processor.py:743} INFO - Processing file /home/airflow/.local/lib/python3.9/site-packages/airflow/example_dags/example_bash_operator.py for tasks to queue
[2025-05-13T21:38:19.801+0000] {logging_mixin.py:137} INFO - [2025-05-13T21:38:19.800+0000] {dagbag.py:538} INFO - Filling up the DagBag from /home/airflow/.local/lib/python3.9/site-packages/airflow/example_dags/example_bash_operator.py
[2025-05-13T21:38:19.826+0000] {processor.py:753} INFO - DAG(s) dict_keys(['example_bash_operator']) retrieved from /home/airflow/.local/lib/python3.9/site-packages/airflow/example_dags/example_bash_operator.py
[2025-05-13T21:38:19.904+0000] {logging_mixin.py:137} INFO - [2025-05-13T21:38:19.904+0000] {dag.py:2676} INFO - Sync 1 DAGs
[2025-05-13T21:38:19.937+0000] {logging_mixin.py:137} INFO - [2025-05-13T21:38:19.937+0000] {dag.py:3423} INFO - Setting next_dagrun for example_bash_operator to 2025-05-12T00:00:00+00:00, run_after=2025-05-13T00:00:00+00:00
[2025-05-13T21:38:19.963+0000] {processor.py:175} INFO - Processing /home/airflow/.local/lib/python3.9/site-packages/airflow/example_dags/example_bash_operator.py took 0.169 seconds
[2025-05-13T21:38:50.421+0000] {processor.py:153} INFO - Started process (PID=642) to work on /home/airflow/.local/lib/python3.9/site-packages/airflow/example_dags/example_bash_operator.py
[2025-05-13T21:38:50.422+0000] {processor.py:743} INFO - Processing file /home/airflow/.local/lib/python3.9/site-packages/airflow/example_dags/example_bash_operator.py for tasks to queue
[2025-05-13T21:38:50.424+0000] {logging_mixin.py:137} INFO - [2025-05-13T21:38:50.424+0000] {dagbag.py:538} INFO - Filling up the DagBag from /home/airflow/.local/lib/python3.9/site-packages/airflow/example_dags/example_bash_operator.py
[2025-05-13T21:38:50.464+0000] {processor.py:753} INFO - DAG(s) dict_keys(['example_bash_operator']) retrieved from /home/airflow/.local/lib/python3.9/site-packages/airflow/example_dags/example_bash_operator.py
[2025-05-13T21:38:50.537+0000] {logging_mixin.py:137} INFO - [2025-05-13T21:38:50.537+0000] {dag.py:2676} INFO - Sync 1 DAGs
[2025-05-13T21:38:50.582+0000] {logging_mixin.py:137} INFO - [2025-05-13T21:38:50.582+0000] {dag.py:3423} INFO - Setting next_dagrun for example_bash_operator to 2025-05-12T00:00:00+00:00, run_after=2025-05-13T00:00:00+00:00
[2025-05-13T21:38:50.615+0000] {processor.py:175} INFO - Processing /home/airflow/.local/lib/python3.9/site-packages/airflow/example_dags/example_bash_operator.py took 0.199 seconds
[2025-05-13T21:39:21.265+0000] {processor.py:153} INFO - Started process (PID=845) to work on /home/airflow/.local/lib/python3.9/site-packages/airflow/example_dags/example_bash_operator.py
[2025-05-13T21:39:21.267+0000] {processor.py:743} INFO - Processing file /home/airflow/.local/lib/python3.9/site-packages/airflow/example_dags/example_bash_operator.py for tasks to queue
[2025-05-13T21:39:21.269+0000] {logging_mixin.py:137} INFO - [2025-05-13T21:39:21.268+0000] {dagbag.py:538} INFO - Filling up the DagBag from /home/airflow/.local/lib/python3.9/site-packages/airflow/example_dags/example_bash_operator.py
[2025-05-13T21:39:21.306+0000] {processor.py:753} INFO - DAG(s) dict_keys(['example_bash_operator']) retrieved from /home/airflow/.local/lib/python3.9/site-packages/airflow/example_dags/example_bash_operator.py
[2025-05-13T21:39:21.393+0000] {logging_mixin.py:137} INFO - [2025-05-13T21:39:21.393+0000] {dag.py:2676} INFO - Sync 1 DAGs
[2025-05-13T21:39:21.426+0000] {logging_mixin.py:137} INFO - [2025-05-13T21:39:21.426+0000] {dag.py:3423} INFO - Setting next_dagrun for example_bash_operator to 2025-05-12T00:00:00+00:00, run_after=2025-05-13T00:00:00+00:00
[2025-05-13T21:39:21.453+0000] {processor.py:175} INFO - Processing /home/airflow/.local/lib/python3.9/site-packages/airflow/example_dags/example_bash_operator.py took 0.194 seconds
[2025-05-13T21:39:51.489+0000] {processor.py:153} INFO - Started process (PID=1051) to work on /home/airflow/.local/lib/python3.9/site-packages/airflow/example_dags/example_bash_operator.py
[2025-05-13T21:39:51.490+0000] {processor.py:743} INFO - Processing file /home/airflow/.local/lib/python3.9/site-packages/airflow/example_dags/example_bash_operator.py for tasks to queue
[2025-05-13T21:39:51.491+0000] {logging_mixin.py:137} INFO - [2025-05-13T21:39:51.491+0000] {dagbag.py:538} INFO - Filling up the DagBag from /home/airflow/.local/lib/python3.9/site-packages/airflow/example_dags/example_bash_operator.py
[2025-05-13T21:39:51.528+0000] {processor.py:753} INFO - DAG(s) dict_keys(['example_bash_operator']) retrieved from /home/airflow/.local/lib/python3.9/site-packages/airflow/example_dags/example_bash_operator.py
[2025-05-13T21:39:51.660+0000] {logging_mixin.py:137} INFO - [2025-05-13T21:39:51.660+0000] {dag.py:2676} INFO - Sync 1 DAGs
[2025-05-13T21:39:51.694+0000] {logging_mixin.py:137} INFO - [2025-05-13T21:39:51.694+0000] {dag.py:3423} INFO - Setting next_dagrun for example_bash_operator to 2025-05-12T00:00:00+00:00, run_after=2025-05-13T00:00:00+00:00
[2025-05-13T21:39:51.718+0000] {processor.py:175} INFO - Processing /home/airflow/.local/lib/python3.9/site-packages/airflow/example_dags/example_bash_operator.py took 0.234 seconds
[2025-05-13T21:40:21.803+0000] {processor.py:153} INFO - Started process (PID=1255) to work on /home/airflow/.local/lib/python3.9/site-packages/airflow/example_dags/example_bash_operator.py
[2025-05-13T21:40:21.804+0000] {processor.py:743} INFO - Processing file /home/airflow/.local/lib/python3.9/site-packages/airflow/example_dags/example_bash_operator.py for tasks to queue
[2025-05-13T21:40:21.806+0000] {logging_mixin.py:137} INFO - [2025-05-13T21:40:21.805+0000] {dagbag.py:538} INFO - Filling up the DagBag from /home/airflow/.local/lib/python3.9/site-packages/airflow/example_dags/example_bash_operator.py
[2025-05-13T21:40:21.839+0000] {processor.py:753} INFO - DAG(s) dict_keys(['example_bash_operator']) retrieved from /home/airflow/.local/lib/python3.9/site-packages/airflow/example_dags/example_bash_operator.py
[2025-05-13T21:40:21.927+0000] {logging_mixin.py:137} INFO - [2025-05-13T21:40:21.927+0000] {dag.py:2676} INFO - Sync 1 DAGs
[2025-05-13T21:40:21.962+0000] {logging_mixin.py:137} INFO - [2025-05-13T21:40:21.962+0000] {dag.py:3423} INFO - Setting next_dagrun for example_bash_operator to 2025-05-12T00:00:00+00:00, run_after=2025-05-13T00:00:00+00:00
[2025-05-13T21:40:21.987+0000] {processor.py:175} INFO - Processing /home/airflow/.local/lib/python3.9/site-packages/airflow/example_dags/example_bash_operator.py took 0.189 seconds
[2025-05-13T21:40:52.033+0000] {processor.py:153} INFO - Started process (PID=1458) to work on /home/airflow/.local/lib/python3.9/site-packages/airflow/example_dags/example_bash_operator.py
[2025-05-13T21:40:52.034+0000] {processor.py:743} INFO - Processing file /home/airflow/.local/lib/python3.9/site-packages/airflow/example_dags/example_bash_operator.py for tasks to queue
[2025-05-13T21:40:52.035+0000] {logging_mixin.py:137} INFO - [2025-05-13T21:40:52.035+0000] {dagbag.py:538} INFO - Filling up the DagBag from /home/airflow/.local/lib/python3.9/site-packages/airflow/example_dags/example_bash_operator.py
[2025-05-13T21:40:52.070+0000] {processor.py:753} INFO - DAG(s) dict_keys(['example_bash_operator']) retrieved from /home/airflow/.local/lib/python3.9/site-packages/airflow/example_dags/example_bash_operator.py
[2025-05-13T21:40:52.142+0000] {logging_mixin.py:137} INFO - [2025-05-13T21:40:52.142+0000] {dag.py:2676} INFO - Sync 1 DAGs
[2025-05-13T21:40:52.173+0000] {logging_mixin.py:137} INFO - [2025-05-13T21:40:52.173+0000] {dag.py:3423} INFO - Setting next_dagrun for example_bash_operator to 2025-05-12T00:00:00+00:00, run_after=2025-05-13T00:00:00+00:00
[2025-05-13T21:40:52.202+0000] {processor.py:175} INFO - Processing /home/airflow/.local/lib/python3.9/site-packages/airflow/example_dags/example_bash_operator.py took 0.174 seconds
[2025-05-13T21:41:22.381+0000] {processor.py:153} INFO - Started process (PID=1659) to work on /home/airflow/.local/lib/python3.9/site-packages/airflow/example_dags/example_bash_operator.py
[2025-05-13T21:41:22.383+0000] {processor.py:743} INFO - Processing file /home/airflow/.local/lib/python3.9/site-packages/airflow/example_dags/example_bash_operator.py for tasks to queue
[2025-05-13T21:41:22.385+0000] {logging_mixin.py:137} INFO - [2025-05-13T21:41:22.385+0000] {dagbag.py:538} INFO - Filling up the DagBag from /home/airflow/.local/lib/python3.9/site-packages/airflow/example_dags/example_bash_operator.py
[2025-05-13T21:41:22.418+0000] {processor.py:753} INFO - DAG(s) dict_keys(['example_bash_operator']) retrieved from /home/airflow/.local/lib/python3.9/site-packages/airflow/example_dags/example_bash_operator.py
[2025-05-13T21:41:22.509+0000] {logging_mixin.py:137} INFO - [2025-05-13T21:41:22.509+0000] {dag.py:2676} INFO - Sync 1 DAGs
[2025-05-13T21:41:22.546+0000] {logging_mixin.py:137} INFO - [2025-05-13T21:41:22.545+0000] {dag.py:3423} INFO - Setting next_dagrun for example_bash_operator to 2025-05-12T00:00:00+00:00, run_after=2025-05-13T00:00:00+00:00
[2025-05-13T21:41:22.594+0000] {processor.py:175} INFO - Processing /home/airflow/.local/lib/python3.9/site-packages/airflow/example_dags/example_bash_operator.py took 0.218 seconds
[2025-05-13T21:41:53.078+0000] {processor.py:153} INFO - Started process (PID=1862) to work on /home/airflow/.local/lib/python3.9/site-packages/airflow/example_dags/example_bash_operator.py
[2025-05-13T21:41:53.096+0000] {processor.py:743} INFO - Processing file /home/airflow/.local/lib/python3.9/site-packages/airflow/example_dags/example_bash_operator.py for tasks to queue
[2025-05-13T21:41:53.113+0000] {logging_mixin.py:137} INFO - [2025-05-13T21:41:53.107+0000] {dagbag.py:538} INFO - Filling up the DagBag from /home/airflow/.local/lib/python3.9/site-packages/airflow/example_dags/example_bash_operator.py
[2025-05-13T21:41:53.874+0000] {processor.py:753} INFO - DAG(s) dict_keys(['example_bash_operator']) retrieved from /home/airflow/.local/lib/python3.9/site-packages/airflow/example_dags/example_bash_operator.py
[2025-05-13T21:41:54.007+0000] {logging_mixin.py:137} INFO - [2025-05-13T21:41:54.006+0000] {dag.py:2676} INFO - Sync 1 DAGs
[2025-05-13T21:41:54.081+0000] {logging_mixin.py:137} INFO - [2025-05-13T21:41:54.080+0000] {dag.py:3423} INFO - Setting next_dagrun for example_bash_operator to 2025-05-12T00:00:00+00:00, run_after=2025-05-13T00:00:00+00:00
[2025-05-13T21:41:54.125+0000] {processor.py:175} INFO - Processing /home/airflow/.local/lib/python3.9/site-packages/airflow/example_dags/example_bash_operator.py took 1.104 seconds
