[2025-05-13T02:45:43.582+0000] {processor.py:153} INFO - Started process (PID=277) to work on /home/airflow/.local/lib/python3.9/site-packages/airflow/example_dags/example_sensor_decorator.py
[2025-05-13T02:45:43.583+0000] {processor.py:743} INFO - Processing file /home/airflow/.local/lib/python3.9/site-packages/airflow/example_dags/example_sensor_decorator.py for tasks to queue
[2025-05-13T02:45:43.584+0000] {logging_mixin.py:137} INFO - [2025-05-13T02:45:43.584+0000] {dagbag.py:538} INFO - Filling up the DagBag from /home/airflow/.local/lib/python3.9/site-packages/airflow/example_dags/example_sensor_decorator.py
[2025-05-13T02:45:43.605+0000] {logging_mixin.py:137} WARNING - /home/airflow/.local/lib/python3.9/site-packages/airflow/models/dag.py:3492 RemovedInAirflow3Warning: Param `schedule_interval` is deprecated and will be removed in a future release. Please use `schedule` instead.
[2025-05-13T02:45:43.614+0000] {processor.py:753} INFO - DAG(s) dict_keys(['example_sensor_decorator']) retrieved from /home/airflow/.local/lib/python3.9/site-packages/airflow/example_dags/example_sensor_decorator.py
[2025-05-13T02:45:43.727+0000] {logging_mixin.py:137} INFO - [2025-05-13T02:45:43.727+0000] {manager.py:504} INFO - Created Permission View: can delete on DAG:example_sensor_decorator
[2025-05-13T02:45:43.734+0000] {logging_mixin.py:137} INFO - [2025-05-13T02:45:43.734+0000] {manager.py:504} INFO - Created Permission View: can edit on DAG:example_sensor_decorator
[2025-05-13T02:45:43.740+0000] {logging_mixin.py:137} INFO - [2025-05-13T02:45:43.740+0000] {manager.py:504} INFO - Created Permission View: can read on DAG:example_sensor_decorator
[2025-05-13T02:45:43.741+0000] {logging_mixin.py:137} INFO - [2025-05-13T02:45:43.741+0000] {dag.py:2676} INFO - Sync 1 DAGs
[2025-05-13T02:45:43.752+0000] {logging_mixin.py:137} INFO - [2025-05-13T02:45:43.752+0000] {dag.py:2697} INFO - Creating ORM DAG for example_sensor_decorator
[2025-05-13T02:45:43.761+0000] {logging_mixin.py:137} INFO - [2025-05-13T02:45:43.761+0000] {dag.py:3423} INFO - Setting next_dagrun for example_sensor_decorator to None, run_after=None
[2025-05-13T02:45:43.776+0000] {processor.py:175} INFO - Processing /home/airflow/.local/lib/python3.9/site-packages/airflow/example_dags/example_sensor_decorator.py took 0.198 seconds
[2025-05-13T02:46:14.249+0000] {processor.py:153} INFO - Started process (PID=476) to work on /home/airflow/.local/lib/python3.9/site-packages/airflow/example_dags/example_sensor_decorator.py
[2025-05-13T02:46:14.252+0000] {processor.py:743} INFO - Processing file /home/airflow/.local/lib/python3.9/site-packages/airflow/example_dags/example_sensor_decorator.py for tasks to queue
[2025-05-13T02:46:14.253+0000] {logging_mixin.py:137} INFO - [2025-05-13T02:46:14.252+0000] {dagbag.py:538} INFO - Filling up the DagBag from /home/airflow/.local/lib/python3.9/site-packages/airflow/example_dags/example_sensor_decorator.py
[2025-05-13T02:46:14.280+0000] {logging_mixin.py:137} WARNING - /home/airflow/.local/lib/python3.9/site-packages/airflow/models/dag.py:3492 RemovedInAirflow3Warning: Param `schedule_interval` is deprecated and will be removed in a future release. Please use `schedule` instead.
[2025-05-13T02:46:14.290+0000] {processor.py:753} INFO - DAG(s) dict_keys(['example_sensor_decorator']) retrieved from /home/airflow/.local/lib/python3.9/site-packages/airflow/example_dags/example_sensor_decorator.py
[2025-05-13T02:46:14.338+0000] {logging_mixin.py:137} INFO - [2025-05-13T02:46:14.338+0000] {dag.py:2676} INFO - Sync 1 DAGs
[2025-05-13T02:46:14.365+0000] {logging_mixin.py:137} INFO - [2025-05-13T02:46:14.365+0000] {dag.py:3423} INFO - Setting next_dagrun for example_sensor_decorator to None, run_after=None
[2025-05-13T02:46:14.384+0000] {processor.py:175} INFO - Processing /home/airflow/.local/lib/python3.9/site-packages/airflow/example_dags/example_sensor_decorator.py took 0.139 seconds
[2025-05-13T02:46:44.588+0000] {processor.py:153} INFO - Started process (PID=679) to work on /home/airflow/.local/lib/python3.9/site-packages/airflow/example_dags/example_sensor_decorator.py
[2025-05-13T02:46:44.589+0000] {processor.py:743} INFO - Processing file /home/airflow/.local/lib/python3.9/site-packages/airflow/example_dags/example_sensor_decorator.py for tasks to queue
[2025-05-13T02:46:44.591+0000] {logging_mixin.py:137} INFO - [2025-05-13T02:46:44.590+0000] {dagbag.py:538} INFO - Filling up the DagBag from /home/airflow/.local/lib/python3.9/site-packages/airflow/example_dags/example_sensor_decorator.py
[2025-05-13T02:46:44.624+0000] {logging_mixin.py:137} WARNING - /home/airflow/.local/lib/python3.9/site-packages/airflow/models/dag.py:3492 RemovedInAirflow3Warning: Param `schedule_interval` is deprecated and will be removed in a future release. Please use `schedule` instead.
[2025-05-13T02:46:44.635+0000] {processor.py:753} INFO - DAG(s) dict_keys(['example_sensor_decorator']) retrieved from /home/airflow/.local/lib/python3.9/site-packages/airflow/example_dags/example_sensor_decorator.py
[2025-05-13T02:46:44.683+0000] {logging_mixin.py:137} INFO - [2025-05-13T02:46:44.683+0000] {dag.py:2676} INFO - Sync 1 DAGs
[2025-05-13T02:46:44.712+0000] {logging_mixin.py:137} INFO - [2025-05-13T02:46:44.712+0000] {dag.py:3423} INFO - Setting next_dagrun for example_sensor_decorator to None, run_after=None
[2025-05-13T02:46:44.735+0000] {processor.py:175} INFO - Processing /home/airflow/.local/lib/python3.9/site-packages/airflow/example_dags/example_sensor_decorator.py took 0.154 seconds
[2025-05-13T02:47:15.255+0000] {processor.py:153} INFO - Started process (PID=882) to work on /home/airflow/.local/lib/python3.9/site-packages/airflow/example_dags/example_sensor_decorator.py
[2025-05-13T02:47:15.256+0000] {processor.py:743} INFO - Processing file /home/airflow/.local/lib/python3.9/site-packages/airflow/example_dags/example_sensor_decorator.py for tasks to queue
[2025-05-13T02:47:15.258+0000] {logging_mixin.py:137} INFO - [2025-05-13T02:47:15.258+0000] {dagbag.py:538} INFO - Filling up the DagBag from /home/airflow/.local/lib/python3.9/site-packages/airflow/example_dags/example_sensor_decorator.py
[2025-05-13T02:47:15.293+0000] {logging_mixin.py:137} WARNING - /home/airflow/.local/lib/python3.9/site-packages/airflow/models/dag.py:3492 RemovedInAirflow3Warning: Param `schedule_interval` is deprecated and will be removed in a future release. Please use `schedule` instead.
[2025-05-13T02:47:15.306+0000] {processor.py:753} INFO - DAG(s) dict_keys(['example_sensor_decorator']) retrieved from /home/airflow/.local/lib/python3.9/site-packages/airflow/example_dags/example_sensor_decorator.py
[2025-05-13T02:47:15.364+0000] {logging_mixin.py:137} INFO - [2025-05-13T02:47:15.364+0000] {dag.py:2676} INFO - Sync 1 DAGs
[2025-05-13T02:47:15.397+0000] {logging_mixin.py:137} INFO - [2025-05-13T02:47:15.397+0000] {dag.py:3423} INFO - Setting next_dagrun for example_sensor_decorator to None, run_after=None
[2025-05-13T02:47:15.422+0000] {processor.py:175} INFO - Processing /home/airflow/.local/lib/python3.9/site-packages/airflow/example_dags/example_sensor_decorator.py took 0.171 seconds
[2025-05-13T02:47:45.614+0000] {processor.py:153} INFO - Started process (PID=1085) to work on /home/airflow/.local/lib/python3.9/site-packages/airflow/example_dags/example_sensor_decorator.py
[2025-05-13T02:47:45.615+0000] {processor.py:743} INFO - Processing file /home/airflow/.local/lib/python3.9/site-packages/airflow/example_dags/example_sensor_decorator.py for tasks to queue
[2025-05-13T02:47:45.616+0000] {logging_mixin.py:137} INFO - [2025-05-13T02:47:45.616+0000] {dagbag.py:538} INFO - Filling up the DagBag from /home/airflow/.local/lib/python3.9/site-packages/airflow/example_dags/example_sensor_decorator.py
[2025-05-13T02:47:45.652+0000] {logging_mixin.py:137} WARNING - /home/airflow/.local/lib/python3.9/site-packages/airflow/models/dag.py:3492 RemovedInAirflow3Warning: Param `schedule_interval` is deprecated and will be removed in a future release. Please use `schedule` instead.
[2025-05-13T02:47:45.663+0000] {processor.py:753} INFO - DAG(s) dict_keys(['example_sensor_decorator']) retrieved from /home/airflow/.local/lib/python3.9/site-packages/airflow/example_dags/example_sensor_decorator.py
[2025-05-13T02:47:45.712+0000] {logging_mixin.py:137} INFO - [2025-05-13T02:47:45.712+0000] {dag.py:2676} INFO - Sync 1 DAGs
[2025-05-13T02:47:45.742+0000] {logging_mixin.py:137} INFO - [2025-05-13T02:47:45.742+0000] {dag.py:3423} INFO - Setting next_dagrun for example_sensor_decorator to None, run_after=None
[2025-05-13T02:47:45.766+0000] {processor.py:175} INFO - Processing /home/airflow/.local/lib/python3.9/site-packages/airflow/example_dags/example_sensor_decorator.py took 0.174 seconds
[2025-05-13T02:48:16.311+0000] {processor.py:153} INFO - Started process (PID=1348) to work on /home/airflow/.local/lib/python3.9/site-packages/airflow/example_dags/example_sensor_decorator.py
[2025-05-13T02:48:16.312+0000] {processor.py:743} INFO - Processing file /home/airflow/.local/lib/python3.9/site-packages/airflow/example_dags/example_sensor_decorator.py for tasks to queue
[2025-05-13T02:48:16.313+0000] {logging_mixin.py:137} INFO - [2025-05-13T02:48:16.313+0000] {dagbag.py:538} INFO - Filling up the DagBag from /home/airflow/.local/lib/python3.9/site-packages/airflow/example_dags/example_sensor_decorator.py
[2025-05-13T02:48:16.342+0000] {logging_mixin.py:137} WARNING - /home/airflow/.local/lib/python3.9/site-packages/airflow/models/dag.py:3492 RemovedInAirflow3Warning: Param `schedule_interval` is deprecated and will be removed in a future release. Please use `schedule` instead.
[2025-05-13T02:48:16.355+0000] {processor.py:753} INFO - DAG(s) dict_keys(['example_sensor_decorator']) retrieved from /home/airflow/.local/lib/python3.9/site-packages/airflow/example_dags/example_sensor_decorator.py
[2025-05-13T02:48:16.406+0000] {logging_mixin.py:137} INFO - [2025-05-13T02:48:16.405+0000] {dag.py:2676} INFO - Sync 1 DAGs
[2025-05-13T02:48:16.441+0000] {logging_mixin.py:137} INFO - [2025-05-13T02:48:16.441+0000] {dag.py:3423} INFO - Setting next_dagrun for example_sensor_decorator to None, run_after=None
[2025-05-13T02:48:16.472+0000] {processor.py:175} INFO - Processing /home/airflow/.local/lib/python3.9/site-packages/airflow/example_dags/example_sensor_decorator.py took 0.165 seconds
[2025-05-13T02:49:31.788+0000] {processor.py:153} INFO - Started process (PID=292) to work on /home/airflow/.local/lib/python3.9/site-packages/airflow/example_dags/example_sensor_decorator.py
[2025-05-13T02:49:31.790+0000] {processor.py:743} INFO - Processing file /home/airflow/.local/lib/python3.9/site-packages/airflow/example_dags/example_sensor_decorator.py for tasks to queue
[2025-05-13T02:49:31.791+0000] {logging_mixin.py:137} INFO - [2025-05-13T02:49:31.791+0000] {dagbag.py:538} INFO - Filling up the DagBag from /home/airflow/.local/lib/python3.9/site-packages/airflow/example_dags/example_sensor_decorator.py
[2025-05-13T02:49:31.833+0000] {logging_mixin.py:137} WARNING - /home/airflow/.local/lib/python3.9/site-packages/airflow/models/dag.py:3492 RemovedInAirflow3Warning: Param `schedule_interval` is deprecated and will be removed in a future release. Please use `schedule` instead.
[2025-05-13T02:49:31.849+0000] {processor.py:753} INFO - DAG(s) dict_keys(['example_sensor_decorator']) retrieved from /home/airflow/.local/lib/python3.9/site-packages/airflow/example_dags/example_sensor_decorator.py
[2025-05-13T02:49:31.910+0000] {logging_mixin.py:137} INFO - [2025-05-13T02:49:31.910+0000] {dag.py:2676} INFO - Sync 1 DAGs
[2025-05-13T02:49:31.956+0000] {logging_mixin.py:137} INFO - [2025-05-13T02:49:31.956+0000] {dag.py:3423} INFO - Setting next_dagrun for example_sensor_decorator to None, run_after=None
[2025-05-13T02:49:31.996+0000] {processor.py:175} INFO - Processing /home/airflow/.local/lib/python3.9/site-packages/airflow/example_dags/example_sensor_decorator.py took 0.213 seconds
[2025-05-13T02:50:02.093+0000] {processor.py:153} INFO - Started process (PID=491) to work on /home/airflow/.local/lib/python3.9/site-packages/airflow/example_dags/example_sensor_decorator.py
[2025-05-13T02:50:02.095+0000] {processor.py:743} INFO - Processing file /home/airflow/.local/lib/python3.9/site-packages/airflow/example_dags/example_sensor_decorator.py for tasks to queue
[2025-05-13T02:50:02.097+0000] {logging_mixin.py:137} INFO - [2025-05-13T02:50:02.097+0000] {dagbag.py:538} INFO - Filling up the DagBag from /home/airflow/.local/lib/python3.9/site-packages/airflow/example_dags/example_sensor_decorator.py
[2025-05-13T02:50:02.163+0000] {logging_mixin.py:137} WARNING - /home/airflow/.local/lib/python3.9/site-packages/airflow/models/dag.py:3492 RemovedInAirflow3Warning: Param `schedule_interval` is deprecated and will be removed in a future release. Please use `schedule` instead.
[2025-05-13T02:50:02.179+0000] {processor.py:753} INFO - DAG(s) dict_keys(['example_sensor_decorator']) retrieved from /home/airflow/.local/lib/python3.9/site-packages/airflow/example_dags/example_sensor_decorator.py
[2025-05-13T02:50:02.257+0000] {logging_mixin.py:137} INFO - [2025-05-13T02:50:02.256+0000] {dag.py:2676} INFO - Sync 1 DAGs
[2025-05-13T02:50:02.299+0000] {logging_mixin.py:137} INFO - [2025-05-13T02:50:02.299+0000] {dag.py:3423} INFO - Setting next_dagrun for example_sensor_decorator to None, run_after=None
[2025-05-13T02:50:02.343+0000] {processor.py:175} INFO - Processing /home/airflow/.local/lib/python3.9/site-packages/airflow/example_dags/example_sensor_decorator.py took 0.257 seconds
[2025-05-13T02:50:33.113+0000] {processor.py:153} INFO - Started process (PID=694) to work on /home/airflow/.local/lib/python3.9/site-packages/airflow/example_dags/example_sensor_decorator.py
[2025-05-13T02:50:33.115+0000] {processor.py:743} INFO - Processing file /home/airflow/.local/lib/python3.9/site-packages/airflow/example_dags/example_sensor_decorator.py for tasks to queue
[2025-05-13T02:50:33.118+0000] {logging_mixin.py:137} INFO - [2025-05-13T02:50:33.117+0000] {dagbag.py:538} INFO - Filling up the DagBag from /home/airflow/.local/lib/python3.9/site-packages/airflow/example_dags/example_sensor_decorator.py
[2025-05-13T02:50:33.209+0000] {logging_mixin.py:137} WARNING - /home/airflow/.local/lib/python3.9/site-packages/airflow/models/dag.py:3492 RemovedInAirflow3Warning: Param `schedule_interval` is deprecated and will be removed in a future release. Please use `schedule` instead.
[2025-05-13T02:50:33.232+0000] {processor.py:753} INFO - DAG(s) dict_keys(['example_sensor_decorator']) retrieved from /home/airflow/.local/lib/python3.9/site-packages/airflow/example_dags/example_sensor_decorator.py
[2025-05-13T02:50:33.299+0000] {logging_mixin.py:137} INFO - [2025-05-13T02:50:33.299+0000] {dag.py:2676} INFO - Sync 1 DAGs
[2025-05-13T02:50:33.330+0000] {logging_mixin.py:137} INFO - [2025-05-13T02:50:33.329+0000] {dag.py:3423} INFO - Setting next_dagrun for example_sensor_decorator to None, run_after=None
[2025-05-13T02:50:33.360+0000] {processor.py:175} INFO - Processing /home/airflow/.local/lib/python3.9/site-packages/airflow/example_dags/example_sensor_decorator.py took 0.256 seconds
[2025-05-13T21:18:28.446+0000] {processor.py:153} INFO - Started process (PID=277) to work on /home/airflow/.local/lib/python3.9/site-packages/airflow/example_dags/example_sensor_decorator.py
[2025-05-13T21:18:28.447+0000] {processor.py:743} INFO - Processing file /home/airflow/.local/lib/python3.9/site-packages/airflow/example_dags/example_sensor_decorator.py for tasks to queue
[2025-05-13T21:18:28.449+0000] {logging_mixin.py:137} INFO - [2025-05-13T21:18:28.449+0000] {dagbag.py:538} INFO - Filling up the DagBag from /home/airflow/.local/lib/python3.9/site-packages/airflow/example_dags/example_sensor_decorator.py
[2025-05-13T21:18:28.491+0000] {logging_mixin.py:137} WARNING - /home/airflow/.local/lib/python3.9/site-packages/airflow/models/dag.py:3492 RemovedInAirflow3Warning: Param `schedule_interval` is deprecated and will be removed in a future release. Please use `schedule` instead.
[2025-05-13T21:18:28.510+0000] {processor.py:753} INFO - DAG(s) dict_keys(['example_sensor_decorator']) retrieved from /home/airflow/.local/lib/python3.9/site-packages/airflow/example_dags/example_sensor_decorator.py
[2025-05-13T21:18:28.763+0000] {logging_mixin.py:137} INFO - [2025-05-13T21:18:28.763+0000] {manager.py:504} INFO - Created Permission View: can edit on DAG:example_sensor_decorator
[2025-05-13T21:18:28.777+0000] {logging_mixin.py:137} INFO - [2025-05-13T21:18:28.777+0000] {manager.py:504} INFO - Created Permission View: can delete on DAG:example_sensor_decorator
[2025-05-13T21:18:28.789+0000] {logging_mixin.py:137} INFO - [2025-05-13T21:18:28.788+0000] {manager.py:504} INFO - Created Permission View: can read on DAG:example_sensor_decorator
[2025-05-13T21:18:28.789+0000] {logging_mixin.py:137} INFO - [2025-05-13T21:18:28.789+0000] {dag.py:2676} INFO - Sync 1 DAGs
[2025-05-13T21:18:28.814+0000] {logging_mixin.py:137} INFO - [2025-05-13T21:18:28.813+0000] {dag.py:2697} INFO - Creating ORM DAG for example_sensor_decorator
[2025-05-13T21:18:28.829+0000] {logging_mixin.py:137} INFO - [2025-05-13T21:18:28.829+0000] {dag.py:3423} INFO - Setting next_dagrun for example_sensor_decorator to None, run_after=None
[2025-05-13T21:18:28.861+0000] {processor.py:175} INFO - Processing /home/airflow/.local/lib/python3.9/site-packages/airflow/example_dags/example_sensor_decorator.py took 0.421 seconds
[2025-05-13T21:18:59.067+0000] {processor.py:153} INFO - Started process (PID=479) to work on /home/airflow/.local/lib/python3.9/site-packages/airflow/example_dags/example_sensor_decorator.py
[2025-05-13T21:18:59.069+0000] {processor.py:743} INFO - Processing file /home/airflow/.local/lib/python3.9/site-packages/airflow/example_dags/example_sensor_decorator.py for tasks to queue
[2025-05-13T21:18:59.071+0000] {logging_mixin.py:137} INFO - [2025-05-13T21:18:59.071+0000] {dagbag.py:538} INFO - Filling up the DagBag from /home/airflow/.local/lib/python3.9/site-packages/airflow/example_dags/example_sensor_decorator.py
[2025-05-13T21:18:59.108+0000] {logging_mixin.py:137} WARNING - /home/airflow/.local/lib/python3.9/site-packages/airflow/models/dag.py:3492 RemovedInAirflow3Warning: Param `schedule_interval` is deprecated and will be removed in a future release. Please use `schedule` instead.
[2025-05-13T21:18:59.130+0000] {processor.py:753} INFO - DAG(s) dict_keys(['example_sensor_decorator']) retrieved from /home/airflow/.local/lib/python3.9/site-packages/airflow/example_dags/example_sensor_decorator.py
[2025-05-13T21:18:59.194+0000] {logging_mixin.py:137} INFO - [2025-05-13T21:18:59.193+0000] {dag.py:2676} INFO - Sync 1 DAGs
[2025-05-13T21:18:59.227+0000] {logging_mixin.py:137} INFO - [2025-05-13T21:18:59.227+0000] {dag.py:3423} INFO - Setting next_dagrun for example_sensor_decorator to None, run_after=None
[2025-05-13T21:18:59.255+0000] {processor.py:175} INFO - Processing /home/airflow/.local/lib/python3.9/site-packages/airflow/example_dags/example_sensor_decorator.py took 0.192 seconds
[2025-05-13T21:19:29.381+0000] {processor.py:153} INFO - Started process (PID=677) to work on /home/airflow/.local/lib/python3.9/site-packages/airflow/example_dags/example_sensor_decorator.py
[2025-05-13T21:19:29.383+0000] {processor.py:743} INFO - Processing file /home/airflow/.local/lib/python3.9/site-packages/airflow/example_dags/example_sensor_decorator.py for tasks to queue
[2025-05-13T21:19:29.384+0000] {logging_mixin.py:137} INFO - [2025-05-13T21:19:29.384+0000] {dagbag.py:538} INFO - Filling up the DagBag from /home/airflow/.local/lib/python3.9/site-packages/airflow/example_dags/example_sensor_decorator.py
[2025-05-13T21:19:29.419+0000] {logging_mixin.py:137} WARNING - /home/airflow/.local/lib/python3.9/site-packages/airflow/models/dag.py:3492 RemovedInAirflow3Warning: Param `schedule_interval` is deprecated and will be removed in a future release. Please use `schedule` instead.
[2025-05-13T21:19:29.433+0000] {processor.py:753} INFO - DAG(s) dict_keys(['example_sensor_decorator']) retrieved from /home/airflow/.local/lib/python3.9/site-packages/airflow/example_dags/example_sensor_decorator.py
[2025-05-13T21:19:29.491+0000] {logging_mixin.py:137} INFO - [2025-05-13T21:19:29.491+0000] {dag.py:2676} INFO - Sync 1 DAGs
[2025-05-13T21:19:29.533+0000] {logging_mixin.py:137} INFO - [2025-05-13T21:19:29.533+0000] {dag.py:3423} INFO - Setting next_dagrun for example_sensor_decorator to None, run_after=None
[2025-05-13T21:19:29.570+0000] {processor.py:175} INFO - Processing /home/airflow/.local/lib/python3.9/site-packages/airflow/example_dags/example_sensor_decorator.py took 0.193 seconds
[2025-05-13T21:20:00.231+0000] {processor.py:153} INFO - Started process (PID=882) to work on /home/airflow/.local/lib/python3.9/site-packages/airflow/example_dags/example_sensor_decorator.py
[2025-05-13T21:20:00.232+0000] {processor.py:743} INFO - Processing file /home/airflow/.local/lib/python3.9/site-packages/airflow/example_dags/example_sensor_decorator.py for tasks to queue
[2025-05-13T21:20:00.233+0000] {logging_mixin.py:137} INFO - [2025-05-13T21:20:00.233+0000] {dagbag.py:538} INFO - Filling up the DagBag from /home/airflow/.local/lib/python3.9/site-packages/airflow/example_dags/example_sensor_decorator.py
[2025-05-13T21:20:00.268+0000] {logging_mixin.py:137} WARNING - /home/airflow/.local/lib/python3.9/site-packages/airflow/models/dag.py:3492 RemovedInAirflow3Warning: Param `schedule_interval` is deprecated and will be removed in a future release. Please use `schedule` instead.
[2025-05-13T21:20:00.279+0000] {processor.py:753} INFO - DAG(s) dict_keys(['example_sensor_decorator']) retrieved from /home/airflow/.local/lib/python3.9/site-packages/airflow/example_dags/example_sensor_decorator.py
[2025-05-13T21:20:00.334+0000] {logging_mixin.py:137} INFO - [2025-05-13T21:20:00.333+0000] {dag.py:2676} INFO - Sync 1 DAGs
[2025-05-13T21:20:00.388+0000] {logging_mixin.py:137} INFO - [2025-05-13T21:20:00.386+0000] {dag.py:3423} INFO - Setting next_dagrun for example_sensor_decorator to None, run_after=None
[2025-05-13T21:20:00.414+0000] {processor.py:175} INFO - Processing /home/airflow/.local/lib/python3.9/site-packages/airflow/example_dags/example_sensor_decorator.py took 0.188 seconds
[2025-05-13T21:20:30.696+0000] {processor.py:153} INFO - Started process (PID=1085) to work on /home/airflow/.local/lib/python3.9/site-packages/airflow/example_dags/example_sensor_decorator.py
[2025-05-13T21:20:30.697+0000] {processor.py:743} INFO - Processing file /home/airflow/.local/lib/python3.9/site-packages/airflow/example_dags/example_sensor_decorator.py for tasks to queue
[2025-05-13T21:20:30.698+0000] {logging_mixin.py:137} INFO - [2025-05-13T21:20:30.698+0000] {dagbag.py:538} INFO - Filling up the DagBag from /home/airflow/.local/lib/python3.9/site-packages/airflow/example_dags/example_sensor_decorator.py
[2025-05-13T21:20:30.726+0000] {logging_mixin.py:137} WARNING - /home/airflow/.local/lib/python3.9/site-packages/airflow/models/dag.py:3492 RemovedInAirflow3Warning: Param `schedule_interval` is deprecated and will be removed in a future release. Please use `schedule` instead.
[2025-05-13T21:20:30.737+0000] {processor.py:753} INFO - DAG(s) dict_keys(['example_sensor_decorator']) retrieved from /home/airflow/.local/lib/python3.9/site-packages/airflow/example_dags/example_sensor_decorator.py
[2025-05-13T21:20:30.784+0000] {logging_mixin.py:137} INFO - [2025-05-13T21:20:30.784+0000] {dag.py:2676} INFO - Sync 1 DAGs
[2025-05-13T21:20:30.854+0000] {logging_mixin.py:137} INFO - [2025-05-13T21:20:30.854+0000] {dag.py:3423} INFO - Setting next_dagrun for example_sensor_decorator to None, run_after=None
[2025-05-13T21:20:30.879+0000] {processor.py:175} INFO - Processing /home/airflow/.local/lib/python3.9/site-packages/airflow/example_dags/example_sensor_decorator.py took 0.188 seconds
[2025-05-13T21:21:00.920+0000] {processor.py:153} INFO - Started process (PID=1291) to work on /home/airflow/.local/lib/python3.9/site-packages/airflow/example_dags/example_sensor_decorator.py
[2025-05-13T21:21:00.921+0000] {processor.py:743} INFO - Processing file /home/airflow/.local/lib/python3.9/site-packages/airflow/example_dags/example_sensor_decorator.py for tasks to queue
[2025-05-13T21:21:00.922+0000] {logging_mixin.py:137} INFO - [2025-05-13T21:21:00.922+0000] {dagbag.py:538} INFO - Filling up the DagBag from /home/airflow/.local/lib/python3.9/site-packages/airflow/example_dags/example_sensor_decorator.py
[2025-05-13T21:21:00.952+0000] {logging_mixin.py:137} WARNING - /home/airflow/.local/lib/python3.9/site-packages/airflow/models/dag.py:3492 RemovedInAirflow3Warning: Param `schedule_interval` is deprecated and will be removed in a future release. Please use `schedule` instead.
[2025-05-13T21:21:00.963+0000] {processor.py:753} INFO - DAG(s) dict_keys(['example_sensor_decorator']) retrieved from /home/airflow/.local/lib/python3.9/site-packages/airflow/example_dags/example_sensor_decorator.py
[2025-05-13T21:21:01.010+0000] {logging_mixin.py:137} INFO - [2025-05-13T21:21:01.010+0000] {dag.py:2676} INFO - Sync 1 DAGs
[2025-05-13T21:21:01.038+0000] {logging_mixin.py:137} INFO - [2025-05-13T21:21:01.038+0000] {dag.py:3423} INFO - Setting next_dagrun for example_sensor_decorator to None, run_after=None
[2025-05-13T21:21:01.062+0000] {processor.py:175} INFO - Processing /home/airflow/.local/lib/python3.9/site-packages/airflow/example_dags/example_sensor_decorator.py took 0.147 seconds
[2025-05-13T21:21:31.266+0000] {processor.py:153} INFO - Started process (PID=1492) to work on /home/airflow/.local/lib/python3.9/site-packages/airflow/example_dags/example_sensor_decorator.py
[2025-05-13T21:21:31.268+0000] {processor.py:743} INFO - Processing file /home/airflow/.local/lib/python3.9/site-packages/airflow/example_dags/example_sensor_decorator.py for tasks to queue
[2025-05-13T21:21:31.269+0000] {logging_mixin.py:137} INFO - [2025-05-13T21:21:31.269+0000] {dagbag.py:538} INFO - Filling up the DagBag from /home/airflow/.local/lib/python3.9/site-packages/airflow/example_dags/example_sensor_decorator.py
[2025-05-13T21:21:31.300+0000] {logging_mixin.py:137} WARNING - /home/airflow/.local/lib/python3.9/site-packages/airflow/models/dag.py:3492 RemovedInAirflow3Warning: Param `schedule_interval` is deprecated and will be removed in a future release. Please use `schedule` instead.
[2025-05-13T21:21:31.311+0000] {processor.py:753} INFO - DAG(s) dict_keys(['example_sensor_decorator']) retrieved from /home/airflow/.local/lib/python3.9/site-packages/airflow/example_dags/example_sensor_decorator.py
[2025-05-13T21:21:31.364+0000] {logging_mixin.py:137} INFO - [2025-05-13T21:21:31.364+0000] {dag.py:2676} INFO - Sync 1 DAGs
[2025-05-13T21:21:31.399+0000] {logging_mixin.py:137} INFO - [2025-05-13T21:21:31.399+0000] {dag.py:3423} INFO - Setting next_dagrun for example_sensor_decorator to None, run_after=None
[2025-05-13T21:21:31.428+0000] {processor.py:175} INFO - Processing /home/airflow/.local/lib/python3.9/site-packages/airflow/example_dags/example_sensor_decorator.py took 0.167 seconds
[2025-05-13T21:22:02.029+0000] {processor.py:153} INFO - Started process (PID=1695) to work on /home/airflow/.local/lib/python3.9/site-packages/airflow/example_dags/example_sensor_decorator.py
[2025-05-13T21:22:02.030+0000] {processor.py:743} INFO - Processing file /home/airflow/.local/lib/python3.9/site-packages/airflow/example_dags/example_sensor_decorator.py for tasks to queue
[2025-05-13T21:22:02.032+0000] {logging_mixin.py:137} INFO - [2025-05-13T21:22:02.031+0000] {dagbag.py:538} INFO - Filling up the DagBag from /home/airflow/.local/lib/python3.9/site-packages/airflow/example_dags/example_sensor_decorator.py
[2025-05-13T21:22:02.061+0000] {logging_mixin.py:137} WARNING - /home/airflow/.local/lib/python3.9/site-packages/airflow/models/dag.py:3492 RemovedInAirflow3Warning: Param `schedule_interval` is deprecated and will be removed in a future release. Please use `schedule` instead.
[2025-05-13T21:22:02.072+0000] {processor.py:753} INFO - DAG(s) dict_keys(['example_sensor_decorator']) retrieved from /home/airflow/.local/lib/python3.9/site-packages/airflow/example_dags/example_sensor_decorator.py
[2025-05-13T21:22:02.130+0000] {logging_mixin.py:137} INFO - [2025-05-13T21:22:02.130+0000] {dag.py:2676} INFO - Sync 1 DAGs
[2025-05-13T21:22:02.162+0000] {logging_mixin.py:137} INFO - [2025-05-13T21:22:02.162+0000] {dag.py:3423} INFO - Setting next_dagrun for example_sensor_decorator to None, run_after=None
[2025-05-13T21:22:02.194+0000] {processor.py:175} INFO - Processing /home/airflow/.local/lib/python3.9/site-packages/airflow/example_dags/example_sensor_decorator.py took 0.170 seconds
[2025-05-13T21:22:32.773+0000] {processor.py:153} INFO - Started process (PID=1900) to work on /home/airflow/.local/lib/python3.9/site-packages/airflow/example_dags/example_sensor_decorator.py
[2025-05-13T21:22:32.774+0000] {processor.py:743} INFO - Processing file /home/airflow/.local/lib/python3.9/site-packages/airflow/example_dags/example_sensor_decorator.py for tasks to queue
[2025-05-13T21:22:32.777+0000] {logging_mixin.py:137} INFO - [2025-05-13T21:22:32.776+0000] {dagbag.py:538} INFO - Filling up the DagBag from /home/airflow/.local/lib/python3.9/site-packages/airflow/example_dags/example_sensor_decorator.py
[2025-05-13T21:22:32.868+0000] {logging_mixin.py:137} WARNING - /home/airflow/.local/lib/python3.9/site-packages/airflow/models/dag.py:3492 RemovedInAirflow3Warning: Param `schedule_interval` is deprecated and will be removed in a future release. Please use `schedule` instead.
[2025-05-13T21:22:32.886+0000] {processor.py:753} INFO - DAG(s) dict_keys(['example_sensor_decorator']) retrieved from /home/airflow/.local/lib/python3.9/site-packages/airflow/example_dags/example_sensor_decorator.py
[2025-05-13T21:22:32.968+0000] {logging_mixin.py:137} INFO - [2025-05-13T21:22:32.968+0000] {dag.py:2676} INFO - Sync 1 DAGs
[2025-05-13T21:22:33.011+0000] {logging_mixin.py:137} INFO - [2025-05-13T21:22:33.011+0000] {dag.py:3423} INFO - Setting next_dagrun for example_sensor_decorator to None, run_after=None
[2025-05-13T21:22:33.059+0000] {processor.py:175} INFO - Processing /home/airflow/.local/lib/python3.9/site-packages/airflow/example_dags/example_sensor_decorator.py took 0.294 seconds
[2025-05-13T21:23:03.260+0000] {processor.py:153} INFO - Started process (PID=2103) to work on /home/airflow/.local/lib/python3.9/site-packages/airflow/example_dags/example_sensor_decorator.py
[2025-05-13T21:23:03.262+0000] {processor.py:743} INFO - Processing file /home/airflow/.local/lib/python3.9/site-packages/airflow/example_dags/example_sensor_decorator.py for tasks to queue
[2025-05-13T21:23:03.263+0000] {logging_mixin.py:137} INFO - [2025-05-13T21:23:03.262+0000] {dagbag.py:538} INFO - Filling up the DagBag from /home/airflow/.local/lib/python3.9/site-packages/airflow/example_dags/example_sensor_decorator.py
[2025-05-13T21:23:03.291+0000] {logging_mixin.py:137} WARNING - /home/airflow/.local/lib/python3.9/site-packages/airflow/models/dag.py:3492 RemovedInAirflow3Warning: Param `schedule_interval` is deprecated and will be removed in a future release. Please use `schedule` instead.
[2025-05-13T21:23:03.302+0000] {processor.py:753} INFO - DAG(s) dict_keys(['example_sensor_decorator']) retrieved from /home/airflow/.local/lib/python3.9/site-packages/airflow/example_dags/example_sensor_decorator.py
[2025-05-13T21:23:03.347+0000] {logging_mixin.py:137} INFO - [2025-05-13T21:23:03.347+0000] {dag.py:2676} INFO - Sync 1 DAGs
[2025-05-13T21:23:03.375+0000] {logging_mixin.py:137} INFO - [2025-05-13T21:23:03.375+0000] {dag.py:3423} INFO - Setting next_dagrun for example_sensor_decorator to None, run_after=None
[2025-05-13T21:23:03.401+0000] {processor.py:175} INFO - Processing /home/airflow/.local/lib/python3.9/site-packages/airflow/example_dags/example_sensor_decorator.py took 0.145 seconds
[2025-05-13T21:23:33.678+0000] {processor.py:153} INFO - Started process (PID=2304) to work on /home/airflow/.local/lib/python3.9/site-packages/airflow/example_dags/example_sensor_decorator.py
[2025-05-13T21:23:33.679+0000] {processor.py:743} INFO - Processing file /home/airflow/.local/lib/python3.9/site-packages/airflow/example_dags/example_sensor_decorator.py for tasks to queue
[2025-05-13T21:23:33.680+0000] {logging_mixin.py:137} INFO - [2025-05-13T21:23:33.679+0000] {dagbag.py:538} INFO - Filling up the DagBag from /home/airflow/.local/lib/python3.9/site-packages/airflow/example_dags/example_sensor_decorator.py
[2025-05-13T21:23:33.707+0000] {logging_mixin.py:137} WARNING - /home/airflow/.local/lib/python3.9/site-packages/airflow/models/dag.py:3492 RemovedInAirflow3Warning: Param `schedule_interval` is deprecated and will be removed in a future release. Please use `schedule` instead.
[2025-05-13T21:23:33.718+0000] {processor.py:753} INFO - DAG(s) dict_keys(['example_sensor_decorator']) retrieved from /home/airflow/.local/lib/python3.9/site-packages/airflow/example_dags/example_sensor_decorator.py
[2025-05-13T21:23:33.765+0000] {logging_mixin.py:137} INFO - [2025-05-13T21:23:33.765+0000] {dag.py:2676} INFO - Sync 1 DAGs
[2025-05-13T21:23:33.793+0000] {logging_mixin.py:137} INFO - [2025-05-13T21:23:33.793+0000] {dag.py:3423} INFO - Setting next_dagrun for example_sensor_decorator to None, run_after=None
[2025-05-13T21:23:33.817+0000] {processor.py:175} INFO - Processing /home/airflow/.local/lib/python3.9/site-packages/airflow/example_dags/example_sensor_decorator.py took 0.144 seconds
[2025-05-13T21:24:04.343+0000] {processor.py:153} INFO - Started process (PID=2507) to work on /home/airflow/.local/lib/python3.9/site-packages/airflow/example_dags/example_sensor_decorator.py
[2025-05-13T21:24:04.344+0000] {processor.py:743} INFO - Processing file /home/airflow/.local/lib/python3.9/site-packages/airflow/example_dags/example_sensor_decorator.py for tasks to queue
[2025-05-13T21:24:04.345+0000] {logging_mixin.py:137} INFO - [2025-05-13T21:24:04.345+0000] {dagbag.py:538} INFO - Filling up the DagBag from /home/airflow/.local/lib/python3.9/site-packages/airflow/example_dags/example_sensor_decorator.py
[2025-05-13T21:24:04.378+0000] {logging_mixin.py:137} WARNING - /home/airflow/.local/lib/python3.9/site-packages/airflow/models/dag.py:3492 RemovedInAirflow3Warning: Param `schedule_interval` is deprecated and will be removed in a future release. Please use `schedule` instead.
[2025-05-13T21:24:04.389+0000] {processor.py:753} INFO - DAG(s) dict_keys(['example_sensor_decorator']) retrieved from /home/airflow/.local/lib/python3.9/site-packages/airflow/example_dags/example_sensor_decorator.py
[2025-05-13T21:24:04.440+0000] {logging_mixin.py:137} INFO - [2025-05-13T21:24:04.440+0000] {dag.py:2676} INFO - Sync 1 DAGs
[2025-05-13T21:24:04.470+0000] {logging_mixin.py:137} INFO - [2025-05-13T21:24:04.470+0000] {dag.py:3423} INFO - Setting next_dagrun for example_sensor_decorator to None, run_after=None
[2025-05-13T21:24:04.493+0000] {processor.py:175} INFO - Processing /home/airflow/.local/lib/python3.9/site-packages/airflow/example_dags/example_sensor_decorator.py took 0.155 seconds
[2025-05-13T21:24:35.695+0000] {processor.py:153} INFO - Started process (PID=2710) to work on /home/airflow/.local/lib/python3.9/site-packages/airflow/example_dags/example_sensor_decorator.py
[2025-05-13T21:24:35.696+0000] {processor.py:743} INFO - Processing file /home/airflow/.local/lib/python3.9/site-packages/airflow/example_dags/example_sensor_decorator.py for tasks to queue
[2025-05-13T21:24:35.697+0000] {logging_mixin.py:137} INFO - [2025-05-13T21:24:35.697+0000] {dagbag.py:538} INFO - Filling up the DagBag from /home/airflow/.local/lib/python3.9/site-packages/airflow/example_dags/example_sensor_decorator.py
[2025-05-13T21:24:35.727+0000] {logging_mixin.py:137} WARNING - /home/airflow/.local/lib/python3.9/site-packages/airflow/models/dag.py:3492 RemovedInAirflow3Warning: Param `schedule_interval` is deprecated and will be removed in a future release. Please use `schedule` instead.
[2025-05-13T21:24:35.739+0000] {processor.py:753} INFO - DAG(s) dict_keys(['example_sensor_decorator']) retrieved from /home/airflow/.local/lib/python3.9/site-packages/airflow/example_dags/example_sensor_decorator.py
[2025-05-13T21:24:35.792+0000] {logging_mixin.py:137} INFO - [2025-05-13T21:24:35.792+0000] {dag.py:2676} INFO - Sync 1 DAGs
[2025-05-13T21:24:35.822+0000] {logging_mixin.py:137} INFO - [2025-05-13T21:24:35.822+0000] {dag.py:3423} INFO - Setting next_dagrun for example_sensor_decorator to None, run_after=None
[2025-05-13T21:24:35.848+0000] {processor.py:175} INFO - Processing /home/airflow/.local/lib/python3.9/site-packages/airflow/example_dags/example_sensor_decorator.py took 0.157 seconds
[2025-05-13T21:25:06.065+0000] {processor.py:153} INFO - Started process (PID=2907) to work on /home/airflow/.local/lib/python3.9/site-packages/airflow/example_dags/example_sensor_decorator.py
[2025-05-13T21:25:06.067+0000] {processor.py:743} INFO - Processing file /home/airflow/.local/lib/python3.9/site-packages/airflow/example_dags/example_sensor_decorator.py for tasks to queue
[2025-05-13T21:25:06.068+0000] {logging_mixin.py:137} INFO - [2025-05-13T21:25:06.068+0000] {dagbag.py:538} INFO - Filling up the DagBag from /home/airflow/.local/lib/python3.9/site-packages/airflow/example_dags/example_sensor_decorator.py
[2025-05-13T21:25:06.102+0000] {logging_mixin.py:137} WARNING - /home/airflow/.local/lib/python3.9/site-packages/airflow/models/dag.py:3492 RemovedInAirflow3Warning: Param `schedule_interval` is deprecated and will be removed in a future release. Please use `schedule` instead.
[2025-05-13T21:25:06.113+0000] {processor.py:753} INFO - DAG(s) dict_keys(['example_sensor_decorator']) retrieved from /home/airflow/.local/lib/python3.9/site-packages/airflow/example_dags/example_sensor_decorator.py
[2025-05-13T21:25:06.171+0000] {logging_mixin.py:137} INFO - [2025-05-13T21:25:06.171+0000] {dag.py:2676} INFO - Sync 1 DAGs
[2025-05-13T21:25:06.209+0000] {logging_mixin.py:137} INFO - [2025-05-13T21:25:06.209+0000] {dag.py:3423} INFO - Setting next_dagrun for example_sensor_decorator to None, run_after=None
[2025-05-13T21:25:06.260+0000] {processor.py:175} INFO - Processing /home/airflow/.local/lib/python3.9/site-packages/airflow/example_dags/example_sensor_decorator.py took 0.199 seconds
[2025-05-13T21:25:36.950+0000] {processor.py:153} INFO - Started process (PID=3110) to work on /home/airflow/.local/lib/python3.9/site-packages/airflow/example_dags/example_sensor_decorator.py
[2025-05-13T21:25:36.951+0000] {processor.py:743} INFO - Processing file /home/airflow/.local/lib/python3.9/site-packages/airflow/example_dags/example_sensor_decorator.py for tasks to queue
[2025-05-13T21:25:36.952+0000] {logging_mixin.py:137} INFO - [2025-05-13T21:25:36.952+0000] {dagbag.py:538} INFO - Filling up the DagBag from /home/airflow/.local/lib/python3.9/site-packages/airflow/example_dags/example_sensor_decorator.py
[2025-05-13T21:25:36.980+0000] {logging_mixin.py:137} WARNING - /home/airflow/.local/lib/python3.9/site-packages/airflow/models/dag.py:3492 RemovedInAirflow3Warning: Param `schedule_interval` is deprecated and will be removed in a future release. Please use `schedule` instead.
[2025-05-13T21:25:36.990+0000] {processor.py:753} INFO - DAG(s) dict_keys(['example_sensor_decorator']) retrieved from /home/airflow/.local/lib/python3.9/site-packages/airflow/example_dags/example_sensor_decorator.py
[2025-05-13T21:25:37.035+0000] {logging_mixin.py:137} INFO - [2025-05-13T21:25:37.035+0000] {dag.py:2676} INFO - Sync 1 DAGs
[2025-05-13T21:25:37.063+0000] {logging_mixin.py:137} INFO - [2025-05-13T21:25:37.063+0000] {dag.py:3423} INFO - Setting next_dagrun for example_sensor_decorator to None, run_after=None
[2025-05-13T21:25:37.085+0000] {processor.py:175} INFO - Processing /home/airflow/.local/lib/python3.9/site-packages/airflow/example_dags/example_sensor_decorator.py took 0.138 seconds
[2025-05-13T21:26:07.401+0000] {processor.py:153} INFO - Started process (PID=3325) to work on /home/airflow/.local/lib/python3.9/site-packages/airflow/example_dags/example_sensor_decorator.py
[2025-05-13T21:26:07.402+0000] {processor.py:743} INFO - Processing file /home/airflow/.local/lib/python3.9/site-packages/airflow/example_dags/example_sensor_decorator.py for tasks to queue
[2025-05-13T21:26:07.403+0000] {logging_mixin.py:137} INFO - [2025-05-13T21:26:07.403+0000] {dagbag.py:538} INFO - Filling up the DagBag from /home/airflow/.local/lib/python3.9/site-packages/airflow/example_dags/example_sensor_decorator.py
[2025-05-13T21:26:07.433+0000] {logging_mixin.py:137} WARNING - /home/airflow/.local/lib/python3.9/site-packages/airflow/models/dag.py:3492 RemovedInAirflow3Warning: Param `schedule_interval` is deprecated and will be removed in a future release. Please use `schedule` instead.
[2025-05-13T21:26:07.445+0000] {processor.py:753} INFO - DAG(s) dict_keys(['example_sensor_decorator']) retrieved from /home/airflow/.local/lib/python3.9/site-packages/airflow/example_dags/example_sensor_decorator.py
[2025-05-13T21:26:07.495+0000] {logging_mixin.py:137} INFO - [2025-05-13T21:26:07.495+0000] {dag.py:2676} INFO - Sync 1 DAGs
[2025-05-13T21:26:07.526+0000] {logging_mixin.py:137} INFO - [2025-05-13T21:26:07.526+0000] {dag.py:3423} INFO - Setting next_dagrun for example_sensor_decorator to None, run_after=None
[2025-05-13T21:26:07.551+0000] {processor.py:175} INFO - Processing /home/airflow/.local/lib/python3.9/site-packages/airflow/example_dags/example_sensor_decorator.py took 0.154 seconds
[2025-05-13T21:26:38.144+0000] {processor.py:153} INFO - Started process (PID=3527) to work on /home/airflow/.local/lib/python3.9/site-packages/airflow/example_dags/example_sensor_decorator.py
[2025-05-13T21:26:38.147+0000] {processor.py:743} INFO - Processing file /home/airflow/.local/lib/python3.9/site-packages/airflow/example_dags/example_sensor_decorator.py for tasks to queue
[2025-05-13T21:26:38.153+0000] {logging_mixin.py:137} INFO - [2025-05-13T21:26:38.153+0000] {dagbag.py:538} INFO - Filling up the DagBag from /home/airflow/.local/lib/python3.9/site-packages/airflow/example_dags/example_sensor_decorator.py
[2025-05-13T21:26:38.225+0000] {logging_mixin.py:137} WARNING - /home/airflow/.local/lib/python3.9/site-packages/airflow/models/dag.py:3492 RemovedInAirflow3Warning: Param `schedule_interval` is deprecated and will be removed in a future release. Please use `schedule` instead.
[2025-05-13T21:26:38.242+0000] {processor.py:753} INFO - DAG(s) dict_keys(['example_sensor_decorator']) retrieved from /home/airflow/.local/lib/python3.9/site-packages/airflow/example_dags/example_sensor_decorator.py
[2025-05-13T21:26:38.312+0000] {logging_mixin.py:137} INFO - [2025-05-13T21:26:38.312+0000] {dag.py:2676} INFO - Sync 1 DAGs
[2025-05-13T21:26:38.353+0000] {logging_mixin.py:137} INFO - [2025-05-13T21:26:38.353+0000] {dag.py:3423} INFO - Setting next_dagrun for example_sensor_decorator to None, run_after=None
[2025-05-13T21:26:38.381+0000] {processor.py:175} INFO - Processing /home/airflow/.local/lib/python3.9/site-packages/airflow/example_dags/example_sensor_decorator.py took 0.245 seconds
[2025-05-13T21:27:08.635+0000] {processor.py:153} INFO - Started process (PID=3731) to work on /home/airflow/.local/lib/python3.9/site-packages/airflow/example_dags/example_sensor_decorator.py
[2025-05-13T21:27:08.636+0000] {processor.py:743} INFO - Processing file /home/airflow/.local/lib/python3.9/site-packages/airflow/example_dags/example_sensor_decorator.py for tasks to queue
[2025-05-13T21:27:08.637+0000] {logging_mixin.py:137} INFO - [2025-05-13T21:27:08.636+0000] {dagbag.py:538} INFO - Filling up the DagBag from /home/airflow/.local/lib/python3.9/site-packages/airflow/example_dags/example_sensor_decorator.py
[2025-05-13T21:27:08.662+0000] {logging_mixin.py:137} WARNING - /home/airflow/.local/lib/python3.9/site-packages/airflow/models/dag.py:3492 RemovedInAirflow3Warning: Param `schedule_interval` is deprecated and will be removed in a future release. Please use `schedule` instead.
[2025-05-13T21:27:08.670+0000] {processor.py:753} INFO - DAG(s) dict_keys(['example_sensor_decorator']) retrieved from /home/airflow/.local/lib/python3.9/site-packages/airflow/example_dags/example_sensor_decorator.py
[2025-05-13T21:27:08.704+0000] {logging_mixin.py:137} INFO - [2025-05-13T21:27:08.704+0000] {dag.py:2676} INFO - Sync 1 DAGs
[2025-05-13T21:27:08.729+0000] {logging_mixin.py:137} INFO - [2025-05-13T21:27:08.728+0000] {dag.py:3423} INFO - Setting next_dagrun for example_sensor_decorator to None, run_after=None
[2025-05-13T21:27:08.749+0000] {processor.py:175} INFO - Processing /home/airflow/.local/lib/python3.9/site-packages/airflow/example_dags/example_sensor_decorator.py took 0.118 seconds
[2025-05-13T21:27:39.333+0000] {processor.py:153} INFO - Started process (PID=3934) to work on /home/airflow/.local/lib/python3.9/site-packages/airflow/example_dags/example_sensor_decorator.py
[2025-05-13T21:27:39.334+0000] {processor.py:743} INFO - Processing file /home/airflow/.local/lib/python3.9/site-packages/airflow/example_dags/example_sensor_decorator.py for tasks to queue
[2025-05-13T21:27:39.334+0000] {logging_mixin.py:137} INFO - [2025-05-13T21:27:39.334+0000] {dagbag.py:538} INFO - Filling up the DagBag from /home/airflow/.local/lib/python3.9/site-packages/airflow/example_dags/example_sensor_decorator.py
[2025-05-13T21:27:39.357+0000] {logging_mixin.py:137} WARNING - /home/airflow/.local/lib/python3.9/site-packages/airflow/models/dag.py:3492 RemovedInAirflow3Warning: Param `schedule_interval` is deprecated and will be removed in a future release. Please use `schedule` instead.
[2025-05-13T21:27:39.366+0000] {processor.py:753} INFO - DAG(s) dict_keys(['example_sensor_decorator']) retrieved from /home/airflow/.local/lib/python3.9/site-packages/airflow/example_dags/example_sensor_decorator.py
[2025-05-13T21:27:39.410+0000] {logging_mixin.py:137} INFO - [2025-05-13T21:27:39.410+0000] {dag.py:2676} INFO - Sync 1 DAGs
[2025-05-13T21:27:39.483+0000] {logging_mixin.py:137} INFO - [2025-05-13T21:27:39.482+0000] {dag.py:3423} INFO - Setting next_dagrun for example_sensor_decorator to None, run_after=None
[2025-05-13T21:27:39.506+0000] {processor.py:175} INFO - Processing /home/airflow/.local/lib/python3.9/site-packages/airflow/example_dags/example_sensor_decorator.py took 0.176 seconds
[2025-05-13T21:28:10.018+0000] {processor.py:153} INFO - Started process (PID=4137) to work on /home/airflow/.local/lib/python3.9/site-packages/airflow/example_dags/example_sensor_decorator.py
[2025-05-13T21:28:10.019+0000] {processor.py:743} INFO - Processing file /home/airflow/.local/lib/python3.9/site-packages/airflow/example_dags/example_sensor_decorator.py for tasks to queue
[2025-05-13T21:28:10.021+0000] {logging_mixin.py:137} INFO - [2025-05-13T21:28:10.021+0000] {dagbag.py:538} INFO - Filling up the DagBag from /home/airflow/.local/lib/python3.9/site-packages/airflow/example_dags/example_sensor_decorator.py
[2025-05-13T21:28:10.051+0000] {logging_mixin.py:137} WARNING - /home/airflow/.local/lib/python3.9/site-packages/airflow/models/dag.py:3492 RemovedInAirflow3Warning: Param `schedule_interval` is deprecated and will be removed in a future release. Please use `schedule` instead.
[2025-05-13T21:28:10.062+0000] {processor.py:753} INFO - DAG(s) dict_keys(['example_sensor_decorator']) retrieved from /home/airflow/.local/lib/python3.9/site-packages/airflow/example_dags/example_sensor_decorator.py
[2025-05-13T21:28:10.097+0000] {logging_mixin.py:137} INFO - [2025-05-13T21:28:10.097+0000] {dag.py:2676} INFO - Sync 1 DAGs
[2025-05-13T21:28:10.128+0000] {logging_mixin.py:137} INFO - [2025-05-13T21:28:10.128+0000] {dag.py:3423} INFO - Setting next_dagrun for example_sensor_decorator to None, run_after=None
[2025-05-13T21:28:10.152+0000] {processor.py:175} INFO - Processing /home/airflow/.local/lib/python3.9/site-packages/airflow/example_dags/example_sensor_decorator.py took 0.139 seconds
[2025-05-13T21:28:40.749+0000] {processor.py:153} INFO - Started process (PID=4339) to work on /home/airflow/.local/lib/python3.9/site-packages/airflow/example_dags/example_sensor_decorator.py
[2025-05-13T21:28:40.750+0000] {processor.py:743} INFO - Processing file /home/airflow/.local/lib/python3.9/site-packages/airflow/example_dags/example_sensor_decorator.py for tasks to queue
[2025-05-13T21:28:40.752+0000] {logging_mixin.py:137} INFO - [2025-05-13T21:28:40.752+0000] {dagbag.py:538} INFO - Filling up the DagBag from /home/airflow/.local/lib/python3.9/site-packages/airflow/example_dags/example_sensor_decorator.py
[2025-05-13T21:28:40.788+0000] {logging_mixin.py:137} WARNING - /home/airflow/.local/lib/python3.9/site-packages/airflow/models/dag.py:3492 RemovedInAirflow3Warning: Param `schedule_interval` is deprecated and will be removed in a future release. Please use `schedule` instead.
[2025-05-13T21:28:40.799+0000] {processor.py:753} INFO - DAG(s) dict_keys(['example_sensor_decorator']) retrieved from /home/airflow/.local/lib/python3.9/site-packages/airflow/example_dags/example_sensor_decorator.py
[2025-05-13T21:28:40.847+0000] {logging_mixin.py:137} INFO - [2025-05-13T21:28:40.846+0000] {dag.py:2676} INFO - Sync 1 DAGs
[2025-05-13T21:28:40.874+0000] {logging_mixin.py:137} INFO - [2025-05-13T21:28:40.874+0000] {dag.py:3423} INFO - Setting next_dagrun for example_sensor_decorator to None, run_after=None
[2025-05-13T21:28:40.896+0000] {processor.py:175} INFO - Processing /home/airflow/.local/lib/python3.9/site-packages/airflow/example_dags/example_sensor_decorator.py took 0.151 seconds
[2025-05-13T21:29:11.651+0000] {processor.py:153} INFO - Started process (PID=4543) to work on /home/airflow/.local/lib/python3.9/site-packages/airflow/example_dags/example_sensor_decorator.py
[2025-05-13T21:29:11.663+0000] {processor.py:743} INFO - Processing file /home/airflow/.local/lib/python3.9/site-packages/airflow/example_dags/example_sensor_decorator.py for tasks to queue
[2025-05-13T21:29:11.671+0000] {logging_mixin.py:137} INFO - [2025-05-13T21:29:11.671+0000] {dagbag.py:538} INFO - Filling up the DagBag from /home/airflow/.local/lib/python3.9/site-packages/airflow/example_dags/example_sensor_decorator.py
[2025-05-13T21:29:11.702+0000] {logging_mixin.py:137} WARNING - /home/airflow/.local/lib/python3.9/site-packages/airflow/models/dag.py:3492 RemovedInAirflow3Warning: Param `schedule_interval` is deprecated and will be removed in a future release. Please use `schedule` instead.
[2025-05-13T21:29:11.712+0000] {processor.py:753} INFO - DAG(s) dict_keys(['example_sensor_decorator']) retrieved from /home/airflow/.local/lib/python3.9/site-packages/airflow/example_dags/example_sensor_decorator.py
[2025-05-13T21:29:11.764+0000] {logging_mixin.py:137} INFO - [2025-05-13T21:29:11.764+0000] {dag.py:2676} INFO - Sync 1 DAGs
[2025-05-13T21:29:11.790+0000] {logging_mixin.py:137} INFO - [2025-05-13T21:29:11.789+0000] {dag.py:3423} INFO - Setting next_dagrun for example_sensor_decorator to None, run_after=None
[2025-05-13T21:29:11.812+0000] {processor.py:175} INFO - Processing /home/airflow/.local/lib/python3.9/site-packages/airflow/example_dags/example_sensor_decorator.py took 0.166 seconds
[2025-05-13T21:29:42.206+0000] {processor.py:153} INFO - Started process (PID=4746) to work on /home/airflow/.local/lib/python3.9/site-packages/airflow/example_dags/example_sensor_decorator.py
[2025-05-13T21:29:42.208+0000] {processor.py:743} INFO - Processing file /home/airflow/.local/lib/python3.9/site-packages/airflow/example_dags/example_sensor_decorator.py for tasks to queue
[2025-05-13T21:29:42.211+0000] {logging_mixin.py:137} INFO - [2025-05-13T21:29:42.211+0000] {dagbag.py:538} INFO - Filling up the DagBag from /home/airflow/.local/lib/python3.9/site-packages/airflow/example_dags/example_sensor_decorator.py
[2025-05-13T21:29:42.242+0000] {logging_mixin.py:137} WARNING - /home/airflow/.local/lib/python3.9/site-packages/airflow/models/dag.py:3492 RemovedInAirflow3Warning: Param `schedule_interval` is deprecated and will be removed in a future release. Please use `schedule` instead.
[2025-05-13T21:29:42.254+0000] {processor.py:753} INFO - DAG(s) dict_keys(['example_sensor_decorator']) retrieved from /home/airflow/.local/lib/python3.9/site-packages/airflow/example_dags/example_sensor_decorator.py
[2025-05-13T21:29:42.310+0000] {logging_mixin.py:137} INFO - [2025-05-13T21:29:42.309+0000] {dag.py:2676} INFO - Sync 1 DAGs
[2025-05-13T21:29:42.343+0000] {logging_mixin.py:137} INFO - [2025-05-13T21:29:42.343+0000] {dag.py:3423} INFO - Setting next_dagrun for example_sensor_decorator to None, run_after=None
[2025-05-13T21:29:42.368+0000] {processor.py:175} INFO - Processing /home/airflow/.local/lib/python3.9/site-packages/airflow/example_dags/example_sensor_decorator.py took 0.166 seconds
[2025-05-13T21:30:12.426+0000] {processor.py:153} INFO - Started process (PID=4945) to work on /home/airflow/.local/lib/python3.9/site-packages/airflow/example_dags/example_sensor_decorator.py
[2025-05-13T21:30:12.427+0000] {processor.py:743} INFO - Processing file /home/airflow/.local/lib/python3.9/site-packages/airflow/example_dags/example_sensor_decorator.py for tasks to queue
[2025-05-13T21:30:12.428+0000] {logging_mixin.py:137} INFO - [2025-05-13T21:30:12.428+0000] {dagbag.py:538} INFO - Filling up the DagBag from /home/airflow/.local/lib/python3.9/site-packages/airflow/example_dags/example_sensor_decorator.py
[2025-05-13T21:30:12.457+0000] {logging_mixin.py:137} WARNING - /home/airflow/.local/lib/python3.9/site-packages/airflow/models/dag.py:3492 RemovedInAirflow3Warning: Param `schedule_interval` is deprecated and will be removed in a future release. Please use `schedule` instead.
[2025-05-13T21:30:12.467+0000] {processor.py:753} INFO - DAG(s) dict_keys(['example_sensor_decorator']) retrieved from /home/airflow/.local/lib/python3.9/site-packages/airflow/example_dags/example_sensor_decorator.py
[2025-05-13T21:30:12.515+0000] {logging_mixin.py:137} INFO - [2025-05-13T21:30:12.515+0000] {dag.py:2676} INFO - Sync 1 DAGs
[2025-05-13T21:30:12.543+0000] {logging_mixin.py:137} INFO - [2025-05-13T21:30:12.543+0000] {dag.py:3423} INFO - Setting next_dagrun for example_sensor_decorator to None, run_after=None
[2025-05-13T21:30:12.564+0000] {processor.py:175} INFO - Processing /home/airflow/.local/lib/python3.9/site-packages/airflow/example_dags/example_sensor_decorator.py took 0.143 seconds
[2025-05-13T21:30:42.638+0000] {processor.py:153} INFO - Started process (PID=5148) to work on /home/airflow/.local/lib/python3.9/site-packages/airflow/example_dags/example_sensor_decorator.py
[2025-05-13T21:30:42.639+0000] {processor.py:743} INFO - Processing file /home/airflow/.local/lib/python3.9/site-packages/airflow/example_dags/example_sensor_decorator.py for tasks to queue
[2025-05-13T21:30:42.641+0000] {logging_mixin.py:137} INFO - [2025-05-13T21:30:42.641+0000] {dagbag.py:538} INFO - Filling up the DagBag from /home/airflow/.local/lib/python3.9/site-packages/airflow/example_dags/example_sensor_decorator.py
[2025-05-13T21:30:42.666+0000] {logging_mixin.py:137} WARNING - /home/airflow/.local/lib/python3.9/site-packages/airflow/models/dag.py:3492 RemovedInAirflow3Warning: Param `schedule_interval` is deprecated and will be removed in a future release. Please use `schedule` instead.
[2025-05-13T21:30:42.675+0000] {processor.py:753} INFO - DAG(s) dict_keys(['example_sensor_decorator']) retrieved from /home/airflow/.local/lib/python3.9/site-packages/airflow/example_dags/example_sensor_decorator.py
[2025-05-13T21:30:42.718+0000] {logging_mixin.py:137} INFO - [2025-05-13T21:30:42.717+0000] {dag.py:2676} INFO - Sync 1 DAGs
[2025-05-13T21:30:42.742+0000] {logging_mixin.py:137} INFO - [2025-05-13T21:30:42.742+0000] {dag.py:3423} INFO - Setting next_dagrun for example_sensor_decorator to None, run_after=None
[2025-05-13T21:30:42.762+0000] {processor.py:175} INFO - Processing /home/airflow/.local/lib/python3.9/site-packages/airflow/example_dags/example_sensor_decorator.py took 0.127 seconds
[2025-05-13T21:31:13.201+0000] {processor.py:153} INFO - Started process (PID=5352) to work on /home/airflow/.local/lib/python3.9/site-packages/airflow/example_dags/example_sensor_decorator.py
[2025-05-13T21:31:13.202+0000] {processor.py:743} INFO - Processing file /home/airflow/.local/lib/python3.9/site-packages/airflow/example_dags/example_sensor_decorator.py for tasks to queue
[2025-05-13T21:31:13.203+0000] {logging_mixin.py:137} INFO - [2025-05-13T21:31:13.203+0000] {dagbag.py:538} INFO - Filling up the DagBag from /home/airflow/.local/lib/python3.9/site-packages/airflow/example_dags/example_sensor_decorator.py
[2025-05-13T21:31:13.232+0000] {logging_mixin.py:137} WARNING - /home/airflow/.local/lib/python3.9/site-packages/airflow/models/dag.py:3492 RemovedInAirflow3Warning: Param `schedule_interval` is deprecated and will be removed in a future release. Please use `schedule` instead.
[2025-05-13T21:31:13.243+0000] {processor.py:753} INFO - DAG(s) dict_keys(['example_sensor_decorator']) retrieved from /home/airflow/.local/lib/python3.9/site-packages/airflow/example_dags/example_sensor_decorator.py
[2025-05-13T21:31:13.293+0000] {logging_mixin.py:137} INFO - [2025-05-13T21:31:13.293+0000] {dag.py:2676} INFO - Sync 1 DAGs
[2025-05-13T21:31:13.324+0000] {logging_mixin.py:137} INFO - [2025-05-13T21:31:13.323+0000] {dag.py:3423} INFO - Setting next_dagrun for example_sensor_decorator to None, run_after=None
[2025-05-13T21:31:13.353+0000] {processor.py:175} INFO - Processing /home/airflow/.local/lib/python3.9/site-packages/airflow/example_dags/example_sensor_decorator.py took 0.156 seconds
[2025-05-13T21:31:43.926+0000] {processor.py:153} INFO - Started process (PID=5555) to work on /home/airflow/.local/lib/python3.9/site-packages/airflow/example_dags/example_sensor_decorator.py
[2025-05-13T21:31:43.929+0000] {processor.py:743} INFO - Processing file /home/airflow/.local/lib/python3.9/site-packages/airflow/example_dags/example_sensor_decorator.py for tasks to queue
[2025-05-13T21:31:43.930+0000] {logging_mixin.py:137} INFO - [2025-05-13T21:31:43.930+0000] {dagbag.py:538} INFO - Filling up the DagBag from /home/airflow/.local/lib/python3.9/site-packages/airflow/example_dags/example_sensor_decorator.py
[2025-05-13T21:31:43.952+0000] {logging_mixin.py:137} WARNING - /home/airflow/.local/lib/python3.9/site-packages/airflow/models/dag.py:3492 RemovedInAirflow3Warning: Param `schedule_interval` is deprecated and will be removed in a future release. Please use `schedule` instead.
[2025-05-13T21:31:43.960+0000] {processor.py:753} INFO - DAG(s) dict_keys(['example_sensor_decorator']) retrieved from /home/airflow/.local/lib/python3.9/site-packages/airflow/example_dags/example_sensor_decorator.py
[2025-05-13T21:31:44.002+0000] {logging_mixin.py:137} INFO - [2025-05-13T21:31:44.002+0000] {dag.py:2676} INFO - Sync 1 DAGs
[2025-05-13T21:31:44.325+0000] {logging_mixin.py:137} INFO - [2025-05-13T21:31:44.325+0000] {dag.py:3423} INFO - Setting next_dagrun for example_sensor_decorator to None, run_after=None
[2025-05-13T21:31:44.360+0000] {processor.py:175} INFO - Processing /home/airflow/.local/lib/python3.9/site-packages/airflow/example_dags/example_sensor_decorator.py took 0.437 seconds
[2025-05-13T21:32:14.717+0000] {processor.py:153} INFO - Started process (PID=5757) to work on /home/airflow/.local/lib/python3.9/site-packages/airflow/example_dags/example_sensor_decorator.py
[2025-05-13T21:32:14.718+0000] {processor.py:743} INFO - Processing file /home/airflow/.local/lib/python3.9/site-packages/airflow/example_dags/example_sensor_decorator.py for tasks to queue
[2025-05-13T21:32:14.718+0000] {logging_mixin.py:137} INFO - [2025-05-13T21:32:14.718+0000] {dagbag.py:538} INFO - Filling up the DagBag from /home/airflow/.local/lib/python3.9/site-packages/airflow/example_dags/example_sensor_decorator.py
[2025-05-13T21:32:14.746+0000] {logging_mixin.py:137} WARNING - /home/airflow/.local/lib/python3.9/site-packages/airflow/models/dag.py:3492 RemovedInAirflow3Warning: Param `schedule_interval` is deprecated and will be removed in a future release. Please use `schedule` instead.
[2025-05-13T21:32:14.756+0000] {processor.py:753} INFO - DAG(s) dict_keys(['example_sensor_decorator']) retrieved from /home/airflow/.local/lib/python3.9/site-packages/airflow/example_dags/example_sensor_decorator.py
[2025-05-13T21:32:14.804+0000] {logging_mixin.py:137} INFO - [2025-05-13T21:32:14.804+0000] {dag.py:2676} INFO - Sync 1 DAGs
[2025-05-13T21:32:14.835+0000] {logging_mixin.py:137} INFO - [2025-05-13T21:32:14.834+0000] {dag.py:3423} INFO - Setting next_dagrun for example_sensor_decorator to None, run_after=None
[2025-05-13T21:32:14.857+0000] {processor.py:175} INFO - Processing /home/airflow/.local/lib/python3.9/site-packages/airflow/example_dags/example_sensor_decorator.py took 0.145 seconds
[2025-05-13T21:32:45.096+0000] {processor.py:153} INFO - Started process (PID=5960) to work on /home/airflow/.local/lib/python3.9/site-packages/airflow/example_dags/example_sensor_decorator.py
[2025-05-13T21:32:45.098+0000] {processor.py:743} INFO - Processing file /home/airflow/.local/lib/python3.9/site-packages/airflow/example_dags/example_sensor_decorator.py for tasks to queue
[2025-05-13T21:32:45.099+0000] {logging_mixin.py:137} INFO - [2025-05-13T21:32:45.099+0000] {dagbag.py:538} INFO - Filling up the DagBag from /home/airflow/.local/lib/python3.9/site-packages/airflow/example_dags/example_sensor_decorator.py
[2025-05-13T21:32:45.127+0000] {logging_mixin.py:137} WARNING - /home/airflow/.local/lib/python3.9/site-packages/airflow/models/dag.py:3492 RemovedInAirflow3Warning: Param `schedule_interval` is deprecated and will be removed in a future release. Please use `schedule` instead.
[2025-05-13T21:32:45.138+0000] {processor.py:753} INFO - DAG(s) dict_keys(['example_sensor_decorator']) retrieved from /home/airflow/.local/lib/python3.9/site-packages/airflow/example_dags/example_sensor_decorator.py
[2025-05-13T21:32:45.186+0000] {logging_mixin.py:137} INFO - [2025-05-13T21:32:45.186+0000] {dag.py:2676} INFO - Sync 1 DAGs
[2025-05-13T21:32:45.214+0000] {logging_mixin.py:137} INFO - [2025-05-13T21:32:45.214+0000] {dag.py:3423} INFO - Setting next_dagrun for example_sensor_decorator to None, run_after=None
[2025-05-13T21:32:45.241+0000] {processor.py:175} INFO - Processing /home/airflow/.local/lib/python3.9/site-packages/airflow/example_dags/example_sensor_decorator.py took 0.151 seconds
[2025-05-13T21:33:15.445+0000] {processor.py:153} INFO - Started process (PID=6163) to work on /home/airflow/.local/lib/python3.9/site-packages/airflow/example_dags/example_sensor_decorator.py
[2025-05-13T21:33:15.446+0000] {processor.py:743} INFO - Processing file /home/airflow/.local/lib/python3.9/site-packages/airflow/example_dags/example_sensor_decorator.py for tasks to queue
[2025-05-13T21:33:15.449+0000] {logging_mixin.py:137} INFO - [2025-05-13T21:33:15.448+0000] {dagbag.py:538} INFO - Filling up the DagBag from /home/airflow/.local/lib/python3.9/site-packages/airflow/example_dags/example_sensor_decorator.py
[2025-05-13T21:33:15.475+0000] {logging_mixin.py:137} WARNING - /home/airflow/.local/lib/python3.9/site-packages/airflow/models/dag.py:3492 RemovedInAirflow3Warning: Param `schedule_interval` is deprecated and will be removed in a future release. Please use `schedule` instead.
[2025-05-13T21:33:15.485+0000] {processor.py:753} INFO - DAG(s) dict_keys(['example_sensor_decorator']) retrieved from /home/airflow/.local/lib/python3.9/site-packages/airflow/example_dags/example_sensor_decorator.py
[2025-05-13T21:33:15.532+0000] {logging_mixin.py:137} INFO - [2025-05-13T21:33:15.531+0000] {dag.py:2676} INFO - Sync 1 DAGs
[2025-05-13T21:33:15.558+0000] {logging_mixin.py:137} INFO - [2025-05-13T21:33:15.558+0000] {dag.py:3423} INFO - Setting next_dagrun for example_sensor_decorator to None, run_after=None
[2025-05-13T21:33:15.586+0000] {processor.py:175} INFO - Processing /home/airflow/.local/lib/python3.9/site-packages/airflow/example_dags/example_sensor_decorator.py took 0.145 seconds
[2025-05-13T21:33:46.224+0000] {processor.py:153} INFO - Started process (PID=6367) to work on /home/airflow/.local/lib/python3.9/site-packages/airflow/example_dags/example_sensor_decorator.py
[2025-05-13T21:33:46.225+0000] {processor.py:743} INFO - Processing file /home/airflow/.local/lib/python3.9/site-packages/airflow/example_dags/example_sensor_decorator.py for tasks to queue
[2025-05-13T21:33:46.226+0000] {logging_mixin.py:137} INFO - [2025-05-13T21:33:46.226+0000] {dagbag.py:538} INFO - Filling up the DagBag from /home/airflow/.local/lib/python3.9/site-packages/airflow/example_dags/example_sensor_decorator.py
[2025-05-13T21:33:46.265+0000] {logging_mixin.py:137} WARNING - /home/airflow/.local/lib/python3.9/site-packages/airflow/models/dag.py:3492 RemovedInAirflow3Warning: Param `schedule_interval` is deprecated and will be removed in a future release. Please use `schedule` instead.
[2025-05-13T21:33:46.281+0000] {processor.py:753} INFO - DAG(s) dict_keys(['example_sensor_decorator']) retrieved from /home/airflow/.local/lib/python3.9/site-packages/airflow/example_dags/example_sensor_decorator.py
[2025-05-13T21:33:46.342+0000] {logging_mixin.py:137} INFO - [2025-05-13T21:33:46.342+0000] {dag.py:2676} INFO - Sync 1 DAGs
[2025-05-13T21:33:46.407+0000] {logging_mixin.py:137} INFO - [2025-05-13T21:33:46.407+0000] {dag.py:3423} INFO - Setting next_dagrun for example_sensor_decorator to None, run_after=None
[2025-05-13T21:33:46.457+0000] {processor.py:175} INFO - Processing /home/airflow/.local/lib/python3.9/site-packages/airflow/example_dags/example_sensor_decorator.py took 0.240 seconds
[2025-05-13T21:34:16.717+0000] {processor.py:153} INFO - Started process (PID=6569) to work on /home/airflow/.local/lib/python3.9/site-packages/airflow/example_dags/example_sensor_decorator.py
[2025-05-13T21:34:16.718+0000] {processor.py:743} INFO - Processing file /home/airflow/.local/lib/python3.9/site-packages/airflow/example_dags/example_sensor_decorator.py for tasks to queue
[2025-05-13T21:34:16.719+0000] {logging_mixin.py:137} INFO - [2025-05-13T21:34:16.719+0000] {dagbag.py:538} INFO - Filling up the DagBag from /home/airflow/.local/lib/python3.9/site-packages/airflow/example_dags/example_sensor_decorator.py
[2025-05-13T21:34:16.748+0000] {logging_mixin.py:137} WARNING - /home/airflow/.local/lib/python3.9/site-packages/airflow/models/dag.py:3492 RemovedInAirflow3Warning: Param `schedule_interval` is deprecated and will be removed in a future release. Please use `schedule` instead.
[2025-05-13T21:34:16.759+0000] {processor.py:753} INFO - DAG(s) dict_keys(['example_sensor_decorator']) retrieved from /home/airflow/.local/lib/python3.9/site-packages/airflow/example_dags/example_sensor_decorator.py
[2025-05-13T21:34:16.806+0000] {logging_mixin.py:137} INFO - [2025-05-13T21:34:16.806+0000] {dag.py:2676} INFO - Sync 1 DAGs
[2025-05-13T21:34:16.834+0000] {logging_mixin.py:137} INFO - [2025-05-13T21:34:16.833+0000] {dag.py:3423} INFO - Setting next_dagrun for example_sensor_decorator to None, run_after=None
[2025-05-13T21:34:16.855+0000] {processor.py:175} INFO - Processing /home/airflow/.local/lib/python3.9/site-packages/airflow/example_dags/example_sensor_decorator.py took 0.142 seconds
[2025-05-13T21:34:47.650+0000] {processor.py:153} INFO - Started process (PID=6779) to work on /home/airflow/.local/lib/python3.9/site-packages/airflow/example_dags/example_sensor_decorator.py
[2025-05-13T21:34:47.651+0000] {processor.py:743} INFO - Processing file /home/airflow/.local/lib/python3.9/site-packages/airflow/example_dags/example_sensor_decorator.py for tasks to queue
[2025-05-13T21:34:47.652+0000] {logging_mixin.py:137} INFO - [2025-05-13T21:34:47.652+0000] {dagbag.py:538} INFO - Filling up the DagBag from /home/airflow/.local/lib/python3.9/site-packages/airflow/example_dags/example_sensor_decorator.py
[2025-05-13T21:34:47.696+0000] {logging_mixin.py:137} WARNING - /home/airflow/.local/lib/python3.9/site-packages/airflow/models/dag.py:3492 RemovedInAirflow3Warning: Param `schedule_interval` is deprecated and will be removed in a future release. Please use `schedule` instead.
[2025-05-13T21:34:47.719+0000] {processor.py:753} INFO - DAG(s) dict_keys(['example_sensor_decorator']) retrieved from /home/airflow/.local/lib/python3.9/site-packages/airflow/example_dags/example_sensor_decorator.py
[2025-05-13T21:34:47.829+0000] {logging_mixin.py:137} INFO - [2025-05-13T21:34:47.829+0000] {dag.py:2676} INFO - Sync 1 DAGs
[2025-05-13T21:34:47.874+0000] {logging_mixin.py:137} INFO - [2025-05-13T21:34:47.873+0000] {dag.py:3423} INFO - Setting next_dagrun for example_sensor_decorator to None, run_after=None
[2025-05-13T21:34:47.919+0000] {processor.py:175} INFO - Processing /home/airflow/.local/lib/python3.9/site-packages/airflow/example_dags/example_sensor_decorator.py took 0.274 seconds
[2025-05-13T21:35:18.160+0000] {processor.py:153} INFO - Started process (PID=6983) to work on /home/airflow/.local/lib/python3.9/site-packages/airflow/example_dags/example_sensor_decorator.py
[2025-05-13T21:35:18.162+0000] {processor.py:743} INFO - Processing file /home/airflow/.local/lib/python3.9/site-packages/airflow/example_dags/example_sensor_decorator.py for tasks to queue
[2025-05-13T21:35:18.163+0000] {logging_mixin.py:137} INFO - [2025-05-13T21:35:18.163+0000] {dagbag.py:538} INFO - Filling up the DagBag from /home/airflow/.local/lib/python3.9/site-packages/airflow/example_dags/example_sensor_decorator.py
[2025-05-13T21:35:18.198+0000] {logging_mixin.py:137} WARNING - /home/airflow/.local/lib/python3.9/site-packages/airflow/models/dag.py:3492 RemovedInAirflow3Warning: Param `schedule_interval` is deprecated and will be removed in a future release. Please use `schedule` instead.
[2025-05-13T21:35:18.211+0000] {processor.py:753} INFO - DAG(s) dict_keys(['example_sensor_decorator']) retrieved from /home/airflow/.local/lib/python3.9/site-packages/airflow/example_dags/example_sensor_decorator.py
[2025-05-13T21:35:18.265+0000] {logging_mixin.py:137} INFO - [2025-05-13T21:35:18.265+0000] {dag.py:2676} INFO - Sync 1 DAGs
[2025-05-13T21:35:18.302+0000] {logging_mixin.py:137} INFO - [2025-05-13T21:35:18.301+0000] {dag.py:3423} INFO - Setting next_dagrun for example_sensor_decorator to None, run_after=None
[2025-05-13T21:35:18.333+0000] {processor.py:175} INFO - Processing /home/airflow/.local/lib/python3.9/site-packages/airflow/example_dags/example_sensor_decorator.py took 0.178 seconds
[2025-05-13T21:35:48.956+0000] {processor.py:153} INFO - Started process (PID=7188) to work on /home/airflow/.local/lib/python3.9/site-packages/airflow/example_dags/example_sensor_decorator.py
[2025-05-13T21:35:48.958+0000] {processor.py:743} INFO - Processing file /home/airflow/.local/lib/python3.9/site-packages/airflow/example_dags/example_sensor_decorator.py for tasks to queue
[2025-05-13T21:35:48.959+0000] {logging_mixin.py:137} INFO - [2025-05-13T21:35:48.958+0000] {dagbag.py:538} INFO - Filling up the DagBag from /home/airflow/.local/lib/python3.9/site-packages/airflow/example_dags/example_sensor_decorator.py
[2025-05-13T21:35:48.988+0000] {logging_mixin.py:137} WARNING - /home/airflow/.local/lib/python3.9/site-packages/airflow/models/dag.py:3492 RemovedInAirflow3Warning: Param `schedule_interval` is deprecated and will be removed in a future release. Please use `schedule` instead.
[2025-05-13T21:35:49.002+0000] {processor.py:753} INFO - DAG(s) dict_keys(['example_sensor_decorator']) retrieved from /home/airflow/.local/lib/python3.9/site-packages/airflow/example_dags/example_sensor_decorator.py
[2025-05-13T21:35:49.051+0000] {logging_mixin.py:137} INFO - [2025-05-13T21:35:49.051+0000] {dag.py:2676} INFO - Sync 1 DAGs
[2025-05-13T21:35:49.081+0000] {logging_mixin.py:137} INFO - [2025-05-13T21:35:49.081+0000] {dag.py:3423} INFO - Setting next_dagrun for example_sensor_decorator to None, run_after=None
[2025-05-13T21:35:49.104+0000] {processor.py:175} INFO - Processing /home/airflow/.local/lib/python3.9/site-packages/airflow/example_dags/example_sensor_decorator.py took 0.152 seconds
[2025-05-13T21:36:19.307+0000] {processor.py:153} INFO - Started process (PID=7385) to work on /home/airflow/.local/lib/python3.9/site-packages/airflow/example_dags/example_sensor_decorator.py
[2025-05-13T21:36:19.308+0000] {processor.py:743} INFO - Processing file /home/airflow/.local/lib/python3.9/site-packages/airflow/example_dags/example_sensor_decorator.py for tasks to queue
[2025-05-13T21:36:19.309+0000] {logging_mixin.py:137} INFO - [2025-05-13T21:36:19.309+0000] {dagbag.py:538} INFO - Filling up the DagBag from /home/airflow/.local/lib/python3.9/site-packages/airflow/example_dags/example_sensor_decorator.py
[2025-05-13T21:36:19.339+0000] {logging_mixin.py:137} WARNING - /home/airflow/.local/lib/python3.9/site-packages/airflow/models/dag.py:3492 RemovedInAirflow3Warning: Param `schedule_interval` is deprecated and will be removed in a future release. Please use `schedule` instead.
[2025-05-13T21:36:19.352+0000] {processor.py:753} INFO - DAG(s) dict_keys(['example_sensor_decorator']) retrieved from /home/airflow/.local/lib/python3.9/site-packages/airflow/example_dags/example_sensor_decorator.py
[2025-05-13T21:36:19.407+0000] {logging_mixin.py:137} INFO - [2025-05-13T21:36:19.407+0000] {dag.py:2676} INFO - Sync 1 DAGs
[2025-05-13T21:36:19.439+0000] {logging_mixin.py:137} INFO - [2025-05-13T21:36:19.439+0000] {dag.py:3423} INFO - Setting next_dagrun for example_sensor_decorator to None, run_after=None
[2025-05-13T21:36:19.467+0000] {processor.py:175} INFO - Processing /home/airflow/.local/lib/python3.9/site-packages/airflow/example_dags/example_sensor_decorator.py took 0.164 seconds
[2025-05-13T21:37:51.039+0000] {processor.py:153} INFO - Started process (PID=285) to work on /home/airflow/.local/lib/python3.9/site-packages/airflow/example_dags/example_sensor_decorator.py
[2025-05-13T21:37:51.041+0000] {processor.py:743} INFO - Processing file /home/airflow/.local/lib/python3.9/site-packages/airflow/example_dags/example_sensor_decorator.py for tasks to queue
[2025-05-13T21:37:51.043+0000] {logging_mixin.py:137} INFO - [2025-05-13T21:37:51.043+0000] {dagbag.py:538} INFO - Filling up the DagBag from /home/airflow/.local/lib/python3.9/site-packages/airflow/example_dags/example_sensor_decorator.py
[2025-05-13T21:37:51.099+0000] {logging_mixin.py:137} WARNING - /home/airflow/.local/lib/python3.9/site-packages/airflow/models/dag.py:3492 RemovedInAirflow3Warning: Param `schedule_interval` is deprecated and will be removed in a future release. Please use `schedule` instead.
[2025-05-13T21:37:51.114+0000] {processor.py:753} INFO - DAG(s) dict_keys(['example_sensor_decorator']) retrieved from /home/airflow/.local/lib/python3.9/site-packages/airflow/example_dags/example_sensor_decorator.py
[2025-05-13T21:37:51.165+0000] {logging_mixin.py:137} INFO - [2025-05-13T21:37:51.165+0000] {dag.py:2676} INFO - Sync 1 DAGs
[2025-05-13T21:37:51.195+0000] {logging_mixin.py:137} INFO - [2025-05-13T21:37:51.195+0000] {dag.py:3423} INFO - Setting next_dagrun for example_sensor_decorator to None, run_after=None
[2025-05-13T21:37:51.230+0000] {processor.py:175} INFO - Processing /home/airflow/.local/lib/python3.9/site-packages/airflow/example_dags/example_sensor_decorator.py took 0.197 seconds
[2025-05-13T21:38:22.097+0000] {processor.py:153} INFO - Started process (PID=488) to work on /home/airflow/.local/lib/python3.9/site-packages/airflow/example_dags/example_sensor_decorator.py
[2025-05-13T21:38:22.098+0000] {processor.py:743} INFO - Processing file /home/airflow/.local/lib/python3.9/site-packages/airflow/example_dags/example_sensor_decorator.py for tasks to queue
[2025-05-13T21:38:22.100+0000] {logging_mixin.py:137} INFO - [2025-05-13T21:38:22.099+0000] {dagbag.py:538} INFO - Filling up the DagBag from /home/airflow/.local/lib/python3.9/site-packages/airflow/example_dags/example_sensor_decorator.py
[2025-05-13T21:38:22.131+0000] {logging_mixin.py:137} WARNING - /home/airflow/.local/lib/python3.9/site-packages/airflow/models/dag.py:3492 RemovedInAirflow3Warning: Param `schedule_interval` is deprecated and will be removed in a future release. Please use `schedule` instead.
[2025-05-13T21:38:22.146+0000] {processor.py:753} INFO - DAG(s) dict_keys(['example_sensor_decorator']) retrieved from /home/airflow/.local/lib/python3.9/site-packages/airflow/example_dags/example_sensor_decorator.py
[2025-05-13T21:38:22.199+0000] {logging_mixin.py:137} INFO - [2025-05-13T21:38:22.199+0000] {dag.py:2676} INFO - Sync 1 DAGs
[2025-05-13T21:38:22.229+0000] {logging_mixin.py:137} INFO - [2025-05-13T21:38:22.228+0000] {dag.py:3423} INFO - Setting next_dagrun for example_sensor_decorator to None, run_after=None
[2025-05-13T21:38:22.255+0000] {processor.py:175} INFO - Processing /home/airflow/.local/lib/python3.9/site-packages/airflow/example_dags/example_sensor_decorator.py took 0.162 seconds
[2025-05-13T21:38:53.274+0000] {processor.py:153} INFO - Started process (PID=687) to work on /home/airflow/.local/lib/python3.9/site-packages/airflow/example_dags/example_sensor_decorator.py
[2025-05-13T21:38:53.294+0000] {processor.py:743} INFO - Processing file /home/airflow/.local/lib/python3.9/site-packages/airflow/example_dags/example_sensor_decorator.py for tasks to queue
[2025-05-13T21:38:53.298+0000] {logging_mixin.py:137} INFO - [2025-05-13T21:38:53.298+0000] {dagbag.py:538} INFO - Filling up the DagBag from /home/airflow/.local/lib/python3.9/site-packages/airflow/example_dags/example_sensor_decorator.py
[2025-05-13T21:38:53.370+0000] {logging_mixin.py:137} WARNING - /home/airflow/.local/lib/python3.9/site-packages/airflow/models/dag.py:3492 RemovedInAirflow3Warning: Param `schedule_interval` is deprecated and will be removed in a future release. Please use `schedule` instead.
[2025-05-13T21:38:53.385+0000] {processor.py:753} INFO - DAG(s) dict_keys(['example_sensor_decorator']) retrieved from /home/airflow/.local/lib/python3.9/site-packages/airflow/example_dags/example_sensor_decorator.py
[2025-05-13T21:38:53.452+0000] {logging_mixin.py:137} INFO - [2025-05-13T21:38:53.452+0000] {dag.py:2676} INFO - Sync 1 DAGs
[2025-05-13T21:38:53.495+0000] {logging_mixin.py:137} INFO - [2025-05-13T21:38:53.494+0000] {dag.py:3423} INFO - Setting next_dagrun for example_sensor_decorator to None, run_after=None
[2025-05-13T21:38:53.529+0000] {processor.py:175} INFO - Processing /home/airflow/.local/lib/python3.9/site-packages/airflow/example_dags/example_sensor_decorator.py took 0.259 seconds
[2025-05-13T21:39:24.052+0000] {processor.py:153} INFO - Started process (PID=890) to work on /home/airflow/.local/lib/python3.9/site-packages/airflow/example_dags/example_sensor_decorator.py
[2025-05-13T21:39:24.053+0000] {processor.py:743} INFO - Processing file /home/airflow/.local/lib/python3.9/site-packages/airflow/example_dags/example_sensor_decorator.py for tasks to queue
[2025-05-13T21:39:24.054+0000] {logging_mixin.py:137} INFO - [2025-05-13T21:39:24.053+0000] {dagbag.py:538} INFO - Filling up the DagBag from /home/airflow/.local/lib/python3.9/site-packages/airflow/example_dags/example_sensor_decorator.py
[2025-05-13T21:39:24.080+0000] {logging_mixin.py:137} WARNING - /home/airflow/.local/lib/python3.9/site-packages/airflow/models/dag.py:3492 RemovedInAirflow3Warning: Param `schedule_interval` is deprecated and will be removed in a future release. Please use `schedule` instead.
[2025-05-13T21:39:24.090+0000] {processor.py:753} INFO - DAG(s) dict_keys(['example_sensor_decorator']) retrieved from /home/airflow/.local/lib/python3.9/site-packages/airflow/example_dags/example_sensor_decorator.py
[2025-05-13T21:39:24.140+0000] {logging_mixin.py:137} INFO - [2025-05-13T21:39:24.140+0000] {dag.py:2676} INFO - Sync 1 DAGs
[2025-05-13T21:39:24.174+0000] {logging_mixin.py:137} INFO - [2025-05-13T21:39:24.173+0000] {dag.py:3423} INFO - Setting next_dagrun for example_sensor_decorator to None, run_after=None
[2025-05-13T21:39:24.201+0000] {processor.py:175} INFO - Processing /home/airflow/.local/lib/python3.9/site-packages/airflow/example_dags/example_sensor_decorator.py took 0.153 seconds
[2025-05-13T21:39:54.456+0000] {processor.py:153} INFO - Started process (PID=1093) to work on /home/airflow/.local/lib/python3.9/site-packages/airflow/example_dags/example_sensor_decorator.py
[2025-05-13T21:39:54.458+0000] {processor.py:743} INFO - Processing file /home/airflow/.local/lib/python3.9/site-packages/airflow/example_dags/example_sensor_decorator.py for tasks to queue
[2025-05-13T21:39:54.459+0000] {logging_mixin.py:137} INFO - [2025-05-13T21:39:54.459+0000] {dagbag.py:538} INFO - Filling up the DagBag from /home/airflow/.local/lib/python3.9/site-packages/airflow/example_dags/example_sensor_decorator.py
[2025-05-13T21:39:54.494+0000] {logging_mixin.py:137} WARNING - /home/airflow/.local/lib/python3.9/site-packages/airflow/models/dag.py:3492 RemovedInAirflow3Warning: Param `schedule_interval` is deprecated and will be removed in a future release. Please use `schedule` instead.
[2025-05-13T21:39:54.507+0000] {processor.py:753} INFO - DAG(s) dict_keys(['example_sensor_decorator']) retrieved from /home/airflow/.local/lib/python3.9/site-packages/airflow/example_dags/example_sensor_decorator.py
[2025-05-13T21:39:54.560+0000] {logging_mixin.py:137} INFO - [2025-05-13T21:39:54.560+0000] {dag.py:2676} INFO - Sync 1 DAGs
[2025-05-13T21:39:54.589+0000] {logging_mixin.py:137} INFO - [2025-05-13T21:39:54.589+0000] {dag.py:3423} INFO - Setting next_dagrun for example_sensor_decorator to None, run_after=None
[2025-05-13T21:39:54.613+0000] {processor.py:175} INFO - Processing /home/airflow/.local/lib/python3.9/site-packages/airflow/example_dags/example_sensor_decorator.py took 0.166 seconds
[2025-05-13T21:40:24.807+0000] {processor.py:153} INFO - Started process (PID=1300) to work on /home/airflow/.local/lib/python3.9/site-packages/airflow/example_dags/example_sensor_decorator.py
[2025-05-13T21:40:24.809+0000] {processor.py:743} INFO - Processing file /home/airflow/.local/lib/python3.9/site-packages/airflow/example_dags/example_sensor_decorator.py for tasks to queue
[2025-05-13T21:40:24.810+0000] {logging_mixin.py:137} INFO - [2025-05-13T21:40:24.810+0000] {dagbag.py:538} INFO - Filling up the DagBag from /home/airflow/.local/lib/python3.9/site-packages/airflow/example_dags/example_sensor_decorator.py
[2025-05-13T21:40:24.841+0000] {logging_mixin.py:137} WARNING - /home/airflow/.local/lib/python3.9/site-packages/airflow/models/dag.py:3492 RemovedInAirflow3Warning: Param `schedule_interval` is deprecated and will be removed in a future release. Please use `schedule` instead.
[2025-05-13T21:40:24.853+0000] {processor.py:753} INFO - DAG(s) dict_keys(['example_sensor_decorator']) retrieved from /home/airflow/.local/lib/python3.9/site-packages/airflow/example_dags/example_sensor_decorator.py
[2025-05-13T21:40:24.900+0000] {logging_mixin.py:137} INFO - [2025-05-13T21:40:24.899+0000] {dag.py:2676} INFO - Sync 1 DAGs
[2025-05-13T21:40:24.927+0000] {logging_mixin.py:137} INFO - [2025-05-13T21:40:24.927+0000] {dag.py:3423} INFO - Setting next_dagrun for example_sensor_decorator to None, run_after=None
[2025-05-13T21:40:24.951+0000] {processor.py:175} INFO - Processing /home/airflow/.local/lib/python3.9/site-packages/airflow/example_dags/example_sensor_decorator.py took 0.148 seconds
[2025-05-13T21:40:55.183+0000] {processor.py:153} INFO - Started process (PID=1503) to work on /home/airflow/.local/lib/python3.9/site-packages/airflow/example_dags/example_sensor_decorator.py
[2025-05-13T21:40:55.184+0000] {processor.py:743} INFO - Processing file /home/airflow/.local/lib/python3.9/site-packages/airflow/example_dags/example_sensor_decorator.py for tasks to queue
[2025-05-13T21:40:55.185+0000] {logging_mixin.py:137} INFO - [2025-05-13T21:40:55.185+0000] {dagbag.py:538} INFO - Filling up the DagBag from /home/airflow/.local/lib/python3.9/site-packages/airflow/example_dags/example_sensor_decorator.py
[2025-05-13T21:40:55.222+0000] {logging_mixin.py:137} WARNING - /home/airflow/.local/lib/python3.9/site-packages/airflow/models/dag.py:3492 RemovedInAirflow3Warning: Param `schedule_interval` is deprecated and will be removed in a future release. Please use `schedule` instead.
[2025-05-13T21:40:55.236+0000] {processor.py:753} INFO - DAG(s) dict_keys(['example_sensor_decorator']) retrieved from /home/airflow/.local/lib/python3.9/site-packages/airflow/example_dags/example_sensor_decorator.py
[2025-05-13T21:40:55.288+0000] {logging_mixin.py:137} INFO - [2025-05-13T21:40:55.288+0000] {dag.py:2676} INFO - Sync 1 DAGs
[2025-05-13T21:40:55.322+0000] {logging_mixin.py:137} INFO - [2025-05-13T21:40:55.322+0000] {dag.py:3423} INFO - Setting next_dagrun for example_sensor_decorator to None, run_after=None
[2025-05-13T21:40:55.358+0000] {processor.py:175} INFO - Processing /home/airflow/.local/lib/python3.9/site-packages/airflow/example_dags/example_sensor_decorator.py took 0.180 seconds
[2025-05-13T21:41:25.688+0000] {processor.py:153} INFO - Started process (PID=1706) to work on /home/airflow/.local/lib/python3.9/site-packages/airflow/example_dags/example_sensor_decorator.py
[2025-05-13T21:41:25.691+0000] {processor.py:743} INFO - Processing file /home/airflow/.local/lib/python3.9/site-packages/airflow/example_dags/example_sensor_decorator.py for tasks to queue
[2025-05-13T21:41:25.693+0000] {logging_mixin.py:137} INFO - [2025-05-13T21:41:25.693+0000] {dagbag.py:538} INFO - Filling up the DagBag from /home/airflow/.local/lib/python3.9/site-packages/airflow/example_dags/example_sensor_decorator.py
[2025-05-13T21:41:25.732+0000] {logging_mixin.py:137} WARNING - /home/airflow/.local/lib/python3.9/site-packages/airflow/models/dag.py:3492 RemovedInAirflow3Warning: Param `schedule_interval` is deprecated and will be removed in a future release. Please use `schedule` instead.
[2025-05-13T21:41:25.747+0000] {processor.py:753} INFO - DAG(s) dict_keys(['example_sensor_decorator']) retrieved from /home/airflow/.local/lib/python3.9/site-packages/airflow/example_dags/example_sensor_decorator.py
[2025-05-13T21:41:25.810+0000] {logging_mixin.py:137} INFO - [2025-05-13T21:41:25.809+0000] {dag.py:2676} INFO - Sync 1 DAGs
[2025-05-13T21:41:25.898+0000] {logging_mixin.py:137} INFO - [2025-05-13T21:41:25.898+0000] {dag.py:3423} INFO - Setting next_dagrun for example_sensor_decorator to None, run_after=None
[2025-05-13T21:41:25.958+0000] {processor.py:175} INFO - Processing /home/airflow/.local/lib/python3.9/site-packages/airflow/example_dags/example_sensor_decorator.py took 0.274 seconds
