[2025-05-13T02:45:46.661+0000] {processor.py:153} INFO - Started process (PID=362) to work on /home/airflow/.local/lib/python3.9/site-packages/airflow/example_dags/example_short_circuit_operator.py
[2025-05-13T02:45:46.663+0000] {processor.py:743} INFO - Processing file /home/airflow/.local/lib/python3.9/site-packages/airflow/example_dags/example_short_circuit_operator.py for tasks to queue
[2025-05-13T02:45:46.666+0000] {logging_mixin.py:137} INFO - [2025-05-13T02:45:46.666+0000] {dagbag.py:538} INFO - Filling up the DagBag from /home/airflow/.local/lib/python3.9/site-packages/airflow/example_dags/example_short_circuit_operator.py
[2025-05-13T02:45:46.713+0000] {processor.py:753} INFO - DAG(s) dict_keys(['example_short_circuit_operator']) retrieved from /home/airflow/.local/lib/python3.9/site-packages/airflow/example_dags/example_short_circuit_operator.py
[2025-05-13T02:45:46.951+0000] {logging_mixin.py:137} INFO - [2025-05-13T02:45:46.950+0000] {manager.py:504} INFO - Created Permission View: can delete on DAG:example_short_circuit_operator
[2025-05-13T02:45:46.961+0000] {logging_mixin.py:137} INFO - [2025-05-13T02:45:46.961+0000] {manager.py:504} INFO - Created Permission View: can edit on DAG:example_short_circuit_operator
[2025-05-13T02:45:46.970+0000] {logging_mixin.py:137} INFO - [2025-05-13T02:45:46.970+0000] {manager.py:504} INFO - Created Permission View: can read on DAG:example_short_circuit_operator
[2025-05-13T02:45:46.971+0000] {logging_mixin.py:137} INFO - [2025-05-13T02:45:46.970+0000] {dag.py:2676} INFO - Sync 1 DAGs
[2025-05-13T02:45:46.985+0000] {logging_mixin.py:137} INFO - [2025-05-13T02:45:46.985+0000] {dag.py:2697} INFO - Creating ORM DAG for example_short_circuit_operator
[2025-05-13T02:45:46.999+0000] {logging_mixin.py:137} INFO - [2025-05-13T02:45:46.999+0000] {dag.py:3423} INFO - Setting next_dagrun for example_short_circuit_operator to 2025-05-12T02:45:46.998877+00:00, run_after=2025-05-13T02:45:46.998877+00:00
[2025-05-13T02:45:47.020+0000] {processor.py:175} INFO - Processing /home/airflow/.local/lib/python3.9/site-packages/airflow/example_dags/example_short_circuit_operator.py took 0.363 seconds
[2025-05-13T02:46:18.292+0000] {processor.py:153} INFO - Started process (PID=567) to work on /home/airflow/.local/lib/python3.9/site-packages/airflow/example_dags/example_short_circuit_operator.py
[2025-05-13T02:46:18.293+0000] {processor.py:743} INFO - Processing file /home/airflow/.local/lib/python3.9/site-packages/airflow/example_dags/example_short_circuit_operator.py for tasks to queue
[2025-05-13T02:46:18.294+0000] {logging_mixin.py:137} INFO - [2025-05-13T02:46:18.294+0000] {dagbag.py:538} INFO - Filling up the DagBag from /home/airflow/.local/lib/python3.9/site-packages/airflow/example_dags/example_short_circuit_operator.py
[2025-05-13T02:46:18.319+0000] {processor.py:753} INFO - DAG(s) dict_keys(['example_short_circuit_operator']) retrieved from /home/airflow/.local/lib/python3.9/site-packages/airflow/example_dags/example_short_circuit_operator.py
[2025-05-13T02:46:18.370+0000] {logging_mixin.py:137} INFO - [2025-05-13T02:46:18.369+0000] {dag.py:2676} INFO - Sync 1 DAGs
[2025-05-13T02:46:18.398+0000] {logging_mixin.py:137} INFO - [2025-05-13T02:46:18.398+0000] {dag.py:3423} INFO - Setting next_dagrun for example_short_circuit_operator to 2025-05-12T02:46:18.397744+00:00, run_after=2025-05-13T02:46:18.397744+00:00
[2025-05-13T02:46:18.423+0000] {processor.py:175} INFO - Processing /home/airflow/.local/lib/python3.9/site-packages/airflow/example_dags/example_short_circuit_operator.py took 0.135 seconds
[2025-05-13T02:46:49.245+0000] {processor.py:153} INFO - Started process (PID=768) to work on /home/airflow/.local/lib/python3.9/site-packages/airflow/example_dags/example_short_circuit_operator.py
[2025-05-13T02:46:49.247+0000] {processor.py:743} INFO - Processing file /home/airflow/.local/lib/python3.9/site-packages/airflow/example_dags/example_short_circuit_operator.py for tasks to queue
[2025-05-13T02:46:49.249+0000] {logging_mixin.py:137} INFO - [2025-05-13T02:46:49.248+0000] {dagbag.py:538} INFO - Filling up the DagBag from /home/airflow/.local/lib/python3.9/site-packages/airflow/example_dags/example_short_circuit_operator.py
[2025-05-13T02:46:49.277+0000] {processor.py:753} INFO - DAG(s) dict_keys(['example_short_circuit_operator']) retrieved from /home/airflow/.local/lib/python3.9/site-packages/airflow/example_dags/example_short_circuit_operator.py
[2025-05-13T02:46:49.347+0000] {logging_mixin.py:137} INFO - [2025-05-13T02:46:49.347+0000] {dag.py:2676} INFO - Sync 1 DAGs
[2025-05-13T02:46:49.389+0000] {logging_mixin.py:137} INFO - [2025-05-13T02:46:49.388+0000] {dag.py:3423} INFO - Setting next_dagrun for example_short_circuit_operator to 2025-05-12T02:46:49.388550+00:00, run_after=2025-05-13T02:46:49.388550+00:00
[2025-05-13T02:46:49.420+0000] {processor.py:175} INFO - Processing /home/airflow/.local/lib/python3.9/site-packages/airflow/example_dags/example_short_circuit_operator.py took 0.181 seconds
[2025-05-13T02:47:19.920+0000] {processor.py:153} INFO - Started process (PID=965) to work on /home/airflow/.local/lib/python3.9/site-packages/airflow/example_dags/example_short_circuit_operator.py
[2025-05-13T02:47:19.921+0000] {processor.py:743} INFO - Processing file /home/airflow/.local/lib/python3.9/site-packages/airflow/example_dags/example_short_circuit_operator.py for tasks to queue
[2025-05-13T02:47:19.923+0000] {logging_mixin.py:137} INFO - [2025-05-13T02:47:19.922+0000] {dagbag.py:538} INFO - Filling up the DagBag from /home/airflow/.local/lib/python3.9/site-packages/airflow/example_dags/example_short_circuit_operator.py
[2025-05-13T02:47:19.946+0000] {processor.py:753} INFO - DAG(s) dict_keys(['example_short_circuit_operator']) retrieved from /home/airflow/.local/lib/python3.9/site-packages/airflow/example_dags/example_short_circuit_operator.py
[2025-05-13T02:47:20.005+0000] {logging_mixin.py:137} INFO - [2025-05-13T02:47:20.005+0000] {dag.py:2676} INFO - Sync 1 DAGs
[2025-05-13T02:47:20.039+0000] {logging_mixin.py:137} INFO - [2025-05-13T02:47:20.039+0000] {dag.py:3423} INFO - Setting next_dagrun for example_short_circuit_operator to 2025-05-12T02:47:20.038852+00:00, run_after=2025-05-13T02:47:20.038852+00:00
[2025-05-13T02:47:20.073+0000] {processor.py:175} INFO - Processing /home/airflow/.local/lib/python3.9/site-packages/airflow/example_dags/example_short_circuit_operator.py took 0.158 seconds
[2025-05-13T02:47:50.195+0000] {processor.py:153} INFO - Started process (PID=1168) to work on /home/airflow/.local/lib/python3.9/site-packages/airflow/example_dags/example_short_circuit_operator.py
[2025-05-13T02:47:50.196+0000] {processor.py:743} INFO - Processing file /home/airflow/.local/lib/python3.9/site-packages/airflow/example_dags/example_short_circuit_operator.py for tasks to queue
[2025-05-13T02:47:50.197+0000] {logging_mixin.py:137} INFO - [2025-05-13T02:47:50.197+0000] {dagbag.py:538} INFO - Filling up the DagBag from /home/airflow/.local/lib/python3.9/site-packages/airflow/example_dags/example_short_circuit_operator.py
[2025-05-13T02:47:50.220+0000] {processor.py:753} INFO - DAG(s) dict_keys(['example_short_circuit_operator']) retrieved from /home/airflow/.local/lib/python3.9/site-packages/airflow/example_dags/example_short_circuit_operator.py
[2025-05-13T02:47:50.271+0000] {logging_mixin.py:137} INFO - [2025-05-13T02:47:50.271+0000] {dag.py:2676} INFO - Sync 1 DAGs
[2025-05-13T02:47:50.300+0000] {logging_mixin.py:137} INFO - [2025-05-13T02:47:50.300+0000] {dag.py:3423} INFO - Setting next_dagrun for example_short_circuit_operator to 2025-05-12T02:47:50.299933+00:00, run_after=2025-05-13T02:47:50.299933+00:00
[2025-05-13T02:47:50.323+0000] {processor.py:175} INFO - Processing /home/airflow/.local/lib/python3.9/site-packages/airflow/example_dags/example_short_circuit_operator.py took 0.133 seconds
[2025-05-13T02:49:34.413+0000] {processor.py:153} INFO - Started process (PID=377) to work on /home/airflow/.local/lib/python3.9/site-packages/airflow/example_dags/example_short_circuit_operator.py
[2025-05-13T02:49:34.415+0000] {processor.py:743} INFO - Processing file /home/airflow/.local/lib/python3.9/site-packages/airflow/example_dags/example_short_circuit_operator.py for tasks to queue
[2025-05-13T02:49:34.418+0000] {logging_mixin.py:137} INFO - [2025-05-13T02:49:34.417+0000] {dagbag.py:538} INFO - Filling up the DagBag from /home/airflow/.local/lib/python3.9/site-packages/airflow/example_dags/example_short_circuit_operator.py
[2025-05-13T02:49:34.447+0000] {processor.py:753} INFO - DAG(s) dict_keys(['example_short_circuit_operator']) retrieved from /home/airflow/.local/lib/python3.9/site-packages/airflow/example_dags/example_short_circuit_operator.py
[2025-05-13T02:49:34.504+0000] {logging_mixin.py:137} INFO - [2025-05-13T02:49:34.504+0000] {dag.py:2676} INFO - Sync 1 DAGs
[2025-05-13T02:49:34.537+0000] {logging_mixin.py:137} INFO - [2025-05-13T02:49:34.537+0000] {dag.py:3423} INFO - Setting next_dagrun for example_short_circuit_operator to 2025-05-12T02:49:34.537083+00:00, run_after=2025-05-13T02:49:34.537083+00:00
[2025-05-13T02:49:34.566+0000] {processor.py:175} INFO - Processing /home/airflow/.local/lib/python3.9/site-packages/airflow/example_dags/example_short_circuit_operator.py took 0.157 seconds
[2025-05-13T02:50:05.903+0000] {processor.py:153} INFO - Started process (PID=580) to work on /home/airflow/.local/lib/python3.9/site-packages/airflow/example_dags/example_short_circuit_operator.py
[2025-05-13T02:50:05.904+0000] {processor.py:743} INFO - Processing file /home/airflow/.local/lib/python3.9/site-packages/airflow/example_dags/example_short_circuit_operator.py for tasks to queue
[2025-05-13T02:50:05.905+0000] {logging_mixin.py:137} INFO - [2025-05-13T02:50:05.905+0000] {dagbag.py:538} INFO - Filling up the DagBag from /home/airflow/.local/lib/python3.9/site-packages/airflow/example_dags/example_short_circuit_operator.py
[2025-05-13T02:50:05.930+0000] {processor.py:753} INFO - DAG(s) dict_keys(['example_short_circuit_operator']) retrieved from /home/airflow/.local/lib/python3.9/site-packages/airflow/example_dags/example_short_circuit_operator.py
[2025-05-13T02:50:05.987+0000] {logging_mixin.py:137} INFO - [2025-05-13T02:50:05.987+0000] {dag.py:2676} INFO - Sync 1 DAGs
[2025-05-13T02:50:06.036+0000] {logging_mixin.py:137} INFO - [2025-05-13T02:50:06.036+0000] {dag.py:3423} INFO - Setting next_dagrun for example_short_circuit_operator to 2025-05-12T02:50:06.036012+00:00, run_after=2025-05-13T02:50:06.036012+00:00
[2025-05-13T02:50:06.077+0000] {processor.py:175} INFO - Processing /home/airflow/.local/lib/python3.9/site-packages/airflow/example_dags/example_short_circuit_operator.py took 0.179 seconds
[2025-05-13T02:50:36.208+0000] {processor.py:153} INFO - Started process (PID=779) to work on /home/airflow/.local/lib/python3.9/site-packages/airflow/example_dags/example_short_circuit_operator.py
[2025-05-13T02:50:36.210+0000] {processor.py:743} INFO - Processing file /home/airflow/.local/lib/python3.9/site-packages/airflow/example_dags/example_short_circuit_operator.py for tasks to queue
[2025-05-13T02:50:36.211+0000] {logging_mixin.py:137} INFO - [2025-05-13T02:50:36.211+0000] {dagbag.py:538} INFO - Filling up the DagBag from /home/airflow/.local/lib/python3.9/site-packages/airflow/example_dags/example_short_circuit_operator.py
[2025-05-13T02:50:36.237+0000] {processor.py:753} INFO - DAG(s) dict_keys(['example_short_circuit_operator']) retrieved from /home/airflow/.local/lib/python3.9/site-packages/airflow/example_dags/example_short_circuit_operator.py
[2025-05-13T02:50:36.294+0000] {logging_mixin.py:137} INFO - [2025-05-13T02:50:36.294+0000] {dag.py:2676} INFO - Sync 1 DAGs
[2025-05-13T02:50:36.326+0000] {logging_mixin.py:137} INFO - [2025-05-13T02:50:36.325+0000] {dag.py:3423} INFO - Setting next_dagrun for example_short_circuit_operator to 2025-05-12T02:50:36.325381+00:00, run_after=2025-05-13T02:50:36.325381+00:00
[2025-05-13T02:50:36.350+0000] {processor.py:175} INFO - Processing /home/airflow/.local/lib/python3.9/site-packages/airflow/example_dags/example_short_circuit_operator.py took 0.147 seconds
[2025-05-13T21:18:31.780+0000] {processor.py:153} INFO - Started process (PID=362) to work on /home/airflow/.local/lib/python3.9/site-packages/airflow/example_dags/example_short_circuit_operator.py
[2025-05-13T21:18:31.783+0000] {processor.py:743} INFO - Processing file /home/airflow/.local/lib/python3.9/site-packages/airflow/example_dags/example_short_circuit_operator.py for tasks to queue
[2025-05-13T21:18:31.784+0000] {logging_mixin.py:137} INFO - [2025-05-13T21:18:31.784+0000] {dagbag.py:538} INFO - Filling up the DagBag from /home/airflow/.local/lib/python3.9/site-packages/airflow/example_dags/example_short_circuit_operator.py
[2025-05-13T21:18:31.812+0000] {processor.py:753} INFO - DAG(s) dict_keys(['example_short_circuit_operator']) retrieved from /home/airflow/.local/lib/python3.9/site-packages/airflow/example_dags/example_short_circuit_operator.py
[2025-05-13T21:18:32.055+0000] {logging_mixin.py:137} INFO - [2025-05-13T21:18:32.055+0000] {manager.py:504} INFO - Created Permission View: can edit on DAG:example_short_circuit_operator
[2025-05-13T21:18:32.072+0000] {logging_mixin.py:137} INFO - [2025-05-13T21:18:32.072+0000] {manager.py:504} INFO - Created Permission View: can delete on DAG:example_short_circuit_operator
[2025-05-13T21:18:32.082+0000] {logging_mixin.py:137} INFO - [2025-05-13T21:18:32.082+0000] {manager.py:504} INFO - Created Permission View: can read on DAG:example_short_circuit_operator
[2025-05-13T21:18:32.082+0000] {logging_mixin.py:137} INFO - [2025-05-13T21:18:32.082+0000] {dag.py:2676} INFO - Sync 1 DAGs
[2025-05-13T21:18:32.097+0000] {logging_mixin.py:137} INFO - [2025-05-13T21:18:32.097+0000] {dag.py:2697} INFO - Creating ORM DAG for example_short_circuit_operator
[2025-05-13T21:18:32.109+0000] {logging_mixin.py:137} INFO - [2025-05-13T21:18:32.109+0000] {dag.py:3423} INFO - Setting next_dagrun for example_short_circuit_operator to 2025-05-12T21:18:32.108807+00:00, run_after=2025-05-13T21:18:32.108807+00:00
[2025-05-13T21:18:32.127+0000] {processor.py:175} INFO - Processing /home/airflow/.local/lib/python3.9/site-packages/airflow/example_dags/example_short_circuit_operator.py took 0.351 seconds
[2025-05-13T21:19:02.547+0000] {processor.py:153} INFO - Started process (PID=577) to work on /home/airflow/.local/lib/python3.9/site-packages/airflow/example_dags/example_short_circuit_operator.py
[2025-05-13T21:19:02.549+0000] {processor.py:743} INFO - Processing file /home/airflow/.local/lib/python3.9/site-packages/airflow/example_dags/example_short_circuit_operator.py for tasks to queue
[2025-05-13T21:19:02.550+0000] {logging_mixin.py:137} INFO - [2025-05-13T21:19:02.549+0000] {dagbag.py:538} INFO - Filling up the DagBag from /home/airflow/.local/lib/python3.9/site-packages/airflow/example_dags/example_short_circuit_operator.py
[2025-05-13T21:19:02.573+0000] {processor.py:753} INFO - DAG(s) dict_keys(['example_short_circuit_operator']) retrieved from /home/airflow/.local/lib/python3.9/site-packages/airflow/example_dags/example_short_circuit_operator.py
[2025-05-13T21:19:02.620+0000] {logging_mixin.py:137} INFO - [2025-05-13T21:19:02.620+0000] {dag.py:2676} INFO - Sync 1 DAGs
[2025-05-13T21:19:02.645+0000] {logging_mixin.py:137} INFO - [2025-05-13T21:19:02.645+0000] {dag.py:3423} INFO - Setting next_dagrun for example_short_circuit_operator to 2025-05-12T21:19:02.645430+00:00, run_after=2025-05-13T21:19:02.645430+00:00
[2025-05-13T21:19:02.669+0000] {processor.py:175} INFO - Processing /home/airflow/.local/lib/python3.9/site-packages/airflow/example_dags/example_short_circuit_operator.py took 0.126 seconds
[2025-05-13T21:19:33.940+0000] {processor.py:153} INFO - Started process (PID=768) to work on /home/airflow/.local/lib/python3.9/site-packages/airflow/example_dags/example_short_circuit_operator.py
[2025-05-13T21:19:33.941+0000] {processor.py:743} INFO - Processing file /home/airflow/.local/lib/python3.9/site-packages/airflow/example_dags/example_short_circuit_operator.py for tasks to queue
[2025-05-13T21:19:33.943+0000] {logging_mixin.py:137} INFO - [2025-05-13T21:19:33.942+0000] {dagbag.py:538} INFO - Filling up the DagBag from /home/airflow/.local/lib/python3.9/site-packages/airflow/example_dags/example_short_circuit_operator.py
[2025-05-13T21:19:33.971+0000] {processor.py:753} INFO - DAG(s) dict_keys(['example_short_circuit_operator']) retrieved from /home/airflow/.local/lib/python3.9/site-packages/airflow/example_dags/example_short_circuit_operator.py
[2025-05-13T21:19:34.031+0000] {logging_mixin.py:137} INFO - [2025-05-13T21:19:34.031+0000] {dag.py:2676} INFO - Sync 1 DAGs
[2025-05-13T21:19:34.067+0000] {logging_mixin.py:137} INFO - [2025-05-13T21:19:34.067+0000] {dag.py:3423} INFO - Setting next_dagrun for example_short_circuit_operator to 2025-05-12T21:19:34.067324+00:00, run_after=2025-05-13T21:19:34.067324+00:00
[2025-05-13T21:19:34.092+0000] {processor.py:175} INFO - Processing /home/airflow/.local/lib/python3.9/site-packages/airflow/example_dags/example_short_circuit_operator.py took 0.157 seconds
[2025-05-13T21:20:04.288+0000] {processor.py:153} INFO - Started process (PID=967) to work on /home/airflow/.local/lib/python3.9/site-packages/airflow/example_dags/example_short_circuit_operator.py
[2025-05-13T21:20:04.289+0000] {processor.py:743} INFO - Processing file /home/airflow/.local/lib/python3.9/site-packages/airflow/example_dags/example_short_circuit_operator.py for tasks to queue
[2025-05-13T21:20:04.290+0000] {logging_mixin.py:137} INFO - [2025-05-13T21:20:04.290+0000] {dagbag.py:538} INFO - Filling up the DagBag from /home/airflow/.local/lib/python3.9/site-packages/airflow/example_dags/example_short_circuit_operator.py
[2025-05-13T21:20:04.318+0000] {processor.py:753} INFO - DAG(s) dict_keys(['example_short_circuit_operator']) retrieved from /home/airflow/.local/lib/python3.9/site-packages/airflow/example_dags/example_short_circuit_operator.py
[2025-05-13T21:20:04.376+0000] {logging_mixin.py:137} INFO - [2025-05-13T21:20:04.375+0000] {dag.py:2676} INFO - Sync 1 DAGs
[2025-05-13T21:20:04.414+0000] {logging_mixin.py:137} INFO - [2025-05-13T21:20:04.414+0000] {dag.py:3423} INFO - Setting next_dagrun for example_short_circuit_operator to 2025-05-12T21:20:04.414282+00:00, run_after=2025-05-13T21:20:04.414282+00:00
[2025-05-13T21:20:04.441+0000] {processor.py:175} INFO - Processing /home/airflow/.local/lib/python3.9/site-packages/airflow/example_dags/example_short_circuit_operator.py took 0.158 seconds
[2025-05-13T21:20:35.081+0000] {processor.py:153} INFO - Started process (PID=1170) to work on /home/airflow/.local/lib/python3.9/site-packages/airflow/example_dags/example_short_circuit_operator.py
[2025-05-13T21:20:35.088+0000] {processor.py:743} INFO - Processing file /home/airflow/.local/lib/python3.9/site-packages/airflow/example_dags/example_short_circuit_operator.py for tasks to queue
[2025-05-13T21:20:35.089+0000] {logging_mixin.py:137} INFO - [2025-05-13T21:20:35.089+0000] {dagbag.py:538} INFO - Filling up the DagBag from /home/airflow/.local/lib/python3.9/site-packages/airflow/example_dags/example_short_circuit_operator.py
[2025-05-13T21:20:35.132+0000] {processor.py:753} INFO - DAG(s) dict_keys(['example_short_circuit_operator']) retrieved from /home/airflow/.local/lib/python3.9/site-packages/airflow/example_dags/example_short_circuit_operator.py
[2025-05-13T21:20:35.246+0000] {logging_mixin.py:137} INFO - [2025-05-13T21:20:35.245+0000] {dag.py:2676} INFO - Sync 1 DAGs
[2025-05-13T21:20:35.319+0000] {logging_mixin.py:137} INFO - [2025-05-13T21:20:35.319+0000] {dag.py:3423} INFO - Setting next_dagrun for example_short_circuit_operator to 2025-05-12T21:20:35.318580+00:00, run_after=2025-05-13T21:20:35.318580+00:00
[2025-05-13T21:20:35.351+0000] {processor.py:175} INFO - Processing /home/airflow/.local/lib/python3.9/site-packages/airflow/example_dags/example_short_circuit_operator.py took 0.276 seconds
[2025-05-13T21:21:05.650+0000] {processor.py:153} INFO - Started process (PID=1384) to work on /home/airflow/.local/lib/python3.9/site-packages/airflow/example_dags/example_short_circuit_operator.py
[2025-05-13T21:21:05.652+0000] {processor.py:743} INFO - Processing file /home/airflow/.local/lib/python3.9/site-packages/airflow/example_dags/example_short_circuit_operator.py for tasks to queue
[2025-05-13T21:21:05.654+0000] {logging_mixin.py:137} INFO - [2025-05-13T21:21:05.654+0000] {dagbag.py:538} INFO - Filling up the DagBag from /home/airflow/.local/lib/python3.9/site-packages/airflow/example_dags/example_short_circuit_operator.py
[2025-05-13T21:21:05.679+0000] {processor.py:753} INFO - DAG(s) dict_keys(['example_short_circuit_operator']) retrieved from /home/airflow/.local/lib/python3.9/site-packages/airflow/example_dags/example_short_circuit_operator.py
[2025-05-13T21:21:05.757+0000] {logging_mixin.py:137} INFO - [2025-05-13T21:21:05.757+0000] {dag.py:2676} INFO - Sync 1 DAGs
[2025-05-13T21:21:05.791+0000] {logging_mixin.py:137} INFO - [2025-05-13T21:21:05.788+0000] {dag.py:3423} INFO - Setting next_dagrun for example_short_circuit_operator to 2025-05-12T21:21:05.788251+00:00, run_after=2025-05-13T21:21:05.788251+00:00
[2025-05-13T21:21:05.837+0000] {processor.py:175} INFO - Processing /home/airflow/.local/lib/python3.9/site-packages/airflow/example_dags/example_short_circuit_operator.py took 0.192 seconds
[2025-05-13T21:21:36.139+0000] {processor.py:153} INFO - Started process (PID=1587) to work on /home/airflow/.local/lib/python3.9/site-packages/airflow/example_dags/example_short_circuit_operator.py
[2025-05-13T21:21:36.141+0000] {processor.py:743} INFO - Processing file /home/airflow/.local/lib/python3.9/site-packages/airflow/example_dags/example_short_circuit_operator.py for tasks to queue
[2025-05-13T21:21:36.142+0000] {logging_mixin.py:137} INFO - [2025-05-13T21:21:36.142+0000] {dagbag.py:538} INFO - Filling up the DagBag from /home/airflow/.local/lib/python3.9/site-packages/airflow/example_dags/example_short_circuit_operator.py
[2025-05-13T21:21:36.167+0000] {processor.py:753} INFO - DAG(s) dict_keys(['example_short_circuit_operator']) retrieved from /home/airflow/.local/lib/python3.9/site-packages/airflow/example_dags/example_short_circuit_operator.py
[2025-05-13T21:21:36.255+0000] {logging_mixin.py:137} INFO - [2025-05-13T21:21:36.254+0000] {dag.py:2676} INFO - Sync 1 DAGs
[2025-05-13T21:21:36.294+0000] {logging_mixin.py:137} INFO - [2025-05-13T21:21:36.294+0000] {dag.py:3423} INFO - Setting next_dagrun for example_short_circuit_operator to 2025-05-12T21:21:36.293806+00:00, run_after=2025-05-13T21:21:36.293806+00:00
[2025-05-13T21:21:36.332+0000] {processor.py:175} INFO - Processing /home/airflow/.local/lib/python3.9/site-packages/airflow/example_dags/example_short_circuit_operator.py took 0.197 seconds
[2025-05-13T21:22:06.683+0000] {processor.py:153} INFO - Started process (PID=1780) to work on /home/airflow/.local/lib/python3.9/site-packages/airflow/example_dags/example_short_circuit_operator.py
[2025-05-13T21:22:06.685+0000] {processor.py:743} INFO - Processing file /home/airflow/.local/lib/python3.9/site-packages/airflow/example_dags/example_short_circuit_operator.py for tasks to queue
[2025-05-13T21:22:06.686+0000] {logging_mixin.py:137} INFO - [2025-05-13T21:22:06.685+0000] {dagbag.py:538} INFO - Filling up the DagBag from /home/airflow/.local/lib/python3.9/site-packages/airflow/example_dags/example_short_circuit_operator.py
[2025-05-13T21:22:06.710+0000] {processor.py:753} INFO - DAG(s) dict_keys(['example_short_circuit_operator']) retrieved from /home/airflow/.local/lib/python3.9/site-packages/airflow/example_dags/example_short_circuit_operator.py
[2025-05-13T21:22:06.773+0000] {logging_mixin.py:137} INFO - [2025-05-13T21:22:06.772+0000] {dag.py:2676} INFO - Sync 1 DAGs
[2025-05-13T21:22:06.808+0000] {logging_mixin.py:137} INFO - [2025-05-13T21:22:06.808+0000] {dag.py:3423} INFO - Setting next_dagrun for example_short_circuit_operator to 2025-05-12T21:22:06.808254+00:00, run_after=2025-05-13T21:22:06.808254+00:00
[2025-05-13T21:22:06.839+0000] {processor.py:175} INFO - Processing /home/airflow/.local/lib/python3.9/site-packages/airflow/example_dags/example_short_circuit_operator.py took 0.160 seconds
[2025-05-13T21:22:37.009+0000] {processor.py:153} INFO - Started process (PID=1983) to work on /home/airflow/.local/lib/python3.9/site-packages/airflow/example_dags/example_short_circuit_operator.py
[2025-05-13T21:22:37.010+0000] {processor.py:743} INFO - Processing file /home/airflow/.local/lib/python3.9/site-packages/airflow/example_dags/example_short_circuit_operator.py for tasks to queue
[2025-05-13T21:22:37.011+0000] {logging_mixin.py:137} INFO - [2025-05-13T21:22:37.011+0000] {dagbag.py:538} INFO - Filling up the DagBag from /home/airflow/.local/lib/python3.9/site-packages/airflow/example_dags/example_short_circuit_operator.py
[2025-05-13T21:22:37.036+0000] {processor.py:753} INFO - DAG(s) dict_keys(['example_short_circuit_operator']) retrieved from /home/airflow/.local/lib/python3.9/site-packages/airflow/example_dags/example_short_circuit_operator.py
[2025-05-13T21:22:37.090+0000] {logging_mixin.py:137} INFO - [2025-05-13T21:22:37.089+0000] {dag.py:2676} INFO - Sync 1 DAGs
[2025-05-13T21:22:37.117+0000] {logging_mixin.py:137} INFO - [2025-05-13T21:22:37.117+0000] {dag.py:3423} INFO - Setting next_dagrun for example_short_circuit_operator to 2025-05-12T21:22:37.117463+00:00, run_after=2025-05-13T21:22:37.117463+00:00
[2025-05-13T21:22:37.140+0000] {processor.py:175} INFO - Processing /home/airflow/.local/lib/python3.9/site-packages/airflow/example_dags/example_short_circuit_operator.py took 0.135 seconds
[2025-05-13T21:23:07.589+0000] {processor.py:153} INFO - Started process (PID=2186) to work on /home/airflow/.local/lib/python3.9/site-packages/airflow/example_dags/example_short_circuit_operator.py
[2025-05-13T21:23:07.590+0000] {processor.py:743} INFO - Processing file /home/airflow/.local/lib/python3.9/site-packages/airflow/example_dags/example_short_circuit_operator.py for tasks to queue
[2025-05-13T21:23:07.591+0000] {logging_mixin.py:137} INFO - [2025-05-13T21:23:07.591+0000] {dagbag.py:538} INFO - Filling up the DagBag from /home/airflow/.local/lib/python3.9/site-packages/airflow/example_dags/example_short_circuit_operator.py
[2025-05-13T21:23:07.615+0000] {processor.py:753} INFO - DAG(s) dict_keys(['example_short_circuit_operator']) retrieved from /home/airflow/.local/lib/python3.9/site-packages/airflow/example_dags/example_short_circuit_operator.py
[2025-05-13T21:23:07.665+0000] {logging_mixin.py:137} INFO - [2025-05-13T21:23:07.665+0000] {dag.py:2676} INFO - Sync 1 DAGs
[2025-05-13T21:23:07.694+0000] {logging_mixin.py:137} INFO - [2025-05-13T21:23:07.694+0000] {dag.py:3423} INFO - Setting next_dagrun for example_short_circuit_operator to 2025-05-12T21:23:07.693822+00:00, run_after=2025-05-13T21:23:07.693822+00:00
[2025-05-13T21:23:07.720+0000] {processor.py:175} INFO - Processing /home/airflow/.local/lib/python3.9/site-packages/airflow/example_dags/example_short_circuit_operator.py took 0.135 seconds
[2025-05-13T21:23:38.256+0000] {processor.py:153} INFO - Started process (PID=2391) to work on /home/airflow/.local/lib/python3.9/site-packages/airflow/example_dags/example_short_circuit_operator.py
[2025-05-13T21:23:38.258+0000] {processor.py:743} INFO - Processing file /home/airflow/.local/lib/python3.9/site-packages/airflow/example_dags/example_short_circuit_operator.py for tasks to queue
[2025-05-13T21:23:38.259+0000] {logging_mixin.py:137} INFO - [2025-05-13T21:23:38.258+0000] {dagbag.py:538} INFO - Filling up the DagBag from /home/airflow/.local/lib/python3.9/site-packages/airflow/example_dags/example_short_circuit_operator.py
[2025-05-13T21:23:38.282+0000] {processor.py:753} INFO - DAG(s) dict_keys(['example_short_circuit_operator']) retrieved from /home/airflow/.local/lib/python3.9/site-packages/airflow/example_dags/example_short_circuit_operator.py
[2025-05-13T21:23:38.331+0000] {logging_mixin.py:137} INFO - [2025-05-13T21:23:38.331+0000] {dag.py:2676} INFO - Sync 1 DAGs
[2025-05-13T21:23:38.360+0000] {logging_mixin.py:137} INFO - [2025-05-13T21:23:38.360+0000] {dag.py:3423} INFO - Setting next_dagrun for example_short_circuit_operator to 2025-05-12T21:23:38.360449+00:00, run_after=2025-05-13T21:23:38.360449+00:00
[2025-05-13T21:23:38.381+0000] {processor.py:175} INFO - Processing /home/airflow/.local/lib/python3.9/site-packages/airflow/example_dags/example_short_circuit_operator.py took 0.129 seconds
[2025-05-13T21:24:08.937+0000] {processor.py:153} INFO - Started process (PID=2594) to work on /home/airflow/.local/lib/python3.9/site-packages/airflow/example_dags/example_short_circuit_operator.py
[2025-05-13T21:24:08.938+0000] {processor.py:743} INFO - Processing file /home/airflow/.local/lib/python3.9/site-packages/airflow/example_dags/example_short_circuit_operator.py for tasks to queue
[2025-05-13T21:24:08.939+0000] {logging_mixin.py:137} INFO - [2025-05-13T21:24:08.939+0000] {dagbag.py:538} INFO - Filling up the DagBag from /home/airflow/.local/lib/python3.9/site-packages/airflow/example_dags/example_short_circuit_operator.py
[2025-05-13T21:24:08.964+0000] {processor.py:753} INFO - DAG(s) dict_keys(['example_short_circuit_operator']) retrieved from /home/airflow/.local/lib/python3.9/site-packages/airflow/example_dags/example_short_circuit_operator.py
[2025-05-13T21:24:09.015+0000] {logging_mixin.py:137} INFO - [2025-05-13T21:24:09.014+0000] {dag.py:2676} INFO - Sync 1 DAGs
[2025-05-13T21:24:09.042+0000] {logging_mixin.py:137} INFO - [2025-05-13T21:24:09.041+0000] {dag.py:3423} INFO - Setting next_dagrun for example_short_circuit_operator to 2025-05-12T21:24:09.041577+00:00, run_after=2025-05-13T21:24:09.041577+00:00
[2025-05-13T21:24:09.062+0000] {processor.py:175} INFO - Processing /home/airflow/.local/lib/python3.9/site-packages/airflow/example_dags/example_short_circuit_operator.py took 0.129 seconds
[2025-05-13T21:24:39.680+0000] {processor.py:153} INFO - Started process (PID=2797) to work on /home/airflow/.local/lib/python3.9/site-packages/airflow/example_dags/example_short_circuit_operator.py
[2025-05-13T21:24:39.681+0000] {processor.py:743} INFO - Processing file /home/airflow/.local/lib/python3.9/site-packages/airflow/example_dags/example_short_circuit_operator.py for tasks to queue
[2025-05-13T21:24:39.683+0000] {logging_mixin.py:137} INFO - [2025-05-13T21:24:39.682+0000] {dagbag.py:538} INFO - Filling up the DagBag from /home/airflow/.local/lib/python3.9/site-packages/airflow/example_dags/example_short_circuit_operator.py
[2025-05-13T21:24:39.706+0000] {processor.py:753} INFO - DAG(s) dict_keys(['example_short_circuit_operator']) retrieved from /home/airflow/.local/lib/python3.9/site-packages/airflow/example_dags/example_short_circuit_operator.py
[2025-05-13T21:24:39.757+0000] {logging_mixin.py:137} INFO - [2025-05-13T21:24:39.757+0000] {dag.py:2676} INFO - Sync 1 DAGs
[2025-05-13T21:24:39.786+0000] {logging_mixin.py:137} INFO - [2025-05-13T21:24:39.785+0000] {dag.py:3423} INFO - Setting next_dagrun for example_short_circuit_operator to 2025-05-12T21:24:39.785686+00:00, run_after=2025-05-13T21:24:39.785686+00:00
[2025-05-13T21:24:39.807+0000] {processor.py:175} INFO - Processing /home/airflow/.local/lib/python3.9/site-packages/airflow/example_dags/example_short_circuit_operator.py took 0.131 seconds
[2025-05-13T21:25:10.197+0000] {processor.py:153} INFO - Started process (PID=3003) to work on /home/airflow/.local/lib/python3.9/site-packages/airflow/example_dags/example_short_circuit_operator.py
[2025-05-13T21:25:10.198+0000] {processor.py:743} INFO - Processing file /home/airflow/.local/lib/python3.9/site-packages/airflow/example_dags/example_short_circuit_operator.py for tasks to queue
[2025-05-13T21:25:10.199+0000] {logging_mixin.py:137} INFO - [2025-05-13T21:25:10.199+0000] {dagbag.py:538} INFO - Filling up the DagBag from /home/airflow/.local/lib/python3.9/site-packages/airflow/example_dags/example_short_circuit_operator.py
[2025-05-13T21:25:10.220+0000] {processor.py:753} INFO - DAG(s) dict_keys(['example_short_circuit_operator']) retrieved from /home/airflow/.local/lib/python3.9/site-packages/airflow/example_dags/example_short_circuit_operator.py
[2025-05-13T21:25:10.260+0000] {logging_mixin.py:137} INFO - [2025-05-13T21:25:10.260+0000] {dag.py:2676} INFO - Sync 1 DAGs
[2025-05-13T21:25:10.281+0000] {logging_mixin.py:137} INFO - [2025-05-13T21:25:10.281+0000] {dag.py:3423} INFO - Setting next_dagrun for example_short_circuit_operator to 2025-05-12T21:25:10.280816+00:00, run_after=2025-05-13T21:25:10.280816+00:00
[2025-05-13T21:25:10.299+0000] {processor.py:175} INFO - Processing /home/airflow/.local/lib/python3.9/site-packages/airflow/example_dags/example_short_circuit_operator.py took 0.106 seconds
[2025-05-13T21:25:40.739+0000] {processor.py:153} INFO - Started process (PID=3202) to work on /home/airflow/.local/lib/python3.9/site-packages/airflow/example_dags/example_short_circuit_operator.py
[2025-05-13T21:25:40.740+0000] {processor.py:743} INFO - Processing file /home/airflow/.local/lib/python3.9/site-packages/airflow/example_dags/example_short_circuit_operator.py for tasks to queue
[2025-05-13T21:25:40.742+0000] {logging_mixin.py:137} INFO - [2025-05-13T21:25:40.741+0000] {dagbag.py:538} INFO - Filling up the DagBag from /home/airflow/.local/lib/python3.9/site-packages/airflow/example_dags/example_short_circuit_operator.py
[2025-05-13T21:25:40.765+0000] {processor.py:753} INFO - DAG(s) dict_keys(['example_short_circuit_operator']) retrieved from /home/airflow/.local/lib/python3.9/site-packages/airflow/example_dags/example_short_circuit_operator.py
[2025-05-13T21:25:40.817+0000] {logging_mixin.py:137} INFO - [2025-05-13T21:25:40.817+0000] {dag.py:2676} INFO - Sync 1 DAGs
[2025-05-13T21:25:40.846+0000] {logging_mixin.py:137} INFO - [2025-05-13T21:25:40.846+0000] {dag.py:3423} INFO - Setting next_dagrun for example_short_circuit_operator to 2025-05-12T21:25:40.846386+00:00, run_after=2025-05-13T21:25:40.846386+00:00
[2025-05-13T21:25:40.868+0000] {processor.py:175} INFO - Processing /home/airflow/.local/lib/python3.9/site-packages/airflow/example_dags/example_short_circuit_operator.py took 0.133 seconds
[2025-05-13T21:26:11.438+0000] {processor.py:153} INFO - Started process (PID=3412) to work on /home/airflow/.local/lib/python3.9/site-packages/airflow/example_dags/example_short_circuit_operator.py
[2025-05-13T21:26:11.439+0000] {processor.py:743} INFO - Processing file /home/airflow/.local/lib/python3.9/site-packages/airflow/example_dags/example_short_circuit_operator.py for tasks to queue
[2025-05-13T21:26:11.440+0000] {logging_mixin.py:137} INFO - [2025-05-13T21:26:11.440+0000] {dagbag.py:538} INFO - Filling up the DagBag from /home/airflow/.local/lib/python3.9/site-packages/airflow/example_dags/example_short_circuit_operator.py
[2025-05-13T21:26:11.465+0000] {processor.py:753} INFO - DAG(s) dict_keys(['example_short_circuit_operator']) retrieved from /home/airflow/.local/lib/python3.9/site-packages/airflow/example_dags/example_short_circuit_operator.py
[2025-05-13T21:26:11.520+0000] {logging_mixin.py:137} INFO - [2025-05-13T21:26:11.520+0000] {dag.py:2676} INFO - Sync 1 DAGs
[2025-05-13T21:26:11.551+0000] {logging_mixin.py:137} INFO - [2025-05-13T21:26:11.550+0000] {dag.py:3423} INFO - Setting next_dagrun for example_short_circuit_operator to 2025-05-12T21:26:11.550554+00:00, run_after=2025-05-13T21:26:11.550554+00:00
[2025-05-13T21:26:11.574+0000] {processor.py:175} INFO - Processing /home/airflow/.local/lib/python3.9/site-packages/airflow/example_dags/example_short_circuit_operator.py took 0.141 seconds
[2025-05-13T21:26:41.934+0000] {processor.py:153} INFO - Started process (PID=3613) to work on /home/airflow/.local/lib/python3.9/site-packages/airflow/example_dags/example_short_circuit_operator.py
[2025-05-13T21:26:41.935+0000] {processor.py:743} INFO - Processing file /home/airflow/.local/lib/python3.9/site-packages/airflow/example_dags/example_short_circuit_operator.py for tasks to queue
[2025-05-13T21:26:41.936+0000] {logging_mixin.py:137} INFO - [2025-05-13T21:26:41.936+0000] {dagbag.py:538} INFO - Filling up the DagBag from /home/airflow/.local/lib/python3.9/site-packages/airflow/example_dags/example_short_circuit_operator.py
[2025-05-13T21:26:41.959+0000] {processor.py:753} INFO - DAG(s) dict_keys(['example_short_circuit_operator']) retrieved from /home/airflow/.local/lib/python3.9/site-packages/airflow/example_dags/example_short_circuit_operator.py
[2025-05-13T21:26:42.014+0000] {logging_mixin.py:137} INFO - [2025-05-13T21:26:42.014+0000] {dag.py:2676} INFO - Sync 1 DAGs
[2025-05-13T21:26:42.046+0000] {logging_mixin.py:137} INFO - [2025-05-13T21:26:42.045+0000] {dag.py:3423} INFO - Setting next_dagrun for example_short_circuit_operator to 2025-05-12T21:26:42.045557+00:00, run_after=2025-05-13T21:26:42.045557+00:00
[2025-05-13T21:26:42.071+0000] {processor.py:175} INFO - Processing /home/airflow/.local/lib/python3.9/site-packages/airflow/example_dags/example_short_circuit_operator.py took 0.143 seconds
[2025-05-13T21:27:12.308+0000] {processor.py:153} INFO - Started process (PID=3813) to work on /home/airflow/.local/lib/python3.9/site-packages/airflow/example_dags/example_short_circuit_operator.py
[2025-05-13T21:27:12.309+0000] {processor.py:743} INFO - Processing file /home/airflow/.local/lib/python3.9/site-packages/airflow/example_dags/example_short_circuit_operator.py for tasks to queue
[2025-05-13T21:27:12.311+0000] {logging_mixin.py:137} INFO - [2025-05-13T21:27:12.310+0000] {dagbag.py:538} INFO - Filling up the DagBag from /home/airflow/.local/lib/python3.9/site-packages/airflow/example_dags/example_short_circuit_operator.py
[2025-05-13T21:27:12.335+0000] {processor.py:753} INFO - DAG(s) dict_keys(['example_short_circuit_operator']) retrieved from /home/airflow/.local/lib/python3.9/site-packages/airflow/example_dags/example_short_circuit_operator.py
[2025-05-13T21:27:12.389+0000] {logging_mixin.py:137} INFO - [2025-05-13T21:27:12.388+0000] {dag.py:2676} INFO - Sync 1 DAGs
[2025-05-13T21:27:12.420+0000] {logging_mixin.py:137} INFO - [2025-05-13T21:27:12.420+0000] {dag.py:3423} INFO - Setting next_dagrun for example_short_circuit_operator to 2025-05-12T21:27:12.420004+00:00, run_after=2025-05-13T21:27:12.420004+00:00
[2025-05-13T21:27:12.445+0000] {processor.py:175} INFO - Processing /home/airflow/.local/lib/python3.9/site-packages/airflow/example_dags/example_short_circuit_operator.py took 0.141 seconds
[2025-05-13T21:27:43.367+0000] {processor.py:153} INFO - Started process (PID=4021) to work on /home/airflow/.local/lib/python3.9/site-packages/airflow/example_dags/example_short_circuit_operator.py
[2025-05-13T21:27:43.368+0000] {processor.py:743} INFO - Processing file /home/airflow/.local/lib/python3.9/site-packages/airflow/example_dags/example_short_circuit_operator.py for tasks to queue
[2025-05-13T21:27:43.369+0000] {logging_mixin.py:137} INFO - [2025-05-13T21:27:43.369+0000] {dagbag.py:538} INFO - Filling up the DagBag from /home/airflow/.local/lib/python3.9/site-packages/airflow/example_dags/example_short_circuit_operator.py
[2025-05-13T21:27:43.392+0000] {processor.py:753} INFO - DAG(s) dict_keys(['example_short_circuit_operator']) retrieved from /home/airflow/.local/lib/python3.9/site-packages/airflow/example_dags/example_short_circuit_operator.py
[2025-05-13T21:27:43.445+0000] {logging_mixin.py:137} INFO - [2025-05-13T21:27:43.445+0000] {dag.py:2676} INFO - Sync 1 DAGs
[2025-05-13T21:27:43.481+0000] {logging_mixin.py:137} INFO - [2025-05-13T21:27:43.481+0000] {dag.py:3423} INFO - Setting next_dagrun for example_short_circuit_operator to 2025-05-12T21:27:43.481388+00:00, run_after=2025-05-13T21:27:43.481388+00:00
[2025-05-13T21:27:43.506+0000] {processor.py:175} INFO - Processing /home/airflow/.local/lib/python3.9/site-packages/airflow/example_dags/example_short_circuit_operator.py took 0.145 seconds
[2025-05-13T21:28:14.028+0000] {processor.py:153} INFO - Started process (PID=4224) to work on /home/airflow/.local/lib/python3.9/site-packages/airflow/example_dags/example_short_circuit_operator.py
[2025-05-13T21:28:14.029+0000] {processor.py:743} INFO - Processing file /home/airflow/.local/lib/python3.9/site-packages/airflow/example_dags/example_short_circuit_operator.py for tasks to queue
[2025-05-13T21:28:14.030+0000] {logging_mixin.py:137} INFO - [2025-05-13T21:28:14.030+0000] {dagbag.py:538} INFO - Filling up the DagBag from /home/airflow/.local/lib/python3.9/site-packages/airflow/example_dags/example_short_circuit_operator.py
[2025-05-13T21:28:14.053+0000] {processor.py:753} INFO - DAG(s) dict_keys(['example_short_circuit_operator']) retrieved from /home/airflow/.local/lib/python3.9/site-packages/airflow/example_dags/example_short_circuit_operator.py
[2025-05-13T21:28:14.088+0000] {logging_mixin.py:137} INFO - [2025-05-13T21:28:14.088+0000] {dag.py:2676} INFO - Sync 1 DAGs
[2025-05-13T21:28:14.119+0000] {logging_mixin.py:137} INFO - [2025-05-13T21:28:14.119+0000] {dag.py:3423} INFO - Setting next_dagrun for example_short_circuit_operator to 2025-05-12T21:28:14.119185+00:00, run_after=2025-05-13T21:28:14.119185+00:00
[2025-05-13T21:28:14.144+0000] {processor.py:175} INFO - Processing /home/airflow/.local/lib/python3.9/site-packages/airflow/example_dags/example_short_circuit_operator.py took 0.120 seconds
[2025-05-13T21:28:44.542+0000] {processor.py:153} INFO - Started process (PID=4427) to work on /home/airflow/.local/lib/python3.9/site-packages/airflow/example_dags/example_short_circuit_operator.py
[2025-05-13T21:28:44.544+0000] {processor.py:743} INFO - Processing file /home/airflow/.local/lib/python3.9/site-packages/airflow/example_dags/example_short_circuit_operator.py for tasks to queue
[2025-05-13T21:28:44.545+0000] {logging_mixin.py:137} INFO - [2025-05-13T21:28:44.544+0000] {dagbag.py:538} INFO - Filling up the DagBag from /home/airflow/.local/lib/python3.9/site-packages/airflow/example_dags/example_short_circuit_operator.py
[2025-05-13T21:28:44.568+0000] {processor.py:753} INFO - DAG(s) dict_keys(['example_short_circuit_operator']) retrieved from /home/airflow/.local/lib/python3.9/site-packages/airflow/example_dags/example_short_circuit_operator.py
[2025-05-13T21:28:44.618+0000] {logging_mixin.py:137} INFO - [2025-05-13T21:28:44.618+0000] {dag.py:2676} INFO - Sync 1 DAGs
[2025-05-13T21:28:44.648+0000] {logging_mixin.py:137} INFO - [2025-05-13T21:28:44.648+0000] {dag.py:3423} INFO - Setting next_dagrun for example_short_circuit_operator to 2025-05-12T21:28:44.647652+00:00, run_after=2025-05-13T21:28:44.647652+00:00
[2025-05-13T21:28:44.669+0000] {processor.py:175} INFO - Processing /home/airflow/.local/lib/python3.9/site-packages/airflow/example_dags/example_short_circuit_operator.py took 0.131 seconds
[2025-05-13T21:29:15.552+0000] {processor.py:153} INFO - Started process (PID=4630) to work on /home/airflow/.local/lib/python3.9/site-packages/airflow/example_dags/example_short_circuit_operator.py
[2025-05-13T21:29:15.553+0000] {processor.py:743} INFO - Processing file /home/airflow/.local/lib/python3.9/site-packages/airflow/example_dags/example_short_circuit_operator.py for tasks to queue
[2025-05-13T21:29:15.555+0000] {logging_mixin.py:137} INFO - [2025-05-13T21:29:15.554+0000] {dagbag.py:538} INFO - Filling up the DagBag from /home/airflow/.local/lib/python3.9/site-packages/airflow/example_dags/example_short_circuit_operator.py
[2025-05-13T21:29:15.586+0000] {processor.py:753} INFO - DAG(s) dict_keys(['example_short_circuit_operator']) retrieved from /home/airflow/.local/lib/python3.9/site-packages/airflow/example_dags/example_short_circuit_operator.py
[2025-05-13T21:29:15.671+0000] {logging_mixin.py:137} INFO - [2025-05-13T21:29:15.671+0000] {dag.py:2676} INFO - Sync 1 DAGs
[2025-05-13T21:29:15.710+0000] {logging_mixin.py:137} INFO - [2025-05-13T21:29:15.710+0000] {dag.py:3423} INFO - Setting next_dagrun for example_short_circuit_operator to 2025-05-12T21:29:15.709717+00:00, run_after=2025-05-13T21:29:15.709717+00:00
[2025-05-13T21:29:15.749+0000] {processor.py:175} INFO - Processing /home/airflow/.local/lib/python3.9/site-packages/airflow/example_dags/example_short_circuit_operator.py took 0.201 seconds
[2025-05-13T21:29:46.477+0000] {processor.py:153} INFO - Started process (PID=4833) to work on /home/airflow/.local/lib/python3.9/site-packages/airflow/example_dags/example_short_circuit_operator.py
[2025-05-13T21:29:46.478+0000] {processor.py:743} INFO - Processing file /home/airflow/.local/lib/python3.9/site-packages/airflow/example_dags/example_short_circuit_operator.py for tasks to queue
[2025-05-13T21:29:46.479+0000] {logging_mixin.py:137} INFO - [2025-05-13T21:29:46.479+0000] {dagbag.py:538} INFO - Filling up the DagBag from /home/airflow/.local/lib/python3.9/site-packages/airflow/example_dags/example_short_circuit_operator.py
[2025-05-13T21:29:46.504+0000] {processor.py:753} INFO - DAG(s) dict_keys(['example_short_circuit_operator']) retrieved from /home/airflow/.local/lib/python3.9/site-packages/airflow/example_dags/example_short_circuit_operator.py
[2025-05-13T21:29:46.562+0000] {logging_mixin.py:137} INFO - [2025-05-13T21:29:46.562+0000] {dag.py:2676} INFO - Sync 1 DAGs
[2025-05-13T21:29:46.596+0000] {logging_mixin.py:137} INFO - [2025-05-13T21:29:46.596+0000] {dag.py:3423} INFO - Setting next_dagrun for example_short_circuit_operator to 2025-05-12T21:29:46.596124+00:00, run_after=2025-05-13T21:29:46.596124+00:00
[2025-05-13T21:29:46.620+0000] {processor.py:175} INFO - Processing /home/airflow/.local/lib/python3.9/site-packages/airflow/example_dags/example_short_circuit_operator.py took 0.147 seconds
[2025-05-13T21:30:16.820+0000] {processor.py:153} INFO - Started process (PID=5034) to work on /home/airflow/.local/lib/python3.9/site-packages/airflow/example_dags/example_short_circuit_operator.py
[2025-05-13T21:30:16.821+0000] {processor.py:743} INFO - Processing file /home/airflow/.local/lib/python3.9/site-packages/airflow/example_dags/example_short_circuit_operator.py for tasks to queue
[2025-05-13T21:30:16.823+0000] {logging_mixin.py:137} INFO - [2025-05-13T21:30:16.822+0000] {dagbag.py:538} INFO - Filling up the DagBag from /home/airflow/.local/lib/python3.9/site-packages/airflow/example_dags/example_short_circuit_operator.py
[2025-05-13T21:30:16.848+0000] {processor.py:753} INFO - DAG(s) dict_keys(['example_short_circuit_operator']) retrieved from /home/airflow/.local/lib/python3.9/site-packages/airflow/example_dags/example_short_circuit_operator.py
[2025-05-13T21:30:16.920+0000] {logging_mixin.py:137} INFO - [2025-05-13T21:30:16.920+0000] {dag.py:2676} INFO - Sync 1 DAGs
[2025-05-13T21:30:16.952+0000] {logging_mixin.py:137} INFO - [2025-05-13T21:30:16.952+0000] {dag.py:3423} INFO - Setting next_dagrun for example_short_circuit_operator to 2025-05-12T21:30:16.951426+00:00, run_after=2025-05-13T21:30:16.951426+00:00
[2025-05-13T21:30:16.980+0000] {processor.py:175} INFO - Processing /home/airflow/.local/lib/python3.9/site-packages/airflow/example_dags/example_short_circuit_operator.py took 0.164 seconds
[2025-05-13T21:30:47.884+0000] {processor.py:153} INFO - Started process (PID=5232) to work on /home/airflow/.local/lib/python3.9/site-packages/airflow/example_dags/example_short_circuit_operator.py
[2025-05-13T21:30:47.885+0000] {processor.py:743} INFO - Processing file /home/airflow/.local/lib/python3.9/site-packages/airflow/example_dags/example_short_circuit_operator.py for tasks to queue
[2025-05-13T21:30:47.887+0000] {logging_mixin.py:137} INFO - [2025-05-13T21:30:47.887+0000] {dagbag.py:538} INFO - Filling up the DagBag from /home/airflow/.local/lib/python3.9/site-packages/airflow/example_dags/example_short_circuit_operator.py
[2025-05-13T21:30:47.917+0000] {processor.py:753} INFO - DAG(s) dict_keys(['example_short_circuit_operator']) retrieved from /home/airflow/.local/lib/python3.9/site-packages/airflow/example_dags/example_short_circuit_operator.py
[2025-05-13T21:30:47.980+0000] {logging_mixin.py:137} INFO - [2025-05-13T21:30:47.980+0000] {dag.py:2676} INFO - Sync 1 DAGs
[2025-05-13T21:30:48.018+0000] {logging_mixin.py:137} INFO - [2025-05-13T21:30:48.017+0000] {dag.py:3423} INFO - Setting next_dagrun for example_short_circuit_operator to 2025-05-12T21:30:48.017478+00:00, run_after=2025-05-13T21:30:48.017478+00:00
[2025-05-13T21:30:48.050+0000] {processor.py:175} INFO - Processing /home/airflow/.local/lib/python3.9/site-packages/airflow/example_dags/example_short_circuit_operator.py took 0.171 seconds
[2025-05-13T21:31:18.082+0000] {processor.py:153} INFO - Started process (PID=5432) to work on /home/airflow/.local/lib/python3.9/site-packages/airflow/example_dags/example_short_circuit_operator.py
[2025-05-13T21:31:18.083+0000] {processor.py:743} INFO - Processing file /home/airflow/.local/lib/python3.9/site-packages/airflow/example_dags/example_short_circuit_operator.py for tasks to queue
[2025-05-13T21:31:18.084+0000] {logging_mixin.py:137} INFO - [2025-05-13T21:31:18.084+0000] {dagbag.py:538} INFO - Filling up the DagBag from /home/airflow/.local/lib/python3.9/site-packages/airflow/example_dags/example_short_circuit_operator.py
[2025-05-13T21:31:18.112+0000] {processor.py:753} INFO - DAG(s) dict_keys(['example_short_circuit_operator']) retrieved from /home/airflow/.local/lib/python3.9/site-packages/airflow/example_dags/example_short_circuit_operator.py
[2025-05-13T21:31:18.169+0000] {logging_mixin.py:137} INFO - [2025-05-13T21:31:18.169+0000] {dag.py:2676} INFO - Sync 1 DAGs
[2025-05-13T21:31:18.200+0000] {logging_mixin.py:137} INFO - [2025-05-13T21:31:18.200+0000] {dag.py:3423} INFO - Setting next_dagrun for example_short_circuit_operator to 2025-05-12T21:31:18.200067+00:00, run_after=2025-05-13T21:31:18.200067+00:00
[2025-05-13T21:31:18.229+0000] {processor.py:175} INFO - Processing /home/airflow/.local/lib/python3.9/site-packages/airflow/example_dags/example_short_circuit_operator.py took 0.152 seconds
[2025-05-13T21:31:48.349+0000] {processor.py:153} INFO - Started process (PID=5637) to work on /home/airflow/.local/lib/python3.9/site-packages/airflow/example_dags/example_short_circuit_operator.py
[2025-05-13T21:31:48.350+0000] {processor.py:743} INFO - Processing file /home/airflow/.local/lib/python3.9/site-packages/airflow/example_dags/example_short_circuit_operator.py for tasks to queue
[2025-05-13T21:31:48.351+0000] {logging_mixin.py:137} INFO - [2025-05-13T21:31:48.351+0000] {dagbag.py:538} INFO - Filling up the DagBag from /home/airflow/.local/lib/python3.9/site-packages/airflow/example_dags/example_short_circuit_operator.py
[2025-05-13T21:31:48.374+0000] {processor.py:753} INFO - DAG(s) dict_keys(['example_short_circuit_operator']) retrieved from /home/airflow/.local/lib/python3.9/site-packages/airflow/example_dags/example_short_circuit_operator.py
[2025-05-13T21:31:48.409+0000] {logging_mixin.py:137} INFO - [2025-05-13T21:31:48.408+0000] {dag.py:2676} INFO - Sync 1 DAGs
[2025-05-13T21:31:48.435+0000] {logging_mixin.py:137} INFO - [2025-05-13T21:31:48.435+0000] {dag.py:3423} INFO - Setting next_dagrun for example_short_circuit_operator to 2025-05-12T21:31:48.434801+00:00, run_after=2025-05-13T21:31:48.434801+00:00
[2025-05-13T21:31:48.457+0000] {processor.py:175} INFO - Processing /home/airflow/.local/lib/python3.9/site-packages/airflow/example_dags/example_short_circuit_operator.py took 0.112 seconds
[2025-05-13T21:32:19.314+0000] {processor.py:153} INFO - Started process (PID=5840) to work on /home/airflow/.local/lib/python3.9/site-packages/airflow/example_dags/example_short_circuit_operator.py
[2025-05-13T21:32:19.315+0000] {processor.py:743} INFO - Processing file /home/airflow/.local/lib/python3.9/site-packages/airflow/example_dags/example_short_circuit_operator.py for tasks to queue
[2025-05-13T21:32:19.316+0000] {logging_mixin.py:137} INFO - [2025-05-13T21:32:19.316+0000] {dagbag.py:538} INFO - Filling up the DagBag from /home/airflow/.local/lib/python3.9/site-packages/airflow/example_dags/example_short_circuit_operator.py
[2025-05-13T21:32:19.340+0000] {processor.py:753} INFO - DAG(s) dict_keys(['example_short_circuit_operator']) retrieved from /home/airflow/.local/lib/python3.9/site-packages/airflow/example_dags/example_short_circuit_operator.py
[2025-05-13T21:32:19.394+0000] {logging_mixin.py:137} INFO - [2025-05-13T21:32:19.394+0000] {dag.py:2676} INFO - Sync 1 DAGs
[2025-05-13T21:32:19.421+0000] {logging_mixin.py:137} INFO - [2025-05-13T21:32:19.420+0000] {dag.py:3423} INFO - Setting next_dagrun for example_short_circuit_operator to 2025-05-12T21:32:19.420560+00:00, run_after=2025-05-13T21:32:19.420560+00:00
[2025-05-13T21:32:19.442+0000] {processor.py:175} INFO - Processing /home/airflow/.local/lib/python3.9/site-packages/airflow/example_dags/example_short_circuit_operator.py took 0.132 seconds
[2025-05-13T21:32:49.676+0000] {processor.py:153} INFO - Started process (PID=6041) to work on /home/airflow/.local/lib/python3.9/site-packages/airflow/example_dags/example_short_circuit_operator.py
[2025-05-13T21:32:49.679+0000] {processor.py:743} INFO - Processing file /home/airflow/.local/lib/python3.9/site-packages/airflow/example_dags/example_short_circuit_operator.py for tasks to queue
[2025-05-13T21:32:49.680+0000] {logging_mixin.py:137} INFO - [2025-05-13T21:32:49.680+0000] {dagbag.py:538} INFO - Filling up the DagBag from /home/airflow/.local/lib/python3.9/site-packages/airflow/example_dags/example_short_circuit_operator.py
[2025-05-13T21:32:49.704+0000] {processor.py:753} INFO - DAG(s) dict_keys(['example_short_circuit_operator']) retrieved from /home/airflow/.local/lib/python3.9/site-packages/airflow/example_dags/example_short_circuit_operator.py
[2025-05-13T21:32:49.755+0000] {logging_mixin.py:137} INFO - [2025-05-13T21:32:49.755+0000] {dag.py:2676} INFO - Sync 1 DAGs
[2025-05-13T21:32:49.785+0000] {logging_mixin.py:137} INFO - [2025-05-13T21:32:49.784+0000] {dag.py:3423} INFO - Setting next_dagrun for example_short_circuit_operator to 2025-05-12T21:32:49.784652+00:00, run_after=2025-05-13T21:32:49.784652+00:00
[2025-05-13T21:32:49.813+0000] {processor.py:175} INFO - Processing /home/airflow/.local/lib/python3.9/site-packages/airflow/example_dags/example_short_circuit_operator.py took 0.141 seconds
[2025-05-13T21:33:19.986+0000] {processor.py:153} INFO - Started process (PID=6249) to work on /home/airflow/.local/lib/python3.9/site-packages/airflow/example_dags/example_short_circuit_operator.py
[2025-05-13T21:33:19.987+0000] {processor.py:743} INFO - Processing file /home/airflow/.local/lib/python3.9/site-packages/airflow/example_dags/example_short_circuit_operator.py for tasks to queue
[2025-05-13T21:33:19.988+0000] {logging_mixin.py:137} INFO - [2025-05-13T21:33:19.988+0000] {dagbag.py:538} INFO - Filling up the DagBag from /home/airflow/.local/lib/python3.9/site-packages/airflow/example_dags/example_short_circuit_operator.py
[2025-05-13T21:33:20.012+0000] {processor.py:753} INFO - DAG(s) dict_keys(['example_short_circuit_operator']) retrieved from /home/airflow/.local/lib/python3.9/site-packages/airflow/example_dags/example_short_circuit_operator.py
[2025-05-13T21:33:20.062+0000] {logging_mixin.py:137} INFO - [2025-05-13T21:33:20.062+0000] {dag.py:2676} INFO - Sync 1 DAGs
[2025-05-13T21:33:20.088+0000] {logging_mixin.py:137} INFO - [2025-05-13T21:33:20.088+0000] {dag.py:3423} INFO - Setting next_dagrun for example_short_circuit_operator to 2025-05-12T21:33:20.088330+00:00, run_after=2025-05-13T21:33:20.088330+00:00
[2025-05-13T21:33:20.111+0000] {processor.py:175} INFO - Processing /home/airflow/.local/lib/python3.9/site-packages/airflow/example_dags/example_short_circuit_operator.py took 0.129 seconds
[2025-05-13T21:33:50.556+0000] {processor.py:153} INFO - Started process (PID=6459) to work on /home/airflow/.local/lib/python3.9/site-packages/airflow/example_dags/example_short_circuit_operator.py
[2025-05-13T21:33:50.557+0000] {processor.py:743} INFO - Processing file /home/airflow/.local/lib/python3.9/site-packages/airflow/example_dags/example_short_circuit_operator.py for tasks to queue
[2025-05-13T21:33:50.558+0000] {logging_mixin.py:137} INFO - [2025-05-13T21:33:50.558+0000] {dagbag.py:538} INFO - Filling up the DagBag from /home/airflow/.local/lib/python3.9/site-packages/airflow/example_dags/example_short_circuit_operator.py
[2025-05-13T21:33:50.582+0000] {processor.py:753} INFO - DAG(s) dict_keys(['example_short_circuit_operator']) retrieved from /home/airflow/.local/lib/python3.9/site-packages/airflow/example_dags/example_short_circuit_operator.py
[2025-05-13T21:33:50.638+0000] {logging_mixin.py:137} INFO - [2025-05-13T21:33:50.638+0000] {dag.py:2676} INFO - Sync 1 DAGs
[2025-05-13T21:33:50.669+0000] {logging_mixin.py:137} INFO - [2025-05-13T21:33:50.669+0000] {dag.py:3423} INFO - Setting next_dagrun for example_short_circuit_operator to 2025-05-12T21:33:50.668852+00:00, run_after=2025-05-13T21:33:50.668852+00:00
[2025-05-13T21:33:50.695+0000] {processor.py:175} INFO - Processing /home/airflow/.local/lib/python3.9/site-packages/airflow/example_dags/example_short_circuit_operator.py took 0.144 seconds
[2025-05-13T21:34:21.325+0000] {processor.py:153} INFO - Started process (PID=6660) to work on /home/airflow/.local/lib/python3.9/site-packages/airflow/example_dags/example_short_circuit_operator.py
[2025-05-13T21:34:21.326+0000] {processor.py:743} INFO - Processing file /home/airflow/.local/lib/python3.9/site-packages/airflow/example_dags/example_short_circuit_operator.py for tasks to queue
[2025-05-13T21:34:21.328+0000] {logging_mixin.py:137} INFO - [2025-05-13T21:34:21.328+0000] {dagbag.py:538} INFO - Filling up the DagBag from /home/airflow/.local/lib/python3.9/site-packages/airflow/example_dags/example_short_circuit_operator.py
[2025-05-13T21:34:21.351+0000] {processor.py:753} INFO - DAG(s) dict_keys(['example_short_circuit_operator']) retrieved from /home/airflow/.local/lib/python3.9/site-packages/airflow/example_dags/example_short_circuit_operator.py
[2025-05-13T21:34:21.403+0000] {logging_mixin.py:137} INFO - [2025-05-13T21:34:21.403+0000] {dag.py:2676} INFO - Sync 1 DAGs
[2025-05-13T21:34:21.429+0000] {logging_mixin.py:137} INFO - [2025-05-13T21:34:21.429+0000] {dag.py:3423} INFO - Setting next_dagrun for example_short_circuit_operator to 2025-05-12T21:34:21.429396+00:00, run_after=2025-05-13T21:34:21.429396+00:00
[2025-05-13T21:34:21.450+0000] {processor.py:175} INFO - Processing /home/airflow/.local/lib/python3.9/site-packages/airflow/example_dags/example_short_circuit_operator.py took 0.130 seconds
[2025-05-13T21:34:52.359+0000] {processor.py:153} INFO - Started process (PID=6869) to work on /home/airflow/.local/lib/python3.9/site-packages/airflow/example_dags/example_short_circuit_operator.py
[2025-05-13T21:34:52.360+0000] {processor.py:743} INFO - Processing file /home/airflow/.local/lib/python3.9/site-packages/airflow/example_dags/example_short_circuit_operator.py for tasks to queue
[2025-05-13T21:34:52.362+0000] {logging_mixin.py:137} INFO - [2025-05-13T21:34:52.361+0000] {dagbag.py:538} INFO - Filling up the DagBag from /home/airflow/.local/lib/python3.9/site-packages/airflow/example_dags/example_short_circuit_operator.py
[2025-05-13T21:34:52.386+0000] {processor.py:753} INFO - DAG(s) dict_keys(['example_short_circuit_operator']) retrieved from /home/airflow/.local/lib/python3.9/site-packages/airflow/example_dags/example_short_circuit_operator.py
[2025-05-13T21:34:52.442+0000] {logging_mixin.py:137} INFO - [2025-05-13T21:34:52.442+0000] {dag.py:2676} INFO - Sync 1 DAGs
[2025-05-13T21:34:52.471+0000] {logging_mixin.py:137} INFO - [2025-05-13T21:34:52.471+0000] {dag.py:3423} INFO - Setting next_dagrun for example_short_circuit_operator to 2025-05-12T21:34:52.470945+00:00, run_after=2025-05-13T21:34:52.470945+00:00
[2025-05-13T21:34:52.496+0000] {processor.py:175} INFO - Processing /home/airflow/.local/lib/python3.9/site-packages/airflow/example_dags/example_short_circuit_operator.py took 0.142 seconds
[2025-05-13T21:35:23.006+0000] {processor.py:153} INFO - Started process (PID=7077) to work on /home/airflow/.local/lib/python3.9/site-packages/airflow/example_dags/example_short_circuit_operator.py
[2025-05-13T21:35:23.007+0000] {processor.py:743} INFO - Processing file /home/airflow/.local/lib/python3.9/site-packages/airflow/example_dags/example_short_circuit_operator.py for tasks to queue
[2025-05-13T21:35:23.008+0000] {logging_mixin.py:137} INFO - [2025-05-13T21:35:23.007+0000] {dagbag.py:538} INFO - Filling up the DagBag from /home/airflow/.local/lib/python3.9/site-packages/airflow/example_dags/example_short_circuit_operator.py
[2025-05-13T21:35:23.030+0000] {processor.py:753} INFO - DAG(s) dict_keys(['example_short_circuit_operator']) retrieved from /home/airflow/.local/lib/python3.9/site-packages/airflow/example_dags/example_short_circuit_operator.py
[2025-05-13T21:35:23.078+0000] {logging_mixin.py:137} INFO - [2025-05-13T21:35:23.078+0000] {dag.py:2676} INFO - Sync 1 DAGs
[2025-05-13T21:35:23.106+0000] {logging_mixin.py:137} INFO - [2025-05-13T21:35:23.105+0000] {dag.py:3423} INFO - Setting next_dagrun for example_short_circuit_operator to 2025-05-12T21:35:23.105586+00:00, run_after=2025-05-13T21:35:23.105586+00:00
[2025-05-13T21:35:23.130+0000] {processor.py:175} INFO - Processing /home/airflow/.local/lib/python3.9/site-packages/airflow/example_dags/example_short_circuit_operator.py took 0.130 seconds
[2025-05-13T21:35:54.296+0000] {processor.py:153} INFO - Started process (PID=7268) to work on /home/airflow/.local/lib/python3.9/site-packages/airflow/example_dags/example_short_circuit_operator.py
[2025-05-13T21:35:54.298+0000] {processor.py:743} INFO - Processing file /home/airflow/.local/lib/python3.9/site-packages/airflow/example_dags/example_short_circuit_operator.py for tasks to queue
[2025-05-13T21:35:54.299+0000] {logging_mixin.py:137} INFO - [2025-05-13T21:35:54.299+0000] {dagbag.py:538} INFO - Filling up the DagBag from /home/airflow/.local/lib/python3.9/site-packages/airflow/example_dags/example_short_circuit_operator.py
[2025-05-13T21:35:54.320+0000] {processor.py:753} INFO - DAG(s) dict_keys(['example_short_circuit_operator']) retrieved from /home/airflow/.local/lib/python3.9/site-packages/airflow/example_dags/example_short_circuit_operator.py
[2025-05-13T21:35:54.368+0000] {logging_mixin.py:137} INFO - [2025-05-13T21:35:54.368+0000] {dag.py:2676} INFO - Sync 1 DAGs
[2025-05-13T21:35:54.393+0000] {logging_mixin.py:137} INFO - [2025-05-13T21:35:54.393+0000] {dag.py:3423} INFO - Setting next_dagrun for example_short_circuit_operator to 2025-05-12T21:35:54.393267+00:00, run_after=2025-05-13T21:35:54.393267+00:00
[2025-05-13T21:35:54.412+0000] {processor.py:175} INFO - Processing /home/airflow/.local/lib/python3.9/site-packages/airflow/example_dags/example_short_circuit_operator.py took 0.120 seconds
[2025-05-13T21:36:25.876+0000] {processor.py:153} INFO - Started process (PID=7471) to work on /home/airflow/.local/lib/python3.9/site-packages/airflow/example_dags/example_short_circuit_operator.py
[2025-05-13T21:36:25.877+0000] {processor.py:743} INFO - Processing file /home/airflow/.local/lib/python3.9/site-packages/airflow/example_dags/example_short_circuit_operator.py for tasks to queue
[2025-05-13T21:36:25.880+0000] {logging_mixin.py:137} INFO - [2025-05-13T21:36:25.879+0000] {dagbag.py:538} INFO - Filling up the DagBag from /home/airflow/.local/lib/python3.9/site-packages/airflow/example_dags/example_short_circuit_operator.py
[2025-05-13T21:36:25.938+0000] {processor.py:753} INFO - DAG(s) dict_keys(['example_short_circuit_operator']) retrieved from /home/airflow/.local/lib/python3.9/site-packages/airflow/example_dags/example_short_circuit_operator.py
[2025-05-13T21:36:26.026+0000] {logging_mixin.py:137} INFO - [2025-05-13T21:36:26.026+0000] {dag.py:2676} INFO - Sync 1 DAGs
[2025-05-13T21:36:26.073+0000] {logging_mixin.py:137} INFO - [2025-05-13T21:36:26.072+0000] {dag.py:3423} INFO - Setting next_dagrun for example_short_circuit_operator to 2025-05-12T21:36:26.072620+00:00, run_after=2025-05-13T21:36:26.072620+00:00
[2025-05-13T21:36:26.105+0000] {processor.py:175} INFO - Processing /home/airflow/.local/lib/python3.9/site-packages/airflow/example_dags/example_short_circuit_operator.py took 0.237 seconds
[2025-05-13T21:37:53.157+0000] {processor.py:153} INFO - Started process (PID=370) to work on /home/airflow/.local/lib/python3.9/site-packages/airflow/example_dags/example_short_circuit_operator.py
[2025-05-13T21:37:53.159+0000] {processor.py:743} INFO - Processing file /home/airflow/.local/lib/python3.9/site-packages/airflow/example_dags/example_short_circuit_operator.py for tasks to queue
[2025-05-13T21:37:53.162+0000] {logging_mixin.py:137} INFO - [2025-05-13T21:37:53.162+0000] {dagbag.py:538} INFO - Filling up the DagBag from /home/airflow/.local/lib/python3.9/site-packages/airflow/example_dags/example_short_circuit_operator.py
[2025-05-13T21:37:53.220+0000] {processor.py:753} INFO - DAG(s) dict_keys(['example_short_circuit_operator']) retrieved from /home/airflow/.local/lib/python3.9/site-packages/airflow/example_dags/example_short_circuit_operator.py
[2025-05-13T21:37:53.297+0000] {logging_mixin.py:137} INFO - [2025-05-13T21:37:53.297+0000] {dag.py:2676} INFO - Sync 1 DAGs
[2025-05-13T21:37:53.336+0000] {logging_mixin.py:137} INFO - [2025-05-13T21:37:53.335+0000] {dag.py:3423} INFO - Setting next_dagrun for example_short_circuit_operator to 2025-05-12T21:37:53.335528+00:00, run_after=2025-05-13T21:37:53.335528+00:00
[2025-05-13T21:37:53.370+0000] {processor.py:175} INFO - Processing /home/airflow/.local/lib/python3.9/site-packages/airflow/example_dags/example_short_circuit_operator.py took 0.220 seconds
[2025-05-13T21:38:25.138+0000] {processor.py:153} INFO - Started process (PID=573) to work on /home/airflow/.local/lib/python3.9/site-packages/airflow/example_dags/example_short_circuit_operator.py
[2025-05-13T21:38:25.140+0000] {processor.py:743} INFO - Processing file /home/airflow/.local/lib/python3.9/site-packages/airflow/example_dags/example_short_circuit_operator.py for tasks to queue
[2025-05-13T21:38:25.141+0000] {logging_mixin.py:137} INFO - [2025-05-13T21:38:25.141+0000] {dagbag.py:538} INFO - Filling up the DagBag from /home/airflow/.local/lib/python3.9/site-packages/airflow/example_dags/example_short_circuit_operator.py
[2025-05-13T21:38:25.164+0000] {processor.py:753} INFO - DAG(s) dict_keys(['example_short_circuit_operator']) retrieved from /home/airflow/.local/lib/python3.9/site-packages/airflow/example_dags/example_short_circuit_operator.py
[2025-05-13T21:38:25.222+0000] {logging_mixin.py:137} INFO - [2025-05-13T21:38:25.222+0000] {dag.py:2676} INFO - Sync 1 DAGs
[2025-05-13T21:38:25.251+0000] {logging_mixin.py:137} INFO - [2025-05-13T21:38:25.251+0000] {dag.py:3423} INFO - Setting next_dagrun for example_short_circuit_operator to 2025-05-12T21:38:25.251103+00:00, run_after=2025-05-13T21:38:25.251103+00:00
[2025-05-13T21:38:25.275+0000] {processor.py:175} INFO - Processing /home/airflow/.local/lib/python3.9/site-packages/airflow/example_dags/example_short_circuit_operator.py took 0.142 seconds
[2025-05-13T21:38:55.744+0000] {processor.py:153} INFO - Started process (PID=781) to work on /home/airflow/.local/lib/python3.9/site-packages/airflow/example_dags/example_short_circuit_operator.py
[2025-05-13T21:38:55.746+0000] {processor.py:743} INFO - Processing file /home/airflow/.local/lib/python3.9/site-packages/airflow/example_dags/example_short_circuit_operator.py for tasks to queue
[2025-05-13T21:38:55.747+0000] {logging_mixin.py:137} INFO - [2025-05-13T21:38:55.746+0000] {dagbag.py:538} INFO - Filling up the DagBag from /home/airflow/.local/lib/python3.9/site-packages/airflow/example_dags/example_short_circuit_operator.py
[2025-05-13T21:38:55.770+0000] {processor.py:753} INFO - DAG(s) dict_keys(['example_short_circuit_operator']) retrieved from /home/airflow/.local/lib/python3.9/site-packages/airflow/example_dags/example_short_circuit_operator.py
[2025-05-13T21:38:55.823+0000] {logging_mixin.py:137} INFO - [2025-05-13T21:38:55.823+0000] {dag.py:2676} INFO - Sync 1 DAGs
[2025-05-13T21:38:55.855+0000] {logging_mixin.py:137} INFO - [2025-05-13T21:38:55.854+0000] {dag.py:3423} INFO - Setting next_dagrun for example_short_circuit_operator to 2025-05-12T21:38:55.854338+00:00, run_after=2025-05-13T21:38:55.854338+00:00
[2025-05-13T21:38:55.884+0000] {processor.py:175} INFO - Processing /home/airflow/.local/lib/python3.9/site-packages/airflow/example_dags/example_short_circuit_operator.py took 0.145 seconds
[2025-05-13T21:39:25.964+0000] {processor.py:153} INFO - Started process (PID=978) to work on /home/airflow/.local/lib/python3.9/site-packages/airflow/example_dags/example_short_circuit_operator.py
[2025-05-13T21:39:25.965+0000] {processor.py:743} INFO - Processing file /home/airflow/.local/lib/python3.9/site-packages/airflow/example_dags/example_short_circuit_operator.py for tasks to queue
[2025-05-13T21:39:25.966+0000] {logging_mixin.py:137} INFO - [2025-05-13T21:39:25.966+0000] {dagbag.py:538} INFO - Filling up the DagBag from /home/airflow/.local/lib/python3.9/site-packages/airflow/example_dags/example_short_circuit_operator.py
[2025-05-13T21:39:25.990+0000] {processor.py:753} INFO - DAG(s) dict_keys(['example_short_circuit_operator']) retrieved from /home/airflow/.local/lib/python3.9/site-packages/airflow/example_dags/example_short_circuit_operator.py
[2025-05-13T21:39:26.044+0000] {logging_mixin.py:137} INFO - [2025-05-13T21:39:26.044+0000] {dag.py:2676} INFO - Sync 1 DAGs
[2025-05-13T21:39:26.080+0000] {logging_mixin.py:137} INFO - [2025-05-13T21:39:26.080+0000] {dag.py:3423} INFO - Setting next_dagrun for example_short_circuit_operator to 2025-05-12T21:39:26.079552+00:00, run_after=2025-05-13T21:39:26.079552+00:00
[2025-05-13T21:39:26.110+0000] {processor.py:175} INFO - Processing /home/airflow/.local/lib/python3.9/site-packages/airflow/example_dags/example_short_circuit_operator.py took 0.151 seconds
[2025-05-13T21:39:56.303+0000] {processor.py:153} INFO - Started process (PID=1181) to work on /home/airflow/.local/lib/python3.9/site-packages/airflow/example_dags/example_short_circuit_operator.py
[2025-05-13T21:39:56.304+0000] {processor.py:743} INFO - Processing file /home/airflow/.local/lib/python3.9/site-packages/airflow/example_dags/example_short_circuit_operator.py for tasks to queue
[2025-05-13T21:39:56.305+0000] {logging_mixin.py:137} INFO - [2025-05-13T21:39:56.305+0000] {dagbag.py:538} INFO - Filling up the DagBag from /home/airflow/.local/lib/python3.9/site-packages/airflow/example_dags/example_short_circuit_operator.py
[2025-05-13T21:39:56.328+0000] {processor.py:753} INFO - DAG(s) dict_keys(['example_short_circuit_operator']) retrieved from /home/airflow/.local/lib/python3.9/site-packages/airflow/example_dags/example_short_circuit_operator.py
[2025-05-13T21:39:56.378+0000] {logging_mixin.py:137} INFO - [2025-05-13T21:39:56.378+0000] {dag.py:2676} INFO - Sync 1 DAGs
[2025-05-13T21:39:56.408+0000] {logging_mixin.py:137} INFO - [2025-05-13T21:39:56.407+0000] {dag.py:3423} INFO - Setting next_dagrun for example_short_circuit_operator to 2025-05-12T21:39:56.407655+00:00, run_after=2025-05-13T21:39:56.407655+00:00
[2025-05-13T21:39:56.434+0000] {processor.py:175} INFO - Processing /home/airflow/.local/lib/python3.9/site-packages/airflow/example_dags/example_short_circuit_operator.py took 0.136 seconds
[2025-05-13T21:40:26.530+0000] {processor.py:153} INFO - Started process (PID=1383) to work on /home/airflow/.local/lib/python3.9/site-packages/airflow/example_dags/example_short_circuit_operator.py
[2025-05-13T21:40:26.531+0000] {processor.py:743} INFO - Processing file /home/airflow/.local/lib/python3.9/site-packages/airflow/example_dags/example_short_circuit_operator.py for tasks to queue
[2025-05-13T21:40:26.532+0000] {logging_mixin.py:137} INFO - [2025-05-13T21:40:26.532+0000] {dagbag.py:538} INFO - Filling up the DagBag from /home/airflow/.local/lib/python3.9/site-packages/airflow/example_dags/example_short_circuit_operator.py
[2025-05-13T21:40:26.559+0000] {processor.py:753} INFO - DAG(s) dict_keys(['example_short_circuit_operator']) retrieved from /home/airflow/.local/lib/python3.9/site-packages/airflow/example_dags/example_short_circuit_operator.py
[2025-05-13T21:40:26.617+0000] {logging_mixin.py:137} INFO - [2025-05-13T21:40:26.617+0000] {dag.py:2676} INFO - Sync 1 DAGs
[2025-05-13T21:40:26.648+0000] {logging_mixin.py:137} INFO - [2025-05-13T21:40:26.647+0000] {dag.py:3423} INFO - Setting next_dagrun for example_short_circuit_operator to 2025-05-12T21:40:26.647634+00:00, run_after=2025-05-13T21:40:26.647634+00:00
[2025-05-13T21:40:26.678+0000] {processor.py:175} INFO - Processing /home/airflow/.local/lib/python3.9/site-packages/airflow/example_dags/example_short_circuit_operator.py took 0.154 seconds
[2025-05-13T21:40:56.734+0000] {processor.py:153} INFO - Started process (PID=1583) to work on /home/airflow/.local/lib/python3.9/site-packages/airflow/example_dags/example_short_circuit_operator.py
[2025-05-13T21:40:56.735+0000] {processor.py:743} INFO - Processing file /home/airflow/.local/lib/python3.9/site-packages/airflow/example_dags/example_short_circuit_operator.py for tasks to queue
[2025-05-13T21:40:56.736+0000] {logging_mixin.py:137} INFO - [2025-05-13T21:40:56.736+0000] {dagbag.py:538} INFO - Filling up the DagBag from /home/airflow/.local/lib/python3.9/site-packages/airflow/example_dags/example_short_circuit_operator.py
[2025-05-13T21:40:56.764+0000] {processor.py:753} INFO - DAG(s) dict_keys(['example_short_circuit_operator']) retrieved from /home/airflow/.local/lib/python3.9/site-packages/airflow/example_dags/example_short_circuit_operator.py
[2025-05-13T21:40:56.819+0000] {logging_mixin.py:137} INFO - [2025-05-13T21:40:56.819+0000] {dag.py:2676} INFO - Sync 1 DAGs
[2025-05-13T21:40:56.853+0000] {logging_mixin.py:137} INFO - [2025-05-13T21:40:56.853+0000] {dag.py:3423} INFO - Setting next_dagrun for example_short_circuit_operator to 2025-05-12T21:40:56.852905+00:00, run_after=2025-05-13T21:40:56.852905+00:00
[2025-05-13T21:40:56.886+0000] {processor.py:175} INFO - Processing /home/airflow/.local/lib/python3.9/site-packages/airflow/example_dags/example_short_circuit_operator.py took 0.156 seconds
[2025-05-13T21:41:27.629+0000] {processor.py:153} INFO - Started process (PID=1799) to work on /home/airflow/.local/lib/python3.9/site-packages/airflow/example_dags/example_short_circuit_operator.py
[2025-05-13T21:41:27.630+0000] {processor.py:743} INFO - Processing file /home/airflow/.local/lib/python3.9/site-packages/airflow/example_dags/example_short_circuit_operator.py for tasks to queue
[2025-05-13T21:41:27.631+0000] {logging_mixin.py:137} INFO - [2025-05-13T21:41:27.631+0000] {dagbag.py:538} INFO - Filling up the DagBag from /home/airflow/.local/lib/python3.9/site-packages/airflow/example_dags/example_short_circuit_operator.py
[2025-05-13T21:41:27.659+0000] {processor.py:753} INFO - DAG(s) dict_keys(['example_short_circuit_operator']) retrieved from /home/airflow/.local/lib/python3.9/site-packages/airflow/example_dags/example_short_circuit_operator.py
[2025-05-13T21:41:27.718+0000] {logging_mixin.py:137} INFO - [2025-05-13T21:41:27.718+0000] {dag.py:2676} INFO - Sync 1 DAGs
[2025-05-13T21:41:27.759+0000] {logging_mixin.py:137} INFO - [2025-05-13T21:41:27.759+0000] {dag.py:3423} INFO - Setting next_dagrun for example_short_circuit_operator to 2025-05-12T21:41:27.758707+00:00, run_after=2025-05-13T21:41:27.758707+00:00
[2025-05-13T21:41:27.799+0000] {processor.py:175} INFO - Processing /home/airflow/.local/lib/python3.9/site-packages/airflow/example_dags/example_short_circuit_operator.py took 0.175 seconds
