[2025-05-13T02:45:37.956+0000] {processor.py:153} INFO - Started process (PID=195) to work on /home/airflow/.local/lib/python3.9/site-packages/airflow/example_dags/example_branch_operator.py
[2025-05-13T02:45:37.957+0000] {processor.py:743} INFO - Processing file /home/airflow/.local/lib/python3.9/site-packages/airflow/example_dags/example_branch_operator.py for tasks to queue
[2025-05-13T02:45:37.957+0000] {logging_mixin.py:137} INFO - [2025-05-13T02:45:37.957+0000] {dagbag.py:538} INFO - Filling up the DagBag from /home/airflow/.local/lib/python3.9/site-packages/airflow/example_dags/example_branch_operator.py
[2025-05-13T02:45:37.977+0000] {processor.py:753} INFO - DAG(s) dict_keys(['example_branch_operator']) retrieved from /home/airflow/.local/lib/python3.9/site-packages/airflow/example_dags/example_branch_operator.py
[2025-05-13T02:45:38.115+0000] {logging_mixin.py:137} INFO - [2025-05-13T02:45:38.115+0000] {manager.py:504} INFO - Created Permission View: can delete on DAG:example_branch_operator
[2025-05-13T02:45:38.122+0000] {logging_mixin.py:137} INFO - [2025-05-13T02:45:38.122+0000] {manager.py:504} INFO - Created Permission View: can edit on DAG:example_branch_operator
[2025-05-13T02:45:38.128+0000] {logging_mixin.py:137} INFO - [2025-05-13T02:45:38.128+0000] {manager.py:504} INFO - Created Permission View: can read on DAG:example_branch_operator
[2025-05-13T02:45:38.128+0000] {logging_mixin.py:137} INFO - [2025-05-13T02:45:38.128+0000] {dag.py:2676} INFO - Sync 1 DAGs
[2025-05-13T02:45:38.140+0000] {logging_mixin.py:137} INFO - [2025-05-13T02:45:38.140+0000] {dag.py:2697} INFO - Creating ORM DAG for example_branch_operator
[2025-05-13T02:45:38.152+0000] {logging_mixin.py:137} INFO - [2025-05-13T02:45:38.152+0000] {dag.py:3423} INFO - Setting next_dagrun for example_branch_operator to 2025-05-12T00:00:00+00:00, run_after=2025-05-13T00:00:00+00:00
[2025-05-13T02:45:38.170+0000] {processor.py:175} INFO - Processing /home/airflow/.local/lib/python3.9/site-packages/airflow/example_dags/example_branch_operator.py took 0.218 seconds
[2025-05-13T02:46:08.458+0000] {processor.py:153} INFO - Started process (PID=392) to work on /home/airflow/.local/lib/python3.9/site-packages/airflow/example_dags/example_branch_operator.py
[2025-05-13T02:46:08.460+0000] {processor.py:743} INFO - Processing file /home/airflow/.local/lib/python3.9/site-packages/airflow/example_dags/example_branch_operator.py for tasks to queue
[2025-05-13T02:46:08.462+0000] {logging_mixin.py:137} INFO - [2025-05-13T02:46:08.461+0000] {dagbag.py:538} INFO - Filling up the DagBag from /home/airflow/.local/lib/python3.9/site-packages/airflow/example_dags/example_branch_operator.py
[2025-05-13T02:46:08.509+0000] {processor.py:753} INFO - DAG(s) dict_keys(['example_branch_operator']) retrieved from /home/airflow/.local/lib/python3.9/site-packages/airflow/example_dags/example_branch_operator.py
[2025-05-13T02:46:08.580+0000] {logging_mixin.py:137} INFO - [2025-05-13T02:46:08.580+0000] {dag.py:2676} INFO - Sync 1 DAGs
[2025-05-13T02:46:08.695+0000] {logging_mixin.py:137} INFO - [2025-05-13T02:46:08.695+0000] {dag.py:3423} INFO - Setting next_dagrun for example_branch_operator to 2025-05-12T00:00:00+00:00, run_after=2025-05-13T00:00:00+00:00
[2025-05-13T02:46:08.726+0000] {processor.py:175} INFO - Processing /home/airflow/.local/lib/python3.9/site-packages/airflow/example_dags/example_branch_operator.py took 0.273 seconds
[2025-05-13T02:46:38.813+0000] {processor.py:153} INFO - Started process (PID=592) to work on /home/airflow/.local/lib/python3.9/site-packages/airflow/example_dags/example_branch_operator.py
[2025-05-13T02:46:38.814+0000] {processor.py:743} INFO - Processing file /home/airflow/.local/lib/python3.9/site-packages/airflow/example_dags/example_branch_operator.py for tasks to queue
[2025-05-13T02:46:38.815+0000] {logging_mixin.py:137} INFO - [2025-05-13T02:46:38.815+0000] {dagbag.py:538} INFO - Filling up the DagBag from /home/airflow/.local/lib/python3.9/site-packages/airflow/example_dags/example_branch_operator.py
[2025-05-13T02:46:38.840+0000] {processor.py:753} INFO - DAG(s) dict_keys(['example_branch_operator']) retrieved from /home/airflow/.local/lib/python3.9/site-packages/airflow/example_dags/example_branch_operator.py
[2025-05-13T02:46:38.898+0000] {logging_mixin.py:137} INFO - [2025-05-13T02:46:38.897+0000] {dag.py:2676} INFO - Sync 1 DAGs
[2025-05-13T02:46:38.936+0000] {logging_mixin.py:137} INFO - [2025-05-13T02:46:38.936+0000] {dag.py:3423} INFO - Setting next_dagrun for example_branch_operator to 2025-05-12T00:00:00+00:00, run_after=2025-05-13T00:00:00+00:00
[2025-05-13T02:46:38.963+0000] {processor.py:175} INFO - Processing /home/airflow/.local/lib/python3.9/site-packages/airflow/example_dags/example_branch_operator.py took 0.157 seconds
[2025-05-13T02:47:09.735+0000] {processor.py:153} INFO - Started process (PID=800) to work on /home/airflow/.local/lib/python3.9/site-packages/airflow/example_dags/example_branch_operator.py
[2025-05-13T02:47:09.737+0000] {processor.py:743} INFO - Processing file /home/airflow/.local/lib/python3.9/site-packages/airflow/example_dags/example_branch_operator.py for tasks to queue
[2025-05-13T02:47:09.738+0000] {logging_mixin.py:137} INFO - [2025-05-13T02:47:09.738+0000] {dagbag.py:538} INFO - Filling up the DagBag from /home/airflow/.local/lib/python3.9/site-packages/airflow/example_dags/example_branch_operator.py
[2025-05-13T02:47:09.764+0000] {processor.py:753} INFO - DAG(s) dict_keys(['example_branch_operator']) retrieved from /home/airflow/.local/lib/python3.9/site-packages/airflow/example_dags/example_branch_operator.py
[2025-05-13T02:47:09.816+0000] {logging_mixin.py:137} INFO - [2025-05-13T02:47:09.816+0000] {dag.py:2676} INFO - Sync 1 DAGs
[2025-05-13T02:47:09.848+0000] {logging_mixin.py:137} INFO - [2025-05-13T02:47:09.847+0000] {dag.py:3423} INFO - Setting next_dagrun for example_branch_operator to 2025-05-12T00:00:00+00:00, run_after=2025-05-13T00:00:00+00:00
[2025-05-13T02:47:09.869+0000] {processor.py:175} INFO - Processing /home/airflow/.local/lib/python3.9/site-packages/airflow/example_dags/example_branch_operator.py took 0.138 seconds
[2025-05-13T02:47:40.250+0000] {processor.py:153} INFO - Started process (PID=1003) to work on /home/airflow/.local/lib/python3.9/site-packages/airflow/example_dags/example_branch_operator.py
[2025-05-13T02:47:40.251+0000] {processor.py:743} INFO - Processing file /home/airflow/.local/lib/python3.9/site-packages/airflow/example_dags/example_branch_operator.py for tasks to queue
[2025-05-13T02:47:40.252+0000] {logging_mixin.py:137} INFO - [2025-05-13T02:47:40.252+0000] {dagbag.py:538} INFO - Filling up the DagBag from /home/airflow/.local/lib/python3.9/site-packages/airflow/example_dags/example_branch_operator.py
[2025-05-13T02:47:40.278+0000] {processor.py:753} INFO - DAG(s) dict_keys(['example_branch_operator']) retrieved from /home/airflow/.local/lib/python3.9/site-packages/airflow/example_dags/example_branch_operator.py
[2025-05-13T02:47:40.452+0000] {logging_mixin.py:137} INFO - [2025-05-13T02:47:40.452+0000] {dag.py:2676} INFO - Sync 1 DAGs
[2025-05-13T02:47:40.498+0000] {logging_mixin.py:137} INFO - [2025-05-13T02:47:40.498+0000] {dag.py:3423} INFO - Setting next_dagrun for example_branch_operator to 2025-05-12T00:00:00+00:00, run_after=2025-05-13T00:00:00+00:00
[2025-05-13T02:47:40.545+0000] {processor.py:175} INFO - Processing /home/airflow/.local/lib/python3.9/site-packages/airflow/example_dags/example_branch_operator.py took 0.301 seconds
[2025-05-13T02:48:10.831+0000] {processor.py:153} INFO - Started process (PID=1204) to work on /home/airflow/.local/lib/python3.9/site-packages/airflow/example_dags/example_branch_operator.py
[2025-05-13T02:48:10.833+0000] {processor.py:743} INFO - Processing file /home/airflow/.local/lib/python3.9/site-packages/airflow/example_dags/example_branch_operator.py for tasks to queue
[2025-05-13T02:48:10.834+0000] {logging_mixin.py:137} INFO - [2025-05-13T02:48:10.834+0000] {dagbag.py:538} INFO - Filling up the DagBag from /home/airflow/.local/lib/python3.9/site-packages/airflow/example_dags/example_branch_operator.py
[2025-05-13T02:48:10.877+0000] {processor.py:753} INFO - DAG(s) dict_keys(['example_branch_operator']) retrieved from /home/airflow/.local/lib/python3.9/site-packages/airflow/example_dags/example_branch_operator.py
[2025-05-13T02:48:11.031+0000] {logging_mixin.py:137} INFO - [2025-05-13T02:48:11.030+0000] {dag.py:2676} INFO - Sync 1 DAGs
[2025-05-13T02:48:11.063+0000] {logging_mixin.py:137} INFO - [2025-05-13T02:48:11.063+0000] {dag.py:3423} INFO - Setting next_dagrun for example_branch_operator to 2025-05-12T00:00:00+00:00, run_after=2025-05-13T00:00:00+00:00
[2025-05-13T02:48:11.087+0000] {processor.py:175} INFO - Processing /home/airflow/.local/lib/python3.9/site-packages/airflow/example_dags/example_branch_operator.py took 0.260 seconds
[2025-05-13T02:49:24.861+0000] {processor.py:153} INFO - Started process (PID=217) to work on /home/airflow/.local/lib/python3.9/site-packages/airflow/example_dags/example_branch_operator.py
[2025-05-13T02:49:24.865+0000] {processor.py:743} INFO - Processing file /home/airflow/.local/lib/python3.9/site-packages/airflow/example_dags/example_branch_operator.py for tasks to queue
[2025-05-13T02:49:24.868+0000] {logging_mixin.py:137} INFO - [2025-05-13T02:49:24.867+0000] {dagbag.py:538} INFO - Filling up the DagBag from /home/airflow/.local/lib/python3.9/site-packages/airflow/example_dags/example_branch_operator.py
[2025-05-13T02:49:24.930+0000] {processor.py:753} INFO - DAG(s) dict_keys(['example_branch_operator']) retrieved from /home/airflow/.local/lib/python3.9/site-packages/airflow/example_dags/example_branch_operator.py
[2025-05-13T02:49:25.010+0000] {logging_mixin.py:137} INFO - [2025-05-13T02:49:25.009+0000] {dag.py:2676} INFO - Sync 1 DAGs
[2025-05-13T02:49:25.086+0000] {logging_mixin.py:137} INFO - [2025-05-13T02:49:25.086+0000] {dag.py:3423} INFO - Setting next_dagrun for example_branch_operator to 2025-05-12T00:00:00+00:00, run_after=2025-05-13T00:00:00+00:00
[2025-05-13T02:49:25.119+0000] {processor.py:175} INFO - Processing /home/airflow/.local/lib/python3.9/site-packages/airflow/example_dags/example_branch_operator.py took 0.266 seconds
[2025-05-13T02:49:55.999+0000] {processor.py:153} INFO - Started process (PID=416) to work on /home/airflow/.local/lib/python3.9/site-packages/airflow/example_dags/example_branch_operator.py
[2025-05-13T02:49:56.002+0000] {processor.py:743} INFO - Processing file /home/airflow/.local/lib/python3.9/site-packages/airflow/example_dags/example_branch_operator.py for tasks to queue
[2025-05-13T02:49:56.006+0000] {logging_mixin.py:137} INFO - [2025-05-13T02:49:56.006+0000] {dagbag.py:538} INFO - Filling up the DagBag from /home/airflow/.local/lib/python3.9/site-packages/airflow/example_dags/example_branch_operator.py
[2025-05-13T02:49:56.037+0000] {processor.py:753} INFO - DAG(s) dict_keys(['example_branch_operator']) retrieved from /home/airflow/.local/lib/python3.9/site-packages/airflow/example_dags/example_branch_operator.py
[2025-05-13T02:49:56.089+0000] {logging_mixin.py:137} INFO - [2025-05-13T02:49:56.089+0000] {dag.py:2676} INFO - Sync 1 DAGs
[2025-05-13T02:49:56.123+0000] {logging_mixin.py:137} INFO - [2025-05-13T02:49:56.123+0000] {dag.py:3423} INFO - Setting next_dagrun for example_branch_operator to 2025-05-12T00:00:00+00:00, run_after=2025-05-13T00:00:00+00:00
[2025-05-13T02:49:56.151+0000] {processor.py:175} INFO - Processing /home/airflow/.local/lib/python3.9/site-packages/airflow/example_dags/example_branch_operator.py took 0.158 seconds
[2025-05-13T02:50:26.276+0000] {processor.py:153} INFO - Started process (PID=619) to work on /home/airflow/.local/lib/python3.9/site-packages/airflow/example_dags/example_branch_operator.py
[2025-05-13T02:50:26.277+0000] {processor.py:743} INFO - Processing file /home/airflow/.local/lib/python3.9/site-packages/airflow/example_dags/example_branch_operator.py for tasks to queue
[2025-05-13T02:50:26.278+0000] {logging_mixin.py:137} INFO - [2025-05-13T02:50:26.278+0000] {dagbag.py:538} INFO - Filling up the DagBag from /home/airflow/.local/lib/python3.9/site-packages/airflow/example_dags/example_branch_operator.py
[2025-05-13T02:50:26.303+0000] {processor.py:753} INFO - DAG(s) dict_keys(['example_branch_operator']) retrieved from /home/airflow/.local/lib/python3.9/site-packages/airflow/example_dags/example_branch_operator.py
[2025-05-13T02:50:26.358+0000] {logging_mixin.py:137} INFO - [2025-05-13T02:50:26.358+0000] {dag.py:2676} INFO - Sync 1 DAGs
[2025-05-13T02:50:26.387+0000] {logging_mixin.py:137} INFO - [2025-05-13T02:50:26.387+0000] {dag.py:3423} INFO - Setting next_dagrun for example_branch_operator to 2025-05-12T00:00:00+00:00, run_after=2025-05-13T00:00:00+00:00
[2025-05-13T02:50:26.410+0000] {processor.py:175} INFO - Processing /home/airflow/.local/lib/python3.9/site-packages/airflow/example_dags/example_branch_operator.py took 0.138 seconds
[2025-05-13T21:18:22.220+0000] {processor.py:153} INFO - Started process (PID=195) to work on /home/airflow/.local/lib/python3.9/site-packages/airflow/example_dags/example_branch_operator.py
[2025-05-13T21:18:22.222+0000] {processor.py:743} INFO - Processing file /home/airflow/.local/lib/python3.9/site-packages/airflow/example_dags/example_branch_operator.py for tasks to queue
[2025-05-13T21:18:22.224+0000] {logging_mixin.py:137} INFO - [2025-05-13T21:18:22.224+0000] {dagbag.py:538} INFO - Filling up the DagBag from /home/airflow/.local/lib/python3.9/site-packages/airflow/example_dags/example_branch_operator.py
[2025-05-13T21:18:22.268+0000] {processor.py:753} INFO - DAG(s) dict_keys(['example_branch_operator']) retrieved from /home/airflow/.local/lib/python3.9/site-packages/airflow/example_dags/example_branch_operator.py
[2025-05-13T21:18:22.473+0000] {logging_mixin.py:137} INFO - [2025-05-13T21:18:22.473+0000] {manager.py:504} INFO - Created Permission View: can edit on DAG:example_branch_operator
[2025-05-13T21:18:22.483+0000] {logging_mixin.py:137} INFO - [2025-05-13T21:18:22.483+0000] {manager.py:504} INFO - Created Permission View: can delete on DAG:example_branch_operator
[2025-05-13T21:18:22.490+0000] {logging_mixin.py:137} INFO - [2025-05-13T21:18:22.490+0000] {manager.py:504} INFO - Created Permission View: can read on DAG:example_branch_operator
[2025-05-13T21:18:22.491+0000] {logging_mixin.py:137} INFO - [2025-05-13T21:18:22.491+0000] {dag.py:2676} INFO - Sync 1 DAGs
[2025-05-13T21:18:22.504+0000] {logging_mixin.py:137} INFO - [2025-05-13T21:18:22.504+0000] {dag.py:2697} INFO - Creating ORM DAG for example_branch_operator
[2025-05-13T21:18:22.519+0000] {logging_mixin.py:137} INFO - [2025-05-13T21:18:22.519+0000] {dag.py:3423} INFO - Setting next_dagrun for example_branch_operator to 2025-05-12T00:00:00+00:00, run_after=2025-05-13T00:00:00+00:00
[2025-05-13T21:18:22.544+0000] {processor.py:175} INFO - Processing /home/airflow/.local/lib/python3.9/site-packages/airflow/example_dags/example_branch_operator.py took 0.329 seconds
[2025-05-13T21:18:53.458+0000] {processor.py:153} INFO - Started process (PID=394) to work on /home/airflow/.local/lib/python3.9/site-packages/airflow/example_dags/example_branch_operator.py
[2025-05-13T21:18:53.459+0000] {processor.py:743} INFO - Processing file /home/airflow/.local/lib/python3.9/site-packages/airflow/example_dags/example_branch_operator.py for tasks to queue
[2025-05-13T21:18:53.460+0000] {logging_mixin.py:137} INFO - [2025-05-13T21:18:53.460+0000] {dagbag.py:538} INFO - Filling up the DagBag from /home/airflow/.local/lib/python3.9/site-packages/airflow/example_dags/example_branch_operator.py
[2025-05-13T21:18:53.496+0000] {processor.py:753} INFO - DAG(s) dict_keys(['example_branch_operator']) retrieved from /home/airflow/.local/lib/python3.9/site-packages/airflow/example_dags/example_branch_operator.py
[2025-05-13T21:18:53.557+0000] {logging_mixin.py:137} INFO - [2025-05-13T21:18:53.557+0000] {dag.py:2676} INFO - Sync 1 DAGs
[2025-05-13T21:18:53.591+0000] {logging_mixin.py:137} INFO - [2025-05-13T21:18:53.590+0000] {dag.py:3423} INFO - Setting next_dagrun for example_branch_operator to 2025-05-12T00:00:00+00:00, run_after=2025-05-13T00:00:00+00:00
[2025-05-13T21:18:53.628+0000] {processor.py:175} INFO - Processing /home/airflow/.local/lib/python3.9/site-packages/airflow/example_dags/example_branch_operator.py took 0.175 seconds
[2025-05-13T21:19:24.183+0000] {processor.py:153} INFO - Started process (PID=597) to work on /home/airflow/.local/lib/python3.9/site-packages/airflow/example_dags/example_branch_operator.py
[2025-05-13T21:19:24.185+0000] {processor.py:743} INFO - Processing file /home/airflow/.local/lib/python3.9/site-packages/airflow/example_dags/example_branch_operator.py for tasks to queue
[2025-05-13T21:19:24.186+0000] {logging_mixin.py:137} INFO - [2025-05-13T21:19:24.186+0000] {dagbag.py:538} INFO - Filling up the DagBag from /home/airflow/.local/lib/python3.9/site-packages/airflow/example_dags/example_branch_operator.py
[2025-05-13T21:19:24.223+0000] {processor.py:753} INFO - DAG(s) dict_keys(['example_branch_operator']) retrieved from /home/airflow/.local/lib/python3.9/site-packages/airflow/example_dags/example_branch_operator.py
[2025-05-13T21:19:24.283+0000] {logging_mixin.py:137} INFO - [2025-05-13T21:19:24.282+0000] {dag.py:2676} INFO - Sync 1 DAGs
[2025-05-13T21:19:24.341+0000] {logging_mixin.py:137} INFO - [2025-05-13T21:19:24.340+0000] {dag.py:3423} INFO - Setting next_dagrun for example_branch_operator to 2025-05-12T00:00:00+00:00, run_after=2025-05-13T00:00:00+00:00
[2025-05-13T21:19:24.380+0000] {processor.py:175} INFO - Processing /home/airflow/.local/lib/python3.9/site-packages/airflow/example_dags/example_branch_operator.py took 0.201 seconds
[2025-05-13T21:19:54.618+0000] {processor.py:153} INFO - Started process (PID=800) to work on /home/airflow/.local/lib/python3.9/site-packages/airflow/example_dags/example_branch_operator.py
[2025-05-13T21:19:54.619+0000] {processor.py:743} INFO - Processing file /home/airflow/.local/lib/python3.9/site-packages/airflow/example_dags/example_branch_operator.py for tasks to queue
[2025-05-13T21:19:54.620+0000] {logging_mixin.py:137} INFO - [2025-05-13T21:19:54.620+0000] {dagbag.py:538} INFO - Filling up the DagBag from /home/airflow/.local/lib/python3.9/site-packages/airflow/example_dags/example_branch_operator.py
[2025-05-13T21:19:54.646+0000] {processor.py:753} INFO - DAG(s) dict_keys(['example_branch_operator']) retrieved from /home/airflow/.local/lib/python3.9/site-packages/airflow/example_dags/example_branch_operator.py
[2025-05-13T21:19:54.709+0000] {logging_mixin.py:137} INFO - [2025-05-13T21:19:54.709+0000] {dag.py:2676} INFO - Sync 1 DAGs
[2025-05-13T21:19:54.745+0000] {logging_mixin.py:137} INFO - [2025-05-13T21:19:54.745+0000] {dag.py:3423} INFO - Setting next_dagrun for example_branch_operator to 2025-05-12T00:00:00+00:00, run_after=2025-05-13T00:00:00+00:00
[2025-05-13T21:19:54.774+0000] {processor.py:175} INFO - Processing /home/airflow/.local/lib/python3.9/site-packages/airflow/example_dags/example_branch_operator.py took 0.161 seconds
[2025-05-13T21:20:24.943+0000] {processor.py:153} INFO - Started process (PID=1003) to work on /home/airflow/.local/lib/python3.9/site-packages/airflow/example_dags/example_branch_operator.py
[2025-05-13T21:20:24.945+0000] {processor.py:743} INFO - Processing file /home/airflow/.local/lib/python3.9/site-packages/airflow/example_dags/example_branch_operator.py for tasks to queue
[2025-05-13T21:20:24.946+0000] {logging_mixin.py:137} INFO - [2025-05-13T21:20:24.946+0000] {dagbag.py:538} INFO - Filling up the DagBag from /home/airflow/.local/lib/python3.9/site-packages/airflow/example_dags/example_branch_operator.py
[2025-05-13T21:20:24.980+0000] {processor.py:753} INFO - DAG(s) dict_keys(['example_branch_operator']) retrieved from /home/airflow/.local/lib/python3.9/site-packages/airflow/example_dags/example_branch_operator.py
[2025-05-13T21:20:25.056+0000] {logging_mixin.py:137} INFO - [2025-05-13T21:20:25.056+0000] {dag.py:2676} INFO - Sync 1 DAGs
[2025-05-13T21:20:25.095+0000] {logging_mixin.py:137} INFO - [2025-05-13T21:20:25.095+0000] {dag.py:3423} INFO - Setting next_dagrun for example_branch_operator to 2025-05-12T00:00:00+00:00, run_after=2025-05-13T00:00:00+00:00
[2025-05-13T21:20:25.129+0000] {processor.py:175} INFO - Processing /home/airflow/.local/lib/python3.9/site-packages/airflow/example_dags/example_branch_operator.py took 0.190 seconds
[2025-05-13T21:20:55.414+0000] {processor.py:153} INFO - Started process (PID=1216) to work on /home/airflow/.local/lib/python3.9/site-packages/airflow/example_dags/example_branch_operator.py
[2025-05-13T21:20:55.415+0000] {processor.py:743} INFO - Processing file /home/airflow/.local/lib/python3.9/site-packages/airflow/example_dags/example_branch_operator.py for tasks to queue
[2025-05-13T21:20:55.416+0000] {logging_mixin.py:137} INFO - [2025-05-13T21:20:55.416+0000] {dagbag.py:538} INFO - Filling up the DagBag from /home/airflow/.local/lib/python3.9/site-packages/airflow/example_dags/example_branch_operator.py
[2025-05-13T21:20:55.441+0000] {processor.py:753} INFO - DAG(s) dict_keys(['example_branch_operator']) retrieved from /home/airflow/.local/lib/python3.9/site-packages/airflow/example_dags/example_branch_operator.py
[2025-05-13T21:20:55.495+0000] {logging_mixin.py:137} INFO - [2025-05-13T21:20:55.494+0000] {dag.py:2676} INFO - Sync 1 DAGs
[2025-05-13T21:20:55.527+0000] {logging_mixin.py:137} INFO - [2025-05-13T21:20:55.527+0000] {dag.py:3423} INFO - Setting next_dagrun for example_branch_operator to 2025-05-12T00:00:00+00:00, run_after=2025-05-13T00:00:00+00:00
[2025-05-13T21:20:55.550+0000] {processor.py:175} INFO - Processing /home/airflow/.local/lib/python3.9/site-packages/airflow/example_dags/example_branch_operator.py took 0.140 seconds
[2025-05-13T21:21:25.781+0000] {processor.py:153} INFO - Started process (PID=1419) to work on /home/airflow/.local/lib/python3.9/site-packages/airflow/example_dags/example_branch_operator.py
[2025-05-13T21:21:25.783+0000] {processor.py:743} INFO - Processing file /home/airflow/.local/lib/python3.9/site-packages/airflow/example_dags/example_branch_operator.py for tasks to queue
[2025-05-13T21:21:25.784+0000] {logging_mixin.py:137} INFO - [2025-05-13T21:21:25.783+0000] {dagbag.py:538} INFO - Filling up the DagBag from /home/airflow/.local/lib/python3.9/site-packages/airflow/example_dags/example_branch_operator.py
[2025-05-13T21:21:25.808+0000] {processor.py:753} INFO - DAG(s) dict_keys(['example_branch_operator']) retrieved from /home/airflow/.local/lib/python3.9/site-packages/airflow/example_dags/example_branch_operator.py
[2025-05-13T21:21:25.873+0000] {logging_mixin.py:137} INFO - [2025-05-13T21:21:25.873+0000] {dag.py:2676} INFO - Sync 1 DAGs
[2025-05-13T21:21:25.908+0000] {logging_mixin.py:137} INFO - [2025-05-13T21:21:25.907+0000] {dag.py:3423} INFO - Setting next_dagrun for example_branch_operator to 2025-05-12T00:00:00+00:00, run_after=2025-05-13T00:00:00+00:00
[2025-05-13T21:21:25.934+0000] {processor.py:175} INFO - Processing /home/airflow/.local/lib/python3.9/site-packages/airflow/example_dags/example_branch_operator.py took 0.157 seconds
[2025-05-13T21:21:56.696+0000] {processor.py:153} INFO - Started process (PID=1622) to work on /home/airflow/.local/lib/python3.9/site-packages/airflow/example_dags/example_branch_operator.py
[2025-05-13T21:21:56.698+0000] {processor.py:743} INFO - Processing file /home/airflow/.local/lib/python3.9/site-packages/airflow/example_dags/example_branch_operator.py for tasks to queue
[2025-05-13T21:21:56.698+0000] {logging_mixin.py:137} INFO - [2025-05-13T21:21:56.698+0000] {dagbag.py:538} INFO - Filling up the DagBag from /home/airflow/.local/lib/python3.9/site-packages/airflow/example_dags/example_branch_operator.py
[2025-05-13T21:21:56.722+0000] {processor.py:753} INFO - DAG(s) dict_keys(['example_branch_operator']) retrieved from /home/airflow/.local/lib/python3.9/site-packages/airflow/example_dags/example_branch_operator.py
[2025-05-13T21:21:56.774+0000] {logging_mixin.py:137} INFO - [2025-05-13T21:21:56.774+0000] {dag.py:2676} INFO - Sync 1 DAGs
[2025-05-13T21:21:56.803+0000] {logging_mixin.py:137} INFO - [2025-05-13T21:21:56.803+0000] {dag.py:3423} INFO - Setting next_dagrun for example_branch_operator to 2025-05-12T00:00:00+00:00, run_after=2025-05-13T00:00:00+00:00
[2025-05-13T21:21:56.824+0000] {processor.py:175} INFO - Processing /home/airflow/.local/lib/python3.9/site-packages/airflow/example_dags/example_branch_operator.py took 0.132 seconds
[2025-05-13T21:22:27.022+0000] {processor.py:153} INFO - Started process (PID=1825) to work on /home/airflow/.local/lib/python3.9/site-packages/airflow/example_dags/example_branch_operator.py
[2025-05-13T21:22:27.024+0000] {processor.py:743} INFO - Processing file /home/airflow/.local/lib/python3.9/site-packages/airflow/example_dags/example_branch_operator.py for tasks to queue
[2025-05-13T21:22:27.027+0000] {logging_mixin.py:137} INFO - [2025-05-13T21:22:27.027+0000] {dagbag.py:538} INFO - Filling up the DagBag from /home/airflow/.local/lib/python3.9/site-packages/airflow/example_dags/example_branch_operator.py
[2025-05-13T21:22:27.055+0000] {processor.py:753} INFO - DAG(s) dict_keys(['example_branch_operator']) retrieved from /home/airflow/.local/lib/python3.9/site-packages/airflow/example_dags/example_branch_operator.py
[2025-05-13T21:22:27.121+0000] {logging_mixin.py:137} INFO - [2025-05-13T21:22:27.121+0000] {dag.py:2676} INFO - Sync 1 DAGs
[2025-05-13T21:22:27.160+0000] {logging_mixin.py:137} INFO - [2025-05-13T21:22:27.159+0000] {dag.py:3423} INFO - Setting next_dagrun for example_branch_operator to 2025-05-12T00:00:00+00:00, run_after=2025-05-13T00:00:00+00:00
[2025-05-13T21:22:27.190+0000] {processor.py:175} INFO - Processing /home/airflow/.local/lib/python3.9/site-packages/airflow/example_dags/example_branch_operator.py took 0.173 seconds
[2025-05-13T21:22:57.349+0000] {processor.py:153} INFO - Started process (PID=2028) to work on /home/airflow/.local/lib/python3.9/site-packages/airflow/example_dags/example_branch_operator.py
[2025-05-13T21:22:57.351+0000] {processor.py:743} INFO - Processing file /home/airflow/.local/lib/python3.9/site-packages/airflow/example_dags/example_branch_operator.py for tasks to queue
[2025-05-13T21:22:57.353+0000] {logging_mixin.py:137} INFO - [2025-05-13T21:22:57.352+0000] {dagbag.py:538} INFO - Filling up the DagBag from /home/airflow/.local/lib/python3.9/site-packages/airflow/example_dags/example_branch_operator.py
[2025-05-13T21:22:57.384+0000] {processor.py:753} INFO - DAG(s) dict_keys(['example_branch_operator']) retrieved from /home/airflow/.local/lib/python3.9/site-packages/airflow/example_dags/example_branch_operator.py
[2025-05-13T21:22:57.440+0000] {logging_mixin.py:137} INFO - [2025-05-13T21:22:57.439+0000] {dag.py:2676} INFO - Sync 1 DAGs
[2025-05-13T21:22:57.475+0000] {logging_mixin.py:137} INFO - [2025-05-13T21:22:57.475+0000] {dag.py:3423} INFO - Setting next_dagrun for example_branch_operator to 2025-05-12T00:00:00+00:00, run_after=2025-05-13T00:00:00+00:00
[2025-05-13T21:22:57.499+0000] {processor.py:175} INFO - Processing /home/airflow/.local/lib/python3.9/site-packages/airflow/example_dags/example_branch_operator.py took 0.155 seconds
[2025-05-13T21:23:28.217+0000] {processor.py:153} INFO - Started process (PID=2228) to work on /home/airflow/.local/lib/python3.9/site-packages/airflow/example_dags/example_branch_operator.py
[2025-05-13T21:23:28.218+0000] {processor.py:743} INFO - Processing file /home/airflow/.local/lib/python3.9/site-packages/airflow/example_dags/example_branch_operator.py for tasks to queue
[2025-05-13T21:23:28.219+0000] {logging_mixin.py:137} INFO - [2025-05-13T21:23:28.219+0000] {dagbag.py:538} INFO - Filling up the DagBag from /home/airflow/.local/lib/python3.9/site-packages/airflow/example_dags/example_branch_operator.py
[2025-05-13T21:23:28.251+0000] {processor.py:753} INFO - DAG(s) dict_keys(['example_branch_operator']) retrieved from /home/airflow/.local/lib/python3.9/site-packages/airflow/example_dags/example_branch_operator.py
[2025-05-13T21:23:28.351+0000] {logging_mixin.py:137} INFO - [2025-05-13T21:23:28.350+0000] {dag.py:2676} INFO - Sync 1 DAGs
[2025-05-13T21:23:28.385+0000] {logging_mixin.py:137} INFO - [2025-05-13T21:23:28.385+0000] {dag.py:3423} INFO - Setting next_dagrun for example_branch_operator to 2025-05-12T00:00:00+00:00, run_after=2025-05-13T00:00:00+00:00
[2025-05-13T21:23:28.412+0000] {processor.py:175} INFO - Processing /home/airflow/.local/lib/python3.9/site-packages/airflow/example_dags/example_branch_operator.py took 0.199 seconds
[2025-05-13T21:23:58.690+0000] {processor.py:153} INFO - Started process (PID=2428) to work on /home/airflow/.local/lib/python3.9/site-packages/airflow/example_dags/example_branch_operator.py
[2025-05-13T21:23:58.691+0000] {processor.py:743} INFO - Processing file /home/airflow/.local/lib/python3.9/site-packages/airflow/example_dags/example_branch_operator.py for tasks to queue
[2025-05-13T21:23:58.692+0000] {logging_mixin.py:137} INFO - [2025-05-13T21:23:58.692+0000] {dagbag.py:538} INFO - Filling up the DagBag from /home/airflow/.local/lib/python3.9/site-packages/airflow/example_dags/example_branch_operator.py
[2025-05-13T21:23:58.716+0000] {processor.py:753} INFO - DAG(s) dict_keys(['example_branch_operator']) retrieved from /home/airflow/.local/lib/python3.9/site-packages/airflow/example_dags/example_branch_operator.py
[2025-05-13T21:23:58.768+0000] {logging_mixin.py:137} INFO - [2025-05-13T21:23:58.768+0000] {dag.py:2676} INFO - Sync 1 DAGs
[2025-05-13T21:23:58.798+0000] {logging_mixin.py:137} INFO - [2025-05-13T21:23:58.798+0000] {dag.py:3423} INFO - Setting next_dagrun for example_branch_operator to 2025-05-12T00:00:00+00:00, run_after=2025-05-13T00:00:00+00:00
[2025-05-13T21:23:58.818+0000] {processor.py:175} INFO - Processing /home/airflow/.local/lib/python3.9/site-packages/airflow/example_dags/example_branch_operator.py took 0.133 seconds
[2025-05-13T21:24:29.397+0000] {processor.py:153} INFO - Started process (PID=2631) to work on /home/airflow/.local/lib/python3.9/site-packages/airflow/example_dags/example_branch_operator.py
[2025-05-13T21:24:29.398+0000] {processor.py:743} INFO - Processing file /home/airflow/.local/lib/python3.9/site-packages/airflow/example_dags/example_branch_operator.py for tasks to queue
[2025-05-13T21:24:29.399+0000] {logging_mixin.py:137} INFO - [2025-05-13T21:24:29.399+0000] {dagbag.py:538} INFO - Filling up the DagBag from /home/airflow/.local/lib/python3.9/site-packages/airflow/example_dags/example_branch_operator.py
[2025-05-13T21:24:29.424+0000] {processor.py:753} INFO - DAG(s) dict_keys(['example_branch_operator']) retrieved from /home/airflow/.local/lib/python3.9/site-packages/airflow/example_dags/example_branch_operator.py
[2025-05-13T21:24:29.481+0000] {logging_mixin.py:137} INFO - [2025-05-13T21:24:29.480+0000] {dag.py:2676} INFO - Sync 1 DAGs
[2025-05-13T21:24:29.514+0000] {logging_mixin.py:137} INFO - [2025-05-13T21:24:29.514+0000] {dag.py:3423} INFO - Setting next_dagrun for example_branch_operator to 2025-05-12T00:00:00+00:00, run_after=2025-05-13T00:00:00+00:00
[2025-05-13T21:24:29.537+0000] {processor.py:175} INFO - Processing /home/airflow/.local/lib/python3.9/site-packages/airflow/example_dags/example_branch_operator.py took 0.144 seconds
[2025-05-13T21:25:00.140+0000] {processor.py:153} INFO - Started process (PID=2834) to work on /home/airflow/.local/lib/python3.9/site-packages/airflow/example_dags/example_branch_operator.py
[2025-05-13T21:25:00.141+0000] {processor.py:743} INFO - Processing file /home/airflow/.local/lib/python3.9/site-packages/airflow/example_dags/example_branch_operator.py for tasks to queue
[2025-05-13T21:25:00.142+0000] {logging_mixin.py:137} INFO - [2025-05-13T21:25:00.142+0000] {dagbag.py:538} INFO - Filling up the DagBag from /home/airflow/.local/lib/python3.9/site-packages/airflow/example_dags/example_branch_operator.py
[2025-05-13T21:25:00.161+0000] {processor.py:753} INFO - DAG(s) dict_keys(['example_branch_operator']) retrieved from /home/airflow/.local/lib/python3.9/site-packages/airflow/example_dags/example_branch_operator.py
[2025-05-13T21:25:00.205+0000] {logging_mixin.py:137} INFO - [2025-05-13T21:25:00.205+0000] {dag.py:2676} INFO - Sync 1 DAGs
[2025-05-13T21:25:00.234+0000] {logging_mixin.py:137} INFO - [2025-05-13T21:25:00.234+0000] {dag.py:3423} INFO - Setting next_dagrun for example_branch_operator to 2025-05-12T00:00:00+00:00, run_after=2025-05-13T00:00:00+00:00
[2025-05-13T21:25:00.254+0000] {processor.py:175} INFO - Processing /home/airflow/.local/lib/python3.9/site-packages/airflow/example_dags/example_branch_operator.py took 0.118 seconds
[2025-05-13T21:25:30.689+0000] {processor.py:153} INFO - Started process (PID=3037) to work on /home/airflow/.local/lib/python3.9/site-packages/airflow/example_dags/example_branch_operator.py
[2025-05-13T21:25:30.696+0000] {processor.py:743} INFO - Processing file /home/airflow/.local/lib/python3.9/site-packages/airflow/example_dags/example_branch_operator.py for tasks to queue
[2025-05-13T21:25:30.697+0000] {logging_mixin.py:137} INFO - [2025-05-13T21:25:30.697+0000] {dagbag.py:538} INFO - Filling up the DagBag from /home/airflow/.local/lib/python3.9/site-packages/airflow/example_dags/example_branch_operator.py
[2025-05-13T21:25:30.726+0000] {processor.py:753} INFO - DAG(s) dict_keys(['example_branch_operator']) retrieved from /home/airflow/.local/lib/python3.9/site-packages/airflow/example_dags/example_branch_operator.py
[2025-05-13T21:25:30.780+0000] {logging_mixin.py:137} INFO - [2025-05-13T21:25:30.780+0000] {dag.py:2676} INFO - Sync 1 DAGs
[2025-05-13T21:25:30.814+0000] {logging_mixin.py:137} INFO - [2025-05-13T21:25:30.814+0000] {dag.py:3423} INFO - Setting next_dagrun for example_branch_operator to 2025-05-12T00:00:00+00:00, run_after=2025-05-13T00:00:00+00:00
[2025-05-13T21:25:30.840+0000] {processor.py:175} INFO - Processing /home/airflow/.local/lib/python3.9/site-packages/airflow/example_dags/example_branch_operator.py took 0.194 seconds
[2025-05-13T21:26:01.192+0000] {processor.py:153} INFO - Started process (PID=3252) to work on /home/airflow/.local/lib/python3.9/site-packages/airflow/example_dags/example_branch_operator.py
[2025-05-13T21:26:01.193+0000] {processor.py:743} INFO - Processing file /home/airflow/.local/lib/python3.9/site-packages/airflow/example_dags/example_branch_operator.py for tasks to queue
[2025-05-13T21:26:01.194+0000] {logging_mixin.py:137} INFO - [2025-05-13T21:26:01.194+0000] {dagbag.py:538} INFO - Filling up the DagBag from /home/airflow/.local/lib/python3.9/site-packages/airflow/example_dags/example_branch_operator.py
[2025-05-13T21:26:01.218+0000] {processor.py:753} INFO - DAG(s) dict_keys(['example_branch_operator']) retrieved from /home/airflow/.local/lib/python3.9/site-packages/airflow/example_dags/example_branch_operator.py
[2025-05-13T21:26:01.279+0000] {logging_mixin.py:137} INFO - [2025-05-13T21:26:01.279+0000] {dag.py:2676} INFO - Sync 1 DAGs
[2025-05-13T21:26:01.316+0000] {logging_mixin.py:137} INFO - [2025-05-13T21:26:01.316+0000] {dag.py:3423} INFO - Setting next_dagrun for example_branch_operator to 2025-05-12T00:00:00+00:00, run_after=2025-05-13T00:00:00+00:00
[2025-05-13T21:26:01.344+0000] {processor.py:175} INFO - Processing /home/airflow/.local/lib/python3.9/site-packages/airflow/example_dags/example_branch_operator.py took 0.156 seconds
[2025-05-13T21:26:31.878+0000] {processor.py:153} INFO - Started process (PID=3455) to work on /home/airflow/.local/lib/python3.9/site-packages/airflow/example_dags/example_branch_operator.py
[2025-05-13T21:26:31.879+0000] {processor.py:743} INFO - Processing file /home/airflow/.local/lib/python3.9/site-packages/airflow/example_dags/example_branch_operator.py for tasks to queue
[2025-05-13T21:26:31.881+0000] {logging_mixin.py:137} INFO - [2025-05-13T21:26:31.880+0000] {dagbag.py:538} INFO - Filling up the DagBag from /home/airflow/.local/lib/python3.9/site-packages/airflow/example_dags/example_branch_operator.py
[2025-05-13T21:26:31.905+0000] {processor.py:753} INFO - DAG(s) dict_keys(['example_branch_operator']) retrieved from /home/airflow/.local/lib/python3.9/site-packages/airflow/example_dags/example_branch_operator.py
[2025-05-13T21:26:31.959+0000] {logging_mixin.py:137} INFO - [2025-05-13T21:26:31.959+0000] {dag.py:2676} INFO - Sync 1 DAGs
[2025-05-13T21:26:31.994+0000] {logging_mixin.py:137} INFO - [2025-05-13T21:26:31.994+0000] {dag.py:3423} INFO - Setting next_dagrun for example_branch_operator to 2025-05-12T00:00:00+00:00, run_after=2025-05-13T00:00:00+00:00
[2025-05-13T21:26:32.026+0000] {processor.py:175} INFO - Processing /home/airflow/.local/lib/python3.9/site-packages/airflow/example_dags/example_branch_operator.py took 0.152 seconds
[2025-05-13T21:27:02.701+0000] {processor.py:153} INFO - Started process (PID=3658) to work on /home/airflow/.local/lib/python3.9/site-packages/airflow/example_dags/example_branch_operator.py
[2025-05-13T21:27:02.702+0000] {processor.py:743} INFO - Processing file /home/airflow/.local/lib/python3.9/site-packages/airflow/example_dags/example_branch_operator.py for tasks to queue
[2025-05-13T21:27:02.703+0000] {logging_mixin.py:137} INFO - [2025-05-13T21:27:02.703+0000] {dagbag.py:538} INFO - Filling up the DagBag from /home/airflow/.local/lib/python3.9/site-packages/airflow/example_dags/example_branch_operator.py
[2025-05-13T21:27:02.727+0000] {processor.py:753} INFO - DAG(s) dict_keys(['example_branch_operator']) retrieved from /home/airflow/.local/lib/python3.9/site-packages/airflow/example_dags/example_branch_operator.py
[2025-05-13T21:27:02.780+0000] {logging_mixin.py:137} INFO - [2025-05-13T21:27:02.780+0000] {dag.py:2676} INFO - Sync 1 DAGs
[2025-05-13T21:27:02.811+0000] {logging_mixin.py:137} INFO - [2025-05-13T21:27:02.811+0000] {dag.py:3423} INFO - Setting next_dagrun for example_branch_operator to 2025-05-12T00:00:00+00:00, run_after=2025-05-13T00:00:00+00:00
[2025-05-13T21:27:02.835+0000] {processor.py:175} INFO - Processing /home/airflow/.local/lib/python3.9/site-packages/airflow/example_dags/example_branch_operator.py took 0.139 seconds
[2025-05-13T21:27:33.203+0000] {processor.py:153} INFO - Started process (PID=3861) to work on /home/airflow/.local/lib/python3.9/site-packages/airflow/example_dags/example_branch_operator.py
[2025-05-13T21:27:33.204+0000] {processor.py:743} INFO - Processing file /home/airflow/.local/lib/python3.9/site-packages/airflow/example_dags/example_branch_operator.py for tasks to queue
[2025-05-13T21:27:33.205+0000] {logging_mixin.py:137} INFO - [2025-05-13T21:27:33.205+0000] {dagbag.py:538} INFO - Filling up the DagBag from /home/airflow/.local/lib/python3.9/site-packages/airflow/example_dags/example_branch_operator.py
[2025-05-13T21:27:33.231+0000] {processor.py:753} INFO - DAG(s) dict_keys(['example_branch_operator']) retrieved from /home/airflow/.local/lib/python3.9/site-packages/airflow/example_dags/example_branch_operator.py
[2025-05-13T21:27:33.288+0000] {logging_mixin.py:137} INFO - [2025-05-13T21:27:33.288+0000] {dag.py:2676} INFO - Sync 1 DAGs
[2025-05-13T21:27:33.325+0000] {logging_mixin.py:137} INFO - [2025-05-13T21:27:33.325+0000] {dag.py:3423} INFO - Setting next_dagrun for example_branch_operator to 2025-05-12T00:00:00+00:00, run_after=2025-05-13T00:00:00+00:00
[2025-05-13T21:27:33.357+0000] {processor.py:175} INFO - Processing /home/airflow/.local/lib/python3.9/site-packages/airflow/example_dags/example_branch_operator.py took 0.159 seconds
[2025-05-13T21:28:04.106+0000] {processor.py:153} INFO - Started process (PID=4064) to work on /home/airflow/.local/lib/python3.9/site-packages/airflow/example_dags/example_branch_operator.py
[2025-05-13T21:28:04.107+0000] {processor.py:743} INFO - Processing file /home/airflow/.local/lib/python3.9/site-packages/airflow/example_dags/example_branch_operator.py for tasks to queue
[2025-05-13T21:28:04.108+0000] {logging_mixin.py:137} INFO - [2025-05-13T21:28:04.108+0000] {dagbag.py:538} INFO - Filling up the DagBag from /home/airflow/.local/lib/python3.9/site-packages/airflow/example_dags/example_branch_operator.py
[2025-05-13T21:28:04.133+0000] {processor.py:753} INFO - DAG(s) dict_keys(['example_branch_operator']) retrieved from /home/airflow/.local/lib/python3.9/site-packages/airflow/example_dags/example_branch_operator.py
[2025-05-13T21:28:04.167+0000] {logging_mixin.py:137} INFO - [2025-05-13T21:28:04.166+0000] {dag.py:2676} INFO - Sync 1 DAGs
[2025-05-13T21:28:04.201+0000] {logging_mixin.py:137} INFO - [2025-05-13T21:28:04.201+0000] {dag.py:3423} INFO - Setting next_dagrun for example_branch_operator to 2025-05-12T00:00:00+00:00, run_after=2025-05-13T00:00:00+00:00
[2025-05-13T21:28:04.225+0000] {processor.py:175} INFO - Processing /home/airflow/.local/lib/python3.9/site-packages/airflow/example_dags/example_branch_operator.py took 0.123 seconds
[2025-05-13T21:28:34.484+0000] {processor.py:153} INFO - Started process (PID=4265) to work on /home/airflow/.local/lib/python3.9/site-packages/airflow/example_dags/example_branch_operator.py
[2025-05-13T21:28:34.485+0000] {processor.py:743} INFO - Processing file /home/airflow/.local/lib/python3.9/site-packages/airflow/example_dags/example_branch_operator.py for tasks to queue
[2025-05-13T21:28:34.486+0000] {logging_mixin.py:137} INFO - [2025-05-13T21:28:34.486+0000] {dagbag.py:538} INFO - Filling up the DagBag from /home/airflow/.local/lib/python3.9/site-packages/airflow/example_dags/example_branch_operator.py
[2025-05-13T21:28:34.502+0000] {processor.py:753} INFO - DAG(s) dict_keys(['example_branch_operator']) retrieved from /home/airflow/.local/lib/python3.9/site-packages/airflow/example_dags/example_branch_operator.py
[2025-05-13T21:28:34.549+0000] {logging_mixin.py:137} INFO - [2025-05-13T21:28:34.549+0000] {dag.py:2676} INFO - Sync 1 DAGs
[2025-05-13T21:28:34.580+0000] {logging_mixin.py:137} INFO - [2025-05-13T21:28:34.580+0000] {dag.py:3423} INFO - Setting next_dagrun for example_branch_operator to 2025-05-12T00:00:00+00:00, run_after=2025-05-13T00:00:00+00:00
[2025-05-13T21:28:34.604+0000] {processor.py:175} INFO - Processing /home/airflow/.local/lib/python3.9/site-packages/airflow/example_dags/example_branch_operator.py took 0.123 seconds
[2025-05-13T21:29:04.961+0000] {processor.py:153} INFO - Started process (PID=4464) to work on /home/airflow/.local/lib/python3.9/site-packages/airflow/example_dags/example_branch_operator.py
[2025-05-13T21:29:04.963+0000] {processor.py:743} INFO - Processing file /home/airflow/.local/lib/python3.9/site-packages/airflow/example_dags/example_branch_operator.py for tasks to queue
[2025-05-13T21:29:04.964+0000] {logging_mixin.py:137} INFO - [2025-05-13T21:29:04.963+0000] {dagbag.py:538} INFO - Filling up the DagBag from /home/airflow/.local/lib/python3.9/site-packages/airflow/example_dags/example_branch_operator.py
[2025-05-13T21:29:04.992+0000] {processor.py:753} INFO - DAG(s) dict_keys(['example_branch_operator']) retrieved from /home/airflow/.local/lib/python3.9/site-packages/airflow/example_dags/example_branch_operator.py
[2025-05-13T21:29:05.055+0000] {logging_mixin.py:137} INFO - [2025-05-13T21:29:05.055+0000] {dag.py:2676} INFO - Sync 1 DAGs
[2025-05-13T21:29:05.089+0000] {logging_mixin.py:137} INFO - [2025-05-13T21:29:05.089+0000] {dag.py:3423} INFO - Setting next_dagrun for example_branch_operator to 2025-05-12T00:00:00+00:00, run_after=2025-05-13T00:00:00+00:00
[2025-05-13T21:29:05.116+0000] {processor.py:175} INFO - Processing /home/airflow/.local/lib/python3.9/site-packages/airflow/example_dags/example_branch_operator.py took 0.162 seconds
[2025-05-13T21:29:35.186+0000] {processor.py:153} INFO - Started process (PID=4665) to work on /home/airflow/.local/lib/python3.9/site-packages/airflow/example_dags/example_branch_operator.py
[2025-05-13T21:29:35.187+0000] {processor.py:743} INFO - Processing file /home/airflow/.local/lib/python3.9/site-packages/airflow/example_dags/example_branch_operator.py for tasks to queue
[2025-05-13T21:29:35.188+0000] {logging_mixin.py:137} INFO - [2025-05-13T21:29:35.188+0000] {dagbag.py:538} INFO - Filling up the DagBag from /home/airflow/.local/lib/python3.9/site-packages/airflow/example_dags/example_branch_operator.py
[2025-05-13T21:29:35.213+0000] {processor.py:753} INFO - DAG(s) dict_keys(['example_branch_operator']) retrieved from /home/airflow/.local/lib/python3.9/site-packages/airflow/example_dags/example_branch_operator.py
[2025-05-13T21:29:35.266+0000] {logging_mixin.py:137} INFO - [2025-05-13T21:29:35.265+0000] {dag.py:2676} INFO - Sync 1 DAGs
[2025-05-13T21:29:35.300+0000] {logging_mixin.py:137} INFO - [2025-05-13T21:29:35.299+0000] {dag.py:3423} INFO - Setting next_dagrun for example_branch_operator to 2025-05-12T00:00:00+00:00, run_after=2025-05-13T00:00:00+00:00
[2025-05-13T21:29:35.331+0000] {processor.py:175} INFO - Processing /home/airflow/.local/lib/python3.9/site-packages/airflow/example_dags/example_branch_operator.py took 0.151 seconds
[2025-05-13T21:30:05.923+0000] {processor.py:153} INFO - Started process (PID=4867) to work on /home/airflow/.local/lib/python3.9/site-packages/airflow/example_dags/example_branch_operator.py
[2025-05-13T21:30:05.924+0000] {processor.py:743} INFO - Processing file /home/airflow/.local/lib/python3.9/site-packages/airflow/example_dags/example_branch_operator.py for tasks to queue
[2025-05-13T21:30:05.925+0000] {logging_mixin.py:137} INFO - [2025-05-13T21:30:05.925+0000] {dagbag.py:538} INFO - Filling up the DagBag from /home/airflow/.local/lib/python3.9/site-packages/airflow/example_dags/example_branch_operator.py
[2025-05-13T21:30:05.948+0000] {processor.py:753} INFO - DAG(s) dict_keys(['example_branch_operator']) retrieved from /home/airflow/.local/lib/python3.9/site-packages/airflow/example_dags/example_branch_operator.py
[2025-05-13T21:30:05.997+0000] {logging_mixin.py:137} INFO - [2025-05-13T21:30:05.996+0000] {dag.py:2676} INFO - Sync 1 DAGs
[2025-05-13T21:30:06.031+0000] {logging_mixin.py:137} INFO - [2025-05-13T21:30:06.030+0000] {dag.py:3423} INFO - Setting next_dagrun for example_branch_operator to 2025-05-12T00:00:00+00:00, run_after=2025-05-13T00:00:00+00:00
[2025-05-13T21:30:06.053+0000] {processor.py:175} INFO - Processing /home/airflow/.local/lib/python3.9/site-packages/airflow/example_dags/example_branch_operator.py took 0.134 seconds
[2025-05-13T21:30:36.438+0000] {processor.py:153} INFO - Started process (PID=5071) to work on /home/airflow/.local/lib/python3.9/site-packages/airflow/example_dags/example_branch_operator.py
[2025-05-13T21:30:36.439+0000] {processor.py:743} INFO - Processing file /home/airflow/.local/lib/python3.9/site-packages/airflow/example_dags/example_branch_operator.py for tasks to queue
[2025-05-13T21:30:36.440+0000] {logging_mixin.py:137} INFO - [2025-05-13T21:30:36.440+0000] {dagbag.py:538} INFO - Filling up the DagBag from /home/airflow/.local/lib/python3.9/site-packages/airflow/example_dags/example_branch_operator.py
[2025-05-13T21:30:36.463+0000] {processor.py:753} INFO - DAG(s) dict_keys(['example_branch_operator']) retrieved from /home/airflow/.local/lib/python3.9/site-packages/airflow/example_dags/example_branch_operator.py
[2025-05-13T21:30:36.511+0000] {logging_mixin.py:137} INFO - [2025-05-13T21:30:36.511+0000] {dag.py:2676} INFO - Sync 1 DAGs
[2025-05-13T21:30:36.540+0000] {logging_mixin.py:137} INFO - [2025-05-13T21:30:36.540+0000] {dag.py:3423} INFO - Setting next_dagrun for example_branch_operator to 2025-05-12T00:00:00+00:00, run_after=2025-05-13T00:00:00+00:00
[2025-05-13T21:30:36.562+0000] {processor.py:175} INFO - Processing /home/airflow/.local/lib/python3.9/site-packages/airflow/example_dags/example_branch_operator.py took 0.128 seconds
[2025-05-13T21:31:07.056+0000] {processor.py:153} INFO - Started process (PID=5277) to work on /home/airflow/.local/lib/python3.9/site-packages/airflow/example_dags/example_branch_operator.py
[2025-05-13T21:31:07.057+0000] {processor.py:743} INFO - Processing file /home/airflow/.local/lib/python3.9/site-packages/airflow/example_dags/example_branch_operator.py for tasks to queue
[2025-05-13T21:31:07.058+0000] {logging_mixin.py:137} INFO - [2025-05-13T21:31:07.058+0000] {dagbag.py:538} INFO - Filling up the DagBag from /home/airflow/.local/lib/python3.9/site-packages/airflow/example_dags/example_branch_operator.py
[2025-05-13T21:31:07.079+0000] {processor.py:753} INFO - DAG(s) dict_keys(['example_branch_operator']) retrieved from /home/airflow/.local/lib/python3.9/site-packages/airflow/example_dags/example_branch_operator.py
[2025-05-13T21:31:07.126+0000] {logging_mixin.py:137} INFO - [2025-05-13T21:31:07.125+0000] {dag.py:2676} INFO - Sync 1 DAGs
[2025-05-13T21:31:07.160+0000] {logging_mixin.py:137} INFO - [2025-05-13T21:31:07.159+0000] {dag.py:3423} INFO - Setting next_dagrun for example_branch_operator to 2025-05-12T00:00:00+00:00, run_after=2025-05-13T00:00:00+00:00
[2025-05-13T21:31:07.191+0000] {processor.py:175} INFO - Processing /home/airflow/.local/lib/python3.9/site-packages/airflow/example_dags/example_branch_operator.py took 0.138 seconds
[2025-05-13T21:31:37.698+0000] {processor.py:153} INFO - Started process (PID=5480) to work on /home/airflow/.local/lib/python3.9/site-packages/airflow/example_dags/example_branch_operator.py
[2025-05-13T21:31:37.699+0000] {processor.py:743} INFO - Processing file /home/airflow/.local/lib/python3.9/site-packages/airflow/example_dags/example_branch_operator.py for tasks to queue
[2025-05-13T21:31:37.700+0000] {logging_mixin.py:137} INFO - [2025-05-13T21:31:37.700+0000] {dagbag.py:538} INFO - Filling up the DagBag from /home/airflow/.local/lib/python3.9/site-packages/airflow/example_dags/example_branch_operator.py
[2025-05-13T21:31:37.725+0000] {processor.py:753} INFO - DAG(s) dict_keys(['example_branch_operator']) retrieved from /home/airflow/.local/lib/python3.9/site-packages/airflow/example_dags/example_branch_operator.py
[2025-05-13T21:31:37.781+0000] {logging_mixin.py:137} INFO - [2025-05-13T21:31:37.781+0000] {dag.py:2676} INFO - Sync 1 DAGs
[2025-05-13T21:31:37.815+0000] {logging_mixin.py:137} INFO - [2025-05-13T21:31:37.815+0000] {dag.py:3423} INFO - Setting next_dagrun for example_branch_operator to 2025-05-12T00:00:00+00:00, run_after=2025-05-13T00:00:00+00:00
[2025-05-13T21:31:37.848+0000] {processor.py:175} INFO - Processing /home/airflow/.local/lib/python3.9/site-packages/airflow/example_dags/example_branch_operator.py took 0.155 seconds
[2025-05-13T21:32:08.600+0000] {processor.py:153} INFO - Started process (PID=5682) to work on /home/airflow/.local/lib/python3.9/site-packages/airflow/example_dags/example_branch_operator.py
[2025-05-13T21:32:08.604+0000] {processor.py:743} INFO - Processing file /home/airflow/.local/lib/python3.9/site-packages/airflow/example_dags/example_branch_operator.py for tasks to queue
[2025-05-13T21:32:08.605+0000] {logging_mixin.py:137} INFO - [2025-05-13T21:32:08.605+0000] {dagbag.py:538} INFO - Filling up the DagBag from /home/airflow/.local/lib/python3.9/site-packages/airflow/example_dags/example_branch_operator.py
[2025-05-13T21:32:08.627+0000] {processor.py:753} INFO - DAG(s) dict_keys(['example_branch_operator']) retrieved from /home/airflow/.local/lib/python3.9/site-packages/airflow/example_dags/example_branch_operator.py
[2025-05-13T21:32:08.662+0000] {logging_mixin.py:137} INFO - [2025-05-13T21:32:08.662+0000] {dag.py:2676} INFO - Sync 1 DAGs
[2025-05-13T21:32:08.698+0000] {logging_mixin.py:137} INFO - [2025-05-13T21:32:08.698+0000] {dag.py:3423} INFO - Setting next_dagrun for example_branch_operator to 2025-05-12T00:00:00+00:00, run_after=2025-05-13T00:00:00+00:00
[2025-05-13T21:32:08.724+0000] {processor.py:175} INFO - Processing /home/airflow/.local/lib/python3.9/site-packages/airflow/example_dags/example_branch_operator.py took 0.128 seconds
[2025-05-13T21:32:38.839+0000] {processor.py:153} INFO - Started process (PID=5886) to work on /home/airflow/.local/lib/python3.9/site-packages/airflow/example_dags/example_branch_operator.py
[2025-05-13T21:32:38.840+0000] {processor.py:743} INFO - Processing file /home/airflow/.local/lib/python3.9/site-packages/airflow/example_dags/example_branch_operator.py for tasks to queue
[2025-05-13T21:32:38.842+0000] {logging_mixin.py:137} INFO - [2025-05-13T21:32:38.842+0000] {dagbag.py:538} INFO - Filling up the DagBag from /home/airflow/.local/lib/python3.9/site-packages/airflow/example_dags/example_branch_operator.py
[2025-05-13T21:32:38.866+0000] {processor.py:753} INFO - DAG(s) dict_keys(['example_branch_operator']) retrieved from /home/airflow/.local/lib/python3.9/site-packages/airflow/example_dags/example_branch_operator.py
[2025-05-13T21:32:38.926+0000] {logging_mixin.py:137} INFO - [2025-05-13T21:32:38.925+0000] {dag.py:2676} INFO - Sync 1 DAGs
[2025-05-13T21:32:38.959+0000] {logging_mixin.py:137} INFO - [2025-05-13T21:32:38.959+0000] {dag.py:3423} INFO - Setting next_dagrun for example_branch_operator to 2025-05-12T00:00:00+00:00, run_after=2025-05-13T00:00:00+00:00
[2025-05-13T21:32:38.993+0000] {processor.py:175} INFO - Processing /home/airflow/.local/lib/python3.9/site-packages/airflow/example_dags/example_branch_operator.py took 0.159 seconds
[2025-05-13T21:33:09.185+0000] {processor.py:153} INFO - Started process (PID=6086) to work on /home/airflow/.local/lib/python3.9/site-packages/airflow/example_dags/example_branch_operator.py
[2025-05-13T21:33:09.186+0000] {processor.py:743} INFO - Processing file /home/airflow/.local/lib/python3.9/site-packages/airflow/example_dags/example_branch_operator.py for tasks to queue
[2025-05-13T21:33:09.187+0000] {logging_mixin.py:137} INFO - [2025-05-13T21:33:09.187+0000] {dagbag.py:538} INFO - Filling up the DagBag from /home/airflow/.local/lib/python3.9/site-packages/airflow/example_dags/example_branch_operator.py
[2025-05-13T21:33:09.217+0000] {processor.py:753} INFO - DAG(s) dict_keys(['example_branch_operator']) retrieved from /home/airflow/.local/lib/python3.9/site-packages/airflow/example_dags/example_branch_operator.py
[2025-05-13T21:33:09.268+0000] {logging_mixin.py:137} INFO - [2025-05-13T21:33:09.268+0000] {dag.py:2676} INFO - Sync 1 DAGs
[2025-05-13T21:33:09.296+0000] {logging_mixin.py:137} INFO - [2025-05-13T21:33:09.295+0000] {dag.py:3423} INFO - Setting next_dagrun for example_branch_operator to 2025-05-12T00:00:00+00:00, run_after=2025-05-13T00:00:00+00:00
[2025-05-13T21:33:09.312+0000] {processor.py:175} INFO - Processing /home/airflow/.local/lib/python3.9/site-packages/airflow/example_dags/example_branch_operator.py took 0.131 seconds
[2025-05-13T21:33:39.368+0000] {processor.py:153} INFO - Started process (PID=6289) to work on /home/airflow/.local/lib/python3.9/site-packages/airflow/example_dags/example_branch_operator.py
[2025-05-13T21:33:39.369+0000] {processor.py:743} INFO - Processing file /home/airflow/.local/lib/python3.9/site-packages/airflow/example_dags/example_branch_operator.py for tasks to queue
[2025-05-13T21:33:39.370+0000] {logging_mixin.py:137} INFO - [2025-05-13T21:33:39.370+0000] {dagbag.py:538} INFO - Filling up the DagBag from /home/airflow/.local/lib/python3.9/site-packages/airflow/example_dags/example_branch_operator.py
[2025-05-13T21:33:39.394+0000] {processor.py:753} INFO - DAG(s) dict_keys(['example_branch_operator']) retrieved from /home/airflow/.local/lib/python3.9/site-packages/airflow/example_dags/example_branch_operator.py
[2025-05-13T21:33:39.447+0000] {logging_mixin.py:137} INFO - [2025-05-13T21:33:39.446+0000] {dag.py:2676} INFO - Sync 1 DAGs
[2025-05-13T21:33:39.479+0000] {logging_mixin.py:137} INFO - [2025-05-13T21:33:39.478+0000] {dag.py:3423} INFO - Setting next_dagrun for example_branch_operator to 2025-05-12T00:00:00+00:00, run_after=2025-05-13T00:00:00+00:00
[2025-05-13T21:33:39.502+0000] {processor.py:175} INFO - Processing /home/airflow/.local/lib/python3.9/site-packages/airflow/example_dags/example_branch_operator.py took 0.138 seconds
[2025-05-13T21:34:10.326+0000] {processor.py:153} INFO - Started process (PID=6495) to work on /home/airflow/.local/lib/python3.9/site-packages/airflow/example_dags/example_branch_operator.py
[2025-05-13T21:34:10.328+0000] {processor.py:743} INFO - Processing file /home/airflow/.local/lib/python3.9/site-packages/airflow/example_dags/example_branch_operator.py for tasks to queue
[2025-05-13T21:34:10.329+0000] {logging_mixin.py:137} INFO - [2025-05-13T21:34:10.329+0000] {dagbag.py:538} INFO - Filling up the DagBag from /home/airflow/.local/lib/python3.9/site-packages/airflow/example_dags/example_branch_operator.py
[2025-05-13T21:34:10.356+0000] {processor.py:753} INFO - DAG(s) dict_keys(['example_branch_operator']) retrieved from /home/airflow/.local/lib/python3.9/site-packages/airflow/example_dags/example_branch_operator.py
[2025-05-13T21:34:10.415+0000] {logging_mixin.py:137} INFO - [2025-05-13T21:34:10.415+0000] {dag.py:2676} INFO - Sync 1 DAGs
[2025-05-13T21:34:10.462+0000] {logging_mixin.py:137} INFO - [2025-05-13T21:34:10.462+0000] {dag.py:3423} INFO - Setting next_dagrun for example_branch_operator to 2025-05-12T00:00:00+00:00, run_after=2025-05-13T00:00:00+00:00
[2025-05-13T21:34:10.501+0000] {processor.py:175} INFO - Processing /home/airflow/.local/lib/python3.9/site-packages/airflow/example_dags/example_branch_operator.py took 0.179 seconds
[2025-05-13T21:34:41.092+0000] {processor.py:153} INFO - Started process (PID=6704) to work on /home/airflow/.local/lib/python3.9/site-packages/airflow/example_dags/example_branch_operator.py
[2025-05-13T21:34:41.093+0000] {processor.py:743} INFO - Processing file /home/airflow/.local/lib/python3.9/site-packages/airflow/example_dags/example_branch_operator.py for tasks to queue
[2025-05-13T21:34:41.094+0000] {logging_mixin.py:137} INFO - [2025-05-13T21:34:41.094+0000] {dagbag.py:538} INFO - Filling up the DagBag from /home/airflow/.local/lib/python3.9/site-packages/airflow/example_dags/example_branch_operator.py
[2025-05-13T21:34:41.123+0000] {processor.py:753} INFO - DAG(s) dict_keys(['example_branch_operator']) retrieved from /home/airflow/.local/lib/python3.9/site-packages/airflow/example_dags/example_branch_operator.py
[2025-05-13T21:34:41.186+0000] {logging_mixin.py:137} INFO - [2025-05-13T21:34:41.186+0000] {dag.py:2676} INFO - Sync 1 DAGs
[2025-05-13T21:34:41.226+0000] {logging_mixin.py:137} INFO - [2025-05-13T21:34:41.226+0000] {dag.py:3423} INFO - Setting next_dagrun for example_branch_operator to 2025-05-12T00:00:00+00:00, run_after=2025-05-13T00:00:00+00:00
[2025-05-13T21:34:41.258+0000] {processor.py:175} INFO - Processing /home/airflow/.local/lib/python3.9/site-packages/airflow/example_dags/example_branch_operator.py took 0.171 seconds
[2025-05-13T21:35:11.351+0000] {processor.py:153} INFO - Started process (PID=6904) to work on /home/airflow/.local/lib/python3.9/site-packages/airflow/example_dags/example_branch_operator.py
[2025-05-13T21:35:11.352+0000] {processor.py:743} INFO - Processing file /home/airflow/.local/lib/python3.9/site-packages/airflow/example_dags/example_branch_operator.py for tasks to queue
[2025-05-13T21:35:11.353+0000] {logging_mixin.py:137} INFO - [2025-05-13T21:35:11.353+0000] {dagbag.py:538} INFO - Filling up the DagBag from /home/airflow/.local/lib/python3.9/site-packages/airflow/example_dags/example_branch_operator.py
[2025-05-13T21:35:11.376+0000] {processor.py:753} INFO - DAG(s) dict_keys(['example_branch_operator']) retrieved from /home/airflow/.local/lib/python3.9/site-packages/airflow/example_dags/example_branch_operator.py
[2025-05-13T21:35:11.423+0000] {logging_mixin.py:137} INFO - [2025-05-13T21:35:11.423+0000] {dag.py:2676} INFO - Sync 1 DAGs
[2025-05-13T21:35:11.452+0000] {logging_mixin.py:137} INFO - [2025-05-13T21:35:11.452+0000] {dag.py:3423} INFO - Setting next_dagrun for example_branch_operator to 2025-05-12T00:00:00+00:00, run_after=2025-05-13T00:00:00+00:00
[2025-05-13T21:35:11.473+0000] {processor.py:175} INFO - Processing /home/airflow/.local/lib/python3.9/site-packages/airflow/example_dags/example_branch_operator.py took 0.126 seconds
[2025-05-13T21:35:41.536+0000] {processor.py:153} INFO - Started process (PID=7107) to work on /home/airflow/.local/lib/python3.9/site-packages/airflow/example_dags/example_branch_operator.py
[2025-05-13T21:35:41.537+0000] {processor.py:743} INFO - Processing file /home/airflow/.local/lib/python3.9/site-packages/airflow/example_dags/example_branch_operator.py for tasks to queue
[2025-05-13T21:35:41.538+0000] {logging_mixin.py:137} INFO - [2025-05-13T21:35:41.538+0000] {dagbag.py:538} INFO - Filling up the DagBag from /home/airflow/.local/lib/python3.9/site-packages/airflow/example_dags/example_branch_operator.py
[2025-05-13T21:35:41.562+0000] {processor.py:753} INFO - DAG(s) dict_keys(['example_branch_operator']) retrieved from /home/airflow/.local/lib/python3.9/site-packages/airflow/example_dags/example_branch_operator.py
[2025-05-13T21:35:41.616+0000] {logging_mixin.py:137} INFO - [2025-05-13T21:35:41.616+0000] {dag.py:2676} INFO - Sync 1 DAGs
[2025-05-13T21:35:41.648+0000] {logging_mixin.py:137} INFO - [2025-05-13T21:35:41.648+0000] {dag.py:3423} INFO - Setting next_dagrun for example_branch_operator to 2025-05-12T00:00:00+00:00, run_after=2025-05-13T00:00:00+00:00
[2025-05-13T21:35:41.676+0000] {processor.py:175} INFO - Processing /home/airflow/.local/lib/python3.9/site-packages/airflow/example_dags/example_branch_operator.py took 0.145 seconds
[2025-05-13T21:36:11.860+0000] {processor.py:153} INFO - Started process (PID=7309) to work on /home/airflow/.local/lib/python3.9/site-packages/airflow/example_dags/example_branch_operator.py
[2025-05-13T21:36:11.864+0000] {processor.py:743} INFO - Processing file /home/airflow/.local/lib/python3.9/site-packages/airflow/example_dags/example_branch_operator.py for tasks to queue
[2025-05-13T21:36:11.865+0000] {logging_mixin.py:137} INFO - [2025-05-13T21:36:11.865+0000] {dagbag.py:538} INFO - Filling up the DagBag from /home/airflow/.local/lib/python3.9/site-packages/airflow/example_dags/example_branch_operator.py
[2025-05-13T21:36:11.891+0000] {processor.py:753} INFO - DAG(s) dict_keys(['example_branch_operator']) retrieved from /home/airflow/.local/lib/python3.9/site-packages/airflow/example_dags/example_branch_operator.py
[2025-05-13T21:36:11.950+0000] {logging_mixin.py:137} INFO - [2025-05-13T21:36:11.950+0000] {dag.py:2676} INFO - Sync 1 DAGs
[2025-05-13T21:36:11.986+0000] {logging_mixin.py:137} INFO - [2025-05-13T21:36:11.986+0000] {dag.py:3423} INFO - Setting next_dagrun for example_branch_operator to 2025-05-12T00:00:00+00:00, run_after=2025-05-13T00:00:00+00:00
[2025-05-13T21:36:12.017+0000] {processor.py:175} INFO - Processing /home/airflow/.local/lib/python3.9/site-packages/airflow/example_dags/example_branch_operator.py took 0.161 seconds
[2025-05-13T21:36:42.559+0000] {processor.py:153} INFO - Started process (PID=7513) to work on /home/airflow/.local/lib/python3.9/site-packages/airflow/example_dags/example_branch_operator.py
[2025-05-13T21:36:42.560+0000] {processor.py:743} INFO - Processing file /home/airflow/.local/lib/python3.9/site-packages/airflow/example_dags/example_branch_operator.py for tasks to queue
[2025-05-13T21:36:42.561+0000] {logging_mixin.py:137} INFO - [2025-05-13T21:36:42.561+0000] {dagbag.py:538} INFO - Filling up the DagBag from /home/airflow/.local/lib/python3.9/site-packages/airflow/example_dags/example_branch_operator.py
[2025-05-13T21:36:42.590+0000] {processor.py:753} INFO - DAG(s) dict_keys(['example_branch_operator']) retrieved from /home/airflow/.local/lib/python3.9/site-packages/airflow/example_dags/example_branch_operator.py
[2025-05-13T21:36:42.776+0000] {logging_mixin.py:137} INFO - [2025-05-13T21:36:42.776+0000] {dag.py:2676} INFO - Sync 1 DAGs
[2025-05-13T21:36:42.844+0000] {logging_mixin.py:137} INFO - [2025-05-13T21:36:42.844+0000] {dag.py:3423} INFO - Setting next_dagrun for example_branch_operator to 2025-05-12T00:00:00+00:00, run_after=2025-05-13T00:00:00+00:00
[2025-05-13T21:36:42.895+0000] {processor.py:175} INFO - Processing /home/airflow/.local/lib/python3.9/site-packages/airflow/example_dags/example_branch_operator.py took 0.340 seconds
[2025-05-13T21:37:47.681+0000] {processor.py:153} INFO - Started process (PID=203) to work on /home/airflow/.local/lib/python3.9/site-packages/airflow/example_dags/example_branch_operator.py
[2025-05-13T21:37:47.682+0000] {processor.py:743} INFO - Processing file /home/airflow/.local/lib/python3.9/site-packages/airflow/example_dags/example_branch_operator.py for tasks to queue
[2025-05-13T21:37:47.683+0000] {logging_mixin.py:137} INFO - [2025-05-13T21:37:47.683+0000] {dagbag.py:538} INFO - Filling up the DagBag from /home/airflow/.local/lib/python3.9/site-packages/airflow/example_dags/example_branch_operator.py
[2025-05-13T21:37:47.708+0000] {processor.py:753} INFO - DAG(s) dict_keys(['example_branch_operator']) retrieved from /home/airflow/.local/lib/python3.9/site-packages/airflow/example_dags/example_branch_operator.py
[2025-05-13T21:37:47.771+0000] {logging_mixin.py:137} INFO - [2025-05-13T21:37:47.771+0000] {dag.py:2676} INFO - Sync 1 DAGs
[2025-05-13T21:37:47.805+0000] {logging_mixin.py:137} INFO - [2025-05-13T21:37:47.805+0000] {dag.py:3423} INFO - Setting next_dagrun for example_branch_operator to 2025-05-12T00:00:00+00:00, run_after=2025-05-13T00:00:00+00:00
[2025-05-13T21:37:47.835+0000] {processor.py:175} INFO - Processing /home/airflow/.local/lib/python3.9/site-packages/airflow/example_dags/example_branch_operator.py took 0.159 seconds
[2025-05-13T21:38:17.904+0000] {processor.py:153} INFO - Started process (PID=402) to work on /home/airflow/.local/lib/python3.9/site-packages/airflow/example_dags/example_branch_operator.py
[2025-05-13T21:38:17.905+0000] {processor.py:743} INFO - Processing file /home/airflow/.local/lib/python3.9/site-packages/airflow/example_dags/example_branch_operator.py for tasks to queue
[2025-05-13T21:38:17.906+0000] {logging_mixin.py:137} INFO - [2025-05-13T21:38:17.906+0000] {dagbag.py:538} INFO - Filling up the DagBag from /home/airflow/.local/lib/python3.9/site-packages/airflow/example_dags/example_branch_operator.py
[2025-05-13T21:38:17.932+0000] {processor.py:753} INFO - DAG(s) dict_keys(['example_branch_operator']) retrieved from /home/airflow/.local/lib/python3.9/site-packages/airflow/example_dags/example_branch_operator.py
[2025-05-13T21:38:18.004+0000] {logging_mixin.py:137} INFO - [2025-05-13T21:38:18.004+0000] {dag.py:2676} INFO - Sync 1 DAGs
[2025-05-13T21:38:18.041+0000] {logging_mixin.py:137} INFO - [2025-05-13T21:38:18.040+0000] {dag.py:3423} INFO - Setting next_dagrun for example_branch_operator to 2025-05-12T00:00:00+00:00, run_after=2025-05-13T00:00:00+00:00
[2025-05-13T21:38:18.062+0000] {processor.py:175} INFO - Processing /home/airflow/.local/lib/python3.9/site-packages/airflow/example_dags/example_branch_operator.py took 0.162 seconds
[2025-05-13T21:38:48.745+0000] {processor.py:153} INFO - Started process (PID=603) to work on /home/airflow/.local/lib/python3.9/site-packages/airflow/example_dags/example_branch_operator.py
[2025-05-13T21:38:48.746+0000] {processor.py:743} INFO - Processing file /home/airflow/.local/lib/python3.9/site-packages/airflow/example_dags/example_branch_operator.py for tasks to queue
[2025-05-13T21:38:48.747+0000] {logging_mixin.py:137} INFO - [2025-05-13T21:38:48.747+0000] {dagbag.py:538} INFO - Filling up the DagBag from /home/airflow/.local/lib/python3.9/site-packages/airflow/example_dags/example_branch_operator.py
[2025-05-13T21:38:48.773+0000] {processor.py:753} INFO - DAG(s) dict_keys(['example_branch_operator']) retrieved from /home/airflow/.local/lib/python3.9/site-packages/airflow/example_dags/example_branch_operator.py
[2025-05-13T21:38:48.854+0000] {logging_mixin.py:137} INFO - [2025-05-13T21:38:48.853+0000] {dag.py:2676} INFO - Sync 1 DAGs
[2025-05-13T21:38:48.888+0000] {logging_mixin.py:137} INFO - [2025-05-13T21:38:48.888+0000] {dag.py:3423} INFO - Setting next_dagrun for example_branch_operator to 2025-05-12T00:00:00+00:00, run_after=2025-05-13T00:00:00+00:00
[2025-05-13T21:38:48.915+0000] {processor.py:175} INFO - Processing /home/airflow/.local/lib/python3.9/site-packages/airflow/example_dags/example_branch_operator.py took 0.174 seconds
[2025-05-13T21:39:19.531+0000] {processor.py:153} INFO - Started process (PID=808) to work on /home/airflow/.local/lib/python3.9/site-packages/airflow/example_dags/example_branch_operator.py
[2025-05-13T21:39:19.533+0000] {processor.py:743} INFO - Processing file /home/airflow/.local/lib/python3.9/site-packages/airflow/example_dags/example_branch_operator.py for tasks to queue
[2025-05-13T21:39:19.534+0000] {logging_mixin.py:137} INFO - [2025-05-13T21:39:19.534+0000] {dagbag.py:538} INFO - Filling up the DagBag from /home/airflow/.local/lib/python3.9/site-packages/airflow/example_dags/example_branch_operator.py
[2025-05-13T21:39:19.560+0000] {processor.py:753} INFO - DAG(s) dict_keys(['example_branch_operator']) retrieved from /home/airflow/.local/lib/python3.9/site-packages/airflow/example_dags/example_branch_operator.py
[2025-05-13T21:39:19.615+0000] {logging_mixin.py:137} INFO - [2025-05-13T21:39:19.614+0000] {dag.py:2676} INFO - Sync 1 DAGs
[2025-05-13T21:39:19.646+0000] {logging_mixin.py:137} INFO - [2025-05-13T21:39:19.646+0000] {dag.py:3423} INFO - Setting next_dagrun for example_branch_operator to 2025-05-12T00:00:00+00:00, run_after=2025-05-13T00:00:00+00:00
[2025-05-13T21:39:19.670+0000] {processor.py:175} INFO - Processing /home/airflow/.local/lib/python3.9/site-packages/airflow/example_dags/example_branch_operator.py took 0.143 seconds
[2025-05-13T21:39:49.727+0000] {processor.py:153} INFO - Started process (PID=1016) to work on /home/airflow/.local/lib/python3.9/site-packages/airflow/example_dags/example_branch_operator.py
[2025-05-13T21:39:49.728+0000] {processor.py:743} INFO - Processing file /home/airflow/.local/lib/python3.9/site-packages/airflow/example_dags/example_branch_operator.py for tasks to queue
[2025-05-13T21:39:49.729+0000] {logging_mixin.py:137} INFO - [2025-05-13T21:39:49.729+0000] {dagbag.py:538} INFO - Filling up the DagBag from /home/airflow/.local/lib/python3.9/site-packages/airflow/example_dags/example_branch_operator.py
[2025-05-13T21:39:49.753+0000] {processor.py:753} INFO - DAG(s) dict_keys(['example_branch_operator']) retrieved from /home/airflow/.local/lib/python3.9/site-packages/airflow/example_dags/example_branch_operator.py
[2025-05-13T21:39:49.806+0000] {logging_mixin.py:137} INFO - [2025-05-13T21:39:49.805+0000] {dag.py:2676} INFO - Sync 1 DAGs
[2025-05-13T21:39:49.839+0000] {logging_mixin.py:137} INFO - [2025-05-13T21:39:49.839+0000] {dag.py:3423} INFO - Setting next_dagrun for example_branch_operator to 2025-05-12T00:00:00+00:00, run_after=2025-05-13T00:00:00+00:00
[2025-05-13T21:39:49.866+0000] {processor.py:175} INFO - Processing /home/airflow/.local/lib/python3.9/site-packages/airflow/example_dags/example_branch_operator.py took 0.144 seconds
[2025-05-13T21:40:20.181+0000] {processor.py:153} INFO - Started process (PID=1223) to work on /home/airflow/.local/lib/python3.9/site-packages/airflow/example_dags/example_branch_operator.py
[2025-05-13T21:40:20.182+0000] {processor.py:743} INFO - Processing file /home/airflow/.local/lib/python3.9/site-packages/airflow/example_dags/example_branch_operator.py for tasks to queue
[2025-05-13T21:40:20.183+0000] {logging_mixin.py:137} INFO - [2025-05-13T21:40:20.183+0000] {dagbag.py:538} INFO - Filling up the DagBag from /home/airflow/.local/lib/python3.9/site-packages/airflow/example_dags/example_branch_operator.py
[2025-05-13T21:40:20.208+0000] {processor.py:753} INFO - DAG(s) dict_keys(['example_branch_operator']) retrieved from /home/airflow/.local/lib/python3.9/site-packages/airflow/example_dags/example_branch_operator.py
[2025-05-13T21:40:20.267+0000] {logging_mixin.py:137} INFO - [2025-05-13T21:40:20.267+0000] {dag.py:2676} INFO - Sync 1 DAGs
[2025-05-13T21:40:20.299+0000] {logging_mixin.py:137} INFO - [2025-05-13T21:40:20.299+0000] {dag.py:3423} INFO - Setting next_dagrun for example_branch_operator to 2025-05-12T00:00:00+00:00, run_after=2025-05-13T00:00:00+00:00
[2025-05-13T21:40:20.327+0000] {processor.py:175} INFO - Processing /home/airflow/.local/lib/python3.9/site-packages/airflow/example_dags/example_branch_operator.py took 0.150 seconds
[2025-05-13T21:40:51.192+0000] {processor.py:153} INFO - Started process (PID=1426) to work on /home/airflow/.local/lib/python3.9/site-packages/airflow/example_dags/example_branch_operator.py
[2025-05-13T21:40:51.193+0000] {processor.py:743} INFO - Processing file /home/airflow/.local/lib/python3.9/site-packages/airflow/example_dags/example_branch_operator.py for tasks to queue
[2025-05-13T21:40:51.195+0000] {logging_mixin.py:137} INFO - [2025-05-13T21:40:51.195+0000] {dagbag.py:538} INFO - Filling up the DagBag from /home/airflow/.local/lib/python3.9/site-packages/airflow/example_dags/example_branch_operator.py
[2025-05-13T21:40:51.225+0000] {processor.py:753} INFO - DAG(s) dict_keys(['example_branch_operator']) retrieved from /home/airflow/.local/lib/python3.9/site-packages/airflow/example_dags/example_branch_operator.py
[2025-05-13T21:40:51.282+0000] {logging_mixin.py:137} INFO - [2025-05-13T21:40:51.282+0000] {dag.py:2676} INFO - Sync 1 DAGs
[2025-05-13T21:40:51.314+0000] {logging_mixin.py:137} INFO - [2025-05-13T21:40:51.314+0000] {dag.py:3423} INFO - Setting next_dagrun for example_branch_operator to 2025-05-12T00:00:00+00:00, run_after=2025-05-13T00:00:00+00:00
[2025-05-13T21:40:51.342+0000] {processor.py:175} INFO - Processing /home/airflow/.local/lib/python3.9/site-packages/airflow/example_dags/example_branch_operator.py took 0.155 seconds
[2025-05-13T21:41:21.429+0000] {processor.py:153} INFO - Started process (PID=1626) to work on /home/airflow/.local/lib/python3.9/site-packages/airflow/example_dags/example_branch_operator.py
[2025-05-13T21:41:21.431+0000] {processor.py:743} INFO - Processing file /home/airflow/.local/lib/python3.9/site-packages/airflow/example_dags/example_branch_operator.py for tasks to queue
[2025-05-13T21:41:21.432+0000] {logging_mixin.py:137} INFO - [2025-05-13T21:41:21.432+0000] {dagbag.py:538} INFO - Filling up the DagBag from /home/airflow/.local/lib/python3.9/site-packages/airflow/example_dags/example_branch_operator.py
[2025-05-13T21:41:21.458+0000] {processor.py:753} INFO - DAG(s) dict_keys(['example_branch_operator']) retrieved from /home/airflow/.local/lib/python3.9/site-packages/airflow/example_dags/example_branch_operator.py
[2025-05-13T21:41:21.516+0000] {logging_mixin.py:137} INFO - [2025-05-13T21:41:21.515+0000] {dag.py:2676} INFO - Sync 1 DAGs
[2025-05-13T21:41:21.559+0000] {logging_mixin.py:137} INFO - [2025-05-13T21:41:21.559+0000] {dag.py:3423} INFO - Setting next_dagrun for example_branch_operator to 2025-05-12T00:00:00+00:00, run_after=2025-05-13T00:00:00+00:00
[2025-05-13T21:41:21.596+0000] {processor.py:175} INFO - Processing /home/airflow/.local/lib/python3.9/site-packages/airflow/example_dags/example_branch_operator.py took 0.171 seconds
[2025-05-13T21:41:51.932+0000] {processor.py:153} INFO - Started process (PID=1832) to work on /home/airflow/.local/lib/python3.9/site-packages/airflow/example_dags/example_branch_operator.py
[2025-05-13T21:41:51.933+0000] {processor.py:743} INFO - Processing file /home/airflow/.local/lib/python3.9/site-packages/airflow/example_dags/example_branch_operator.py for tasks to queue
[2025-05-13T21:41:51.936+0000] {logging_mixin.py:137} INFO - [2025-05-13T21:41:51.936+0000] {dagbag.py:538} INFO - Filling up the DagBag from /home/airflow/.local/lib/python3.9/site-packages/airflow/example_dags/example_branch_operator.py
[2025-05-13T21:41:51.965+0000] {processor.py:753} INFO - DAG(s) dict_keys(['example_branch_operator']) retrieved from /home/airflow/.local/lib/python3.9/site-packages/airflow/example_dags/example_branch_operator.py
[2025-05-13T21:41:52.015+0000] {logging_mixin.py:137} INFO - [2025-05-13T21:41:52.015+0000] {dag.py:2676} INFO - Sync 1 DAGs
[2025-05-13T21:41:52.052+0000] {logging_mixin.py:137} INFO - [2025-05-13T21:41:52.052+0000] {dag.py:3423} INFO - Setting next_dagrun for example_branch_operator to 2025-05-12T00:00:00+00:00, run_after=2025-05-13T00:00:00+00:00
[2025-05-13T21:41:52.076+0000] {processor.py:175} INFO - Processing /home/airflow/.local/lib/python3.9/site-packages/airflow/example_dags/example_branch_operator.py took 0.147 seconds
