[2025-05-13T02:45:45.396+0000] {processor.py:153} INFO - Started process (PID=327) to work on /home/airflow/.local/lib/python3.9/site-packages/airflow/example_dags/example_branch_day_of_week_operator.py
[2025-05-13T02:45:45.397+0000] {processor.py:743} INFO - Processing file /home/airflow/.local/lib/python3.9/site-packages/airflow/example_dags/example_branch_day_of_week_operator.py for tasks to queue
[2025-05-13T02:45:45.398+0000] {logging_mixin.py:137} INFO - [2025-05-13T02:45:45.398+0000] {dagbag.py:538} INFO - Filling up the DagBag from /home/airflow/.local/lib/python3.9/site-packages/airflow/example_dags/example_branch_day_of_week_operator.py
[2025-05-13T02:45:45.422+0000] {processor.py:753} INFO - DAG(s) dict_keys(['example_weekday_branch_operator']) retrieved from /home/airflow/.local/lib/python3.9/site-packages/airflow/example_dags/example_branch_day_of_week_operator.py
[2025-05-13T02:45:45.597+0000] {logging_mixin.py:137} INFO - [2025-05-13T02:45:45.597+0000] {manager.py:504} INFO - Created Permission View: can delete on DAG:example_weekday_branch_operator
[2025-05-13T02:45:45.608+0000] {logging_mixin.py:137} INFO - [2025-05-13T02:45:45.608+0000] {manager.py:504} INFO - Created Permission View: can edit on DAG:example_weekday_branch_operator
[2025-05-13T02:45:45.616+0000] {logging_mixin.py:137} INFO - [2025-05-13T02:45:45.616+0000] {manager.py:504} INFO - Created Permission View: can read on DAG:example_weekday_branch_operator
[2025-05-13T02:45:45.617+0000] {logging_mixin.py:137} INFO - [2025-05-13T02:45:45.617+0000] {dag.py:2676} INFO - Sync 1 DAGs
[2025-05-13T02:45:45.631+0000] {logging_mixin.py:137} INFO - [2025-05-13T02:45:45.631+0000] {dag.py:2697} INFO - Creating ORM DAG for example_weekday_branch_operator
[2025-05-13T02:45:45.646+0000] {logging_mixin.py:137} INFO - [2025-05-13T02:45:45.646+0000] {dag.py:3423} INFO - Setting next_dagrun for example_weekday_branch_operator to 2025-05-12T00:00:00+00:00, run_after=2025-05-13T00:00:00+00:00
[2025-05-13T02:45:45.669+0000] {processor.py:175} INFO - Processing /home/airflow/.local/lib/python3.9/site-packages/airflow/example_dags/example_branch_day_of_week_operator.py took 0.278 seconds
[2025-05-13T02:46:16.980+0000] {processor.py:153} INFO - Started process (PID=530) to work on /home/airflow/.local/lib/python3.9/site-packages/airflow/example_dags/example_branch_day_of_week_operator.py
[2025-05-13T02:46:16.982+0000] {processor.py:743} INFO - Processing file /home/airflow/.local/lib/python3.9/site-packages/airflow/example_dags/example_branch_day_of_week_operator.py for tasks to queue
[2025-05-13T02:46:16.983+0000] {logging_mixin.py:137} INFO - [2025-05-13T02:46:16.983+0000] {dagbag.py:538} INFO - Filling up the DagBag from /home/airflow/.local/lib/python3.9/site-packages/airflow/example_dags/example_branch_day_of_week_operator.py
[2025-05-13T02:46:17.010+0000] {processor.py:753} INFO - DAG(s) dict_keys(['example_weekday_branch_operator']) retrieved from /home/airflow/.local/lib/python3.9/site-packages/airflow/example_dags/example_branch_day_of_week_operator.py
[2025-05-13T02:46:17.068+0000] {logging_mixin.py:137} INFO - [2025-05-13T02:46:17.068+0000] {dag.py:2676} INFO - Sync 1 DAGs
[2025-05-13T02:46:17.102+0000] {logging_mixin.py:137} INFO - [2025-05-13T02:46:17.102+0000] {dag.py:3423} INFO - Setting next_dagrun for example_weekday_branch_operator to 2025-05-12T00:00:00+00:00, run_after=2025-05-13T00:00:00+00:00
[2025-05-13T02:46:17.129+0000] {processor.py:175} INFO - Processing /home/airflow/.local/lib/python3.9/site-packages/airflow/example_dags/example_branch_day_of_week_operator.py took 0.155 seconds
[2025-05-13T02:46:47.536+0000] {processor.py:153} INFO - Started process (PID=729) to work on /home/airflow/.local/lib/python3.9/site-packages/airflow/example_dags/example_branch_day_of_week_operator.py
[2025-05-13T02:46:47.537+0000] {processor.py:743} INFO - Processing file /home/airflow/.local/lib/python3.9/site-packages/airflow/example_dags/example_branch_day_of_week_operator.py for tasks to queue
[2025-05-13T02:46:47.539+0000] {logging_mixin.py:137} INFO - [2025-05-13T02:46:47.539+0000] {dagbag.py:538} INFO - Filling up the DagBag from /home/airflow/.local/lib/python3.9/site-packages/airflow/example_dags/example_branch_day_of_week_operator.py
[2025-05-13T02:46:47.570+0000] {processor.py:753} INFO - DAG(s) dict_keys(['example_weekday_branch_operator']) retrieved from /home/airflow/.local/lib/python3.9/site-packages/airflow/example_dags/example_branch_day_of_week_operator.py
[2025-05-13T02:46:47.625+0000] {logging_mixin.py:137} INFO - [2025-05-13T02:46:47.625+0000] {dag.py:2676} INFO - Sync 1 DAGs
[2025-05-13T02:46:47.660+0000] {logging_mixin.py:137} INFO - [2025-05-13T02:46:47.660+0000] {dag.py:3423} INFO - Setting next_dagrun for example_weekday_branch_operator to 2025-05-12T00:00:00+00:00, run_after=2025-05-13T00:00:00+00:00
[2025-05-13T02:46:47.685+0000] {processor.py:175} INFO - Processing /home/airflow/.local/lib/python3.9/site-packages/airflow/example_dags/example_branch_day_of_week_operator.py took 0.154 seconds
[2025-05-13T02:47:18.379+0000] {processor.py:153} INFO - Started process (PID=932) to work on /home/airflow/.local/lib/python3.9/site-packages/airflow/example_dags/example_branch_day_of_week_operator.py
[2025-05-13T02:47:18.380+0000] {processor.py:743} INFO - Processing file /home/airflow/.local/lib/python3.9/site-packages/airflow/example_dags/example_branch_day_of_week_operator.py for tasks to queue
[2025-05-13T02:47:18.382+0000] {logging_mixin.py:137} INFO - [2025-05-13T02:47:18.381+0000] {dagbag.py:538} INFO - Filling up the DagBag from /home/airflow/.local/lib/python3.9/site-packages/airflow/example_dags/example_branch_day_of_week_operator.py
[2025-05-13T02:47:18.416+0000] {processor.py:753} INFO - DAG(s) dict_keys(['example_weekday_branch_operator']) retrieved from /home/airflow/.local/lib/python3.9/site-packages/airflow/example_dags/example_branch_day_of_week_operator.py
[2025-05-13T02:47:18.477+0000] {logging_mixin.py:137} INFO - [2025-05-13T02:47:18.476+0000] {dag.py:2676} INFO - Sync 1 DAGs
[2025-05-13T02:47:18.514+0000] {logging_mixin.py:137} INFO - [2025-05-13T02:47:18.514+0000] {dag.py:3423} INFO - Setting next_dagrun for example_weekday_branch_operator to 2025-05-12T00:00:00+00:00, run_after=2025-05-13T00:00:00+00:00
[2025-05-13T02:47:18.540+0000] {processor.py:175} INFO - Processing /home/airflow/.local/lib/python3.9/site-packages/airflow/example_dags/example_branch_day_of_week_operator.py took 0.165 seconds
[2025-05-13T02:47:48.696+0000] {processor.py:153} INFO - Started process (PID=1135) to work on /home/airflow/.local/lib/python3.9/site-packages/airflow/example_dags/example_branch_day_of_week_operator.py
[2025-05-13T02:47:48.698+0000] {processor.py:743} INFO - Processing file /home/airflow/.local/lib/python3.9/site-packages/airflow/example_dags/example_branch_day_of_week_operator.py for tasks to queue
[2025-05-13T02:47:48.699+0000] {logging_mixin.py:137} INFO - [2025-05-13T02:47:48.699+0000] {dagbag.py:538} INFO - Filling up the DagBag from /home/airflow/.local/lib/python3.9/site-packages/airflow/example_dags/example_branch_day_of_week_operator.py
[2025-05-13T02:47:48.723+0000] {processor.py:753} INFO - DAG(s) dict_keys(['example_weekday_branch_operator']) retrieved from /home/airflow/.local/lib/python3.9/site-packages/airflow/example_dags/example_branch_day_of_week_operator.py
[2025-05-13T02:47:48.782+0000] {logging_mixin.py:137} INFO - [2025-05-13T02:47:48.782+0000] {dag.py:2676} INFO - Sync 1 DAGs
[2025-05-13T02:47:48.815+0000] {logging_mixin.py:137} INFO - [2025-05-13T02:47:48.814+0000] {dag.py:3423} INFO - Setting next_dagrun for example_weekday_branch_operator to 2025-05-12T00:00:00+00:00, run_after=2025-05-13T00:00:00+00:00
[2025-05-13T02:47:48.839+0000] {processor.py:175} INFO - Processing /home/airflow/.local/lib/python3.9/site-packages/airflow/example_dags/example_branch_day_of_week_operator.py took 0.146 seconds
[2025-05-13T02:49:33.354+0000] {processor.py:153} INFO - Started process (PID=342) to work on /home/airflow/.local/lib/python3.9/site-packages/airflow/example_dags/example_branch_day_of_week_operator.py
[2025-05-13T02:49:33.357+0000] {processor.py:743} INFO - Processing file /home/airflow/.local/lib/python3.9/site-packages/airflow/example_dags/example_branch_day_of_week_operator.py for tasks to queue
[2025-05-13T02:49:33.360+0000] {logging_mixin.py:137} INFO - [2025-05-13T02:49:33.359+0000] {dagbag.py:538} INFO - Filling up the DagBag from /home/airflow/.local/lib/python3.9/site-packages/airflow/example_dags/example_branch_day_of_week_operator.py
[2025-05-13T02:49:33.401+0000] {processor.py:753} INFO - DAG(s) dict_keys(['example_weekday_branch_operator']) retrieved from /home/airflow/.local/lib/python3.9/site-packages/airflow/example_dags/example_branch_day_of_week_operator.py
[2025-05-13T02:49:33.494+0000] {logging_mixin.py:137} INFO - [2025-05-13T02:49:33.494+0000] {dag.py:2676} INFO - Sync 1 DAGs
[2025-05-13T02:49:33.567+0000] {logging_mixin.py:137} INFO - [2025-05-13T02:49:33.567+0000] {dag.py:3423} INFO - Setting next_dagrun for example_weekday_branch_operator to 2025-05-12T00:00:00+00:00, run_after=2025-05-13T00:00:00+00:00
[2025-05-13T02:49:33.613+0000] {processor.py:175} INFO - Processing /home/airflow/.local/lib/python3.9/site-packages/airflow/example_dags/example_branch_day_of_week_operator.py took 0.268 seconds
[2025-05-13T02:50:04.600+0000] {processor.py:153} INFO - Started process (PID=545) to work on /home/airflow/.local/lib/python3.9/site-packages/airflow/example_dags/example_branch_day_of_week_operator.py
[2025-05-13T02:50:04.601+0000] {processor.py:743} INFO - Processing file /home/airflow/.local/lib/python3.9/site-packages/airflow/example_dags/example_branch_day_of_week_operator.py for tasks to queue
[2025-05-13T02:50:04.602+0000] {logging_mixin.py:137} INFO - [2025-05-13T02:50:04.602+0000] {dagbag.py:538} INFO - Filling up the DagBag from /home/airflow/.local/lib/python3.9/site-packages/airflow/example_dags/example_branch_day_of_week_operator.py
[2025-05-13T02:50:04.621+0000] {processor.py:753} INFO - DAG(s) dict_keys(['example_weekday_branch_operator']) retrieved from /home/airflow/.local/lib/python3.9/site-packages/airflow/example_dags/example_branch_day_of_week_operator.py
[2025-05-13T02:50:04.663+0000] {logging_mixin.py:137} INFO - [2025-05-13T02:50:04.663+0000] {dag.py:2676} INFO - Sync 1 DAGs
[2025-05-13T02:50:04.698+0000] {logging_mixin.py:137} INFO - [2025-05-13T02:50:04.698+0000] {dag.py:3423} INFO - Setting next_dagrun for example_weekday_branch_operator to 2025-05-12T00:00:00+00:00, run_after=2025-05-13T00:00:00+00:00
[2025-05-13T02:50:04.728+0000] {processor.py:175} INFO - Processing /home/airflow/.local/lib/python3.9/site-packages/airflow/example_dags/example_branch_day_of_week_operator.py took 0.132 seconds
[2025-05-13T02:50:35.392+0000] {processor.py:153} INFO - Started process (PID=742) to work on /home/airflow/.local/lib/python3.9/site-packages/airflow/example_dags/example_branch_day_of_week_operator.py
[2025-05-13T02:50:35.394+0000] {processor.py:743} INFO - Processing file /home/airflow/.local/lib/python3.9/site-packages/airflow/example_dags/example_branch_day_of_week_operator.py for tasks to queue
[2025-05-13T02:50:35.395+0000] {logging_mixin.py:137} INFO - [2025-05-13T02:50:35.395+0000] {dagbag.py:538} INFO - Filling up the DagBag from /home/airflow/.local/lib/python3.9/site-packages/airflow/example_dags/example_branch_day_of_week_operator.py
[2025-05-13T02:50:35.428+0000] {processor.py:753} INFO - DAG(s) dict_keys(['example_weekday_branch_operator']) retrieved from /home/airflow/.local/lib/python3.9/site-packages/airflow/example_dags/example_branch_day_of_week_operator.py
[2025-05-13T02:50:35.484+0000] {logging_mixin.py:137} INFO - [2025-05-13T02:50:35.484+0000] {dag.py:2676} INFO - Sync 1 DAGs
[2025-05-13T02:50:35.519+0000] {logging_mixin.py:137} INFO - [2025-05-13T02:50:35.519+0000] {dag.py:3423} INFO - Setting next_dagrun for example_weekday_branch_operator to 2025-05-12T00:00:00+00:00, run_after=2025-05-13T00:00:00+00:00
[2025-05-13T02:50:35.544+0000] {processor.py:175} INFO - Processing /home/airflow/.local/lib/python3.9/site-packages/airflow/example_dags/example_branch_day_of_week_operator.py took 0.157 seconds
[2025-05-13T21:18:30.454+0000] {processor.py:153} INFO - Started process (PID=327) to work on /home/airflow/.local/lib/python3.9/site-packages/airflow/example_dags/example_branch_day_of_week_operator.py
[2025-05-13T21:18:30.456+0000] {processor.py:743} INFO - Processing file /home/airflow/.local/lib/python3.9/site-packages/airflow/example_dags/example_branch_day_of_week_operator.py for tasks to queue
[2025-05-13T21:18:30.457+0000] {logging_mixin.py:137} INFO - [2025-05-13T21:18:30.457+0000] {dagbag.py:538} INFO - Filling up the DagBag from /home/airflow/.local/lib/python3.9/site-packages/airflow/example_dags/example_branch_day_of_week_operator.py
[2025-05-13T21:18:30.486+0000] {processor.py:753} INFO - DAG(s) dict_keys(['example_weekday_branch_operator']) retrieved from /home/airflow/.local/lib/python3.9/site-packages/airflow/example_dags/example_branch_day_of_week_operator.py
[2025-05-13T21:18:30.653+0000] {logging_mixin.py:137} INFO - [2025-05-13T21:18:30.653+0000] {manager.py:504} INFO - Created Permission View: can edit on DAG:example_weekday_branch_operator
[2025-05-13T21:18:30.667+0000] {logging_mixin.py:137} INFO - [2025-05-13T21:18:30.667+0000] {manager.py:504} INFO - Created Permission View: can delete on DAG:example_weekday_branch_operator
[2025-05-13T21:18:30.677+0000] {logging_mixin.py:137} INFO - [2025-05-13T21:18:30.677+0000] {manager.py:504} INFO - Created Permission View: can read on DAG:example_weekday_branch_operator
[2025-05-13T21:18:30.677+0000] {logging_mixin.py:137} INFO - [2025-05-13T21:18:30.677+0000] {dag.py:2676} INFO - Sync 1 DAGs
[2025-05-13T21:18:30.694+0000] {logging_mixin.py:137} INFO - [2025-05-13T21:18:30.694+0000] {dag.py:2697} INFO - Creating ORM DAG for example_weekday_branch_operator
[2025-05-13T21:18:30.710+0000] {logging_mixin.py:137} INFO - [2025-05-13T21:18:30.710+0000] {dag.py:3423} INFO - Setting next_dagrun for example_weekday_branch_operator to 2025-05-12T00:00:00+00:00, run_after=2025-05-13T00:00:00+00:00
[2025-05-13T21:18:30.733+0000] {processor.py:175} INFO - Processing /home/airflow/.local/lib/python3.9/site-packages/airflow/example_dags/example_branch_day_of_week_operator.py took 0.285 seconds
[2025-05-13T21:19:00.876+0000] {processor.py:153} INFO - Started process (PID=530) to work on /home/airflow/.local/lib/python3.9/site-packages/airflow/example_dags/example_branch_day_of_week_operator.py
[2025-05-13T21:19:00.877+0000] {processor.py:743} INFO - Processing file /home/airflow/.local/lib/python3.9/site-packages/airflow/example_dags/example_branch_day_of_week_operator.py for tasks to queue
[2025-05-13T21:19:00.879+0000] {logging_mixin.py:137} INFO - [2025-05-13T21:19:00.878+0000] {dagbag.py:538} INFO - Filling up the DagBag from /home/airflow/.local/lib/python3.9/site-packages/airflow/example_dags/example_branch_day_of_week_operator.py
[2025-05-13T21:19:00.902+0000] {processor.py:753} INFO - DAG(s) dict_keys(['example_weekday_branch_operator']) retrieved from /home/airflow/.local/lib/python3.9/site-packages/airflow/example_dags/example_branch_day_of_week_operator.py
[2025-05-13T21:19:00.943+0000] {logging_mixin.py:137} INFO - [2025-05-13T21:19:00.943+0000] {dag.py:2676} INFO - Sync 1 DAGs
[2025-05-13T21:19:00.966+0000] {logging_mixin.py:137} INFO - [2025-05-13T21:19:00.965+0000] {dag.py:3423} INFO - Setting next_dagrun for example_weekday_branch_operator to 2025-05-12T00:00:00+00:00, run_after=2025-05-13T00:00:00+00:00
[2025-05-13T21:19:00.984+0000] {processor.py:175} INFO - Processing /home/airflow/.local/lib/python3.9/site-packages/airflow/example_dags/example_branch_day_of_week_operator.py took 0.112 seconds
[2025-05-13T21:19:31.032+0000] {processor.py:153} INFO - Started process (PID=727) to work on /home/airflow/.local/lib/python3.9/site-packages/airflow/example_dags/example_branch_day_of_week_operator.py
[2025-05-13T21:19:31.034+0000] {processor.py:743} INFO - Processing file /home/airflow/.local/lib/python3.9/site-packages/airflow/example_dags/example_branch_day_of_week_operator.py for tasks to queue
[2025-05-13T21:19:31.036+0000] {logging_mixin.py:137} INFO - [2025-05-13T21:19:31.036+0000] {dagbag.py:538} INFO - Filling up the DagBag from /home/airflow/.local/lib/python3.9/site-packages/airflow/example_dags/example_branch_day_of_week_operator.py
[2025-05-13T21:19:31.068+0000] {processor.py:753} INFO - DAG(s) dict_keys(['example_weekday_branch_operator']) retrieved from /home/airflow/.local/lib/python3.9/site-packages/airflow/example_dags/example_branch_day_of_week_operator.py
[2025-05-13T21:19:31.135+0000] {logging_mixin.py:137} INFO - [2025-05-13T21:19:31.135+0000] {dag.py:2676} INFO - Sync 1 DAGs
[2025-05-13T21:19:31.177+0000] {logging_mixin.py:137} INFO - [2025-05-13T21:19:31.176+0000] {dag.py:3423} INFO - Setting next_dagrun for example_weekday_branch_operator to 2025-05-12T00:00:00+00:00, run_after=2025-05-13T00:00:00+00:00
[2025-05-13T21:19:31.217+0000] {processor.py:175} INFO - Processing /home/airflow/.local/lib/python3.9/site-packages/airflow/example_dags/example_branch_day_of_week_operator.py took 0.192 seconds
[2025-05-13T21:20:02.087+0000] {processor.py:153} INFO - Started process (PID=930) to work on /home/airflow/.local/lib/python3.9/site-packages/airflow/example_dags/example_branch_day_of_week_operator.py
[2025-05-13T21:20:02.091+0000] {processor.py:743} INFO - Processing file /home/airflow/.local/lib/python3.9/site-packages/airflow/example_dags/example_branch_day_of_week_operator.py for tasks to queue
[2025-05-13T21:20:02.095+0000] {logging_mixin.py:137} INFO - [2025-05-13T21:20:02.094+0000] {dagbag.py:538} INFO - Filling up the DagBag from /home/airflow/.local/lib/python3.9/site-packages/airflow/example_dags/example_branch_day_of_week_operator.py
[2025-05-13T21:20:02.146+0000] {processor.py:753} INFO - DAG(s) dict_keys(['example_weekday_branch_operator']) retrieved from /home/airflow/.local/lib/python3.9/site-packages/airflow/example_dags/example_branch_day_of_week_operator.py
[2025-05-13T21:20:02.370+0000] {logging_mixin.py:137} INFO - [2025-05-13T21:20:02.370+0000] {dag.py:2676} INFO - Sync 1 DAGs
[2025-05-13T21:20:02.463+0000] {logging_mixin.py:137} INFO - [2025-05-13T21:20:02.463+0000] {dag.py:3423} INFO - Setting next_dagrun for example_weekday_branch_operator to 2025-05-12T00:00:00+00:00, run_after=2025-05-13T00:00:00+00:00
[2025-05-13T21:20:02.554+0000] {processor.py:175} INFO - Processing /home/airflow/.local/lib/python3.9/site-packages/airflow/example_dags/example_branch_day_of_week_operator.py took 0.479 seconds
[2025-05-13T21:20:32.711+0000] {processor.py:153} INFO - Started process (PID=1132) to work on /home/airflow/.local/lib/python3.9/site-packages/airflow/example_dags/example_branch_day_of_week_operator.py
[2025-05-13T21:20:32.713+0000] {processor.py:743} INFO - Processing file /home/airflow/.local/lib/python3.9/site-packages/airflow/example_dags/example_branch_day_of_week_operator.py for tasks to queue
[2025-05-13T21:20:32.714+0000] {logging_mixin.py:137} INFO - [2025-05-13T21:20:32.714+0000] {dagbag.py:538} INFO - Filling up the DagBag from /home/airflow/.local/lib/python3.9/site-packages/airflow/example_dags/example_branch_day_of_week_operator.py
[2025-05-13T21:20:32.736+0000] {processor.py:753} INFO - DAG(s) dict_keys(['example_weekday_branch_operator']) retrieved from /home/airflow/.local/lib/python3.9/site-packages/airflow/example_dags/example_branch_day_of_week_operator.py
[2025-05-13T21:20:32.789+0000] {logging_mixin.py:137} INFO - [2025-05-13T21:20:32.789+0000] {dag.py:2676} INFO - Sync 1 DAGs
[2025-05-13T21:20:32.825+0000] {logging_mixin.py:137} INFO - [2025-05-13T21:20:32.825+0000] {dag.py:3423} INFO - Setting next_dagrun for example_weekday_branch_operator to 2025-05-12T00:00:00+00:00, run_after=2025-05-13T00:00:00+00:00
[2025-05-13T21:20:32.858+0000] {processor.py:175} INFO - Processing /home/airflow/.local/lib/python3.9/site-packages/airflow/example_dags/example_branch_day_of_week_operator.py took 0.153 seconds
[2025-05-13T21:21:02.932+0000] {processor.py:153} INFO - Started process (PID=1339) to work on /home/airflow/.local/lib/python3.9/site-packages/airflow/example_dags/example_branch_day_of_week_operator.py
[2025-05-13T21:21:02.933+0000] {processor.py:743} INFO - Processing file /home/airflow/.local/lib/python3.9/site-packages/airflow/example_dags/example_branch_day_of_week_operator.py for tasks to queue
[2025-05-13T21:21:02.935+0000] {logging_mixin.py:137} INFO - [2025-05-13T21:21:02.934+0000] {dagbag.py:538} INFO - Filling up the DagBag from /home/airflow/.local/lib/python3.9/site-packages/airflow/example_dags/example_branch_day_of_week_operator.py
[2025-05-13T21:21:02.959+0000] {processor.py:753} INFO - DAG(s) dict_keys(['example_weekday_branch_operator']) retrieved from /home/airflow/.local/lib/python3.9/site-packages/airflow/example_dags/example_branch_day_of_week_operator.py
[2025-05-13T21:21:03.016+0000] {logging_mixin.py:137} INFO - [2025-05-13T21:21:03.016+0000] {dag.py:2676} INFO - Sync 1 DAGs
[2025-05-13T21:21:03.049+0000] {logging_mixin.py:137} INFO - [2025-05-13T21:21:03.049+0000] {dag.py:3423} INFO - Setting next_dagrun for example_weekday_branch_operator to 2025-05-12T00:00:00+00:00, run_after=2025-05-13T00:00:00+00:00
[2025-05-13T21:21:03.077+0000] {processor.py:175} INFO - Processing /home/airflow/.local/lib/python3.9/site-packages/airflow/example_dags/example_branch_day_of_week_operator.py took 0.149 seconds
[2025-05-13T21:21:33.432+0000] {processor.py:153} INFO - Started process (PID=1542) to work on /home/airflow/.local/lib/python3.9/site-packages/airflow/example_dags/example_branch_day_of_week_operator.py
[2025-05-13T21:21:33.434+0000] {processor.py:743} INFO - Processing file /home/airflow/.local/lib/python3.9/site-packages/airflow/example_dags/example_branch_day_of_week_operator.py for tasks to queue
[2025-05-13T21:21:33.435+0000] {logging_mixin.py:137} INFO - [2025-05-13T21:21:33.435+0000] {dagbag.py:538} INFO - Filling up the DagBag from /home/airflow/.local/lib/python3.9/site-packages/airflow/example_dags/example_branch_day_of_week_operator.py
[2025-05-13T21:21:33.457+0000] {processor.py:753} INFO - DAG(s) dict_keys(['example_weekday_branch_operator']) retrieved from /home/airflow/.local/lib/python3.9/site-packages/airflow/example_dags/example_branch_day_of_week_operator.py
[2025-05-13T21:21:33.518+0000] {logging_mixin.py:137} INFO - [2025-05-13T21:21:33.517+0000] {dag.py:2676} INFO - Sync 1 DAGs
[2025-05-13T21:21:33.575+0000] {logging_mixin.py:137} INFO - [2025-05-13T21:21:33.575+0000] {dag.py:3423} INFO - Setting next_dagrun for example_weekday_branch_operator to 2025-05-12T00:00:00+00:00, run_after=2025-05-13T00:00:00+00:00
[2025-05-13T21:21:33.605+0000] {processor.py:175} INFO - Processing /home/airflow/.local/lib/python3.9/site-packages/airflow/example_dags/example_branch_day_of_week_operator.py took 0.177 seconds
[2025-05-13T21:22:04.132+0000] {processor.py:153} INFO - Started process (PID=1745) to work on /home/airflow/.local/lib/python3.9/site-packages/airflow/example_dags/example_branch_day_of_week_operator.py
[2025-05-13T21:22:04.133+0000] {processor.py:743} INFO - Processing file /home/airflow/.local/lib/python3.9/site-packages/airflow/example_dags/example_branch_day_of_week_operator.py for tasks to queue
[2025-05-13T21:22:04.134+0000] {logging_mixin.py:137} INFO - [2025-05-13T21:22:04.134+0000] {dagbag.py:538} INFO - Filling up the DagBag from /home/airflow/.local/lib/python3.9/site-packages/airflow/example_dags/example_branch_day_of_week_operator.py
[2025-05-13T21:22:04.155+0000] {processor.py:753} INFO - DAG(s) dict_keys(['example_weekday_branch_operator']) retrieved from /home/airflow/.local/lib/python3.9/site-packages/airflow/example_dags/example_branch_day_of_week_operator.py
[2025-05-13T21:22:04.219+0000] {logging_mixin.py:137} INFO - [2025-05-13T21:22:04.219+0000] {dag.py:2676} INFO - Sync 1 DAGs
[2025-05-13T21:22:04.251+0000] {logging_mixin.py:137} INFO - [2025-05-13T21:22:04.251+0000] {dag.py:3423} INFO - Setting next_dagrun for example_weekday_branch_operator to 2025-05-12T00:00:00+00:00, run_after=2025-05-13T00:00:00+00:00
[2025-05-13T21:22:04.275+0000] {processor.py:175} INFO - Processing /home/airflow/.local/lib/python3.9/site-packages/airflow/example_dags/example_branch_day_of_week_operator.py took 0.148 seconds
[2025-05-13T21:22:34.652+0000] {processor.py:153} INFO - Started process (PID=1947) to work on /home/airflow/.local/lib/python3.9/site-packages/airflow/example_dags/example_branch_day_of_week_operator.py
[2025-05-13T21:22:34.653+0000] {processor.py:743} INFO - Processing file /home/airflow/.local/lib/python3.9/site-packages/airflow/example_dags/example_branch_day_of_week_operator.py for tasks to queue
[2025-05-13T21:22:34.654+0000] {logging_mixin.py:137} INFO - [2025-05-13T21:22:34.654+0000] {dagbag.py:538} INFO - Filling up the DagBag from /home/airflow/.local/lib/python3.9/site-packages/airflow/example_dags/example_branch_day_of_week_operator.py
[2025-05-13T21:22:34.676+0000] {processor.py:753} INFO - DAG(s) dict_keys(['example_weekday_branch_operator']) retrieved from /home/airflow/.local/lib/python3.9/site-packages/airflow/example_dags/example_branch_day_of_week_operator.py
[2025-05-13T21:22:34.726+0000] {logging_mixin.py:137} INFO - [2025-05-13T21:22:34.726+0000] {dag.py:2676} INFO - Sync 1 DAGs
[2025-05-13T21:22:34.755+0000] {logging_mixin.py:137} INFO - [2025-05-13T21:22:34.755+0000] {dag.py:3423} INFO - Setting next_dagrun for example_weekday_branch_operator to 2025-05-12T00:00:00+00:00, run_after=2025-05-13T00:00:00+00:00
[2025-05-13T21:22:34.782+0000] {processor.py:175} INFO - Processing /home/airflow/.local/lib/python3.9/site-packages/airflow/example_dags/example_branch_day_of_week_operator.py took 0.135 seconds
[2025-05-13T21:23:05.126+0000] {processor.py:153} INFO - Started process (PID=2150) to work on /home/airflow/.local/lib/python3.9/site-packages/airflow/example_dags/example_branch_day_of_week_operator.py
[2025-05-13T21:23:05.127+0000] {processor.py:743} INFO - Processing file /home/airflow/.local/lib/python3.9/site-packages/airflow/example_dags/example_branch_day_of_week_operator.py for tasks to queue
[2025-05-13T21:23:05.128+0000] {logging_mixin.py:137} INFO - [2025-05-13T21:23:05.128+0000] {dagbag.py:538} INFO - Filling up the DagBag from /home/airflow/.local/lib/python3.9/site-packages/airflow/example_dags/example_branch_day_of_week_operator.py
[2025-05-13T21:23:05.150+0000] {processor.py:753} INFO - DAG(s) dict_keys(['example_weekday_branch_operator']) retrieved from /home/airflow/.local/lib/python3.9/site-packages/airflow/example_dags/example_branch_day_of_week_operator.py
[2025-05-13T21:23:05.211+0000] {logging_mixin.py:137} INFO - [2025-05-13T21:23:05.211+0000] {dag.py:2676} INFO - Sync 1 DAGs
[2025-05-13T21:23:05.246+0000] {logging_mixin.py:137} INFO - [2025-05-13T21:23:05.246+0000] {dag.py:3423} INFO - Setting next_dagrun for example_weekday_branch_operator to 2025-05-12T00:00:00+00:00, run_after=2025-05-13T00:00:00+00:00
[2025-05-13T21:23:05.277+0000] {processor.py:175} INFO - Processing /home/airflow/.local/lib/python3.9/site-packages/airflow/example_dags/example_branch_day_of_week_operator.py took 0.155 seconds
[2025-05-13T21:23:35.693+0000] {processor.py:153} INFO - Started process (PID=2354) to work on /home/airflow/.local/lib/python3.9/site-packages/airflow/example_dags/example_branch_day_of_week_operator.py
[2025-05-13T21:23:35.694+0000] {processor.py:743} INFO - Processing file /home/airflow/.local/lib/python3.9/site-packages/airflow/example_dags/example_branch_day_of_week_operator.py for tasks to queue
[2025-05-13T21:23:35.695+0000] {logging_mixin.py:137} INFO - [2025-05-13T21:23:35.695+0000] {dagbag.py:538} INFO - Filling up the DagBag from /home/airflow/.local/lib/python3.9/site-packages/airflow/example_dags/example_branch_day_of_week_operator.py
[2025-05-13T21:23:35.716+0000] {processor.py:753} INFO - DAG(s) dict_keys(['example_weekday_branch_operator']) retrieved from /home/airflow/.local/lib/python3.9/site-packages/airflow/example_dags/example_branch_day_of_week_operator.py
[2025-05-13T21:23:35.769+0000] {logging_mixin.py:137} INFO - [2025-05-13T21:23:35.769+0000] {dag.py:2676} INFO - Sync 1 DAGs
[2025-05-13T21:23:35.807+0000] {logging_mixin.py:137} INFO - [2025-05-13T21:23:35.807+0000] {dag.py:3423} INFO - Setting next_dagrun for example_weekday_branch_operator to 2025-05-12T00:00:00+00:00, run_after=2025-05-13T00:00:00+00:00
[2025-05-13T21:23:35.833+0000] {processor.py:175} INFO - Processing /home/airflow/.local/lib/python3.9/site-packages/airflow/example_dags/example_branch_day_of_week_operator.py took 0.146 seconds
[2025-05-13T21:24:06.294+0000] {processor.py:153} INFO - Started process (PID=2556) to work on /home/airflow/.local/lib/python3.9/site-packages/airflow/example_dags/example_branch_day_of_week_operator.py
[2025-05-13T21:24:06.296+0000] {processor.py:743} INFO - Processing file /home/airflow/.local/lib/python3.9/site-packages/airflow/example_dags/example_branch_day_of_week_operator.py for tasks to queue
[2025-05-13T21:24:06.297+0000] {logging_mixin.py:137} INFO - [2025-05-13T21:24:06.296+0000] {dagbag.py:538} INFO - Filling up the DagBag from /home/airflow/.local/lib/python3.9/site-packages/airflow/example_dags/example_branch_day_of_week_operator.py
[2025-05-13T21:24:06.316+0000] {processor.py:753} INFO - DAG(s) dict_keys(['example_weekday_branch_operator']) retrieved from /home/airflow/.local/lib/python3.9/site-packages/airflow/example_dags/example_branch_day_of_week_operator.py
[2025-05-13T21:24:06.360+0000] {logging_mixin.py:137} INFO - [2025-05-13T21:24:06.360+0000] {dag.py:2676} INFO - Sync 1 DAGs
[2025-05-13T21:24:06.388+0000] {logging_mixin.py:137} INFO - [2025-05-13T21:24:06.388+0000] {dag.py:3423} INFO - Setting next_dagrun for example_weekday_branch_operator to 2025-05-12T00:00:00+00:00, run_after=2025-05-13T00:00:00+00:00
[2025-05-13T21:24:06.409+0000] {processor.py:175} INFO - Processing /home/airflow/.local/lib/python3.9/site-packages/airflow/example_dags/example_branch_day_of_week_operator.py took 0.119 seconds
[2025-05-13T21:24:37.686+0000] {processor.py:153} INFO - Started process (PID=2760) to work on /home/airflow/.local/lib/python3.9/site-packages/airflow/example_dags/example_branch_day_of_week_operator.py
[2025-05-13T21:24:37.688+0000] {processor.py:743} INFO - Processing file /home/airflow/.local/lib/python3.9/site-packages/airflow/example_dags/example_branch_day_of_week_operator.py for tasks to queue
[2025-05-13T21:24:37.689+0000] {logging_mixin.py:137} INFO - [2025-05-13T21:24:37.689+0000] {dagbag.py:538} INFO - Filling up the DagBag from /home/airflow/.local/lib/python3.9/site-packages/airflow/example_dags/example_branch_day_of_week_operator.py
[2025-05-13T21:24:37.712+0000] {processor.py:753} INFO - DAG(s) dict_keys(['example_weekday_branch_operator']) retrieved from /home/airflow/.local/lib/python3.9/site-packages/airflow/example_dags/example_branch_day_of_week_operator.py
[2025-05-13T21:24:37.768+0000] {logging_mixin.py:137} INFO - [2025-05-13T21:24:37.768+0000] {dag.py:2676} INFO - Sync 1 DAGs
[2025-05-13T21:24:37.799+0000] {logging_mixin.py:137} INFO - [2025-05-13T21:24:37.799+0000] {dag.py:3423} INFO - Setting next_dagrun for example_weekday_branch_operator to 2025-05-12T00:00:00+00:00, run_after=2025-05-13T00:00:00+00:00
[2025-05-13T21:24:37.820+0000] {processor.py:175} INFO - Processing /home/airflow/.local/lib/python3.9/site-packages/airflow/example_dags/example_branch_day_of_week_operator.py took 0.139 seconds
[2025-05-13T21:25:08.287+0000] {processor.py:153} INFO - Started process (PID=2961) to work on /home/airflow/.local/lib/python3.9/site-packages/airflow/example_dags/example_branch_day_of_week_operator.py
[2025-05-13T21:25:08.288+0000] {processor.py:743} INFO - Processing file /home/airflow/.local/lib/python3.9/site-packages/airflow/example_dags/example_branch_day_of_week_operator.py for tasks to queue
[2025-05-13T21:25:08.290+0000] {logging_mixin.py:137} INFO - [2025-05-13T21:25:08.290+0000] {dagbag.py:538} INFO - Filling up the DagBag from /home/airflow/.local/lib/python3.9/site-packages/airflow/example_dags/example_branch_day_of_week_operator.py
[2025-05-13T21:25:08.314+0000] {processor.py:753} INFO - DAG(s) dict_keys(['example_weekday_branch_operator']) retrieved from /home/airflow/.local/lib/python3.9/site-packages/airflow/example_dags/example_branch_day_of_week_operator.py
[2025-05-13T21:25:08.366+0000] {logging_mixin.py:137} INFO - [2025-05-13T21:25:08.365+0000] {dag.py:2676} INFO - Sync 1 DAGs
[2025-05-13T21:25:08.398+0000] {logging_mixin.py:137} INFO - [2025-05-13T21:25:08.397+0000] {dag.py:3423} INFO - Setting next_dagrun for example_weekday_branch_operator to 2025-05-12T00:00:00+00:00, run_after=2025-05-13T00:00:00+00:00
[2025-05-13T21:25:08.420+0000] {processor.py:175} INFO - Processing /home/airflow/.local/lib/python3.9/site-packages/airflow/example_dags/example_branch_day_of_week_operator.py took 0.139 seconds
[2025-05-13T21:25:38.966+0000] {processor.py:153} INFO - Started process (PID=3162) to work on /home/airflow/.local/lib/python3.9/site-packages/airflow/example_dags/example_branch_day_of_week_operator.py
[2025-05-13T21:25:38.967+0000] {processor.py:743} INFO - Processing file /home/airflow/.local/lib/python3.9/site-packages/airflow/example_dags/example_branch_day_of_week_operator.py for tasks to queue
[2025-05-13T21:25:38.968+0000] {logging_mixin.py:137} INFO - [2025-05-13T21:25:38.968+0000] {dagbag.py:538} INFO - Filling up the DagBag from /home/airflow/.local/lib/python3.9/site-packages/airflow/example_dags/example_branch_day_of_week_operator.py
[2025-05-13T21:25:38.991+0000] {processor.py:753} INFO - DAG(s) dict_keys(['example_weekday_branch_operator']) retrieved from /home/airflow/.local/lib/python3.9/site-packages/airflow/example_dags/example_branch_day_of_week_operator.py
[2025-05-13T21:25:39.042+0000] {logging_mixin.py:137} INFO - [2025-05-13T21:25:39.042+0000] {dag.py:2676} INFO - Sync 1 DAGs
[2025-05-13T21:25:39.075+0000] {logging_mixin.py:137} INFO - [2025-05-13T21:25:39.074+0000] {dag.py:3423} INFO - Setting next_dagrun for example_weekday_branch_operator to 2025-05-12T00:00:00+00:00, run_after=2025-05-13T00:00:00+00:00
[2025-05-13T21:25:39.098+0000] {processor.py:175} INFO - Processing /home/airflow/.local/lib/python3.9/site-packages/airflow/example_dags/example_branch_day_of_week_operator.py took 0.137 seconds
[2025-05-13T21:26:09.581+0000] {processor.py:153} INFO - Started process (PID=3377) to work on /home/airflow/.local/lib/python3.9/site-packages/airflow/example_dags/example_branch_day_of_week_operator.py
[2025-05-13T21:26:09.582+0000] {processor.py:743} INFO - Processing file /home/airflow/.local/lib/python3.9/site-packages/airflow/example_dags/example_branch_day_of_week_operator.py for tasks to queue
[2025-05-13T21:26:09.583+0000] {logging_mixin.py:137} INFO - [2025-05-13T21:26:09.583+0000] {dagbag.py:538} INFO - Filling up the DagBag from /home/airflow/.local/lib/python3.9/site-packages/airflow/example_dags/example_branch_day_of_week_operator.py
[2025-05-13T21:26:09.605+0000] {processor.py:753} INFO - DAG(s) dict_keys(['example_weekday_branch_operator']) retrieved from /home/airflow/.local/lib/python3.9/site-packages/airflow/example_dags/example_branch_day_of_week_operator.py
[2025-05-13T21:26:09.658+0000] {logging_mixin.py:137} INFO - [2025-05-13T21:26:09.658+0000] {dag.py:2676} INFO - Sync 1 DAGs
[2025-05-13T21:26:09.691+0000] {logging_mixin.py:137} INFO - [2025-05-13T21:26:09.691+0000] {dag.py:3423} INFO - Setting next_dagrun for example_weekday_branch_operator to 2025-05-12T00:00:00+00:00, run_after=2025-05-13T00:00:00+00:00
[2025-05-13T21:26:09.716+0000] {processor.py:175} INFO - Processing /home/airflow/.local/lib/python3.9/site-packages/airflow/example_dags/example_branch_day_of_week_operator.py took 0.140 seconds
[2025-05-13T21:26:40.418+0000] {processor.py:153} INFO - Started process (PID=3580) to work on /home/airflow/.local/lib/python3.9/site-packages/airflow/example_dags/example_branch_day_of_week_operator.py
[2025-05-13T21:26:40.420+0000] {processor.py:743} INFO - Processing file /home/airflow/.local/lib/python3.9/site-packages/airflow/example_dags/example_branch_day_of_week_operator.py for tasks to queue
[2025-05-13T21:26:40.421+0000] {logging_mixin.py:137} INFO - [2025-05-13T21:26:40.420+0000] {dagbag.py:538} INFO - Filling up the DagBag from /home/airflow/.local/lib/python3.9/site-packages/airflow/example_dags/example_branch_day_of_week_operator.py
[2025-05-13T21:26:40.445+0000] {processor.py:753} INFO - DAG(s) dict_keys(['example_weekday_branch_operator']) retrieved from /home/airflow/.local/lib/python3.9/site-packages/airflow/example_dags/example_branch_day_of_week_operator.py
[2025-05-13T21:26:40.502+0000] {logging_mixin.py:137} INFO - [2025-05-13T21:26:40.502+0000] {dag.py:2676} INFO - Sync 1 DAGs
[2025-05-13T21:26:40.535+0000] {logging_mixin.py:137} INFO - [2025-05-13T21:26:40.535+0000] {dag.py:3423} INFO - Setting next_dagrun for example_weekday_branch_operator to 2025-05-12T00:00:00+00:00, run_after=2025-05-13T00:00:00+00:00
[2025-05-13T21:26:40.559+0000] {processor.py:175} INFO - Processing /home/airflow/.local/lib/python3.9/site-packages/airflow/example_dags/example_branch_day_of_week_operator.py took 0.146 seconds
[2025-05-13T21:27:10.659+0000] {processor.py:153} INFO - Started process (PID=3780) to work on /home/airflow/.local/lib/python3.9/site-packages/airflow/example_dags/example_branch_day_of_week_operator.py
[2025-05-13T21:27:10.660+0000] {processor.py:743} INFO - Processing file /home/airflow/.local/lib/python3.9/site-packages/airflow/example_dags/example_branch_day_of_week_operator.py for tasks to queue
[2025-05-13T21:27:10.661+0000] {logging_mixin.py:137} INFO - [2025-05-13T21:27:10.661+0000] {dagbag.py:538} INFO - Filling up the DagBag from /home/airflow/.local/lib/python3.9/site-packages/airflow/example_dags/example_branch_day_of_week_operator.py
[2025-05-13T21:27:10.683+0000] {processor.py:753} INFO - DAG(s) dict_keys(['example_weekday_branch_operator']) retrieved from /home/airflow/.local/lib/python3.9/site-packages/airflow/example_dags/example_branch_day_of_week_operator.py
[2025-05-13T21:27:10.732+0000] {logging_mixin.py:137} INFO - [2025-05-13T21:27:10.732+0000] {dag.py:2676} INFO - Sync 1 DAGs
[2025-05-13T21:27:10.761+0000] {logging_mixin.py:137} INFO - [2025-05-13T21:27:10.761+0000] {dag.py:3423} INFO - Setting next_dagrun for example_weekday_branch_operator to 2025-05-12T00:00:00+00:00, run_after=2025-05-13T00:00:00+00:00
[2025-05-13T21:27:10.783+0000] {processor.py:175} INFO - Processing /home/airflow/.local/lib/python3.9/site-packages/airflow/example_dags/example_branch_day_of_week_operator.py took 0.128 seconds
[2025-05-13T21:27:41.253+0000] {processor.py:153} INFO - Started process (PID=3984) to work on /home/airflow/.local/lib/python3.9/site-packages/airflow/example_dags/example_branch_day_of_week_operator.py
[2025-05-13T21:27:41.255+0000] {processor.py:743} INFO - Processing file /home/airflow/.local/lib/python3.9/site-packages/airflow/example_dags/example_branch_day_of_week_operator.py for tasks to queue
[2025-05-13T21:27:41.258+0000] {logging_mixin.py:137} INFO - [2025-05-13T21:27:41.257+0000] {dagbag.py:538} INFO - Filling up the DagBag from /home/airflow/.local/lib/python3.9/site-packages/airflow/example_dags/example_branch_day_of_week_operator.py
[2025-05-13T21:27:41.299+0000] {processor.py:753} INFO - DAG(s) dict_keys(['example_weekday_branch_operator']) retrieved from /home/airflow/.local/lib/python3.9/site-packages/airflow/example_dags/example_branch_day_of_week_operator.py
[2025-05-13T21:27:41.363+0000] {logging_mixin.py:137} INFO - [2025-05-13T21:27:41.363+0000] {dag.py:2676} INFO - Sync 1 DAGs
[2025-05-13T21:27:41.400+0000] {logging_mixin.py:137} INFO - [2025-05-13T21:27:41.400+0000] {dag.py:3423} INFO - Setting next_dagrun for example_weekday_branch_operator to 2025-05-12T00:00:00+00:00, run_after=2025-05-13T00:00:00+00:00
[2025-05-13T21:27:41.427+0000] {processor.py:175} INFO - Processing /home/airflow/.local/lib/python3.9/site-packages/airflow/example_dags/example_branch_day_of_week_operator.py took 0.193 seconds
[2025-05-13T21:28:12.086+0000] {processor.py:153} INFO - Started process (PID=4189) to work on /home/airflow/.local/lib/python3.9/site-packages/airflow/example_dags/example_branch_day_of_week_operator.py
[2025-05-13T21:28:12.088+0000] {processor.py:743} INFO - Processing file /home/airflow/.local/lib/python3.9/site-packages/airflow/example_dags/example_branch_day_of_week_operator.py for tasks to queue
[2025-05-13T21:28:12.089+0000] {logging_mixin.py:137} INFO - [2025-05-13T21:28:12.089+0000] {dagbag.py:538} INFO - Filling up the DagBag from /home/airflow/.local/lib/python3.9/site-packages/airflow/example_dags/example_branch_day_of_week_operator.py
[2025-05-13T21:28:12.113+0000] {processor.py:753} INFO - DAG(s) dict_keys(['example_weekday_branch_operator']) retrieved from /home/airflow/.local/lib/python3.9/site-packages/airflow/example_dags/example_branch_day_of_week_operator.py
[2025-05-13T21:28:12.206+0000] {logging_mixin.py:137} INFO - [2025-05-13T21:28:12.206+0000] {dag.py:2676} INFO - Sync 1 DAGs
[2025-05-13T21:28:12.280+0000] {logging_mixin.py:137} INFO - [2025-05-13T21:28:12.280+0000] {dag.py:3423} INFO - Setting next_dagrun for example_weekday_branch_operator to 2025-05-12T00:00:00+00:00, run_after=2025-05-13T00:00:00+00:00
[2025-05-13T21:28:12.321+0000] {processor.py:175} INFO - Processing /home/airflow/.local/lib/python3.9/site-packages/airflow/example_dags/example_branch_day_of_week_operator.py took 0.240 seconds
[2025-05-13T21:28:42.762+0000] {processor.py:153} INFO - Started process (PID=4392) to work on /home/airflow/.local/lib/python3.9/site-packages/airflow/example_dags/example_branch_day_of_week_operator.py
[2025-05-13T21:28:42.763+0000] {processor.py:743} INFO - Processing file /home/airflow/.local/lib/python3.9/site-packages/airflow/example_dags/example_branch_day_of_week_operator.py for tasks to queue
[2025-05-13T21:28:42.764+0000] {logging_mixin.py:137} INFO - [2025-05-13T21:28:42.763+0000] {dagbag.py:538} INFO - Filling up the DagBag from /home/airflow/.local/lib/python3.9/site-packages/airflow/example_dags/example_branch_day_of_week_operator.py
[2025-05-13T21:28:42.784+0000] {processor.py:753} INFO - DAG(s) dict_keys(['example_weekday_branch_operator']) retrieved from /home/airflow/.local/lib/python3.9/site-packages/airflow/example_dags/example_branch_day_of_week_operator.py
[2025-05-13T21:28:42.830+0000] {logging_mixin.py:137} INFO - [2025-05-13T21:28:42.830+0000] {dag.py:2676} INFO - Sync 1 DAGs
[2025-05-13T21:28:42.858+0000] {logging_mixin.py:137} INFO - [2025-05-13T21:28:42.858+0000] {dag.py:3423} INFO - Setting next_dagrun for example_weekday_branch_operator to 2025-05-12T00:00:00+00:00, run_after=2025-05-13T00:00:00+00:00
[2025-05-13T21:28:42.881+0000] {processor.py:175} INFO - Processing /home/airflow/.local/lib/python3.9/site-packages/airflow/example_dags/example_branch_day_of_week_operator.py took 0.123 seconds
[2025-05-13T21:29:13.696+0000] {processor.py:153} INFO - Started process (PID=4595) to work on /home/airflow/.local/lib/python3.9/site-packages/airflow/example_dags/example_branch_day_of_week_operator.py
[2025-05-13T21:29:13.698+0000] {processor.py:743} INFO - Processing file /home/airflow/.local/lib/python3.9/site-packages/airflow/example_dags/example_branch_day_of_week_operator.py for tasks to queue
[2025-05-13T21:29:13.700+0000] {logging_mixin.py:137} INFO - [2025-05-13T21:29:13.700+0000] {dagbag.py:538} INFO - Filling up the DagBag from /home/airflow/.local/lib/python3.9/site-packages/airflow/example_dags/example_branch_day_of_week_operator.py
[2025-05-13T21:29:13.734+0000] {processor.py:753} INFO - DAG(s) dict_keys(['example_weekday_branch_operator']) retrieved from /home/airflow/.local/lib/python3.9/site-packages/airflow/example_dags/example_branch_day_of_week_operator.py
[2025-05-13T21:29:13.786+0000] {logging_mixin.py:137} INFO - [2025-05-13T21:29:13.786+0000] {dag.py:2676} INFO - Sync 1 DAGs
[2025-05-13T21:29:13.820+0000] {logging_mixin.py:137} INFO - [2025-05-13T21:29:13.819+0000] {dag.py:3423} INFO - Setting next_dagrun for example_weekday_branch_operator to 2025-05-12T00:00:00+00:00, run_after=2025-05-13T00:00:00+00:00
[2025-05-13T21:29:13.844+0000] {processor.py:175} INFO - Processing /home/airflow/.local/lib/python3.9/site-packages/airflow/example_dags/example_branch_day_of_week_operator.py took 0.152 seconds
[2025-05-13T21:29:44.721+0000] {processor.py:153} INFO - Started process (PID=4798) to work on /home/airflow/.local/lib/python3.9/site-packages/airflow/example_dags/example_branch_day_of_week_operator.py
[2025-05-13T21:29:44.723+0000] {processor.py:743} INFO - Processing file /home/airflow/.local/lib/python3.9/site-packages/airflow/example_dags/example_branch_day_of_week_operator.py for tasks to queue
[2025-05-13T21:29:44.724+0000] {logging_mixin.py:137} INFO - [2025-05-13T21:29:44.724+0000] {dagbag.py:538} INFO - Filling up the DagBag from /home/airflow/.local/lib/python3.9/site-packages/airflow/example_dags/example_branch_day_of_week_operator.py
[2025-05-13T21:29:44.747+0000] {processor.py:753} INFO - DAG(s) dict_keys(['example_weekday_branch_operator']) retrieved from /home/airflow/.local/lib/python3.9/site-packages/airflow/example_dags/example_branch_day_of_week_operator.py
[2025-05-13T21:29:44.801+0000] {logging_mixin.py:137} INFO - [2025-05-13T21:29:44.801+0000] {dag.py:2676} INFO - Sync 1 DAGs
[2025-05-13T21:29:44.831+0000] {logging_mixin.py:137} INFO - [2025-05-13T21:29:44.831+0000] {dag.py:3423} INFO - Setting next_dagrun for example_weekday_branch_operator to 2025-05-12T00:00:00+00:00, run_after=2025-05-13T00:00:00+00:00
[2025-05-13T21:29:44.856+0000] {processor.py:175} INFO - Processing /home/airflow/.local/lib/python3.9/site-packages/airflow/example_dags/example_branch_day_of_week_operator.py took 0.139 seconds
[2025-05-13T21:30:15.750+0000] {processor.py:153} INFO - Started process (PID=4999) to work on /home/airflow/.local/lib/python3.9/site-packages/airflow/example_dags/example_branch_day_of_week_operator.py
[2025-05-13T21:30:15.752+0000] {processor.py:743} INFO - Processing file /home/airflow/.local/lib/python3.9/site-packages/airflow/example_dags/example_branch_day_of_week_operator.py for tasks to queue
[2025-05-13T21:30:15.753+0000] {logging_mixin.py:137} INFO - [2025-05-13T21:30:15.752+0000] {dagbag.py:538} INFO - Filling up the DagBag from /home/airflow/.local/lib/python3.9/site-packages/airflow/example_dags/example_branch_day_of_week_operator.py
[2025-05-13T21:30:15.780+0000] {processor.py:753} INFO - DAG(s) dict_keys(['example_weekday_branch_operator']) retrieved from /home/airflow/.local/lib/python3.9/site-packages/airflow/example_dags/example_branch_day_of_week_operator.py
[2025-05-13T21:30:15.853+0000] {logging_mixin.py:137} INFO - [2025-05-13T21:30:15.853+0000] {dag.py:2676} INFO - Sync 1 DAGs
[2025-05-13T21:30:15.887+0000] {logging_mixin.py:137} INFO - [2025-05-13T21:30:15.886+0000] {dag.py:3423} INFO - Setting next_dagrun for example_weekday_branch_operator to 2025-05-12T00:00:00+00:00, run_after=2025-05-13T00:00:00+00:00
[2025-05-13T21:30:15.910+0000] {processor.py:175} INFO - Processing /home/airflow/.local/lib/python3.9/site-packages/airflow/example_dags/example_branch_day_of_week_operator.py took 0.163 seconds
[2025-05-13T21:30:45.945+0000] {processor.py:153} INFO - Started process (PID=5198) to work on /home/airflow/.local/lib/python3.9/site-packages/airflow/example_dags/example_branch_day_of_week_operator.py
[2025-05-13T21:30:45.947+0000] {processor.py:743} INFO - Processing file /home/airflow/.local/lib/python3.9/site-packages/airflow/example_dags/example_branch_day_of_week_operator.py for tasks to queue
[2025-05-13T21:30:45.948+0000] {logging_mixin.py:137} INFO - [2025-05-13T21:30:45.948+0000] {dagbag.py:538} INFO - Filling up the DagBag from /home/airflow/.local/lib/python3.9/site-packages/airflow/example_dags/example_branch_day_of_week_operator.py
[2025-05-13T21:30:45.974+0000] {processor.py:753} INFO - DAG(s) dict_keys(['example_weekday_branch_operator']) retrieved from /home/airflow/.local/lib/python3.9/site-packages/airflow/example_dags/example_branch_day_of_week_operator.py
[2025-05-13T21:30:46.031+0000] {logging_mixin.py:137} INFO - [2025-05-13T21:30:46.031+0000] {dag.py:2676} INFO - Sync 1 DAGs
[2025-05-13T21:30:46.062+0000] {logging_mixin.py:137} INFO - [2025-05-13T21:30:46.062+0000] {dag.py:3423} INFO - Setting next_dagrun for example_weekday_branch_operator to 2025-05-12T00:00:00+00:00, run_after=2025-05-13T00:00:00+00:00
[2025-05-13T21:30:46.083+0000] {processor.py:175} INFO - Processing /home/airflow/.local/lib/python3.9/site-packages/airflow/example_dags/example_branch_day_of_week_operator.py took 0.143 seconds
[2025-05-13T21:31:16.521+0000] {processor.py:153} INFO - Started process (PID=5404) to work on /home/airflow/.local/lib/python3.9/site-packages/airflow/example_dags/example_branch_day_of_week_operator.py
[2025-05-13T21:31:16.522+0000] {processor.py:743} INFO - Processing file /home/airflow/.local/lib/python3.9/site-packages/airflow/example_dags/example_branch_day_of_week_operator.py for tasks to queue
[2025-05-13T21:31:16.523+0000] {logging_mixin.py:137} INFO - [2025-05-13T21:31:16.523+0000] {dagbag.py:538} INFO - Filling up the DagBag from /home/airflow/.local/lib/python3.9/site-packages/airflow/example_dags/example_branch_day_of_week_operator.py
[2025-05-13T21:31:16.545+0000] {processor.py:753} INFO - DAG(s) dict_keys(['example_weekday_branch_operator']) retrieved from /home/airflow/.local/lib/python3.9/site-packages/airflow/example_dags/example_branch_day_of_week_operator.py
[2025-05-13T21:31:16.595+0000] {logging_mixin.py:137} INFO - [2025-05-13T21:31:16.595+0000] {dag.py:2676} INFO - Sync 1 DAGs
[2025-05-13T21:31:16.631+0000] {logging_mixin.py:137} INFO - [2025-05-13T21:31:16.631+0000] {dag.py:3423} INFO - Setting next_dagrun for example_weekday_branch_operator to 2025-05-12T00:00:00+00:00, run_after=2025-05-13T00:00:00+00:00
[2025-05-13T21:31:16.659+0000] {processor.py:175} INFO - Processing /home/airflow/.local/lib/python3.9/site-packages/airflow/example_dags/example_branch_day_of_week_operator.py took 0.142 seconds
[2025-05-13T21:31:46.789+0000] {processor.py:153} INFO - Started process (PID=5606) to work on /home/airflow/.local/lib/python3.9/site-packages/airflow/example_dags/example_branch_day_of_week_operator.py
[2025-05-13T21:31:46.790+0000] {processor.py:743} INFO - Processing file /home/airflow/.local/lib/python3.9/site-packages/airflow/example_dags/example_branch_day_of_week_operator.py for tasks to queue
[2025-05-13T21:31:46.791+0000] {logging_mixin.py:137} INFO - [2025-05-13T21:31:46.791+0000] {dagbag.py:538} INFO - Filling up the DagBag from /home/airflow/.local/lib/python3.9/site-packages/airflow/example_dags/example_branch_day_of_week_operator.py
[2025-05-13T21:31:46.812+0000] {processor.py:753} INFO - DAG(s) dict_keys(['example_weekday_branch_operator']) retrieved from /home/airflow/.local/lib/python3.9/site-packages/airflow/example_dags/example_branch_day_of_week_operator.py
[2025-05-13T21:31:46.846+0000] {logging_mixin.py:137} INFO - [2025-05-13T21:31:46.845+0000] {dag.py:2676} INFO - Sync 1 DAGs
[2025-05-13T21:31:46.876+0000] {logging_mixin.py:137} INFO - [2025-05-13T21:31:46.876+0000] {dag.py:3423} INFO - Setting next_dagrun for example_weekday_branch_operator to 2025-05-12T00:00:00+00:00, run_after=2025-05-13T00:00:00+00:00
[2025-05-13T21:31:46.899+0000] {processor.py:175} INFO - Processing /home/airflow/.local/lib/python3.9/site-packages/airflow/example_dags/example_branch_day_of_week_operator.py took 0.114 seconds
[2025-05-13T21:32:17.634+0000] {processor.py:153} INFO - Started process (PID=5810) to work on /home/airflow/.local/lib/python3.9/site-packages/airflow/example_dags/example_branch_day_of_week_operator.py
[2025-05-13T21:32:17.635+0000] {processor.py:743} INFO - Processing file /home/airflow/.local/lib/python3.9/site-packages/airflow/example_dags/example_branch_day_of_week_operator.py for tasks to queue
[2025-05-13T21:32:17.636+0000] {logging_mixin.py:137} INFO - [2025-05-13T21:32:17.636+0000] {dagbag.py:538} INFO - Filling up the DagBag from /home/airflow/.local/lib/python3.9/site-packages/airflow/example_dags/example_branch_day_of_week_operator.py
[2025-05-13T21:32:17.657+0000] {processor.py:753} INFO - DAG(s) dict_keys(['example_weekday_branch_operator']) retrieved from /home/airflow/.local/lib/python3.9/site-packages/airflow/example_dags/example_branch_day_of_week_operator.py
[2025-05-13T21:32:17.708+0000] {logging_mixin.py:137} INFO - [2025-05-13T21:32:17.708+0000] {dag.py:2676} INFO - Sync 1 DAGs
[2025-05-13T21:32:17.736+0000] {logging_mixin.py:137} INFO - [2025-05-13T21:32:17.736+0000] {dag.py:3423} INFO - Setting next_dagrun for example_weekday_branch_operator to 2025-05-12T00:00:00+00:00, run_after=2025-05-13T00:00:00+00:00
[2025-05-13T21:32:17.759+0000] {processor.py:175} INFO - Processing /home/airflow/.local/lib/python3.9/site-packages/airflow/example_dags/example_branch_day_of_week_operator.py took 0.130 seconds
[2025-05-13T21:32:48.129+0000] {processor.py:153} INFO - Started process (PID=6013) to work on /home/airflow/.local/lib/python3.9/site-packages/airflow/example_dags/example_branch_day_of_week_operator.py
[2025-05-13T21:32:48.130+0000] {processor.py:743} INFO - Processing file /home/airflow/.local/lib/python3.9/site-packages/airflow/example_dags/example_branch_day_of_week_operator.py for tasks to queue
[2025-05-13T21:32:48.131+0000] {logging_mixin.py:137} INFO - [2025-05-13T21:32:48.131+0000] {dagbag.py:538} INFO - Filling up the DagBag from /home/airflow/.local/lib/python3.9/site-packages/airflow/example_dags/example_branch_day_of_week_operator.py
[2025-05-13T21:32:48.152+0000] {processor.py:753} INFO - DAG(s) dict_keys(['example_weekday_branch_operator']) retrieved from /home/airflow/.local/lib/python3.9/site-packages/airflow/example_dags/example_branch_day_of_week_operator.py
[2025-05-13T21:32:48.200+0000] {logging_mixin.py:137} INFO - [2025-05-13T21:32:48.200+0000] {dag.py:2676} INFO - Sync 1 DAGs
[2025-05-13T21:32:48.241+0000] {logging_mixin.py:137} INFO - [2025-05-13T21:32:48.240+0000] {dag.py:3423} INFO - Setting next_dagrun for example_weekday_branch_operator to 2025-05-12T00:00:00+00:00, run_after=2025-05-13T00:00:00+00:00
[2025-05-13T21:32:48.267+0000] {processor.py:175} INFO - Processing /home/airflow/.local/lib/python3.9/site-packages/airflow/example_dags/example_branch_day_of_week_operator.py took 0.142 seconds
[2025-05-13T21:33:18.462+0000] {processor.py:153} INFO - Started process (PID=6216) to work on /home/airflow/.local/lib/python3.9/site-packages/airflow/example_dags/example_branch_day_of_week_operator.py
[2025-05-13T21:33:18.463+0000] {processor.py:743} INFO - Processing file /home/airflow/.local/lib/python3.9/site-packages/airflow/example_dags/example_branch_day_of_week_operator.py for tasks to queue
[2025-05-13T21:33:18.464+0000] {logging_mixin.py:137} INFO - [2025-05-13T21:33:18.464+0000] {dagbag.py:538} INFO - Filling up the DagBag from /home/airflow/.local/lib/python3.9/site-packages/airflow/example_dags/example_branch_day_of_week_operator.py
[2025-05-13T21:33:18.487+0000] {processor.py:753} INFO - DAG(s) dict_keys(['example_weekday_branch_operator']) retrieved from /home/airflow/.local/lib/python3.9/site-packages/airflow/example_dags/example_branch_day_of_week_operator.py
[2025-05-13T21:33:18.545+0000] {logging_mixin.py:137} INFO - [2025-05-13T21:33:18.545+0000] {dag.py:2676} INFO - Sync 1 DAGs
[2025-05-13T21:33:18.577+0000] {logging_mixin.py:137} INFO - [2025-05-13T21:33:18.577+0000] {dag.py:3423} INFO - Setting next_dagrun for example_weekday_branch_operator to 2025-05-12T00:00:00+00:00, run_after=2025-05-13T00:00:00+00:00
[2025-05-13T21:33:18.601+0000] {processor.py:175} INFO - Processing /home/airflow/.local/lib/python3.9/site-packages/airflow/example_dags/example_branch_day_of_week_operator.py took 0.143 seconds
[2025-05-13T21:33:49.691+0000] {processor.py:153} INFO - Started process (PID=6417) to work on /home/airflow/.local/lib/python3.9/site-packages/airflow/example_dags/example_branch_day_of_week_operator.py
[2025-05-13T21:33:49.693+0000] {processor.py:743} INFO - Processing file /home/airflow/.local/lib/python3.9/site-packages/airflow/example_dags/example_branch_day_of_week_operator.py for tasks to queue
[2025-05-13T21:33:49.697+0000] {logging_mixin.py:137} INFO - [2025-05-13T21:33:49.697+0000] {dagbag.py:538} INFO - Filling up the DagBag from /home/airflow/.local/lib/python3.9/site-packages/airflow/example_dags/example_branch_day_of_week_operator.py
[2025-05-13T21:33:49.730+0000] {processor.py:753} INFO - DAG(s) dict_keys(['example_weekday_branch_operator']) retrieved from /home/airflow/.local/lib/python3.9/site-packages/airflow/example_dags/example_branch_day_of_week_operator.py
[2025-05-13T21:33:49.801+0000] {logging_mixin.py:137} INFO - [2025-05-13T21:33:49.801+0000] {dag.py:2676} INFO - Sync 1 DAGs
[2025-05-13T21:33:49.849+0000] {logging_mixin.py:137} INFO - [2025-05-13T21:33:49.849+0000] {dag.py:3423} INFO - Setting next_dagrun for example_weekday_branch_operator to 2025-05-12T00:00:00+00:00, run_after=2025-05-13T00:00:00+00:00
[2025-05-13T21:33:49.883+0000] {processor.py:175} INFO - Processing /home/airflow/.local/lib/python3.9/site-packages/airflow/example_dags/example_branch_day_of_week_operator.py took 0.204 seconds
[2025-05-13T21:34:20.732+0000] {processor.py:153} INFO - Started process (PID=6620) to work on /home/airflow/.local/lib/python3.9/site-packages/airflow/example_dags/example_branch_day_of_week_operator.py
[2025-05-13T21:34:20.733+0000] {processor.py:743} INFO - Processing file /home/airflow/.local/lib/python3.9/site-packages/airflow/example_dags/example_branch_day_of_week_operator.py for tasks to queue
[2025-05-13T21:34:20.734+0000] {logging_mixin.py:137} INFO - [2025-05-13T21:34:20.734+0000] {dagbag.py:538} INFO - Filling up the DagBag from /home/airflow/.local/lib/python3.9/site-packages/airflow/example_dags/example_branch_day_of_week_operator.py
[2025-05-13T21:34:20.755+0000] {processor.py:753} INFO - DAG(s) dict_keys(['example_weekday_branch_operator']) retrieved from /home/airflow/.local/lib/python3.9/site-packages/airflow/example_dags/example_branch_day_of_week_operator.py
[2025-05-13T21:34:20.805+0000] {logging_mixin.py:137} INFO - [2025-05-13T21:34:20.805+0000] {dag.py:2676} INFO - Sync 1 DAGs
[2025-05-13T21:34:20.834+0000] {logging_mixin.py:137} INFO - [2025-05-13T21:34:20.834+0000] {dag.py:3423} INFO - Setting next_dagrun for example_weekday_branch_operator to 2025-05-12T00:00:00+00:00, run_after=2025-05-13T00:00:00+00:00
[2025-05-13T21:34:20.856+0000] {processor.py:175} INFO - Processing /home/airflow/.local/lib/python3.9/site-packages/airflow/example_dags/example_branch_day_of_week_operator.py took 0.129 seconds
[2025-05-13T21:34:51.680+0000] {processor.py:153} INFO - Started process (PID=6829) to work on /home/airflow/.local/lib/python3.9/site-packages/airflow/example_dags/example_branch_day_of_week_operator.py
[2025-05-13T21:34:51.681+0000] {processor.py:743} INFO - Processing file /home/airflow/.local/lib/python3.9/site-packages/airflow/example_dags/example_branch_day_of_week_operator.py for tasks to queue
[2025-05-13T21:34:51.683+0000] {logging_mixin.py:137} INFO - [2025-05-13T21:34:51.682+0000] {dagbag.py:538} INFO - Filling up the DagBag from /home/airflow/.local/lib/python3.9/site-packages/airflow/example_dags/example_branch_day_of_week_operator.py
[2025-05-13T21:34:51.710+0000] {processor.py:753} INFO - DAG(s) dict_keys(['example_weekday_branch_operator']) retrieved from /home/airflow/.local/lib/python3.9/site-packages/airflow/example_dags/example_branch_day_of_week_operator.py
[2025-05-13T21:34:51.766+0000] {logging_mixin.py:137} INFO - [2025-05-13T21:34:51.766+0000] {dag.py:2676} INFO - Sync 1 DAGs
[2025-05-13T21:34:51.804+0000] {logging_mixin.py:137} INFO - [2025-05-13T21:34:51.803+0000] {dag.py:3423} INFO - Setting next_dagrun for example_weekday_branch_operator to 2025-05-12T00:00:00+00:00, run_after=2025-05-13T00:00:00+00:00
[2025-05-13T21:34:51.829+0000] {processor.py:175} INFO - Processing /home/airflow/.local/lib/python3.9/site-packages/airflow/example_dags/example_branch_day_of_week_operator.py took 0.153 seconds
[2025-05-13T21:35:22.282+0000] {processor.py:153} INFO - Started process (PID=7035) to work on /home/airflow/.local/lib/python3.9/site-packages/airflow/example_dags/example_branch_day_of_week_operator.py
[2025-05-13T21:35:22.283+0000] {processor.py:743} INFO - Processing file /home/airflow/.local/lib/python3.9/site-packages/airflow/example_dags/example_branch_day_of_week_operator.py for tasks to queue
[2025-05-13T21:35:22.285+0000] {logging_mixin.py:137} INFO - [2025-05-13T21:35:22.285+0000] {dagbag.py:538} INFO - Filling up the DagBag from /home/airflow/.local/lib/python3.9/site-packages/airflow/example_dags/example_branch_day_of_week_operator.py
[2025-05-13T21:35:22.312+0000] {processor.py:753} INFO - DAG(s) dict_keys(['example_weekday_branch_operator']) retrieved from /home/airflow/.local/lib/python3.9/site-packages/airflow/example_dags/example_branch_day_of_week_operator.py
[2025-05-13T21:35:22.367+0000] {logging_mixin.py:137} INFO - [2025-05-13T21:35:22.367+0000] {dag.py:2676} INFO - Sync 1 DAGs
[2025-05-13T21:35:22.399+0000] {logging_mixin.py:137} INFO - [2025-05-13T21:35:22.399+0000] {dag.py:3423} INFO - Setting next_dagrun for example_weekday_branch_operator to 2025-05-12T00:00:00+00:00, run_after=2025-05-13T00:00:00+00:00
[2025-05-13T21:35:22.427+0000] {processor.py:175} INFO - Processing /home/airflow/.local/lib/python3.9/site-packages/airflow/example_dags/example_branch_day_of_week_operator.py took 0.151 seconds
[2025-05-13T21:35:52.871+0000] {processor.py:153} INFO - Started process (PID=7238) to work on /home/airflow/.local/lib/python3.9/site-packages/airflow/example_dags/example_branch_day_of_week_operator.py
[2025-05-13T21:35:52.873+0000] {processor.py:743} INFO - Processing file /home/airflow/.local/lib/python3.9/site-packages/airflow/example_dags/example_branch_day_of_week_operator.py for tasks to queue
[2025-05-13T21:35:52.874+0000] {logging_mixin.py:137} INFO - [2025-05-13T21:35:52.874+0000] {dagbag.py:538} INFO - Filling up the DagBag from /home/airflow/.local/lib/python3.9/site-packages/airflow/example_dags/example_branch_day_of_week_operator.py
[2025-05-13T21:35:52.896+0000] {processor.py:753} INFO - DAG(s) dict_keys(['example_weekday_branch_operator']) retrieved from /home/airflow/.local/lib/python3.9/site-packages/airflow/example_dags/example_branch_day_of_week_operator.py
[2025-05-13T21:35:52.946+0000] {logging_mixin.py:137} INFO - [2025-05-13T21:35:52.946+0000] {dag.py:2676} INFO - Sync 1 DAGs
[2025-05-13T21:35:52.974+0000] {logging_mixin.py:137} INFO - [2025-05-13T21:35:52.974+0000] {dag.py:3423} INFO - Setting next_dagrun for example_weekday_branch_operator to 2025-05-12T00:00:00+00:00, run_after=2025-05-13T00:00:00+00:00
[2025-05-13T21:35:53.053+0000] {processor.py:175} INFO - Processing /home/airflow/.local/lib/python3.9/site-packages/airflow/example_dags/example_branch_day_of_week_operator.py took 0.186 seconds
[2025-05-13T21:36:23.973+0000] {processor.py:153} INFO - Started process (PID=7441) to work on /home/airflow/.local/lib/python3.9/site-packages/airflow/example_dags/example_branch_day_of_week_operator.py
[2025-05-13T21:36:23.975+0000] {processor.py:743} INFO - Processing file /home/airflow/.local/lib/python3.9/site-packages/airflow/example_dags/example_branch_day_of_week_operator.py for tasks to queue
[2025-05-13T21:36:23.977+0000] {logging_mixin.py:137} INFO - [2025-05-13T21:36:23.976+0000] {dagbag.py:538} INFO - Filling up the DagBag from /home/airflow/.local/lib/python3.9/site-packages/airflow/example_dags/example_branch_day_of_week_operator.py
[2025-05-13T21:36:24.028+0000] {processor.py:753} INFO - DAG(s) dict_keys(['example_weekday_branch_operator']) retrieved from /home/airflow/.local/lib/python3.9/site-packages/airflow/example_dags/example_branch_day_of_week_operator.py
[2025-05-13T21:36:24.125+0000] {logging_mixin.py:137} INFO - [2025-05-13T21:36:24.125+0000] {dag.py:2676} INFO - Sync 1 DAGs
[2025-05-13T21:36:24.164+0000] {logging_mixin.py:137} INFO - [2025-05-13T21:36:24.164+0000] {dag.py:3423} INFO - Setting next_dagrun for example_weekday_branch_operator to 2025-05-12T00:00:00+00:00, run_after=2025-05-13T00:00:00+00:00
[2025-05-13T21:36:24.191+0000] {processor.py:175} INFO - Processing /home/airflow/.local/lib/python3.9/site-packages/airflow/example_dags/example_branch_day_of_week_operator.py took 0.222 seconds
[2025-05-13T21:37:52.136+0000] {processor.py:153} INFO - Started process (PID=335) to work on /home/airflow/.local/lib/python3.9/site-packages/airflow/example_dags/example_branch_day_of_week_operator.py
[2025-05-13T21:37:52.138+0000] {processor.py:743} INFO - Processing file /home/airflow/.local/lib/python3.9/site-packages/airflow/example_dags/example_branch_day_of_week_operator.py for tasks to queue
[2025-05-13T21:37:52.139+0000] {logging_mixin.py:137} INFO - [2025-05-13T21:37:52.139+0000] {dagbag.py:538} INFO - Filling up the DagBag from /home/airflow/.local/lib/python3.9/site-packages/airflow/example_dags/example_branch_day_of_week_operator.py
[2025-05-13T21:37:52.164+0000] {processor.py:753} INFO - DAG(s) dict_keys(['example_weekday_branch_operator']) retrieved from /home/airflow/.local/lib/python3.9/site-packages/airflow/example_dags/example_branch_day_of_week_operator.py
[2025-05-13T21:37:52.221+0000] {logging_mixin.py:137} INFO - [2025-05-13T21:37:52.221+0000] {dag.py:2676} INFO - Sync 1 DAGs
[2025-05-13T21:37:52.261+0000] {logging_mixin.py:137} INFO - [2025-05-13T21:37:52.260+0000] {dag.py:3423} INFO - Setting next_dagrun for example_weekday_branch_operator to 2025-05-12T00:00:00+00:00, run_after=2025-05-13T00:00:00+00:00
[2025-05-13T21:37:52.291+0000] {processor.py:175} INFO - Processing /home/airflow/.local/lib/python3.9/site-packages/airflow/example_dags/example_branch_day_of_week_operator.py took 0.159 seconds
[2025-05-13T21:38:24.076+0000] {processor.py:153} INFO - Started process (PID=538) to work on /home/airflow/.local/lib/python3.9/site-packages/airflow/example_dags/example_branch_day_of_week_operator.py
[2025-05-13T21:38:24.077+0000] {processor.py:743} INFO - Processing file /home/airflow/.local/lib/python3.9/site-packages/airflow/example_dags/example_branch_day_of_week_operator.py for tasks to queue
[2025-05-13T21:38:24.079+0000] {logging_mixin.py:137} INFO - [2025-05-13T21:38:24.078+0000] {dagbag.py:538} INFO - Filling up the DagBag from /home/airflow/.local/lib/python3.9/site-packages/airflow/example_dags/example_branch_day_of_week_operator.py
[2025-05-13T21:38:24.103+0000] {processor.py:753} INFO - DAG(s) dict_keys(['example_weekday_branch_operator']) retrieved from /home/airflow/.local/lib/python3.9/site-packages/airflow/example_dags/example_branch_day_of_week_operator.py
[2025-05-13T21:38:24.156+0000] {logging_mixin.py:137} INFO - [2025-05-13T21:38:24.156+0000] {dag.py:2676} INFO - Sync 1 DAGs
[2025-05-13T21:38:24.191+0000] {logging_mixin.py:137} INFO - [2025-05-13T21:38:24.190+0000] {dag.py:3423} INFO - Setting next_dagrun for example_weekday_branch_operator to 2025-05-12T00:00:00+00:00, run_after=2025-05-13T00:00:00+00:00
[2025-05-13T21:38:24.221+0000] {processor.py:175} INFO - Processing /home/airflow/.local/lib/python3.9/site-packages/airflow/example_dags/example_branch_day_of_week_operator.py took 0.150 seconds
[2025-05-13T21:38:54.476+0000] {processor.py:153} INFO - Started process (PID=735) to work on /home/airflow/.local/lib/python3.9/site-packages/airflow/example_dags/example_branch_day_of_week_operator.py
[2025-05-13T21:38:54.477+0000] {processor.py:743} INFO - Processing file /home/airflow/.local/lib/python3.9/site-packages/airflow/example_dags/example_branch_day_of_week_operator.py for tasks to queue
[2025-05-13T21:38:54.479+0000] {logging_mixin.py:137} INFO - [2025-05-13T21:38:54.478+0000] {dagbag.py:538} INFO - Filling up the DagBag from /home/airflow/.local/lib/python3.9/site-packages/airflow/example_dags/example_branch_day_of_week_operator.py
[2025-05-13T21:38:54.503+0000] {processor.py:753} INFO - DAG(s) dict_keys(['example_weekday_branch_operator']) retrieved from /home/airflow/.local/lib/python3.9/site-packages/airflow/example_dags/example_branch_day_of_week_operator.py
[2025-05-13T21:38:54.565+0000] {logging_mixin.py:137} INFO - [2025-05-13T21:38:54.565+0000] {dag.py:2676} INFO - Sync 1 DAGs
[2025-05-13T21:38:54.602+0000] {logging_mixin.py:137} INFO - [2025-05-13T21:38:54.602+0000] {dag.py:3423} INFO - Setting next_dagrun for example_weekday_branch_operator to 2025-05-12T00:00:00+00:00, run_after=2025-05-13T00:00:00+00:00
[2025-05-13T21:38:54.630+0000] {processor.py:175} INFO - Processing /home/airflow/.local/lib/python3.9/site-packages/airflow/example_dags/example_branch_day_of_week_operator.py took 0.157 seconds
[2025-05-13T21:39:25.269+0000] {processor.py:153} INFO - Started process (PID=940) to work on /home/airflow/.local/lib/python3.9/site-packages/airflow/example_dags/example_branch_day_of_week_operator.py
[2025-05-13T21:39:25.271+0000] {processor.py:743} INFO - Processing file /home/airflow/.local/lib/python3.9/site-packages/airflow/example_dags/example_branch_day_of_week_operator.py for tasks to queue
[2025-05-13T21:39:25.272+0000] {logging_mixin.py:137} INFO - [2025-05-13T21:39:25.272+0000] {dagbag.py:538} INFO - Filling up the DagBag from /home/airflow/.local/lib/python3.9/site-packages/airflow/example_dags/example_branch_day_of_week_operator.py
[2025-05-13T21:39:25.298+0000] {processor.py:753} INFO - DAG(s) dict_keys(['example_weekday_branch_operator']) retrieved from /home/airflow/.local/lib/python3.9/site-packages/airflow/example_dags/example_branch_day_of_week_operator.py
[2025-05-13T21:39:25.361+0000] {logging_mixin.py:137} INFO - [2025-05-13T21:39:25.361+0000] {dag.py:2676} INFO - Sync 1 DAGs
[2025-05-13T21:39:25.398+0000] {logging_mixin.py:137} INFO - [2025-05-13T21:39:25.398+0000] {dag.py:3423} INFO - Setting next_dagrun for example_weekday_branch_operator to 2025-05-12T00:00:00+00:00, run_after=2025-05-13T00:00:00+00:00
[2025-05-13T21:39:25.427+0000] {processor.py:175} INFO - Processing /home/airflow/.local/lib/python3.9/site-packages/airflow/example_dags/example_branch_day_of_week_operator.py took 0.162 seconds
[2025-05-13T21:39:55.559+0000] {processor.py:153} INFO - Started process (PID=1143) to work on /home/airflow/.local/lib/python3.9/site-packages/airflow/example_dags/example_branch_day_of_week_operator.py
[2025-05-13T21:39:55.560+0000] {processor.py:743} INFO - Processing file /home/airflow/.local/lib/python3.9/site-packages/airflow/example_dags/example_branch_day_of_week_operator.py for tasks to queue
[2025-05-13T21:39:55.561+0000] {logging_mixin.py:137} INFO - [2025-05-13T21:39:55.561+0000] {dagbag.py:538} INFO - Filling up the DagBag from /home/airflow/.local/lib/python3.9/site-packages/airflow/example_dags/example_branch_day_of_week_operator.py
[2025-05-13T21:39:55.585+0000] {processor.py:753} INFO - DAG(s) dict_keys(['example_weekday_branch_operator']) retrieved from /home/airflow/.local/lib/python3.9/site-packages/airflow/example_dags/example_branch_day_of_week_operator.py
[2025-05-13T21:39:55.641+0000] {logging_mixin.py:137} INFO - [2025-05-13T21:39:55.641+0000] {dag.py:2676} INFO - Sync 1 DAGs
[2025-05-13T21:39:55.674+0000] {logging_mixin.py:137} INFO - [2025-05-13T21:39:55.674+0000] {dag.py:3423} INFO - Setting next_dagrun for example_weekday_branch_operator to 2025-05-12T00:00:00+00:00, run_after=2025-05-13T00:00:00+00:00
[2025-05-13T21:39:55.700+0000] {processor.py:175} INFO - Processing /home/airflow/.local/lib/python3.9/site-packages/airflow/example_dags/example_branch_day_of_week_operator.py took 0.146 seconds
[2025-05-13T21:40:25.841+0000] {processor.py:153} INFO - Started process (PID=1350) to work on /home/airflow/.local/lib/python3.9/site-packages/airflow/example_dags/example_branch_day_of_week_operator.py
[2025-05-13T21:40:25.843+0000] {processor.py:743} INFO - Processing file /home/airflow/.local/lib/python3.9/site-packages/airflow/example_dags/example_branch_day_of_week_operator.py for tasks to queue
[2025-05-13T21:40:25.845+0000] {logging_mixin.py:137} INFO - [2025-05-13T21:40:25.845+0000] {dagbag.py:538} INFO - Filling up the DagBag from /home/airflow/.local/lib/python3.9/site-packages/airflow/example_dags/example_branch_day_of_week_operator.py
[2025-05-13T21:40:25.872+0000] {processor.py:753} INFO - DAG(s) dict_keys(['example_weekday_branch_operator']) retrieved from /home/airflow/.local/lib/python3.9/site-packages/airflow/example_dags/example_branch_day_of_week_operator.py
[2025-05-13T21:40:25.934+0000] {logging_mixin.py:137} INFO - [2025-05-13T21:40:25.934+0000] {dag.py:2676} INFO - Sync 1 DAGs
[2025-05-13T21:40:25.965+0000] {logging_mixin.py:137} INFO - [2025-05-13T21:40:25.965+0000] {dag.py:3423} INFO - Setting next_dagrun for example_weekday_branch_operator to 2025-05-12T00:00:00+00:00, run_after=2025-05-13T00:00:00+00:00
[2025-05-13T21:40:25.992+0000] {processor.py:175} INFO - Processing /home/airflow/.local/lib/python3.9/site-packages/airflow/example_dags/example_branch_day_of_week_operator.py took 0.155 seconds
[2025-05-13T21:40:56.129+0000] {processor.py:153} INFO - Started process (PID=1551) to work on /home/airflow/.local/lib/python3.9/site-packages/airflow/example_dags/example_branch_day_of_week_operator.py
[2025-05-13T21:40:56.130+0000] {processor.py:743} INFO - Processing file /home/airflow/.local/lib/python3.9/site-packages/airflow/example_dags/example_branch_day_of_week_operator.py for tasks to queue
[2025-05-13T21:40:56.132+0000] {logging_mixin.py:137} INFO - [2025-05-13T21:40:56.132+0000] {dagbag.py:538} INFO - Filling up the DagBag from /home/airflow/.local/lib/python3.9/site-packages/airflow/example_dags/example_branch_day_of_week_operator.py
[2025-05-13T21:40:56.158+0000] {processor.py:753} INFO - DAG(s) dict_keys(['example_weekday_branch_operator']) retrieved from /home/airflow/.local/lib/python3.9/site-packages/airflow/example_dags/example_branch_day_of_week_operator.py
[2025-05-13T21:40:56.211+0000] {logging_mixin.py:137} INFO - [2025-05-13T21:40:56.211+0000] {dag.py:2676} INFO - Sync 1 DAGs
[2025-05-13T21:40:56.246+0000] {logging_mixin.py:137} INFO - [2025-05-13T21:40:56.246+0000] {dag.py:3423} INFO - Setting next_dagrun for example_weekday_branch_operator to 2025-05-12T00:00:00+00:00, run_after=2025-05-13T00:00:00+00:00
[2025-05-13T21:40:56.277+0000] {processor.py:175} INFO - Processing /home/airflow/.local/lib/python3.9/site-packages/airflow/example_dags/example_branch_day_of_week_operator.py took 0.152 seconds
[2025-05-13T21:41:26.908+0000] {processor.py:153} INFO - Started process (PID=1754) to work on /home/airflow/.local/lib/python3.9/site-packages/airflow/example_dags/example_branch_day_of_week_operator.py
[2025-05-13T21:41:26.911+0000] {processor.py:743} INFO - Processing file /home/airflow/.local/lib/python3.9/site-packages/airflow/example_dags/example_branch_day_of_week_operator.py for tasks to queue
[2025-05-13T21:41:26.912+0000] {logging_mixin.py:137} INFO - [2025-05-13T21:41:26.912+0000] {dagbag.py:538} INFO - Filling up the DagBag from /home/airflow/.local/lib/python3.9/site-packages/airflow/example_dags/example_branch_day_of_week_operator.py
[2025-05-13T21:41:26.945+0000] {processor.py:753} INFO - DAG(s) dict_keys(['example_weekday_branch_operator']) retrieved from /home/airflow/.local/lib/python3.9/site-packages/airflow/example_dags/example_branch_day_of_week_operator.py
[2025-05-13T21:41:27.012+0000] {logging_mixin.py:137} INFO - [2025-05-13T21:41:27.012+0000] {dag.py:2676} INFO - Sync 1 DAGs
[2025-05-13T21:41:27.050+0000] {logging_mixin.py:137} INFO - [2025-05-13T21:41:27.050+0000] {dag.py:3423} INFO - Setting next_dagrun for example_weekday_branch_operator to 2025-05-12T00:00:00+00:00, run_after=2025-05-13T00:00:00+00:00
[2025-05-13T21:41:27.081+0000] {processor.py:175} INFO - Processing /home/airflow/.local/lib/python3.9/site-packages/airflow/example_dags/example_branch_day_of_week_operator.py took 0.177 seconds
