[2025-05-13T02:45:45.705+0000] {processor.py:153} INFO - Started process (PID=337) to work on /home/airflow/.local/lib/python3.9/site-packages/airflow/example_dags/example_external_task_marker_dag.py
[2025-05-13T02:45:45.706+0000] {processor.py:743} INFO - Processing file /home/airflow/.local/lib/python3.9/site-packages/airflow/example_dags/example_external_task_marker_dag.py for tasks to queue
[2025-05-13T02:45:45.708+0000] {logging_mixin.py:137} INFO - [2025-05-13T02:45:45.708+0000] {dagbag.py:538} INFO - Filling up the DagBag from /home/airflow/.local/lib/python3.9/site-packages/airflow/example_dags/example_external_task_marker_dag.py
[2025-05-13T02:45:45.730+0000] {processor.py:753} INFO - DAG(s) dict_keys(['example_external_task_marker_parent', 'example_external_task_marker_child']) retrieved from /home/airflow/.local/lib/python3.9/site-packages/airflow/example_dags/example_external_task_marker_dag.py
[2025-05-13T02:45:45.897+0000] {logging_mixin.py:137} INFO - [2025-05-13T02:45:45.896+0000] {manager.py:504} INFO - Created Permission View: can delete on DAG:example_external_task_marker_parent
[2025-05-13T02:45:45.907+0000] {logging_mixin.py:137} INFO - [2025-05-13T02:45:45.907+0000] {manager.py:504} INFO - Created Permission View: can edit on DAG:example_external_task_marker_parent
[2025-05-13T02:45:45.916+0000] {logging_mixin.py:137} INFO - [2025-05-13T02:45:45.916+0000] {manager.py:504} INFO - Created Permission View: can read on DAG:example_external_task_marker_parent
[2025-05-13T02:45:45.935+0000] {logging_mixin.py:137} INFO - [2025-05-13T02:45:45.935+0000] {manager.py:504} INFO - Created Permission View: can delete on DAG:example_external_task_marker_child
[2025-05-13T02:45:45.945+0000] {logging_mixin.py:137} INFO - [2025-05-13T02:45:45.945+0000] {manager.py:504} INFO - Created Permission View: can edit on DAG:example_external_task_marker_child
[2025-05-13T02:45:45.953+0000] {logging_mixin.py:137} INFO - [2025-05-13T02:45:45.953+0000] {manager.py:504} INFO - Created Permission View: can read on DAG:example_external_task_marker_child
[2025-05-13T02:45:45.953+0000] {logging_mixin.py:137} INFO - [2025-05-13T02:45:45.953+0000] {dag.py:2676} INFO - Sync 2 DAGs
[2025-05-13T02:45:45.968+0000] {logging_mixin.py:137} INFO - [2025-05-13T02:45:45.968+0000] {dag.py:2697} INFO - Creating ORM DAG for example_external_task_marker_parent
[2025-05-13T02:45:45.969+0000] {logging_mixin.py:137} INFO - [2025-05-13T02:45:45.969+0000] {dag.py:2697} INFO - Creating ORM DAG for example_external_task_marker_child
[2025-05-13T02:45:45.981+0000] {logging_mixin.py:137} INFO - [2025-05-13T02:45:45.981+0000] {dag.py:3423} INFO - Setting next_dagrun for example_external_task_marker_child to None, run_after=None
[2025-05-13T02:45:45.982+0000] {logging_mixin.py:137} INFO - [2025-05-13T02:45:45.982+0000] {dag.py:3423} INFO - Setting next_dagrun for example_external_task_marker_parent to None, run_after=None
[2025-05-13T02:45:46.007+0000] {processor.py:175} INFO - Processing /home/airflow/.local/lib/python3.9/site-packages/airflow/example_dags/example_external_task_marker_dag.py took 0.306 seconds
[2025-05-13T02:46:17.360+0000] {processor.py:153} INFO - Started process (PID=540) to work on /home/airflow/.local/lib/python3.9/site-packages/airflow/example_dags/example_external_task_marker_dag.py
[2025-05-13T02:46:17.364+0000] {processor.py:743} INFO - Processing file /home/airflow/.local/lib/python3.9/site-packages/airflow/example_dags/example_external_task_marker_dag.py for tasks to queue
[2025-05-13T02:46:17.365+0000] {logging_mixin.py:137} INFO - [2025-05-13T02:46:17.365+0000] {dagbag.py:538} INFO - Filling up the DagBag from /home/airflow/.local/lib/python3.9/site-packages/airflow/example_dags/example_external_task_marker_dag.py
[2025-05-13T02:46:17.387+0000] {processor.py:753} INFO - DAG(s) dict_keys(['example_external_task_marker_child', 'example_external_task_marker_parent']) retrieved from /home/airflow/.local/lib/python3.9/site-packages/airflow/example_dags/example_external_task_marker_dag.py
[2025-05-13T02:46:17.452+0000] {logging_mixin.py:137} INFO - [2025-05-13T02:46:17.452+0000] {dag.py:2676} INFO - Sync 2 DAGs
[2025-05-13T02:46:17.480+0000] {logging_mixin.py:137} INFO - [2025-05-13T02:46:17.480+0000] {dag.py:3423} INFO - Setting next_dagrun for example_external_task_marker_child to None, run_after=None
[2025-05-13T02:46:17.485+0000] {logging_mixin.py:137} INFO - [2025-05-13T02:46:17.485+0000] {dag.py:3423} INFO - Setting next_dagrun for example_external_task_marker_parent to None, run_after=None
[2025-05-13T02:46:17.511+0000] {processor.py:175} INFO - Processing /home/airflow/.local/lib/python3.9/site-packages/airflow/example_dags/example_external_task_marker_dag.py took 0.156 seconds
[2025-05-13T02:46:47.716+0000] {processor.py:153} INFO - Started process (PID=739) to work on /home/airflow/.local/lib/python3.9/site-packages/airflow/example_dags/example_external_task_marker_dag.py
[2025-05-13T02:46:47.718+0000] {processor.py:743} INFO - Processing file /home/airflow/.local/lib/python3.9/site-packages/airflow/example_dags/example_external_task_marker_dag.py for tasks to queue
[2025-05-13T02:46:47.719+0000] {logging_mixin.py:137} INFO - [2025-05-13T02:46:47.719+0000] {dagbag.py:538} INFO - Filling up the DagBag from /home/airflow/.local/lib/python3.9/site-packages/airflow/example_dags/example_external_task_marker_dag.py
[2025-05-13T02:46:47.741+0000] {processor.py:753} INFO - DAG(s) dict_keys(['example_external_task_marker_child', 'example_external_task_marker_parent']) retrieved from /home/airflow/.local/lib/python3.9/site-packages/airflow/example_dags/example_external_task_marker_dag.py
[2025-05-13T02:46:47.800+0000] {logging_mixin.py:137} INFO - [2025-05-13T02:46:47.800+0000] {dag.py:2676} INFO - Sync 2 DAGs
[2025-05-13T02:46:47.836+0000] {logging_mixin.py:137} INFO - [2025-05-13T02:46:47.836+0000] {dag.py:3423} INFO - Setting next_dagrun for example_external_task_marker_child to None, run_after=None
[2025-05-13T02:46:47.846+0000] {logging_mixin.py:137} INFO - [2025-05-13T02:46:47.846+0000] {dag.py:3423} INFO - Setting next_dagrun for example_external_task_marker_parent to None, run_after=None
[2025-05-13T02:46:47.924+0000] {processor.py:175} INFO - Processing /home/airflow/.local/lib/python3.9/site-packages/airflow/example_dags/example_external_task_marker_dag.py took 0.212 seconds
[2025-05-13T02:47:18.572+0000] {processor.py:153} INFO - Started process (PID=942) to work on /home/airflow/.local/lib/python3.9/site-packages/airflow/example_dags/example_external_task_marker_dag.py
[2025-05-13T02:47:18.573+0000] {processor.py:743} INFO - Processing file /home/airflow/.local/lib/python3.9/site-packages/airflow/example_dags/example_external_task_marker_dag.py for tasks to queue
[2025-05-13T02:47:18.574+0000] {logging_mixin.py:137} INFO - [2025-05-13T02:47:18.574+0000] {dagbag.py:538} INFO - Filling up the DagBag from /home/airflow/.local/lib/python3.9/site-packages/airflow/example_dags/example_external_task_marker_dag.py
[2025-05-13T02:47:18.594+0000] {processor.py:753} INFO - DAG(s) dict_keys(['example_external_task_marker_parent', 'example_external_task_marker_child']) retrieved from /home/airflow/.local/lib/python3.9/site-packages/airflow/example_dags/example_external_task_marker_dag.py
[2025-05-13T02:47:18.651+0000] {logging_mixin.py:137} INFO - [2025-05-13T02:47:18.651+0000] {dag.py:2676} INFO - Sync 2 DAGs
[2025-05-13T02:47:18.682+0000] {logging_mixin.py:137} INFO - [2025-05-13T02:47:18.682+0000] {dag.py:3423} INFO - Setting next_dagrun for example_external_task_marker_child to None, run_after=None
[2025-05-13T02:47:18.687+0000] {logging_mixin.py:137} INFO - [2025-05-13T02:47:18.687+0000] {dag.py:3423} INFO - Setting next_dagrun for example_external_task_marker_parent to None, run_after=None
[2025-05-13T02:47:18.708+0000] {processor.py:175} INFO - Processing /home/airflow/.local/lib/python3.9/site-packages/airflow/example_dags/example_external_task_marker_dag.py took 0.140 seconds
[2025-05-13T02:47:48.868+0000] {processor.py:153} INFO - Started process (PID=1145) to work on /home/airflow/.local/lib/python3.9/site-packages/airflow/example_dags/example_external_task_marker_dag.py
[2025-05-13T02:47:48.869+0000] {processor.py:743} INFO - Processing file /home/airflow/.local/lib/python3.9/site-packages/airflow/example_dags/example_external_task_marker_dag.py for tasks to queue
[2025-05-13T02:47:48.871+0000] {logging_mixin.py:137} INFO - [2025-05-13T02:47:48.870+0000] {dagbag.py:538} INFO - Filling up the DagBag from /home/airflow/.local/lib/python3.9/site-packages/airflow/example_dags/example_external_task_marker_dag.py
[2025-05-13T02:47:48.890+0000] {processor.py:753} INFO - DAG(s) dict_keys(['example_external_task_marker_parent', 'example_external_task_marker_child']) retrieved from /home/airflow/.local/lib/python3.9/site-packages/airflow/example_dags/example_external_task_marker_dag.py
[2025-05-13T02:47:48.943+0000] {logging_mixin.py:137} INFO - [2025-05-13T02:47:48.942+0000] {dag.py:2676} INFO - Sync 2 DAGs
[2025-05-13T02:47:48.971+0000] {logging_mixin.py:137} INFO - [2025-05-13T02:47:48.971+0000] {dag.py:3423} INFO - Setting next_dagrun for example_external_task_marker_child to None, run_after=None
[2025-05-13T02:47:48.975+0000] {logging_mixin.py:137} INFO - [2025-05-13T02:47:48.975+0000] {dag.py:3423} INFO - Setting next_dagrun for example_external_task_marker_parent to None, run_after=None
[2025-05-13T02:47:48.995+0000] {processor.py:175} INFO - Processing /home/airflow/.local/lib/python3.9/site-packages/airflow/example_dags/example_external_task_marker_dag.py took 0.131 seconds
[2025-05-13T02:49:33.659+0000] {processor.py:153} INFO - Started process (PID=352) to work on /home/airflow/.local/lib/python3.9/site-packages/airflow/example_dags/example_external_task_marker_dag.py
[2025-05-13T02:49:33.661+0000] {processor.py:743} INFO - Processing file /home/airflow/.local/lib/python3.9/site-packages/airflow/example_dags/example_external_task_marker_dag.py for tasks to queue
[2025-05-13T02:49:33.663+0000] {logging_mixin.py:137} INFO - [2025-05-13T02:49:33.663+0000] {dagbag.py:538} INFO - Filling up the DagBag from /home/airflow/.local/lib/python3.9/site-packages/airflow/example_dags/example_external_task_marker_dag.py
[2025-05-13T02:49:33.704+0000] {processor.py:753} INFO - DAG(s) dict_keys(['example_external_task_marker_child', 'example_external_task_marker_parent']) retrieved from /home/airflow/.local/lib/python3.9/site-packages/airflow/example_dags/example_external_task_marker_dag.py
[2025-05-13T02:49:33.847+0000] {logging_mixin.py:137} INFO - [2025-05-13T02:49:33.847+0000] {dag.py:2676} INFO - Sync 2 DAGs
[2025-05-13T02:49:33.886+0000] {logging_mixin.py:137} INFO - [2025-05-13T02:49:33.886+0000] {dag.py:3423} INFO - Setting next_dagrun for example_external_task_marker_child to None, run_after=None
[2025-05-13T02:49:33.890+0000] {logging_mixin.py:137} INFO - [2025-05-13T02:49:33.890+0000] {dag.py:3423} INFO - Setting next_dagrun for example_external_task_marker_parent to None, run_after=None
[2025-05-13T02:49:33.925+0000] {processor.py:175} INFO - Processing /home/airflow/.local/lib/python3.9/site-packages/airflow/example_dags/example_external_task_marker_dag.py took 0.271 seconds
[2025-05-13T02:50:04.927+0000] {processor.py:153} INFO - Started process (PID=555) to work on /home/airflow/.local/lib/python3.9/site-packages/airflow/example_dags/example_external_task_marker_dag.py
[2025-05-13T02:50:04.929+0000] {processor.py:743} INFO - Processing file /home/airflow/.local/lib/python3.9/site-packages/airflow/example_dags/example_external_task_marker_dag.py for tasks to queue
[2025-05-13T02:50:04.929+0000] {logging_mixin.py:137} INFO - [2025-05-13T02:50:04.929+0000] {dagbag.py:538} INFO - Filling up the DagBag from /home/airflow/.local/lib/python3.9/site-packages/airflow/example_dags/example_external_task_marker_dag.py
[2025-05-13T02:50:04.947+0000] {processor.py:753} INFO - DAG(s) dict_keys(['example_external_task_marker_child', 'example_external_task_marker_parent']) retrieved from /home/airflow/.local/lib/python3.9/site-packages/airflow/example_dags/example_external_task_marker_dag.py
[2025-05-13T02:50:05.011+0000] {logging_mixin.py:137} INFO - [2025-05-13T02:50:05.011+0000] {dag.py:2676} INFO - Sync 2 DAGs
[2025-05-13T02:50:05.049+0000] {logging_mixin.py:137} INFO - [2025-05-13T02:50:05.049+0000] {dag.py:3423} INFO - Setting next_dagrun for example_external_task_marker_child to None, run_after=None
[2025-05-13T02:50:05.053+0000] {logging_mixin.py:137} INFO - [2025-05-13T02:50:05.053+0000] {dag.py:3423} INFO - Setting next_dagrun for example_external_task_marker_parent to None, run_after=None
[2025-05-13T02:50:05.070+0000] {processor.py:175} INFO - Processing /home/airflow/.local/lib/python3.9/site-packages/airflow/example_dags/example_external_task_marker_dag.py took 0.147 seconds
[2025-05-13T02:50:35.578+0000] {processor.py:153} INFO - Started process (PID=752) to work on /home/airflow/.local/lib/python3.9/site-packages/airflow/example_dags/example_external_task_marker_dag.py
[2025-05-13T02:50:35.579+0000] {processor.py:743} INFO - Processing file /home/airflow/.local/lib/python3.9/site-packages/airflow/example_dags/example_external_task_marker_dag.py for tasks to queue
[2025-05-13T02:50:35.581+0000] {logging_mixin.py:137} INFO - [2025-05-13T02:50:35.581+0000] {dagbag.py:538} INFO - Filling up the DagBag from /home/airflow/.local/lib/python3.9/site-packages/airflow/example_dags/example_external_task_marker_dag.py
[2025-05-13T02:50:35.614+0000] {processor.py:753} INFO - DAG(s) dict_keys(['example_external_task_marker_parent', 'example_external_task_marker_child']) retrieved from /home/airflow/.local/lib/python3.9/site-packages/airflow/example_dags/example_external_task_marker_dag.py
[2025-05-13T02:50:35.671+0000] {logging_mixin.py:137} INFO - [2025-05-13T02:50:35.671+0000] {dag.py:2676} INFO - Sync 2 DAGs
[2025-05-13T02:50:35.703+0000] {logging_mixin.py:137} INFO - [2025-05-13T02:50:35.703+0000] {dag.py:3423} INFO - Setting next_dagrun for example_external_task_marker_child to None, run_after=None
[2025-05-13T02:50:35.708+0000] {logging_mixin.py:137} INFO - [2025-05-13T02:50:35.708+0000] {dag.py:3423} INFO - Setting next_dagrun for example_external_task_marker_parent to None, run_after=None
[2025-05-13T02:50:35.732+0000] {processor.py:175} INFO - Processing /home/airflow/.local/lib/python3.9/site-packages/airflow/example_dags/example_external_task_marker_dag.py took 0.158 seconds
[2025-05-13T21:18:30.770+0000] {processor.py:153} INFO - Started process (PID=337) to work on /home/airflow/.local/lib/python3.9/site-packages/airflow/example_dags/example_external_task_marker_dag.py
[2025-05-13T21:18:30.773+0000] {processor.py:743} INFO - Processing file /home/airflow/.local/lib/python3.9/site-packages/airflow/example_dags/example_external_task_marker_dag.py for tasks to queue
[2025-05-13T21:18:30.774+0000] {logging_mixin.py:137} INFO - [2025-05-13T21:18:30.774+0000] {dagbag.py:538} INFO - Filling up the DagBag from /home/airflow/.local/lib/python3.9/site-packages/airflow/example_dags/example_external_task_marker_dag.py
[2025-05-13T21:18:30.797+0000] {processor.py:753} INFO - DAG(s) dict_keys(['example_external_task_marker_child', 'example_external_task_marker_parent']) retrieved from /home/airflow/.local/lib/python3.9/site-packages/airflow/example_dags/example_external_task_marker_dag.py
[2025-05-13T21:18:30.961+0000] {logging_mixin.py:137} INFO - [2025-05-13T21:18:30.961+0000] {manager.py:504} INFO - Created Permission View: can edit on DAG:example_external_task_marker_child
[2025-05-13T21:18:30.975+0000] {logging_mixin.py:137} INFO - [2025-05-13T21:18:30.975+0000] {manager.py:504} INFO - Created Permission View: can delete on DAG:example_external_task_marker_child
[2025-05-13T21:18:30.985+0000] {logging_mixin.py:137} INFO - [2025-05-13T21:18:30.985+0000] {manager.py:504} INFO - Created Permission View: can read on DAG:example_external_task_marker_child
[2025-05-13T21:18:31.007+0000] {logging_mixin.py:137} INFO - [2025-05-13T21:18:31.007+0000] {manager.py:504} INFO - Created Permission View: can edit on DAG:example_external_task_marker_parent
[2025-05-13T21:18:31.025+0000] {logging_mixin.py:137} INFO - [2025-05-13T21:18:31.025+0000] {manager.py:504} INFO - Created Permission View: can delete on DAG:example_external_task_marker_parent
[2025-05-13T21:18:31.036+0000] {logging_mixin.py:137} INFO - [2025-05-13T21:18:31.035+0000] {manager.py:504} INFO - Created Permission View: can read on DAG:example_external_task_marker_parent
[2025-05-13T21:18:31.036+0000] {logging_mixin.py:137} INFO - [2025-05-13T21:18:31.036+0000] {dag.py:2676} INFO - Sync 2 DAGs
[2025-05-13T21:18:31.054+0000] {logging_mixin.py:137} INFO - [2025-05-13T21:18:31.054+0000] {dag.py:2697} INFO - Creating ORM DAG for example_external_task_marker_child
[2025-05-13T21:18:31.055+0000] {logging_mixin.py:137} INFO - [2025-05-13T21:18:31.055+0000] {dag.py:2697} INFO - Creating ORM DAG for example_external_task_marker_parent
[2025-05-13T21:18:31.070+0000] {logging_mixin.py:137} INFO - [2025-05-13T21:18:31.070+0000] {dag.py:3423} INFO - Setting next_dagrun for example_external_task_marker_child to None, run_after=None
[2025-05-13T21:18:31.071+0000] {logging_mixin.py:137} INFO - [2025-05-13T21:18:31.071+0000] {dag.py:3423} INFO - Setting next_dagrun for example_external_task_marker_parent to None, run_after=None
[2025-05-13T21:18:31.102+0000] {processor.py:175} INFO - Processing /home/airflow/.local/lib/python3.9/site-packages/airflow/example_dags/example_external_task_marker_dag.py took 0.336 seconds
[2025-05-13T21:19:01.132+0000] {processor.py:153} INFO - Started process (PID=540) to work on /home/airflow/.local/lib/python3.9/site-packages/airflow/example_dags/example_external_task_marker_dag.py
[2025-05-13T21:19:01.134+0000] {processor.py:743} INFO - Processing file /home/airflow/.local/lib/python3.9/site-packages/airflow/example_dags/example_external_task_marker_dag.py for tasks to queue
[2025-05-13T21:19:01.136+0000] {logging_mixin.py:137} INFO - [2025-05-13T21:19:01.136+0000] {dagbag.py:538} INFO - Filling up the DagBag from /home/airflow/.local/lib/python3.9/site-packages/airflow/example_dags/example_external_task_marker_dag.py
[2025-05-13T21:19:01.155+0000] {processor.py:753} INFO - DAG(s) dict_keys(['example_external_task_marker_child', 'example_external_task_marker_parent']) retrieved from /home/airflow/.local/lib/python3.9/site-packages/airflow/example_dags/example_external_task_marker_dag.py
[2025-05-13T21:19:01.206+0000] {logging_mixin.py:137} INFO - [2025-05-13T21:19:01.206+0000] {dag.py:2676} INFO - Sync 2 DAGs
[2025-05-13T21:19:01.232+0000] {logging_mixin.py:137} INFO - [2025-05-13T21:19:01.232+0000] {dag.py:3423} INFO - Setting next_dagrun for example_external_task_marker_child to None, run_after=None
[2025-05-13T21:19:01.235+0000] {logging_mixin.py:137} INFO - [2025-05-13T21:19:01.235+0000] {dag.py:3423} INFO - Setting next_dagrun for example_external_task_marker_parent to None, run_after=None
[2025-05-13T21:19:01.251+0000] {processor.py:175} INFO - Processing /home/airflow/.local/lib/python3.9/site-packages/airflow/example_dags/example_external_task_marker_dag.py took 0.123 seconds
[2025-05-13T21:19:31.461+0000] {processor.py:153} INFO - Started process (PID=739) to work on /home/airflow/.local/lib/python3.9/site-packages/airflow/example_dags/example_external_task_marker_dag.py
[2025-05-13T21:19:31.462+0000] {processor.py:743} INFO - Processing file /home/airflow/.local/lib/python3.9/site-packages/airflow/example_dags/example_external_task_marker_dag.py for tasks to queue
[2025-05-13T21:19:31.463+0000] {logging_mixin.py:137} INFO - [2025-05-13T21:19:31.463+0000] {dagbag.py:538} INFO - Filling up the DagBag from /home/airflow/.local/lib/python3.9/site-packages/airflow/example_dags/example_external_task_marker_dag.py
[2025-05-13T21:19:31.492+0000] {processor.py:753} INFO - DAG(s) dict_keys(['example_external_task_marker_parent', 'example_external_task_marker_child']) retrieved from /home/airflow/.local/lib/python3.9/site-packages/airflow/example_dags/example_external_task_marker_dag.py
[2025-05-13T21:19:31.571+0000] {logging_mixin.py:137} INFO - [2025-05-13T21:19:31.571+0000] {dag.py:2676} INFO - Sync 2 DAGs
[2025-05-13T21:19:31.609+0000] {logging_mixin.py:137} INFO - [2025-05-13T21:19:31.608+0000] {dag.py:3423} INFO - Setting next_dagrun for example_external_task_marker_child to None, run_after=None
[2025-05-13T21:19:31.614+0000] {logging_mixin.py:137} INFO - [2025-05-13T21:19:31.614+0000] {dag.py:3423} INFO - Setting next_dagrun for example_external_task_marker_parent to None, run_after=None
[2025-05-13T21:19:31.697+0000] {processor.py:175} INFO - Processing /home/airflow/.local/lib/python3.9/site-packages/airflow/example_dags/example_external_task_marker_dag.py took 0.244 seconds
[2025-05-13T21:20:03.125+0000] {processor.py:153} INFO - Started process (PID=940) to work on /home/airflow/.local/lib/python3.9/site-packages/airflow/example_dags/example_external_task_marker_dag.py
[2025-05-13T21:20:03.129+0000] {processor.py:743} INFO - Processing file /home/airflow/.local/lib/python3.9/site-packages/airflow/example_dags/example_external_task_marker_dag.py for tasks to queue
[2025-05-13T21:20:03.135+0000] {logging_mixin.py:137} INFO - [2025-05-13T21:20:03.134+0000] {dagbag.py:538} INFO - Filling up the DagBag from /home/airflow/.local/lib/python3.9/site-packages/airflow/example_dags/example_external_task_marker_dag.py
[2025-05-13T21:20:03.187+0000] {processor.py:753} INFO - DAG(s) dict_keys(['example_external_task_marker_child', 'example_external_task_marker_parent']) retrieved from /home/airflow/.local/lib/python3.9/site-packages/airflow/example_dags/example_external_task_marker_dag.py
[2025-05-13T21:20:03.295+0000] {logging_mixin.py:137} INFO - [2025-05-13T21:20:03.295+0000] {dag.py:2676} INFO - Sync 2 DAGs
[2025-05-13T21:20:03.364+0000] {logging_mixin.py:137} INFO - [2025-05-13T21:20:03.364+0000] {dag.py:3423} INFO - Setting next_dagrun for example_external_task_marker_child to None, run_after=None
[2025-05-13T21:20:03.371+0000] {logging_mixin.py:137} INFO - [2025-05-13T21:20:03.371+0000] {dag.py:3423} INFO - Setting next_dagrun for example_external_task_marker_parent to None, run_after=None
[2025-05-13T21:20:03.405+0000] {processor.py:175} INFO - Processing /home/airflow/.local/lib/python3.9/site-packages/airflow/example_dags/example_external_task_marker_dag.py took 0.292 seconds
[2025-05-13T21:20:33.732+0000] {processor.py:153} INFO - Started process (PID=1143) to work on /home/airflow/.local/lib/python3.9/site-packages/airflow/example_dags/example_external_task_marker_dag.py
[2025-05-13T21:20:33.735+0000] {processor.py:743} INFO - Processing file /home/airflow/.local/lib/python3.9/site-packages/airflow/example_dags/example_external_task_marker_dag.py for tasks to queue
[2025-05-13T21:20:33.736+0000] {logging_mixin.py:137} INFO - [2025-05-13T21:20:33.736+0000] {dagbag.py:538} INFO - Filling up the DagBag from /home/airflow/.local/lib/python3.9/site-packages/airflow/example_dags/example_external_task_marker_dag.py
[2025-05-13T21:20:33.770+0000] {processor.py:753} INFO - DAG(s) dict_keys(['example_external_task_marker_parent', 'example_external_task_marker_child']) retrieved from /home/airflow/.local/lib/python3.9/site-packages/airflow/example_dags/example_external_task_marker_dag.py
[2025-05-13T21:20:33.847+0000] {logging_mixin.py:137} INFO - [2025-05-13T21:20:33.846+0000] {dag.py:2676} INFO - Sync 2 DAGs
[2025-05-13T21:20:33.890+0000] {logging_mixin.py:137} INFO - [2025-05-13T21:20:33.890+0000] {dag.py:3423} INFO - Setting next_dagrun for example_external_task_marker_child to None, run_after=None
[2025-05-13T21:20:33.898+0000] {logging_mixin.py:137} INFO - [2025-05-13T21:20:33.898+0000] {dag.py:3423} INFO - Setting next_dagrun for example_external_task_marker_parent to None, run_after=None
[2025-05-13T21:20:33.939+0000] {processor.py:175} INFO - Processing /home/airflow/.local/lib/python3.9/site-packages/airflow/example_dags/example_external_task_marker_dag.py took 0.213 seconds
[2025-05-13T21:21:04.102+0000] {processor.py:153} INFO - Started process (PID=1348) to work on /home/airflow/.local/lib/python3.9/site-packages/airflow/example_dags/example_external_task_marker_dag.py
[2025-05-13T21:21:04.103+0000] {processor.py:743} INFO - Processing file /home/airflow/.local/lib/python3.9/site-packages/airflow/example_dags/example_external_task_marker_dag.py for tasks to queue
[2025-05-13T21:21:04.106+0000] {logging_mixin.py:137} INFO - [2025-05-13T21:21:04.106+0000] {dagbag.py:538} INFO - Filling up the DagBag from /home/airflow/.local/lib/python3.9/site-packages/airflow/example_dags/example_external_task_marker_dag.py
[2025-05-13T21:21:04.127+0000] {processor.py:753} INFO - DAG(s) dict_keys(['example_external_task_marker_child', 'example_external_task_marker_parent']) retrieved from /home/airflow/.local/lib/python3.9/site-packages/airflow/example_dags/example_external_task_marker_dag.py
[2025-05-13T21:21:04.183+0000] {logging_mixin.py:137} INFO - [2025-05-13T21:21:04.183+0000] {dag.py:2676} INFO - Sync 2 DAGs
[2025-05-13T21:21:04.215+0000] {logging_mixin.py:137} INFO - [2025-05-13T21:21:04.215+0000] {dag.py:3423} INFO - Setting next_dagrun for example_external_task_marker_child to None, run_after=None
[2025-05-13T21:21:04.221+0000] {logging_mixin.py:137} INFO - [2025-05-13T21:21:04.221+0000] {dag.py:3423} INFO - Setting next_dagrun for example_external_task_marker_parent to None, run_after=None
[2025-05-13T21:21:04.252+0000] {processor.py:175} INFO - Processing /home/airflow/.local/lib/python3.9/site-packages/airflow/example_dags/example_external_task_marker_dag.py took 0.154 seconds
[2025-05-13T21:21:34.640+0000] {processor.py:153} INFO - Started process (PID=1552) to work on /home/airflow/.local/lib/python3.9/site-packages/airflow/example_dags/example_external_task_marker_dag.py
[2025-05-13T21:21:34.641+0000] {processor.py:743} INFO - Processing file /home/airflow/.local/lib/python3.9/site-packages/airflow/example_dags/example_external_task_marker_dag.py for tasks to queue
[2025-05-13T21:21:34.642+0000] {logging_mixin.py:137} INFO - [2025-05-13T21:21:34.642+0000] {dagbag.py:538} INFO - Filling up the DagBag from /home/airflow/.local/lib/python3.9/site-packages/airflow/example_dags/example_external_task_marker_dag.py
[2025-05-13T21:21:34.661+0000] {processor.py:753} INFO - DAG(s) dict_keys(['example_external_task_marker_parent', 'example_external_task_marker_child']) retrieved from /home/airflow/.local/lib/python3.9/site-packages/airflow/example_dags/example_external_task_marker_dag.py
[2025-05-13T21:21:34.717+0000] {logging_mixin.py:137} INFO - [2025-05-13T21:21:34.716+0000] {dag.py:2676} INFO - Sync 2 DAGs
[2025-05-13T21:21:34.748+0000] {logging_mixin.py:137} INFO - [2025-05-13T21:21:34.748+0000] {dag.py:3423} INFO - Setting next_dagrun for example_external_task_marker_child to None, run_after=None
[2025-05-13T21:21:34.753+0000] {logging_mixin.py:137} INFO - [2025-05-13T21:21:34.753+0000] {dag.py:3423} INFO - Setting next_dagrun for example_external_task_marker_parent to None, run_after=None
[2025-05-13T21:21:34.776+0000] {processor.py:175} INFO - Processing /home/airflow/.local/lib/python3.9/site-packages/airflow/example_dags/example_external_task_marker_dag.py took 0.141 seconds
[2025-05-13T21:22:05.297+0000] {processor.py:153} INFO - Started process (PID=1755) to work on /home/airflow/.local/lib/python3.9/site-packages/airflow/example_dags/example_external_task_marker_dag.py
[2025-05-13T21:22:05.298+0000] {processor.py:743} INFO - Processing file /home/airflow/.local/lib/python3.9/site-packages/airflow/example_dags/example_external_task_marker_dag.py for tasks to queue
[2025-05-13T21:22:05.300+0000] {logging_mixin.py:137} INFO - [2025-05-13T21:22:05.300+0000] {dagbag.py:538} INFO - Filling up the DagBag from /home/airflow/.local/lib/python3.9/site-packages/airflow/example_dags/example_external_task_marker_dag.py
[2025-05-13T21:22:05.318+0000] {processor.py:753} INFO - DAG(s) dict_keys(['example_external_task_marker_child', 'example_external_task_marker_parent']) retrieved from /home/airflow/.local/lib/python3.9/site-packages/airflow/example_dags/example_external_task_marker_dag.py
[2025-05-13T21:22:05.413+0000] {logging_mixin.py:137} INFO - [2025-05-13T21:22:05.413+0000] {dag.py:2676} INFO - Sync 2 DAGs
[2025-05-13T21:22:05.451+0000] {logging_mixin.py:137} INFO - [2025-05-13T21:22:05.451+0000] {dag.py:3423} INFO - Setting next_dagrun for example_external_task_marker_child to None, run_after=None
[2025-05-13T21:22:05.456+0000] {logging_mixin.py:137} INFO - [2025-05-13T21:22:05.456+0000] {dag.py:3423} INFO - Setting next_dagrun for example_external_task_marker_parent to None, run_after=None
[2025-05-13T21:22:05.483+0000] {processor.py:175} INFO - Processing /home/airflow/.local/lib/python3.9/site-packages/airflow/example_dags/example_external_task_marker_dag.py took 0.188 seconds
[2025-05-13T21:22:35.668+0000] {processor.py:153} INFO - Started process (PID=1957) to work on /home/airflow/.local/lib/python3.9/site-packages/airflow/example_dags/example_external_task_marker_dag.py
[2025-05-13T21:22:35.669+0000] {processor.py:743} INFO - Processing file /home/airflow/.local/lib/python3.9/site-packages/airflow/example_dags/example_external_task_marker_dag.py for tasks to queue
[2025-05-13T21:22:35.670+0000] {logging_mixin.py:137} INFO - [2025-05-13T21:22:35.670+0000] {dagbag.py:538} INFO - Filling up the DagBag from /home/airflow/.local/lib/python3.9/site-packages/airflow/example_dags/example_external_task_marker_dag.py
[2025-05-13T21:22:35.689+0000] {processor.py:753} INFO - DAG(s) dict_keys(['example_external_task_marker_parent', 'example_external_task_marker_child']) retrieved from /home/airflow/.local/lib/python3.9/site-packages/airflow/example_dags/example_external_task_marker_dag.py
[2025-05-13T21:22:35.743+0000] {logging_mixin.py:137} INFO - [2025-05-13T21:22:35.743+0000] {dag.py:2676} INFO - Sync 2 DAGs
[2025-05-13T21:22:35.771+0000] {logging_mixin.py:137} INFO - [2025-05-13T21:22:35.770+0000] {dag.py:3423} INFO - Setting next_dagrun for example_external_task_marker_child to None, run_after=None
[2025-05-13T21:22:35.775+0000] {logging_mixin.py:137} INFO - [2025-05-13T21:22:35.774+0000] {dag.py:3423} INFO - Setting next_dagrun for example_external_task_marker_parent to None, run_after=None
[2025-05-13T21:22:35.796+0000] {processor.py:175} INFO - Processing /home/airflow/.local/lib/python3.9/site-packages/airflow/example_dags/example_external_task_marker_dag.py took 0.133 seconds
[2025-05-13T21:23:06.145+0000] {processor.py:153} INFO - Started process (PID=2160) to work on /home/airflow/.local/lib/python3.9/site-packages/airflow/example_dags/example_external_task_marker_dag.py
[2025-05-13T21:23:06.147+0000] {processor.py:743} INFO - Processing file /home/airflow/.local/lib/python3.9/site-packages/airflow/example_dags/example_external_task_marker_dag.py for tasks to queue
[2025-05-13T21:23:06.148+0000] {logging_mixin.py:137} INFO - [2025-05-13T21:23:06.148+0000] {dagbag.py:538} INFO - Filling up the DagBag from /home/airflow/.local/lib/python3.9/site-packages/airflow/example_dags/example_external_task_marker_dag.py
[2025-05-13T21:23:06.170+0000] {processor.py:753} INFO - DAG(s) dict_keys(['example_external_task_marker_parent', 'example_external_task_marker_child']) retrieved from /home/airflow/.local/lib/python3.9/site-packages/airflow/example_dags/example_external_task_marker_dag.py
[2025-05-13T21:23:06.267+0000] {logging_mixin.py:137} INFO - [2025-05-13T21:23:06.267+0000] {dag.py:2676} INFO - Sync 2 DAGs
[2025-05-13T21:23:06.302+0000] {logging_mixin.py:137} INFO - [2025-05-13T21:23:06.302+0000] {dag.py:3423} INFO - Setting next_dagrun for example_external_task_marker_child to None, run_after=None
[2025-05-13T21:23:06.308+0000] {logging_mixin.py:137} INFO - [2025-05-13T21:23:06.308+0000] {dag.py:3423} INFO - Setting next_dagrun for example_external_task_marker_parent to None, run_after=None
[2025-05-13T21:23:06.348+0000] {processor.py:175} INFO - Processing /home/airflow/.local/lib/python3.9/site-packages/airflow/example_dags/example_external_task_marker_dag.py took 0.208 seconds
[2025-05-13T21:23:36.708+0000] {processor.py:153} INFO - Started process (PID=2363) to work on /home/airflow/.local/lib/python3.9/site-packages/airflow/example_dags/example_external_task_marker_dag.py
[2025-05-13T21:23:36.709+0000] {processor.py:743} INFO - Processing file /home/airflow/.local/lib/python3.9/site-packages/airflow/example_dags/example_external_task_marker_dag.py for tasks to queue
[2025-05-13T21:23:36.710+0000] {logging_mixin.py:137} INFO - [2025-05-13T21:23:36.710+0000] {dagbag.py:538} INFO - Filling up the DagBag from /home/airflow/.local/lib/python3.9/site-packages/airflow/example_dags/example_external_task_marker_dag.py
[2025-05-13T21:23:36.729+0000] {processor.py:753} INFO - DAG(s) dict_keys(['example_external_task_marker_parent', 'example_external_task_marker_child']) retrieved from /home/airflow/.local/lib/python3.9/site-packages/airflow/example_dags/example_external_task_marker_dag.py
[2025-05-13T21:23:36.791+0000] {logging_mixin.py:137} INFO - [2025-05-13T21:23:36.791+0000] {dag.py:2676} INFO - Sync 2 DAGs
[2025-05-13T21:23:36.826+0000] {logging_mixin.py:137} INFO - [2025-05-13T21:23:36.826+0000] {dag.py:3423} INFO - Setting next_dagrun for example_external_task_marker_child to None, run_after=None
[2025-05-13T21:23:36.832+0000] {logging_mixin.py:137} INFO - [2025-05-13T21:23:36.832+0000] {dag.py:3423} INFO - Setting next_dagrun for example_external_task_marker_parent to None, run_after=None
[2025-05-13T21:23:36.855+0000] {processor.py:175} INFO - Processing /home/airflow/.local/lib/python3.9/site-packages/airflow/example_dags/example_external_task_marker_dag.py took 0.151 seconds
[2025-05-13T21:24:07.312+0000] {processor.py:153} INFO - Started process (PID=2566) to work on /home/airflow/.local/lib/python3.9/site-packages/airflow/example_dags/example_external_task_marker_dag.py
[2025-05-13T21:24:07.313+0000] {processor.py:743} INFO - Processing file /home/airflow/.local/lib/python3.9/site-packages/airflow/example_dags/example_external_task_marker_dag.py for tasks to queue
[2025-05-13T21:24:07.314+0000] {logging_mixin.py:137} INFO - [2025-05-13T21:24:07.314+0000] {dagbag.py:538} INFO - Filling up the DagBag from /home/airflow/.local/lib/python3.9/site-packages/airflow/example_dags/example_external_task_marker_dag.py
[2025-05-13T21:24:07.332+0000] {processor.py:753} INFO - DAG(s) dict_keys(['example_external_task_marker_parent', 'example_external_task_marker_child']) retrieved from /home/airflow/.local/lib/python3.9/site-packages/airflow/example_dags/example_external_task_marker_dag.py
[2025-05-13T21:24:07.383+0000] {logging_mixin.py:137} INFO - [2025-05-13T21:24:07.383+0000] {dag.py:2676} INFO - Sync 2 DAGs
[2025-05-13T21:24:07.409+0000] {logging_mixin.py:137} INFO - [2025-05-13T21:24:07.409+0000] {dag.py:3423} INFO - Setting next_dagrun for example_external_task_marker_child to None, run_after=None
[2025-05-13T21:24:07.413+0000] {logging_mixin.py:137} INFO - [2025-05-13T21:24:07.413+0000] {dag.py:3423} INFO - Setting next_dagrun for example_external_task_marker_parent to None, run_after=None
[2025-05-13T21:24:07.432+0000] {processor.py:175} INFO - Processing /home/airflow/.local/lib/python3.9/site-packages/airflow/example_dags/example_external_task_marker_dag.py took 0.125 seconds
[2025-05-13T21:24:38.017+0000] {processor.py:153} INFO - Started process (PID=2770) to work on /home/airflow/.local/lib/python3.9/site-packages/airflow/example_dags/example_external_task_marker_dag.py
[2025-05-13T21:24:38.018+0000] {processor.py:743} INFO - Processing file /home/airflow/.local/lib/python3.9/site-packages/airflow/example_dags/example_external_task_marker_dag.py for tasks to queue
[2025-05-13T21:24:38.019+0000] {logging_mixin.py:137} INFO - [2025-05-13T21:24:38.019+0000] {dagbag.py:538} INFO - Filling up the DagBag from /home/airflow/.local/lib/python3.9/site-packages/airflow/example_dags/example_external_task_marker_dag.py
[2025-05-13T21:24:38.037+0000] {processor.py:753} INFO - DAG(s) dict_keys(['example_external_task_marker_child', 'example_external_task_marker_parent']) retrieved from /home/airflow/.local/lib/python3.9/site-packages/airflow/example_dags/example_external_task_marker_dag.py
[2025-05-13T21:24:38.093+0000] {logging_mixin.py:137} INFO - [2025-05-13T21:24:38.093+0000] {dag.py:2676} INFO - Sync 2 DAGs
[2025-05-13T21:24:38.130+0000] {logging_mixin.py:137} INFO - [2025-05-13T21:24:38.129+0000] {dag.py:3423} INFO - Setting next_dagrun for example_external_task_marker_child to None, run_after=None
[2025-05-13T21:24:38.136+0000] {logging_mixin.py:137} INFO - [2025-05-13T21:24:38.136+0000] {dag.py:3423} INFO - Setting next_dagrun for example_external_task_marker_parent to None, run_after=None
[2025-05-13T21:24:38.161+0000] {processor.py:175} INFO - Processing /home/airflow/.local/lib/python3.9/site-packages/airflow/example_dags/example_external_task_marker_dag.py took 0.149 seconds
[2025-05-13T21:25:08.614+0000] {processor.py:153} INFO - Started process (PID=2973) to work on /home/airflow/.local/lib/python3.9/site-packages/airflow/example_dags/example_external_task_marker_dag.py
[2025-05-13T21:25:08.615+0000] {processor.py:743} INFO - Processing file /home/airflow/.local/lib/python3.9/site-packages/airflow/example_dags/example_external_task_marker_dag.py for tasks to queue
[2025-05-13T21:25:08.616+0000] {logging_mixin.py:137} INFO - [2025-05-13T21:25:08.616+0000] {dagbag.py:538} INFO - Filling up the DagBag from /home/airflow/.local/lib/python3.9/site-packages/airflow/example_dags/example_external_task_marker_dag.py
[2025-05-13T21:25:08.633+0000] {processor.py:753} INFO - DAG(s) dict_keys(['example_external_task_marker_child', 'example_external_task_marker_parent']) retrieved from /home/airflow/.local/lib/python3.9/site-packages/airflow/example_dags/example_external_task_marker_dag.py
[2025-05-13T21:25:08.679+0000] {logging_mixin.py:137} INFO - [2025-05-13T21:25:08.679+0000] {dag.py:2676} INFO - Sync 2 DAGs
[2025-05-13T21:25:08.702+0000] {logging_mixin.py:137} INFO - [2025-05-13T21:25:08.702+0000] {dag.py:3423} INFO - Setting next_dagrun for example_external_task_marker_child to None, run_after=None
[2025-05-13T21:25:08.705+0000] {logging_mixin.py:137} INFO - [2025-05-13T21:25:08.705+0000] {dag.py:3423} INFO - Setting next_dagrun for example_external_task_marker_parent to None, run_after=None
[2025-05-13T21:25:08.723+0000] {processor.py:175} INFO - Processing /home/airflow/.local/lib/python3.9/site-packages/airflow/example_dags/example_external_task_marker_dag.py took 0.114 seconds
[2025-05-13T21:25:39.135+0000] {processor.py:153} INFO - Started process (PID=3169) to work on /home/airflow/.local/lib/python3.9/site-packages/airflow/example_dags/example_external_task_marker_dag.py
[2025-05-13T21:25:39.136+0000] {processor.py:743} INFO - Processing file /home/airflow/.local/lib/python3.9/site-packages/airflow/example_dags/example_external_task_marker_dag.py for tasks to queue
[2025-05-13T21:25:39.137+0000] {logging_mixin.py:137} INFO - [2025-05-13T21:25:39.137+0000] {dagbag.py:538} INFO - Filling up the DagBag from /home/airflow/.local/lib/python3.9/site-packages/airflow/example_dags/example_external_task_marker_dag.py
[2025-05-13T21:25:39.157+0000] {processor.py:753} INFO - DAG(s) dict_keys(['example_external_task_marker_child', 'example_external_task_marker_parent']) retrieved from /home/airflow/.local/lib/python3.9/site-packages/airflow/example_dags/example_external_task_marker_dag.py
[2025-05-13T21:25:39.213+0000] {logging_mixin.py:137} INFO - [2025-05-13T21:25:39.213+0000] {dag.py:2676} INFO - Sync 2 DAGs
[2025-05-13T21:25:39.245+0000] {logging_mixin.py:137} INFO - [2025-05-13T21:25:39.244+0000] {dag.py:3423} INFO - Setting next_dagrun for example_external_task_marker_child to None, run_after=None
[2025-05-13T21:25:39.249+0000] {logging_mixin.py:137} INFO - [2025-05-13T21:25:39.249+0000] {dag.py:3423} INFO - Setting next_dagrun for example_external_task_marker_parent to None, run_after=None
[2025-05-13T21:25:39.271+0000] {processor.py:175} INFO - Processing /home/airflow/.local/lib/python3.9/site-packages/airflow/example_dags/example_external_task_marker_dag.py took 0.142 seconds
[2025-05-13T21:26:09.744+0000] {processor.py:153} INFO - Started process (PID=3387) to work on /home/airflow/.local/lib/python3.9/site-packages/airflow/example_dags/example_external_task_marker_dag.py
[2025-05-13T21:26:09.745+0000] {processor.py:743} INFO - Processing file /home/airflow/.local/lib/python3.9/site-packages/airflow/example_dags/example_external_task_marker_dag.py for tasks to queue
[2025-05-13T21:26:09.746+0000] {logging_mixin.py:137} INFO - [2025-05-13T21:26:09.746+0000] {dagbag.py:538} INFO - Filling up the DagBag from /home/airflow/.local/lib/python3.9/site-packages/airflow/example_dags/example_external_task_marker_dag.py
[2025-05-13T21:26:09.766+0000] {processor.py:753} INFO - DAG(s) dict_keys(['example_external_task_marker_child', 'example_external_task_marker_parent']) retrieved from /home/airflow/.local/lib/python3.9/site-packages/airflow/example_dags/example_external_task_marker_dag.py
[2025-05-13T21:26:09.819+0000] {logging_mixin.py:137} INFO - [2025-05-13T21:26:09.819+0000] {dag.py:2676} INFO - Sync 2 DAGs
[2025-05-13T21:26:09.850+0000] {logging_mixin.py:137} INFO - [2025-05-13T21:26:09.850+0000] {dag.py:3423} INFO - Setting next_dagrun for example_external_task_marker_child to None, run_after=None
[2025-05-13T21:26:09.854+0000] {logging_mixin.py:137} INFO - [2025-05-13T21:26:09.854+0000] {dag.py:3423} INFO - Setting next_dagrun for example_external_task_marker_parent to None, run_after=None
[2025-05-13T21:26:09.875+0000] {processor.py:175} INFO - Processing /home/airflow/.local/lib/python3.9/site-packages/airflow/example_dags/example_external_task_marker_dag.py took 0.135 seconds
[2025-05-13T21:26:40.587+0000] {processor.py:153} INFO - Started process (PID=3590) to work on /home/airflow/.local/lib/python3.9/site-packages/airflow/example_dags/example_external_task_marker_dag.py
[2025-05-13T21:26:40.589+0000] {processor.py:743} INFO - Processing file /home/airflow/.local/lib/python3.9/site-packages/airflow/example_dags/example_external_task_marker_dag.py for tasks to queue
[2025-05-13T21:26:40.589+0000] {logging_mixin.py:137} INFO - [2025-05-13T21:26:40.589+0000] {dagbag.py:538} INFO - Filling up the DagBag from /home/airflow/.local/lib/python3.9/site-packages/airflow/example_dags/example_external_task_marker_dag.py
[2025-05-13T21:26:40.609+0000] {processor.py:753} INFO - DAG(s) dict_keys(['example_external_task_marker_child', 'example_external_task_marker_parent']) retrieved from /home/airflow/.local/lib/python3.9/site-packages/airflow/example_dags/example_external_task_marker_dag.py
[2025-05-13T21:26:40.663+0000] {logging_mixin.py:137} INFO - [2025-05-13T21:26:40.662+0000] {dag.py:2676} INFO - Sync 2 DAGs
[2025-05-13T21:26:40.694+0000] {logging_mixin.py:137} INFO - [2025-05-13T21:26:40.693+0000] {dag.py:3423} INFO - Setting next_dagrun for example_external_task_marker_child to None, run_after=None
[2025-05-13T21:26:40.698+0000] {logging_mixin.py:137} INFO - [2025-05-13T21:26:40.698+0000] {dag.py:3423} INFO - Setting next_dagrun for example_external_task_marker_parent to None, run_after=None
[2025-05-13T21:26:40.719+0000] {processor.py:175} INFO - Processing /home/airflow/.local/lib/python3.9/site-packages/airflow/example_dags/example_external_task_marker_dag.py took 0.136 seconds
[2025-05-13T21:27:10.972+0000] {processor.py:153} INFO - Started process (PID=3793) to work on /home/airflow/.local/lib/python3.9/site-packages/airflow/example_dags/example_external_task_marker_dag.py
[2025-05-13T21:27:10.973+0000] {processor.py:743} INFO - Processing file /home/airflow/.local/lib/python3.9/site-packages/airflow/example_dags/example_external_task_marker_dag.py for tasks to queue
[2025-05-13T21:27:10.974+0000] {logging_mixin.py:137} INFO - [2025-05-13T21:27:10.974+0000] {dagbag.py:538} INFO - Filling up the DagBag from /home/airflow/.local/lib/python3.9/site-packages/airflow/example_dags/example_external_task_marker_dag.py
[2025-05-13T21:27:10.995+0000] {processor.py:753} INFO - DAG(s) dict_keys(['example_external_task_marker_child', 'example_external_task_marker_parent']) retrieved from /home/airflow/.local/lib/python3.9/site-packages/airflow/example_dags/example_external_task_marker_dag.py
[2025-05-13T21:27:11.048+0000] {logging_mixin.py:137} INFO - [2025-05-13T21:27:11.048+0000] {dag.py:2676} INFO - Sync 2 DAGs
[2025-05-13T21:27:11.077+0000] {logging_mixin.py:137} INFO - [2025-05-13T21:27:11.076+0000] {dag.py:3423} INFO - Setting next_dagrun for example_external_task_marker_child to None, run_after=None
[2025-05-13T21:27:11.081+0000] {logging_mixin.py:137} INFO - [2025-05-13T21:27:11.080+0000] {dag.py:3423} INFO - Setting next_dagrun for example_external_task_marker_parent to None, run_after=None
[2025-05-13T21:27:11.102+0000] {processor.py:175} INFO - Processing /home/airflow/.local/lib/python3.9/site-packages/airflow/example_dags/example_external_task_marker_dag.py took 0.134 seconds
[2025-05-13T21:27:41.671+0000] {processor.py:153} INFO - Started process (PID=3996) to work on /home/airflow/.local/lib/python3.9/site-packages/airflow/example_dags/example_external_task_marker_dag.py
[2025-05-13T21:27:41.673+0000] {processor.py:743} INFO - Processing file /home/airflow/.local/lib/python3.9/site-packages/airflow/example_dags/example_external_task_marker_dag.py for tasks to queue
[2025-05-13T21:27:41.674+0000] {logging_mixin.py:137} INFO - [2025-05-13T21:27:41.674+0000] {dagbag.py:538} INFO - Filling up the DagBag from /home/airflow/.local/lib/python3.9/site-packages/airflow/example_dags/example_external_task_marker_dag.py
[2025-05-13T21:27:41.698+0000] {processor.py:753} INFO - DAG(s) dict_keys(['example_external_task_marker_parent', 'example_external_task_marker_child']) retrieved from /home/airflow/.local/lib/python3.9/site-packages/airflow/example_dags/example_external_task_marker_dag.py
[2025-05-13T21:27:41.762+0000] {logging_mixin.py:137} INFO - [2025-05-13T21:27:41.761+0000] {dag.py:2676} INFO - Sync 2 DAGs
[2025-05-13T21:27:41.807+0000] {logging_mixin.py:137} INFO - [2025-05-13T21:27:41.806+0000] {dag.py:3423} INFO - Setting next_dagrun for example_external_task_marker_child to None, run_after=None
[2025-05-13T21:27:41.814+0000] {logging_mixin.py:137} INFO - [2025-05-13T21:27:41.814+0000] {dag.py:3423} INFO - Setting next_dagrun for example_external_task_marker_parent to None, run_after=None
[2025-05-13T21:27:41.863+0000] {processor.py:175} INFO - Processing /home/airflow/.local/lib/python3.9/site-packages/airflow/example_dags/example_external_task_marker_dag.py took 0.197 seconds
[2025-05-13T21:28:12.374+0000] {processor.py:153} INFO - Started process (PID=4197) to work on /home/airflow/.local/lib/python3.9/site-packages/airflow/example_dags/example_external_task_marker_dag.py
[2025-05-13T21:28:12.376+0000] {processor.py:743} INFO - Processing file /home/airflow/.local/lib/python3.9/site-packages/airflow/example_dags/example_external_task_marker_dag.py for tasks to queue
[2025-05-13T21:28:12.378+0000] {logging_mixin.py:137} INFO - [2025-05-13T21:28:12.377+0000] {dagbag.py:538} INFO - Filling up the DagBag from /home/airflow/.local/lib/python3.9/site-packages/airflow/example_dags/example_external_task_marker_dag.py
[2025-05-13T21:28:12.408+0000] {processor.py:753} INFO - DAG(s) dict_keys(['example_external_task_marker_parent', 'example_external_task_marker_child']) retrieved from /home/airflow/.local/lib/python3.9/site-packages/airflow/example_dags/example_external_task_marker_dag.py
[2025-05-13T21:28:12.463+0000] {logging_mixin.py:137} INFO - [2025-05-13T21:28:12.463+0000] {dag.py:2676} INFO - Sync 2 DAGs
[2025-05-13T21:28:12.507+0000] {logging_mixin.py:137} INFO - [2025-05-13T21:28:12.507+0000] {dag.py:3423} INFO - Setting next_dagrun for example_external_task_marker_child to None, run_after=None
[2025-05-13T21:28:12.515+0000] {logging_mixin.py:137} INFO - [2025-05-13T21:28:12.514+0000] {dag.py:3423} INFO - Setting next_dagrun for example_external_task_marker_parent to None, run_after=None
[2025-05-13T21:28:12.661+0000] {processor.py:175} INFO - Processing /home/airflow/.local/lib/python3.9/site-packages/airflow/example_dags/example_external_task_marker_dag.py took 0.293 seconds
[2025-05-13T21:28:42.909+0000] {processor.py:153} INFO - Started process (PID=4402) to work on /home/airflow/.local/lib/python3.9/site-packages/airflow/example_dags/example_external_task_marker_dag.py
[2025-05-13T21:28:42.911+0000] {processor.py:743} INFO - Processing file /home/airflow/.local/lib/python3.9/site-packages/airflow/example_dags/example_external_task_marker_dag.py for tasks to queue
[2025-05-13T21:28:42.912+0000] {logging_mixin.py:137} INFO - [2025-05-13T21:28:42.911+0000] {dagbag.py:538} INFO - Filling up the DagBag from /home/airflow/.local/lib/python3.9/site-packages/airflow/example_dags/example_external_task_marker_dag.py
[2025-05-13T21:28:42.931+0000] {processor.py:753} INFO - DAG(s) dict_keys(['example_external_task_marker_parent', 'example_external_task_marker_child']) retrieved from /home/airflow/.local/lib/python3.9/site-packages/airflow/example_dags/example_external_task_marker_dag.py
[2025-05-13T21:28:42.983+0000] {logging_mixin.py:137} INFO - [2025-05-13T21:28:42.982+0000] {dag.py:2676} INFO - Sync 2 DAGs
[2025-05-13T21:28:43.009+0000] {logging_mixin.py:137} INFO - [2025-05-13T21:28:43.009+0000] {dag.py:3423} INFO - Setting next_dagrun for example_external_task_marker_child to None, run_after=None
[2025-05-13T21:28:43.013+0000] {logging_mixin.py:137} INFO - [2025-05-13T21:28:43.013+0000] {dag.py:3423} INFO - Setting next_dagrun for example_external_task_marker_parent to None, run_after=None
[2025-05-13T21:28:43.031+0000] {processor.py:175} INFO - Processing /home/airflow/.local/lib/python3.9/site-packages/airflow/example_dags/example_external_task_marker_dag.py took 0.126 seconds
[2025-05-13T21:29:13.871+0000] {processor.py:153} INFO - Started process (PID=4603) to work on /home/airflow/.local/lib/python3.9/site-packages/airflow/example_dags/example_external_task_marker_dag.py
[2025-05-13T21:29:13.872+0000] {processor.py:743} INFO - Processing file /home/airflow/.local/lib/python3.9/site-packages/airflow/example_dags/example_external_task_marker_dag.py for tasks to queue
[2025-05-13T21:29:13.873+0000] {logging_mixin.py:137} INFO - [2025-05-13T21:29:13.873+0000] {dagbag.py:538} INFO - Filling up the DagBag from /home/airflow/.local/lib/python3.9/site-packages/airflow/example_dags/example_external_task_marker_dag.py
[2025-05-13T21:29:13.893+0000] {processor.py:753} INFO - DAG(s) dict_keys(['example_external_task_marker_parent', 'example_external_task_marker_child']) retrieved from /home/airflow/.local/lib/python3.9/site-packages/airflow/example_dags/example_external_task_marker_dag.py
[2025-05-13T21:29:13.944+0000] {logging_mixin.py:137} INFO - [2025-05-13T21:29:13.944+0000] {dag.py:2676} INFO - Sync 2 DAGs
[2025-05-13T21:29:13.975+0000] {logging_mixin.py:137} INFO - [2025-05-13T21:29:13.975+0000] {dag.py:3423} INFO - Setting next_dagrun for example_external_task_marker_child to None, run_after=None
[2025-05-13T21:29:13.980+0000] {logging_mixin.py:137} INFO - [2025-05-13T21:29:13.980+0000] {dag.py:3423} INFO - Setting next_dagrun for example_external_task_marker_parent to None, run_after=None
[2025-05-13T21:29:14.004+0000] {processor.py:175} INFO - Processing /home/airflow/.local/lib/python3.9/site-packages/airflow/example_dags/example_external_task_marker_dag.py took 0.137 seconds
[2025-05-13T21:29:44.886+0000] {processor.py:153} INFO - Started process (PID=4808) to work on /home/airflow/.local/lib/python3.9/site-packages/airflow/example_dags/example_external_task_marker_dag.py
[2025-05-13T21:29:44.889+0000] {processor.py:743} INFO - Processing file /home/airflow/.local/lib/python3.9/site-packages/airflow/example_dags/example_external_task_marker_dag.py for tasks to queue
[2025-05-13T21:29:44.891+0000] {logging_mixin.py:137} INFO - [2025-05-13T21:29:44.890+0000] {dagbag.py:538} INFO - Filling up the DagBag from /home/airflow/.local/lib/python3.9/site-packages/airflow/example_dags/example_external_task_marker_dag.py
[2025-05-13T21:29:44.912+0000] {processor.py:753} INFO - DAG(s) dict_keys(['example_external_task_marker_parent', 'example_external_task_marker_child']) retrieved from /home/airflow/.local/lib/python3.9/site-packages/airflow/example_dags/example_external_task_marker_dag.py
[2025-05-13T21:29:44.965+0000] {logging_mixin.py:137} INFO - [2025-05-13T21:29:44.965+0000] {dag.py:2676} INFO - Sync 2 DAGs
[2025-05-13T21:29:44.996+0000] {logging_mixin.py:137} INFO - [2025-05-13T21:29:44.996+0000] {dag.py:3423} INFO - Setting next_dagrun for example_external_task_marker_child to None, run_after=None
[2025-05-13T21:29:45.000+0000] {logging_mixin.py:137} INFO - [2025-05-13T21:29:45.000+0000] {dag.py:3423} INFO - Setting next_dagrun for example_external_task_marker_parent to None, run_after=None
[2025-05-13T21:29:45.020+0000] {processor.py:175} INFO - Processing /home/airflow/.local/lib/python3.9/site-packages/airflow/example_dags/example_external_task_marker_dag.py took 0.139 seconds
[2025-05-13T21:30:16.090+0000] {processor.py:153} INFO - Started process (PID=5009) to work on /home/airflow/.local/lib/python3.9/site-packages/airflow/example_dags/example_external_task_marker_dag.py
[2025-05-13T21:30:16.091+0000] {processor.py:743} INFO - Processing file /home/airflow/.local/lib/python3.9/site-packages/airflow/example_dags/example_external_task_marker_dag.py for tasks to queue
[2025-05-13T21:30:16.092+0000] {logging_mixin.py:137} INFO - [2025-05-13T21:30:16.091+0000] {dagbag.py:538} INFO - Filling up the DagBag from /home/airflow/.local/lib/python3.9/site-packages/airflow/example_dags/example_external_task_marker_dag.py
[2025-05-13T21:30:16.108+0000] {processor.py:753} INFO - DAG(s) dict_keys(['example_external_task_marker_parent', 'example_external_task_marker_child']) retrieved from /home/airflow/.local/lib/python3.9/site-packages/airflow/example_dags/example_external_task_marker_dag.py
[2025-05-13T21:30:16.168+0000] {logging_mixin.py:137} INFO - [2025-05-13T21:30:16.167+0000] {dag.py:2676} INFO - Sync 2 DAGs
[2025-05-13T21:30:16.204+0000] {logging_mixin.py:137} INFO - [2025-05-13T21:30:16.204+0000] {dag.py:3423} INFO - Setting next_dagrun for example_external_task_marker_child to None, run_after=None
[2025-05-13T21:30:16.208+0000] {logging_mixin.py:137} INFO - [2025-05-13T21:30:16.208+0000] {dag.py:3423} INFO - Setting next_dagrun for example_external_task_marker_parent to None, run_after=None
[2025-05-13T21:30:16.234+0000] {processor.py:175} INFO - Processing /home/airflow/.local/lib/python3.9/site-packages/airflow/example_dags/example_external_task_marker_dag.py took 0.148 seconds
[2025-05-13T21:30:47.127+0000] {processor.py:153} INFO - Started process (PID=5211) to work on /home/airflow/.local/lib/python3.9/site-packages/airflow/example_dags/example_external_task_marker_dag.py
[2025-05-13T21:30:47.128+0000] {processor.py:743} INFO - Processing file /home/airflow/.local/lib/python3.9/site-packages/airflow/example_dags/example_external_task_marker_dag.py for tasks to queue
[2025-05-13T21:30:47.129+0000] {logging_mixin.py:137} INFO - [2025-05-13T21:30:47.128+0000] {dagbag.py:538} INFO - Filling up the DagBag from /home/airflow/.local/lib/python3.9/site-packages/airflow/example_dags/example_external_task_marker_dag.py
[2025-05-13T21:30:47.154+0000] {processor.py:753} INFO - DAG(s) dict_keys(['example_external_task_marker_child', 'example_external_task_marker_parent']) retrieved from /home/airflow/.local/lib/python3.9/site-packages/airflow/example_dags/example_external_task_marker_dag.py
[2025-05-13T21:30:47.221+0000] {logging_mixin.py:137} INFO - [2025-05-13T21:30:47.220+0000] {dag.py:2676} INFO - Sync 2 DAGs
[2025-05-13T21:30:47.255+0000] {logging_mixin.py:137} INFO - [2025-05-13T21:30:47.255+0000] {dag.py:3423} INFO - Setting next_dagrun for example_external_task_marker_child to None, run_after=None
[2025-05-13T21:30:47.259+0000] {logging_mixin.py:137} INFO - [2025-05-13T21:30:47.259+0000] {dag.py:3423} INFO - Setting next_dagrun for example_external_task_marker_parent to None, run_after=None
[2025-05-13T21:30:47.281+0000] {processor.py:175} INFO - Processing /home/airflow/.local/lib/python3.9/site-packages/airflow/example_dags/example_external_task_marker_dag.py took 0.159 seconds
[2025-05-13T21:31:17.705+0000] {processor.py:153} INFO - Started process (PID=5414) to work on /home/airflow/.local/lib/python3.9/site-packages/airflow/example_dags/example_external_task_marker_dag.py
[2025-05-13T21:31:17.706+0000] {processor.py:743} INFO - Processing file /home/airflow/.local/lib/python3.9/site-packages/airflow/example_dags/example_external_task_marker_dag.py for tasks to queue
[2025-05-13T21:31:17.707+0000] {logging_mixin.py:137} INFO - [2025-05-13T21:31:17.707+0000] {dagbag.py:538} INFO - Filling up the DagBag from /home/airflow/.local/lib/python3.9/site-packages/airflow/example_dags/example_external_task_marker_dag.py
[2025-05-13T21:31:17.728+0000] {processor.py:753} INFO - DAG(s) dict_keys(['example_external_task_marker_parent', 'example_external_task_marker_child']) retrieved from /home/airflow/.local/lib/python3.9/site-packages/airflow/example_dags/example_external_task_marker_dag.py
[2025-05-13T21:31:17.794+0000] {logging_mixin.py:137} INFO - [2025-05-13T21:31:17.793+0000] {dag.py:2676} INFO - Sync 2 DAGs
[2025-05-13T21:31:17.828+0000] {logging_mixin.py:137} INFO - [2025-05-13T21:31:17.827+0000] {dag.py:3423} INFO - Setting next_dagrun for example_external_task_marker_child to None, run_after=None
[2025-05-13T21:31:17.834+0000] {logging_mixin.py:137} INFO - [2025-05-13T21:31:17.833+0000] {dag.py:3423} INFO - Setting next_dagrun for example_external_task_marker_parent to None, run_after=None
[2025-05-13T21:31:17.864+0000] {processor.py:175} INFO - Processing /home/airflow/.local/lib/python3.9/site-packages/airflow/example_dags/example_external_task_marker_dag.py took 0.168 seconds
[2025-05-13T21:31:47.937+0000] {processor.py:153} INFO - Started process (PID=5617) to work on /home/airflow/.local/lib/python3.9/site-packages/airflow/example_dags/example_external_task_marker_dag.py
[2025-05-13T21:31:47.940+0000] {processor.py:743} INFO - Processing file /home/airflow/.local/lib/python3.9/site-packages/airflow/example_dags/example_external_task_marker_dag.py for tasks to queue
[2025-05-13T21:31:47.941+0000] {logging_mixin.py:137} INFO - [2025-05-13T21:31:47.941+0000] {dagbag.py:538} INFO - Filling up the DagBag from /home/airflow/.local/lib/python3.9/site-packages/airflow/example_dags/example_external_task_marker_dag.py
[2025-05-13T21:31:47.960+0000] {processor.py:753} INFO - DAG(s) dict_keys(['example_external_task_marker_child', 'example_external_task_marker_parent']) retrieved from /home/airflow/.local/lib/python3.9/site-packages/airflow/example_dags/example_external_task_marker_dag.py
[2025-05-13T21:31:48.001+0000] {logging_mixin.py:137} INFO - [2025-05-13T21:31:48.001+0000] {dag.py:2676} INFO - Sync 2 DAGs
[2025-05-13T21:31:48.033+0000] {logging_mixin.py:137} INFO - [2025-05-13T21:31:48.032+0000] {dag.py:3423} INFO - Setting next_dagrun for example_external_task_marker_child to None, run_after=None
[2025-05-13T21:31:48.037+0000] {logging_mixin.py:137} INFO - [2025-05-13T21:31:48.036+0000] {dag.py:3423} INFO - Setting next_dagrun for example_external_task_marker_parent to None, run_after=None
[2025-05-13T21:31:48.060+0000] {processor.py:175} INFO - Processing /home/airflow/.local/lib/python3.9/site-packages/airflow/example_dags/example_external_task_marker_dag.py took 0.127 seconds
[2025-05-13T21:32:18.796+0000] {processor.py:153} INFO - Started process (PID=5820) to work on /home/airflow/.local/lib/python3.9/site-packages/airflow/example_dags/example_external_task_marker_dag.py
[2025-05-13T21:32:18.798+0000] {processor.py:743} INFO - Processing file /home/airflow/.local/lib/python3.9/site-packages/airflow/example_dags/example_external_task_marker_dag.py for tasks to queue
[2025-05-13T21:32:18.799+0000] {logging_mixin.py:137} INFO - [2025-05-13T21:32:18.799+0000] {dagbag.py:538} INFO - Filling up the DagBag from /home/airflow/.local/lib/python3.9/site-packages/airflow/example_dags/example_external_task_marker_dag.py
[2025-05-13T21:32:18.819+0000] {processor.py:753} INFO - DAG(s) dict_keys(['example_external_task_marker_parent', 'example_external_task_marker_child']) retrieved from /home/airflow/.local/lib/python3.9/site-packages/airflow/example_dags/example_external_task_marker_dag.py
[2025-05-13T21:32:18.913+0000] {logging_mixin.py:137} INFO - [2025-05-13T21:32:18.913+0000] {dag.py:2676} INFO - Sync 2 DAGs
[2025-05-13T21:32:18.938+0000] {logging_mixin.py:137} INFO - [2025-05-13T21:32:18.938+0000] {dag.py:3423} INFO - Setting next_dagrun for example_external_task_marker_child to None, run_after=None
[2025-05-13T21:32:18.942+0000] {logging_mixin.py:137} INFO - [2025-05-13T21:32:18.941+0000] {dag.py:3423} INFO - Setting next_dagrun for example_external_task_marker_parent to None, run_after=None
[2025-05-13T21:32:18.966+0000] {processor.py:175} INFO - Processing /home/airflow/.local/lib/python3.9/site-packages/airflow/example_dags/example_external_task_marker_dag.py took 0.174 seconds
[2025-05-13T21:32:49.312+0000] {processor.py:153} INFO - Started process (PID=6023) to work on /home/airflow/.local/lib/python3.9/site-packages/airflow/example_dags/example_external_task_marker_dag.py
[2025-05-13T21:32:49.314+0000] {processor.py:743} INFO - Processing file /home/airflow/.local/lib/python3.9/site-packages/airflow/example_dags/example_external_task_marker_dag.py for tasks to queue
[2025-05-13T21:32:49.315+0000] {logging_mixin.py:137} INFO - [2025-05-13T21:32:49.315+0000] {dagbag.py:538} INFO - Filling up the DagBag from /home/airflow/.local/lib/python3.9/site-packages/airflow/example_dags/example_external_task_marker_dag.py
[2025-05-13T21:32:49.338+0000] {processor.py:753} INFO - DAG(s) dict_keys(['example_external_task_marker_child', 'example_external_task_marker_parent']) retrieved from /home/airflow/.local/lib/python3.9/site-packages/airflow/example_dags/example_external_task_marker_dag.py
[2025-05-13T21:32:49.395+0000] {logging_mixin.py:137} INFO - [2025-05-13T21:32:49.395+0000] {dag.py:2676} INFO - Sync 2 DAGs
[2025-05-13T21:32:49.433+0000] {logging_mixin.py:137} INFO - [2025-05-13T21:32:49.432+0000] {dag.py:3423} INFO - Setting next_dagrun for example_external_task_marker_child to None, run_after=None
[2025-05-13T21:32:49.437+0000] {logging_mixin.py:137} INFO - [2025-05-13T21:32:49.437+0000] {dag.py:3423} INFO - Setting next_dagrun for example_external_task_marker_parent to None, run_after=None
[2025-05-13T21:32:49.458+0000] {processor.py:175} INFO - Processing /home/airflow/.local/lib/python3.9/site-packages/airflow/example_dags/example_external_task_marker_dag.py took 0.153 seconds
[2025-05-13T21:33:19.644+0000] {processor.py:153} INFO - Started process (PID=6226) to work on /home/airflow/.local/lib/python3.9/site-packages/airflow/example_dags/example_external_task_marker_dag.py
[2025-05-13T21:33:19.646+0000] {processor.py:743} INFO - Processing file /home/airflow/.local/lib/python3.9/site-packages/airflow/example_dags/example_external_task_marker_dag.py for tasks to queue
[2025-05-13T21:33:19.647+0000] {logging_mixin.py:137} INFO - [2025-05-13T21:33:19.646+0000] {dagbag.py:538} INFO - Filling up the DagBag from /home/airflow/.local/lib/python3.9/site-packages/airflow/example_dags/example_external_task_marker_dag.py
[2025-05-13T21:33:19.665+0000] {processor.py:753} INFO - DAG(s) dict_keys(['example_external_task_marker_parent', 'example_external_task_marker_child']) retrieved from /home/airflow/.local/lib/python3.9/site-packages/airflow/example_dags/example_external_task_marker_dag.py
[2025-05-13T21:33:19.719+0000] {logging_mixin.py:137} INFO - [2025-05-13T21:33:19.719+0000] {dag.py:2676} INFO - Sync 2 DAGs
[2025-05-13T21:33:19.746+0000] {logging_mixin.py:137} INFO - [2025-05-13T21:33:19.746+0000] {dag.py:3423} INFO - Setting next_dagrun for example_external_task_marker_child to None, run_after=None
[2025-05-13T21:33:19.751+0000] {logging_mixin.py:137} INFO - [2025-05-13T21:33:19.751+0000] {dag.py:3423} INFO - Setting next_dagrun for example_external_task_marker_parent to None, run_after=None
[2025-05-13T21:33:19.771+0000] {processor.py:175} INFO - Processing /home/airflow/.local/lib/python3.9/site-packages/airflow/example_dags/example_external_task_marker_dag.py took 0.130 seconds
[2025-05-13T21:33:49.926+0000] {processor.py:153} INFO - Started process (PID=6427) to work on /home/airflow/.local/lib/python3.9/site-packages/airflow/example_dags/example_external_task_marker_dag.py
[2025-05-13T21:33:49.927+0000] {processor.py:743} INFO - Processing file /home/airflow/.local/lib/python3.9/site-packages/airflow/example_dags/example_external_task_marker_dag.py for tasks to queue
[2025-05-13T21:33:49.928+0000] {logging_mixin.py:137} INFO - [2025-05-13T21:33:49.928+0000] {dagbag.py:538} INFO - Filling up the DagBag from /home/airflow/.local/lib/python3.9/site-packages/airflow/example_dags/example_external_task_marker_dag.py
[2025-05-13T21:33:49.950+0000] {processor.py:753} INFO - DAG(s) dict_keys(['example_external_task_marker_child', 'example_external_task_marker_parent']) retrieved from /home/airflow/.local/lib/python3.9/site-packages/airflow/example_dags/example_external_task_marker_dag.py
[2025-05-13T21:33:50.010+0000] {logging_mixin.py:137} INFO - [2025-05-13T21:33:50.010+0000] {dag.py:2676} INFO - Sync 2 DAGs
[2025-05-13T21:33:50.043+0000] {logging_mixin.py:137} INFO - [2025-05-13T21:33:50.043+0000] {dag.py:3423} INFO - Setting next_dagrun for example_external_task_marker_child to None, run_after=None
[2025-05-13T21:33:50.048+0000] {logging_mixin.py:137} INFO - [2025-05-13T21:33:50.048+0000] {dag.py:3423} INFO - Setting next_dagrun for example_external_task_marker_parent to None, run_after=None
[2025-05-13T21:33:50.073+0000] {processor.py:175} INFO - Processing /home/airflow/.local/lib/python3.9/site-packages/airflow/example_dags/example_external_task_marker_dag.py took 0.152 seconds
[2025-05-13T21:34:20.891+0000] {processor.py:153} INFO - Started process (PID=6630) to work on /home/airflow/.local/lib/python3.9/site-packages/airflow/example_dags/example_external_task_marker_dag.py
[2025-05-13T21:34:20.892+0000] {processor.py:743} INFO - Processing file /home/airflow/.local/lib/python3.9/site-packages/airflow/example_dags/example_external_task_marker_dag.py for tasks to queue
[2025-05-13T21:34:20.893+0000] {logging_mixin.py:137} INFO - [2025-05-13T21:34:20.893+0000] {dagbag.py:538} INFO - Filling up the DagBag from /home/airflow/.local/lib/python3.9/site-packages/airflow/example_dags/example_external_task_marker_dag.py
[2025-05-13T21:34:20.916+0000] {processor.py:753} INFO - DAG(s) dict_keys(['example_external_task_marker_parent', 'example_external_task_marker_child']) retrieved from /home/airflow/.local/lib/python3.9/site-packages/airflow/example_dags/example_external_task_marker_dag.py
[2025-05-13T21:34:20.982+0000] {logging_mixin.py:137} INFO - [2025-05-13T21:34:20.982+0000] {dag.py:2676} INFO - Sync 2 DAGs
[2025-05-13T21:34:21.009+0000] {logging_mixin.py:137} INFO - [2025-05-13T21:34:21.009+0000] {dag.py:3423} INFO - Setting next_dagrun for example_external_task_marker_child to None, run_after=None
[2025-05-13T21:34:21.014+0000] {logging_mixin.py:137} INFO - [2025-05-13T21:34:21.014+0000] {dag.py:3423} INFO - Setting next_dagrun for example_external_task_marker_parent to None, run_after=None
[2025-05-13T21:34:21.034+0000] {processor.py:175} INFO - Processing /home/airflow/.local/lib/python3.9/site-packages/airflow/example_dags/example_external_task_marker_dag.py took 0.148 seconds
[2025-05-13T21:34:51.870+0000] {processor.py:153} INFO - Started process (PID=6839) to work on /home/airflow/.local/lib/python3.9/site-packages/airflow/example_dags/example_external_task_marker_dag.py
[2025-05-13T21:34:51.871+0000] {processor.py:743} INFO - Processing file /home/airflow/.local/lib/python3.9/site-packages/airflow/example_dags/example_external_task_marker_dag.py for tasks to queue
[2025-05-13T21:34:51.872+0000] {logging_mixin.py:137} INFO - [2025-05-13T21:34:51.872+0000] {dagbag.py:538} INFO - Filling up the DagBag from /home/airflow/.local/lib/python3.9/site-packages/airflow/example_dags/example_external_task_marker_dag.py
[2025-05-13T21:34:51.896+0000] {processor.py:753} INFO - DAG(s) dict_keys(['example_external_task_marker_parent', 'example_external_task_marker_child']) retrieved from /home/airflow/.local/lib/python3.9/site-packages/airflow/example_dags/example_external_task_marker_dag.py
[2025-05-13T21:34:51.959+0000] {logging_mixin.py:137} INFO - [2025-05-13T21:34:51.959+0000] {dag.py:2676} INFO - Sync 2 DAGs
[2025-05-13T21:34:51.992+0000] {logging_mixin.py:137} INFO - [2025-05-13T21:34:51.991+0000] {dag.py:3423} INFO - Setting next_dagrun for example_external_task_marker_child to None, run_after=None
[2025-05-13T21:34:51.998+0000] {logging_mixin.py:137} INFO - [2025-05-13T21:34:51.998+0000] {dag.py:3423} INFO - Setting next_dagrun for example_external_task_marker_parent to None, run_after=None
[2025-05-13T21:34:52.022+0000] {processor.py:175} INFO - Processing /home/airflow/.local/lib/python3.9/site-packages/airflow/example_dags/example_external_task_marker_dag.py took 0.157 seconds
[2025-05-13T21:35:22.459+0000] {processor.py:153} INFO - Started process (PID=7045) to work on /home/airflow/.local/lib/python3.9/site-packages/airflow/example_dags/example_external_task_marker_dag.py
[2025-05-13T21:35:22.460+0000] {processor.py:743} INFO - Processing file /home/airflow/.local/lib/python3.9/site-packages/airflow/example_dags/example_external_task_marker_dag.py for tasks to queue
[2025-05-13T21:35:22.461+0000] {logging_mixin.py:137} INFO - [2025-05-13T21:35:22.461+0000] {dagbag.py:538} INFO - Filling up the DagBag from /home/airflow/.local/lib/python3.9/site-packages/airflow/example_dags/example_external_task_marker_dag.py
[2025-05-13T21:35:22.480+0000] {processor.py:753} INFO - DAG(s) dict_keys(['example_external_task_marker_child', 'example_external_task_marker_parent']) retrieved from /home/airflow/.local/lib/python3.9/site-packages/airflow/example_dags/example_external_task_marker_dag.py
[2025-05-13T21:35:22.541+0000] {logging_mixin.py:137} INFO - [2025-05-13T21:35:22.540+0000] {dag.py:2676} INFO - Sync 2 DAGs
[2025-05-13T21:35:22.575+0000] {logging_mixin.py:137} INFO - [2025-05-13T21:35:22.574+0000] {dag.py:3423} INFO - Setting next_dagrun for example_external_task_marker_child to None, run_after=None
[2025-05-13T21:35:22.579+0000] {logging_mixin.py:137} INFO - [2025-05-13T21:35:22.579+0000] {dag.py:3423} INFO - Setting next_dagrun for example_external_task_marker_parent to None, run_after=None
[2025-05-13T21:35:22.603+0000] {processor.py:175} INFO - Processing /home/airflow/.local/lib/python3.9/site-packages/airflow/example_dags/example_external_task_marker_dag.py took 0.149 seconds
[2025-05-13T21:35:53.906+0000] {processor.py:153} INFO - Started process (PID=7250) to work on /home/airflow/.local/lib/python3.9/site-packages/airflow/example_dags/example_external_task_marker_dag.py
[2025-05-13T21:35:53.909+0000] {processor.py:743} INFO - Processing file /home/airflow/.local/lib/python3.9/site-packages/airflow/example_dags/example_external_task_marker_dag.py for tasks to queue
[2025-05-13T21:35:53.912+0000] {logging_mixin.py:137} INFO - [2025-05-13T21:35:53.911+0000] {dagbag.py:538} INFO - Filling up the DagBag from /home/airflow/.local/lib/python3.9/site-packages/airflow/example_dags/example_external_task_marker_dag.py
[2025-05-13T21:35:53.954+0000] {processor.py:753} INFO - DAG(s) dict_keys(['example_external_task_marker_parent', 'example_external_task_marker_child']) retrieved from /home/airflow/.local/lib/python3.9/site-packages/airflow/example_dags/example_external_task_marker_dag.py
[2025-05-13T21:35:54.016+0000] {logging_mixin.py:137} INFO - [2025-05-13T21:35:54.015+0000] {dag.py:2676} INFO - Sync 2 DAGs
[2025-05-13T21:35:54.047+0000] {logging_mixin.py:137} INFO - [2025-05-13T21:35:54.047+0000] {dag.py:3423} INFO - Setting next_dagrun for example_external_task_marker_child to None, run_after=None
[2025-05-13T21:35:54.052+0000] {logging_mixin.py:137} INFO - [2025-05-13T21:35:54.051+0000] {dag.py:3423} INFO - Setting next_dagrun for example_external_task_marker_parent to None, run_after=None
[2025-05-13T21:35:54.071+0000] {processor.py:175} INFO - Processing /home/airflow/.local/lib/python3.9/site-packages/airflow/example_dags/example_external_task_marker_dag.py took 0.173 seconds
[2025-05-13T21:36:24.556+0000] {processor.py:153} INFO - Started process (PID=7451) to work on /home/airflow/.local/lib/python3.9/site-packages/airflow/example_dags/example_external_task_marker_dag.py
[2025-05-13T21:36:24.558+0000] {processor.py:743} INFO - Processing file /home/airflow/.local/lib/python3.9/site-packages/airflow/example_dags/example_external_task_marker_dag.py for tasks to queue
[2025-05-13T21:36:24.560+0000] {logging_mixin.py:137} INFO - [2025-05-13T21:36:24.560+0000] {dagbag.py:538} INFO - Filling up the DagBag from /home/airflow/.local/lib/python3.9/site-packages/airflow/example_dags/example_external_task_marker_dag.py
[2025-05-13T21:36:24.598+0000] {processor.py:753} INFO - DAG(s) dict_keys(['example_external_task_marker_child', 'example_external_task_marker_parent']) retrieved from /home/airflow/.local/lib/python3.9/site-packages/airflow/example_dags/example_external_task_marker_dag.py
[2025-05-13T21:36:24.699+0000] {logging_mixin.py:137} INFO - [2025-05-13T21:36:24.698+0000] {dag.py:2676} INFO - Sync 2 DAGs
[2025-05-13T21:36:24.756+0000] {logging_mixin.py:137} INFO - [2025-05-13T21:36:24.755+0000] {dag.py:3423} INFO - Setting next_dagrun for example_external_task_marker_child to None, run_after=None
[2025-05-13T21:36:24.763+0000] {logging_mixin.py:137} INFO - [2025-05-13T21:36:24.762+0000] {dag.py:3423} INFO - Setting next_dagrun for example_external_task_marker_parent to None, run_after=None
[2025-05-13T21:36:24.802+0000] {processor.py:175} INFO - Processing /home/airflow/.local/lib/python3.9/site-packages/airflow/example_dags/example_external_task_marker_dag.py took 0.253 seconds
[2025-05-13T21:37:52.335+0000] {processor.py:153} INFO - Started process (PID=345) to work on /home/airflow/.local/lib/python3.9/site-packages/airflow/example_dags/example_external_task_marker_dag.py
[2025-05-13T21:37:52.337+0000] {processor.py:743} INFO - Processing file /home/airflow/.local/lib/python3.9/site-packages/airflow/example_dags/example_external_task_marker_dag.py for tasks to queue
[2025-05-13T21:37:52.338+0000] {logging_mixin.py:137} INFO - [2025-05-13T21:37:52.338+0000] {dagbag.py:538} INFO - Filling up the DagBag from /home/airflow/.local/lib/python3.9/site-packages/airflow/example_dags/example_external_task_marker_dag.py
[2025-05-13T21:37:52.360+0000] {processor.py:753} INFO - DAG(s) dict_keys(['example_external_task_marker_child', 'example_external_task_marker_parent']) retrieved from /home/airflow/.local/lib/python3.9/site-packages/airflow/example_dags/example_external_task_marker_dag.py
[2025-05-13T21:37:52.474+0000] {logging_mixin.py:137} INFO - [2025-05-13T21:37:52.474+0000] {dag.py:2676} INFO - Sync 2 DAGs
[2025-05-13T21:37:52.515+0000] {logging_mixin.py:137} INFO - [2025-05-13T21:37:52.515+0000] {dag.py:3423} INFO - Setting next_dagrun for example_external_task_marker_child to None, run_after=None
[2025-05-13T21:37:52.521+0000] {logging_mixin.py:137} INFO - [2025-05-13T21:37:52.520+0000] {dag.py:3423} INFO - Setting next_dagrun for example_external_task_marker_parent to None, run_after=None
[2025-05-13T21:37:52.548+0000] {processor.py:175} INFO - Processing /home/airflow/.local/lib/python3.9/site-packages/airflow/example_dags/example_external_task_marker_dag.py took 0.218 seconds
[2025-05-13T21:38:24.471+0000] {processor.py:153} INFO - Started process (PID=548) to work on /home/airflow/.local/lib/python3.9/site-packages/airflow/example_dags/example_external_task_marker_dag.py
[2025-05-13T21:38:24.473+0000] {processor.py:743} INFO - Processing file /home/airflow/.local/lib/python3.9/site-packages/airflow/example_dags/example_external_task_marker_dag.py for tasks to queue
[2025-05-13T21:38:24.474+0000] {logging_mixin.py:137} INFO - [2025-05-13T21:38:24.474+0000] {dagbag.py:538} INFO - Filling up the DagBag from /home/airflow/.local/lib/python3.9/site-packages/airflow/example_dags/example_external_task_marker_dag.py
[2025-05-13T21:38:24.502+0000] {processor.py:753} INFO - DAG(s) dict_keys(['example_external_task_marker_parent', 'example_external_task_marker_child']) retrieved from /home/airflow/.local/lib/python3.9/site-packages/airflow/example_dags/example_external_task_marker_dag.py
[2025-05-13T21:38:24.564+0000] {logging_mixin.py:137} INFO - [2025-05-13T21:38:24.563+0000] {dag.py:2676} INFO - Sync 2 DAGs
[2025-05-13T21:38:24.587+0000] {logging_mixin.py:137} INFO - [2025-05-13T21:38:24.587+0000] {dag.py:3423} INFO - Setting next_dagrun for example_external_task_marker_child to None, run_after=None
[2025-05-13T21:38:24.590+0000] {logging_mixin.py:137} INFO - [2025-05-13T21:38:24.590+0000] {dag.py:3423} INFO - Setting next_dagrun for example_external_task_marker_parent to None, run_after=None
[2025-05-13T21:38:24.610+0000] {processor.py:175} INFO - Processing /home/airflow/.local/lib/python3.9/site-packages/airflow/example_dags/example_external_task_marker_dag.py took 0.144 seconds
[2025-05-13T21:38:54.670+0000] {processor.py:153} INFO - Started process (PID=745) to work on /home/airflow/.local/lib/python3.9/site-packages/airflow/example_dags/example_external_task_marker_dag.py
[2025-05-13T21:38:54.671+0000] {processor.py:743} INFO - Processing file /home/airflow/.local/lib/python3.9/site-packages/airflow/example_dags/example_external_task_marker_dag.py for tasks to queue
[2025-05-13T21:38:54.673+0000] {logging_mixin.py:137} INFO - [2025-05-13T21:38:54.672+0000] {dagbag.py:538} INFO - Filling up the DagBag from /home/airflow/.local/lib/python3.9/site-packages/airflow/example_dags/example_external_task_marker_dag.py
[2025-05-13T21:38:54.697+0000] {processor.py:753} INFO - DAG(s) dict_keys(['example_external_task_marker_child', 'example_external_task_marker_parent']) retrieved from /home/airflow/.local/lib/python3.9/site-packages/airflow/example_dags/example_external_task_marker_dag.py
[2025-05-13T21:38:54.760+0000] {logging_mixin.py:137} INFO - [2025-05-13T21:38:54.760+0000] {dag.py:2676} INFO - Sync 2 DAGs
[2025-05-13T21:38:54.803+0000] {logging_mixin.py:137} INFO - [2025-05-13T21:38:54.803+0000] {dag.py:3423} INFO - Setting next_dagrun for example_external_task_marker_child to None, run_after=None
[2025-05-13T21:38:54.810+0000] {logging_mixin.py:137} INFO - [2025-05-13T21:38:54.809+0000] {dag.py:3423} INFO - Setting next_dagrun for example_external_task_marker_parent to None, run_after=None
[2025-05-13T21:38:54.839+0000] {processor.py:175} INFO - Processing /home/airflow/.local/lib/python3.9/site-packages/airflow/example_dags/example_external_task_marker_dag.py took 0.174 seconds
[2025-05-13T21:39:25.462+0000] {processor.py:153} INFO - Started process (PID=950) to work on /home/airflow/.local/lib/python3.9/site-packages/airflow/example_dags/example_external_task_marker_dag.py
[2025-05-13T21:39:25.464+0000] {processor.py:743} INFO - Processing file /home/airflow/.local/lib/python3.9/site-packages/airflow/example_dags/example_external_task_marker_dag.py for tasks to queue
[2025-05-13T21:39:25.465+0000] {logging_mixin.py:137} INFO - [2025-05-13T21:39:25.465+0000] {dagbag.py:538} INFO - Filling up the DagBag from /home/airflow/.local/lib/python3.9/site-packages/airflow/example_dags/example_external_task_marker_dag.py
[2025-05-13T21:39:25.487+0000] {processor.py:753} INFO - DAG(s) dict_keys(['example_external_task_marker_parent', 'example_external_task_marker_child']) retrieved from /home/airflow/.local/lib/python3.9/site-packages/airflow/example_dags/example_external_task_marker_dag.py
[2025-05-13T21:39:25.545+0000] {logging_mixin.py:137} INFO - [2025-05-13T21:39:25.545+0000] {dag.py:2676} INFO - Sync 2 DAGs
[2025-05-13T21:39:25.579+0000] {logging_mixin.py:137} INFO - [2025-05-13T21:39:25.579+0000] {dag.py:3423} INFO - Setting next_dagrun for example_external_task_marker_child to None, run_after=None
[2025-05-13T21:39:25.583+0000] {logging_mixin.py:137} INFO - [2025-05-13T21:39:25.583+0000] {dag.py:3423} INFO - Setting next_dagrun for example_external_task_marker_parent to None, run_after=None
[2025-05-13T21:39:25.608+0000] {processor.py:175} INFO - Processing /home/airflow/.local/lib/python3.9/site-packages/airflow/example_dags/example_external_task_marker_dag.py took 0.150 seconds
[2025-05-13T21:39:55.731+0000] {processor.py:153} INFO - Started process (PID=1153) to work on /home/airflow/.local/lib/python3.9/site-packages/airflow/example_dags/example_external_task_marker_dag.py
[2025-05-13T21:39:55.732+0000] {processor.py:743} INFO - Processing file /home/airflow/.local/lib/python3.9/site-packages/airflow/example_dags/example_external_task_marker_dag.py for tasks to queue
[2025-05-13T21:39:55.733+0000] {logging_mixin.py:137} INFO - [2025-05-13T21:39:55.733+0000] {dagbag.py:538} INFO - Filling up the DagBag from /home/airflow/.local/lib/python3.9/site-packages/airflow/example_dags/example_external_task_marker_dag.py
[2025-05-13T21:39:55.753+0000] {processor.py:753} INFO - DAG(s) dict_keys(['example_external_task_marker_child', 'example_external_task_marker_parent']) retrieved from /home/airflow/.local/lib/python3.9/site-packages/airflow/example_dags/example_external_task_marker_dag.py
[2025-05-13T21:39:55.808+0000] {logging_mixin.py:137} INFO - [2025-05-13T21:39:55.807+0000] {dag.py:2676} INFO - Sync 2 DAGs
[2025-05-13T21:39:55.847+0000] {logging_mixin.py:137} INFO - [2025-05-13T21:39:55.847+0000] {dag.py:3423} INFO - Setting next_dagrun for example_external_task_marker_child to None, run_after=None
[2025-05-13T21:39:55.851+0000] {logging_mixin.py:137} INFO - [2025-05-13T21:39:55.851+0000] {dag.py:3423} INFO - Setting next_dagrun for example_external_task_marker_parent to None, run_after=None
[2025-05-13T21:39:55.872+0000] {processor.py:175} INFO - Processing /home/airflow/.local/lib/python3.9/site-packages/airflow/example_dags/example_external_task_marker_dag.py took 0.146 seconds
[2025-05-13T21:40:26.026+0000] {processor.py:153} INFO - Started process (PID=1360) to work on /home/airflow/.local/lib/python3.9/site-packages/airflow/example_dags/example_external_task_marker_dag.py
[2025-05-13T21:40:26.027+0000] {processor.py:743} INFO - Processing file /home/airflow/.local/lib/python3.9/site-packages/airflow/example_dags/example_external_task_marker_dag.py for tasks to queue
[2025-05-13T21:40:26.028+0000] {logging_mixin.py:137} INFO - [2025-05-13T21:40:26.028+0000] {dagbag.py:538} INFO - Filling up the DagBag from /home/airflow/.local/lib/python3.9/site-packages/airflow/example_dags/example_external_task_marker_dag.py
[2025-05-13T21:40:26.048+0000] {processor.py:753} INFO - DAG(s) dict_keys(['example_external_task_marker_parent', 'example_external_task_marker_child']) retrieved from /home/airflow/.local/lib/python3.9/site-packages/airflow/example_dags/example_external_task_marker_dag.py
[2025-05-13T21:40:26.100+0000] {logging_mixin.py:137} INFO - [2025-05-13T21:40:26.100+0000] {dag.py:2676} INFO - Sync 2 DAGs
[2025-05-13T21:40:26.126+0000] {logging_mixin.py:137} INFO - [2025-05-13T21:40:26.126+0000] {dag.py:3423} INFO - Setting next_dagrun for example_external_task_marker_child to None, run_after=None
[2025-05-13T21:40:26.130+0000] {logging_mixin.py:137} INFO - [2025-05-13T21:40:26.129+0000] {dag.py:3423} INFO - Setting next_dagrun for example_external_task_marker_parent to None, run_after=None
[2025-05-13T21:40:26.145+0000] {processor.py:175} INFO - Processing /home/airflow/.local/lib/python3.9/site-packages/airflow/example_dags/example_external_task_marker_dag.py took 0.123 seconds
[2025-05-13T21:40:56.309+0000] {processor.py:153} INFO - Started process (PID=1561) to work on /home/airflow/.local/lib/python3.9/site-packages/airflow/example_dags/example_external_task_marker_dag.py
[2025-05-13T21:40:56.311+0000] {processor.py:743} INFO - Processing file /home/airflow/.local/lib/python3.9/site-packages/airflow/example_dags/example_external_task_marker_dag.py for tasks to queue
[2025-05-13T21:40:56.312+0000] {logging_mixin.py:137} INFO - [2025-05-13T21:40:56.312+0000] {dagbag.py:538} INFO - Filling up the DagBag from /home/airflow/.local/lib/python3.9/site-packages/airflow/example_dags/example_external_task_marker_dag.py
[2025-05-13T21:40:56.332+0000] {processor.py:753} INFO - DAG(s) dict_keys(['example_external_task_marker_child', 'example_external_task_marker_parent']) retrieved from /home/airflow/.local/lib/python3.9/site-packages/airflow/example_dags/example_external_task_marker_dag.py
[2025-05-13T21:40:56.392+0000] {logging_mixin.py:137} INFO - [2025-05-13T21:40:56.392+0000] {dag.py:2676} INFO - Sync 2 DAGs
[2025-05-13T21:40:56.422+0000] {logging_mixin.py:137} INFO - [2025-05-13T21:40:56.422+0000] {dag.py:3423} INFO - Setting next_dagrun for example_external_task_marker_child to None, run_after=None
[2025-05-13T21:40:56.428+0000] {logging_mixin.py:137} INFO - [2025-05-13T21:40:56.428+0000] {dag.py:3423} INFO - Setting next_dagrun for example_external_task_marker_parent to None, run_after=None
[2025-05-13T21:40:56.451+0000] {processor.py:175} INFO - Processing /home/airflow/.local/lib/python3.9/site-packages/airflow/example_dags/example_external_task_marker_dag.py took 0.146 seconds
[2025-05-13T21:41:27.115+0000] {processor.py:153} INFO - Started process (PID=1764) to work on /home/airflow/.local/lib/python3.9/site-packages/airflow/example_dags/example_external_task_marker_dag.py
[2025-05-13T21:41:27.116+0000] {processor.py:743} INFO - Processing file /home/airflow/.local/lib/python3.9/site-packages/airflow/example_dags/example_external_task_marker_dag.py for tasks to queue
[2025-05-13T21:41:27.118+0000] {logging_mixin.py:137} INFO - [2025-05-13T21:41:27.117+0000] {dagbag.py:538} INFO - Filling up the DagBag from /home/airflow/.local/lib/python3.9/site-packages/airflow/example_dags/example_external_task_marker_dag.py
[2025-05-13T21:41:27.142+0000] {processor.py:753} INFO - DAG(s) dict_keys(['example_external_task_marker_child', 'example_external_task_marker_parent']) retrieved from /home/airflow/.local/lib/python3.9/site-packages/airflow/example_dags/example_external_task_marker_dag.py
[2025-05-13T21:41:27.205+0000] {logging_mixin.py:137} INFO - [2025-05-13T21:41:27.204+0000] {dag.py:2676} INFO - Sync 2 DAGs
[2025-05-13T21:41:27.242+0000] {logging_mixin.py:137} INFO - [2025-05-13T21:41:27.241+0000] {dag.py:3423} INFO - Setting next_dagrun for example_external_task_marker_child to None, run_after=None
[2025-05-13T21:41:27.248+0000] {logging_mixin.py:137} INFO - [2025-05-13T21:41:27.248+0000] {dag.py:3423} INFO - Setting next_dagrun for example_external_task_marker_parent to None, run_after=None
[2025-05-13T21:41:27.274+0000] {processor.py:175} INFO - Processing /home/airflow/.local/lib/python3.9/site-packages/airflow/example_dags/example_external_task_marker_dag.py took 0.164 seconds
