[2025-05-13T02:45:38.222+0000] {processor.py:153} INFO - Started process (PID=200) to work on /home/airflow/.local/lib/python3.9/site-packages/airflow/example_dags/example_kubernetes_executor.py
[2025-05-13T02:45:38.225+0000] {processor.py:743} INFO - Processing file /home/airflow/.local/lib/python3.9/site-packages/airflow/example_dags/example_kubernetes_executor.py for tasks to queue
[2025-05-13T02:45:38.226+0000] {logging_mixin.py:137} INFO - [2025-05-13T02:45:38.226+0000] {dagbag.py:538} INFO - Filling up the DagBag from /home/airflow/.local/lib/python3.9/site-packages/airflow/example_dags/example_kubernetes_executor.py
[2025-05-13T02:45:38.258+0000] {processor.py:753} INFO - DAG(s) dict_keys(['example_kubernetes_executor']) retrieved from /home/airflow/.local/lib/python3.9/site-packages/airflow/example_dags/example_kubernetes_executor.py
[2025-05-13T02:45:38.412+0000] {logging_mixin.py:137} INFO - [2025-05-13T02:45:38.412+0000] {manager.py:504} INFO - Created Permission View: can delete on DAG:example_kubernetes_executor
[2025-05-13T02:45:38.420+0000] {logging_mixin.py:137} INFO - [2025-05-13T02:45:38.420+0000] {manager.py:504} INFO - Created Permission View: can edit on DAG:example_kubernetes_executor
[2025-05-13T02:45:38.426+0000] {logging_mixin.py:137} INFO - [2025-05-13T02:45:38.426+0000] {manager.py:504} INFO - Created Permission View: can read on DAG:example_kubernetes_executor
[2025-05-13T02:45:38.427+0000] {logging_mixin.py:137} INFO - [2025-05-13T02:45:38.426+0000] {dag.py:2676} INFO - Sync 1 DAGs
[2025-05-13T02:45:38.438+0000] {logging_mixin.py:137} INFO - [2025-05-13T02:45:38.438+0000] {dag.py:2697} INFO - Creating ORM DAG for example_kubernetes_executor
[2025-05-13T02:45:38.448+0000] {logging_mixin.py:137} INFO - [2025-05-13T02:45:38.448+0000] {dag.py:3423} INFO - Setting next_dagrun for example_kubernetes_executor to None, run_after=None
[2025-05-13T02:45:38.466+0000] {processor.py:175} INFO - Processing /home/airflow/.local/lib/python3.9/site-packages/airflow/example_dags/example_kubernetes_executor.py took 0.268 seconds
[2025-05-13T02:46:08.778+0000] {processor.py:153} INFO - Started process (PID=397) to work on /home/airflow/.local/lib/python3.9/site-packages/airflow/example_dags/example_kubernetes_executor.py
[2025-05-13T02:46:08.780+0000] {processor.py:743} INFO - Processing file /home/airflow/.local/lib/python3.9/site-packages/airflow/example_dags/example_kubernetes_executor.py for tasks to queue
[2025-05-13T02:46:08.783+0000] {logging_mixin.py:137} INFO - [2025-05-13T02:46:08.782+0000] {dagbag.py:538} INFO - Filling up the DagBag from /home/airflow/.local/lib/python3.9/site-packages/airflow/example_dags/example_kubernetes_executor.py
[2025-05-13T02:46:08.842+0000] {processor.py:753} INFO - DAG(s) dict_keys(['example_kubernetes_executor']) retrieved from /home/airflow/.local/lib/python3.9/site-packages/airflow/example_dags/example_kubernetes_executor.py
[2025-05-13T02:46:08.911+0000] {logging_mixin.py:137} INFO - [2025-05-13T02:46:08.911+0000] {dag.py:2676} INFO - Sync 1 DAGs
[2025-05-13T02:46:08.951+0000] {logging_mixin.py:137} INFO - [2025-05-13T02:46:08.951+0000] {dag.py:3423} INFO - Setting next_dagrun for example_kubernetes_executor to None, run_after=None
[2025-05-13T02:46:08.980+0000] {processor.py:175} INFO - Processing /home/airflow/.local/lib/python3.9/site-packages/airflow/example_dags/example_kubernetes_executor.py took 0.209 seconds
[2025-05-13T02:46:39.228+0000] {processor.py:153} INFO - Started process (PID=602) to work on /home/airflow/.local/lib/python3.9/site-packages/airflow/example_dags/example_kubernetes_executor.py
[2025-05-13T02:46:39.229+0000] {processor.py:743} INFO - Processing file /home/airflow/.local/lib/python3.9/site-packages/airflow/example_dags/example_kubernetes_executor.py for tasks to queue
[2025-05-13T02:46:39.230+0000] {logging_mixin.py:137} INFO - [2025-05-13T02:46:39.230+0000] {dagbag.py:538} INFO - Filling up the DagBag from /home/airflow/.local/lib/python3.9/site-packages/airflow/example_dags/example_kubernetes_executor.py
[2025-05-13T02:46:39.269+0000] {processor.py:753} INFO - DAG(s) dict_keys(['example_kubernetes_executor']) retrieved from /home/airflow/.local/lib/python3.9/site-packages/airflow/example_dags/example_kubernetes_executor.py
[2025-05-13T02:46:39.322+0000] {logging_mixin.py:137} INFO - [2025-05-13T02:46:39.322+0000] {dag.py:2676} INFO - Sync 1 DAGs
[2025-05-13T02:46:39.354+0000] {logging_mixin.py:137} INFO - [2025-05-13T02:46:39.354+0000] {dag.py:3423} INFO - Setting next_dagrun for example_kubernetes_executor to None, run_after=None
[2025-05-13T02:46:39.377+0000] {processor.py:175} INFO - Processing /home/airflow/.local/lib/python3.9/site-packages/airflow/example_dags/example_kubernetes_executor.py took 0.153 seconds
[2025-05-13T02:47:09.900+0000] {processor.py:153} INFO - Started process (PID=805) to work on /home/airflow/.local/lib/python3.9/site-packages/airflow/example_dags/example_kubernetes_executor.py
[2025-05-13T02:47:09.902+0000] {processor.py:743} INFO - Processing file /home/airflow/.local/lib/python3.9/site-packages/airflow/example_dags/example_kubernetes_executor.py for tasks to queue
[2025-05-13T02:47:09.903+0000] {logging_mixin.py:137} INFO - [2025-05-13T02:47:09.903+0000] {dagbag.py:538} INFO - Filling up the DagBag from /home/airflow/.local/lib/python3.9/site-packages/airflow/example_dags/example_kubernetes_executor.py
[2025-05-13T02:47:09.951+0000] {processor.py:753} INFO - DAG(s) dict_keys(['example_kubernetes_executor']) retrieved from /home/airflow/.local/lib/python3.9/site-packages/airflow/example_dags/example_kubernetes_executor.py
[2025-05-13T02:47:10.009+0000] {logging_mixin.py:137} INFO - [2025-05-13T02:47:10.009+0000] {dag.py:2676} INFO - Sync 1 DAGs
[2025-05-13T02:47:10.041+0000] {logging_mixin.py:137} INFO - [2025-05-13T02:47:10.041+0000] {dag.py:3423} INFO - Setting next_dagrun for example_kubernetes_executor to None, run_after=None
[2025-05-13T02:47:10.072+0000] {processor.py:175} INFO - Processing /home/airflow/.local/lib/python3.9/site-packages/airflow/example_dags/example_kubernetes_executor.py took 0.176 seconds
[2025-05-13T02:47:40.262+0000] {processor.py:153} INFO - Started process (PID=1006) to work on /home/airflow/.local/lib/python3.9/site-packages/airflow/example_dags/example_kubernetes_executor.py
[2025-05-13T02:47:40.264+0000] {processor.py:743} INFO - Processing file /home/airflow/.local/lib/python3.9/site-packages/airflow/example_dags/example_kubernetes_executor.py for tasks to queue
[2025-05-13T02:47:40.265+0000] {logging_mixin.py:137} INFO - [2025-05-13T02:47:40.265+0000] {dagbag.py:538} INFO - Filling up the DagBag from /home/airflow/.local/lib/python3.9/site-packages/airflow/example_dags/example_kubernetes_executor.py
[2025-05-13T02:47:40.388+0000] {processor.py:753} INFO - DAG(s) dict_keys(['example_kubernetes_executor']) retrieved from /home/airflow/.local/lib/python3.9/site-packages/airflow/example_dags/example_kubernetes_executor.py
[2025-05-13T02:47:40.506+0000] {logging_mixin.py:137} INFO - [2025-05-13T02:47:40.506+0000] {dag.py:2676} INFO - Sync 1 DAGs
[2025-05-13T02:47:40.553+0000] {logging_mixin.py:137} INFO - [2025-05-13T02:47:40.552+0000] {dag.py:3423} INFO - Setting next_dagrun for example_kubernetes_executor to None, run_after=None
[2025-05-13T02:47:40.577+0000] {processor.py:175} INFO - Processing /home/airflow/.local/lib/python3.9/site-packages/airflow/example_dags/example_kubernetes_executor.py took 0.318 seconds
[2025-05-13T02:48:11.041+0000] {processor.py:153} INFO - Started process (PID=1209) to work on /home/airflow/.local/lib/python3.9/site-packages/airflow/example_dags/example_kubernetes_executor.py
[2025-05-13T02:48:11.042+0000] {processor.py:743} INFO - Processing file /home/airflow/.local/lib/python3.9/site-packages/airflow/example_dags/example_kubernetes_executor.py for tasks to queue
[2025-05-13T02:48:11.044+0000] {logging_mixin.py:137} INFO - [2025-05-13T02:48:11.043+0000] {dagbag.py:538} INFO - Filling up the DagBag from /home/airflow/.local/lib/python3.9/site-packages/airflow/example_dags/example_kubernetes_executor.py
[2025-05-13T02:48:11.085+0000] {processor.py:753} INFO - DAG(s) dict_keys(['example_kubernetes_executor']) retrieved from /home/airflow/.local/lib/python3.9/site-packages/airflow/example_dags/example_kubernetes_executor.py
[2025-05-13T02:48:11.148+0000] {logging_mixin.py:137} INFO - [2025-05-13T02:48:11.148+0000] {dag.py:2676} INFO - Sync 1 DAGs
[2025-05-13T02:48:11.179+0000] {logging_mixin.py:137} INFO - [2025-05-13T02:48:11.178+0000] {dag.py:3423} INFO - Setting next_dagrun for example_kubernetes_executor to None, run_after=None
[2025-05-13T02:48:11.204+0000] {processor.py:175} INFO - Processing /home/airflow/.local/lib/python3.9/site-packages/airflow/example_dags/example_kubernetes_executor.py took 0.168 seconds
[2025-05-13T02:49:25.230+0000] {processor.py:153} INFO - Started process (PID=222) to work on /home/airflow/.local/lib/python3.9/site-packages/airflow/example_dags/example_kubernetes_executor.py
[2025-05-13T02:49:25.235+0000] {processor.py:743} INFO - Processing file /home/airflow/.local/lib/python3.9/site-packages/airflow/example_dags/example_kubernetes_executor.py for tasks to queue
[2025-05-13T02:49:25.236+0000] {logging_mixin.py:137} INFO - [2025-05-13T02:49:25.236+0000] {dagbag.py:538} INFO - Filling up the DagBag from /home/airflow/.local/lib/python3.9/site-packages/airflow/example_dags/example_kubernetes_executor.py
[2025-05-13T02:49:25.415+0000] {processor.py:753} INFO - DAG(s) dict_keys(['example_kubernetes_executor']) retrieved from /home/airflow/.local/lib/python3.9/site-packages/airflow/example_dags/example_kubernetes_executor.py
[2025-05-13T02:49:25.769+0000] {logging_mixin.py:137} INFO - [2025-05-13T02:49:25.768+0000] {dag.py:2676} INFO - Sync 1 DAGs
[2025-05-13T02:49:25.871+0000] {logging_mixin.py:137} INFO - [2025-05-13T02:49:25.871+0000] {dag.py:3423} INFO - Setting next_dagrun for example_kubernetes_executor to None, run_after=None
[2025-05-13T02:49:25.931+0000] {processor.py:175} INFO - Processing /home/airflow/.local/lib/python3.9/site-packages/airflow/example_dags/example_kubernetes_executor.py took 0.706 seconds
[2025-05-13T02:49:56.019+0000] {processor.py:153} INFO - Started process (PID=419) to work on /home/airflow/.local/lib/python3.9/site-packages/airflow/example_dags/example_kubernetes_executor.py
[2025-05-13T02:49:56.020+0000] {processor.py:743} INFO - Processing file /home/airflow/.local/lib/python3.9/site-packages/airflow/example_dags/example_kubernetes_executor.py for tasks to queue
[2025-05-13T02:49:56.021+0000] {logging_mixin.py:137} INFO - [2025-05-13T02:49:56.021+0000] {dagbag.py:538} INFO - Filling up the DagBag from /home/airflow/.local/lib/python3.9/site-packages/airflow/example_dags/example_kubernetes_executor.py
[2025-05-13T02:49:56.059+0000] {processor.py:753} INFO - DAG(s) dict_keys(['example_kubernetes_executor']) retrieved from /home/airflow/.local/lib/python3.9/site-packages/airflow/example_dags/example_kubernetes_executor.py
[2025-05-13T02:49:56.117+0000] {logging_mixin.py:137} INFO - [2025-05-13T02:49:56.117+0000] {dag.py:2676} INFO - Sync 1 DAGs
[2025-05-13T02:49:56.150+0000] {logging_mixin.py:137} INFO - [2025-05-13T02:49:56.149+0000] {dag.py:3423} INFO - Setting next_dagrun for example_kubernetes_executor to None, run_after=None
[2025-05-13T02:49:56.176+0000] {processor.py:175} INFO - Processing /home/airflow/.local/lib/python3.9/site-packages/airflow/example_dags/example_kubernetes_executor.py took 0.166 seconds
[2025-05-13T02:50:26.275+0000] {processor.py:153} INFO - Started process (PID=621) to work on /home/airflow/.local/lib/python3.9/site-packages/airflow/example_dags/example_kubernetes_executor.py
[2025-05-13T02:50:26.276+0000] {processor.py:743} INFO - Processing file /home/airflow/.local/lib/python3.9/site-packages/airflow/example_dags/example_kubernetes_executor.py for tasks to queue
[2025-05-13T02:50:26.277+0000] {logging_mixin.py:137} INFO - [2025-05-13T02:50:26.277+0000] {dagbag.py:538} INFO - Filling up the DagBag from /home/airflow/.local/lib/python3.9/site-packages/airflow/example_dags/example_kubernetes_executor.py
[2025-05-13T02:50:26.318+0000] {processor.py:753} INFO - DAG(s) dict_keys(['example_kubernetes_executor']) retrieved from /home/airflow/.local/lib/python3.9/site-packages/airflow/example_dags/example_kubernetes_executor.py
[2025-05-13T02:50:26.373+0000] {logging_mixin.py:137} INFO - [2025-05-13T02:50:26.372+0000] {dag.py:2676} INFO - Sync 1 DAGs
[2025-05-13T02:50:26.399+0000] {logging_mixin.py:137} INFO - [2025-05-13T02:50:26.399+0000] {dag.py:3423} INFO - Setting next_dagrun for example_kubernetes_executor to None, run_after=None
[2025-05-13T02:50:26.423+0000] {processor.py:175} INFO - Processing /home/airflow/.local/lib/python3.9/site-packages/airflow/example_dags/example_kubernetes_executor.py took 0.152 seconds
[2025-05-13T21:18:22.577+0000] {processor.py:153} INFO - Started process (PID=200) to work on /home/airflow/.local/lib/python3.9/site-packages/airflow/example_dags/example_kubernetes_executor.py
[2025-05-13T21:18:22.578+0000] {processor.py:743} INFO - Processing file /home/airflow/.local/lib/python3.9/site-packages/airflow/example_dags/example_kubernetes_executor.py for tasks to queue
[2025-05-13T21:18:22.579+0000] {logging_mixin.py:137} INFO - [2025-05-13T21:18:22.579+0000] {dagbag.py:538} INFO - Filling up the DagBag from /home/airflow/.local/lib/python3.9/site-packages/airflow/example_dags/example_kubernetes_executor.py
[2025-05-13T21:18:22.636+0000] {processor.py:753} INFO - DAG(s) dict_keys(['example_kubernetes_executor']) retrieved from /home/airflow/.local/lib/python3.9/site-packages/airflow/example_dags/example_kubernetes_executor.py
[2025-05-13T21:18:22.872+0000] {logging_mixin.py:137} INFO - [2025-05-13T21:18:22.872+0000] {manager.py:504} INFO - Created Permission View: can edit on DAG:example_kubernetes_executor
[2025-05-13T21:18:22.885+0000] {logging_mixin.py:137} INFO - [2025-05-13T21:18:22.885+0000] {manager.py:504} INFO - Created Permission View: can delete on DAG:example_kubernetes_executor
[2025-05-13T21:18:22.894+0000] {logging_mixin.py:137} INFO - [2025-05-13T21:18:22.894+0000] {manager.py:504} INFO - Created Permission View: can read on DAG:example_kubernetes_executor
[2025-05-13T21:18:22.894+0000] {logging_mixin.py:137} INFO - [2025-05-13T21:18:22.894+0000] {dag.py:2676} INFO - Sync 1 DAGs
[2025-05-13T21:18:22.917+0000] {logging_mixin.py:137} INFO - [2025-05-13T21:18:22.917+0000] {dag.py:2697} INFO - Creating ORM DAG for example_kubernetes_executor
[2025-05-13T21:18:22.932+0000] {logging_mixin.py:137} INFO - [2025-05-13T21:18:22.931+0000] {dag.py:3423} INFO - Setting next_dagrun for example_kubernetes_executor to None, run_after=None
[2025-05-13T21:18:22.963+0000] {processor.py:175} INFO - Processing /home/airflow/.local/lib/python3.9/site-packages/airflow/example_dags/example_kubernetes_executor.py took 0.391 seconds
[2025-05-13T21:18:53.462+0000] {processor.py:153} INFO - Started process (PID=396) to work on /home/airflow/.local/lib/python3.9/site-packages/airflow/example_dags/example_kubernetes_executor.py
[2025-05-13T21:18:53.464+0000] {processor.py:743} INFO - Processing file /home/airflow/.local/lib/python3.9/site-packages/airflow/example_dags/example_kubernetes_executor.py for tasks to queue
[2025-05-13T21:18:53.468+0000] {logging_mixin.py:137} INFO - [2025-05-13T21:18:53.468+0000] {dagbag.py:538} INFO - Filling up the DagBag from /home/airflow/.local/lib/python3.9/site-packages/airflow/example_dags/example_kubernetes_executor.py
[2025-05-13T21:18:53.526+0000] {processor.py:753} INFO - DAG(s) dict_keys(['example_kubernetes_executor']) retrieved from /home/airflow/.local/lib/python3.9/site-packages/airflow/example_dags/example_kubernetes_executor.py
[2025-05-13T21:18:53.581+0000] {logging_mixin.py:137} INFO - [2025-05-13T21:18:53.580+0000] {dag.py:2676} INFO - Sync 1 DAGs
[2025-05-13T21:18:53.614+0000] {logging_mixin.py:137} INFO - [2025-05-13T21:18:53.614+0000] {dag.py:3423} INFO - Setting next_dagrun for example_kubernetes_executor to None, run_after=None
[2025-05-13T21:18:53.644+0000] {processor.py:175} INFO - Processing /home/airflow/.local/lib/python3.9/site-packages/airflow/example_dags/example_kubernetes_executor.py took 0.186 seconds
[2025-05-13T21:19:24.190+0000] {processor.py:153} INFO - Started process (PID=600) to work on /home/airflow/.local/lib/python3.9/site-packages/airflow/example_dags/example_kubernetes_executor.py
[2025-05-13T21:19:24.194+0000] {processor.py:743} INFO - Processing file /home/airflow/.local/lib/python3.9/site-packages/airflow/example_dags/example_kubernetes_executor.py for tasks to queue
[2025-05-13T21:19:24.197+0000] {logging_mixin.py:137} INFO - [2025-05-13T21:19:24.197+0000] {dagbag.py:538} INFO - Filling up the DagBag from /home/airflow/.local/lib/python3.9/site-packages/airflow/example_dags/example_kubernetes_executor.py
[2025-05-13T21:19:24.247+0000] {processor.py:753} INFO - DAG(s) dict_keys(['example_kubernetes_executor']) retrieved from /home/airflow/.local/lib/python3.9/site-packages/airflow/example_dags/example_kubernetes_executor.py
[2025-05-13T21:19:24.328+0000] {logging_mixin.py:137} INFO - [2025-05-13T21:19:24.327+0000] {dag.py:2676} INFO - Sync 1 DAGs
[2025-05-13T21:19:24.375+0000] {logging_mixin.py:137} INFO - [2025-05-13T21:19:24.374+0000] {dag.py:3423} INFO - Setting next_dagrun for example_kubernetes_executor to None, run_after=None
[2025-05-13T21:19:24.407+0000] {processor.py:175} INFO - Processing /home/airflow/.local/lib/python3.9/site-packages/airflow/example_dags/example_kubernetes_executor.py took 0.223 seconds
[2025-05-13T21:19:54.623+0000] {processor.py:153} INFO - Started process (PID=803) to work on /home/airflow/.local/lib/python3.9/site-packages/airflow/example_dags/example_kubernetes_executor.py
[2025-05-13T21:19:54.624+0000] {processor.py:743} INFO - Processing file /home/airflow/.local/lib/python3.9/site-packages/airflow/example_dags/example_kubernetes_executor.py for tasks to queue
[2025-05-13T21:19:54.627+0000] {logging_mixin.py:137} INFO - [2025-05-13T21:19:54.626+0000] {dagbag.py:538} INFO - Filling up the DagBag from /home/airflow/.local/lib/python3.9/site-packages/airflow/example_dags/example_kubernetes_executor.py
[2025-05-13T21:19:54.667+0000] {processor.py:753} INFO - DAG(s) dict_keys(['example_kubernetes_executor']) retrieved from /home/airflow/.local/lib/python3.9/site-packages/airflow/example_dags/example_kubernetes_executor.py
[2025-05-13T21:19:54.732+0000] {logging_mixin.py:137} INFO - [2025-05-13T21:19:54.732+0000] {dag.py:2676} INFO - Sync 1 DAGs
[2025-05-13T21:19:54.761+0000] {logging_mixin.py:137} INFO - [2025-05-13T21:19:54.760+0000] {dag.py:3423} INFO - Setting next_dagrun for example_kubernetes_executor to None, run_after=None
[2025-05-13T21:19:54.787+0000] {processor.py:175} INFO - Processing /home/airflow/.local/lib/python3.9/site-packages/airflow/example_dags/example_kubernetes_executor.py took 0.168 seconds
[2025-05-13T21:20:24.948+0000] {processor.py:153} INFO - Started process (PID=1006) to work on /home/airflow/.local/lib/python3.9/site-packages/airflow/example_dags/example_kubernetes_executor.py
[2025-05-13T21:20:24.950+0000] {processor.py:743} INFO - Processing file /home/airflow/.local/lib/python3.9/site-packages/airflow/example_dags/example_kubernetes_executor.py for tasks to queue
[2025-05-13T21:20:24.952+0000] {logging_mixin.py:137} INFO - [2025-05-13T21:20:24.952+0000] {dagbag.py:538} INFO - Filling up the DagBag from /home/airflow/.local/lib/python3.9/site-packages/airflow/example_dags/example_kubernetes_executor.py
[2025-05-13T21:20:25.010+0000] {processor.py:753} INFO - DAG(s) dict_keys(['example_kubernetes_executor']) retrieved from /home/airflow/.local/lib/python3.9/site-packages/airflow/example_dags/example_kubernetes_executor.py
[2025-05-13T21:20:25.090+0000] {logging_mixin.py:137} INFO - [2025-05-13T21:20:25.090+0000] {dag.py:2676} INFO - Sync 1 DAGs
[2025-05-13T21:20:25.125+0000] {logging_mixin.py:137} INFO - [2025-05-13T21:20:25.124+0000] {dag.py:3423} INFO - Setting next_dagrun for example_kubernetes_executor to None, run_after=None
[2025-05-13T21:20:25.155+0000] {processor.py:175} INFO - Processing /home/airflow/.local/lib/python3.9/site-packages/airflow/example_dags/example_kubernetes_executor.py took 0.212 seconds
[2025-05-13T21:20:55.419+0000] {processor.py:153} INFO - Started process (PID=1219) to work on /home/airflow/.local/lib/python3.9/site-packages/airflow/example_dags/example_kubernetes_executor.py
[2025-05-13T21:20:55.420+0000] {processor.py:743} INFO - Processing file /home/airflow/.local/lib/python3.9/site-packages/airflow/example_dags/example_kubernetes_executor.py for tasks to queue
[2025-05-13T21:20:55.423+0000] {logging_mixin.py:137} INFO - [2025-05-13T21:20:55.423+0000] {dagbag.py:538} INFO - Filling up the DagBag from /home/airflow/.local/lib/python3.9/site-packages/airflow/example_dags/example_kubernetes_executor.py
[2025-05-13T21:20:55.464+0000] {processor.py:753} INFO - DAG(s) dict_keys(['example_kubernetes_executor']) retrieved from /home/airflow/.local/lib/python3.9/site-packages/airflow/example_dags/example_kubernetes_executor.py
[2025-05-13T21:20:55.520+0000] {logging_mixin.py:137} INFO - [2025-05-13T21:20:55.520+0000] {dag.py:2676} INFO - Sync 1 DAGs
[2025-05-13T21:20:55.549+0000] {logging_mixin.py:137} INFO - [2025-05-13T21:20:55.549+0000] {dag.py:3423} INFO - Setting next_dagrun for example_kubernetes_executor to None, run_after=None
[2025-05-13T21:20:55.576+0000] {processor.py:175} INFO - Processing /home/airflow/.local/lib/python3.9/site-packages/airflow/example_dags/example_kubernetes_executor.py took 0.162 seconds
[2025-05-13T21:21:25.783+0000] {processor.py:153} INFO - Started process (PID=1421) to work on /home/airflow/.local/lib/python3.9/site-packages/airflow/example_dags/example_kubernetes_executor.py
[2025-05-13T21:21:25.786+0000] {processor.py:743} INFO - Processing file /home/airflow/.local/lib/python3.9/site-packages/airflow/example_dags/example_kubernetes_executor.py for tasks to queue
[2025-05-13T21:21:25.787+0000] {logging_mixin.py:137} INFO - [2025-05-13T21:21:25.787+0000] {dagbag.py:538} INFO - Filling up the DagBag from /home/airflow/.local/lib/python3.9/site-packages/airflow/example_dags/example_kubernetes_executor.py
[2025-05-13T21:21:25.829+0000] {processor.py:753} INFO - DAG(s) dict_keys(['example_kubernetes_executor']) retrieved from /home/airflow/.local/lib/python3.9/site-packages/airflow/example_dags/example_kubernetes_executor.py
[2025-05-13T21:21:25.893+0000] {logging_mixin.py:137} INFO - [2025-05-13T21:21:25.893+0000] {dag.py:2676} INFO - Sync 1 DAGs
[2025-05-13T21:21:25.924+0000] {logging_mixin.py:137} INFO - [2025-05-13T21:21:25.923+0000] {dag.py:3423} INFO - Setting next_dagrun for example_kubernetes_executor to None, run_after=None
[2025-05-13T21:21:25.950+0000] {processor.py:175} INFO - Processing /home/airflow/.local/lib/python3.9/site-packages/airflow/example_dags/example_kubernetes_executor.py took 0.171 seconds
[2025-05-13T21:21:56.700+0000] {processor.py:153} INFO - Started process (PID=1624) to work on /home/airflow/.local/lib/python3.9/site-packages/airflow/example_dags/example_kubernetes_executor.py
[2025-05-13T21:21:56.703+0000] {processor.py:743} INFO - Processing file /home/airflow/.local/lib/python3.9/site-packages/airflow/example_dags/example_kubernetes_executor.py for tasks to queue
[2025-05-13T21:21:56.704+0000] {logging_mixin.py:137} INFO - [2025-05-13T21:21:56.704+0000] {dagbag.py:538} INFO - Filling up the DagBag from /home/airflow/.local/lib/python3.9/site-packages/airflow/example_dags/example_kubernetes_executor.py
[2025-05-13T21:21:56.741+0000] {processor.py:753} INFO - DAG(s) dict_keys(['example_kubernetes_executor']) retrieved from /home/airflow/.local/lib/python3.9/site-packages/airflow/example_dags/example_kubernetes_executor.py
[2025-05-13T21:21:56.796+0000] {logging_mixin.py:137} INFO - [2025-05-13T21:21:56.796+0000] {dag.py:2676} INFO - Sync 1 DAGs
[2025-05-13T21:21:56.823+0000] {logging_mixin.py:137} INFO - [2025-05-13T21:21:56.823+0000] {dag.py:3423} INFO - Setting next_dagrun for example_kubernetes_executor to None, run_after=None
[2025-05-13T21:21:56.844+0000] {processor.py:175} INFO - Processing /home/airflow/.local/lib/python3.9/site-packages/airflow/example_dags/example_kubernetes_executor.py took 0.148 seconds
[2025-05-13T21:22:27.030+0000] {processor.py:153} INFO - Started process (PID=1828) to work on /home/airflow/.local/lib/python3.9/site-packages/airflow/example_dags/example_kubernetes_executor.py
[2025-05-13T21:22:27.032+0000] {processor.py:743} INFO - Processing file /home/airflow/.local/lib/python3.9/site-packages/airflow/example_dags/example_kubernetes_executor.py for tasks to queue
[2025-05-13T21:22:27.033+0000] {logging_mixin.py:137} INFO - [2025-05-13T21:22:27.033+0000] {dagbag.py:538} INFO - Filling up the DagBag from /home/airflow/.local/lib/python3.9/site-packages/airflow/example_dags/example_kubernetes_executor.py
[2025-05-13T21:22:27.077+0000] {processor.py:753} INFO - DAG(s) dict_keys(['example_kubernetes_executor']) retrieved from /home/airflow/.local/lib/python3.9/site-packages/airflow/example_dags/example_kubernetes_executor.py
[2025-05-13T21:22:27.149+0000] {logging_mixin.py:137} INFO - [2025-05-13T21:22:27.148+0000] {dag.py:2676} INFO - Sync 1 DAGs
[2025-05-13T21:22:27.184+0000] {logging_mixin.py:137} INFO - [2025-05-13T21:22:27.184+0000] {dag.py:3423} INFO - Setting next_dagrun for example_kubernetes_executor to None, run_after=None
[2025-05-13T21:22:27.218+0000] {processor.py:175} INFO - Processing /home/airflow/.local/lib/python3.9/site-packages/airflow/example_dags/example_kubernetes_executor.py took 0.195 seconds
[2025-05-13T21:22:57.359+0000] {processor.py:153} INFO - Started process (PID=2031) to work on /home/airflow/.local/lib/python3.9/site-packages/airflow/example_dags/example_kubernetes_executor.py
[2025-05-13T21:22:57.360+0000] {processor.py:743} INFO - Processing file /home/airflow/.local/lib/python3.9/site-packages/airflow/example_dags/example_kubernetes_executor.py for tasks to queue
[2025-05-13T21:22:57.361+0000] {logging_mixin.py:137} INFO - [2025-05-13T21:22:57.361+0000] {dagbag.py:538} INFO - Filling up the DagBag from /home/airflow/.local/lib/python3.9/site-packages/airflow/example_dags/example_kubernetes_executor.py
[2025-05-13T21:22:57.411+0000] {processor.py:753} INFO - DAG(s) dict_keys(['example_kubernetes_executor']) retrieved from /home/airflow/.local/lib/python3.9/site-packages/airflow/example_dags/example_kubernetes_executor.py
[2025-05-13T21:22:57.475+0000] {logging_mixin.py:137} INFO - [2025-05-13T21:22:57.475+0000] {dag.py:2676} INFO - Sync 1 DAGs
[2025-05-13T21:22:57.505+0000] {logging_mixin.py:137} INFO - [2025-05-13T21:22:57.505+0000] {dag.py:3423} INFO - Setting next_dagrun for example_kubernetes_executor to None, run_after=None
[2025-05-13T21:22:57.530+0000] {processor.py:175} INFO - Processing /home/airflow/.local/lib/python3.9/site-packages/airflow/example_dags/example_kubernetes_executor.py took 0.178 seconds
[2025-05-13T21:23:28.442+0000] {processor.py:153} INFO - Started process (PID=2234) to work on /home/airflow/.local/lib/python3.9/site-packages/airflow/example_dags/example_kubernetes_executor.py
[2025-05-13T21:23:28.443+0000] {processor.py:743} INFO - Processing file /home/airflow/.local/lib/python3.9/site-packages/airflow/example_dags/example_kubernetes_executor.py for tasks to queue
[2025-05-13T21:23:28.445+0000] {logging_mixin.py:137} INFO - [2025-05-13T21:23:28.444+0000] {dagbag.py:538} INFO - Filling up the DagBag from /home/airflow/.local/lib/python3.9/site-packages/airflow/example_dags/example_kubernetes_executor.py
[2025-05-13T21:23:28.484+0000] {processor.py:753} INFO - DAG(s) dict_keys(['example_kubernetes_executor']) retrieved from /home/airflow/.local/lib/python3.9/site-packages/airflow/example_dags/example_kubernetes_executor.py
[2025-05-13T21:23:28.541+0000] {logging_mixin.py:137} INFO - [2025-05-13T21:23:28.541+0000] {dag.py:2676} INFO - Sync 1 DAGs
[2025-05-13T21:23:28.573+0000] {logging_mixin.py:137} INFO - [2025-05-13T21:23:28.573+0000] {dag.py:3423} INFO - Setting next_dagrun for example_kubernetes_executor to None, run_after=None
[2025-05-13T21:23:28.595+0000] {processor.py:175} INFO - Processing /home/airflow/.local/lib/python3.9/site-packages/airflow/example_dags/example_kubernetes_executor.py took 0.158 seconds
[2025-05-13T21:23:58.693+0000] {processor.py:153} INFO - Started process (PID=2430) to work on /home/airflow/.local/lib/python3.9/site-packages/airflow/example_dags/example_kubernetes_executor.py
[2025-05-13T21:23:58.694+0000] {processor.py:743} INFO - Processing file /home/airflow/.local/lib/python3.9/site-packages/airflow/example_dags/example_kubernetes_executor.py for tasks to queue
[2025-05-13T21:23:58.695+0000] {logging_mixin.py:137} INFO - [2025-05-13T21:23:58.695+0000] {dagbag.py:538} INFO - Filling up the DagBag from /home/airflow/.local/lib/python3.9/site-packages/airflow/example_dags/example_kubernetes_executor.py
[2025-05-13T21:23:58.734+0000] {processor.py:753} INFO - DAG(s) dict_keys(['example_kubernetes_executor']) retrieved from /home/airflow/.local/lib/python3.9/site-packages/airflow/example_dags/example_kubernetes_executor.py
[2025-05-13T21:23:58.788+0000] {logging_mixin.py:137} INFO - [2025-05-13T21:23:58.788+0000] {dag.py:2676} INFO - Sync 1 DAGs
[2025-05-13T21:23:58.814+0000] {logging_mixin.py:137} INFO - [2025-05-13T21:23:58.814+0000] {dag.py:3423} INFO - Setting next_dagrun for example_kubernetes_executor to None, run_after=None
[2025-05-13T21:23:58.835+0000] {processor.py:175} INFO - Processing /home/airflow/.local/lib/python3.9/site-packages/airflow/example_dags/example_kubernetes_executor.py took 0.146 seconds
[2025-05-13T21:24:29.401+0000] {processor.py:153} INFO - Started process (PID=2634) to work on /home/airflow/.local/lib/python3.9/site-packages/airflow/example_dags/example_kubernetes_executor.py
[2025-05-13T21:24:29.402+0000] {processor.py:743} INFO - Processing file /home/airflow/.local/lib/python3.9/site-packages/airflow/example_dags/example_kubernetes_executor.py for tasks to queue
[2025-05-13T21:24:29.403+0000] {logging_mixin.py:137} INFO - [2025-05-13T21:24:29.403+0000] {dagbag.py:538} INFO - Filling up the DagBag from /home/airflow/.local/lib/python3.9/site-packages/airflow/example_dags/example_kubernetes_executor.py
[2025-05-13T21:24:29.443+0000] {processor.py:753} INFO - DAG(s) dict_keys(['example_kubernetes_executor']) retrieved from /home/airflow/.local/lib/python3.9/site-packages/airflow/example_dags/example_kubernetes_executor.py
[2025-05-13T21:24:29.503+0000] {logging_mixin.py:137} INFO - [2025-05-13T21:24:29.502+0000] {dag.py:2676} INFO - Sync 1 DAGs
[2025-05-13T21:24:29.532+0000] {logging_mixin.py:137} INFO - [2025-05-13T21:24:29.531+0000] {dag.py:3423} INFO - Setting next_dagrun for example_kubernetes_executor to None, run_after=None
[2025-05-13T21:24:29.555+0000] {processor.py:175} INFO - Processing /home/airflow/.local/lib/python3.9/site-packages/airflow/example_dags/example_kubernetes_executor.py took 0.158 seconds
[2025-05-13T21:25:00.144+0000] {processor.py:153} INFO - Started process (PID=2836) to work on /home/airflow/.local/lib/python3.9/site-packages/airflow/example_dags/example_kubernetes_executor.py
[2025-05-13T21:25:00.145+0000] {processor.py:743} INFO - Processing file /home/airflow/.local/lib/python3.9/site-packages/airflow/example_dags/example_kubernetes_executor.py for tasks to queue
[2025-05-13T21:25:00.145+0000] {logging_mixin.py:137} INFO - [2025-05-13T21:25:00.145+0000] {dagbag.py:538} INFO - Filling up the DagBag from /home/airflow/.local/lib/python3.9/site-packages/airflow/example_dags/example_kubernetes_executor.py
[2025-05-13T21:25:00.176+0000] {processor.py:753} INFO - DAG(s) dict_keys(['example_kubernetes_executor']) retrieved from /home/airflow/.local/lib/python3.9/site-packages/airflow/example_dags/example_kubernetes_executor.py
[2025-05-13T21:25:00.225+0000] {logging_mixin.py:137} INFO - [2025-05-13T21:25:00.225+0000] {dag.py:2676} INFO - Sync 1 DAGs
[2025-05-13T21:25:00.250+0000] {logging_mixin.py:137} INFO - [2025-05-13T21:25:00.250+0000] {dag.py:3423} INFO - Setting next_dagrun for example_kubernetes_executor to None, run_after=None
[2025-05-13T21:25:00.273+0000] {processor.py:175} INFO - Processing /home/airflow/.local/lib/python3.9/site-packages/airflow/example_dags/example_kubernetes_executor.py took 0.133 seconds
[2025-05-13T21:25:30.697+0000] {processor.py:153} INFO - Started process (PID=3039) to work on /home/airflow/.local/lib/python3.9/site-packages/airflow/example_dags/example_kubernetes_executor.py
[2025-05-13T21:25:30.699+0000] {processor.py:743} INFO - Processing file /home/airflow/.local/lib/python3.9/site-packages/airflow/example_dags/example_kubernetes_executor.py for tasks to queue
[2025-05-13T21:25:30.700+0000] {logging_mixin.py:137} INFO - [2025-05-13T21:25:30.700+0000] {dagbag.py:538} INFO - Filling up the DagBag from /home/airflow/.local/lib/python3.9/site-packages/airflow/example_dags/example_kubernetes_executor.py
[2025-05-13T21:25:30.745+0000] {processor.py:753} INFO - DAG(s) dict_keys(['example_kubernetes_executor']) retrieved from /home/airflow/.local/lib/python3.9/site-packages/airflow/example_dags/example_kubernetes_executor.py
[2025-05-13T21:25:30.802+0000] {logging_mixin.py:137} INFO - [2025-05-13T21:25:30.802+0000] {dag.py:2676} INFO - Sync 1 DAGs
[2025-05-13T21:25:30.836+0000] {logging_mixin.py:137} INFO - [2025-05-13T21:25:30.836+0000] {dag.py:3423} INFO - Setting next_dagrun for example_kubernetes_executor to None, run_after=None
[2025-05-13T21:25:30.860+0000] {processor.py:175} INFO - Processing /home/airflow/.local/lib/python3.9/site-packages/airflow/example_dags/example_kubernetes_executor.py took 0.208 seconds
[2025-05-13T21:26:01.196+0000] {processor.py:153} INFO - Started process (PID=3254) to work on /home/airflow/.local/lib/python3.9/site-packages/airflow/example_dags/example_kubernetes_executor.py
[2025-05-13T21:26:01.198+0000] {processor.py:743} INFO - Processing file /home/airflow/.local/lib/python3.9/site-packages/airflow/example_dags/example_kubernetes_executor.py for tasks to queue
[2025-05-13T21:26:01.199+0000] {logging_mixin.py:137} INFO - [2025-05-13T21:26:01.199+0000] {dagbag.py:538} INFO - Filling up the DagBag from /home/airflow/.local/lib/python3.9/site-packages/airflow/example_dags/example_kubernetes_executor.py
[2025-05-13T21:26:01.243+0000] {processor.py:753} INFO - DAG(s) dict_keys(['example_kubernetes_executor']) retrieved from /home/airflow/.local/lib/python3.9/site-packages/airflow/example_dags/example_kubernetes_executor.py
[2025-05-13T21:26:01.309+0000] {logging_mixin.py:137} INFO - [2025-05-13T21:26:01.309+0000] {dag.py:2676} INFO - Sync 1 DAGs
[2025-05-13T21:26:01.342+0000] {logging_mixin.py:137} INFO - [2025-05-13T21:26:01.342+0000] {dag.py:3423} INFO - Setting next_dagrun for example_kubernetes_executor to None, run_after=None
[2025-05-13T21:26:01.367+0000] {processor.py:175} INFO - Processing /home/airflow/.local/lib/python3.9/site-packages/airflow/example_dags/example_kubernetes_executor.py took 0.175 seconds
[2025-05-13T21:26:31.883+0000] {processor.py:153} INFO - Started process (PID=3457) to work on /home/airflow/.local/lib/python3.9/site-packages/airflow/example_dags/example_kubernetes_executor.py
[2025-05-13T21:26:31.884+0000] {processor.py:743} INFO - Processing file /home/airflow/.local/lib/python3.9/site-packages/airflow/example_dags/example_kubernetes_executor.py for tasks to queue
[2025-05-13T21:26:31.885+0000] {logging_mixin.py:137} INFO - [2025-05-13T21:26:31.885+0000] {dagbag.py:538} INFO - Filling up the DagBag from /home/airflow/.local/lib/python3.9/site-packages/airflow/example_dags/example_kubernetes_executor.py
[2025-05-13T21:26:31.925+0000] {processor.py:753} INFO - DAG(s) dict_keys(['example_kubernetes_executor']) retrieved from /home/airflow/.local/lib/python3.9/site-packages/airflow/example_dags/example_kubernetes_executor.py
[2025-05-13T21:26:31.987+0000] {logging_mixin.py:137} INFO - [2025-05-13T21:26:31.987+0000] {dag.py:2676} INFO - Sync 1 DAGs
[2025-05-13T21:26:32.022+0000] {logging_mixin.py:137} INFO - [2025-05-13T21:26:32.022+0000] {dag.py:3423} INFO - Setting next_dagrun for example_kubernetes_executor to None, run_after=None
[2025-05-13T21:26:32.048+0000] {processor.py:175} INFO - Processing /home/airflow/.local/lib/python3.9/site-packages/airflow/example_dags/example_kubernetes_executor.py took 0.170 seconds
[2025-05-13T21:27:02.705+0000] {processor.py:153} INFO - Started process (PID=3660) to work on /home/airflow/.local/lib/python3.9/site-packages/airflow/example_dags/example_kubernetes_executor.py
[2025-05-13T21:27:02.707+0000] {processor.py:743} INFO - Processing file /home/airflow/.local/lib/python3.9/site-packages/airflow/example_dags/example_kubernetes_executor.py for tasks to queue
[2025-05-13T21:27:02.708+0000] {logging_mixin.py:137} INFO - [2025-05-13T21:27:02.708+0000] {dagbag.py:538} INFO - Filling up the DagBag from /home/airflow/.local/lib/python3.9/site-packages/airflow/example_dags/example_kubernetes_executor.py
[2025-05-13T21:27:02.747+0000] {processor.py:753} INFO - DAG(s) dict_keys(['example_kubernetes_executor']) retrieved from /home/airflow/.local/lib/python3.9/site-packages/airflow/example_dags/example_kubernetes_executor.py
[2025-05-13T21:27:02.803+0000] {logging_mixin.py:137} INFO - [2025-05-13T21:27:02.803+0000] {dag.py:2676} INFO - Sync 1 DAGs
[2025-05-13T21:27:02.832+0000] {logging_mixin.py:137} INFO - [2025-05-13T21:27:02.832+0000] {dag.py:3423} INFO - Setting next_dagrun for example_kubernetes_executor to None, run_after=None
[2025-05-13T21:27:02.857+0000] {processor.py:175} INFO - Processing /home/airflow/.local/lib/python3.9/site-packages/airflow/example_dags/example_kubernetes_executor.py took 0.156 seconds
[2025-05-13T21:27:33.208+0000] {processor.py:153} INFO - Started process (PID=3863) to work on /home/airflow/.local/lib/python3.9/site-packages/airflow/example_dags/example_kubernetes_executor.py
[2025-05-13T21:27:33.209+0000] {processor.py:743} INFO - Processing file /home/airflow/.local/lib/python3.9/site-packages/airflow/example_dags/example_kubernetes_executor.py for tasks to queue
[2025-05-13T21:27:33.210+0000] {logging_mixin.py:137} INFO - [2025-05-13T21:27:33.210+0000] {dagbag.py:538} INFO - Filling up the DagBag from /home/airflow/.local/lib/python3.9/site-packages/airflow/example_dags/example_kubernetes_executor.py
[2025-05-13T21:27:33.255+0000] {processor.py:753} INFO - DAG(s) dict_keys(['example_kubernetes_executor']) retrieved from /home/airflow/.local/lib/python3.9/site-packages/airflow/example_dags/example_kubernetes_executor.py
[2025-05-13T21:27:33.316+0000] {logging_mixin.py:137} INFO - [2025-05-13T21:27:33.316+0000] {dag.py:2676} INFO - Sync 1 DAGs
[2025-05-13T21:27:33.352+0000] {logging_mixin.py:137} INFO - [2025-05-13T21:27:33.352+0000] {dag.py:3423} INFO - Setting next_dagrun for example_kubernetes_executor to None, run_after=None
[2025-05-13T21:27:33.386+0000] {processor.py:175} INFO - Processing /home/airflow/.local/lib/python3.9/site-packages/airflow/example_dags/example_kubernetes_executor.py took 0.182 seconds
[2025-05-13T21:28:04.108+0000] {processor.py:153} INFO - Started process (PID=4065) to work on /home/airflow/.local/lib/python3.9/site-packages/airflow/example_dags/example_kubernetes_executor.py
[2025-05-13T21:28:04.110+0000] {processor.py:743} INFO - Processing file /home/airflow/.local/lib/python3.9/site-packages/airflow/example_dags/example_kubernetes_executor.py for tasks to queue
[2025-05-13T21:28:04.111+0000] {logging_mixin.py:137} INFO - [2025-05-13T21:28:04.110+0000] {dagbag.py:538} INFO - Filling up the DagBag from /home/airflow/.local/lib/python3.9/site-packages/airflow/example_dags/example_kubernetes_executor.py
[2025-05-13T21:28:04.149+0000] {processor.py:753} INFO - DAG(s) dict_keys(['example_kubernetes_executor']) retrieved from /home/airflow/.local/lib/python3.9/site-packages/airflow/example_dags/example_kubernetes_executor.py
[2025-05-13T21:28:04.184+0000] {logging_mixin.py:137} INFO - [2025-05-13T21:28:04.184+0000] {dag.py:2676} INFO - Sync 1 DAGs
[2025-05-13T21:28:04.215+0000] {logging_mixin.py:137} INFO - [2025-05-13T21:28:04.215+0000] {dag.py:3423} INFO - Setting next_dagrun for example_kubernetes_executor to None, run_after=None
[2025-05-13T21:28:04.240+0000] {processor.py:175} INFO - Processing /home/airflow/.local/lib/python3.9/site-packages/airflow/example_dags/example_kubernetes_executor.py took 0.136 seconds
[2025-05-13T21:28:34.634+0000] {processor.py:153} INFO - Started process (PID=4270) to work on /home/airflow/.local/lib/python3.9/site-packages/airflow/example_dags/example_kubernetes_executor.py
[2025-05-13T21:28:34.636+0000] {processor.py:743} INFO - Processing file /home/airflow/.local/lib/python3.9/site-packages/airflow/example_dags/example_kubernetes_executor.py for tasks to queue
[2025-05-13T21:28:34.637+0000] {logging_mixin.py:137} INFO - [2025-05-13T21:28:34.637+0000] {dagbag.py:538} INFO - Filling up the DagBag from /home/airflow/.local/lib/python3.9/site-packages/airflow/example_dags/example_kubernetes_executor.py
[2025-05-13T21:28:34.676+0000] {processor.py:753} INFO - DAG(s) dict_keys(['example_kubernetes_executor']) retrieved from /home/airflow/.local/lib/python3.9/site-packages/airflow/example_dags/example_kubernetes_executor.py
[2025-05-13T21:28:34.729+0000] {logging_mixin.py:137} INFO - [2025-05-13T21:28:34.729+0000] {dag.py:2676} INFO - Sync 1 DAGs
[2025-05-13T21:28:34.754+0000] {logging_mixin.py:137} INFO - [2025-05-13T21:28:34.754+0000] {dag.py:3423} INFO - Setting next_dagrun for example_kubernetes_executor to None, run_after=None
[2025-05-13T21:28:34.774+0000] {processor.py:175} INFO - Processing /home/airflow/.local/lib/python3.9/site-packages/airflow/example_dags/example_kubernetes_executor.py took 0.144 seconds
[2025-05-13T21:29:04.966+0000] {processor.py:153} INFO - Started process (PID=4467) to work on /home/airflow/.local/lib/python3.9/site-packages/airflow/example_dags/example_kubernetes_executor.py
[2025-05-13T21:29:04.967+0000] {processor.py:743} INFO - Processing file /home/airflow/.local/lib/python3.9/site-packages/airflow/example_dags/example_kubernetes_executor.py for tasks to queue
[2025-05-13T21:29:04.968+0000] {logging_mixin.py:137} INFO - [2025-05-13T21:29:04.968+0000] {dagbag.py:538} INFO - Filling up the DagBag from /home/airflow/.local/lib/python3.9/site-packages/airflow/example_dags/example_kubernetes_executor.py
[2025-05-13T21:29:05.017+0000] {processor.py:753} INFO - DAG(s) dict_keys(['example_kubernetes_executor']) retrieved from /home/airflow/.local/lib/python3.9/site-packages/airflow/example_dags/example_kubernetes_executor.py
[2025-05-13T21:29:05.080+0000] {logging_mixin.py:137} INFO - [2025-05-13T21:29:05.080+0000] {dag.py:2676} INFO - Sync 1 DAGs
[2025-05-13T21:29:05.113+0000] {logging_mixin.py:137} INFO - [2025-05-13T21:29:05.113+0000] {dag.py:3423} INFO - Setting next_dagrun for example_kubernetes_executor to None, run_after=None
[2025-05-13T21:29:05.137+0000] {processor.py:175} INFO - Processing /home/airflow/.local/lib/python3.9/site-packages/airflow/example_dags/example_kubernetes_executor.py took 0.177 seconds
[2025-05-13T21:29:35.235+0000] {processor.py:153} INFO - Started process (PID=4670) to work on /home/airflow/.local/lib/python3.9/site-packages/airflow/example_dags/example_kubernetes_executor.py
[2025-05-13T21:29:35.236+0000] {processor.py:743} INFO - Processing file /home/airflow/.local/lib/python3.9/site-packages/airflow/example_dags/example_kubernetes_executor.py for tasks to queue
[2025-05-13T21:29:35.237+0000] {logging_mixin.py:137} INFO - [2025-05-13T21:29:35.237+0000] {dagbag.py:538} INFO - Filling up the DagBag from /home/airflow/.local/lib/python3.9/site-packages/airflow/example_dags/example_kubernetes_executor.py
[2025-05-13T21:29:35.276+0000] {processor.py:753} INFO - DAG(s) dict_keys(['example_kubernetes_executor']) retrieved from /home/airflow/.local/lib/python3.9/site-packages/airflow/example_dags/example_kubernetes_executor.py
[2025-05-13T21:29:35.346+0000] {logging_mixin.py:137} INFO - [2025-05-13T21:29:35.346+0000] {dag.py:2676} INFO - Sync 1 DAGs
[2025-05-13T21:29:35.383+0000] {logging_mixin.py:137} INFO - [2025-05-13T21:29:35.382+0000] {dag.py:3423} INFO - Setting next_dagrun for example_kubernetes_executor to None, run_after=None
[2025-05-13T21:29:35.405+0000] {processor.py:175} INFO - Processing /home/airflow/.local/lib/python3.9/site-packages/airflow/example_dags/example_kubernetes_executor.py took 0.175 seconds
[2025-05-13T21:30:06.082+0000] {processor.py:153} INFO - Started process (PID=4873) to work on /home/airflow/.local/lib/python3.9/site-packages/airflow/example_dags/example_kubernetes_executor.py
[2025-05-13T21:30:06.084+0000] {processor.py:743} INFO - Processing file /home/airflow/.local/lib/python3.9/site-packages/airflow/example_dags/example_kubernetes_executor.py for tasks to queue
[2025-05-13T21:30:06.085+0000] {logging_mixin.py:137} INFO - [2025-05-13T21:30:06.085+0000] {dagbag.py:538} INFO - Filling up the DagBag from /home/airflow/.local/lib/python3.9/site-packages/airflow/example_dags/example_kubernetes_executor.py
[2025-05-13T21:30:06.130+0000] {processor.py:753} INFO - DAG(s) dict_keys(['example_kubernetes_executor']) retrieved from /home/airflow/.local/lib/python3.9/site-packages/airflow/example_dags/example_kubernetes_executor.py
[2025-05-13T21:30:06.182+0000] {logging_mixin.py:137} INFO - [2025-05-13T21:30:06.182+0000] {dag.py:2676} INFO - Sync 1 DAGs
[2025-05-13T21:30:06.208+0000] {logging_mixin.py:137} INFO - [2025-05-13T21:30:06.208+0000] {dag.py:3423} INFO - Setting next_dagrun for example_kubernetes_executor to None, run_after=None
[2025-05-13T21:30:06.226+0000] {processor.py:175} INFO - Processing /home/airflow/.local/lib/python3.9/site-packages/airflow/example_dags/example_kubernetes_executor.py took 0.149 seconds
[2025-05-13T21:30:36.590+0000] {processor.py:153} INFO - Started process (PID=5076) to work on /home/airflow/.local/lib/python3.9/site-packages/airflow/example_dags/example_kubernetes_executor.py
[2025-05-13T21:30:36.591+0000] {processor.py:743} INFO - Processing file /home/airflow/.local/lib/python3.9/site-packages/airflow/example_dags/example_kubernetes_executor.py for tasks to queue
[2025-05-13T21:30:36.592+0000] {logging_mixin.py:137} INFO - [2025-05-13T21:30:36.592+0000] {dagbag.py:538} INFO - Filling up the DagBag from /home/airflow/.local/lib/python3.9/site-packages/airflow/example_dags/example_kubernetes_executor.py
[2025-05-13T21:30:36.629+0000] {processor.py:753} INFO - DAG(s) dict_keys(['example_kubernetes_executor']) retrieved from /home/airflow/.local/lib/python3.9/site-packages/airflow/example_dags/example_kubernetes_executor.py
[2025-05-13T21:30:36.680+0000] {logging_mixin.py:137} INFO - [2025-05-13T21:30:36.679+0000] {dag.py:2676} INFO - Sync 1 DAGs
[2025-05-13T21:30:36.706+0000] {logging_mixin.py:137} INFO - [2025-05-13T21:30:36.706+0000] {dag.py:3423} INFO - Setting next_dagrun for example_kubernetes_executor to None, run_after=None
[2025-05-13T21:30:36.725+0000] {processor.py:175} INFO - Processing /home/airflow/.local/lib/python3.9/site-packages/airflow/example_dags/example_kubernetes_executor.py took 0.139 seconds
[2025-05-13T21:31:07.221+0000] {processor.py:153} INFO - Started process (PID=5282) to work on /home/airflow/.local/lib/python3.9/site-packages/airflow/example_dags/example_kubernetes_executor.py
[2025-05-13T21:31:07.222+0000] {processor.py:743} INFO - Processing file /home/airflow/.local/lib/python3.9/site-packages/airflow/example_dags/example_kubernetes_executor.py for tasks to queue
[2025-05-13T21:31:07.223+0000] {logging_mixin.py:137} INFO - [2025-05-13T21:31:07.223+0000] {dagbag.py:538} INFO - Filling up the DagBag from /home/airflow/.local/lib/python3.9/site-packages/airflow/example_dags/example_kubernetes_executor.py
[2025-05-13T21:31:07.265+0000] {processor.py:753} INFO - DAG(s) dict_keys(['example_kubernetes_executor']) retrieved from /home/airflow/.local/lib/python3.9/site-packages/airflow/example_dags/example_kubernetes_executor.py
[2025-05-13T21:31:07.319+0000] {logging_mixin.py:137} INFO - [2025-05-13T21:31:07.319+0000] {dag.py:2676} INFO - Sync 1 DAGs
[2025-05-13T21:31:07.346+0000] {logging_mixin.py:137} INFO - [2025-05-13T21:31:07.346+0000] {dag.py:3423} INFO - Setting next_dagrun for example_kubernetes_executor to None, run_after=None
[2025-05-13T21:31:07.372+0000] {processor.py:175} INFO - Processing /home/airflow/.local/lib/python3.9/site-packages/airflow/example_dags/example_kubernetes_executor.py took 0.155 seconds
[2025-05-13T21:31:37.882+0000] {processor.py:153} INFO - Started process (PID=5485) to work on /home/airflow/.local/lib/python3.9/site-packages/airflow/example_dags/example_kubernetes_executor.py
[2025-05-13T21:31:37.883+0000] {processor.py:743} INFO - Processing file /home/airflow/.local/lib/python3.9/site-packages/airflow/example_dags/example_kubernetes_executor.py for tasks to queue
[2025-05-13T21:31:37.887+0000] {logging_mixin.py:137} INFO - [2025-05-13T21:31:37.886+0000] {dagbag.py:538} INFO - Filling up the DagBag from /home/airflow/.local/lib/python3.9/site-packages/airflow/example_dags/example_kubernetes_executor.py
[2025-05-13T21:31:37.931+0000] {processor.py:753} INFO - DAG(s) dict_keys(['example_kubernetes_executor']) retrieved from /home/airflow/.local/lib/python3.9/site-packages/airflow/example_dags/example_kubernetes_executor.py
[2025-05-13T21:31:37.985+0000] {logging_mixin.py:137} INFO - [2025-05-13T21:31:37.985+0000] {dag.py:2676} INFO - Sync 1 DAGs
[2025-05-13T21:31:38.015+0000] {logging_mixin.py:137} INFO - [2025-05-13T21:31:38.015+0000] {dag.py:3423} INFO - Setting next_dagrun for example_kubernetes_executor to None, run_after=None
[2025-05-13T21:31:38.038+0000] {processor.py:175} INFO - Processing /home/airflow/.local/lib/python3.9/site-packages/airflow/example_dags/example_kubernetes_executor.py took 0.160 seconds
[2025-05-13T21:32:08.754+0000] {processor.py:153} INFO - Started process (PID=5688) to work on /home/airflow/.local/lib/python3.9/site-packages/airflow/example_dags/example_kubernetes_executor.py
[2025-05-13T21:32:08.755+0000] {processor.py:743} INFO - Processing file /home/airflow/.local/lib/python3.9/site-packages/airflow/example_dags/example_kubernetes_executor.py for tasks to queue
[2025-05-13T21:32:08.756+0000] {logging_mixin.py:137} INFO - [2025-05-13T21:32:08.756+0000] {dagbag.py:538} INFO - Filling up the DagBag from /home/airflow/.local/lib/python3.9/site-packages/airflow/example_dags/example_kubernetes_executor.py
[2025-05-13T21:32:08.803+0000] {processor.py:753} INFO - DAG(s) dict_keys(['example_kubernetes_executor']) retrieved from /home/airflow/.local/lib/python3.9/site-packages/airflow/example_dags/example_kubernetes_executor.py
[2025-05-13T21:32:08.836+0000] {logging_mixin.py:137} INFO - [2025-05-13T21:32:08.835+0000] {dag.py:2676} INFO - Sync 1 DAGs
[2025-05-13T21:32:08.865+0000] {logging_mixin.py:137} INFO - [2025-05-13T21:32:08.865+0000] {dag.py:3423} INFO - Setting next_dagrun for example_kubernetes_executor to None, run_after=None
[2025-05-13T21:32:08.886+0000] {processor.py:175} INFO - Processing /home/airflow/.local/lib/python3.9/site-packages/airflow/example_dags/example_kubernetes_executor.py took 0.137 seconds
[2025-05-13T21:32:39.025+0000] {processor.py:153} INFO - Started process (PID=5891) to work on /home/airflow/.local/lib/python3.9/site-packages/airflow/example_dags/example_kubernetes_executor.py
[2025-05-13T21:32:39.026+0000] {processor.py:743} INFO - Processing file /home/airflow/.local/lib/python3.9/site-packages/airflow/example_dags/example_kubernetes_executor.py for tasks to queue
[2025-05-13T21:32:39.028+0000] {logging_mixin.py:137} INFO - [2025-05-13T21:32:39.027+0000] {dagbag.py:538} INFO - Filling up the DagBag from /home/airflow/.local/lib/python3.9/site-packages/airflow/example_dags/example_kubernetes_executor.py
[2025-05-13T21:32:39.070+0000] {processor.py:753} INFO - DAG(s) dict_keys(['example_kubernetes_executor']) retrieved from /home/airflow/.local/lib/python3.9/site-packages/airflow/example_dags/example_kubernetes_executor.py
[2025-05-13T21:32:39.132+0000] {logging_mixin.py:137} INFO - [2025-05-13T21:32:39.132+0000] {dag.py:2676} INFO - Sync 1 DAGs
[2025-05-13T21:32:39.162+0000] {logging_mixin.py:137} INFO - [2025-05-13T21:32:39.162+0000] {dag.py:3423} INFO - Setting next_dagrun for example_kubernetes_executor to None, run_after=None
[2025-05-13T21:32:39.187+0000] {processor.py:175} INFO - Processing /home/airflow/.local/lib/python3.9/site-packages/airflow/example_dags/example_kubernetes_executor.py took 0.166 seconds
[2025-05-13T21:33:09.526+0000] {processor.py:153} INFO - Started process (PID=6096) to work on /home/airflow/.local/lib/python3.9/site-packages/airflow/example_dags/example_kubernetes_executor.py
[2025-05-13T21:33:09.527+0000] {processor.py:743} INFO - Processing file /home/airflow/.local/lib/python3.9/site-packages/airflow/example_dags/example_kubernetes_executor.py for tasks to queue
[2025-05-13T21:33:09.529+0000] {logging_mixin.py:137} INFO - [2025-05-13T21:33:09.528+0000] {dagbag.py:538} INFO - Filling up the DagBag from /home/airflow/.local/lib/python3.9/site-packages/airflow/example_dags/example_kubernetes_executor.py
[2025-05-13T21:33:09.577+0000] {processor.py:753} INFO - DAG(s) dict_keys(['example_kubernetes_executor']) retrieved from /home/airflow/.local/lib/python3.9/site-packages/airflow/example_dags/example_kubernetes_executor.py
[2025-05-13T21:33:09.627+0000] {logging_mixin.py:137} INFO - [2025-05-13T21:33:09.627+0000] {dag.py:2676} INFO - Sync 1 DAGs
[2025-05-13T21:33:09.654+0000] {logging_mixin.py:137} INFO - [2025-05-13T21:33:09.654+0000] {dag.py:3423} INFO - Setting next_dagrun for example_kubernetes_executor to None, run_after=None
[2025-05-13T21:33:09.676+0000] {processor.py:175} INFO - Processing /home/airflow/.local/lib/python3.9/site-packages/airflow/example_dags/example_kubernetes_executor.py took 0.156 seconds
[2025-05-13T21:33:39.776+0000] {processor.py:153} INFO - Started process (PID=6299) to work on /home/airflow/.local/lib/python3.9/site-packages/airflow/example_dags/example_kubernetes_executor.py
[2025-05-13T21:33:39.778+0000] {processor.py:743} INFO - Processing file /home/airflow/.local/lib/python3.9/site-packages/airflow/example_dags/example_kubernetes_executor.py for tasks to queue
[2025-05-13T21:33:39.779+0000] {logging_mixin.py:137} INFO - [2025-05-13T21:33:39.779+0000] {dagbag.py:538} INFO - Filling up the DagBag from /home/airflow/.local/lib/python3.9/site-packages/airflow/example_dags/example_kubernetes_executor.py
[2025-05-13T21:33:39.820+0000] {processor.py:753} INFO - DAG(s) dict_keys(['example_kubernetes_executor']) retrieved from /home/airflow/.local/lib/python3.9/site-packages/airflow/example_dags/example_kubernetes_executor.py
[2025-05-13T21:33:39.875+0000] {logging_mixin.py:137} INFO - [2025-05-13T21:33:39.875+0000] {dag.py:2676} INFO - Sync 1 DAGs
[2025-05-13T21:33:39.906+0000] {logging_mixin.py:137} INFO - [2025-05-13T21:33:39.906+0000] {dag.py:3423} INFO - Setting next_dagrun for example_kubernetes_executor to None, run_after=None
[2025-05-13T21:33:39.931+0000] {processor.py:175} INFO - Processing /home/airflow/.local/lib/python3.9/site-packages/airflow/example_dags/example_kubernetes_executor.py took 0.160 seconds
[2025-05-13T21:34:10.544+0000] {processor.py:153} INFO - Started process (PID=6500) to work on /home/airflow/.local/lib/python3.9/site-packages/airflow/example_dags/example_kubernetes_executor.py
[2025-05-13T21:34:10.546+0000] {processor.py:743} INFO - Processing file /home/airflow/.local/lib/python3.9/site-packages/airflow/example_dags/example_kubernetes_executor.py for tasks to queue
[2025-05-13T21:34:10.547+0000] {logging_mixin.py:137} INFO - [2025-05-13T21:34:10.547+0000] {dagbag.py:538} INFO - Filling up the DagBag from /home/airflow/.local/lib/python3.9/site-packages/airflow/example_dags/example_kubernetes_executor.py
[2025-05-13T21:34:10.599+0000] {processor.py:753} INFO - DAG(s) dict_keys(['example_kubernetes_executor']) retrieved from /home/airflow/.local/lib/python3.9/site-packages/airflow/example_dags/example_kubernetes_executor.py
[2025-05-13T21:34:10.689+0000] {logging_mixin.py:137} INFO - [2025-05-13T21:34:10.689+0000] {dag.py:2676} INFO - Sync 1 DAGs
[2025-05-13T21:34:10.732+0000] {logging_mixin.py:137} INFO - [2025-05-13T21:34:10.731+0000] {dag.py:3423} INFO - Setting next_dagrun for example_kubernetes_executor to None, run_after=None
[2025-05-13T21:34:10.764+0000] {processor.py:175} INFO - Processing /home/airflow/.local/lib/python3.9/site-packages/airflow/example_dags/example_kubernetes_executor.py took 0.225 seconds
[2025-05-13T21:34:41.293+0000] {processor.py:153} INFO - Started process (PID=6709) to work on /home/airflow/.local/lib/python3.9/site-packages/airflow/example_dags/example_kubernetes_executor.py
[2025-05-13T21:34:41.294+0000] {processor.py:743} INFO - Processing file /home/airflow/.local/lib/python3.9/site-packages/airflow/example_dags/example_kubernetes_executor.py for tasks to queue
[2025-05-13T21:34:41.296+0000] {logging_mixin.py:137} INFO - [2025-05-13T21:34:41.295+0000] {dagbag.py:538} INFO - Filling up the DagBag from /home/airflow/.local/lib/python3.9/site-packages/airflow/example_dags/example_kubernetes_executor.py
[2025-05-13T21:34:41.334+0000] {processor.py:753} INFO - DAG(s) dict_keys(['example_kubernetes_executor']) retrieved from /home/airflow/.local/lib/python3.9/site-packages/airflow/example_dags/example_kubernetes_executor.py
[2025-05-13T21:34:41.387+0000] {logging_mixin.py:137} INFO - [2025-05-13T21:34:41.386+0000] {dag.py:2676} INFO - Sync 1 DAGs
[2025-05-13T21:34:41.414+0000] {logging_mixin.py:137} INFO - [2025-05-13T21:34:41.414+0000] {dag.py:3423} INFO - Setting next_dagrun for example_kubernetes_executor to None, run_after=None
[2025-05-13T21:34:41.440+0000] {processor.py:175} INFO - Processing /home/airflow/.local/lib/python3.9/site-packages/airflow/example_dags/example_kubernetes_executor.py took 0.151 seconds
[2025-05-13T21:35:11.500+0000] {processor.py:153} INFO - Started process (PID=6911) to work on /home/airflow/.local/lib/python3.9/site-packages/airflow/example_dags/example_kubernetes_executor.py
[2025-05-13T21:35:11.502+0000] {processor.py:743} INFO - Processing file /home/airflow/.local/lib/python3.9/site-packages/airflow/example_dags/example_kubernetes_executor.py for tasks to queue
[2025-05-13T21:35:11.503+0000] {logging_mixin.py:137} INFO - [2025-05-13T21:35:11.502+0000] {dagbag.py:538} INFO - Filling up the DagBag from /home/airflow/.local/lib/python3.9/site-packages/airflow/example_dags/example_kubernetes_executor.py
[2025-05-13T21:35:11.541+0000] {processor.py:753} INFO - DAG(s) dict_keys(['example_kubernetes_executor']) retrieved from /home/airflow/.local/lib/python3.9/site-packages/airflow/example_dags/example_kubernetes_executor.py
[2025-05-13T21:35:11.597+0000] {logging_mixin.py:137} INFO - [2025-05-13T21:35:11.597+0000] {dag.py:2676} INFO - Sync 1 DAGs
[2025-05-13T21:35:11.627+0000] {logging_mixin.py:137} INFO - [2025-05-13T21:35:11.627+0000] {dag.py:3423} INFO - Setting next_dagrun for example_kubernetes_executor to None, run_after=None
[2025-05-13T21:35:11.651+0000] {processor.py:175} INFO - Processing /home/airflow/.local/lib/python3.9/site-packages/airflow/example_dags/example_kubernetes_executor.py took 0.154 seconds
[2025-05-13T21:35:41.708+0000] {processor.py:153} INFO - Started process (PID=7114) to work on /home/airflow/.local/lib/python3.9/site-packages/airflow/example_dags/example_kubernetes_executor.py
[2025-05-13T21:35:41.710+0000] {processor.py:743} INFO - Processing file /home/airflow/.local/lib/python3.9/site-packages/airflow/example_dags/example_kubernetes_executor.py for tasks to queue
[2025-05-13T21:35:41.711+0000] {logging_mixin.py:137} INFO - [2025-05-13T21:35:41.710+0000] {dagbag.py:538} INFO - Filling up the DagBag from /home/airflow/.local/lib/python3.9/site-packages/airflow/example_dags/example_kubernetes_executor.py
[2025-05-13T21:35:41.749+0000] {processor.py:753} INFO - DAG(s) dict_keys(['example_kubernetes_executor']) retrieved from /home/airflow/.local/lib/python3.9/site-packages/airflow/example_dags/example_kubernetes_executor.py
[2025-05-13T21:35:41.804+0000] {logging_mixin.py:137} INFO - [2025-05-13T21:35:41.804+0000] {dag.py:2676} INFO - Sync 1 DAGs
[2025-05-13T21:35:41.832+0000] {logging_mixin.py:137} INFO - [2025-05-13T21:35:41.832+0000] {dag.py:3423} INFO - Setting next_dagrun for example_kubernetes_executor to None, run_after=None
[2025-05-13T21:35:41.854+0000] {processor.py:175} INFO - Processing /home/airflow/.local/lib/python3.9/site-packages/airflow/example_dags/example_kubernetes_executor.py took 0.150 seconds
[2025-05-13T21:36:12.049+0000] {processor.py:153} INFO - Started process (PID=7315) to work on /home/airflow/.local/lib/python3.9/site-packages/airflow/example_dags/example_kubernetes_executor.py
[2025-05-13T21:36:12.051+0000] {processor.py:743} INFO - Processing file /home/airflow/.local/lib/python3.9/site-packages/airflow/example_dags/example_kubernetes_executor.py for tasks to queue
[2025-05-13T21:36:12.052+0000] {logging_mixin.py:137} INFO - [2025-05-13T21:36:12.052+0000] {dagbag.py:538} INFO - Filling up the DagBag from /home/airflow/.local/lib/python3.9/site-packages/airflow/example_dags/example_kubernetes_executor.py
[2025-05-13T21:36:12.096+0000] {processor.py:753} INFO - DAG(s) dict_keys(['example_kubernetes_executor']) retrieved from /home/airflow/.local/lib/python3.9/site-packages/airflow/example_dags/example_kubernetes_executor.py
[2025-05-13T21:36:12.153+0000] {logging_mixin.py:137} INFO - [2025-05-13T21:36:12.153+0000] {dag.py:2676} INFO - Sync 1 DAGs
[2025-05-13T21:36:12.182+0000] {logging_mixin.py:137} INFO - [2025-05-13T21:36:12.182+0000] {dag.py:3423} INFO - Setting next_dagrun for example_kubernetes_executor to None, run_after=None
[2025-05-13T21:36:12.205+0000] {processor.py:175} INFO - Processing /home/airflow/.local/lib/python3.9/site-packages/airflow/example_dags/example_kubernetes_executor.py took 0.161 seconds
[2025-05-13T21:36:42.928+0000] {processor.py:153} INFO - Started process (PID=7518) to work on /home/airflow/.local/lib/python3.9/site-packages/airflow/example_dags/example_kubernetes_executor.py
[2025-05-13T21:36:42.930+0000] {processor.py:743} INFO - Processing file /home/airflow/.local/lib/python3.9/site-packages/airflow/example_dags/example_kubernetes_executor.py for tasks to queue
[2025-05-13T21:36:42.932+0000] {logging_mixin.py:137} INFO - [2025-05-13T21:36:42.932+0000] {dagbag.py:538} INFO - Filling up the DagBag from /home/airflow/.local/lib/python3.9/site-packages/airflow/example_dags/example_kubernetes_executor.py
[2025-05-13T21:36:43.045+0000] {processor.py:753} INFO - DAG(s) dict_keys(['example_kubernetes_executor']) retrieved from /home/airflow/.local/lib/python3.9/site-packages/airflow/example_dags/example_kubernetes_executor.py
[2025-05-13T21:36:43.159+0000] {logging_mixin.py:137} INFO - [2025-05-13T21:36:43.159+0000] {dag.py:2676} INFO - Sync 1 DAGs
[2025-05-13T21:36:43.194+0000] {logging_mixin.py:137} INFO - [2025-05-13T21:36:43.194+0000] {dag.py:3423} INFO - Setting next_dagrun for example_kubernetes_executor to None, run_after=None
[2025-05-13T21:36:43.224+0000] {processor.py:175} INFO - Processing /home/airflow/.local/lib/python3.9/site-packages/airflow/example_dags/example_kubernetes_executor.py took 0.301 seconds
[2025-05-13T21:37:47.869+0000] {processor.py:153} INFO - Started process (PID=208) to work on /home/airflow/.local/lib/python3.9/site-packages/airflow/example_dags/example_kubernetes_executor.py
[2025-05-13T21:37:47.870+0000] {processor.py:743} INFO - Processing file /home/airflow/.local/lib/python3.9/site-packages/airflow/example_dags/example_kubernetes_executor.py for tasks to queue
[2025-05-13T21:37:47.871+0000] {logging_mixin.py:137} INFO - [2025-05-13T21:37:47.871+0000] {dagbag.py:538} INFO - Filling up the DagBag from /home/airflow/.local/lib/python3.9/site-packages/airflow/example_dags/example_kubernetes_executor.py
[2025-05-13T21:37:47.916+0000] {processor.py:753} INFO - DAG(s) dict_keys(['example_kubernetes_executor']) retrieved from /home/airflow/.local/lib/python3.9/site-packages/airflow/example_dags/example_kubernetes_executor.py
[2025-05-13T21:37:47.989+0000] {logging_mixin.py:137} INFO - [2025-05-13T21:37:47.989+0000] {dag.py:2676} INFO - Sync 1 DAGs
[2025-05-13T21:37:48.026+0000] {logging_mixin.py:137} INFO - [2025-05-13T21:37:48.026+0000] {dag.py:3423} INFO - Setting next_dagrun for example_kubernetes_executor to None, run_after=None
[2025-05-13T21:37:48.051+0000] {processor.py:175} INFO - Processing /home/airflow/.local/lib/python3.9/site-packages/airflow/example_dags/example_kubernetes_executor.py took 0.187 seconds
[2025-05-13T21:38:18.090+0000] {processor.py:153} INFO - Started process (PID=407) to work on /home/airflow/.local/lib/python3.9/site-packages/airflow/example_dags/example_kubernetes_executor.py
[2025-05-13T21:38:18.091+0000] {processor.py:743} INFO - Processing file /home/airflow/.local/lib/python3.9/site-packages/airflow/example_dags/example_kubernetes_executor.py for tasks to queue
[2025-05-13T21:38:18.092+0000] {logging_mixin.py:137} INFO - [2025-05-13T21:38:18.092+0000] {dagbag.py:538} INFO - Filling up the DagBag from /home/airflow/.local/lib/python3.9/site-packages/airflow/example_dags/example_kubernetes_executor.py
[2025-05-13T21:38:18.132+0000] {processor.py:753} INFO - DAG(s) dict_keys(['example_kubernetes_executor']) retrieved from /home/airflow/.local/lib/python3.9/site-packages/airflow/example_dags/example_kubernetes_executor.py
[2025-05-13T21:38:18.184+0000] {logging_mixin.py:137} INFO - [2025-05-13T21:38:18.184+0000] {dag.py:2676} INFO - Sync 1 DAGs
[2025-05-13T21:38:18.211+0000] {logging_mixin.py:137} INFO - [2025-05-13T21:38:18.211+0000] {dag.py:3423} INFO - Setting next_dagrun for example_kubernetes_executor to None, run_after=None
[2025-05-13T21:38:18.234+0000] {processor.py:175} INFO - Processing /home/airflow/.local/lib/python3.9/site-packages/airflow/example_dags/example_kubernetes_executor.py took 0.148 seconds
[2025-05-13T21:38:48.946+0000] {processor.py:153} INFO - Started process (PID=608) to work on /home/airflow/.local/lib/python3.9/site-packages/airflow/example_dags/example_kubernetes_executor.py
[2025-05-13T21:38:48.947+0000] {processor.py:743} INFO - Processing file /home/airflow/.local/lib/python3.9/site-packages/airflow/example_dags/example_kubernetes_executor.py for tasks to queue
[2025-05-13T21:38:48.948+0000] {logging_mixin.py:137} INFO - [2025-05-13T21:38:48.948+0000] {dagbag.py:538} INFO - Filling up the DagBag from /home/airflow/.local/lib/python3.9/site-packages/airflow/example_dags/example_kubernetes_executor.py
[2025-05-13T21:38:48.995+0000] {processor.py:753} INFO - DAG(s) dict_keys(['example_kubernetes_executor']) retrieved from /home/airflow/.local/lib/python3.9/site-packages/airflow/example_dags/example_kubernetes_executor.py
[2025-05-13T21:38:49.063+0000] {logging_mixin.py:137} INFO - [2025-05-13T21:38:49.063+0000] {dag.py:2676} INFO - Sync 1 DAGs
[2025-05-13T21:38:49.110+0000] {logging_mixin.py:137} INFO - [2025-05-13T21:38:49.110+0000] {dag.py:3423} INFO - Setting next_dagrun for example_kubernetes_executor to None, run_after=None
[2025-05-13T21:38:49.141+0000] {processor.py:175} INFO - Processing /home/airflow/.local/lib/python3.9/site-packages/airflow/example_dags/example_kubernetes_executor.py took 0.200 seconds
[2025-05-13T21:39:19.699+0000] {processor.py:153} INFO - Started process (PID=820) to work on /home/airflow/.local/lib/python3.9/site-packages/airflow/example_dags/example_kubernetes_executor.py
[2025-05-13T21:39:19.700+0000] {processor.py:743} INFO - Processing file /home/airflow/.local/lib/python3.9/site-packages/airflow/example_dags/example_kubernetes_executor.py for tasks to queue
[2025-05-13T21:39:19.701+0000] {logging_mixin.py:137} INFO - [2025-05-13T21:39:19.701+0000] {dagbag.py:538} INFO - Filling up the DagBag from /home/airflow/.local/lib/python3.9/site-packages/airflow/example_dags/example_kubernetes_executor.py
[2025-05-13T21:39:19.742+0000] {processor.py:753} INFO - DAG(s) dict_keys(['example_kubernetes_executor']) retrieved from /home/airflow/.local/lib/python3.9/site-packages/airflow/example_dags/example_kubernetes_executor.py
[2025-05-13T21:39:19.812+0000] {logging_mixin.py:137} INFO - [2025-05-13T21:39:19.811+0000] {dag.py:2676} INFO - Sync 1 DAGs
[2025-05-13T21:39:19.853+0000] {logging_mixin.py:137} INFO - [2025-05-13T21:39:19.853+0000] {dag.py:3423} INFO - Setting next_dagrun for example_kubernetes_executor to None, run_after=None
[2025-05-13T21:39:19.877+0000] {processor.py:175} INFO - Processing /home/airflow/.local/lib/python3.9/site-packages/airflow/example_dags/example_kubernetes_executor.py took 0.182 seconds
[2025-05-13T21:39:49.945+0000] {processor.py:153} INFO - Started process (PID=1023) to work on /home/airflow/.local/lib/python3.9/site-packages/airflow/example_dags/example_kubernetes_executor.py
[2025-05-13T21:39:49.946+0000] {processor.py:743} INFO - Processing file /home/airflow/.local/lib/python3.9/site-packages/airflow/example_dags/example_kubernetes_executor.py for tasks to queue
[2025-05-13T21:39:49.947+0000] {logging_mixin.py:137} INFO - [2025-05-13T21:39:49.947+0000] {dagbag.py:538} INFO - Filling up the DagBag from /home/airflow/.local/lib/python3.9/site-packages/airflow/example_dags/example_kubernetes_executor.py
[2025-05-13T21:39:49.990+0000] {processor.py:753} INFO - DAG(s) dict_keys(['example_kubernetes_executor']) retrieved from /home/airflow/.local/lib/python3.9/site-packages/airflow/example_dags/example_kubernetes_executor.py
[2025-05-13T21:39:50.055+0000] {logging_mixin.py:137} INFO - [2025-05-13T21:39:50.054+0000] {dag.py:2676} INFO - Sync 1 DAGs
[2025-05-13T21:39:50.083+0000] {logging_mixin.py:137} INFO - [2025-05-13T21:39:50.083+0000] {dag.py:3423} INFO - Setting next_dagrun for example_kubernetes_executor to None, run_after=None
[2025-05-13T21:39:50.107+0000] {processor.py:175} INFO - Processing /home/airflow/.local/lib/python3.9/site-packages/airflow/example_dags/example_kubernetes_executor.py took 0.166 seconds
[2025-05-13T21:40:20.357+0000] {processor.py:153} INFO - Started process (PID=1228) to work on /home/airflow/.local/lib/python3.9/site-packages/airflow/example_dags/example_kubernetes_executor.py
[2025-05-13T21:40:20.359+0000] {processor.py:743} INFO - Processing file /home/airflow/.local/lib/python3.9/site-packages/airflow/example_dags/example_kubernetes_executor.py for tasks to queue
[2025-05-13T21:40:20.360+0000] {logging_mixin.py:137} INFO - [2025-05-13T21:40:20.360+0000] {dagbag.py:538} INFO - Filling up the DagBag from /home/airflow/.local/lib/python3.9/site-packages/airflow/example_dags/example_kubernetes_executor.py
[2025-05-13T21:40:20.401+0000] {processor.py:753} INFO - DAG(s) dict_keys(['example_kubernetes_executor']) retrieved from /home/airflow/.local/lib/python3.9/site-packages/airflow/example_dags/example_kubernetes_executor.py
[2025-05-13T21:40:20.455+0000] {logging_mixin.py:137} INFO - [2025-05-13T21:40:20.455+0000] {dag.py:2676} INFO - Sync 1 DAGs
[2025-05-13T21:40:20.485+0000] {logging_mixin.py:137} INFO - [2025-05-13T21:40:20.485+0000] {dag.py:3423} INFO - Setting next_dagrun for example_kubernetes_executor to None, run_after=None
[2025-05-13T21:40:20.508+0000] {processor.py:175} INFO - Processing /home/airflow/.local/lib/python3.9/site-packages/airflow/example_dags/example_kubernetes_executor.py took 0.155 seconds
[2025-05-13T21:40:51.378+0000] {processor.py:153} INFO - Started process (PID=1431) to work on /home/airflow/.local/lib/python3.9/site-packages/airflow/example_dags/example_kubernetes_executor.py
[2025-05-13T21:40:51.379+0000] {processor.py:743} INFO - Processing file /home/airflow/.local/lib/python3.9/site-packages/airflow/example_dags/example_kubernetes_executor.py for tasks to queue
[2025-05-13T21:40:51.381+0000] {logging_mixin.py:137} INFO - [2025-05-13T21:40:51.381+0000] {dagbag.py:538} INFO - Filling up the DagBag from /home/airflow/.local/lib/python3.9/site-packages/airflow/example_dags/example_kubernetes_executor.py
[2025-05-13T21:40:51.429+0000] {processor.py:753} INFO - DAG(s) dict_keys(['example_kubernetes_executor']) retrieved from /home/airflow/.local/lib/python3.9/site-packages/airflow/example_dags/example_kubernetes_executor.py
[2025-05-13T21:40:51.494+0000] {logging_mixin.py:137} INFO - [2025-05-13T21:40:51.494+0000] {dag.py:2676} INFO - Sync 1 DAGs
[2025-05-13T21:40:51.524+0000] {logging_mixin.py:137} INFO - [2025-05-13T21:40:51.524+0000] {dag.py:3423} INFO - Setting next_dagrun for example_kubernetes_executor to None, run_after=None
[2025-05-13T21:40:51.553+0000] {processor.py:175} INFO - Processing /home/airflow/.local/lib/python3.9/site-packages/airflow/example_dags/example_kubernetes_executor.py took 0.179 seconds
[2025-05-13T21:41:21.636+0000] {processor.py:153} INFO - Started process (PID=1634) to work on /home/airflow/.local/lib/python3.9/site-packages/airflow/example_dags/example_kubernetes_executor.py
[2025-05-13T21:41:21.637+0000] {processor.py:743} INFO - Processing file /home/airflow/.local/lib/python3.9/site-packages/airflow/example_dags/example_kubernetes_executor.py for tasks to queue
[2025-05-13T21:41:21.641+0000] {logging_mixin.py:137} INFO - [2025-05-13T21:41:21.641+0000] {dagbag.py:538} INFO - Filling up the DagBag from /home/airflow/.local/lib/python3.9/site-packages/airflow/example_dags/example_kubernetes_executor.py
[2025-05-13T21:41:21.688+0000] {processor.py:753} INFO - DAG(s) dict_keys(['example_kubernetes_executor']) retrieved from /home/airflow/.local/lib/python3.9/site-packages/airflow/example_dags/example_kubernetes_executor.py
[2025-05-13T21:41:21.751+0000] {logging_mixin.py:137} INFO - [2025-05-13T21:41:21.751+0000] {dag.py:2676} INFO - Sync 1 DAGs
[2025-05-13T21:41:21.784+0000] {logging_mixin.py:137} INFO - [2025-05-13T21:41:21.784+0000] {dag.py:3423} INFO - Setting next_dagrun for example_kubernetes_executor to None, run_after=None
[2025-05-13T21:41:21.810+0000] {processor.py:175} INFO - Processing /home/airflow/.local/lib/python3.9/site-packages/airflow/example_dags/example_kubernetes_executor.py took 0.179 seconds
[2025-05-13T21:41:52.108+0000] {processor.py:153} INFO - Started process (PID=1837) to work on /home/airflow/.local/lib/python3.9/site-packages/airflow/example_dags/example_kubernetes_executor.py
[2025-05-13T21:41:52.109+0000] {processor.py:743} INFO - Processing file /home/airflow/.local/lib/python3.9/site-packages/airflow/example_dags/example_kubernetes_executor.py for tasks to queue
[2025-05-13T21:41:52.111+0000] {logging_mixin.py:137} INFO - [2025-05-13T21:41:52.111+0000] {dagbag.py:538} INFO - Filling up the DagBag from /home/airflow/.local/lib/python3.9/site-packages/airflow/example_dags/example_kubernetes_executor.py
[2025-05-13T21:41:52.156+0000] {processor.py:753} INFO - DAG(s) dict_keys(['example_kubernetes_executor']) retrieved from /home/airflow/.local/lib/python3.9/site-packages/airflow/example_dags/example_kubernetes_executor.py
[2025-05-13T21:41:52.211+0000] {logging_mixin.py:137} INFO - [2025-05-13T21:41:52.211+0000] {dag.py:2676} INFO - Sync 1 DAGs
[2025-05-13T21:41:52.241+0000] {logging_mixin.py:137} INFO - [2025-05-13T21:41:52.241+0000] {dag.py:3423} INFO - Setting next_dagrun for example_kubernetes_executor to None, run_after=None
[2025-05-13T21:41:52.264+0000] {processor.py:175} INFO - Processing /home/airflow/.local/lib/python3.9/site-packages/airflow/example_dags/example_kubernetes_executor.py took 0.160 seconds
