[2025-05-13T02:45:44.440+0000] {processor.py:153} INFO - Started process (PID=297) to work on /home/airflow/.local/lib/python3.9/site-packages/airflow/example_dags/example_latest_only_with_trigger.py
[2025-05-13T02:45:44.442+0000] {processor.py:743} INFO - Processing file /home/airflow/.local/lib/python3.9/site-packages/airflow/example_dags/example_latest_only_with_trigger.py for tasks to queue
[2025-05-13T02:45:44.443+0000] {logging_mixin.py:137} INFO - [2025-05-13T02:45:44.443+0000] {dagbag.py:538} INFO - Filling up the DagBag from /home/airflow/.local/lib/python3.9/site-packages/airflow/example_dags/example_latest_only_with_trigger.py
[2025-05-13T02:45:44.469+0000] {processor.py:753} INFO - DAG(s) dict_keys(['latest_only_with_trigger']) retrieved from /home/airflow/.local/lib/python3.9/site-packages/airflow/example_dags/example_latest_only_with_trigger.py
[2025-05-13T02:45:44.618+0000] {logging_mixin.py:137} INFO - [2025-05-13T02:45:44.618+0000] {manager.py:504} INFO - Created Permission View: can delete on DAG:latest_only_with_trigger
[2025-05-13T02:45:44.627+0000] {logging_mixin.py:137} INFO - [2025-05-13T02:45:44.627+0000] {manager.py:504} INFO - Created Permission View: can edit on DAG:latest_only_with_trigger
[2025-05-13T02:45:44.634+0000] {logging_mixin.py:137} INFO - [2025-05-13T02:45:44.634+0000] {manager.py:504} INFO - Created Permission View: can read on DAG:latest_only_with_trigger
[2025-05-13T02:45:44.635+0000] {logging_mixin.py:137} INFO - [2025-05-13T02:45:44.635+0000] {dag.py:2676} INFO - Sync 1 DAGs
[2025-05-13T02:45:44.649+0000] {logging_mixin.py:137} INFO - [2025-05-13T02:45:44.649+0000] {dag.py:2697} INFO - Creating ORM DAG for latest_only_with_trigger
[2025-05-13T02:45:44.669+0000] {logging_mixin.py:137} INFO - [2025-05-13T02:45:44.668+0000] {dag.py:3423} INFO - Setting next_dagrun for latest_only_with_trigger to 2025-05-12T22:45:44.668420+00:00, run_after=2025-05-13T02:45:44.668420+00:00
[2025-05-13T02:45:44.690+0000] {processor.py:175} INFO - Processing /home/airflow/.local/lib/python3.9/site-packages/airflow/example_dags/example_latest_only_with_trigger.py took 0.255 seconds
[2025-05-13T02:46:15.758+0000] {processor.py:153} INFO - Started process (PID=500) to work on /home/airflow/.local/lib/python3.9/site-packages/airflow/example_dags/example_latest_only_with_trigger.py
[2025-05-13T02:46:15.759+0000] {processor.py:743} INFO - Processing file /home/airflow/.local/lib/python3.9/site-packages/airflow/example_dags/example_latest_only_with_trigger.py for tasks to queue
[2025-05-13T02:46:15.761+0000] {logging_mixin.py:137} INFO - [2025-05-13T02:46:15.761+0000] {dagbag.py:538} INFO - Filling up the DagBag from /home/airflow/.local/lib/python3.9/site-packages/airflow/example_dags/example_latest_only_with_trigger.py
[2025-05-13T02:46:15.791+0000] {processor.py:753} INFO - DAG(s) dict_keys(['latest_only_with_trigger']) retrieved from /home/airflow/.local/lib/python3.9/site-packages/airflow/example_dags/example_latest_only_with_trigger.py
[2025-05-13T02:46:15.850+0000] {logging_mixin.py:137} INFO - [2025-05-13T02:46:15.850+0000] {dag.py:2676} INFO - Sync 1 DAGs
[2025-05-13T02:46:15.884+0000] {logging_mixin.py:137} INFO - [2025-05-13T02:46:15.884+0000] {dag.py:3423} INFO - Setting next_dagrun for latest_only_with_trigger to 2025-05-12T22:46:15.884253+00:00, run_after=2025-05-13T02:46:15.884253+00:00
[2025-05-13T02:46:15.912+0000] {processor.py:175} INFO - Processing /home/airflow/.local/lib/python3.9/site-packages/airflow/example_dags/example_latest_only_with_trigger.py took 0.159 seconds
[2025-05-13T02:46:45.984+0000] {processor.py:153} INFO - Started process (PID=699) to work on /home/airflow/.local/lib/python3.9/site-packages/airflow/example_dags/example_latest_only_with_trigger.py
[2025-05-13T02:46:45.986+0000] {processor.py:743} INFO - Processing file /home/airflow/.local/lib/python3.9/site-packages/airflow/example_dags/example_latest_only_with_trigger.py for tasks to queue
[2025-05-13T02:46:45.987+0000] {logging_mixin.py:137} INFO - [2025-05-13T02:46:45.987+0000] {dagbag.py:538} INFO - Filling up the DagBag from /home/airflow/.local/lib/python3.9/site-packages/airflow/example_dags/example_latest_only_with_trigger.py
[2025-05-13T02:46:46.010+0000] {processor.py:753} INFO - DAG(s) dict_keys(['latest_only_with_trigger']) retrieved from /home/airflow/.local/lib/python3.9/site-packages/airflow/example_dags/example_latest_only_with_trigger.py
[2025-05-13T02:46:46.058+0000] {logging_mixin.py:137} INFO - [2025-05-13T02:46:46.058+0000] {dag.py:2676} INFO - Sync 1 DAGs
[2025-05-13T02:46:46.087+0000] {logging_mixin.py:137} INFO - [2025-05-13T02:46:46.086+0000] {dag.py:3423} INFO - Setting next_dagrun for latest_only_with_trigger to 2025-05-12T22:46:46.086621+00:00, run_after=2025-05-13T02:46:46.086621+00:00
[2025-05-13T02:46:46.109+0000] {processor.py:175} INFO - Processing /home/airflow/.local/lib/python3.9/site-packages/airflow/example_dags/example_latest_only_with_trigger.py took 0.130 seconds
[2025-05-13T02:47:16.504+0000] {processor.py:153} INFO - Started process (PID=900) to work on /home/airflow/.local/lib/python3.9/site-packages/airflow/example_dags/example_latest_only_with_trigger.py
[2025-05-13T02:47:16.506+0000] {processor.py:743} INFO - Processing file /home/airflow/.local/lib/python3.9/site-packages/airflow/example_dags/example_latest_only_with_trigger.py for tasks to queue
[2025-05-13T02:47:16.507+0000] {logging_mixin.py:137} INFO - [2025-05-13T02:47:16.507+0000] {dagbag.py:538} INFO - Filling up the DagBag from /home/airflow/.local/lib/python3.9/site-packages/airflow/example_dags/example_latest_only_with_trigger.py
[2025-05-13T02:47:16.527+0000] {processor.py:753} INFO - DAG(s) dict_keys(['latest_only_with_trigger']) retrieved from /home/airflow/.local/lib/python3.9/site-packages/airflow/example_dags/example_latest_only_with_trigger.py
[2025-05-13T02:47:16.590+0000] {logging_mixin.py:137} INFO - [2025-05-13T02:47:16.590+0000] {dag.py:2676} INFO - Sync 1 DAGs
[2025-05-13T02:47:16.622+0000] {logging_mixin.py:137} INFO - [2025-05-13T02:47:16.621+0000] {dag.py:3423} INFO - Setting next_dagrun for latest_only_with_trigger to 2025-05-12T22:47:16.621560+00:00, run_after=2025-05-13T02:47:16.621560+00:00
[2025-05-13T02:47:16.649+0000] {processor.py:175} INFO - Processing /home/airflow/.local/lib/python3.9/site-packages/airflow/example_dags/example_latest_only_with_trigger.py took 0.151 seconds
[2025-05-13T02:47:46.835+0000] {processor.py:153} INFO - Started process (PID=1103) to work on /home/airflow/.local/lib/python3.9/site-packages/airflow/example_dags/example_latest_only_with_trigger.py
[2025-05-13T02:47:46.837+0000] {processor.py:743} INFO - Processing file /home/airflow/.local/lib/python3.9/site-packages/airflow/example_dags/example_latest_only_with_trigger.py for tasks to queue
[2025-05-13T02:47:46.838+0000] {logging_mixin.py:137} INFO - [2025-05-13T02:47:46.837+0000] {dagbag.py:538} INFO - Filling up the DagBag from /home/airflow/.local/lib/python3.9/site-packages/airflow/example_dags/example_latest_only_with_trigger.py
[2025-05-13T02:47:46.857+0000] {processor.py:753} INFO - DAG(s) dict_keys(['latest_only_with_trigger']) retrieved from /home/airflow/.local/lib/python3.9/site-packages/airflow/example_dags/example_latest_only_with_trigger.py
[2025-05-13T02:47:46.905+0000] {logging_mixin.py:137} INFO - [2025-05-13T02:47:46.905+0000] {dag.py:2676} INFO - Sync 1 DAGs
[2025-05-13T02:47:46.933+0000] {logging_mixin.py:137} INFO - [2025-05-13T02:47:46.933+0000] {dag.py:3423} INFO - Setting next_dagrun for latest_only_with_trigger to 2025-05-12T22:47:46.932932+00:00, run_after=2025-05-13T02:47:46.932932+00:00
[2025-05-13T02:47:46.957+0000] {processor.py:175} INFO - Processing /home/airflow/.local/lib/python3.9/site-packages/airflow/example_dags/example_latest_only_with_trigger.py took 0.126 seconds
[2025-05-13T02:49:32.522+0000] {processor.py:153} INFO - Started process (PID=312) to work on /home/airflow/.local/lib/python3.9/site-packages/airflow/example_dags/example_latest_only_with_trigger.py
[2025-05-13T02:49:32.524+0000] {processor.py:743} INFO - Processing file /home/airflow/.local/lib/python3.9/site-packages/airflow/example_dags/example_latest_only_with_trigger.py for tasks to queue
[2025-05-13T02:49:32.529+0000] {logging_mixin.py:137} INFO - [2025-05-13T02:49:32.528+0000] {dagbag.py:538} INFO - Filling up the DagBag from /home/airflow/.local/lib/python3.9/site-packages/airflow/example_dags/example_latest_only_with_trigger.py
[2025-05-13T02:49:32.554+0000] {processor.py:753} INFO - DAG(s) dict_keys(['latest_only_with_trigger']) retrieved from /home/airflow/.local/lib/python3.9/site-packages/airflow/example_dags/example_latest_only_with_trigger.py
[2025-05-13T02:49:32.614+0000] {logging_mixin.py:137} INFO - [2025-05-13T02:49:32.613+0000] {dag.py:2676} INFO - Sync 1 DAGs
[2025-05-13T02:49:32.660+0000] {logging_mixin.py:137} INFO - [2025-05-13T02:49:32.660+0000] {dag.py:3423} INFO - Setting next_dagrun for latest_only_with_trigger to 2025-05-12T22:49:32.659820+00:00, run_after=2025-05-13T02:49:32.659820+00:00
[2025-05-13T02:49:32.744+0000] {processor.py:175} INFO - Processing /home/airflow/.local/lib/python3.9/site-packages/airflow/example_dags/example_latest_only_with_trigger.py took 0.227 seconds
[2025-05-13T02:50:03.237+0000] {processor.py:153} INFO - Started process (PID=515) to work on /home/airflow/.local/lib/python3.9/site-packages/airflow/example_dags/example_latest_only_with_trigger.py
[2025-05-13T02:50:03.239+0000] {processor.py:743} INFO - Processing file /home/airflow/.local/lib/python3.9/site-packages/airflow/example_dags/example_latest_only_with_trigger.py for tasks to queue
[2025-05-13T02:50:03.240+0000] {logging_mixin.py:137} INFO - [2025-05-13T02:50:03.240+0000] {dagbag.py:538} INFO - Filling up the DagBag from /home/airflow/.local/lib/python3.9/site-packages/airflow/example_dags/example_latest_only_with_trigger.py
[2025-05-13T02:50:03.261+0000] {processor.py:753} INFO - DAG(s) dict_keys(['latest_only_with_trigger']) retrieved from /home/airflow/.local/lib/python3.9/site-packages/airflow/example_dags/example_latest_only_with_trigger.py
[2025-05-13T02:50:03.319+0000] {logging_mixin.py:137} INFO - [2025-05-13T02:50:03.318+0000] {dag.py:2676} INFO - Sync 1 DAGs
[2025-05-13T02:50:03.350+0000] {logging_mixin.py:137} INFO - [2025-05-13T02:50:03.350+0000] {dag.py:3423} INFO - Setting next_dagrun for latest_only_with_trigger to 2025-05-12T22:50:03.349947+00:00, run_after=2025-05-13T02:50:03.349947+00:00
[2025-05-13T02:50:03.377+0000] {processor.py:175} INFO - Processing /home/airflow/.local/lib/python3.9/site-packages/airflow/example_dags/example_latest_only_with_trigger.py took 0.145 seconds
[2025-05-13T02:50:33.575+0000] {processor.py:153} INFO - Started process (PID=712) to work on /home/airflow/.local/lib/python3.9/site-packages/airflow/example_dags/example_latest_only_with_trigger.py
[2025-05-13T02:50:33.576+0000] {processor.py:743} INFO - Processing file /home/airflow/.local/lib/python3.9/site-packages/airflow/example_dags/example_latest_only_with_trigger.py for tasks to queue
[2025-05-13T02:50:33.577+0000] {logging_mixin.py:137} INFO - [2025-05-13T02:50:33.577+0000] {dagbag.py:538} INFO - Filling up the DagBag from /home/airflow/.local/lib/python3.9/site-packages/airflow/example_dags/example_latest_only_with_trigger.py
[2025-05-13T02:50:33.612+0000] {processor.py:753} INFO - DAG(s) dict_keys(['latest_only_with_trigger']) retrieved from /home/airflow/.local/lib/python3.9/site-packages/airflow/example_dags/example_latest_only_with_trigger.py
[2025-05-13T02:50:33.688+0000] {logging_mixin.py:137} INFO - [2025-05-13T02:50:33.688+0000] {dag.py:2676} INFO - Sync 1 DAGs
[2025-05-13T02:50:33.723+0000] {logging_mixin.py:137} INFO - [2025-05-13T02:50:33.722+0000] {dag.py:3423} INFO - Setting next_dagrun for latest_only_with_trigger to 2025-05-12T22:50:33.722602+00:00, run_after=2025-05-13T02:50:33.722602+00:00
[2025-05-13T02:50:33.750+0000] {processor.py:175} INFO - Processing /home/airflow/.local/lib/python3.9/site-packages/airflow/example_dags/example_latest_only_with_trigger.py took 0.180 seconds
[2025-05-13T21:18:29.317+0000] {processor.py:153} INFO - Started process (PID=297) to work on /home/airflow/.local/lib/python3.9/site-packages/airflow/example_dags/example_latest_only_with_trigger.py
[2025-05-13T21:18:29.318+0000] {processor.py:743} INFO - Processing file /home/airflow/.local/lib/python3.9/site-packages/airflow/example_dags/example_latest_only_with_trigger.py for tasks to queue
[2025-05-13T21:18:29.320+0000] {logging_mixin.py:137} INFO - [2025-05-13T21:18:29.319+0000] {dagbag.py:538} INFO - Filling up the DagBag from /home/airflow/.local/lib/python3.9/site-packages/airflow/example_dags/example_latest_only_with_trigger.py
[2025-05-13T21:18:29.345+0000] {processor.py:753} INFO - DAG(s) dict_keys(['latest_only_with_trigger']) retrieved from /home/airflow/.local/lib/python3.9/site-packages/airflow/example_dags/example_latest_only_with_trigger.py
[2025-05-13T21:18:29.503+0000] {logging_mixin.py:137} INFO - [2025-05-13T21:18:29.503+0000] {manager.py:504} INFO - Created Permission View: can edit on DAG:latest_only_with_trigger
[2025-05-13T21:18:29.517+0000] {logging_mixin.py:137} INFO - [2025-05-13T21:18:29.517+0000] {manager.py:504} INFO - Created Permission View: can delete on DAG:latest_only_with_trigger
[2025-05-13T21:18:29.527+0000] {logging_mixin.py:137} INFO - [2025-05-13T21:18:29.527+0000] {manager.py:504} INFO - Created Permission View: can read on DAG:latest_only_with_trigger
[2025-05-13T21:18:29.530+0000] {logging_mixin.py:137} INFO - [2025-05-13T21:18:29.530+0000] {dag.py:2676} INFO - Sync 1 DAGs
[2025-05-13T21:18:29.543+0000] {logging_mixin.py:137} INFO - [2025-05-13T21:18:29.543+0000] {dag.py:2697} INFO - Creating ORM DAG for latest_only_with_trigger
[2025-05-13T21:18:29.555+0000] {logging_mixin.py:137} INFO - [2025-05-13T21:18:29.555+0000] {dag.py:3423} INFO - Setting next_dagrun for latest_only_with_trigger to 2025-05-13T17:18:29.554769+00:00, run_after=2025-05-13T21:18:29.554769+00:00
[2025-05-13T21:18:29.582+0000] {processor.py:175} INFO - Processing /home/airflow/.local/lib/python3.9/site-packages/airflow/example_dags/example_latest_only_with_trigger.py took 0.269 seconds
[2025-05-13T21:18:59.662+0000] {processor.py:153} INFO - Started process (PID=495) to work on /home/airflow/.local/lib/python3.9/site-packages/airflow/example_dags/example_latest_only_with_trigger.py
[2025-05-13T21:18:59.663+0000] {processor.py:743} INFO - Processing file /home/airflow/.local/lib/python3.9/site-packages/airflow/example_dags/example_latest_only_with_trigger.py for tasks to queue
[2025-05-13T21:18:59.665+0000] {logging_mixin.py:137} INFO - [2025-05-13T21:18:59.664+0000] {dagbag.py:538} INFO - Filling up the DagBag from /home/airflow/.local/lib/python3.9/site-packages/airflow/example_dags/example_latest_only_with_trigger.py
[2025-05-13T21:18:59.687+0000] {processor.py:753} INFO - DAG(s) dict_keys(['latest_only_with_trigger']) retrieved from /home/airflow/.local/lib/python3.9/site-packages/airflow/example_dags/example_latest_only_with_trigger.py
[2025-05-13T21:18:59.739+0000] {logging_mixin.py:137} INFO - [2025-05-13T21:18:59.738+0000] {dag.py:2676} INFO - Sync 1 DAGs
[2025-05-13T21:18:59.767+0000] {logging_mixin.py:137} INFO - [2025-05-13T21:18:59.767+0000] {dag.py:3423} INFO - Setting next_dagrun for latest_only_with_trigger to 2025-05-13T17:18:59.767043+00:00, run_after=2025-05-13T21:18:59.767043+00:00
[2025-05-13T21:18:59.793+0000] {processor.py:175} INFO - Processing /home/airflow/.local/lib/python3.9/site-packages/airflow/example_dags/example_latest_only_with_trigger.py took 0.136 seconds
[2025-05-13T21:19:29.963+0000] {processor.py:153} INFO - Started process (PID=694) to work on /home/airflow/.local/lib/python3.9/site-packages/airflow/example_dags/example_latest_only_with_trigger.py
[2025-05-13T21:19:29.965+0000] {processor.py:743} INFO - Processing file /home/airflow/.local/lib/python3.9/site-packages/airflow/example_dags/example_latest_only_with_trigger.py for tasks to queue
[2025-05-13T21:19:29.966+0000] {logging_mixin.py:137} INFO - [2025-05-13T21:19:29.966+0000] {dagbag.py:538} INFO - Filling up the DagBag from /home/airflow/.local/lib/python3.9/site-packages/airflow/example_dags/example_latest_only_with_trigger.py
[2025-05-13T21:19:29.987+0000] {processor.py:753} INFO - DAG(s) dict_keys(['latest_only_with_trigger']) retrieved from /home/airflow/.local/lib/python3.9/site-packages/airflow/example_dags/example_latest_only_with_trigger.py
[2025-05-13T21:19:30.042+0000] {logging_mixin.py:137} INFO - [2025-05-13T21:19:30.042+0000] {dag.py:2676} INFO - Sync 1 DAGs
[2025-05-13T21:19:30.075+0000] {logging_mixin.py:137} INFO - [2025-05-13T21:19:30.075+0000] {dag.py:3423} INFO - Setting next_dagrun for latest_only_with_trigger to 2025-05-13T17:19:30.074951+00:00, run_after=2025-05-13T21:19:30.074951+00:00
[2025-05-13T21:19:30.102+0000] {processor.py:175} INFO - Processing /home/airflow/.local/lib/python3.9/site-packages/airflow/example_dags/example_latest_only_with_trigger.py took 0.143 seconds
[2025-05-13T21:20:00.793+0000] {processor.py:153} INFO - Started process (PID=900) to work on /home/airflow/.local/lib/python3.9/site-packages/airflow/example_dags/example_latest_only_with_trigger.py
[2025-05-13T21:20:00.796+0000] {processor.py:743} INFO - Processing file /home/airflow/.local/lib/python3.9/site-packages/airflow/example_dags/example_latest_only_with_trigger.py for tasks to queue
[2025-05-13T21:20:00.800+0000] {logging_mixin.py:137} INFO - [2025-05-13T21:20:00.799+0000] {dagbag.py:538} INFO - Filling up the DagBag from /home/airflow/.local/lib/python3.9/site-packages/airflow/example_dags/example_latest_only_with_trigger.py
[2025-05-13T21:20:00.843+0000] {processor.py:753} INFO - DAG(s) dict_keys(['latest_only_with_trigger']) retrieved from /home/airflow/.local/lib/python3.9/site-packages/airflow/example_dags/example_latest_only_with_trigger.py
[2025-05-13T21:20:00.938+0000] {logging_mixin.py:137} INFO - [2025-05-13T21:20:00.938+0000] {dag.py:2676} INFO - Sync 1 DAGs
[2025-05-13T21:20:00.994+0000] {logging_mixin.py:137} INFO - [2025-05-13T21:20:00.994+0000] {dag.py:3423} INFO - Setting next_dagrun for latest_only_with_trigger to 2025-05-13T17:20:00.993923+00:00, run_after=2025-05-13T21:20:00.993923+00:00
[2025-05-13T21:20:01.035+0000] {processor.py:175} INFO - Processing /home/airflow/.local/lib/python3.9/site-packages/airflow/example_dags/example_latest_only_with_trigger.py took 0.250 seconds
[2025-05-13T21:20:31.142+0000] {processor.py:153} INFO - Started process (PID=1103) to work on /home/airflow/.local/lib/python3.9/site-packages/airflow/example_dags/example_latest_only_with_trigger.py
[2025-05-13T21:20:31.143+0000] {processor.py:743} INFO - Processing file /home/airflow/.local/lib/python3.9/site-packages/airflow/example_dags/example_latest_only_with_trigger.py for tasks to queue
[2025-05-13T21:20:31.144+0000] {logging_mixin.py:137} INFO - [2025-05-13T21:20:31.144+0000] {dagbag.py:538} INFO - Filling up the DagBag from /home/airflow/.local/lib/python3.9/site-packages/airflow/example_dags/example_latest_only_with_trigger.py
[2025-05-13T21:20:31.166+0000] {processor.py:753} INFO - DAG(s) dict_keys(['latest_only_with_trigger']) retrieved from /home/airflow/.local/lib/python3.9/site-packages/airflow/example_dags/example_latest_only_with_trigger.py
[2025-05-13T21:20:31.224+0000] {logging_mixin.py:137} INFO - [2025-05-13T21:20:31.224+0000] {dag.py:2676} INFO - Sync 1 DAGs
[2025-05-13T21:20:31.255+0000] {logging_mixin.py:137} INFO - [2025-05-13T21:20:31.254+0000] {dag.py:3423} INFO - Setting next_dagrun for latest_only_with_trigger to 2025-05-13T17:20:31.254438+00:00, run_after=2025-05-13T21:20:31.254438+00:00
[2025-05-13T21:20:31.293+0000] {processor.py:175} INFO - Processing /home/airflow/.local/lib/python3.9/site-packages/airflow/example_dags/example_latest_only_with_trigger.py took 0.157 seconds
[2025-05-13T21:21:02.152+0000] {processor.py:153} INFO - Started process (PID=1309) to work on /home/airflow/.local/lib/python3.9/site-packages/airflow/example_dags/example_latest_only_with_trigger.py
[2025-05-13T21:21:02.154+0000] {processor.py:743} INFO - Processing file /home/airflow/.local/lib/python3.9/site-packages/airflow/example_dags/example_latest_only_with_trigger.py for tasks to queue
[2025-05-13T21:21:02.156+0000] {logging_mixin.py:137} INFO - [2025-05-13T21:21:02.155+0000] {dagbag.py:538} INFO - Filling up the DagBag from /home/airflow/.local/lib/python3.9/site-packages/airflow/example_dags/example_latest_only_with_trigger.py
[2025-05-13T21:21:02.180+0000] {processor.py:753} INFO - DAG(s) dict_keys(['latest_only_with_trigger']) retrieved from /home/airflow/.local/lib/python3.9/site-packages/airflow/example_dags/example_latest_only_with_trigger.py
[2025-05-13T21:21:02.244+0000] {logging_mixin.py:137} INFO - [2025-05-13T21:21:02.243+0000] {dag.py:2676} INFO - Sync 1 DAGs
[2025-05-13T21:21:02.277+0000] {logging_mixin.py:137} INFO - [2025-05-13T21:21:02.277+0000] {dag.py:3423} INFO - Setting next_dagrun for latest_only_with_trigger to 2025-05-13T17:21:02.277503+00:00, run_after=2025-05-13T21:21:02.277503+00:00
[2025-05-13T21:21:02.311+0000] {processor.py:175} INFO - Processing /home/airflow/.local/lib/python3.9/site-packages/airflow/example_dags/example_latest_only_with_trigger.py took 0.165 seconds
[2025-05-13T21:21:32.652+0000] {processor.py:153} INFO - Started process (PID=1512) to work on /home/airflow/.local/lib/python3.9/site-packages/airflow/example_dags/example_latest_only_with_trigger.py
[2025-05-13T21:21:32.654+0000] {processor.py:743} INFO - Processing file /home/airflow/.local/lib/python3.9/site-packages/airflow/example_dags/example_latest_only_with_trigger.py for tasks to queue
[2025-05-13T21:21:32.655+0000] {logging_mixin.py:137} INFO - [2025-05-13T21:21:32.655+0000] {dagbag.py:538} INFO - Filling up the DagBag from /home/airflow/.local/lib/python3.9/site-packages/airflow/example_dags/example_latest_only_with_trigger.py
[2025-05-13T21:21:32.677+0000] {processor.py:753} INFO - DAG(s) dict_keys(['latest_only_with_trigger']) retrieved from /home/airflow/.local/lib/python3.9/site-packages/airflow/example_dags/example_latest_only_with_trigger.py
[2025-05-13T21:21:32.733+0000] {logging_mixin.py:137} INFO - [2025-05-13T21:21:32.733+0000] {dag.py:2676} INFO - Sync 1 DAGs
[2025-05-13T21:21:32.771+0000] {logging_mixin.py:137} INFO - [2025-05-13T21:21:32.771+0000] {dag.py:3423} INFO - Setting next_dagrun for latest_only_with_trigger to 2025-05-13T17:21:32.770688+00:00, run_after=2025-05-13T21:21:32.770688+00:00
[2025-05-13T21:21:32.800+0000] {processor.py:175} INFO - Processing /home/airflow/.local/lib/python3.9/site-packages/airflow/example_dags/example_latest_only_with_trigger.py took 0.152 seconds
[2025-05-13T21:22:03.422+0000] {processor.py:153} INFO - Started process (PID=1715) to work on /home/airflow/.local/lib/python3.9/site-packages/airflow/example_dags/example_latest_only_with_trigger.py
[2025-05-13T21:22:03.423+0000] {processor.py:743} INFO - Processing file /home/airflow/.local/lib/python3.9/site-packages/airflow/example_dags/example_latest_only_with_trigger.py for tasks to queue
[2025-05-13T21:22:03.424+0000] {logging_mixin.py:137} INFO - [2025-05-13T21:22:03.424+0000] {dagbag.py:538} INFO - Filling up the DagBag from /home/airflow/.local/lib/python3.9/site-packages/airflow/example_dags/example_latest_only_with_trigger.py
[2025-05-13T21:22:03.444+0000] {processor.py:753} INFO - DAG(s) dict_keys(['latest_only_with_trigger']) retrieved from /home/airflow/.local/lib/python3.9/site-packages/airflow/example_dags/example_latest_only_with_trigger.py
[2025-05-13T21:22:03.498+0000] {logging_mixin.py:137} INFO - [2025-05-13T21:22:03.498+0000] {dag.py:2676} INFO - Sync 1 DAGs
[2025-05-13T21:22:03.547+0000] {logging_mixin.py:137} INFO - [2025-05-13T21:22:03.547+0000] {dag.py:3423} INFO - Setting next_dagrun for latest_only_with_trigger to 2025-05-13T17:22:03.546569+00:00, run_after=2025-05-13T21:22:03.546569+00:00
[2025-05-13T21:22:03.597+0000] {processor.py:175} INFO - Processing /home/airflow/.local/lib/python3.9/site-packages/airflow/example_dags/example_latest_only_with_trigger.py took 0.179 seconds
[2025-05-13T21:22:33.981+0000] {processor.py:153} INFO - Started process (PID=1918) to work on /home/airflow/.local/lib/python3.9/site-packages/airflow/example_dags/example_latest_only_with_trigger.py
[2025-05-13T21:22:33.983+0000] {processor.py:743} INFO - Processing file /home/airflow/.local/lib/python3.9/site-packages/airflow/example_dags/example_latest_only_with_trigger.py for tasks to queue
[2025-05-13T21:22:33.984+0000] {logging_mixin.py:137} INFO - [2025-05-13T21:22:33.984+0000] {dagbag.py:538} INFO - Filling up the DagBag from /home/airflow/.local/lib/python3.9/site-packages/airflow/example_dags/example_latest_only_with_trigger.py
[2025-05-13T21:22:34.004+0000] {processor.py:753} INFO - DAG(s) dict_keys(['latest_only_with_trigger']) retrieved from /home/airflow/.local/lib/python3.9/site-packages/airflow/example_dags/example_latest_only_with_trigger.py
[2025-05-13T21:22:34.057+0000] {logging_mixin.py:137} INFO - [2025-05-13T21:22:34.056+0000] {dag.py:2676} INFO - Sync 1 DAGs
[2025-05-13T21:22:34.086+0000] {logging_mixin.py:137} INFO - [2025-05-13T21:22:34.086+0000] {dag.py:3423} INFO - Setting next_dagrun for latest_only_with_trigger to 2025-05-13T17:22:34.085841+00:00, run_after=2025-05-13T21:22:34.085841+00:00
[2025-05-13T21:22:34.114+0000] {processor.py:175} INFO - Processing /home/airflow/.local/lib/python3.9/site-packages/airflow/example_dags/example_latest_only_with_trigger.py took 0.137 seconds
[2025-05-13T21:23:04.451+0000] {processor.py:153} INFO - Started process (PID=2121) to work on /home/airflow/.local/lib/python3.9/site-packages/airflow/example_dags/example_latest_only_with_trigger.py
[2025-05-13T21:23:04.453+0000] {processor.py:743} INFO - Processing file /home/airflow/.local/lib/python3.9/site-packages/airflow/example_dags/example_latest_only_with_trigger.py for tasks to queue
[2025-05-13T21:23:04.456+0000] {logging_mixin.py:137} INFO - [2025-05-13T21:23:04.456+0000] {dagbag.py:538} INFO - Filling up the DagBag from /home/airflow/.local/lib/python3.9/site-packages/airflow/example_dags/example_latest_only_with_trigger.py
[2025-05-13T21:23:04.478+0000] {processor.py:753} INFO - DAG(s) dict_keys(['latest_only_with_trigger']) retrieved from /home/airflow/.local/lib/python3.9/site-packages/airflow/example_dags/example_latest_only_with_trigger.py
[2025-05-13T21:23:04.537+0000] {logging_mixin.py:137} INFO - [2025-05-13T21:23:04.537+0000] {dag.py:2676} INFO - Sync 1 DAGs
[2025-05-13T21:23:04.567+0000] {logging_mixin.py:137} INFO - [2025-05-13T21:23:04.567+0000] {dag.py:3423} INFO - Setting next_dagrun for latest_only_with_trigger to 2025-05-13T17:23:04.567110+00:00, run_after=2025-05-13T21:23:04.567110+00:00
[2025-05-13T21:23:04.599+0000] {processor.py:175} INFO - Processing /home/airflow/.local/lib/python3.9/site-packages/airflow/example_dags/example_latest_only_with_trigger.py took 0.152 seconds
[2025-05-13T21:23:35.016+0000] {processor.py:153} INFO - Started process (PID=2324) to work on /home/airflow/.local/lib/python3.9/site-packages/airflow/example_dags/example_latest_only_with_trigger.py
[2025-05-13T21:23:35.017+0000] {processor.py:743} INFO - Processing file /home/airflow/.local/lib/python3.9/site-packages/airflow/example_dags/example_latest_only_with_trigger.py for tasks to queue
[2025-05-13T21:23:35.018+0000] {logging_mixin.py:137} INFO - [2025-05-13T21:23:35.018+0000] {dagbag.py:538} INFO - Filling up the DagBag from /home/airflow/.local/lib/python3.9/site-packages/airflow/example_dags/example_latest_only_with_trigger.py
[2025-05-13T21:23:35.037+0000] {processor.py:753} INFO - DAG(s) dict_keys(['latest_only_with_trigger']) retrieved from /home/airflow/.local/lib/python3.9/site-packages/airflow/example_dags/example_latest_only_with_trigger.py
[2025-05-13T21:23:35.090+0000] {logging_mixin.py:137} INFO - [2025-05-13T21:23:35.090+0000] {dag.py:2676} INFO - Sync 1 DAGs
[2025-05-13T21:23:35.122+0000] {logging_mixin.py:137} INFO - [2025-05-13T21:23:35.122+0000] {dag.py:3423} INFO - Setting next_dagrun for latest_only_with_trigger to 2025-05-13T17:23:35.121912+00:00, run_after=2025-05-13T21:23:35.121912+00:00
[2025-05-13T21:23:35.144+0000] {processor.py:175} INFO - Processing /home/airflow/.local/lib/python3.9/site-packages/airflow/example_dags/example_latest_only_with_trigger.py took 0.133 seconds
[2025-05-13T21:24:05.687+0000] {processor.py:153} INFO - Started process (PID=2527) to work on /home/airflow/.local/lib/python3.9/site-packages/airflow/example_dags/example_latest_only_with_trigger.py
[2025-05-13T21:24:05.688+0000] {processor.py:743} INFO - Processing file /home/airflow/.local/lib/python3.9/site-packages/airflow/example_dags/example_latest_only_with_trigger.py for tasks to queue
[2025-05-13T21:24:05.690+0000] {logging_mixin.py:137} INFO - [2025-05-13T21:24:05.689+0000] {dagbag.py:538} INFO - Filling up the DagBag from /home/airflow/.local/lib/python3.9/site-packages/airflow/example_dags/example_latest_only_with_trigger.py
[2025-05-13T21:24:05.708+0000] {processor.py:753} INFO - DAG(s) dict_keys(['latest_only_with_trigger']) retrieved from /home/airflow/.local/lib/python3.9/site-packages/airflow/example_dags/example_latest_only_with_trigger.py
[2025-05-13T21:24:05.756+0000] {logging_mixin.py:137} INFO - [2025-05-13T21:24:05.756+0000] {dag.py:2676} INFO - Sync 1 DAGs
[2025-05-13T21:24:05.782+0000] {logging_mixin.py:137} INFO - [2025-05-13T21:24:05.782+0000] {dag.py:3423} INFO - Setting next_dagrun for latest_only_with_trigger to 2025-05-13T17:24:05.782427+00:00, run_after=2025-05-13T21:24:05.782427+00:00
[2025-05-13T21:24:05.802+0000] {processor.py:175} INFO - Processing /home/airflow/.local/lib/python3.9/site-packages/airflow/example_dags/example_latest_only_with_trigger.py took 0.120 seconds
[2025-05-13T21:24:36.551+0000] {processor.py:153} INFO - Started process (PID=2730) to work on /home/airflow/.local/lib/python3.9/site-packages/airflow/example_dags/example_latest_only_with_trigger.py
[2025-05-13T21:24:36.552+0000] {processor.py:743} INFO - Processing file /home/airflow/.local/lib/python3.9/site-packages/airflow/example_dags/example_latest_only_with_trigger.py for tasks to queue
[2025-05-13T21:24:36.553+0000] {logging_mixin.py:137} INFO - [2025-05-13T21:24:36.553+0000] {dagbag.py:538} INFO - Filling up the DagBag from /home/airflow/.local/lib/python3.9/site-packages/airflow/example_dags/example_latest_only_with_trigger.py
[2025-05-13T21:24:36.581+0000] {processor.py:753} INFO - DAG(s) dict_keys(['latest_only_with_trigger']) retrieved from /home/airflow/.local/lib/python3.9/site-packages/airflow/example_dags/example_latest_only_with_trigger.py
[2025-05-13T21:24:36.639+0000] {logging_mixin.py:137} INFO - [2025-05-13T21:24:36.639+0000] {dag.py:2676} INFO - Sync 1 DAGs
[2025-05-13T21:24:36.670+0000] {logging_mixin.py:137} INFO - [2025-05-13T21:24:36.670+0000] {dag.py:3423} INFO - Setting next_dagrun for latest_only_with_trigger to 2025-05-13T17:24:36.669848+00:00, run_after=2025-05-13T21:24:36.669848+00:00
[2025-05-13T21:24:36.697+0000] {processor.py:175} INFO - Processing /home/airflow/.local/lib/python3.9/site-packages/airflow/example_dags/example_latest_only_with_trigger.py took 0.151 seconds
[2025-05-13T21:25:06.814+0000] {processor.py:153} INFO - Started process (PID=2929) to work on /home/airflow/.local/lib/python3.9/site-packages/airflow/example_dags/example_latest_only_with_trigger.py
[2025-05-13T21:25:06.815+0000] {processor.py:743} INFO - Processing file /home/airflow/.local/lib/python3.9/site-packages/airflow/example_dags/example_latest_only_with_trigger.py for tasks to queue
[2025-05-13T21:25:06.816+0000] {logging_mixin.py:137} INFO - [2025-05-13T21:25:06.816+0000] {dagbag.py:538} INFO - Filling up the DagBag from /home/airflow/.local/lib/python3.9/site-packages/airflow/example_dags/example_latest_only_with_trigger.py
[2025-05-13T21:25:06.834+0000] {processor.py:753} INFO - DAG(s) dict_keys(['latest_only_with_trigger']) retrieved from /home/airflow/.local/lib/python3.9/site-packages/airflow/example_dags/example_latest_only_with_trigger.py
[2025-05-13T21:25:06.878+0000] {logging_mixin.py:137} INFO - [2025-05-13T21:25:06.878+0000] {dag.py:2676} INFO - Sync 1 DAGs
[2025-05-13T21:25:06.904+0000] {logging_mixin.py:137} INFO - [2025-05-13T21:25:06.904+0000] {dag.py:3423} INFO - Setting next_dagrun for latest_only_with_trigger to 2025-05-13T17:25:06.904173+00:00, run_after=2025-05-13T21:25:06.904173+00:00
[2025-05-13T21:25:06.925+0000] {processor.py:175} INFO - Processing /home/airflow/.local/lib/python3.9/site-packages/airflow/example_dags/example_latest_only_with_trigger.py took 0.115 seconds
[2025-05-13T21:25:37.409+0000] {processor.py:153} INFO - Started process (PID=3130) to work on /home/airflow/.local/lib/python3.9/site-packages/airflow/example_dags/example_latest_only_with_trigger.py
[2025-05-13T21:25:37.410+0000] {processor.py:743} INFO - Processing file /home/airflow/.local/lib/python3.9/site-packages/airflow/example_dags/example_latest_only_with_trigger.py for tasks to queue
[2025-05-13T21:25:37.411+0000] {logging_mixin.py:137} INFO - [2025-05-13T21:25:37.411+0000] {dagbag.py:538} INFO - Filling up the DagBag from /home/airflow/.local/lib/python3.9/site-packages/airflow/example_dags/example_latest_only_with_trigger.py
[2025-05-13T21:25:37.431+0000] {processor.py:753} INFO - DAG(s) dict_keys(['latest_only_with_trigger']) retrieved from /home/airflow/.local/lib/python3.9/site-packages/airflow/example_dags/example_latest_only_with_trigger.py
[2025-05-13T21:25:37.536+0000] {logging_mixin.py:137} INFO - [2025-05-13T21:25:37.536+0000] {dag.py:2676} INFO - Sync 1 DAGs
[2025-05-13T21:25:37.570+0000] {logging_mixin.py:137} INFO - [2025-05-13T21:25:37.570+0000] {dag.py:3423} INFO - Setting next_dagrun for latest_only_with_trigger to 2025-05-13T17:25:37.570266+00:00, run_after=2025-05-13T21:25:37.570266+00:00
[2025-05-13T21:25:37.596+0000] {processor.py:175} INFO - Processing /home/airflow/.local/lib/python3.9/site-packages/airflow/example_dags/example_latest_only_with_trigger.py took 0.191 seconds
[2025-05-13T21:26:07.932+0000] {processor.py:153} INFO - Started process (PID=3345) to work on /home/airflow/.local/lib/python3.9/site-packages/airflow/example_dags/example_latest_only_with_trigger.py
[2025-05-13T21:26:07.934+0000] {processor.py:743} INFO - Processing file /home/airflow/.local/lib/python3.9/site-packages/airflow/example_dags/example_latest_only_with_trigger.py for tasks to queue
[2025-05-13T21:26:07.935+0000] {logging_mixin.py:137} INFO - [2025-05-13T21:26:07.934+0000] {dagbag.py:538} INFO - Filling up the DagBag from /home/airflow/.local/lib/python3.9/site-packages/airflow/example_dags/example_latest_only_with_trigger.py
[2025-05-13T21:26:07.954+0000] {processor.py:753} INFO - DAG(s) dict_keys(['latest_only_with_trigger']) retrieved from /home/airflow/.local/lib/python3.9/site-packages/airflow/example_dags/example_latest_only_with_trigger.py
[2025-05-13T21:26:08.003+0000] {logging_mixin.py:137} INFO - [2025-05-13T21:26:08.002+0000] {dag.py:2676} INFO - Sync 1 DAGs
[2025-05-13T21:26:08.033+0000] {logging_mixin.py:137} INFO - [2025-05-13T21:26:08.033+0000] {dag.py:3423} INFO - Setting next_dagrun for latest_only_with_trigger to 2025-05-13T17:26:08.033263+00:00, run_after=2025-05-13T21:26:08.033263+00:00
[2025-05-13T21:26:08.056+0000] {processor.py:175} INFO - Processing /home/airflow/.local/lib/python3.9/site-packages/airflow/example_dags/example_latest_only_with_trigger.py took 0.128 seconds
[2025-05-13T21:26:38.849+0000] {processor.py:153} INFO - Started process (PID=3548) to work on /home/airflow/.local/lib/python3.9/site-packages/airflow/example_dags/example_latest_only_with_trigger.py
[2025-05-13T21:26:38.850+0000] {processor.py:743} INFO - Processing file /home/airflow/.local/lib/python3.9/site-packages/airflow/example_dags/example_latest_only_with_trigger.py for tasks to queue
[2025-05-13T21:26:38.851+0000] {logging_mixin.py:137} INFO - [2025-05-13T21:26:38.851+0000] {dagbag.py:538} INFO - Filling up the DagBag from /home/airflow/.local/lib/python3.9/site-packages/airflow/example_dags/example_latest_only_with_trigger.py
[2025-05-13T21:26:38.872+0000] {processor.py:753} INFO - DAG(s) dict_keys(['latest_only_with_trigger']) retrieved from /home/airflow/.local/lib/python3.9/site-packages/airflow/example_dags/example_latest_only_with_trigger.py
[2025-05-13T21:26:38.925+0000] {logging_mixin.py:137} INFO - [2025-05-13T21:26:38.925+0000] {dag.py:2676} INFO - Sync 1 DAGs
[2025-05-13T21:26:38.954+0000] {logging_mixin.py:137} INFO - [2025-05-13T21:26:38.954+0000] {dag.py:3423} INFO - Setting next_dagrun for latest_only_with_trigger to 2025-05-13T17:26:38.954260+00:00, run_after=2025-05-13T21:26:38.954260+00:00
[2025-05-13T21:26:38.979+0000] {processor.py:175} INFO - Processing /home/airflow/.local/lib/python3.9/site-packages/airflow/example_dags/example_latest_only_with_trigger.py took 0.134 seconds
[2025-05-13T21:27:09.086+0000] {processor.py:153} INFO - Started process (PID=3751) to work on /home/airflow/.local/lib/python3.9/site-packages/airflow/example_dags/example_latest_only_with_trigger.py
[2025-05-13T21:27:09.088+0000] {processor.py:743} INFO - Processing file /home/airflow/.local/lib/python3.9/site-packages/airflow/example_dags/example_latest_only_with_trigger.py for tasks to queue
[2025-05-13T21:27:09.089+0000] {logging_mixin.py:137} INFO - [2025-05-13T21:27:09.088+0000] {dagbag.py:538} INFO - Filling up the DagBag from /home/airflow/.local/lib/python3.9/site-packages/airflow/example_dags/example_latest_only_with_trigger.py
[2025-05-13T21:27:09.109+0000] {processor.py:753} INFO - DAG(s) dict_keys(['latest_only_with_trigger']) retrieved from /home/airflow/.local/lib/python3.9/site-packages/airflow/example_dags/example_latest_only_with_trigger.py
[2025-05-13T21:27:09.159+0000] {logging_mixin.py:137} INFO - [2025-05-13T21:27:09.159+0000] {dag.py:2676} INFO - Sync 1 DAGs
[2025-05-13T21:27:09.186+0000] {logging_mixin.py:137} INFO - [2025-05-13T21:27:09.186+0000] {dag.py:3423} INFO - Setting next_dagrun for latest_only_with_trigger to 2025-05-13T17:27:09.186439+00:00, run_after=2025-05-13T21:27:09.186439+00:00
[2025-05-13T21:27:09.208+0000] {processor.py:175} INFO - Processing /home/airflow/.local/lib/python3.9/site-packages/airflow/example_dags/example_latest_only_with_trigger.py took 0.126 seconds
[2025-05-13T21:27:39.832+0000] {processor.py:153} INFO - Started process (PID=3954) to work on /home/airflow/.local/lib/python3.9/site-packages/airflow/example_dags/example_latest_only_with_trigger.py
[2025-05-13T21:27:39.833+0000] {processor.py:743} INFO - Processing file /home/airflow/.local/lib/python3.9/site-packages/airflow/example_dags/example_latest_only_with_trigger.py for tasks to queue
[2025-05-13T21:27:39.834+0000] {logging_mixin.py:137} INFO - [2025-05-13T21:27:39.834+0000] {dagbag.py:538} INFO - Filling up the DagBag from /home/airflow/.local/lib/python3.9/site-packages/airflow/example_dags/example_latest_only_with_trigger.py
[2025-05-13T21:27:39.854+0000] {processor.py:753} INFO - DAG(s) dict_keys(['latest_only_with_trigger']) retrieved from /home/airflow/.local/lib/python3.9/site-packages/airflow/example_dags/example_latest_only_with_trigger.py
[2025-05-13T21:27:39.896+0000] {logging_mixin.py:137} INFO - [2025-05-13T21:27:39.896+0000] {dag.py:2676} INFO - Sync 1 DAGs
[2025-05-13T21:27:39.919+0000] {logging_mixin.py:137} INFO - [2025-05-13T21:27:39.919+0000] {dag.py:3423} INFO - Setting next_dagrun for latest_only_with_trigger to 2025-05-13T17:27:39.919293+00:00, run_after=2025-05-13T21:27:39.919293+00:00
[2025-05-13T21:27:39.938+0000] {processor.py:175} INFO - Processing /home/airflow/.local/lib/python3.9/site-packages/airflow/example_dags/example_latest_only_with_trigger.py took 0.111 seconds
[2025-05-13T21:28:10.488+0000] {processor.py:153} INFO - Started process (PID=4157) to work on /home/airflow/.local/lib/python3.9/site-packages/airflow/example_dags/example_latest_only_with_trigger.py
[2025-05-13T21:28:10.489+0000] {processor.py:743} INFO - Processing file /home/airflow/.local/lib/python3.9/site-packages/airflow/example_dags/example_latest_only_with_trigger.py for tasks to queue
[2025-05-13T21:28:10.490+0000] {logging_mixin.py:137} INFO - [2025-05-13T21:28:10.490+0000] {dagbag.py:538} INFO - Filling up the DagBag from /home/airflow/.local/lib/python3.9/site-packages/airflow/example_dags/example_latest_only_with_trigger.py
[2025-05-13T21:28:10.512+0000] {processor.py:753} INFO - DAG(s) dict_keys(['latest_only_with_trigger']) retrieved from /home/airflow/.local/lib/python3.9/site-packages/airflow/example_dags/example_latest_only_with_trigger.py
[2025-05-13T21:28:10.546+0000] {logging_mixin.py:137} INFO - [2025-05-13T21:28:10.546+0000] {dag.py:2676} INFO - Sync 1 DAGs
[2025-05-13T21:28:10.577+0000] {logging_mixin.py:137} INFO - [2025-05-13T21:28:10.577+0000] {dag.py:3423} INFO - Setting next_dagrun for latest_only_with_trigger to 2025-05-13T17:28:10.576927+00:00, run_after=2025-05-13T21:28:10.576927+00:00
[2025-05-13T21:28:10.601+0000] {processor.py:175} INFO - Processing /home/airflow/.local/lib/python3.9/site-packages/airflow/example_dags/example_latest_only_with_trigger.py took 0.118 seconds
[2025-05-13T21:28:41.209+0000] {processor.py:153} INFO - Started process (PID=4360) to work on /home/airflow/.local/lib/python3.9/site-packages/airflow/example_dags/example_latest_only_with_trigger.py
[2025-05-13T21:28:41.210+0000] {processor.py:743} INFO - Processing file /home/airflow/.local/lib/python3.9/site-packages/airflow/example_dags/example_latest_only_with_trigger.py for tasks to queue
[2025-05-13T21:28:41.211+0000] {logging_mixin.py:137} INFO - [2025-05-13T21:28:41.211+0000] {dagbag.py:538} INFO - Filling up the DagBag from /home/airflow/.local/lib/python3.9/site-packages/airflow/example_dags/example_latest_only_with_trigger.py
[2025-05-13T21:28:41.237+0000] {processor.py:753} INFO - DAG(s) dict_keys(['latest_only_with_trigger']) retrieved from /home/airflow/.local/lib/python3.9/site-packages/airflow/example_dags/example_latest_only_with_trigger.py
[2025-05-13T21:28:41.283+0000] {logging_mixin.py:137} INFO - [2025-05-13T21:28:41.283+0000] {dag.py:2676} INFO - Sync 1 DAGs
[2025-05-13T21:28:41.309+0000] {logging_mixin.py:137} INFO - [2025-05-13T21:28:41.308+0000] {dag.py:3423} INFO - Setting next_dagrun for latest_only_with_trigger to 2025-05-13T17:28:41.308689+00:00, run_after=2025-05-13T21:28:41.308689+00:00
[2025-05-13T21:28:41.329+0000] {processor.py:175} INFO - Processing /home/airflow/.local/lib/python3.9/site-packages/airflow/example_dags/example_latest_only_with_trigger.py took 0.125 seconds
[2025-05-13T21:29:12.127+0000] {processor.py:153} INFO - Started process (PID=4563) to work on /home/airflow/.local/lib/python3.9/site-packages/airflow/example_dags/example_latest_only_with_trigger.py
[2025-05-13T21:29:12.128+0000] {processor.py:743} INFO - Processing file /home/airflow/.local/lib/python3.9/site-packages/airflow/example_dags/example_latest_only_with_trigger.py for tasks to queue
[2025-05-13T21:29:12.129+0000] {logging_mixin.py:137} INFO - [2025-05-13T21:29:12.129+0000] {dagbag.py:538} INFO - Filling up the DagBag from /home/airflow/.local/lib/python3.9/site-packages/airflow/example_dags/example_latest_only_with_trigger.py
[2025-05-13T21:29:12.151+0000] {processor.py:753} INFO - DAG(s) dict_keys(['latest_only_with_trigger']) retrieved from /home/airflow/.local/lib/python3.9/site-packages/airflow/example_dags/example_latest_only_with_trigger.py
[2025-05-13T21:29:12.190+0000] {logging_mixin.py:137} INFO - [2025-05-13T21:29:12.190+0000] {dag.py:2676} INFO - Sync 1 DAGs
[2025-05-13T21:29:12.212+0000] {logging_mixin.py:137} INFO - [2025-05-13T21:29:12.212+0000] {dag.py:3423} INFO - Setting next_dagrun for latest_only_with_trigger to 2025-05-13T17:29:12.212069+00:00, run_after=2025-05-13T21:29:12.212069+00:00
[2025-05-13T21:29:12.230+0000] {processor.py:175} INFO - Processing /home/airflow/.local/lib/python3.9/site-packages/airflow/example_dags/example_latest_only_with_trigger.py took 0.106 seconds
[2025-05-13T21:29:43.086+0000] {processor.py:153} INFO - Started process (PID=4768) to work on /home/airflow/.local/lib/python3.9/site-packages/airflow/example_dags/example_latest_only_with_trigger.py
[2025-05-13T21:29:43.088+0000] {processor.py:743} INFO - Processing file /home/airflow/.local/lib/python3.9/site-packages/airflow/example_dags/example_latest_only_with_trigger.py for tasks to queue
[2025-05-13T21:29:43.089+0000] {logging_mixin.py:137} INFO - [2025-05-13T21:29:43.089+0000] {dagbag.py:538} INFO - Filling up the DagBag from /home/airflow/.local/lib/python3.9/site-packages/airflow/example_dags/example_latest_only_with_trigger.py
[2025-05-13T21:29:43.120+0000] {processor.py:753} INFO - DAG(s) dict_keys(['latest_only_with_trigger']) retrieved from /home/airflow/.local/lib/python3.9/site-packages/airflow/example_dags/example_latest_only_with_trigger.py
[2025-05-13T21:29:43.177+0000] {logging_mixin.py:137} INFO - [2025-05-13T21:29:43.177+0000] {dag.py:2676} INFO - Sync 1 DAGs
[2025-05-13T21:29:43.212+0000] {logging_mixin.py:137} INFO - [2025-05-13T21:29:43.212+0000] {dag.py:3423} INFO - Setting next_dagrun for latest_only_with_trigger to 2025-05-13T17:29:43.212014+00:00, run_after=2025-05-13T21:29:43.212014+00:00
[2025-05-13T21:29:43.239+0000] {processor.py:175} INFO - Processing /home/airflow/.local/lib/python3.9/site-packages/airflow/example_dags/example_latest_only_with_trigger.py took 0.164 seconds
[2025-05-13T21:30:13.938+0000] {processor.py:153} INFO - Started process (PID=4969) to work on /home/airflow/.local/lib/python3.9/site-packages/airflow/example_dags/example_latest_only_with_trigger.py
[2025-05-13T21:30:13.939+0000] {processor.py:743} INFO - Processing file /home/airflow/.local/lib/python3.9/site-packages/airflow/example_dags/example_latest_only_with_trigger.py for tasks to queue
[2025-05-13T21:30:13.940+0000] {logging_mixin.py:137} INFO - [2025-05-13T21:30:13.940+0000] {dagbag.py:538} INFO - Filling up the DagBag from /home/airflow/.local/lib/python3.9/site-packages/airflow/example_dags/example_latest_only_with_trigger.py
[2025-05-13T21:30:13.959+0000] {processor.py:753} INFO - DAG(s) dict_keys(['latest_only_with_trigger']) retrieved from /home/airflow/.local/lib/python3.9/site-packages/airflow/example_dags/example_latest_only_with_trigger.py
[2025-05-13T21:30:14.006+0000] {logging_mixin.py:137} INFO - [2025-05-13T21:30:14.006+0000] {dag.py:2676} INFO - Sync 1 DAGs
[2025-05-13T21:30:14.031+0000] {logging_mixin.py:137} INFO - [2025-05-13T21:30:14.031+0000] {dag.py:3423} INFO - Setting next_dagrun for latest_only_with_trigger to 2025-05-13T17:30:14.030972+00:00, run_after=2025-05-13T21:30:14.030972+00:00
[2025-05-13T21:30:14.052+0000] {processor.py:175} INFO - Processing /home/airflow/.local/lib/python3.9/site-packages/airflow/example_dags/example_latest_only_with_trigger.py took 0.118 seconds
[2025-05-13T21:30:44.246+0000] {processor.py:153} INFO - Started process (PID=5168) to work on /home/airflow/.local/lib/python3.9/site-packages/airflow/example_dags/example_latest_only_with_trigger.py
[2025-05-13T21:30:44.247+0000] {processor.py:743} INFO - Processing file /home/airflow/.local/lib/python3.9/site-packages/airflow/example_dags/example_latest_only_with_trigger.py for tasks to queue
[2025-05-13T21:30:44.249+0000] {logging_mixin.py:137} INFO - [2025-05-13T21:30:44.248+0000] {dagbag.py:538} INFO - Filling up the DagBag from /home/airflow/.local/lib/python3.9/site-packages/airflow/example_dags/example_latest_only_with_trigger.py
[2025-05-13T21:30:44.269+0000] {processor.py:753} INFO - DAG(s) dict_keys(['latest_only_with_trigger']) retrieved from /home/airflow/.local/lib/python3.9/site-packages/airflow/example_dags/example_latest_only_with_trigger.py
[2025-05-13T21:30:44.321+0000] {logging_mixin.py:137} INFO - [2025-05-13T21:30:44.320+0000] {dag.py:2676} INFO - Sync 1 DAGs
[2025-05-13T21:30:44.347+0000] {logging_mixin.py:137} INFO - [2025-05-13T21:30:44.346+0000] {dag.py:3423} INFO - Setting next_dagrun for latest_only_with_trigger to 2025-05-13T17:30:44.346686+00:00, run_after=2025-05-13T21:30:44.346686+00:00
[2025-05-13T21:30:44.368+0000] {processor.py:175} INFO - Processing /home/airflow/.local/lib/python3.9/site-packages/airflow/example_dags/example_latest_only_with_trigger.py took 0.126 seconds
[2025-05-13T21:31:14.632+0000] {processor.py:153} INFO - Started process (PID=5372) to work on /home/airflow/.local/lib/python3.9/site-packages/airflow/example_dags/example_latest_only_with_trigger.py
[2025-05-13T21:31:14.645+0000] {processor.py:743} INFO - Processing file /home/airflow/.local/lib/python3.9/site-packages/airflow/example_dags/example_latest_only_with_trigger.py for tasks to queue
[2025-05-13T21:31:14.648+0000] {logging_mixin.py:137} INFO - [2025-05-13T21:31:14.647+0000] {dagbag.py:538} INFO - Filling up the DagBag from /home/airflow/.local/lib/python3.9/site-packages/airflow/example_dags/example_latest_only_with_trigger.py
[2025-05-13T21:31:14.674+0000] {processor.py:753} INFO - DAG(s) dict_keys(['latest_only_with_trigger']) retrieved from /home/airflow/.local/lib/python3.9/site-packages/airflow/example_dags/example_latest_only_with_trigger.py
[2025-05-13T21:31:14.743+0000] {logging_mixin.py:137} INFO - [2025-05-13T21:31:14.743+0000] {dag.py:2676} INFO - Sync 1 DAGs
[2025-05-13T21:31:14.783+0000] {logging_mixin.py:137} INFO - [2025-05-13T21:31:14.783+0000] {dag.py:3423} INFO - Setting next_dagrun for latest_only_with_trigger to 2025-05-13T17:31:14.782849+00:00, run_after=2025-05-13T21:31:14.782849+00:00
[2025-05-13T21:31:14.813+0000] {processor.py:175} INFO - Processing /home/airflow/.local/lib/python3.9/site-packages/airflow/example_dags/example_latest_only_with_trigger.py took 0.187 seconds
[2025-05-13T21:31:45.147+0000] {processor.py:153} INFO - Started process (PID=5575) to work on /home/airflow/.local/lib/python3.9/site-packages/airflow/example_dags/example_latest_only_with_trigger.py
[2025-05-13T21:31:45.148+0000] {processor.py:743} INFO - Processing file /home/airflow/.local/lib/python3.9/site-packages/airflow/example_dags/example_latest_only_with_trigger.py for tasks to queue
[2025-05-13T21:31:45.149+0000] {logging_mixin.py:137} INFO - [2025-05-13T21:31:45.149+0000] {dagbag.py:538} INFO - Filling up the DagBag from /home/airflow/.local/lib/python3.9/site-packages/airflow/example_dags/example_latest_only_with_trigger.py
[2025-05-13T21:31:45.170+0000] {processor.py:753} INFO - DAG(s) dict_keys(['latest_only_with_trigger']) retrieved from /home/airflow/.local/lib/python3.9/site-packages/airflow/example_dags/example_latest_only_with_trigger.py
[2025-05-13T21:31:45.213+0000] {logging_mixin.py:137} INFO - [2025-05-13T21:31:45.213+0000] {dag.py:2676} INFO - Sync 1 DAGs
[2025-05-13T21:31:45.245+0000] {logging_mixin.py:137} INFO - [2025-05-13T21:31:45.245+0000] {dag.py:3423} INFO - Setting next_dagrun for latest_only_with_trigger to 2025-05-13T17:31:45.245017+00:00, run_after=2025-05-13T21:31:45.245017+00:00
[2025-05-13T21:31:45.273+0000] {processor.py:175} INFO - Processing /home/airflow/.local/lib/python3.9/site-packages/airflow/example_dags/example_latest_only_with_trigger.py took 0.131 seconds
[2025-05-13T21:32:16.061+0000] {processor.py:153} INFO - Started process (PID=5778) to work on /home/airflow/.local/lib/python3.9/site-packages/airflow/example_dags/example_latest_only_with_trigger.py
[2025-05-13T21:32:16.063+0000] {processor.py:743} INFO - Processing file /home/airflow/.local/lib/python3.9/site-packages/airflow/example_dags/example_latest_only_with_trigger.py for tasks to queue
[2025-05-13T21:32:16.064+0000] {logging_mixin.py:137} INFO - [2025-05-13T21:32:16.063+0000] {dagbag.py:538} INFO - Filling up the DagBag from /home/airflow/.local/lib/python3.9/site-packages/airflow/example_dags/example_latest_only_with_trigger.py
[2025-05-13T21:32:16.082+0000] {processor.py:753} INFO - DAG(s) dict_keys(['latest_only_with_trigger']) retrieved from /home/airflow/.local/lib/python3.9/site-packages/airflow/example_dags/example_latest_only_with_trigger.py
[2025-05-13T21:32:16.136+0000] {logging_mixin.py:137} INFO - [2025-05-13T21:32:16.136+0000] {dag.py:2676} INFO - Sync 1 DAGs
[2025-05-13T21:32:16.164+0000] {logging_mixin.py:137} INFO - [2025-05-13T21:32:16.164+0000] {dag.py:3423} INFO - Setting next_dagrun for latest_only_with_trigger to 2025-05-13T17:32:16.164213+00:00, run_after=2025-05-13T21:32:16.164213+00:00
[2025-05-13T21:32:16.188+0000] {processor.py:175} INFO - Processing /home/airflow/.local/lib/python3.9/site-packages/airflow/example_dags/example_latest_only_with_trigger.py took 0.131 seconds
[2025-05-13T21:32:46.494+0000] {processor.py:153} INFO - Started process (PID=5981) to work on /home/airflow/.local/lib/python3.9/site-packages/airflow/example_dags/example_latest_only_with_trigger.py
[2025-05-13T21:32:46.495+0000] {processor.py:743} INFO - Processing file /home/airflow/.local/lib/python3.9/site-packages/airflow/example_dags/example_latest_only_with_trigger.py for tasks to queue
[2025-05-13T21:32:46.497+0000] {logging_mixin.py:137} INFO - [2025-05-13T21:32:46.497+0000] {dagbag.py:538} INFO - Filling up the DagBag from /home/airflow/.local/lib/python3.9/site-packages/airflow/example_dags/example_latest_only_with_trigger.py
[2025-05-13T21:32:46.530+0000] {processor.py:753} INFO - DAG(s) dict_keys(['latest_only_with_trigger']) retrieved from /home/airflow/.local/lib/python3.9/site-packages/airflow/example_dags/example_latest_only_with_trigger.py
[2025-05-13T21:32:46.595+0000] {logging_mixin.py:137} INFO - [2025-05-13T21:32:46.594+0000] {dag.py:2676} INFO - Sync 1 DAGs
[2025-05-13T21:32:46.635+0000] {logging_mixin.py:137} INFO - [2025-05-13T21:32:46.634+0000] {dag.py:3423} INFO - Setting next_dagrun for latest_only_with_trigger to 2025-05-13T17:32:46.634517+00:00, run_after=2025-05-13T21:32:46.634517+00:00
[2025-05-13T21:32:46.659+0000] {processor.py:175} INFO - Processing /home/airflow/.local/lib/python3.9/site-packages/airflow/example_dags/example_latest_only_with_trigger.py took 0.171 seconds
[2025-05-13T21:33:16.767+0000] {processor.py:153} INFO - Started process (PID=6183) to work on /home/airflow/.local/lib/python3.9/site-packages/airflow/example_dags/example_latest_only_with_trigger.py
[2025-05-13T21:33:16.769+0000] {processor.py:743} INFO - Processing file /home/airflow/.local/lib/python3.9/site-packages/airflow/example_dags/example_latest_only_with_trigger.py for tasks to queue
[2025-05-13T21:33:16.770+0000] {logging_mixin.py:137} INFO - [2025-05-13T21:33:16.769+0000] {dagbag.py:538} INFO - Filling up the DagBag from /home/airflow/.local/lib/python3.9/site-packages/airflow/example_dags/example_latest_only_with_trigger.py
[2025-05-13T21:33:16.788+0000] {processor.py:753} INFO - DAG(s) dict_keys(['latest_only_with_trigger']) retrieved from /home/airflow/.local/lib/python3.9/site-packages/airflow/example_dags/example_latest_only_with_trigger.py
[2025-05-13T21:33:16.837+0000] {logging_mixin.py:137} INFO - [2025-05-13T21:33:16.837+0000] {dag.py:2676} INFO - Sync 1 DAGs
[2025-05-13T21:33:16.864+0000] {logging_mixin.py:137} INFO - [2025-05-13T21:33:16.864+0000] {dag.py:3423} INFO - Setting next_dagrun for latest_only_with_trigger to 2025-05-13T17:33:16.863933+00:00, run_after=2025-05-13T21:33:16.863933+00:00
[2025-05-13T21:33:16.887+0000] {processor.py:175} INFO - Processing /home/airflow/.local/lib/python3.9/site-packages/airflow/example_dags/example_latest_only_with_trigger.py took 0.123 seconds
[2025-05-13T21:33:47.816+0000] {processor.py:153} INFO - Started process (PID=6387) to work on /home/airflow/.local/lib/python3.9/site-packages/airflow/example_dags/example_latest_only_with_trigger.py
[2025-05-13T21:33:47.817+0000] {processor.py:743} INFO - Processing file /home/airflow/.local/lib/python3.9/site-packages/airflow/example_dags/example_latest_only_with_trigger.py for tasks to queue
[2025-05-13T21:33:47.819+0000] {logging_mixin.py:137} INFO - [2025-05-13T21:33:47.819+0000] {dagbag.py:538} INFO - Filling up the DagBag from /home/airflow/.local/lib/python3.9/site-packages/airflow/example_dags/example_latest_only_with_trigger.py
[2025-05-13T21:33:47.854+0000] {processor.py:753} INFO - DAG(s) dict_keys(['latest_only_with_trigger']) retrieved from /home/airflow/.local/lib/python3.9/site-packages/airflow/example_dags/example_latest_only_with_trigger.py
[2025-05-13T21:33:47.925+0000] {logging_mixin.py:137} INFO - [2025-05-13T21:33:47.925+0000] {dag.py:2676} INFO - Sync 1 DAGs
[2025-05-13T21:33:47.960+0000] {logging_mixin.py:137} INFO - [2025-05-13T21:33:47.959+0000] {dag.py:3423} INFO - Setting next_dagrun for latest_only_with_trigger to 2025-05-13T17:33:47.959691+00:00, run_after=2025-05-13T21:33:47.959691+00:00
[2025-05-13T21:33:48.020+0000] {processor.py:175} INFO - Processing /home/airflow/.local/lib/python3.9/site-packages/airflow/example_dags/example_latest_only_with_trigger.py took 0.212 seconds
[2025-05-13T21:34:18.058+0000] {processor.py:153} INFO - Started process (PID=6587) to work on /home/airflow/.local/lib/python3.9/site-packages/airflow/example_dags/example_latest_only_with_trigger.py
[2025-05-13T21:34:18.059+0000] {processor.py:743} INFO - Processing file /home/airflow/.local/lib/python3.9/site-packages/airflow/example_dags/example_latest_only_with_trigger.py for tasks to queue
[2025-05-13T21:34:18.060+0000] {logging_mixin.py:137} INFO - [2025-05-13T21:34:18.060+0000] {dagbag.py:538} INFO - Filling up the DagBag from /home/airflow/.local/lib/python3.9/site-packages/airflow/example_dags/example_latest_only_with_trigger.py
[2025-05-13T21:34:18.079+0000] {processor.py:753} INFO - DAG(s) dict_keys(['latest_only_with_trigger']) retrieved from /home/airflow/.local/lib/python3.9/site-packages/airflow/example_dags/example_latest_only_with_trigger.py
[2025-05-13T21:34:18.124+0000] {logging_mixin.py:137} INFO - [2025-05-13T21:34:18.124+0000] {dag.py:2676} INFO - Sync 1 DAGs
[2025-05-13T21:34:18.149+0000] {logging_mixin.py:137} INFO - [2025-05-13T21:34:18.149+0000] {dag.py:3423} INFO - Setting next_dagrun for latest_only_with_trigger to 2025-05-13T17:34:18.149211+00:00, run_after=2025-05-13T21:34:18.149211+00:00
[2025-05-13T21:34:18.167+0000] {processor.py:175} INFO - Processing /home/airflow/.local/lib/python3.9/site-packages/airflow/example_dags/example_latest_only_with_trigger.py took 0.114 seconds
[2025-05-13T21:34:49.284+0000] {processor.py:153} INFO - Started process (PID=6799) to work on /home/airflow/.local/lib/python3.9/site-packages/airflow/example_dags/example_latest_only_with_trigger.py
[2025-05-13T21:34:49.286+0000] {processor.py:743} INFO - Processing file /home/airflow/.local/lib/python3.9/site-packages/airflow/example_dags/example_latest_only_with_trigger.py for tasks to queue
[2025-05-13T21:34:49.287+0000] {logging_mixin.py:137} INFO - [2025-05-13T21:34:49.287+0000] {dagbag.py:538} INFO - Filling up the DagBag from /home/airflow/.local/lib/python3.9/site-packages/airflow/example_dags/example_latest_only_with_trigger.py
[2025-05-13T21:34:49.313+0000] {processor.py:753} INFO - DAG(s) dict_keys(['latest_only_with_trigger']) retrieved from /home/airflow/.local/lib/python3.9/site-packages/airflow/example_dags/example_latest_only_with_trigger.py
[2025-05-13T21:34:49.378+0000] {logging_mixin.py:137} INFO - [2025-05-13T21:34:49.378+0000] {dag.py:2676} INFO - Sync 1 DAGs
[2025-05-13T21:34:49.417+0000] {logging_mixin.py:137} INFO - [2025-05-13T21:34:49.417+0000] {dag.py:3423} INFO - Setting next_dagrun for latest_only_with_trigger to 2025-05-13T17:34:49.417273+00:00, run_after=2025-05-13T21:34:49.417273+00:00
[2025-05-13T21:34:49.444+0000] {processor.py:175} INFO - Processing /home/airflow/.local/lib/python3.9/site-packages/airflow/example_dags/example_latest_only_with_trigger.py took 0.166 seconds
[2025-05-13T21:35:19.559+0000] {processor.py:153} INFO - Started process (PID=7005) to work on /home/airflow/.local/lib/python3.9/site-packages/airflow/example_dags/example_latest_only_with_trigger.py
[2025-05-13T21:35:19.560+0000] {processor.py:743} INFO - Processing file /home/airflow/.local/lib/python3.9/site-packages/airflow/example_dags/example_latest_only_with_trigger.py for tasks to queue
[2025-05-13T21:35:19.561+0000] {logging_mixin.py:137} INFO - [2025-05-13T21:35:19.561+0000] {dagbag.py:538} INFO - Filling up the DagBag from /home/airflow/.local/lib/python3.9/site-packages/airflow/example_dags/example_latest_only_with_trigger.py
[2025-05-13T21:35:19.580+0000] {processor.py:753} INFO - DAG(s) dict_keys(['latest_only_with_trigger']) retrieved from /home/airflow/.local/lib/python3.9/site-packages/airflow/example_dags/example_latest_only_with_trigger.py
[2025-05-13T21:35:19.631+0000] {logging_mixin.py:137} INFO - [2025-05-13T21:35:19.631+0000] {dag.py:2676} INFO - Sync 1 DAGs
[2025-05-13T21:35:19.660+0000] {logging_mixin.py:137} INFO - [2025-05-13T21:35:19.660+0000] {dag.py:3423} INFO - Setting next_dagrun for latest_only_with_trigger to 2025-05-13T17:35:19.660374+00:00, run_after=2025-05-13T21:35:19.660374+00:00
[2025-05-13T21:35:19.688+0000] {processor.py:175} INFO - Processing /home/airflow/.local/lib/python3.9/site-packages/airflow/example_dags/example_latest_only_with_trigger.py took 0.133 seconds
[2025-05-13T21:35:50.463+0000] {processor.py:153} INFO - Started process (PID=7208) to work on /home/airflow/.local/lib/python3.9/site-packages/airflow/example_dags/example_latest_only_with_trigger.py
[2025-05-13T21:35:50.464+0000] {processor.py:743} INFO - Processing file /home/airflow/.local/lib/python3.9/site-packages/airflow/example_dags/example_latest_only_with_trigger.py for tasks to queue
[2025-05-13T21:35:50.465+0000] {logging_mixin.py:137} INFO - [2025-05-13T21:35:50.464+0000] {dagbag.py:538} INFO - Filling up the DagBag from /home/airflow/.local/lib/python3.9/site-packages/airflow/example_dags/example_latest_only_with_trigger.py
[2025-05-13T21:35:50.481+0000] {processor.py:753} INFO - DAG(s) dict_keys(['latest_only_with_trigger']) retrieved from /home/airflow/.local/lib/python3.9/site-packages/airflow/example_dags/example_latest_only_with_trigger.py
[2025-05-13T21:35:50.518+0000] {logging_mixin.py:137} INFO - [2025-05-13T21:35:50.518+0000] {dag.py:2676} INFO - Sync 1 DAGs
[2025-05-13T21:35:50.541+0000] {logging_mixin.py:137} INFO - [2025-05-13T21:35:50.540+0000] {dag.py:3423} INFO - Setting next_dagrun for latest_only_with_trigger to 2025-05-13T17:35:50.540760+00:00, run_after=2025-05-13T21:35:50.540760+00:00
[2025-05-13T21:35:50.558+0000] {processor.py:175} INFO - Processing /home/airflow/.local/lib/python3.9/site-packages/airflow/example_dags/example_latest_only_with_trigger.py took 0.099 seconds
[2025-05-13T21:36:20.800+0000] {processor.py:153} INFO - Started process (PID=7405) to work on /home/airflow/.local/lib/python3.9/site-packages/airflow/example_dags/example_latest_only_with_trigger.py
[2025-05-13T21:36:20.802+0000] {processor.py:743} INFO - Processing file /home/airflow/.local/lib/python3.9/site-packages/airflow/example_dags/example_latest_only_with_trigger.py for tasks to queue
[2025-05-13T21:36:20.803+0000] {logging_mixin.py:137} INFO - [2025-05-13T21:36:20.803+0000] {dagbag.py:538} INFO - Filling up the DagBag from /home/airflow/.local/lib/python3.9/site-packages/airflow/example_dags/example_latest_only_with_trigger.py
[2025-05-13T21:36:20.831+0000] {processor.py:753} INFO - DAG(s) dict_keys(['latest_only_with_trigger']) retrieved from /home/airflow/.local/lib/python3.9/site-packages/airflow/example_dags/example_latest_only_with_trigger.py
[2025-05-13T21:36:20.927+0000] {logging_mixin.py:137} INFO - [2025-05-13T21:36:20.927+0000] {dag.py:2676} INFO - Sync 1 DAGs
[2025-05-13T21:36:20.980+0000] {logging_mixin.py:137} INFO - [2025-05-13T21:36:20.979+0000] {dag.py:3423} INFO - Setting next_dagrun for latest_only_with_trigger to 2025-05-13T17:36:20.979385+00:00, run_after=2025-05-13T21:36:20.979385+00:00
[2025-05-13T21:36:21.024+0000] {processor.py:175} INFO - Processing /home/airflow/.local/lib/python3.9/site-packages/airflow/example_dags/example_latest_only_with_trigger.py took 0.229 seconds
[2025-05-13T21:37:51.471+0000] {processor.py:153} INFO - Started process (PID=305) to work on /home/airflow/.local/lib/python3.9/site-packages/airflow/example_dags/example_latest_only_with_trigger.py
[2025-05-13T21:37:51.472+0000] {processor.py:743} INFO - Processing file /home/airflow/.local/lib/python3.9/site-packages/airflow/example_dags/example_latest_only_with_trigger.py for tasks to queue
[2025-05-13T21:37:51.474+0000] {logging_mixin.py:137} INFO - [2025-05-13T21:37:51.474+0000] {dagbag.py:538} INFO - Filling up the DagBag from /home/airflow/.local/lib/python3.9/site-packages/airflow/example_dags/example_latest_only_with_trigger.py
[2025-05-13T21:37:51.499+0000] {processor.py:753} INFO - DAG(s) dict_keys(['latest_only_with_trigger']) retrieved from /home/airflow/.local/lib/python3.9/site-packages/airflow/example_dags/example_latest_only_with_trigger.py
[2025-05-13T21:37:51.555+0000] {logging_mixin.py:137} INFO - [2025-05-13T21:37:51.555+0000] {dag.py:2676} INFO - Sync 1 DAGs
[2025-05-13T21:37:51.587+0000] {logging_mixin.py:137} INFO - [2025-05-13T21:37:51.587+0000] {dag.py:3423} INFO - Setting next_dagrun for latest_only_with_trigger to 2025-05-13T17:37:51.587295+00:00, run_after=2025-05-13T21:37:51.587295+00:00
[2025-05-13T21:37:51.615+0000] {processor.py:175} INFO - Processing /home/airflow/.local/lib/python3.9/site-packages/airflow/example_dags/example_latest_only_with_trigger.py took 0.149 seconds
[2025-05-13T21:38:22.869+0000] {processor.py:153} INFO - Started process (PID=508) to work on /home/airflow/.local/lib/python3.9/site-packages/airflow/example_dags/example_latest_only_with_trigger.py
[2025-05-13T21:38:22.877+0000] {processor.py:743} INFO - Processing file /home/airflow/.local/lib/python3.9/site-packages/airflow/example_dags/example_latest_only_with_trigger.py for tasks to queue
[2025-05-13T21:38:22.895+0000] {logging_mixin.py:137} INFO - [2025-05-13T21:38:22.894+0000] {dagbag.py:538} INFO - Filling up the DagBag from /home/airflow/.local/lib/python3.9/site-packages/airflow/example_dags/example_latest_only_with_trigger.py
[2025-05-13T21:38:22.961+0000] {processor.py:753} INFO - DAG(s) dict_keys(['latest_only_with_trigger']) retrieved from /home/airflow/.local/lib/python3.9/site-packages/airflow/example_dags/example_latest_only_with_trigger.py
[2025-05-13T21:38:23.019+0000] {logging_mixin.py:137} INFO - [2025-05-13T21:38:23.019+0000] {dag.py:2676} INFO - Sync 1 DAGs
[2025-05-13T21:38:23.051+0000] {logging_mixin.py:137} INFO - [2025-05-13T21:38:23.051+0000] {dag.py:3423} INFO - Setting next_dagrun for latest_only_with_trigger to 2025-05-13T17:38:23.051202+00:00, run_after=2025-05-13T21:38:23.051202+00:00
[2025-05-13T21:38:23.080+0000] {processor.py:175} INFO - Processing /home/airflow/.local/lib/python3.9/site-packages/airflow/example_dags/example_latest_only_with_trigger.py took 0.215 seconds
[2025-05-13T21:38:53.733+0000] {processor.py:153} INFO - Started process (PID=705) to work on /home/airflow/.local/lib/python3.9/site-packages/airflow/example_dags/example_latest_only_with_trigger.py
[2025-05-13T21:38:53.734+0000] {processor.py:743} INFO - Processing file /home/airflow/.local/lib/python3.9/site-packages/airflow/example_dags/example_latest_only_with_trigger.py for tasks to queue
[2025-05-13T21:38:53.736+0000] {logging_mixin.py:137} INFO - [2025-05-13T21:38:53.736+0000] {dagbag.py:538} INFO - Filling up the DagBag from /home/airflow/.local/lib/python3.9/site-packages/airflow/example_dags/example_latest_only_with_trigger.py
[2025-05-13T21:38:53.780+0000] {processor.py:753} INFO - DAG(s) dict_keys(['latest_only_with_trigger']) retrieved from /home/airflow/.local/lib/python3.9/site-packages/airflow/example_dags/example_latest_only_with_trigger.py
[2025-05-13T21:38:53.935+0000] {logging_mixin.py:137} INFO - [2025-05-13T21:38:53.934+0000] {dag.py:2676} INFO - Sync 1 DAGs
[2025-05-13T21:38:53.976+0000] {logging_mixin.py:137} INFO - [2025-05-13T21:38:53.976+0000] {dag.py:3423} INFO - Setting next_dagrun for latest_only_with_trigger to 2025-05-13T17:38:53.975919+00:00, run_after=2025-05-13T21:38:53.975919+00:00
[2025-05-13T21:38:54.009+0000] {processor.py:175} INFO - Processing /home/airflow/.local/lib/python3.9/site-packages/airflow/example_dags/example_latest_only_with_trigger.py took 0.281 seconds
[2025-05-13T21:39:24.377+0000] {processor.py:153} INFO - Started process (PID=905) to work on /home/airflow/.local/lib/python3.9/site-packages/airflow/example_dags/example_latest_only_with_trigger.py
[2025-05-13T21:39:24.378+0000] {processor.py:743} INFO - Processing file /home/airflow/.local/lib/python3.9/site-packages/airflow/example_dags/example_latest_only_with_trigger.py for tasks to queue
[2025-05-13T21:39:24.379+0000] {logging_mixin.py:137} INFO - [2025-05-13T21:39:24.379+0000] {dagbag.py:538} INFO - Filling up the DagBag from /home/airflow/.local/lib/python3.9/site-packages/airflow/example_dags/example_latest_only_with_trigger.py
[2025-05-13T21:39:24.397+0000] {processor.py:753} INFO - DAG(s) dict_keys(['latest_only_with_trigger']) retrieved from /home/airflow/.local/lib/python3.9/site-packages/airflow/example_dags/example_latest_only_with_trigger.py
[2025-05-13T21:39:24.443+0000] {logging_mixin.py:137} INFO - [2025-05-13T21:39:24.443+0000] {dag.py:2676} INFO - Sync 1 DAGs
[2025-05-13T21:39:24.469+0000] {logging_mixin.py:137} INFO - [2025-05-13T21:39:24.469+0000] {dag.py:3423} INFO - Setting next_dagrun for latest_only_with_trigger to 2025-05-13T17:39:24.469149+00:00, run_after=2025-05-13T21:39:24.469149+00:00
[2025-05-13T21:39:24.491+0000] {processor.py:175} INFO - Processing /home/airflow/.local/lib/python3.9/site-packages/airflow/example_dags/example_latest_only_with_trigger.py took 0.118 seconds
[2025-05-13T21:39:54.827+0000] {processor.py:153} INFO - Started process (PID=1111) to work on /home/airflow/.local/lib/python3.9/site-packages/airflow/example_dags/example_latest_only_with_trigger.py
[2025-05-13T21:39:54.829+0000] {processor.py:743} INFO - Processing file /home/airflow/.local/lib/python3.9/site-packages/airflow/example_dags/example_latest_only_with_trigger.py for tasks to queue
[2025-05-13T21:39:54.830+0000] {logging_mixin.py:137} INFO - [2025-05-13T21:39:54.830+0000] {dagbag.py:538} INFO - Filling up the DagBag from /home/airflow/.local/lib/python3.9/site-packages/airflow/example_dags/example_latest_only_with_trigger.py
[2025-05-13T21:39:54.860+0000] {processor.py:753} INFO - DAG(s) dict_keys(['latest_only_with_trigger']) retrieved from /home/airflow/.local/lib/python3.9/site-packages/airflow/example_dags/example_latest_only_with_trigger.py
[2025-05-13T21:39:54.927+0000] {logging_mixin.py:137} INFO - [2025-05-13T21:39:54.927+0000] {dag.py:2676} INFO - Sync 1 DAGs
[2025-05-13T21:39:54.960+0000] {logging_mixin.py:137} INFO - [2025-05-13T21:39:54.960+0000] {dag.py:3423} INFO - Setting next_dagrun for latest_only_with_trigger to 2025-05-13T17:39:54.960326+00:00, run_after=2025-05-13T21:39:54.960326+00:00
[2025-05-13T21:39:54.984+0000] {processor.py:175} INFO - Processing /home/airflow/.local/lib/python3.9/site-packages/airflow/example_dags/example_latest_only_with_trigger.py took 0.164 seconds
[2025-05-13T21:40:25.127+0000] {processor.py:153} INFO - Started process (PID=1317) to work on /home/airflow/.local/lib/python3.9/site-packages/airflow/example_dags/example_latest_only_with_trigger.py
[2025-05-13T21:40:25.130+0000] {processor.py:743} INFO - Processing file /home/airflow/.local/lib/python3.9/site-packages/airflow/example_dags/example_latest_only_with_trigger.py for tasks to queue
[2025-05-13T21:40:25.131+0000] {logging_mixin.py:137} INFO - [2025-05-13T21:40:25.131+0000] {dagbag.py:538} INFO - Filling up the DagBag from /home/airflow/.local/lib/python3.9/site-packages/airflow/example_dags/example_latest_only_with_trigger.py
[2025-05-13T21:40:25.152+0000] {processor.py:753} INFO - DAG(s) dict_keys(['latest_only_with_trigger']) retrieved from /home/airflow/.local/lib/python3.9/site-packages/airflow/example_dags/example_latest_only_with_trigger.py
[2025-05-13T21:40:25.203+0000] {logging_mixin.py:137} INFO - [2025-05-13T21:40:25.203+0000] {dag.py:2676} INFO - Sync 1 DAGs
[2025-05-13T21:40:25.233+0000] {logging_mixin.py:137} INFO - [2025-05-13T21:40:25.233+0000] {dag.py:3423} INFO - Setting next_dagrun for latest_only_with_trigger to 2025-05-13T17:40:25.232874+00:00, run_after=2025-05-13T21:40:25.232874+00:00
[2025-05-13T21:40:25.259+0000] {processor.py:175} INFO - Processing /home/airflow/.local/lib/python3.9/site-packages/airflow/example_dags/example_latest_only_with_trigger.py took 0.138 seconds
[2025-05-13T21:40:55.578+0000] {processor.py:153} INFO - Started process (PID=1521) to work on /home/airflow/.local/lib/python3.9/site-packages/airflow/example_dags/example_latest_only_with_trigger.py
[2025-05-13T21:40:55.580+0000] {processor.py:743} INFO - Processing file /home/airflow/.local/lib/python3.9/site-packages/airflow/example_dags/example_latest_only_with_trigger.py for tasks to queue
[2025-05-13T21:40:55.581+0000] {logging_mixin.py:137} INFO - [2025-05-13T21:40:55.581+0000] {dagbag.py:538} INFO - Filling up the DagBag from /home/airflow/.local/lib/python3.9/site-packages/airflow/example_dags/example_latest_only_with_trigger.py
[2025-05-13T21:40:55.607+0000] {processor.py:753} INFO - DAG(s) dict_keys(['latest_only_with_trigger']) retrieved from /home/airflow/.local/lib/python3.9/site-packages/airflow/example_dags/example_latest_only_with_trigger.py
[2025-05-13T21:40:55.666+0000] {logging_mixin.py:137} INFO - [2025-05-13T21:40:55.666+0000] {dag.py:2676} INFO - Sync 1 DAGs
[2025-05-13T21:40:55.698+0000] {logging_mixin.py:137} INFO - [2025-05-13T21:40:55.698+0000] {dag.py:3423} INFO - Setting next_dagrun for latest_only_with_trigger to 2025-05-13T17:40:55.697680+00:00, run_after=2025-05-13T21:40:55.697680+00:00
[2025-05-13T21:40:55.733+0000] {processor.py:175} INFO - Processing /home/airflow/.local/lib/python3.9/site-packages/airflow/example_dags/example_latest_only_with_trigger.py took 0.160 seconds
[2025-05-13T21:41:26.284+0000] {processor.py:153} INFO - Started process (PID=1724) to work on /home/airflow/.local/lib/python3.9/site-packages/airflow/example_dags/example_latest_only_with_trigger.py
[2025-05-13T21:41:26.287+0000] {processor.py:743} INFO - Processing file /home/airflow/.local/lib/python3.9/site-packages/airflow/example_dags/example_latest_only_with_trigger.py for tasks to queue
[2025-05-13T21:41:26.289+0000] {logging_mixin.py:137} INFO - [2025-05-13T21:41:26.288+0000] {dagbag.py:538} INFO - Filling up the DagBag from /home/airflow/.local/lib/python3.9/site-packages/airflow/example_dags/example_latest_only_with_trigger.py
[2025-05-13T21:41:26.324+0000] {processor.py:753} INFO - DAG(s) dict_keys(['latest_only_with_trigger']) retrieved from /home/airflow/.local/lib/python3.9/site-packages/airflow/example_dags/example_latest_only_with_trigger.py
[2025-05-13T21:41:26.396+0000] {logging_mixin.py:137} INFO - [2025-05-13T21:41:26.395+0000] {dag.py:2676} INFO - Sync 1 DAGs
[2025-05-13T21:41:26.427+0000] {logging_mixin.py:137} INFO - [2025-05-13T21:41:26.427+0000] {dag.py:3423} INFO - Setting next_dagrun for latest_only_with_trigger to 2025-05-13T17:41:26.426617+00:00, run_after=2025-05-13T21:41:26.426617+00:00
[2025-05-13T21:41:26.453+0000] {processor.py:175} INFO - Processing /home/airflow/.local/lib/python3.9/site-packages/airflow/example_dags/example_latest_only_with_trigger.py took 0.176 seconds
