[2025-05-13T02:45:43.340+0000] {processor.py:153} INFO - Started process (PID=272) to work on /home/airflow/.local/lib/python3.9/site-packages/airflow/example_dags/example_task_group_decorator.py
[2025-05-13T02:45:43.341+0000] {processor.py:743} INFO - Processing file /home/airflow/.local/lib/python3.9/site-packages/airflow/example_dags/example_task_group_decorator.py for tasks to queue
[2025-05-13T02:45:43.342+0000] {logging_mixin.py:137} INFO - [2025-05-13T02:45:43.342+0000] {dagbag.py:538} INFO - Filling up the DagBag from /home/airflow/.local/lib/python3.9/site-packages/airflow/example_dags/example_task_group_decorator.py
[2025-05-13T02:45:43.379+0000] {processor.py:753} INFO - DAG(s) dict_keys(['example_task_group_decorator']) retrieved from /home/airflow/.local/lib/python3.9/site-packages/airflow/example_dags/example_task_group_decorator.py
[2025-05-13T02:45:43.499+0000] {logging_mixin.py:137} INFO - [2025-05-13T02:45:43.499+0000] {manager.py:504} INFO - Created Permission View: can delete on DAG:example_task_group_decorator
[2025-05-13T02:45:43.508+0000] {logging_mixin.py:137} INFO - [2025-05-13T02:45:43.508+0000] {manager.py:504} INFO - Created Permission View: can edit on DAG:example_task_group_decorator
[2025-05-13T02:45:43.515+0000] {logging_mixin.py:137} INFO - [2025-05-13T02:45:43.515+0000] {manager.py:504} INFO - Created Permission View: can read on DAG:example_task_group_decorator
[2025-05-13T02:45:43.516+0000] {logging_mixin.py:137} INFO - [2025-05-13T02:45:43.516+0000] {dag.py:2676} INFO - Sync 1 DAGs
[2025-05-13T02:45:43.529+0000] {logging_mixin.py:137} INFO - [2025-05-13T02:45:43.529+0000] {dag.py:2697} INFO - Creating ORM DAG for example_task_group_decorator
[2025-05-13T02:45:43.539+0000] {logging_mixin.py:137} INFO - [2025-05-13T02:45:43.539+0000] {dag.py:3423} INFO - Setting next_dagrun for example_task_group_decorator to 2025-05-12T02:45:43.539527+00:00, run_after=2025-05-13T02:45:43.539527+00:00
[2025-05-13T02:45:43.557+0000] {processor.py:175} INFO - Processing /home/airflow/.local/lib/python3.9/site-packages/airflow/example_dags/example_task_group_decorator.py took 0.222 seconds
[2025-05-13T02:46:14.101+0000] {processor.py:153} INFO - Started process (PID=469) to work on /home/airflow/.local/lib/python3.9/site-packages/airflow/example_dags/example_task_group_decorator.py
[2025-05-13T02:46:14.102+0000] {processor.py:743} INFO - Processing file /home/airflow/.local/lib/python3.9/site-packages/airflow/example_dags/example_task_group_decorator.py for tasks to queue
[2025-05-13T02:46:14.103+0000] {logging_mixin.py:137} INFO - [2025-05-13T02:46:14.103+0000] {dagbag.py:538} INFO - Filling up the DagBag from /home/airflow/.local/lib/python3.9/site-packages/airflow/example_dags/example_task_group_decorator.py
[2025-05-13T02:46:14.139+0000] {processor.py:753} INFO - DAG(s) dict_keys(['example_task_group_decorator']) retrieved from /home/airflow/.local/lib/python3.9/site-packages/airflow/example_dags/example_task_group_decorator.py
[2025-05-13T02:46:14.183+0000] {logging_mixin.py:137} INFO - [2025-05-13T02:46:14.182+0000] {dag.py:2676} INFO - Sync 1 DAGs
[2025-05-13T02:46:14.209+0000] {logging_mixin.py:137} INFO - [2025-05-13T02:46:14.209+0000] {dag.py:3423} INFO - Setting next_dagrun for example_task_group_decorator to 2025-05-12T02:46:14.209298+00:00, run_after=2025-05-13T02:46:14.209298+00:00
[2025-05-13T02:46:14.231+0000] {processor.py:175} INFO - Processing /home/airflow/.local/lib/python3.9/site-packages/airflow/example_dags/example_task_group_decorator.py took 0.134 seconds
[2025-05-13T02:46:44.296+0000] {processor.py:153} INFO - Started process (PID=672) to work on /home/airflow/.local/lib/python3.9/site-packages/airflow/example_dags/example_task_group_decorator.py
[2025-05-13T02:46:44.297+0000] {processor.py:743} INFO - Processing file /home/airflow/.local/lib/python3.9/site-packages/airflow/example_dags/example_task_group_decorator.py for tasks to queue
[2025-05-13T02:46:44.298+0000] {logging_mixin.py:137} INFO - [2025-05-13T02:46:44.298+0000] {dagbag.py:538} INFO - Filling up the DagBag from /home/airflow/.local/lib/python3.9/site-packages/airflow/example_dags/example_task_group_decorator.py
[2025-05-13T02:46:44.339+0000] {processor.py:753} INFO - DAG(s) dict_keys(['example_task_group_decorator']) retrieved from /home/airflow/.local/lib/python3.9/site-packages/airflow/example_dags/example_task_group_decorator.py
[2025-05-13T02:46:44.405+0000] {logging_mixin.py:137} INFO - [2025-05-13T02:46:44.404+0000] {dag.py:2676} INFO - Sync 1 DAGs
[2025-05-13T02:46:44.443+0000] {logging_mixin.py:137} INFO - [2025-05-13T02:46:44.443+0000] {dag.py:3423} INFO - Setting next_dagrun for example_task_group_decorator to 2025-05-12T02:46:44.442986+00:00, run_after=2025-05-13T02:46:44.442986+00:00
[2025-05-13T02:46:44.559+0000] {processor.py:175} INFO - Processing /home/airflow/.local/lib/python3.9/site-packages/airflow/example_dags/example_task_group_decorator.py took 0.268 seconds
[2025-05-13T02:47:15.048+0000] {processor.py:153} INFO - Started process (PID=875) to work on /home/airflow/.local/lib/python3.9/site-packages/airflow/example_dags/example_task_group_decorator.py
[2025-05-13T02:47:15.049+0000] {processor.py:743} INFO - Processing file /home/airflow/.local/lib/python3.9/site-packages/airflow/example_dags/example_task_group_decorator.py for tasks to queue
[2025-05-13T02:47:15.051+0000] {logging_mixin.py:137} INFO - [2025-05-13T02:47:15.050+0000] {dagbag.py:538} INFO - Filling up the DagBag from /home/airflow/.local/lib/python3.9/site-packages/airflow/example_dags/example_task_group_decorator.py
[2025-05-13T02:47:15.093+0000] {processor.py:753} INFO - DAG(s) dict_keys(['example_task_group_decorator']) retrieved from /home/airflow/.local/lib/python3.9/site-packages/airflow/example_dags/example_task_group_decorator.py
[2025-05-13T02:47:15.151+0000] {logging_mixin.py:137} INFO - [2025-05-13T02:47:15.150+0000] {dag.py:2676} INFO - Sync 1 DAGs
[2025-05-13T02:47:15.201+0000] {logging_mixin.py:137} INFO - [2025-05-13T02:47:15.200+0000] {dag.py:3423} INFO - Setting next_dagrun for example_task_group_decorator to 2025-05-12T02:47:15.200561+00:00, run_after=2025-05-13T02:47:15.200561+00:00
[2025-05-13T02:47:15.226+0000] {processor.py:175} INFO - Processing /home/airflow/.local/lib/python3.9/site-packages/airflow/example_dags/example_task_group_decorator.py took 0.184 seconds
[2025-05-13T02:47:45.412+0000] {processor.py:153} INFO - Started process (PID=1078) to work on /home/airflow/.local/lib/python3.9/site-packages/airflow/example_dags/example_task_group_decorator.py
[2025-05-13T02:47:45.413+0000] {processor.py:743} INFO - Processing file /home/airflow/.local/lib/python3.9/site-packages/airflow/example_dags/example_task_group_decorator.py for tasks to queue
[2025-05-13T02:47:45.414+0000] {logging_mixin.py:137} INFO - [2025-05-13T02:47:45.414+0000] {dagbag.py:538} INFO - Filling up the DagBag from /home/airflow/.local/lib/python3.9/site-packages/airflow/example_dags/example_task_group_decorator.py
[2025-05-13T02:47:45.454+0000] {processor.py:753} INFO - DAG(s) dict_keys(['example_task_group_decorator']) retrieved from /home/airflow/.local/lib/python3.9/site-packages/airflow/example_dags/example_task_group_decorator.py
[2025-05-13T02:47:45.511+0000] {logging_mixin.py:137} INFO - [2025-05-13T02:47:45.511+0000] {dag.py:2676} INFO - Sync 1 DAGs
[2025-05-13T02:47:45.547+0000] {logging_mixin.py:137} INFO - [2025-05-13T02:47:45.546+0000] {dag.py:3423} INFO - Setting next_dagrun for example_task_group_decorator to 2025-05-12T02:47:45.546442+00:00, run_after=2025-05-13T02:47:45.546442+00:00
[2025-05-13T02:47:45.575+0000] {processor.py:175} INFO - Processing /home/airflow/.local/lib/python3.9/site-packages/airflow/example_dags/example_task_group_decorator.py took 0.167 seconds
[2025-05-13T02:48:16.084+0000] {processor.py:153} INFO - Started process (PID=1345) to work on /home/airflow/.local/lib/python3.9/site-packages/airflow/example_dags/example_task_group_decorator.py
[2025-05-13T02:48:16.085+0000] {processor.py:743} INFO - Processing file /home/airflow/.local/lib/python3.9/site-packages/airflow/example_dags/example_task_group_decorator.py for tasks to queue
[2025-05-13T02:48:16.087+0000] {logging_mixin.py:137} INFO - [2025-05-13T02:48:16.087+0000] {dagbag.py:538} INFO - Filling up the DagBag from /home/airflow/.local/lib/python3.9/site-packages/airflow/example_dags/example_task_group_decorator.py
[2025-05-13T02:48:16.184+0000] {processor.py:753} INFO - DAG(s) dict_keys(['example_task_group_decorator']) retrieved from /home/airflow/.local/lib/python3.9/site-packages/airflow/example_dags/example_task_group_decorator.py
[2025-05-13T02:48:16.243+0000] {logging_mixin.py:137} INFO - [2025-05-13T02:48:16.243+0000] {dag.py:2676} INFO - Sync 1 DAGs
[2025-05-13T02:48:16.273+0000] {logging_mixin.py:137} INFO - [2025-05-13T02:48:16.273+0000] {dag.py:3423} INFO - Setting next_dagrun for example_task_group_decorator to 2025-05-12T02:48:16.272887+00:00, run_after=2025-05-13T02:48:16.272887+00:00
[2025-05-13T02:48:16.297+0000] {processor.py:175} INFO - Processing /home/airflow/.local/lib/python3.9/site-packages/airflow/example_dags/example_task_group_decorator.py took 0.218 seconds
[2025-05-13T02:49:31.557+0000] {processor.py:153} INFO - Started process (PID=287) to work on /home/airflow/.local/lib/python3.9/site-packages/airflow/example_dags/example_task_group_decorator.py
[2025-05-13T02:49:31.559+0000] {processor.py:743} INFO - Processing file /home/airflow/.local/lib/python3.9/site-packages/airflow/example_dags/example_task_group_decorator.py for tasks to queue
[2025-05-13T02:49:31.560+0000] {logging_mixin.py:137} INFO - [2025-05-13T02:49:31.560+0000] {dagbag.py:538} INFO - Filling up the DagBag from /home/airflow/.local/lib/python3.9/site-packages/airflow/example_dags/example_task_group_decorator.py
[2025-05-13T02:49:31.606+0000] {processor.py:753} INFO - DAG(s) dict_keys(['example_task_group_decorator']) retrieved from /home/airflow/.local/lib/python3.9/site-packages/airflow/example_dags/example_task_group_decorator.py
[2025-05-13T02:49:31.676+0000] {logging_mixin.py:137} INFO - [2025-05-13T02:49:31.675+0000] {dag.py:2676} INFO - Sync 1 DAGs
[2025-05-13T02:49:31.719+0000] {logging_mixin.py:137} INFO - [2025-05-13T02:49:31.718+0000] {dag.py:3423} INFO - Setting next_dagrun for example_task_group_decorator to 2025-05-12T02:49:31.718553+00:00, run_after=2025-05-13T02:49:31.718553+00:00
[2025-05-13T02:49:31.750+0000] {processor.py:175} INFO - Processing /home/airflow/.local/lib/python3.9/site-packages/airflow/example_dags/example_task_group_decorator.py took 0.196 seconds
[2025-05-13T02:50:01.841+0000] {processor.py:153} INFO - Started process (PID=486) to work on /home/airflow/.local/lib/python3.9/site-packages/airflow/example_dags/example_task_group_decorator.py
[2025-05-13T02:50:01.843+0000] {processor.py:743} INFO - Processing file /home/airflow/.local/lib/python3.9/site-packages/airflow/example_dags/example_task_group_decorator.py for tasks to queue
[2025-05-13T02:50:01.844+0000] {logging_mixin.py:137} INFO - [2025-05-13T02:50:01.844+0000] {dagbag.py:538} INFO - Filling up the DagBag from /home/airflow/.local/lib/python3.9/site-packages/airflow/example_dags/example_task_group_decorator.py
[2025-05-13T02:50:01.902+0000] {processor.py:753} INFO - DAG(s) dict_keys(['example_task_group_decorator']) retrieved from /home/airflow/.local/lib/python3.9/site-packages/airflow/example_dags/example_task_group_decorator.py
[2025-05-13T02:50:01.969+0000] {logging_mixin.py:137} INFO - [2025-05-13T02:50:01.969+0000] {dag.py:2676} INFO - Sync 1 DAGs
[2025-05-13T02:50:02.008+0000] {logging_mixin.py:137} INFO - [2025-05-13T02:50:02.008+0000] {dag.py:3423} INFO - Setting next_dagrun for example_task_group_decorator to 2025-05-12T02:50:02.008128+00:00, run_after=2025-05-13T02:50:02.008128+00:00
[2025-05-13T02:50:02.044+0000] {processor.py:175} INFO - Processing /home/airflow/.local/lib/python3.9/site-packages/airflow/example_dags/example_task_group_decorator.py took 0.208 seconds
[2025-05-13T02:50:32.087+0000] {processor.py:153} INFO - Started process (PID=689) to work on /home/airflow/.local/lib/python3.9/site-packages/airflow/example_dags/example_task_group_decorator.py
[2025-05-13T02:50:32.088+0000] {processor.py:743} INFO - Processing file /home/airflow/.local/lib/python3.9/site-packages/airflow/example_dags/example_task_group_decorator.py for tasks to queue
[2025-05-13T02:50:32.089+0000] {logging_mixin.py:137} INFO - [2025-05-13T02:50:32.089+0000] {dagbag.py:538} INFO - Filling up the DagBag from /home/airflow/.local/lib/python3.9/site-packages/airflow/example_dags/example_task_group_decorator.py
[2025-05-13T02:50:32.146+0000] {processor.py:753} INFO - DAG(s) dict_keys(['example_task_group_decorator']) retrieved from /home/airflow/.local/lib/python3.9/site-packages/airflow/example_dags/example_task_group_decorator.py
[2025-05-13T02:50:32.216+0000] {logging_mixin.py:137} INFO - [2025-05-13T02:50:32.216+0000] {dag.py:2676} INFO - Sync 1 DAGs
[2025-05-13T02:50:32.247+0000] {logging_mixin.py:137} INFO - [2025-05-13T02:50:32.247+0000] {dag.py:3423} INFO - Setting next_dagrun for example_task_group_decorator to 2025-05-12T02:50:32.247144+00:00, run_after=2025-05-13T02:50:32.247144+00:00
[2025-05-13T02:50:32.273+0000] {processor.py:175} INFO - Processing /home/airflow/.local/lib/python3.9/site-packages/airflow/example_dags/example_task_group_decorator.py took 0.190 seconds
[2025-05-13T21:18:27.966+0000] {processor.py:153} INFO - Started process (PID=272) to work on /home/airflow/.local/lib/python3.9/site-packages/airflow/example_dags/example_task_group_decorator.py
[2025-05-13T21:18:27.968+0000] {processor.py:743} INFO - Processing file /home/airflow/.local/lib/python3.9/site-packages/airflow/example_dags/example_task_group_decorator.py for tasks to queue
[2025-05-13T21:18:27.969+0000] {logging_mixin.py:137} INFO - [2025-05-13T21:18:27.969+0000] {dagbag.py:538} INFO - Filling up the DagBag from /home/airflow/.local/lib/python3.9/site-packages/airflow/example_dags/example_task_group_decorator.py
[2025-05-13T21:18:28.046+0000] {processor.py:753} INFO - DAG(s) dict_keys(['example_task_group_decorator']) retrieved from /home/airflow/.local/lib/python3.9/site-packages/airflow/example_dags/example_task_group_decorator.py
[2025-05-13T21:18:28.287+0000] {logging_mixin.py:137} INFO - [2025-05-13T21:18:28.287+0000] {manager.py:504} INFO - Created Permission View: can edit on DAG:example_task_group_decorator
[2025-05-13T21:18:28.307+0000] {logging_mixin.py:137} INFO - [2025-05-13T21:18:28.307+0000] {manager.py:504} INFO - Created Permission View: can delete on DAG:example_task_group_decorator
[2025-05-13T21:18:28.321+0000] {logging_mixin.py:137} INFO - [2025-05-13T21:18:28.320+0000] {manager.py:504} INFO - Created Permission View: can read on DAG:example_task_group_decorator
[2025-05-13T21:18:28.322+0000] {logging_mixin.py:137} INFO - [2025-05-13T21:18:28.321+0000] {dag.py:2676} INFO - Sync 1 DAGs
[2025-05-13T21:18:28.345+0000] {logging_mixin.py:137} INFO - [2025-05-13T21:18:28.345+0000] {dag.py:2697} INFO - Creating ORM DAG for example_task_group_decorator
[2025-05-13T21:18:28.364+0000] {logging_mixin.py:137} INFO - [2025-05-13T21:18:28.364+0000] {dag.py:3423} INFO - Setting next_dagrun for example_task_group_decorator to 2025-05-12T21:18:28.364245+00:00, run_after=2025-05-13T21:18:28.364245+00:00
[2025-05-13T21:18:28.402+0000] {processor.py:175} INFO - Processing /home/airflow/.local/lib/python3.9/site-packages/airflow/example_dags/example_task_group_decorator.py took 0.441 seconds
[2025-05-13T21:18:58.671+0000] {processor.py:153} INFO - Started process (PID=471) to work on /home/airflow/.local/lib/python3.9/site-packages/airflow/example_dags/example_task_group_decorator.py
[2025-05-13T21:18:58.672+0000] {processor.py:743} INFO - Processing file /home/airflow/.local/lib/python3.9/site-packages/airflow/example_dags/example_task_group_decorator.py for tasks to queue
[2025-05-13T21:18:58.673+0000] {logging_mixin.py:137} INFO - [2025-05-13T21:18:58.673+0000] {dagbag.py:538} INFO - Filling up the DagBag from /home/airflow/.local/lib/python3.9/site-packages/airflow/example_dags/example_task_group_decorator.py
[2025-05-13T21:18:58.721+0000] {processor.py:753} INFO - DAG(s) dict_keys(['example_task_group_decorator']) retrieved from /home/airflow/.local/lib/python3.9/site-packages/airflow/example_dags/example_task_group_decorator.py
[2025-05-13T21:18:58.840+0000] {logging_mixin.py:137} INFO - [2025-05-13T21:18:58.839+0000] {dag.py:2676} INFO - Sync 1 DAGs
[2025-05-13T21:18:58.912+0000] {logging_mixin.py:137} INFO - [2025-05-13T21:18:58.912+0000] {dag.py:3423} INFO - Setting next_dagrun for example_task_group_decorator to 2025-05-12T21:18:58.911743+00:00, run_after=2025-05-13T21:18:58.911743+00:00
[2025-05-13T21:18:59.011+0000] {processor.py:175} INFO - Processing /home/airflow/.local/lib/python3.9/site-packages/airflow/example_dags/example_task_group_decorator.py took 0.345 seconds
[2025-05-13T21:19:29.361+0000] {processor.py:153} INFO - Started process (PID=674) to work on /home/airflow/.local/lib/python3.9/site-packages/airflow/example_dags/example_task_group_decorator.py
[2025-05-13T21:19:29.363+0000] {processor.py:743} INFO - Processing file /home/airflow/.local/lib/python3.9/site-packages/airflow/example_dags/example_task_group_decorator.py for tasks to queue
[2025-05-13T21:19:29.365+0000] {logging_mixin.py:137} INFO - [2025-05-13T21:19:29.364+0000] {dagbag.py:538} INFO - Filling up the DagBag from /home/airflow/.local/lib/python3.9/site-packages/airflow/example_dags/example_task_group_decorator.py
[2025-05-13T21:19:29.412+0000] {processor.py:753} INFO - DAG(s) dict_keys(['example_task_group_decorator']) retrieved from /home/airflow/.local/lib/python3.9/site-packages/airflow/example_dags/example_task_group_decorator.py
[2025-05-13T21:19:29.477+0000] {logging_mixin.py:137} INFO - [2025-05-13T21:19:29.477+0000] {dag.py:2676} INFO - Sync 1 DAGs
[2025-05-13T21:19:29.518+0000] {logging_mixin.py:137} INFO - [2025-05-13T21:19:29.518+0000] {dag.py:3423} INFO - Setting next_dagrun for example_task_group_decorator to 2025-05-12T21:19:29.518277+00:00, run_after=2025-05-13T21:19:29.518277+00:00
[2025-05-13T21:19:29.548+0000] {processor.py:175} INFO - Processing /home/airflow/.local/lib/python3.9/site-packages/airflow/example_dags/example_task_group_decorator.py took 0.191 seconds
[2025-05-13T21:20:00.024+0000] {processor.py:153} INFO - Started process (PID=877) to work on /home/airflow/.local/lib/python3.9/site-packages/airflow/example_dags/example_task_group_decorator.py
[2025-05-13T21:20:00.025+0000] {processor.py:743} INFO - Processing file /home/airflow/.local/lib/python3.9/site-packages/airflow/example_dags/example_task_group_decorator.py for tasks to queue
[2025-05-13T21:20:00.027+0000] {logging_mixin.py:137} INFO - [2025-05-13T21:20:00.027+0000] {dagbag.py:538} INFO - Filling up the DagBag from /home/airflow/.local/lib/python3.9/site-packages/airflow/example_dags/example_task_group_decorator.py
[2025-05-13T21:20:00.070+0000] {processor.py:753} INFO - DAG(s) dict_keys(['example_task_group_decorator']) retrieved from /home/airflow/.local/lib/python3.9/site-packages/airflow/example_dags/example_task_group_decorator.py
[2025-05-13T21:20:00.146+0000] {logging_mixin.py:137} INFO - [2025-05-13T21:20:00.146+0000] {dag.py:2676} INFO - Sync 1 DAGs
[2025-05-13T21:20:00.177+0000] {logging_mixin.py:137} INFO - [2025-05-13T21:20:00.176+0000] {dag.py:3423} INFO - Setting next_dagrun for example_task_group_decorator to 2025-05-12T21:20:00.176645+00:00, run_after=2025-05-13T21:20:00.176645+00:00
[2025-05-13T21:20:00.199+0000] {processor.py:175} INFO - Processing /home/airflow/.local/lib/python3.9/site-packages/airflow/example_dags/example_task_group_decorator.py took 0.180 seconds
[2025-05-13T21:20:30.507+0000] {processor.py:153} INFO - Started process (PID=1080) to work on /home/airflow/.local/lib/python3.9/site-packages/airflow/example_dags/example_task_group_decorator.py
[2025-05-13T21:20:30.508+0000] {processor.py:743} INFO - Processing file /home/airflow/.local/lib/python3.9/site-packages/airflow/example_dags/example_task_group_decorator.py for tasks to queue
[2025-05-13T21:20:30.509+0000] {logging_mixin.py:137} INFO - [2025-05-13T21:20:30.509+0000] {dagbag.py:538} INFO - Filling up the DagBag from /home/airflow/.local/lib/python3.9/site-packages/airflow/example_dags/example_task_group_decorator.py
[2025-05-13T21:20:30.552+0000] {processor.py:753} INFO - DAG(s) dict_keys(['example_task_group_decorator']) retrieved from /home/airflow/.local/lib/python3.9/site-packages/airflow/example_dags/example_task_group_decorator.py
[2025-05-13T21:20:30.614+0000] {logging_mixin.py:137} INFO - [2025-05-13T21:20:30.614+0000] {dag.py:2676} INFO - Sync 1 DAGs
[2025-05-13T21:20:30.643+0000] {logging_mixin.py:137} INFO - [2025-05-13T21:20:30.642+0000] {dag.py:3423} INFO - Setting next_dagrun for example_task_group_decorator to 2025-05-12T21:20:30.642532+00:00, run_after=2025-05-13T21:20:30.642532+00:00
[2025-05-13T21:20:30.666+0000] {processor.py:175} INFO - Processing /home/airflow/.local/lib/python3.9/site-packages/airflow/example_dags/example_task_group_decorator.py took 0.163 seconds
[2025-05-13T21:21:00.746+0000] {processor.py:153} INFO - Started process (PID=1286) to work on /home/airflow/.local/lib/python3.9/site-packages/airflow/example_dags/example_task_group_decorator.py
[2025-05-13T21:21:00.748+0000] {processor.py:743} INFO - Processing file /home/airflow/.local/lib/python3.9/site-packages/airflow/example_dags/example_task_group_decorator.py for tasks to queue
[2025-05-13T21:21:00.749+0000] {logging_mixin.py:137} INFO - [2025-05-13T21:21:00.748+0000] {dagbag.py:538} INFO - Filling up the DagBag from /home/airflow/.local/lib/python3.9/site-packages/airflow/example_dags/example_task_group_decorator.py
[2025-05-13T21:21:00.789+0000] {processor.py:753} INFO - DAG(s) dict_keys(['example_task_group_decorator']) retrieved from /home/airflow/.local/lib/python3.9/site-packages/airflow/example_dags/example_task_group_decorator.py
[2025-05-13T21:21:00.838+0000] {logging_mixin.py:137} INFO - [2025-05-13T21:21:00.838+0000] {dag.py:2676} INFO - Sync 1 DAGs
[2025-05-13T21:21:00.868+0000] {logging_mixin.py:137} INFO - [2025-05-13T21:21:00.868+0000] {dag.py:3423} INFO - Setting next_dagrun for example_task_group_decorator to 2025-05-12T21:21:00.868254+00:00, run_after=2025-05-13T21:21:00.868254+00:00
[2025-05-13T21:21:00.892+0000] {processor.py:175} INFO - Processing /home/airflow/.local/lib/python3.9/site-packages/airflow/example_dags/example_task_group_decorator.py took 0.149 seconds
[2025-05-13T21:21:31.249+0000] {processor.py:153} INFO - Started process (PID=1489) to work on /home/airflow/.local/lib/python3.9/site-packages/airflow/example_dags/example_task_group_decorator.py
[2025-05-13T21:21:31.250+0000] {processor.py:743} INFO - Processing file /home/airflow/.local/lib/python3.9/site-packages/airflow/example_dags/example_task_group_decorator.py for tasks to queue
[2025-05-13T21:21:31.251+0000] {logging_mixin.py:137} INFO - [2025-05-13T21:21:31.251+0000] {dagbag.py:538} INFO - Filling up the DagBag from /home/airflow/.local/lib/python3.9/site-packages/airflow/example_dags/example_task_group_decorator.py
[2025-05-13T21:21:31.292+0000] {processor.py:753} INFO - DAG(s) dict_keys(['example_task_group_decorator']) retrieved from /home/airflow/.local/lib/python3.9/site-packages/airflow/example_dags/example_task_group_decorator.py
[2025-05-13T21:21:31.348+0000] {logging_mixin.py:137} INFO - [2025-05-13T21:21:31.348+0000] {dag.py:2676} INFO - Sync 1 DAGs
[2025-05-13T21:21:31.380+0000] {logging_mixin.py:137} INFO - [2025-05-13T21:21:31.380+0000] {dag.py:3423} INFO - Setting next_dagrun for example_task_group_decorator to 2025-05-12T21:21:31.380176+00:00, run_after=2025-05-13T21:21:31.380176+00:00
[2025-05-13T21:21:31.407+0000] {processor.py:175} INFO - Processing /home/airflow/.local/lib/python3.9/site-packages/airflow/example_dags/example_task_group_decorator.py took 0.162 seconds
[2025-05-13T21:22:02.012+0000] {processor.py:153} INFO - Started process (PID=1692) to work on /home/airflow/.local/lib/python3.9/site-packages/airflow/example_dags/example_task_group_decorator.py
[2025-05-13T21:22:02.014+0000] {processor.py:743} INFO - Processing file /home/airflow/.local/lib/python3.9/site-packages/airflow/example_dags/example_task_group_decorator.py for tasks to queue
[2025-05-13T21:22:02.015+0000] {logging_mixin.py:137} INFO - [2025-05-13T21:22:02.015+0000] {dagbag.py:538} INFO - Filling up the DagBag from /home/airflow/.local/lib/python3.9/site-packages/airflow/example_dags/example_task_group_decorator.py
[2025-05-13T21:22:02.057+0000] {processor.py:753} INFO - DAG(s) dict_keys(['example_task_group_decorator']) retrieved from /home/airflow/.local/lib/python3.9/site-packages/airflow/example_dags/example_task_group_decorator.py
[2025-05-13T21:22:02.122+0000] {logging_mixin.py:137} INFO - [2025-05-13T21:22:02.121+0000] {dag.py:2676} INFO - Sync 1 DAGs
[2025-05-13T21:22:02.152+0000] {logging_mixin.py:137} INFO - [2025-05-13T21:22:02.152+0000] {dag.py:3423} INFO - Setting next_dagrun for example_task_group_decorator to 2025-05-12T21:22:02.152475+00:00, run_after=2025-05-13T21:22:02.152475+00:00
[2025-05-13T21:22:02.182+0000] {processor.py:175} INFO - Processing /home/airflow/.local/lib/python3.9/site-packages/airflow/example_dags/example_task_group_decorator.py took 0.173 seconds
[2025-05-13T21:22:32.528+0000] {processor.py:153} INFO - Started process (PID=1895) to work on /home/airflow/.local/lib/python3.9/site-packages/airflow/example_dags/example_task_group_decorator.py
[2025-05-13T21:22:32.529+0000] {processor.py:743} INFO - Processing file /home/airflow/.local/lib/python3.9/site-packages/airflow/example_dags/example_task_group_decorator.py for tasks to queue
[2025-05-13T21:22:32.530+0000] {logging_mixin.py:137} INFO - [2025-05-13T21:22:32.530+0000] {dagbag.py:538} INFO - Filling up the DagBag from /home/airflow/.local/lib/python3.9/site-packages/airflow/example_dags/example_task_group_decorator.py
[2025-05-13T21:22:32.570+0000] {processor.py:753} INFO - DAG(s) dict_keys(['example_task_group_decorator']) retrieved from /home/airflow/.local/lib/python3.9/site-packages/airflow/example_dags/example_task_group_decorator.py
[2025-05-13T21:22:32.621+0000] {logging_mixin.py:137} INFO - [2025-05-13T21:22:32.621+0000] {dag.py:2676} INFO - Sync 1 DAGs
[2025-05-13T21:22:32.659+0000] {logging_mixin.py:137} INFO - [2025-05-13T21:22:32.659+0000] {dag.py:3423} INFO - Setting next_dagrun for example_task_group_decorator to 2025-05-12T21:22:32.658785+00:00, run_after=2025-05-13T21:22:32.658785+00:00
[2025-05-13T21:22:32.716+0000] {processor.py:175} INFO - Processing /home/airflow/.local/lib/python3.9/site-packages/airflow/example_dags/example_task_group_decorator.py took 0.193 seconds
[2025-05-13T21:23:03.056+0000] {processor.py:153} INFO - Started process (PID=2098) to work on /home/airflow/.local/lib/python3.9/site-packages/airflow/example_dags/example_task_group_decorator.py
[2025-05-13T21:23:03.057+0000] {processor.py:743} INFO - Processing file /home/airflow/.local/lib/python3.9/site-packages/airflow/example_dags/example_task_group_decorator.py for tasks to queue
[2025-05-13T21:23:03.059+0000] {logging_mixin.py:137} INFO - [2025-05-13T21:23:03.059+0000] {dagbag.py:538} INFO - Filling up the DagBag from /home/airflow/.local/lib/python3.9/site-packages/airflow/example_dags/example_task_group_decorator.py
[2025-05-13T21:23:03.106+0000] {processor.py:753} INFO - DAG(s) dict_keys(['example_task_group_decorator']) retrieved from /home/airflow/.local/lib/python3.9/site-packages/airflow/example_dags/example_task_group_decorator.py
[2025-05-13T21:23:03.160+0000] {logging_mixin.py:137} INFO - [2025-05-13T21:23:03.160+0000] {dag.py:2676} INFO - Sync 1 DAGs
[2025-05-13T21:23:03.189+0000] {logging_mixin.py:137} INFO - [2025-05-13T21:23:03.189+0000] {dag.py:3423} INFO - Setting next_dagrun for example_task_group_decorator to 2025-05-12T21:23:03.189096+00:00, run_after=2025-05-13T21:23:03.189096+00:00
[2025-05-13T21:23:03.231+0000] {processor.py:175} INFO - Processing /home/airflow/.local/lib/python3.9/site-packages/airflow/example_dags/example_task_group_decorator.py took 0.180 seconds
[2025-05-13T21:23:33.666+0000] {processor.py:153} INFO - Started process (PID=2301) to work on /home/airflow/.local/lib/python3.9/site-packages/airflow/example_dags/example_task_group_decorator.py
[2025-05-13T21:23:33.667+0000] {processor.py:743} INFO - Processing file /home/airflow/.local/lib/python3.9/site-packages/airflow/example_dags/example_task_group_decorator.py for tasks to queue
[2025-05-13T21:23:33.669+0000] {logging_mixin.py:137} INFO - [2025-05-13T21:23:33.668+0000] {dagbag.py:538} INFO - Filling up the DagBag from /home/airflow/.local/lib/python3.9/site-packages/airflow/example_dags/example_task_group_decorator.py
[2025-05-13T21:23:33.707+0000] {processor.py:753} INFO - DAG(s) dict_keys(['example_task_group_decorator']) retrieved from /home/airflow/.local/lib/python3.9/site-packages/airflow/example_dags/example_task_group_decorator.py
[2025-05-13T21:23:33.756+0000] {logging_mixin.py:137} INFO - [2025-05-13T21:23:33.756+0000] {dag.py:2676} INFO - Sync 1 DAGs
[2025-05-13T21:23:33.784+0000] {logging_mixin.py:137} INFO - [2025-05-13T21:23:33.784+0000] {dag.py:3423} INFO - Setting next_dagrun for example_task_group_decorator to 2025-05-12T21:23:33.784193+00:00, run_after=2025-05-13T21:23:33.784193+00:00
[2025-05-13T21:23:33.807+0000] {processor.py:175} INFO - Processing /home/airflow/.local/lib/python3.9/site-packages/airflow/example_dags/example_task_group_decorator.py took 0.144 seconds
[2025-05-13T21:24:04.315+0000] {processor.py:153} INFO - Started process (PID=2504) to work on /home/airflow/.local/lib/python3.9/site-packages/airflow/example_dags/example_task_group_decorator.py
[2025-05-13T21:24:04.316+0000] {processor.py:743} INFO - Processing file /home/airflow/.local/lib/python3.9/site-packages/airflow/example_dags/example_task_group_decorator.py for tasks to queue
[2025-05-13T21:24:04.317+0000] {logging_mixin.py:137} INFO - [2025-05-13T21:24:04.317+0000] {dagbag.py:538} INFO - Filling up the DagBag from /home/airflow/.local/lib/python3.9/site-packages/airflow/example_dags/example_task_group_decorator.py
[2025-05-13T21:24:04.364+0000] {processor.py:753} INFO - DAG(s) dict_keys(['example_task_group_decorator']) retrieved from /home/airflow/.local/lib/python3.9/site-packages/airflow/example_dags/example_task_group_decorator.py
[2025-05-13T21:24:04.419+0000] {logging_mixin.py:137} INFO - [2025-05-13T21:24:04.419+0000] {dag.py:2676} INFO - Sync 1 DAGs
[2025-05-13T21:24:04.450+0000] {logging_mixin.py:137} INFO - [2025-05-13T21:24:04.449+0000] {dag.py:3423} INFO - Setting next_dagrun for example_task_group_decorator to 2025-05-12T21:24:04.449577+00:00, run_after=2025-05-13T21:24:04.449577+00:00
[2025-05-13T21:24:04.473+0000] {processor.py:175} INFO - Processing /home/airflow/.local/lib/python3.9/site-packages/airflow/example_dags/example_task_group_decorator.py took 0.163 seconds
[2025-05-13T21:24:35.498+0000] {processor.py:153} INFO - Started process (PID=2705) to work on /home/airflow/.local/lib/python3.9/site-packages/airflow/example_dags/example_task_group_decorator.py
[2025-05-13T21:24:35.500+0000] {processor.py:743} INFO - Processing file /home/airflow/.local/lib/python3.9/site-packages/airflow/example_dags/example_task_group_decorator.py for tasks to queue
[2025-05-13T21:24:35.501+0000] {logging_mixin.py:137} INFO - [2025-05-13T21:24:35.501+0000] {dagbag.py:538} INFO - Filling up the DagBag from /home/airflow/.local/lib/python3.9/site-packages/airflow/example_dags/example_task_group_decorator.py
[2025-05-13T21:24:35.547+0000] {processor.py:753} INFO - DAG(s) dict_keys(['example_task_group_decorator']) retrieved from /home/airflow/.local/lib/python3.9/site-packages/airflow/example_dags/example_task_group_decorator.py
[2025-05-13T21:24:35.603+0000] {logging_mixin.py:137} INFO - [2025-05-13T21:24:35.603+0000] {dag.py:2676} INFO - Sync 1 DAGs
[2025-05-13T21:24:35.642+0000] {logging_mixin.py:137} INFO - [2025-05-13T21:24:35.642+0000] {dag.py:3423} INFO - Setting next_dagrun for example_task_group_decorator to 2025-05-12T21:24:35.642417+00:00, run_after=2025-05-13T21:24:35.642417+00:00
[2025-05-13T21:24:35.667+0000] {processor.py:175} INFO - Processing /home/airflow/.local/lib/python3.9/site-packages/airflow/example_dags/example_task_group_decorator.py took 0.175 seconds
[2025-05-13T21:25:06.061+0000] {processor.py:153} INFO - Started process (PID=2904) to work on /home/airflow/.local/lib/python3.9/site-packages/airflow/example_dags/example_task_group_decorator.py
[2025-05-13T21:25:06.063+0000] {processor.py:743} INFO - Processing file /home/airflow/.local/lib/python3.9/site-packages/airflow/example_dags/example_task_group_decorator.py for tasks to queue
[2025-05-13T21:25:06.064+0000] {logging_mixin.py:137} INFO - [2025-05-13T21:25:06.064+0000] {dagbag.py:538} INFO - Filling up the DagBag from /home/airflow/.local/lib/python3.9/site-packages/airflow/example_dags/example_task_group_decorator.py
[2025-05-13T21:25:06.112+0000] {processor.py:753} INFO - DAG(s) dict_keys(['example_task_group_decorator']) retrieved from /home/airflow/.local/lib/python3.9/site-packages/airflow/example_dags/example_task_group_decorator.py
[2025-05-13T21:25:06.179+0000] {logging_mixin.py:137} INFO - [2025-05-13T21:25:06.179+0000] {dag.py:2676} INFO - Sync 1 DAGs
[2025-05-13T21:25:06.217+0000] {logging_mixin.py:137} INFO - [2025-05-13T21:25:06.217+0000] {dag.py:3423} INFO - Setting next_dagrun for example_task_group_decorator to 2025-05-12T21:25:06.217145+00:00, run_after=2025-05-13T21:25:06.217145+00:00
[2025-05-13T21:25:06.273+0000] {processor.py:175} INFO - Processing /home/airflow/.local/lib/python3.9/site-packages/airflow/example_dags/example_task_group_decorator.py took 0.217 seconds
[2025-05-13T21:25:36.946+0000] {processor.py:153} INFO - Started process (PID=3107) to work on /home/airflow/.local/lib/python3.9/site-packages/airflow/example_dags/example_task_group_decorator.py
[2025-05-13T21:25:36.947+0000] {processor.py:743} INFO - Processing file /home/airflow/.local/lib/python3.9/site-packages/airflow/example_dags/example_task_group_decorator.py for tasks to queue
[2025-05-13T21:25:36.949+0000] {logging_mixin.py:137} INFO - [2025-05-13T21:25:36.948+0000] {dagbag.py:538} INFO - Filling up the DagBag from /home/airflow/.local/lib/python3.9/site-packages/airflow/example_dags/example_task_group_decorator.py
[2025-05-13T21:25:36.988+0000] {processor.py:753} INFO - DAG(s) dict_keys(['example_task_group_decorator']) retrieved from /home/airflow/.local/lib/python3.9/site-packages/airflow/example_dags/example_task_group_decorator.py
[2025-05-13T21:25:37.039+0000] {logging_mixin.py:137} INFO - [2025-05-13T21:25:37.039+0000] {dag.py:2676} INFO - Sync 1 DAGs
[2025-05-13T21:25:37.066+0000] {logging_mixin.py:137} INFO - [2025-05-13T21:25:37.066+0000] {dag.py:3423} INFO - Setting next_dagrun for example_task_group_decorator to 2025-05-12T21:25:37.066271+00:00, run_after=2025-05-13T21:25:37.066271+00:00
[2025-05-13T21:25:37.087+0000] {processor.py:175} INFO - Processing /home/airflow/.local/lib/python3.9/site-packages/airflow/example_dags/example_task_group_decorator.py took 0.145 seconds
[2025-05-13T21:26:07.396+0000] {processor.py:153} INFO - Started process (PID=3322) to work on /home/airflow/.local/lib/python3.9/site-packages/airflow/example_dags/example_task_group_decorator.py
[2025-05-13T21:26:07.398+0000] {processor.py:743} INFO - Processing file /home/airflow/.local/lib/python3.9/site-packages/airflow/example_dags/example_task_group_decorator.py for tasks to queue
[2025-05-13T21:26:07.399+0000] {logging_mixin.py:137} INFO - [2025-05-13T21:26:07.399+0000] {dagbag.py:538} INFO - Filling up the DagBag from /home/airflow/.local/lib/python3.9/site-packages/airflow/example_dags/example_task_group_decorator.py
[2025-05-13T21:26:07.442+0000] {processor.py:753} INFO - DAG(s) dict_keys(['example_task_group_decorator']) retrieved from /home/airflow/.local/lib/python3.9/site-packages/airflow/example_dags/example_task_group_decorator.py
[2025-05-13T21:26:07.500+0000] {logging_mixin.py:137} INFO - [2025-05-13T21:26:07.500+0000] {dag.py:2676} INFO - Sync 1 DAGs
[2025-05-13T21:26:07.532+0000] {logging_mixin.py:137} INFO - [2025-05-13T21:26:07.531+0000] {dag.py:3423} INFO - Setting next_dagrun for example_task_group_decorator to 2025-05-12T21:26:07.531528+00:00, run_after=2025-05-13T21:26:07.531528+00:00
[2025-05-13T21:26:07.556+0000] {processor.py:175} INFO - Processing /home/airflow/.local/lib/python3.9/site-packages/airflow/example_dags/example_task_group_decorator.py took 0.168 seconds
[2025-05-13T21:26:38.133+0000] {processor.py:153} INFO - Started process (PID=3525) to work on /home/airflow/.local/lib/python3.9/site-packages/airflow/example_dags/example_task_group_decorator.py
[2025-05-13T21:26:38.136+0000] {processor.py:743} INFO - Processing file /home/airflow/.local/lib/python3.9/site-packages/airflow/example_dags/example_task_group_decorator.py for tasks to queue
[2025-05-13T21:26:38.138+0000] {logging_mixin.py:137} INFO - [2025-05-13T21:26:38.137+0000] {dagbag.py:538} INFO - Filling up the DagBag from /home/airflow/.local/lib/python3.9/site-packages/airflow/example_dags/example_task_group_decorator.py
[2025-05-13T21:26:38.236+0000] {processor.py:753} INFO - DAG(s) dict_keys(['example_task_group_decorator']) retrieved from /home/airflow/.local/lib/python3.9/site-packages/airflow/example_dags/example_task_group_decorator.py
[2025-05-13T21:26:38.318+0000] {logging_mixin.py:137} INFO - [2025-05-13T21:26:38.318+0000] {dag.py:2676} INFO - Sync 1 DAGs
[2025-05-13T21:26:38.357+0000] {logging_mixin.py:137} INFO - [2025-05-13T21:26:38.357+0000] {dag.py:3423} INFO - Setting next_dagrun for example_task_group_decorator to 2025-05-12T21:26:38.356658+00:00, run_after=2025-05-13T21:26:38.356658+00:00
[2025-05-13T21:26:38.386+0000] {processor.py:175} INFO - Processing /home/airflow/.local/lib/python3.9/site-packages/airflow/example_dags/example_task_group_decorator.py took 0.261 seconds
[2025-05-13T21:27:08.631+0000] {processor.py:153} INFO - Started process (PID=3728) to work on /home/airflow/.local/lib/python3.9/site-packages/airflow/example_dags/example_task_group_decorator.py
[2025-05-13T21:27:08.632+0000] {processor.py:743} INFO - Processing file /home/airflow/.local/lib/python3.9/site-packages/airflow/example_dags/example_task_group_decorator.py for tasks to queue
[2025-05-13T21:27:08.633+0000] {logging_mixin.py:137} INFO - [2025-05-13T21:27:08.633+0000] {dagbag.py:538} INFO - Filling up the DagBag from /home/airflow/.local/lib/python3.9/site-packages/airflow/example_dags/example_task_group_decorator.py
[2025-05-13T21:27:08.668+0000] {processor.py:753} INFO - DAG(s) dict_keys(['example_task_group_decorator']) retrieved from /home/airflow/.local/lib/python3.9/site-packages/airflow/example_dags/example_task_group_decorator.py
[2025-05-13T21:27:08.708+0000] {logging_mixin.py:137} INFO - [2025-05-13T21:27:08.708+0000] {dag.py:2676} INFO - Sync 1 DAGs
[2025-05-13T21:27:08.733+0000] {logging_mixin.py:137} INFO - [2025-05-13T21:27:08.733+0000] {dag.py:3423} INFO - Setting next_dagrun for example_task_group_decorator to 2025-05-12T21:27:08.733210+00:00, run_after=2025-05-13T21:27:08.733210+00:00
[2025-05-13T21:27:08.754+0000] {processor.py:175} INFO - Processing /home/airflow/.local/lib/python3.9/site-packages/airflow/example_dags/example_task_group_decorator.py took 0.128 seconds
[2025-05-13T21:27:39.330+0000] {processor.py:153} INFO - Started process (PID=3931) to work on /home/airflow/.local/lib/python3.9/site-packages/airflow/example_dags/example_task_group_decorator.py
[2025-05-13T21:27:39.331+0000] {processor.py:743} INFO - Processing file /home/airflow/.local/lib/python3.9/site-packages/airflow/example_dags/example_task_group_decorator.py for tasks to queue
[2025-05-13T21:27:39.332+0000] {logging_mixin.py:137} INFO - [2025-05-13T21:27:39.332+0000] {dagbag.py:538} INFO - Filling up the DagBag from /home/airflow/.local/lib/python3.9/site-packages/airflow/example_dags/example_task_group_decorator.py
[2025-05-13T21:27:39.364+0000] {processor.py:753} INFO - DAG(s) dict_keys(['example_task_group_decorator']) retrieved from /home/airflow/.local/lib/python3.9/site-packages/airflow/example_dags/example_task_group_decorator.py
[2025-05-13T21:27:39.414+0000] {logging_mixin.py:137} INFO - [2025-05-13T21:27:39.414+0000] {dag.py:2676} INFO - Sync 1 DAGs
[2025-05-13T21:27:39.488+0000] {logging_mixin.py:137} INFO - [2025-05-13T21:27:39.488+0000] {dag.py:3423} INFO - Setting next_dagrun for example_task_group_decorator to 2025-05-12T21:27:39.488053+00:00, run_after=2025-05-13T21:27:39.488053+00:00
[2025-05-13T21:27:39.511+0000] {processor.py:175} INFO - Processing /home/airflow/.local/lib/python3.9/site-packages/airflow/example_dags/example_task_group_decorator.py took 0.185 seconds
[2025-05-13T21:28:10.012+0000] {processor.py:153} INFO - Started process (PID=4134) to work on /home/airflow/.local/lib/python3.9/site-packages/airflow/example_dags/example_task_group_decorator.py
[2025-05-13T21:28:10.013+0000] {processor.py:743} INFO - Processing file /home/airflow/.local/lib/python3.9/site-packages/airflow/example_dags/example_task_group_decorator.py for tasks to queue
[2025-05-13T21:28:10.014+0000] {logging_mixin.py:137} INFO - [2025-05-13T21:28:10.014+0000] {dagbag.py:538} INFO - Filling up the DagBag from /home/airflow/.local/lib/python3.9/site-packages/airflow/example_dags/example_task_group_decorator.py
[2025-05-13T21:28:10.057+0000] {processor.py:753} INFO - DAG(s) dict_keys(['example_task_group_decorator']) retrieved from /home/airflow/.local/lib/python3.9/site-packages/airflow/example_dags/example_task_group_decorator.py
[2025-05-13T21:28:10.092+0000] {logging_mixin.py:137} INFO - [2025-05-13T21:28:10.092+0000] {dag.py:2676} INFO - Sync 1 DAGs
[2025-05-13T21:28:10.124+0000] {logging_mixin.py:137} INFO - [2025-05-13T21:28:10.124+0000] {dag.py:3423} INFO - Setting next_dagrun for example_task_group_decorator to 2025-05-12T21:28:10.124374+00:00, run_after=2025-05-13T21:28:10.124374+00:00
[2025-05-13T21:28:10.150+0000] {processor.py:175} INFO - Processing /home/airflow/.local/lib/python3.9/site-packages/airflow/example_dags/example_task_group_decorator.py took 0.142 seconds
[2025-05-13T21:28:40.751+0000] {processor.py:153} INFO - Started process (PID=4337) to work on /home/airflow/.local/lib/python3.9/site-packages/airflow/example_dags/example_task_group_decorator.py
[2025-05-13T21:28:40.752+0000] {processor.py:743} INFO - Processing file /home/airflow/.local/lib/python3.9/site-packages/airflow/example_dags/example_task_group_decorator.py for tasks to queue
[2025-05-13T21:28:40.754+0000] {logging_mixin.py:137} INFO - [2025-05-13T21:28:40.754+0000] {dagbag.py:538} INFO - Filling up the DagBag from /home/airflow/.local/lib/python3.9/site-packages/airflow/example_dags/example_task_group_decorator.py
[2025-05-13T21:28:40.799+0000] {processor.py:753} INFO - DAG(s) dict_keys(['example_task_group_decorator']) retrieved from /home/airflow/.local/lib/python3.9/site-packages/airflow/example_dags/example_task_group_decorator.py
[2025-05-13T21:28:40.851+0000] {logging_mixin.py:137} INFO - [2025-05-13T21:28:40.851+0000] {dag.py:2676} INFO - Sync 1 DAGs
[2025-05-13T21:28:40.878+0000] {logging_mixin.py:137} INFO - [2025-05-13T21:28:40.877+0000] {dag.py:3423} INFO - Setting next_dagrun for example_task_group_decorator to 2025-05-12T21:28:40.877642+00:00, run_after=2025-05-13T21:28:40.877642+00:00
[2025-05-13T21:28:40.899+0000] {processor.py:175} INFO - Processing /home/airflow/.local/lib/python3.9/site-packages/airflow/example_dags/example_task_group_decorator.py took 0.156 seconds
[2025-05-13T21:29:11.627+0000] {processor.py:153} INFO - Started process (PID=4540) to work on /home/airflow/.local/lib/python3.9/site-packages/airflow/example_dags/example_task_group_decorator.py
[2025-05-13T21:29:11.636+0000] {processor.py:743} INFO - Processing file /home/airflow/.local/lib/python3.9/site-packages/airflow/example_dags/example_task_group_decorator.py for tasks to queue
[2025-05-13T21:29:11.647+0000] {logging_mixin.py:137} INFO - [2025-05-13T21:29:11.646+0000] {dagbag.py:538} INFO - Filling up the DagBag from /home/airflow/.local/lib/python3.9/site-packages/airflow/example_dags/example_task_group_decorator.py
[2025-05-13T21:29:11.704+0000] {processor.py:753} INFO - DAG(s) dict_keys(['example_task_group_decorator']) retrieved from /home/airflow/.local/lib/python3.9/site-packages/airflow/example_dags/example_task_group_decorator.py
[2025-05-13T21:29:11.760+0000] {logging_mixin.py:137} INFO - [2025-05-13T21:29:11.760+0000] {dag.py:2676} INFO - Sync 1 DAGs
[2025-05-13T21:29:11.785+0000] {logging_mixin.py:137} INFO - [2025-05-13T21:29:11.785+0000] {dag.py:3423} INFO - Setting next_dagrun for example_task_group_decorator to 2025-05-12T21:29:11.784818+00:00, run_after=2025-05-13T21:29:11.784818+00:00
[2025-05-13T21:29:11.807+0000] {processor.py:175} INFO - Processing /home/airflow/.local/lib/python3.9/site-packages/airflow/example_dags/example_task_group_decorator.py took 0.190 seconds
[2025-05-13T21:29:42.019+0000] {processor.py:153} INFO - Started process (PID=4741) to work on /home/airflow/.local/lib/python3.9/site-packages/airflow/example_dags/example_task_group_decorator.py
[2025-05-13T21:29:42.020+0000] {processor.py:743} INFO - Processing file /home/airflow/.local/lib/python3.9/site-packages/airflow/example_dags/example_task_group_decorator.py for tasks to queue
[2025-05-13T21:29:42.021+0000] {logging_mixin.py:137} INFO - [2025-05-13T21:29:42.021+0000] {dagbag.py:538} INFO - Filling up the DagBag from /home/airflow/.local/lib/python3.9/site-packages/airflow/example_dags/example_task_group_decorator.py
[2025-05-13T21:29:42.064+0000] {processor.py:753} INFO - DAG(s) dict_keys(['example_task_group_decorator']) retrieved from /home/airflow/.local/lib/python3.9/site-packages/airflow/example_dags/example_task_group_decorator.py
[2025-05-13T21:29:42.120+0000] {logging_mixin.py:137} INFO - [2025-05-13T21:29:42.119+0000] {dag.py:2676} INFO - Sync 1 DAGs
[2025-05-13T21:29:42.152+0000] {logging_mixin.py:137} INFO - [2025-05-13T21:29:42.152+0000] {dag.py:3423} INFO - Setting next_dagrun for example_task_group_decorator to 2025-05-12T21:29:42.151816+00:00, run_after=2025-05-13T21:29:42.151816+00:00
[2025-05-13T21:29:42.177+0000] {processor.py:175} INFO - Processing /home/airflow/.local/lib/python3.9/site-packages/airflow/example_dags/example_task_group_decorator.py took 0.163 seconds
[2025-05-13T21:30:12.245+0000] {processor.py:153} INFO - Started process (PID=4940) to work on /home/airflow/.local/lib/python3.9/site-packages/airflow/example_dags/example_task_group_decorator.py
[2025-05-13T21:30:12.247+0000] {processor.py:743} INFO - Processing file /home/airflow/.local/lib/python3.9/site-packages/airflow/example_dags/example_task_group_decorator.py for tasks to queue
[2025-05-13T21:30:12.248+0000] {logging_mixin.py:137} INFO - [2025-05-13T21:30:12.248+0000] {dagbag.py:538} INFO - Filling up the DagBag from /home/airflow/.local/lib/python3.9/site-packages/airflow/example_dags/example_task_group_decorator.py
[2025-05-13T21:30:12.289+0000] {processor.py:753} INFO - DAG(s) dict_keys(['example_task_group_decorator']) retrieved from /home/airflow/.local/lib/python3.9/site-packages/airflow/example_dags/example_task_group_decorator.py
[2025-05-13T21:30:12.344+0000] {logging_mixin.py:137} INFO - [2025-05-13T21:30:12.344+0000] {dag.py:2676} INFO - Sync 1 DAGs
[2025-05-13T21:30:12.374+0000] {logging_mixin.py:137} INFO - [2025-05-13T21:30:12.374+0000] {dag.py:3423} INFO - Setting next_dagrun for example_task_group_decorator to 2025-05-12T21:30:12.374018+00:00, run_after=2025-05-13T21:30:12.374018+00:00
[2025-05-13T21:30:12.397+0000] {processor.py:175} INFO - Processing /home/airflow/.local/lib/python3.9/site-packages/airflow/example_dags/example_task_group_decorator.py took 0.156 seconds
[2025-05-13T21:30:42.489+0000] {processor.py:153} INFO - Started process (PID=5143) to work on /home/airflow/.local/lib/python3.9/site-packages/airflow/example_dags/example_task_group_decorator.py
[2025-05-13T21:30:42.490+0000] {processor.py:743} INFO - Processing file /home/airflow/.local/lib/python3.9/site-packages/airflow/example_dags/example_task_group_decorator.py for tasks to queue
[2025-05-13T21:30:42.491+0000] {logging_mixin.py:137} INFO - [2025-05-13T21:30:42.491+0000] {dagbag.py:538} INFO - Filling up the DagBag from /home/airflow/.local/lib/python3.9/site-packages/airflow/example_dags/example_task_group_decorator.py
[2025-05-13T21:30:42.529+0000] {processor.py:753} INFO - DAG(s) dict_keys(['example_task_group_decorator']) retrieved from /home/airflow/.local/lib/python3.9/site-packages/airflow/example_dags/example_task_group_decorator.py
[2025-05-13T21:30:42.575+0000] {logging_mixin.py:137} INFO - [2025-05-13T21:30:42.575+0000] {dag.py:2676} INFO - Sync 1 DAGs
[2025-05-13T21:30:42.599+0000] {logging_mixin.py:137} INFO - [2025-05-13T21:30:42.599+0000] {dag.py:3423} INFO - Setting next_dagrun for example_task_group_decorator to 2025-05-12T21:30:42.598869+00:00, run_after=2025-05-13T21:30:42.598869+00:00
[2025-05-13T21:30:42.615+0000] {processor.py:175} INFO - Processing /home/airflow/.local/lib/python3.9/site-packages/airflow/example_dags/example_task_group_decorator.py took 0.130 seconds
[2025-05-13T21:31:13.197+0000] {processor.py:153} INFO - Started process (PID=5349) to work on /home/airflow/.local/lib/python3.9/site-packages/airflow/example_dags/example_task_group_decorator.py
[2025-05-13T21:31:13.199+0000] {processor.py:743} INFO - Processing file /home/airflow/.local/lib/python3.9/site-packages/airflow/example_dags/example_task_group_decorator.py for tasks to queue
[2025-05-13T21:31:13.201+0000] {logging_mixin.py:137} INFO - [2025-05-13T21:31:13.201+0000] {dagbag.py:538} INFO - Filling up the DagBag from /home/airflow/.local/lib/python3.9/site-packages/airflow/example_dags/example_task_group_decorator.py
[2025-05-13T21:31:13.241+0000] {processor.py:753} INFO - DAG(s) dict_keys(['example_task_group_decorator']) retrieved from /home/airflow/.local/lib/python3.9/site-packages/airflow/example_dags/example_task_group_decorator.py
[2025-05-13T21:31:13.296+0000] {logging_mixin.py:137} INFO - [2025-05-13T21:31:13.296+0000] {dag.py:2676} INFO - Sync 1 DAGs
[2025-05-13T21:31:13.327+0000] {logging_mixin.py:137} INFO - [2025-05-13T21:31:13.327+0000] {dag.py:3423} INFO - Setting next_dagrun for example_task_group_decorator to 2025-05-12T21:31:13.327026+00:00, run_after=2025-05-13T21:31:13.327026+00:00
[2025-05-13T21:31:13.354+0000] {processor.py:175} INFO - Processing /home/airflow/.local/lib/python3.9/site-packages/airflow/example_dags/example_task_group_decorator.py took 0.162 seconds
[2025-05-13T21:31:43.923+0000] {processor.py:153} INFO - Started process (PID=5552) to work on /home/airflow/.local/lib/python3.9/site-packages/airflow/example_dags/example_task_group_decorator.py
[2025-05-13T21:31:43.924+0000] {processor.py:743} INFO - Processing file /home/airflow/.local/lib/python3.9/site-packages/airflow/example_dags/example_task_group_decorator.py for tasks to queue
[2025-05-13T21:31:43.925+0000] {logging_mixin.py:137} INFO - [2025-05-13T21:31:43.925+0000] {dagbag.py:538} INFO - Filling up the DagBag from /home/airflow/.local/lib/python3.9/site-packages/airflow/example_dags/example_task_group_decorator.py
[2025-05-13T21:31:43.956+0000] {processor.py:753} INFO - DAG(s) dict_keys(['example_task_group_decorator']) retrieved from /home/airflow/.local/lib/python3.9/site-packages/airflow/example_dags/example_task_group_decorator.py
[2025-05-13T21:31:44.002+0000] {logging_mixin.py:137} INFO - [2025-05-13T21:31:44.002+0000] {dag.py:2676} INFO - Sync 1 DAGs
[2025-05-13T21:31:44.323+0000] {logging_mixin.py:137} INFO - [2025-05-13T21:31:44.323+0000] {dag.py:3423} INFO - Setting next_dagrun for example_task_group_decorator to 2025-05-12T21:31:44.323058+00:00, run_after=2025-05-13T21:31:44.323058+00:00
[2025-05-13T21:31:44.358+0000] {processor.py:175} INFO - Processing /home/airflow/.local/lib/python3.9/site-packages/airflow/example_dags/example_task_group_decorator.py took 0.440 seconds
[2025-05-13T21:32:14.713+0000] {processor.py:153} INFO - Started process (PID=5755) to work on /home/airflow/.local/lib/python3.9/site-packages/airflow/example_dags/example_task_group_decorator.py
[2025-05-13T21:32:14.715+0000] {processor.py:743} INFO - Processing file /home/airflow/.local/lib/python3.9/site-packages/airflow/example_dags/example_task_group_decorator.py for tasks to queue
[2025-05-13T21:32:14.716+0000] {logging_mixin.py:137} INFO - [2025-05-13T21:32:14.716+0000] {dagbag.py:538} INFO - Filling up the DagBag from /home/airflow/.local/lib/python3.9/site-packages/airflow/example_dags/example_task_group_decorator.py
[2025-05-13T21:32:14.754+0000] {processor.py:753} INFO - DAG(s) dict_keys(['example_task_group_decorator']) retrieved from /home/airflow/.local/lib/python3.9/site-packages/airflow/example_dags/example_task_group_decorator.py
[2025-05-13T21:32:14.808+0000] {logging_mixin.py:137} INFO - [2025-05-13T21:32:14.808+0000] {dag.py:2676} INFO - Sync 1 DAGs
[2025-05-13T21:32:14.838+0000] {logging_mixin.py:137} INFO - [2025-05-13T21:32:14.838+0000] {dag.py:3423} INFO - Setting next_dagrun for example_task_group_decorator to 2025-05-12T21:32:14.838023+00:00, run_after=2025-05-13T21:32:14.838023+00:00
[2025-05-13T21:32:14.861+0000] {processor.py:175} INFO - Processing /home/airflow/.local/lib/python3.9/site-packages/airflow/example_dags/example_task_group_decorator.py took 0.152 seconds
[2025-05-13T21:32:45.094+0000] {processor.py:153} INFO - Started process (PID=5958) to work on /home/airflow/.local/lib/python3.9/site-packages/airflow/example_dags/example_task_group_decorator.py
[2025-05-13T21:32:45.096+0000] {processor.py:743} INFO - Processing file /home/airflow/.local/lib/python3.9/site-packages/airflow/example_dags/example_task_group_decorator.py for tasks to queue
[2025-05-13T21:32:45.097+0000] {logging_mixin.py:137} INFO - [2025-05-13T21:32:45.097+0000] {dagbag.py:538} INFO - Filling up the DagBag from /home/airflow/.local/lib/python3.9/site-packages/airflow/example_dags/example_task_group_decorator.py
[2025-05-13T21:32:45.137+0000] {processor.py:753} INFO - DAG(s) dict_keys(['example_task_group_decorator']) retrieved from /home/airflow/.local/lib/python3.9/site-packages/airflow/example_dags/example_task_group_decorator.py
[2025-05-13T21:32:45.191+0000] {logging_mixin.py:137} INFO - [2025-05-13T21:32:45.191+0000] {dag.py:2676} INFO - Sync 1 DAGs
[2025-05-13T21:32:45.219+0000] {logging_mixin.py:137} INFO - [2025-05-13T21:32:45.218+0000] {dag.py:3423} INFO - Setting next_dagrun for example_task_group_decorator to 2025-05-12T21:32:45.218629+00:00, run_after=2025-05-13T21:32:45.218629+00:00
[2025-05-13T21:32:45.248+0000] {processor.py:175} INFO - Processing /home/airflow/.local/lib/python3.9/site-packages/airflow/example_dags/example_task_group_decorator.py took 0.162 seconds
[2025-05-13T21:33:15.442+0000] {processor.py:153} INFO - Started process (PID=6161) to work on /home/airflow/.local/lib/python3.9/site-packages/airflow/example_dags/example_task_group_decorator.py
[2025-05-13T21:33:15.443+0000] {processor.py:743} INFO - Processing file /home/airflow/.local/lib/python3.9/site-packages/airflow/example_dags/example_task_group_decorator.py for tasks to queue
[2025-05-13T21:33:15.444+0000] {logging_mixin.py:137} INFO - [2025-05-13T21:33:15.444+0000] {dagbag.py:538} INFO - Filling up the DagBag from /home/airflow/.local/lib/python3.9/site-packages/airflow/example_dags/example_task_group_decorator.py
[2025-05-13T21:33:15.482+0000] {processor.py:753} INFO - DAG(s) dict_keys(['example_task_group_decorator']) retrieved from /home/airflow/.local/lib/python3.9/site-packages/airflow/example_dags/example_task_group_decorator.py
[2025-05-13T21:33:15.532+0000] {logging_mixin.py:137} INFO - [2025-05-13T21:33:15.531+0000] {dag.py:2676} INFO - Sync 1 DAGs
[2025-05-13T21:33:15.560+0000] {logging_mixin.py:137} INFO - [2025-05-13T21:33:15.559+0000] {dag.py:3423} INFO - Setting next_dagrun for example_task_group_decorator to 2025-05-12T21:33:15.559569+00:00, run_after=2025-05-13T21:33:15.559569+00:00
[2025-05-13T21:33:15.586+0000] {processor.py:175} INFO - Processing /home/airflow/.local/lib/python3.9/site-packages/airflow/example_dags/example_task_group_decorator.py took 0.149 seconds
[2025-05-13T21:33:46.217+0000] {processor.py:153} INFO - Started process (PID=6364) to work on /home/airflow/.local/lib/python3.9/site-packages/airflow/example_dags/example_task_group_decorator.py
[2025-05-13T21:33:46.220+0000] {processor.py:743} INFO - Processing file /home/airflow/.local/lib/python3.9/site-packages/airflow/example_dags/example_task_group_decorator.py for tasks to queue
[2025-05-13T21:33:46.223+0000] {logging_mixin.py:137} INFO - [2025-05-13T21:33:46.223+0000] {dagbag.py:538} INFO - Filling up the DagBag from /home/airflow/.local/lib/python3.9/site-packages/airflow/example_dags/example_task_group_decorator.py
[2025-05-13T21:33:46.278+0000] {processor.py:753} INFO - DAG(s) dict_keys(['example_task_group_decorator']) retrieved from /home/airflow/.local/lib/python3.9/site-packages/airflow/example_dags/example_task_group_decorator.py
[2025-05-13T21:33:46.349+0000] {logging_mixin.py:137} INFO - [2025-05-13T21:33:46.348+0000] {dag.py:2676} INFO - Sync 1 DAGs
[2025-05-13T21:33:46.419+0000] {logging_mixin.py:137} INFO - [2025-05-13T21:33:46.417+0000] {dag.py:3423} INFO - Setting next_dagrun for example_task_group_decorator to 2025-05-12T21:33:46.415831+00:00, run_after=2025-05-13T21:33:46.415831+00:00
[2025-05-13T21:33:46.465+0000] {processor.py:175} INFO - Processing /home/airflow/.local/lib/python3.9/site-packages/airflow/example_dags/example_task_group_decorator.py took 0.265 seconds
[2025-05-13T21:34:16.710+0000] {processor.py:153} INFO - Started process (PID=6567) to work on /home/airflow/.local/lib/python3.9/site-packages/airflow/example_dags/example_task_group_decorator.py
[2025-05-13T21:34:16.712+0000] {processor.py:743} INFO - Processing file /home/airflow/.local/lib/python3.9/site-packages/airflow/example_dags/example_task_group_decorator.py for tasks to queue
[2025-05-13T21:34:16.713+0000] {logging_mixin.py:137} INFO - [2025-05-13T21:34:16.712+0000] {dagbag.py:538} INFO - Filling up the DagBag from /home/airflow/.local/lib/python3.9/site-packages/airflow/example_dags/example_task_group_decorator.py
[2025-05-13T21:34:16.754+0000] {processor.py:753} INFO - DAG(s) dict_keys(['example_task_group_decorator']) retrieved from /home/airflow/.local/lib/python3.9/site-packages/airflow/example_dags/example_task_group_decorator.py
[2025-05-13T21:34:16.807+0000] {logging_mixin.py:137} INFO - [2025-05-13T21:34:16.807+0000] {dag.py:2676} INFO - Sync 1 DAGs
[2025-05-13T21:34:16.834+0000] {logging_mixin.py:137} INFO - [2025-05-13T21:34:16.834+0000] {dag.py:3423} INFO - Setting next_dagrun for example_task_group_decorator to 2025-05-12T21:34:16.834014+00:00, run_after=2025-05-13T21:34:16.834014+00:00
[2025-05-13T21:34:16.856+0000] {processor.py:175} INFO - Processing /home/airflow/.local/lib/python3.9/site-packages/airflow/example_dags/example_task_group_decorator.py took 0.150 seconds
[2025-05-13T21:34:47.643+0000] {processor.py:153} INFO - Started process (PID=6776) to work on /home/airflow/.local/lib/python3.9/site-packages/airflow/example_dags/example_task_group_decorator.py
[2025-05-13T21:34:47.645+0000] {processor.py:743} INFO - Processing file /home/airflow/.local/lib/python3.9/site-packages/airflow/example_dags/example_task_group_decorator.py for tasks to queue
[2025-05-13T21:34:47.646+0000] {logging_mixin.py:137} INFO - [2025-05-13T21:34:47.646+0000] {dagbag.py:538} INFO - Filling up the DagBag from /home/airflow/.local/lib/python3.9/site-packages/airflow/example_dags/example_task_group_decorator.py
[2025-05-13T21:34:47.717+0000] {processor.py:753} INFO - DAG(s) dict_keys(['example_task_group_decorator']) retrieved from /home/airflow/.local/lib/python3.9/site-packages/airflow/example_dags/example_task_group_decorator.py
[2025-05-13T21:34:47.837+0000] {logging_mixin.py:137} INFO - [2025-05-13T21:34:47.837+0000] {dag.py:2676} INFO - Sync 1 DAGs
[2025-05-13T21:34:47.884+0000] {logging_mixin.py:137} INFO - [2025-05-13T21:34:47.883+0000] {dag.py:3423} INFO - Setting next_dagrun for example_task_group_decorator to 2025-05-12T21:34:47.883373+00:00, run_after=2025-05-13T21:34:47.883373+00:00
[2025-05-13T21:34:47.931+0000] {processor.py:175} INFO - Processing /home/airflow/.local/lib/python3.9/site-packages/airflow/example_dags/example_task_group_decorator.py took 0.293 seconds
[2025-05-13T21:35:18.159+0000] {processor.py:153} INFO - Started process (PID=6982) to work on /home/airflow/.local/lib/python3.9/site-packages/airflow/example_dags/example_task_group_decorator.py
[2025-05-13T21:35:18.160+0000] {processor.py:743} INFO - Processing file /home/airflow/.local/lib/python3.9/site-packages/airflow/example_dags/example_task_group_decorator.py for tasks to queue
[2025-05-13T21:35:18.162+0000] {logging_mixin.py:137} INFO - [2025-05-13T21:35:18.162+0000] {dagbag.py:538} INFO - Filling up the DagBag from /home/airflow/.local/lib/python3.9/site-packages/airflow/example_dags/example_task_group_decorator.py
[2025-05-13T21:35:18.207+0000] {processor.py:753} INFO - DAG(s) dict_keys(['example_task_group_decorator']) retrieved from /home/airflow/.local/lib/python3.9/site-packages/airflow/example_dags/example_task_group_decorator.py
[2025-05-13T21:35:18.265+0000] {logging_mixin.py:137} INFO - [2025-05-13T21:35:18.265+0000] {dag.py:2676} INFO - Sync 1 DAGs
[2025-05-13T21:35:18.305+0000] {logging_mixin.py:137} INFO - [2025-05-13T21:35:18.305+0000] {dag.py:3423} INFO - Setting next_dagrun for example_task_group_decorator to 2025-05-12T21:35:18.305111+00:00, run_after=2025-05-13T21:35:18.305111+00:00
[2025-05-13T21:35:18.334+0000] {processor.py:175} INFO - Processing /home/airflow/.local/lib/python3.9/site-packages/airflow/example_dags/example_task_group_decorator.py took 0.180 seconds
[2025-05-13T21:35:48.772+0000] {processor.py:153} INFO - Started process (PID=7181) to work on /home/airflow/.local/lib/python3.9/site-packages/airflow/example_dags/example_task_group_decorator.py
[2025-05-13T21:35:48.773+0000] {processor.py:743} INFO - Processing file /home/airflow/.local/lib/python3.9/site-packages/airflow/example_dags/example_task_group_decorator.py for tasks to queue
[2025-05-13T21:35:48.777+0000] {logging_mixin.py:137} INFO - [2025-05-13T21:35:48.777+0000] {dagbag.py:538} INFO - Filling up the DagBag from /home/airflow/.local/lib/python3.9/site-packages/airflow/example_dags/example_task_group_decorator.py
[2025-05-13T21:35:48.815+0000] {processor.py:753} INFO - DAG(s) dict_keys(['example_task_group_decorator']) retrieved from /home/airflow/.local/lib/python3.9/site-packages/airflow/example_dags/example_task_group_decorator.py
[2025-05-13T21:35:48.874+0000] {logging_mixin.py:137} INFO - [2025-05-13T21:35:48.873+0000] {dag.py:2676} INFO - Sync 1 DAGs
[2025-05-13T21:35:48.904+0000] {logging_mixin.py:137} INFO - [2025-05-13T21:35:48.903+0000] {dag.py:3423} INFO - Setting next_dagrun for example_task_group_decorator to 2025-05-12T21:35:48.903515+00:00, run_after=2025-05-13T21:35:48.903515+00:00
[2025-05-13T21:35:48.928+0000] {processor.py:175} INFO - Processing /home/airflow/.local/lib/python3.9/site-packages/airflow/example_dags/example_task_group_decorator.py took 0.161 seconds
[2025-05-13T21:36:19.303+0000] {processor.py:153} INFO - Started process (PID=7382) to work on /home/airflow/.local/lib/python3.9/site-packages/airflow/example_dags/example_task_group_decorator.py
[2025-05-13T21:36:19.306+0000] {processor.py:743} INFO - Processing file /home/airflow/.local/lib/python3.9/site-packages/airflow/example_dags/example_task_group_decorator.py for tasks to queue
[2025-05-13T21:36:19.307+0000] {logging_mixin.py:137} INFO - [2025-05-13T21:36:19.307+0000] {dagbag.py:538} INFO - Filling up the DagBag from /home/airflow/.local/lib/python3.9/site-packages/airflow/example_dags/example_task_group_decorator.py
[2025-05-13T21:36:19.350+0000] {processor.py:753} INFO - DAG(s) dict_keys(['example_task_group_decorator']) retrieved from /home/airflow/.local/lib/python3.9/site-packages/airflow/example_dags/example_task_group_decorator.py
[2025-05-13T21:36:19.413+0000] {logging_mixin.py:137} INFO - [2025-05-13T21:36:19.413+0000] {dag.py:2676} INFO - Sync 1 DAGs
[2025-05-13T21:36:19.446+0000] {logging_mixin.py:137} INFO - [2025-05-13T21:36:19.445+0000] {dag.py:3423} INFO - Setting next_dagrun for example_task_group_decorator to 2025-05-12T21:36:19.445571+00:00, run_after=2025-05-13T21:36:19.445571+00:00
[2025-05-13T21:36:19.472+0000] {processor.py:175} INFO - Processing /home/airflow/.local/lib/python3.9/site-packages/airflow/example_dags/example_task_group_decorator.py took 0.173 seconds
[2025-05-13T21:37:50.850+0000] {processor.py:153} INFO - Started process (PID=280) to work on /home/airflow/.local/lib/python3.9/site-packages/airflow/example_dags/example_task_group_decorator.py
[2025-05-13T21:37:50.851+0000] {processor.py:743} INFO - Processing file /home/airflow/.local/lib/python3.9/site-packages/airflow/example_dags/example_task_group_decorator.py for tasks to queue
[2025-05-13T21:37:50.852+0000] {logging_mixin.py:137} INFO - [2025-05-13T21:37:50.852+0000] {dagbag.py:538} INFO - Filling up the DagBag from /home/airflow/.local/lib/python3.9/site-packages/airflow/example_dags/example_task_group_decorator.py
[2025-05-13T21:37:50.889+0000] {processor.py:753} INFO - DAG(s) dict_keys(['example_task_group_decorator']) retrieved from /home/airflow/.local/lib/python3.9/site-packages/airflow/example_dags/example_task_group_decorator.py
[2025-05-13T21:37:50.944+0000] {logging_mixin.py:137} INFO - [2025-05-13T21:37:50.944+0000] {dag.py:2676} INFO - Sync 1 DAGs
[2025-05-13T21:37:50.975+0000] {logging_mixin.py:137} INFO - [2025-05-13T21:37:50.975+0000] {dag.py:3423} INFO - Setting next_dagrun for example_task_group_decorator to 2025-05-12T21:37:50.975096+00:00, run_after=2025-05-13T21:37:50.975096+00:00
[2025-05-13T21:37:50.998+0000] {processor.py:175} INFO - Processing /home/airflow/.local/lib/python3.9/site-packages/airflow/example_dags/example_task_group_decorator.py took 0.152 seconds
[2025-05-13T21:38:21.914+0000] {processor.py:153} INFO - Started process (PID=483) to work on /home/airflow/.local/lib/python3.9/site-packages/airflow/example_dags/example_task_group_decorator.py
[2025-05-13T21:38:21.915+0000] {processor.py:743} INFO - Processing file /home/airflow/.local/lib/python3.9/site-packages/airflow/example_dags/example_task_group_decorator.py for tasks to queue
[2025-05-13T21:38:21.916+0000] {logging_mixin.py:137} INFO - [2025-05-13T21:38:21.916+0000] {dagbag.py:538} INFO - Filling up the DagBag from /home/airflow/.local/lib/python3.9/site-packages/airflow/example_dags/example_task_group_decorator.py
[2025-05-13T21:38:21.955+0000] {processor.py:753} INFO - DAG(s) dict_keys(['example_task_group_decorator']) retrieved from /home/airflow/.local/lib/python3.9/site-packages/airflow/example_dags/example_task_group_decorator.py
[2025-05-13T21:38:22.004+0000] {logging_mixin.py:137} INFO - [2025-05-13T21:38:22.004+0000] {dag.py:2676} INFO - Sync 1 DAGs
[2025-05-13T21:38:22.034+0000] {logging_mixin.py:137} INFO - [2025-05-13T21:38:22.034+0000] {dag.py:3423} INFO - Setting next_dagrun for example_task_group_decorator to 2025-05-12T21:38:22.034052+00:00, run_after=2025-05-13T21:38:22.034052+00:00
[2025-05-13T21:38:22.062+0000] {processor.py:175} INFO - Processing /home/airflow/.local/lib/python3.9/site-packages/airflow/example_dags/example_task_group_decorator.py took 0.152 seconds
[2025-05-13T21:38:52.091+0000] {processor.py:153} INFO - Started process (PID=680) to work on /home/airflow/.local/lib/python3.9/site-packages/airflow/example_dags/example_task_group_decorator.py
[2025-05-13T21:38:52.093+0000] {processor.py:743} INFO - Processing file /home/airflow/.local/lib/python3.9/site-packages/airflow/example_dags/example_task_group_decorator.py for tasks to queue
[2025-05-13T21:38:52.094+0000] {logging_mixin.py:137} INFO - [2025-05-13T21:38:52.094+0000] {dagbag.py:538} INFO - Filling up the DagBag from /home/airflow/.local/lib/python3.9/site-packages/airflow/example_dags/example_task_group_decorator.py
[2025-05-13T21:38:52.135+0000] {processor.py:753} INFO - DAG(s) dict_keys(['example_task_group_decorator']) retrieved from /home/airflow/.local/lib/python3.9/site-packages/airflow/example_dags/example_task_group_decorator.py
[2025-05-13T21:38:52.188+0000] {logging_mixin.py:137} INFO - [2025-05-13T21:38:52.188+0000] {dag.py:2676} INFO - Sync 1 DAGs
[2025-05-13T21:38:52.221+0000] {logging_mixin.py:137} INFO - [2025-05-13T21:38:52.221+0000] {dag.py:3423} INFO - Setting next_dagrun for example_task_group_decorator to 2025-05-12T21:38:52.220789+00:00, run_after=2025-05-13T21:38:52.220789+00:00
[2025-05-13T21:38:52.249+0000] {processor.py:175} INFO - Processing /home/airflow/.local/lib/python3.9/site-packages/airflow/example_dags/example_task_group_decorator.py took 0.161 seconds
[2025-05-13T21:39:23.043+0000] {processor.py:153} INFO - Started process (PID=885) to work on /home/airflow/.local/lib/python3.9/site-packages/airflow/example_dags/example_task_group_decorator.py
[2025-05-13T21:39:23.045+0000] {processor.py:743} INFO - Processing file /home/airflow/.local/lib/python3.9/site-packages/airflow/example_dags/example_task_group_decorator.py for tasks to queue
[2025-05-13T21:39:23.046+0000] {logging_mixin.py:137} INFO - [2025-05-13T21:39:23.045+0000] {dagbag.py:538} INFO - Filling up the DagBag from /home/airflow/.local/lib/python3.9/site-packages/airflow/example_dags/example_task_group_decorator.py
[2025-05-13T21:39:23.087+0000] {processor.py:753} INFO - DAG(s) dict_keys(['example_task_group_decorator']) retrieved from /home/airflow/.local/lib/python3.9/site-packages/airflow/example_dags/example_task_group_decorator.py
[2025-05-13T21:39:23.153+0000] {logging_mixin.py:137} INFO - [2025-05-13T21:39:23.153+0000] {dag.py:2676} INFO - Sync 1 DAGs
[2025-05-13T21:39:23.183+0000] {logging_mixin.py:137} INFO - [2025-05-13T21:39:23.183+0000] {dag.py:3423} INFO - Setting next_dagrun for example_task_group_decorator to 2025-05-12T21:39:23.183212+00:00, run_after=2025-05-13T21:39:23.183212+00:00
[2025-05-13T21:39:23.205+0000] {processor.py:175} INFO - Processing /home/airflow/.local/lib/python3.9/site-packages/airflow/example_dags/example_task_group_decorator.py took 0.166 seconds
[2025-05-13T21:39:53.445+0000] {processor.py:153} INFO - Started process (PID=1088) to work on /home/airflow/.local/lib/python3.9/site-packages/airflow/example_dags/example_task_group_decorator.py
[2025-05-13T21:39:53.448+0000] {processor.py:743} INFO - Processing file /home/airflow/.local/lib/python3.9/site-packages/airflow/example_dags/example_task_group_decorator.py for tasks to queue
[2025-05-13T21:39:53.449+0000] {logging_mixin.py:137} INFO - [2025-05-13T21:39:53.449+0000] {dagbag.py:538} INFO - Filling up the DagBag from /home/airflow/.local/lib/python3.9/site-packages/airflow/example_dags/example_task_group_decorator.py
[2025-05-13T21:39:53.506+0000] {processor.py:753} INFO - DAG(s) dict_keys(['example_task_group_decorator']) retrieved from /home/airflow/.local/lib/python3.9/site-packages/airflow/example_dags/example_task_group_decorator.py
[2025-05-13T21:39:53.559+0000] {logging_mixin.py:137} INFO - [2025-05-13T21:39:53.559+0000] {dag.py:2676} INFO - Sync 1 DAGs
[2025-05-13T21:39:53.586+0000] {logging_mixin.py:137} INFO - [2025-05-13T21:39:53.586+0000] {dag.py:3423} INFO - Setting next_dagrun for example_task_group_decorator to 2025-05-12T21:39:53.585933+00:00, run_after=2025-05-13T21:39:53.585933+00:00
[2025-05-13T21:39:53.607+0000] {processor.py:175} INFO - Processing /home/airflow/.local/lib/python3.9/site-packages/airflow/example_dags/example_task_group_decorator.py took 0.167 seconds
[2025-05-13T21:40:23.788+0000] {processor.py:153} INFO - Started process (PID=1295) to work on /home/airflow/.local/lib/python3.9/site-packages/airflow/example_dags/example_task_group_decorator.py
[2025-05-13T21:40:23.789+0000] {processor.py:743} INFO - Processing file /home/airflow/.local/lib/python3.9/site-packages/airflow/example_dags/example_task_group_decorator.py for tasks to queue
[2025-05-13T21:40:23.790+0000] {logging_mixin.py:137} INFO - [2025-05-13T21:40:23.790+0000] {dagbag.py:538} INFO - Filling up the DagBag from /home/airflow/.local/lib/python3.9/site-packages/airflow/example_dags/example_task_group_decorator.py
[2025-05-13T21:40:23.827+0000] {processor.py:753} INFO - DAG(s) dict_keys(['example_task_group_decorator']) retrieved from /home/airflow/.local/lib/python3.9/site-packages/airflow/example_dags/example_task_group_decorator.py
[2025-05-13T21:40:23.875+0000] {logging_mixin.py:137} INFO - [2025-05-13T21:40:23.875+0000] {dag.py:2676} INFO - Sync 1 DAGs
[2025-05-13T21:40:23.903+0000] {logging_mixin.py:137} INFO - [2025-05-13T21:40:23.903+0000] {dag.py:3423} INFO - Setting next_dagrun for example_task_group_decorator to 2025-05-12T21:40:23.902815+00:00, run_after=2025-05-13T21:40:23.902815+00:00
[2025-05-13T21:40:23.926+0000] {processor.py:175} INFO - Processing /home/airflow/.local/lib/python3.9/site-packages/airflow/example_dags/example_task_group_decorator.py took 0.142 seconds
[2025-05-13T21:40:54.168+0000] {processor.py:153} INFO - Started process (PID=1498) to work on /home/airflow/.local/lib/python3.9/site-packages/airflow/example_dags/example_task_group_decorator.py
[2025-05-13T21:40:54.169+0000] {processor.py:743} INFO - Processing file /home/airflow/.local/lib/python3.9/site-packages/airflow/example_dags/example_task_group_decorator.py for tasks to queue
[2025-05-13T21:40:54.170+0000] {logging_mixin.py:137} INFO - [2025-05-13T21:40:54.170+0000] {dagbag.py:538} INFO - Filling up the DagBag from /home/airflow/.local/lib/python3.9/site-packages/airflow/example_dags/example_task_group_decorator.py
[2025-05-13T21:40:54.209+0000] {processor.py:753} INFO - DAG(s) dict_keys(['example_task_group_decorator']) retrieved from /home/airflow/.local/lib/python3.9/site-packages/airflow/example_dags/example_task_group_decorator.py
[2025-05-13T21:40:54.259+0000] {logging_mixin.py:137} INFO - [2025-05-13T21:40:54.259+0000] {dag.py:2676} INFO - Sync 1 DAGs
[2025-05-13T21:40:54.286+0000] {logging_mixin.py:137} INFO - [2025-05-13T21:40:54.286+0000] {dag.py:3423} INFO - Setting next_dagrun for example_task_group_decorator to 2025-05-12T21:40:54.286325+00:00, run_after=2025-05-13T21:40:54.286325+00:00
[2025-05-13T21:40:54.312+0000] {processor.py:175} INFO - Processing /home/airflow/.local/lib/python3.9/site-packages/airflow/example_dags/example_task_group_decorator.py took 0.148 seconds
[2025-05-13T21:41:24.683+0000] {processor.py:153} INFO - Started process (PID=1701) to work on /home/airflow/.local/lib/python3.9/site-packages/airflow/example_dags/example_task_group_decorator.py
[2025-05-13T21:41:24.684+0000] {processor.py:743} INFO - Processing file /home/airflow/.local/lib/python3.9/site-packages/airflow/example_dags/example_task_group_decorator.py for tasks to queue
[2025-05-13T21:41:24.686+0000] {logging_mixin.py:137} INFO - [2025-05-13T21:41:24.685+0000] {dagbag.py:538} INFO - Filling up the DagBag from /home/airflow/.local/lib/python3.9/site-packages/airflow/example_dags/example_task_group_decorator.py
[2025-05-13T21:41:24.749+0000] {processor.py:753} INFO - DAG(s) dict_keys(['example_task_group_decorator']) retrieved from /home/airflow/.local/lib/python3.9/site-packages/airflow/example_dags/example_task_group_decorator.py
[2025-05-13T21:41:24.828+0000] {logging_mixin.py:137} INFO - [2025-05-13T21:41:24.828+0000] {dag.py:2676} INFO - Sync 1 DAGs
[2025-05-13T21:41:24.867+0000] {logging_mixin.py:137} INFO - [2025-05-13T21:41:24.866+0000] {dag.py:3423} INFO - Setting next_dagrun for example_task_group_decorator to 2025-05-12T21:41:24.866539+00:00, run_after=2025-05-13T21:41:24.866539+00:00
[2025-05-13T21:41:24.897+0000] {processor.py:175} INFO - Processing /home/airflow/.local/lib/python3.9/site-packages/airflow/example_dags/example_task_group_decorator.py took 0.219 seconds
