[2025-05-13T02:45:44.106+0000] {processor.py:153} INFO - Started process (PID=287) to work on /home/airflow/.local/lib/python3.9/site-packages/airflow/example_dags/example_trigger_controller_dag.py
[2025-05-13T02:45:44.108+0000] {processor.py:743} INFO - Processing file /home/airflow/.local/lib/python3.9/site-packages/airflow/example_dags/example_trigger_controller_dag.py for tasks to queue
[2025-05-13T02:45:44.109+0000] {logging_mixin.py:137} INFO - [2025-05-13T02:45:44.109+0000] {dagbag.py:538} INFO - Filling up the DagBag from /home/airflow/.local/lib/python3.9/site-packages/airflow/example_dags/example_trigger_controller_dag.py
[2025-05-13T02:45:44.129+0000] {processor.py:753} INFO - DAG(s) dict_keys(['example_trigger_controller_dag']) retrieved from /home/airflow/.local/lib/python3.9/site-packages/airflow/example_dags/example_trigger_controller_dag.py
[2025-05-13T02:45:44.325+0000] {logging_mixin.py:137} INFO - [2025-05-13T02:45:44.325+0000] {manager.py:504} INFO - Created Permission View: can delete on DAG:example_trigger_controller_dag
[2025-05-13T02:45:44.335+0000] {logging_mixin.py:137} INFO - [2025-05-13T02:45:44.335+0000] {manager.py:504} INFO - Created Permission View: can edit on DAG:example_trigger_controller_dag
[2025-05-13T02:45:44.343+0000] {logging_mixin.py:137} INFO - [2025-05-13T02:45:44.343+0000] {manager.py:504} INFO - Created Permission View: can read on DAG:example_trigger_controller_dag
[2025-05-13T02:45:44.344+0000] {logging_mixin.py:137} INFO - [2025-05-13T02:45:44.344+0000] {dag.py:2676} INFO - Sync 1 DAGs
[2025-05-13T02:45:44.360+0000] {logging_mixin.py:137} INFO - [2025-05-13T02:45:44.359+0000] {dag.py:2697} INFO - Creating ORM DAG for example_trigger_controller_dag
[2025-05-13T02:45:44.373+0000] {logging_mixin.py:137} INFO - [2025-05-13T02:45:44.373+0000] {dag.py:3423} INFO - Setting next_dagrun for example_trigger_controller_dag to 2021-01-01T00:00:00+00:00, run_after=2021-01-01T00:00:00+00:00
[2025-05-13T02:45:44.394+0000] {processor.py:175} INFO - Processing /home/airflow/.local/lib/python3.9/site-packages/airflow/example_dags/example_trigger_controller_dag.py took 0.293 seconds
[2025-05-13T02:46:14.438+0000] {processor.py:153} INFO - Started process (PID=489) to work on /home/airflow/.local/lib/python3.9/site-packages/airflow/example_dags/example_trigger_controller_dag.py
[2025-05-13T02:46:14.439+0000] {processor.py:743} INFO - Processing file /home/airflow/.local/lib/python3.9/site-packages/airflow/example_dags/example_trigger_controller_dag.py for tasks to queue
[2025-05-13T02:46:14.440+0000] {logging_mixin.py:137} INFO - [2025-05-13T02:46:14.440+0000] {dagbag.py:538} INFO - Filling up the DagBag from /home/airflow/.local/lib/python3.9/site-packages/airflow/example_dags/example_trigger_controller_dag.py
[2025-05-13T02:46:14.460+0000] {processor.py:753} INFO - DAG(s) dict_keys(['example_trigger_controller_dag']) retrieved from /home/airflow/.local/lib/python3.9/site-packages/airflow/example_dags/example_trigger_controller_dag.py
[2025-05-13T02:46:14.504+0000] {logging_mixin.py:137} INFO - [2025-05-13T02:46:14.503+0000] {dag.py:2676} INFO - Sync 1 DAGs
[2025-05-13T02:46:14.528+0000] {logging_mixin.py:137} INFO - [2025-05-13T02:46:14.528+0000] {dag.py:3423} INFO - Setting next_dagrun for example_trigger_controller_dag to 2021-01-01T00:00:00+00:00, run_after=2021-01-01T00:00:00+00:00
[2025-05-13T02:46:14.548+0000] {processor.py:175} INFO - Processing /home/airflow/.local/lib/python3.9/site-packages/airflow/example_dags/example_trigger_controller_dag.py took 0.114 seconds
[2025-05-13T02:46:44.769+0000] {processor.py:153} INFO - Started process (PID=687) to work on /home/airflow/.local/lib/python3.9/site-packages/airflow/example_dags/example_trigger_controller_dag.py
[2025-05-13T02:46:44.770+0000] {processor.py:743} INFO - Processing file /home/airflow/.local/lib/python3.9/site-packages/airflow/example_dags/example_trigger_controller_dag.py for tasks to queue
[2025-05-13T02:46:44.771+0000] {logging_mixin.py:137} INFO - [2025-05-13T02:46:44.771+0000] {dagbag.py:538} INFO - Filling up the DagBag from /home/airflow/.local/lib/python3.9/site-packages/airflow/example_dags/example_trigger_controller_dag.py
[2025-05-13T02:46:44.787+0000] {processor.py:753} INFO - DAG(s) dict_keys(['example_trigger_controller_dag']) retrieved from /home/airflow/.local/lib/python3.9/site-packages/airflow/example_dags/example_trigger_controller_dag.py
[2025-05-13T02:46:44.838+0000] {logging_mixin.py:137} INFO - [2025-05-13T02:46:44.838+0000] {dag.py:2676} INFO - Sync 1 DAGs
[2025-05-13T02:46:44.873+0000] {logging_mixin.py:137} INFO - [2025-05-13T02:46:44.872+0000] {dag.py:3423} INFO - Setting next_dagrun for example_trigger_controller_dag to 2021-01-01T00:00:00+00:00, run_after=2021-01-01T00:00:00+00:00
[2025-05-13T02:46:44.901+0000] {processor.py:175} INFO - Processing /home/airflow/.local/lib/python3.9/site-packages/airflow/example_dags/example_trigger_controller_dag.py took 0.137 seconds
[2025-05-13T02:47:15.467+0000] {processor.py:153} INFO - Started process (PID=890) to work on /home/airflow/.local/lib/python3.9/site-packages/airflow/example_dags/example_trigger_controller_dag.py
[2025-05-13T02:47:15.469+0000] {processor.py:743} INFO - Processing file /home/airflow/.local/lib/python3.9/site-packages/airflow/example_dags/example_trigger_controller_dag.py for tasks to queue
[2025-05-13T02:47:15.471+0000] {logging_mixin.py:137} INFO - [2025-05-13T02:47:15.471+0000] {dagbag.py:538} INFO - Filling up the DagBag from /home/airflow/.local/lib/python3.9/site-packages/airflow/example_dags/example_trigger_controller_dag.py
[2025-05-13T02:47:15.488+0000] {processor.py:753} INFO - DAG(s) dict_keys(['example_trigger_controller_dag']) retrieved from /home/airflow/.local/lib/python3.9/site-packages/airflow/example_dags/example_trigger_controller_dag.py
[2025-05-13T02:47:15.540+0000] {logging_mixin.py:137} INFO - [2025-05-13T02:47:15.539+0000] {dag.py:2676} INFO - Sync 1 DAGs
[2025-05-13T02:47:15.576+0000] {logging_mixin.py:137} INFO - [2025-05-13T02:47:15.576+0000] {dag.py:3423} INFO - Setting next_dagrun for example_trigger_controller_dag to 2021-01-01T00:00:00+00:00, run_after=2021-01-01T00:00:00+00:00
[2025-05-13T02:47:15.604+0000] {processor.py:175} INFO - Processing /home/airflow/.local/lib/python3.9/site-packages/airflow/example_dags/example_trigger_controller_dag.py took 0.142 seconds
[2025-05-13T02:47:45.800+0000] {processor.py:153} INFO - Started process (PID=1093) to work on /home/airflow/.local/lib/python3.9/site-packages/airflow/example_dags/example_trigger_controller_dag.py
[2025-05-13T02:47:45.802+0000] {processor.py:743} INFO - Processing file /home/airflow/.local/lib/python3.9/site-packages/airflow/example_dags/example_trigger_controller_dag.py for tasks to queue
[2025-05-13T02:47:45.803+0000] {logging_mixin.py:137} INFO - [2025-05-13T02:47:45.802+0000] {dagbag.py:538} INFO - Filling up the DagBag from /home/airflow/.local/lib/python3.9/site-packages/airflow/example_dags/example_trigger_controller_dag.py
[2025-05-13T02:47:45.820+0000] {processor.py:753} INFO - DAG(s) dict_keys(['example_trigger_controller_dag']) retrieved from /home/airflow/.local/lib/python3.9/site-packages/airflow/example_dags/example_trigger_controller_dag.py
[2025-05-13T02:47:45.870+0000] {logging_mixin.py:137} INFO - [2025-05-13T02:47:45.870+0000] {dag.py:2676} INFO - Sync 1 DAGs
[2025-05-13T02:47:45.897+0000] {logging_mixin.py:137} INFO - [2025-05-13T02:47:45.897+0000] {dag.py:3423} INFO - Setting next_dagrun for example_trigger_controller_dag to 2021-01-01T00:00:00+00:00, run_after=2021-01-01T00:00:00+00:00
[2025-05-13T02:47:45.913+0000] {processor.py:175} INFO - Processing /home/airflow/.local/lib/python3.9/site-packages/airflow/example_dags/example_trigger_controller_dag.py took 0.119 seconds
[2025-05-13T02:48:16.508+0000] {processor.py:153} INFO - Started process (PID=1350) to work on /home/airflow/.local/lib/python3.9/site-packages/airflow/example_dags/example_trigger_controller_dag.py
[2025-05-13T02:48:16.510+0000] {processor.py:743} INFO - Processing file /home/airflow/.local/lib/python3.9/site-packages/airflow/example_dags/example_trigger_controller_dag.py for tasks to queue
[2025-05-13T02:48:16.512+0000] {logging_mixin.py:137} INFO - [2025-05-13T02:48:16.512+0000] {dagbag.py:538} INFO - Filling up the DagBag from /home/airflow/.local/lib/python3.9/site-packages/airflow/example_dags/example_trigger_controller_dag.py
[2025-05-13T02:48:16.530+0000] {processor.py:753} INFO - DAG(s) dict_keys(['example_trigger_controller_dag']) retrieved from /home/airflow/.local/lib/python3.9/site-packages/airflow/example_dags/example_trigger_controller_dag.py
[2025-05-13T02:48:16.579+0000] {logging_mixin.py:137} INFO - [2025-05-13T02:48:16.579+0000] {dag.py:2676} INFO - Sync 1 DAGs
[2025-05-13T02:48:17.072+0000] {logging_mixin.py:137} INFO - [2025-05-13T02:48:17.071+0000] {process_utils.py:256} INFO - Waiting up to 5 seconds for processes to exit...
[2025-05-13T02:49:32.321+0000] {processor.py:153} INFO - Started process (PID=302) to work on /home/airflow/.local/lib/python3.9/site-packages/airflow/example_dags/example_trigger_controller_dag.py
[2025-05-13T02:49:32.322+0000] {processor.py:743} INFO - Processing file /home/airflow/.local/lib/python3.9/site-packages/airflow/example_dags/example_trigger_controller_dag.py for tasks to queue
[2025-05-13T02:49:32.324+0000] {logging_mixin.py:137} INFO - [2025-05-13T02:49:32.324+0000] {dagbag.py:538} INFO - Filling up the DagBag from /home/airflow/.local/lib/python3.9/site-packages/airflow/example_dags/example_trigger_controller_dag.py
[2025-05-13T02:49:32.350+0000] {processor.py:753} INFO - DAG(s) dict_keys(['example_trigger_controller_dag']) retrieved from /home/airflow/.local/lib/python3.9/site-packages/airflow/example_dags/example_trigger_controller_dag.py
[2025-05-13T02:49:32.417+0000] {logging_mixin.py:137} INFO - [2025-05-13T02:49:32.417+0000] {dag.py:2676} INFO - Sync 1 DAGs
[2025-05-13T02:49:32.459+0000] {logging_mixin.py:137} INFO - [2025-05-13T02:49:32.459+0000] {dag.py:3423} INFO - Setting next_dagrun for example_trigger_controller_dag to 2021-01-01T00:00:00+00:00, run_after=2021-01-01T00:00:00+00:00
[2025-05-13T02:49:32.484+0000] {processor.py:175} INFO - Processing /home/airflow/.local/lib/python3.9/site-packages/airflow/example_dags/example_trigger_controller_dag.py took 0.168 seconds
[2025-05-13T02:50:02.676+0000] {processor.py:153} INFO - Started process (PID=504) to work on /home/airflow/.local/lib/python3.9/site-packages/airflow/example_dags/example_trigger_controller_dag.py
[2025-05-13T02:50:02.678+0000] {processor.py:743} INFO - Processing file /home/airflow/.local/lib/python3.9/site-packages/airflow/example_dags/example_trigger_controller_dag.py for tasks to queue
[2025-05-13T02:50:02.679+0000] {logging_mixin.py:137} INFO - [2025-05-13T02:50:02.679+0000] {dagbag.py:538} INFO - Filling up the DagBag from /home/airflow/.local/lib/python3.9/site-packages/airflow/example_dags/example_trigger_controller_dag.py
[2025-05-13T02:50:02.708+0000] {processor.py:753} INFO - DAG(s) dict_keys(['example_trigger_controller_dag']) retrieved from /home/airflow/.local/lib/python3.9/site-packages/airflow/example_dags/example_trigger_controller_dag.py
[2025-05-13T02:50:02.796+0000] {logging_mixin.py:137} INFO - [2025-05-13T02:50:02.795+0000] {dag.py:2676} INFO - Sync 1 DAGs
[2025-05-13T02:50:02.841+0000] {logging_mixin.py:137} INFO - [2025-05-13T02:50:02.840+0000] {dag.py:3423} INFO - Setting next_dagrun for example_trigger_controller_dag to 2021-01-01T00:00:00+00:00, run_after=2021-01-01T00:00:00+00:00
[2025-05-13T02:50:02.881+0000] {processor.py:175} INFO - Processing /home/airflow/.local/lib/python3.9/site-packages/airflow/example_dags/example_trigger_controller_dag.py took 0.214 seconds
[2025-05-13T02:50:33.393+0000] {processor.py:153} INFO - Started process (PID=704) to work on /home/airflow/.local/lib/python3.9/site-packages/airflow/example_dags/example_trigger_controller_dag.py
[2025-05-13T02:50:33.395+0000] {processor.py:743} INFO - Processing file /home/airflow/.local/lib/python3.9/site-packages/airflow/example_dags/example_trigger_controller_dag.py for tasks to queue
[2025-05-13T02:50:33.396+0000] {logging_mixin.py:137} INFO - [2025-05-13T02:50:33.396+0000] {dagbag.py:538} INFO - Filling up the DagBag from /home/airflow/.local/lib/python3.9/site-packages/airflow/example_dags/example_trigger_controller_dag.py
[2025-05-13T02:50:33.413+0000] {processor.py:753} INFO - DAG(s) dict_keys(['example_trigger_controller_dag']) retrieved from /home/airflow/.local/lib/python3.9/site-packages/airflow/example_dags/example_trigger_controller_dag.py
[2025-05-13T02:50:33.469+0000] {logging_mixin.py:137} INFO - [2025-05-13T02:50:33.469+0000] {dag.py:2676} INFO - Sync 1 DAGs
[2025-05-13T02:50:33.499+0000] {logging_mixin.py:137} INFO - [2025-05-13T02:50:33.499+0000] {dag.py:3423} INFO - Setting next_dagrun for example_trigger_controller_dag to 2021-01-01T00:00:00+00:00, run_after=2021-01-01T00:00:00+00:00
[2025-05-13T02:50:33.525+0000] {processor.py:175} INFO - Processing /home/airflow/.local/lib/python3.9/site-packages/airflow/example_dags/example_trigger_controller_dag.py took 0.136 seconds
[2025-05-13T21:18:28.925+0000] {processor.py:153} INFO - Started process (PID=287) to work on /home/airflow/.local/lib/python3.9/site-packages/airflow/example_dags/example_trigger_controller_dag.py
[2025-05-13T21:18:28.928+0000] {processor.py:743} INFO - Processing file /home/airflow/.local/lib/python3.9/site-packages/airflow/example_dags/example_trigger_controller_dag.py for tasks to queue
[2025-05-13T21:18:28.929+0000] {logging_mixin.py:137} INFO - [2025-05-13T21:18:28.929+0000] {dagbag.py:538} INFO - Filling up the DagBag from /home/airflow/.local/lib/python3.9/site-packages/airflow/example_dags/example_trigger_controller_dag.py
[2025-05-13T21:18:28.947+0000] {processor.py:753} INFO - DAG(s) dict_keys(['example_trigger_controller_dag']) retrieved from /home/airflow/.local/lib/python3.9/site-packages/airflow/example_dags/example_trigger_controller_dag.py
[2025-05-13T21:18:29.146+0000] {logging_mixin.py:137} INFO - [2025-05-13T21:18:29.146+0000] {manager.py:504} INFO - Created Permission View: can edit on DAG:example_trigger_controller_dag
[2025-05-13T21:18:29.162+0000] {logging_mixin.py:137} INFO - [2025-05-13T21:18:29.162+0000] {manager.py:504} INFO - Created Permission View: can delete on DAG:example_trigger_controller_dag
[2025-05-13T21:18:29.170+0000] {logging_mixin.py:137} INFO - [2025-05-13T21:18:29.170+0000] {manager.py:504} INFO - Created Permission View: can read on DAG:example_trigger_controller_dag
[2025-05-13T21:18:29.172+0000] {logging_mixin.py:137} INFO - [2025-05-13T21:18:29.172+0000] {dag.py:2676} INFO - Sync 1 DAGs
[2025-05-13T21:18:29.190+0000] {logging_mixin.py:137} INFO - [2025-05-13T21:18:29.190+0000] {dag.py:2697} INFO - Creating ORM DAG for example_trigger_controller_dag
[2025-05-13T21:18:29.210+0000] {logging_mixin.py:137} INFO - [2025-05-13T21:18:29.210+0000] {dag.py:3423} INFO - Setting next_dagrun for example_trigger_controller_dag to 2021-01-01T00:00:00+00:00, run_after=2021-01-01T00:00:00+00:00
[2025-05-13T21:18:29.276+0000] {processor.py:175} INFO - Processing /home/airflow/.local/lib/python3.9/site-packages/airflow/example_dags/example_trigger_controller_dag.py took 0.355 seconds
[2025-05-13T21:18:59.503+0000] {processor.py:153} INFO - Started process (PID=490) to work on /home/airflow/.local/lib/python3.9/site-packages/airflow/example_dags/example_trigger_controller_dag.py
[2025-05-13T21:18:59.504+0000] {processor.py:743} INFO - Processing file /home/airflow/.local/lib/python3.9/site-packages/airflow/example_dags/example_trigger_controller_dag.py for tasks to queue
[2025-05-13T21:18:59.506+0000] {logging_mixin.py:137} INFO - [2025-05-13T21:18:59.505+0000] {dagbag.py:538} INFO - Filling up the DagBag from /home/airflow/.local/lib/python3.9/site-packages/airflow/example_dags/example_trigger_controller_dag.py
[2025-05-13T21:18:59.524+0000] {processor.py:753} INFO - DAG(s) dict_keys(['example_trigger_controller_dag']) retrieved from /home/airflow/.local/lib/python3.9/site-packages/airflow/example_dags/example_trigger_controller_dag.py
[2025-05-13T21:18:59.574+0000] {logging_mixin.py:137} INFO - [2025-05-13T21:18:59.574+0000] {dag.py:2676} INFO - Sync 1 DAGs
[2025-05-13T21:18:59.606+0000] {logging_mixin.py:137} INFO - [2025-05-13T21:18:59.605+0000] {dag.py:3423} INFO - Setting next_dagrun for example_trigger_controller_dag to 2021-01-01T00:00:00+00:00, run_after=2021-01-01T00:00:00+00:00
[2025-05-13T21:18:59.630+0000] {processor.py:175} INFO - Processing /home/airflow/.local/lib/python3.9/site-packages/airflow/example_dags/example_trigger_controller_dag.py took 0.132 seconds
[2025-05-13T21:19:29.799+0000] {processor.py:153} INFO - Started process (PID=689) to work on /home/airflow/.local/lib/python3.9/site-packages/airflow/example_dags/example_trigger_controller_dag.py
[2025-05-13T21:19:29.800+0000] {processor.py:743} INFO - Processing file /home/airflow/.local/lib/python3.9/site-packages/airflow/example_dags/example_trigger_controller_dag.py for tasks to queue
[2025-05-13T21:19:29.802+0000] {logging_mixin.py:137} INFO - [2025-05-13T21:19:29.802+0000] {dagbag.py:538} INFO - Filling up the DagBag from /home/airflow/.local/lib/python3.9/site-packages/airflow/example_dags/example_trigger_controller_dag.py
[2025-05-13T21:19:29.819+0000] {processor.py:753} INFO - DAG(s) dict_keys(['example_trigger_controller_dag']) retrieved from /home/airflow/.local/lib/python3.9/site-packages/airflow/example_dags/example_trigger_controller_dag.py
[2025-05-13T21:19:29.872+0000] {logging_mixin.py:137} INFO - [2025-05-13T21:19:29.872+0000] {dag.py:2676} INFO - Sync 1 DAGs
[2025-05-13T21:19:29.905+0000] {logging_mixin.py:137} INFO - [2025-05-13T21:19:29.905+0000] {dag.py:3423} INFO - Setting next_dagrun for example_trigger_controller_dag to 2021-01-01T00:00:00+00:00, run_after=2021-01-01T00:00:00+00:00
[2025-05-13T21:19:29.931+0000] {processor.py:175} INFO - Processing /home/airflow/.local/lib/python3.9/site-packages/airflow/example_dags/example_trigger_controller_dag.py took 0.137 seconds
[2025-05-13T21:20:00.470+0000] {processor.py:153} INFO - Started process (PID=890) to work on /home/airflow/.local/lib/python3.9/site-packages/airflow/example_dags/example_trigger_controller_dag.py
[2025-05-13T21:20:00.472+0000] {processor.py:743} INFO - Processing file /home/airflow/.local/lib/python3.9/site-packages/airflow/example_dags/example_trigger_controller_dag.py for tasks to queue
[2025-05-13T21:20:00.473+0000] {logging_mixin.py:137} INFO - [2025-05-13T21:20:00.473+0000] {dagbag.py:538} INFO - Filling up the DagBag from /home/airflow/.local/lib/python3.9/site-packages/airflow/example_dags/example_trigger_controller_dag.py
[2025-05-13T21:20:00.498+0000] {processor.py:753} INFO - DAG(s) dict_keys(['example_trigger_controller_dag']) retrieved from /home/airflow/.local/lib/python3.9/site-packages/airflow/example_dags/example_trigger_controller_dag.py
[2025-05-13T21:20:00.566+0000] {logging_mixin.py:137} INFO - [2025-05-13T21:20:00.566+0000] {dag.py:2676} INFO - Sync 1 DAGs
[2025-05-13T21:20:00.663+0000] {logging_mixin.py:137} INFO - [2025-05-13T21:20:00.662+0000] {dag.py:3423} INFO - Setting next_dagrun for example_trigger_controller_dag to 2021-01-01T00:00:00+00:00, run_after=2021-01-01T00:00:00+00:00
[2025-05-13T21:20:00.718+0000] {processor.py:175} INFO - Processing /home/airflow/.local/lib/python3.9/site-packages/airflow/example_dags/example_trigger_controller_dag.py took 0.255 seconds
[2025-05-13T21:20:30.940+0000] {processor.py:153} INFO - Started process (PID=1093) to work on /home/airflow/.local/lib/python3.9/site-packages/airflow/example_dags/example_trigger_controller_dag.py
[2025-05-13T21:20:30.941+0000] {processor.py:743} INFO - Processing file /home/airflow/.local/lib/python3.9/site-packages/airflow/example_dags/example_trigger_controller_dag.py for tasks to queue
[2025-05-13T21:20:30.944+0000] {logging_mixin.py:137} INFO - [2025-05-13T21:20:30.943+0000] {dagbag.py:538} INFO - Filling up the DagBag from /home/airflow/.local/lib/python3.9/site-packages/airflow/example_dags/example_trigger_controller_dag.py
[2025-05-13T21:20:30.962+0000] {processor.py:753} INFO - DAG(s) dict_keys(['example_trigger_controller_dag']) retrieved from /home/airflow/.local/lib/python3.9/site-packages/airflow/example_dags/example_trigger_controller_dag.py
[2025-05-13T21:20:31.028+0000] {logging_mixin.py:137} INFO - [2025-05-13T21:20:31.028+0000] {dag.py:2676} INFO - Sync 1 DAGs
[2025-05-13T21:20:31.063+0000] {logging_mixin.py:137} INFO - [2025-05-13T21:20:31.063+0000] {dag.py:3423} INFO - Setting next_dagrun for example_trigger_controller_dag to 2021-01-01T00:00:00+00:00, run_after=2021-01-01T00:00:00+00:00
[2025-05-13T21:20:31.087+0000] {processor.py:175} INFO - Processing /home/airflow/.local/lib/python3.9/site-packages/airflow/example_dags/example_trigger_controller_dag.py took 0.156 seconds
[2025-05-13T21:21:01.935+0000] {processor.py:153} INFO - Started process (PID=1298) to work on /home/airflow/.local/lib/python3.9/site-packages/airflow/example_dags/example_trigger_controller_dag.py
[2025-05-13T21:21:01.937+0000] {processor.py:743} INFO - Processing file /home/airflow/.local/lib/python3.9/site-packages/airflow/example_dags/example_trigger_controller_dag.py for tasks to queue
[2025-05-13T21:21:01.938+0000] {logging_mixin.py:137} INFO - [2025-05-13T21:21:01.938+0000] {dagbag.py:538} INFO - Filling up the DagBag from /home/airflow/.local/lib/python3.9/site-packages/airflow/example_dags/example_trigger_controller_dag.py
[2025-05-13T21:21:01.961+0000] {processor.py:753} INFO - DAG(s) dict_keys(['example_trigger_controller_dag']) retrieved from /home/airflow/.local/lib/python3.9/site-packages/airflow/example_dags/example_trigger_controller_dag.py
[2025-05-13T21:21:02.023+0000] {logging_mixin.py:137} INFO - [2025-05-13T21:21:02.023+0000] {dag.py:2676} INFO - Sync 1 DAGs
[2025-05-13T21:21:02.055+0000] {logging_mixin.py:137} INFO - [2025-05-13T21:21:02.055+0000] {dag.py:3423} INFO - Setting next_dagrun for example_trigger_controller_dag to 2021-01-01T00:00:00+00:00, run_after=2021-01-01T00:00:00+00:00
[2025-05-13T21:21:02.086+0000] {processor.py:175} INFO - Processing /home/airflow/.local/lib/python3.9/site-packages/airflow/example_dags/example_trigger_controller_dag.py took 0.156 seconds
[2025-05-13T21:21:32.452+0000] {processor.py:153} INFO - Started process (PID=1502) to work on /home/airflow/.local/lib/python3.9/site-packages/airflow/example_dags/example_trigger_controller_dag.py
[2025-05-13T21:21:32.454+0000] {processor.py:743} INFO - Processing file /home/airflow/.local/lib/python3.9/site-packages/airflow/example_dags/example_trigger_controller_dag.py for tasks to queue
[2025-05-13T21:21:32.458+0000] {logging_mixin.py:137} INFO - [2025-05-13T21:21:32.458+0000] {dagbag.py:538} INFO - Filling up the DagBag from /home/airflow/.local/lib/python3.9/site-packages/airflow/example_dags/example_trigger_controller_dag.py
[2025-05-13T21:21:32.477+0000] {processor.py:753} INFO - DAG(s) dict_keys(['example_trigger_controller_dag']) retrieved from /home/airflow/.local/lib/python3.9/site-packages/airflow/example_dags/example_trigger_controller_dag.py
[2025-05-13T21:21:32.533+0000] {logging_mixin.py:137} INFO - [2025-05-13T21:21:32.533+0000] {dag.py:2676} INFO - Sync 1 DAGs
[2025-05-13T21:21:32.564+0000] {logging_mixin.py:137} INFO - [2025-05-13T21:21:32.564+0000] {dag.py:3423} INFO - Setting next_dagrun for example_trigger_controller_dag to 2021-01-01T00:00:00+00:00, run_after=2021-01-01T00:00:00+00:00
[2025-05-13T21:21:32.597+0000] {processor.py:175} INFO - Processing /home/airflow/.local/lib/python3.9/site-packages/airflow/example_dags/example_trigger_controller_dag.py took 0.149 seconds
[2025-05-13T21:22:03.227+0000] {processor.py:153} INFO - Started process (PID=1704) to work on /home/airflow/.local/lib/python3.9/site-packages/airflow/example_dags/example_trigger_controller_dag.py
[2025-05-13T21:22:03.228+0000] {processor.py:743} INFO - Processing file /home/airflow/.local/lib/python3.9/site-packages/airflow/example_dags/example_trigger_controller_dag.py for tasks to queue
[2025-05-13T21:22:03.228+0000] {logging_mixin.py:137} INFO - [2025-05-13T21:22:03.228+0000] {dagbag.py:538} INFO - Filling up the DagBag from /home/airflow/.local/lib/python3.9/site-packages/airflow/example_dags/example_trigger_controller_dag.py
[2025-05-13T21:22:03.244+0000] {processor.py:753} INFO - DAG(s) dict_keys(['example_trigger_controller_dag']) retrieved from /home/airflow/.local/lib/python3.9/site-packages/airflow/example_dags/example_trigger_controller_dag.py
[2025-05-13T21:22:03.297+0000] {logging_mixin.py:137} INFO - [2025-05-13T21:22:03.297+0000] {dag.py:2676} INFO - Sync 1 DAGs
[2025-05-13T21:22:03.343+0000] {logging_mixin.py:137} INFO - [2025-05-13T21:22:03.343+0000] {dag.py:3423} INFO - Setting next_dagrun for example_trigger_controller_dag to 2021-01-01T00:00:00+00:00, run_after=2021-01-01T00:00:00+00:00
[2025-05-13T21:22:03.374+0000] {processor.py:175} INFO - Processing /home/airflow/.local/lib/python3.9/site-packages/airflow/example_dags/example_trigger_controller_dag.py took 0.151 seconds
[2025-05-13T21:22:33.782+0000] {processor.py:153} INFO - Started process (PID=1908) to work on /home/airflow/.local/lib/python3.9/site-packages/airflow/example_dags/example_trigger_controller_dag.py
[2025-05-13T21:22:33.783+0000] {processor.py:743} INFO - Processing file /home/airflow/.local/lib/python3.9/site-packages/airflow/example_dags/example_trigger_controller_dag.py for tasks to queue
[2025-05-13T21:22:33.784+0000] {logging_mixin.py:137} INFO - [2025-05-13T21:22:33.783+0000] {dagbag.py:538} INFO - Filling up the DagBag from /home/airflow/.local/lib/python3.9/site-packages/airflow/example_dags/example_trigger_controller_dag.py
[2025-05-13T21:22:33.800+0000] {processor.py:753} INFO - DAG(s) dict_keys(['example_trigger_controller_dag']) retrieved from /home/airflow/.local/lib/python3.9/site-packages/airflow/example_dags/example_trigger_controller_dag.py
[2025-05-13T21:22:33.870+0000] {logging_mixin.py:137} INFO - [2025-05-13T21:22:33.870+0000] {dag.py:2676} INFO - Sync 1 DAGs
[2025-05-13T21:22:33.903+0000] {logging_mixin.py:137} INFO - [2025-05-13T21:22:33.902+0000] {dag.py:3423} INFO - Setting next_dagrun for example_trigger_controller_dag to 2021-01-01T00:00:00+00:00, run_after=2021-01-01T00:00:00+00:00
[2025-05-13T21:22:33.929+0000] {processor.py:175} INFO - Processing /home/airflow/.local/lib/python3.9/site-packages/airflow/example_dags/example_trigger_controller_dag.py took 0.151 seconds
[2025-05-13T21:23:04.276+0000] {processor.py:153} INFO - Started process (PID=2110) to work on /home/airflow/.local/lib/python3.9/site-packages/airflow/example_dags/example_trigger_controller_dag.py
[2025-05-13T21:23:04.277+0000] {processor.py:743} INFO - Processing file /home/airflow/.local/lib/python3.9/site-packages/airflow/example_dags/example_trigger_controller_dag.py for tasks to queue
[2025-05-13T21:23:04.278+0000] {logging_mixin.py:137} INFO - [2025-05-13T21:23:04.278+0000] {dagbag.py:538} INFO - Filling up the DagBag from /home/airflow/.local/lib/python3.9/site-packages/airflow/example_dags/example_trigger_controller_dag.py
[2025-05-13T21:23:04.294+0000] {processor.py:753} INFO - DAG(s) dict_keys(['example_trigger_controller_dag']) retrieved from /home/airflow/.local/lib/python3.9/site-packages/airflow/example_dags/example_trigger_controller_dag.py
[2025-05-13T21:23:04.347+0000] {logging_mixin.py:137} INFO - [2025-05-13T21:23:04.347+0000] {dag.py:2676} INFO - Sync 1 DAGs
[2025-05-13T21:23:04.375+0000] {logging_mixin.py:137} INFO - [2025-05-13T21:23:04.375+0000] {dag.py:3423} INFO - Setting next_dagrun for example_trigger_controller_dag to 2021-01-01T00:00:00+00:00, run_after=2021-01-01T00:00:00+00:00
[2025-05-13T21:23:04.396+0000] {processor.py:175} INFO - Processing /home/airflow/.local/lib/python3.9/site-packages/airflow/example_dags/example_trigger_controller_dag.py took 0.125 seconds
[2025-05-13T21:23:34.850+0000] {processor.py:153} INFO - Started process (PID=2314) to work on /home/airflow/.local/lib/python3.9/site-packages/airflow/example_dags/example_trigger_controller_dag.py
[2025-05-13T21:23:34.851+0000] {processor.py:743} INFO - Processing file /home/airflow/.local/lib/python3.9/site-packages/airflow/example_dags/example_trigger_controller_dag.py for tasks to queue
[2025-05-13T21:23:34.852+0000] {logging_mixin.py:137} INFO - [2025-05-13T21:23:34.852+0000] {dagbag.py:538} INFO - Filling up the DagBag from /home/airflow/.local/lib/python3.9/site-packages/airflow/example_dags/example_trigger_controller_dag.py
[2025-05-13T21:23:34.868+0000] {processor.py:753} INFO - DAG(s) dict_keys(['example_trigger_controller_dag']) retrieved from /home/airflow/.local/lib/python3.9/site-packages/airflow/example_dags/example_trigger_controller_dag.py
[2025-05-13T21:23:34.916+0000] {logging_mixin.py:137} INFO - [2025-05-13T21:23:34.916+0000] {dag.py:2676} INFO - Sync 1 DAGs
[2025-05-13T21:23:34.944+0000] {logging_mixin.py:137} INFO - [2025-05-13T21:23:34.944+0000] {dag.py:3423} INFO - Setting next_dagrun for example_trigger_controller_dag to 2021-01-01T00:00:00+00:00, run_after=2021-01-01T00:00:00+00:00
[2025-05-13T21:23:34.966+0000] {processor.py:175} INFO - Processing /home/airflow/.local/lib/python3.9/site-packages/airflow/example_dags/example_trigger_controller_dag.py took 0.120 seconds
[2025-05-13T21:24:05.514+0000] {processor.py:153} INFO - Started process (PID=2516) to work on /home/airflow/.local/lib/python3.9/site-packages/airflow/example_dags/example_trigger_controller_dag.py
[2025-05-13T21:24:05.515+0000] {processor.py:743} INFO - Processing file /home/airflow/.local/lib/python3.9/site-packages/airflow/example_dags/example_trigger_controller_dag.py for tasks to queue
[2025-05-13T21:24:05.516+0000] {logging_mixin.py:137} INFO - [2025-05-13T21:24:05.516+0000] {dagbag.py:538} INFO - Filling up the DagBag from /home/airflow/.local/lib/python3.9/site-packages/airflow/example_dags/example_trigger_controller_dag.py
[2025-05-13T21:24:05.532+0000] {processor.py:753} INFO - DAG(s) dict_keys(['example_trigger_controller_dag']) retrieved from /home/airflow/.local/lib/python3.9/site-packages/airflow/example_dags/example_trigger_controller_dag.py
[2025-05-13T21:24:05.583+0000] {logging_mixin.py:137} INFO - [2025-05-13T21:24:05.583+0000] {dag.py:2676} INFO - Sync 1 DAGs
[2025-05-13T21:24:05.618+0000] {logging_mixin.py:137} INFO - [2025-05-13T21:24:05.617+0000] {dag.py:3423} INFO - Setting next_dagrun for example_trigger_controller_dag to 2021-01-01T00:00:00+00:00, run_after=2021-01-01T00:00:00+00:00
[2025-05-13T21:24:05.640+0000] {processor.py:175} INFO - Processing /home/airflow/.local/lib/python3.9/site-packages/airflow/example_dags/example_trigger_controller_dag.py took 0.130 seconds
[2025-05-13T21:24:36.066+0000] {processor.py:153} INFO - Started process (PID=2720) to work on /home/airflow/.local/lib/python3.9/site-packages/airflow/example_dags/example_trigger_controller_dag.py
[2025-05-13T21:24:36.067+0000] {processor.py:743} INFO - Processing file /home/airflow/.local/lib/python3.9/site-packages/airflow/example_dags/example_trigger_controller_dag.py for tasks to queue
[2025-05-13T21:24:36.068+0000] {logging_mixin.py:137} INFO - [2025-05-13T21:24:36.068+0000] {dagbag.py:538} INFO - Filling up the DagBag from /home/airflow/.local/lib/python3.9/site-packages/airflow/example_dags/example_trigger_controller_dag.py
[2025-05-13T21:24:36.085+0000] {processor.py:753} INFO - DAG(s) dict_keys(['example_trigger_controller_dag']) retrieved from /home/airflow/.local/lib/python3.9/site-packages/airflow/example_dags/example_trigger_controller_dag.py
[2025-05-13T21:24:36.143+0000] {logging_mixin.py:137} INFO - [2025-05-13T21:24:36.142+0000] {dag.py:2676} INFO - Sync 1 DAGs
[2025-05-13T21:24:36.174+0000] {logging_mixin.py:137} INFO - [2025-05-13T21:24:36.174+0000] {dag.py:3423} INFO - Setting next_dagrun for example_trigger_controller_dag to 2021-01-01T00:00:00+00:00, run_after=2021-01-01T00:00:00+00:00
[2025-05-13T21:24:36.205+0000] {processor.py:175} INFO - Processing /home/airflow/.local/lib/python3.9/site-packages/airflow/example_dags/example_trigger_controller_dag.py took 0.144 seconds
[2025-05-13T21:25:06.504+0000] {processor.py:153} INFO - Started process (PID=2919) to work on /home/airflow/.local/lib/python3.9/site-packages/airflow/example_dags/example_trigger_controller_dag.py
[2025-05-13T21:25:06.505+0000] {processor.py:743} INFO - Processing file /home/airflow/.local/lib/python3.9/site-packages/airflow/example_dags/example_trigger_controller_dag.py for tasks to queue
[2025-05-13T21:25:06.506+0000] {logging_mixin.py:137} INFO - [2025-05-13T21:25:06.506+0000] {dagbag.py:538} INFO - Filling up the DagBag from /home/airflow/.local/lib/python3.9/site-packages/airflow/example_dags/example_trigger_controller_dag.py
[2025-05-13T21:25:06.524+0000] {processor.py:753} INFO - DAG(s) dict_keys(['example_trigger_controller_dag']) retrieved from /home/airflow/.local/lib/python3.9/site-packages/airflow/example_dags/example_trigger_controller_dag.py
[2025-05-13T21:25:06.578+0000] {logging_mixin.py:137} INFO - [2025-05-13T21:25:06.578+0000] {dag.py:2676} INFO - Sync 1 DAGs
[2025-05-13T21:25:06.608+0000] {logging_mixin.py:137} INFO - [2025-05-13T21:25:06.607+0000] {dag.py:3423} INFO - Setting next_dagrun for example_trigger_controller_dag to 2021-01-01T00:00:00+00:00, run_after=2021-01-01T00:00:00+00:00
[2025-05-13T21:25:06.633+0000] {processor.py:175} INFO - Processing /home/airflow/.local/lib/python3.9/site-packages/airflow/example_dags/example_trigger_controller_dag.py took 0.134 seconds
[2025-05-13T21:25:37.258+0000] {processor.py:153} INFO - Started process (PID=3122) to work on /home/airflow/.local/lib/python3.9/site-packages/airflow/example_dags/example_trigger_controller_dag.py
[2025-05-13T21:25:37.260+0000] {processor.py:743} INFO - Processing file /home/airflow/.local/lib/python3.9/site-packages/airflow/example_dags/example_trigger_controller_dag.py for tasks to queue
[2025-05-13T21:25:37.261+0000] {logging_mixin.py:137} INFO - [2025-05-13T21:25:37.261+0000] {dagbag.py:538} INFO - Filling up the DagBag from /home/airflow/.local/lib/python3.9/site-packages/airflow/example_dags/example_trigger_controller_dag.py
[2025-05-13T21:25:37.277+0000] {processor.py:753} INFO - DAG(s) dict_keys(['example_trigger_controller_dag']) retrieved from /home/airflow/.local/lib/python3.9/site-packages/airflow/example_dags/example_trigger_controller_dag.py
[2025-05-13T21:25:37.328+0000] {logging_mixin.py:137} INFO - [2025-05-13T21:25:37.328+0000] {dag.py:2676} INFO - Sync 1 DAGs
[2025-05-13T21:25:37.355+0000] {logging_mixin.py:137} INFO - [2025-05-13T21:25:37.355+0000] {dag.py:3423} INFO - Setting next_dagrun for example_trigger_controller_dag to 2021-01-01T00:00:00+00:00, run_after=2021-01-01T00:00:00+00:00
[2025-05-13T21:25:37.379+0000] {processor.py:175} INFO - Processing /home/airflow/.local/lib/python3.9/site-packages/airflow/example_dags/example_trigger_controller_dag.py took 0.126 seconds
[2025-05-13T21:26:07.778+0000] {processor.py:153} INFO - Started process (PID=3337) to work on /home/airflow/.local/lib/python3.9/site-packages/airflow/example_dags/example_trigger_controller_dag.py
[2025-05-13T21:26:07.779+0000] {processor.py:743} INFO - Processing file /home/airflow/.local/lib/python3.9/site-packages/airflow/example_dags/example_trigger_controller_dag.py for tasks to queue
[2025-05-13T21:26:07.780+0000] {logging_mixin.py:137} INFO - [2025-05-13T21:26:07.780+0000] {dagbag.py:538} INFO - Filling up the DagBag from /home/airflow/.local/lib/python3.9/site-packages/airflow/example_dags/example_trigger_controller_dag.py
[2025-05-13T21:26:07.796+0000] {processor.py:753} INFO - DAG(s) dict_keys(['example_trigger_controller_dag']) retrieved from /home/airflow/.local/lib/python3.9/site-packages/airflow/example_dags/example_trigger_controller_dag.py
[2025-05-13T21:26:07.848+0000] {logging_mixin.py:137} INFO - [2025-05-13T21:26:07.848+0000] {dag.py:2676} INFO - Sync 1 DAGs
[2025-05-13T21:26:07.879+0000] {logging_mixin.py:137} INFO - [2025-05-13T21:26:07.879+0000] {dag.py:3423} INFO - Setting next_dagrun for example_trigger_controller_dag to 2021-01-01T00:00:00+00:00, run_after=2021-01-01T00:00:00+00:00
[2025-05-13T21:26:07.903+0000] {processor.py:175} INFO - Processing /home/airflow/.local/lib/python3.9/site-packages/airflow/example_dags/example_trigger_controller_dag.py took 0.129 seconds
[2025-05-13T21:26:38.598+0000] {processor.py:153} INFO - Started process (PID=3540) to work on /home/airflow/.local/lib/python3.9/site-packages/airflow/example_dags/example_trigger_controller_dag.py
[2025-05-13T21:26:38.599+0000] {processor.py:743} INFO - Processing file /home/airflow/.local/lib/python3.9/site-packages/airflow/example_dags/example_trigger_controller_dag.py for tasks to queue
[2025-05-13T21:26:38.600+0000] {logging_mixin.py:137} INFO - [2025-05-13T21:26:38.600+0000] {dagbag.py:538} INFO - Filling up the DagBag from /home/airflow/.local/lib/python3.9/site-packages/airflow/example_dags/example_trigger_controller_dag.py
[2025-05-13T21:26:38.617+0000] {processor.py:753} INFO - DAG(s) dict_keys(['example_trigger_controller_dag']) retrieved from /home/airflow/.local/lib/python3.9/site-packages/airflow/example_dags/example_trigger_controller_dag.py
[2025-05-13T21:26:38.672+0000] {logging_mixin.py:137} INFO - [2025-05-13T21:26:38.672+0000] {dag.py:2676} INFO - Sync 1 DAGs
[2025-05-13T21:26:38.706+0000] {logging_mixin.py:137} INFO - [2025-05-13T21:26:38.706+0000] {dag.py:3423} INFO - Setting next_dagrun for example_trigger_controller_dag to 2021-01-01T00:00:00+00:00, run_after=2021-01-01T00:00:00+00:00
[2025-05-13T21:26:38.796+0000] {processor.py:175} INFO - Processing /home/airflow/.local/lib/python3.9/site-packages/airflow/example_dags/example_trigger_controller_dag.py took 0.203 seconds
[2025-05-13T21:27:08.923+0000] {processor.py:153} INFO - Started process (PID=3743) to work on /home/airflow/.local/lib/python3.9/site-packages/airflow/example_dags/example_trigger_controller_dag.py
[2025-05-13T21:27:08.924+0000] {processor.py:743} INFO - Processing file /home/airflow/.local/lib/python3.9/site-packages/airflow/example_dags/example_trigger_controller_dag.py for tasks to queue
[2025-05-13T21:27:08.925+0000] {logging_mixin.py:137} INFO - [2025-05-13T21:27:08.925+0000] {dagbag.py:538} INFO - Filling up the DagBag from /home/airflow/.local/lib/python3.9/site-packages/airflow/example_dags/example_trigger_controller_dag.py
[2025-05-13T21:27:08.940+0000] {processor.py:753} INFO - DAG(s) dict_keys(['example_trigger_controller_dag']) retrieved from /home/airflow/.local/lib/python3.9/site-packages/airflow/example_dags/example_trigger_controller_dag.py
[2025-05-13T21:27:08.992+0000] {logging_mixin.py:137} INFO - [2025-05-13T21:27:08.992+0000] {dag.py:2676} INFO - Sync 1 DAGs
[2025-05-13T21:27:09.025+0000] {logging_mixin.py:137} INFO - [2025-05-13T21:27:09.024+0000] {dag.py:3423} INFO - Setting next_dagrun for example_trigger_controller_dag to 2021-01-01T00:00:00+00:00, run_after=2021-01-01T00:00:00+00:00
[2025-05-13T21:27:09.052+0000] {processor.py:175} INFO - Processing /home/airflow/.local/lib/python3.9/site-packages/airflow/example_dags/example_trigger_controller_dag.py took 0.133 seconds
[2025-05-13T21:27:39.685+0000] {processor.py:153} INFO - Started process (PID=3946) to work on /home/airflow/.local/lib/python3.9/site-packages/airflow/example_dags/example_trigger_controller_dag.py
[2025-05-13T21:27:39.686+0000] {processor.py:743} INFO - Processing file /home/airflow/.local/lib/python3.9/site-packages/airflow/example_dags/example_trigger_controller_dag.py for tasks to queue
[2025-05-13T21:27:39.687+0000] {logging_mixin.py:137} INFO - [2025-05-13T21:27:39.687+0000] {dagbag.py:538} INFO - Filling up the DagBag from /home/airflow/.local/lib/python3.9/site-packages/airflow/example_dags/example_trigger_controller_dag.py
[2025-05-13T21:27:39.701+0000] {processor.py:753} INFO - DAG(s) dict_keys(['example_trigger_controller_dag']) retrieved from /home/airflow/.local/lib/python3.9/site-packages/airflow/example_dags/example_trigger_controller_dag.py
[2025-05-13T21:27:39.752+0000] {logging_mixin.py:137} INFO - [2025-05-13T21:27:39.752+0000] {dag.py:2676} INFO - Sync 1 DAGs
[2025-05-13T21:27:39.780+0000] {logging_mixin.py:137} INFO - [2025-05-13T21:27:39.779+0000] {dag.py:3423} INFO - Setting next_dagrun for example_trigger_controller_dag to 2021-01-01T00:00:00+00:00, run_after=2021-01-01T00:00:00+00:00
[2025-05-13T21:27:39.803+0000] {processor.py:175} INFO - Processing /home/airflow/.local/lib/python3.9/site-packages/airflow/example_dags/example_trigger_controller_dag.py took 0.122 seconds
[2025-05-13T21:28:10.347+0000] {processor.py:153} INFO - Started process (PID=4149) to work on /home/airflow/.local/lib/python3.9/site-packages/airflow/example_dags/example_trigger_controller_dag.py
[2025-05-13T21:28:10.349+0000] {processor.py:743} INFO - Processing file /home/airflow/.local/lib/python3.9/site-packages/airflow/example_dags/example_trigger_controller_dag.py for tasks to queue
[2025-05-13T21:28:10.350+0000] {logging_mixin.py:137} INFO - [2025-05-13T21:28:10.349+0000] {dagbag.py:538} INFO - Filling up the DagBag from /home/airflow/.local/lib/python3.9/site-packages/airflow/example_dags/example_trigger_controller_dag.py
[2025-05-13T21:28:10.366+0000] {processor.py:753} INFO - DAG(s) dict_keys(['example_trigger_controller_dag']) retrieved from /home/airflow/.local/lib/python3.9/site-packages/airflow/example_dags/example_trigger_controller_dag.py
[2025-05-13T21:28:10.403+0000] {logging_mixin.py:137} INFO - [2025-05-13T21:28:10.403+0000] {dag.py:2676} INFO - Sync 1 DAGs
[2025-05-13T21:28:10.435+0000] {logging_mixin.py:137} INFO - [2025-05-13T21:28:10.435+0000] {dag.py:3423} INFO - Setting next_dagrun for example_trigger_controller_dag to 2021-01-01T00:00:00+00:00, run_after=2021-01-01T00:00:00+00:00
[2025-05-13T21:28:10.458+0000] {processor.py:175} INFO - Processing /home/airflow/.local/lib/python3.9/site-packages/airflow/example_dags/example_trigger_controller_dag.py took 0.115 seconds
[2025-05-13T21:28:41.063+0000] {processor.py:153} INFO - Started process (PID=4352) to work on /home/airflow/.local/lib/python3.9/site-packages/airflow/example_dags/example_trigger_controller_dag.py
[2025-05-13T21:28:41.064+0000] {processor.py:743} INFO - Processing file /home/airflow/.local/lib/python3.9/site-packages/airflow/example_dags/example_trigger_controller_dag.py for tasks to queue
[2025-05-13T21:28:41.065+0000] {logging_mixin.py:137} INFO - [2025-05-13T21:28:41.065+0000] {dagbag.py:538} INFO - Filling up the DagBag from /home/airflow/.local/lib/python3.9/site-packages/airflow/example_dags/example_trigger_controller_dag.py
[2025-05-13T21:28:41.079+0000] {processor.py:753} INFO - DAG(s) dict_keys(['example_trigger_controller_dag']) retrieved from /home/airflow/.local/lib/python3.9/site-packages/airflow/example_dags/example_trigger_controller_dag.py
[2025-05-13T21:28:41.127+0000] {logging_mixin.py:137} INFO - [2025-05-13T21:28:41.127+0000] {dag.py:2676} INFO - Sync 1 DAGs
[2025-05-13T21:28:41.155+0000] {logging_mixin.py:137} INFO - [2025-05-13T21:28:41.155+0000] {dag.py:3423} INFO - Setting next_dagrun for example_trigger_controller_dag to 2021-01-01T00:00:00+00:00, run_after=2021-01-01T00:00:00+00:00
[2025-05-13T21:28:41.178+0000] {processor.py:175} INFO - Processing /home/airflow/.local/lib/python3.9/site-packages/airflow/example_dags/example_trigger_controller_dag.py took 0.119 seconds
[2025-05-13T21:29:11.992+0000] {processor.py:153} INFO - Started process (PID=4555) to work on /home/airflow/.local/lib/python3.9/site-packages/airflow/example_dags/example_trigger_controller_dag.py
[2025-05-13T21:29:11.993+0000] {processor.py:743} INFO - Processing file /home/airflow/.local/lib/python3.9/site-packages/airflow/example_dags/example_trigger_controller_dag.py for tasks to queue
[2025-05-13T21:29:11.994+0000] {logging_mixin.py:137} INFO - [2025-05-13T21:29:11.994+0000] {dagbag.py:538} INFO - Filling up the DagBag from /home/airflow/.local/lib/python3.9/site-packages/airflow/example_dags/example_trigger_controller_dag.py
[2025-05-13T21:29:12.006+0000] {processor.py:753} INFO - DAG(s) dict_keys(['example_trigger_controller_dag']) retrieved from /home/airflow/.local/lib/python3.9/site-packages/airflow/example_dags/example_trigger_controller_dag.py
[2025-05-13T21:29:12.048+0000] {logging_mixin.py:137} INFO - [2025-05-13T21:29:12.047+0000] {dag.py:2676} INFO - Sync 1 DAGs
[2025-05-13T21:29:12.072+0000] {logging_mixin.py:137} INFO - [2025-05-13T21:29:12.072+0000] {dag.py:3423} INFO - Setting next_dagrun for example_trigger_controller_dag to 2021-01-01T00:00:00+00:00, run_after=2021-01-01T00:00:00+00:00
[2025-05-13T21:29:12.099+0000] {processor.py:175} INFO - Processing /home/airflow/.local/lib/python3.9/site-packages/airflow/example_dags/example_trigger_controller_dag.py took 0.111 seconds
[2025-05-13T21:29:42.691+0000] {processor.py:153} INFO - Started process (PID=4756) to work on /home/airflow/.local/lib/python3.9/site-packages/airflow/example_dags/example_trigger_controller_dag.py
[2025-05-13T21:29:42.692+0000] {processor.py:743} INFO - Processing file /home/airflow/.local/lib/python3.9/site-packages/airflow/example_dags/example_trigger_controller_dag.py for tasks to queue
[2025-05-13T21:29:42.693+0000] {logging_mixin.py:137} INFO - [2025-05-13T21:29:42.693+0000] {dagbag.py:538} INFO - Filling up the DagBag from /home/airflow/.local/lib/python3.9/site-packages/airflow/example_dags/example_trigger_controller_dag.py
[2025-05-13T21:29:42.710+0000] {processor.py:753} INFO - DAG(s) dict_keys(['example_trigger_controller_dag']) retrieved from /home/airflow/.local/lib/python3.9/site-packages/airflow/example_dags/example_trigger_controller_dag.py
[2025-05-13T21:29:42.761+0000] {logging_mixin.py:137} INFO - [2025-05-13T21:29:42.761+0000] {dag.py:2676} INFO - Sync 1 DAGs
[2025-05-13T21:29:42.791+0000] {logging_mixin.py:137} INFO - [2025-05-13T21:29:42.790+0000] {dag.py:3423} INFO - Setting next_dagrun for example_trigger_controller_dag to 2021-01-01T00:00:00+00:00, run_after=2021-01-01T00:00:00+00:00
[2025-05-13T21:29:42.815+0000] {processor.py:175} INFO - Processing /home/airflow/.local/lib/python3.9/site-packages/airflow/example_dags/example_trigger_controller_dag.py took 0.130 seconds
[2025-05-13T21:30:13.605+0000] {processor.py:153} INFO - Started process (PID=4959) to work on /home/airflow/.local/lib/python3.9/site-packages/airflow/example_dags/example_trigger_controller_dag.py
[2025-05-13T21:30:13.606+0000] {processor.py:743} INFO - Processing file /home/airflow/.local/lib/python3.9/site-packages/airflow/example_dags/example_trigger_controller_dag.py for tasks to queue
[2025-05-13T21:30:13.607+0000] {logging_mixin.py:137} INFO - [2025-05-13T21:30:13.607+0000] {dagbag.py:538} INFO - Filling up the DagBag from /home/airflow/.local/lib/python3.9/site-packages/airflow/example_dags/example_trigger_controller_dag.py
[2025-05-13T21:30:13.623+0000] {processor.py:753} INFO - DAG(s) dict_keys(['example_trigger_controller_dag']) retrieved from /home/airflow/.local/lib/python3.9/site-packages/airflow/example_dags/example_trigger_controller_dag.py
[2025-05-13T21:30:13.674+0000] {logging_mixin.py:137} INFO - [2025-05-13T21:30:13.674+0000] {dag.py:2676} INFO - Sync 1 DAGs
[2025-05-13T21:30:13.708+0000] {logging_mixin.py:137} INFO - [2025-05-13T21:30:13.707+0000] {dag.py:3423} INFO - Setting next_dagrun for example_trigger_controller_dag to 2021-01-01T00:00:00+00:00, run_after=2021-01-01T00:00:00+00:00
[2025-05-13T21:30:13.748+0000] {processor.py:175} INFO - Processing /home/airflow/.local/lib/python3.9/site-packages/airflow/example_dags/example_trigger_controller_dag.py took 0.148 seconds
[2025-05-13T21:30:43.822+0000] {processor.py:153} INFO - Started process (PID=5156) to work on /home/airflow/.local/lib/python3.9/site-packages/airflow/example_dags/example_trigger_controller_dag.py
[2025-05-13T21:30:43.823+0000] {processor.py:743} INFO - Processing file /home/airflow/.local/lib/python3.9/site-packages/airflow/example_dags/example_trigger_controller_dag.py for tasks to queue
[2025-05-13T21:30:43.824+0000] {logging_mixin.py:137} INFO - [2025-05-13T21:30:43.824+0000] {dagbag.py:538} INFO - Filling up the DagBag from /home/airflow/.local/lib/python3.9/site-packages/airflow/example_dags/example_trigger_controller_dag.py
[2025-05-13T21:30:43.842+0000] {processor.py:753} INFO - DAG(s) dict_keys(['example_trigger_controller_dag']) retrieved from /home/airflow/.local/lib/python3.9/site-packages/airflow/example_dags/example_trigger_controller_dag.py
[2025-05-13T21:30:43.898+0000] {logging_mixin.py:137} INFO - [2025-05-13T21:30:43.898+0000] {dag.py:2676} INFO - Sync 1 DAGs
[2025-05-13T21:30:43.931+0000] {logging_mixin.py:137} INFO - [2025-05-13T21:30:43.930+0000] {dag.py:3423} INFO - Setting next_dagrun for example_trigger_controller_dag to 2021-01-01T00:00:00+00:00, run_after=2021-01-01T00:00:00+00:00
[2025-05-13T21:30:43.954+0000] {processor.py:175} INFO - Processing /home/airflow/.local/lib/python3.9/site-packages/airflow/example_dags/example_trigger_controller_dag.py took 0.139 seconds
[2025-05-13T21:31:14.399+0000] {processor.py:153} INFO - Started process (PID=5362) to work on /home/airflow/.local/lib/python3.9/site-packages/airflow/example_dags/example_trigger_controller_dag.py
[2025-05-13T21:31:14.401+0000] {processor.py:743} INFO - Processing file /home/airflow/.local/lib/python3.9/site-packages/airflow/example_dags/example_trigger_controller_dag.py for tasks to queue
[2025-05-13T21:31:14.402+0000] {logging_mixin.py:137} INFO - [2025-05-13T21:31:14.402+0000] {dagbag.py:538} INFO - Filling up the DagBag from /home/airflow/.local/lib/python3.9/site-packages/airflow/example_dags/example_trigger_controller_dag.py
[2025-05-13T21:31:14.424+0000] {processor.py:753} INFO - DAG(s) dict_keys(['example_trigger_controller_dag']) retrieved from /home/airflow/.local/lib/python3.9/site-packages/airflow/example_dags/example_trigger_controller_dag.py
[2025-05-13T21:31:14.497+0000] {logging_mixin.py:137} INFO - [2025-05-13T21:31:14.497+0000] {dag.py:2676} INFO - Sync 1 DAGs
[2025-05-13T21:31:14.535+0000] {logging_mixin.py:137} INFO - [2025-05-13T21:31:14.535+0000] {dag.py:3423} INFO - Setting next_dagrun for example_trigger_controller_dag to 2021-01-01T00:00:00+00:00, run_after=2021-01-01T00:00:00+00:00
[2025-05-13T21:31:14.567+0000] {processor.py:175} INFO - Processing /home/airflow/.local/lib/python3.9/site-packages/airflow/example_dags/example_trigger_controller_dag.py took 0.173 seconds
[2025-05-13T21:31:44.954+0000] {processor.py:153} INFO - Started process (PID=5565) to work on /home/airflow/.local/lib/python3.9/site-packages/airflow/example_dags/example_trigger_controller_dag.py
[2025-05-13T21:31:44.955+0000] {processor.py:743} INFO - Processing file /home/airflow/.local/lib/python3.9/site-packages/airflow/example_dags/example_trigger_controller_dag.py for tasks to queue
[2025-05-13T21:31:44.956+0000] {logging_mixin.py:137} INFO - [2025-05-13T21:31:44.956+0000] {dagbag.py:538} INFO - Filling up the DagBag from /home/airflow/.local/lib/python3.9/site-packages/airflow/example_dags/example_trigger_controller_dag.py
[2025-05-13T21:31:44.972+0000] {processor.py:753} INFO - DAG(s) dict_keys(['example_trigger_controller_dag']) retrieved from /home/airflow/.local/lib/python3.9/site-packages/airflow/example_dags/example_trigger_controller_dag.py
[2025-05-13T21:31:45.010+0000] {logging_mixin.py:137} INFO - [2025-05-13T21:31:45.010+0000] {dag.py:2676} INFO - Sync 1 DAGs
[2025-05-13T21:31:45.045+0000] {logging_mixin.py:137} INFO - [2025-05-13T21:31:45.045+0000] {dag.py:3423} INFO - Setting next_dagrun for example_trigger_controller_dag to 2021-01-01T00:00:00+00:00, run_after=2021-01-01T00:00:00+00:00
[2025-05-13T21:31:45.080+0000] {processor.py:175} INFO - Processing /home/airflow/.local/lib/python3.9/site-packages/airflow/example_dags/example_trigger_controller_dag.py took 0.132 seconds
[2025-05-13T21:32:15.898+0000] {processor.py:153} INFO - Started process (PID=5767) to work on /home/airflow/.local/lib/python3.9/site-packages/airflow/example_dags/example_trigger_controller_dag.py
[2025-05-13T21:32:15.899+0000] {processor.py:743} INFO - Processing file /home/airflow/.local/lib/python3.9/site-packages/airflow/example_dags/example_trigger_controller_dag.py for tasks to queue
[2025-05-13T21:32:15.900+0000] {logging_mixin.py:137} INFO - [2025-05-13T21:32:15.900+0000] {dagbag.py:538} INFO - Filling up the DagBag from /home/airflow/.local/lib/python3.9/site-packages/airflow/example_dags/example_trigger_controller_dag.py
[2025-05-13T21:32:15.915+0000] {processor.py:753} INFO - DAG(s) dict_keys(['example_trigger_controller_dag']) retrieved from /home/airflow/.local/lib/python3.9/site-packages/airflow/example_dags/example_trigger_controller_dag.py
[2025-05-13T21:32:15.964+0000] {logging_mixin.py:137} INFO - [2025-05-13T21:32:15.964+0000] {dag.py:2676} INFO - Sync 1 DAGs
[2025-05-13T21:32:15.992+0000] {logging_mixin.py:137} INFO - [2025-05-13T21:32:15.992+0000] {dag.py:3423} INFO - Setting next_dagrun for example_trigger_controller_dag to 2021-01-01T00:00:00+00:00, run_after=2021-01-01T00:00:00+00:00
[2025-05-13T21:32:16.016+0000] {processor.py:175} INFO - Processing /home/airflow/.local/lib/python3.9/site-packages/airflow/example_dags/example_trigger_controller_dag.py took 0.122 seconds
[2025-05-13T21:32:46.278+0000] {processor.py:153} INFO - Started process (PID=5970) to work on /home/airflow/.local/lib/python3.9/site-packages/airflow/example_dags/example_trigger_controller_dag.py
[2025-05-13T21:32:46.279+0000] {processor.py:743} INFO - Processing file /home/airflow/.local/lib/python3.9/site-packages/airflow/example_dags/example_trigger_controller_dag.py for tasks to queue
[2025-05-13T21:32:46.280+0000] {logging_mixin.py:137} INFO - [2025-05-13T21:32:46.280+0000] {dagbag.py:538} INFO - Filling up the DagBag from /home/airflow/.local/lib/python3.9/site-packages/airflow/example_dags/example_trigger_controller_dag.py
[2025-05-13T21:32:46.295+0000] {processor.py:753} INFO - DAG(s) dict_keys(['example_trigger_controller_dag']) retrieved from /home/airflow/.local/lib/python3.9/site-packages/airflow/example_dags/example_trigger_controller_dag.py
[2025-05-13T21:32:46.345+0000] {logging_mixin.py:137} INFO - [2025-05-13T21:32:46.345+0000] {dag.py:2676} INFO - Sync 1 DAGs
[2025-05-13T21:32:46.375+0000] {logging_mixin.py:137} INFO - [2025-05-13T21:32:46.375+0000] {dag.py:3423} INFO - Setting next_dagrun for example_trigger_controller_dag to 2021-01-01T00:00:00+00:00, run_after=2021-01-01T00:00:00+00:00
[2025-05-13T21:32:46.400+0000] {processor.py:175} INFO - Processing /home/airflow/.local/lib/python3.9/site-packages/airflow/example_dags/example_trigger_controller_dag.py took 0.126 seconds
[2025-05-13T21:33:16.472+0000] {processor.py:153} INFO - Started process (PID=6171) to work on /home/airflow/.local/lib/python3.9/site-packages/airflow/example_dags/example_trigger_controller_dag.py
[2025-05-13T21:33:16.473+0000] {processor.py:743} INFO - Processing file /home/airflow/.local/lib/python3.9/site-packages/airflow/example_dags/example_trigger_controller_dag.py for tasks to queue
[2025-05-13T21:33:16.474+0000] {logging_mixin.py:137} INFO - [2025-05-13T21:33:16.474+0000] {dagbag.py:538} INFO - Filling up the DagBag from /home/airflow/.local/lib/python3.9/site-packages/airflow/example_dags/example_trigger_controller_dag.py
[2025-05-13T21:33:16.490+0000] {processor.py:753} INFO - DAG(s) dict_keys(['example_trigger_controller_dag']) retrieved from /home/airflow/.local/lib/python3.9/site-packages/airflow/example_dags/example_trigger_controller_dag.py
[2025-05-13T21:33:16.540+0000] {logging_mixin.py:137} INFO - [2025-05-13T21:33:16.539+0000] {dag.py:2676} INFO - Sync 1 DAGs
[2025-05-13T21:33:16.565+0000] {logging_mixin.py:137} INFO - [2025-05-13T21:33:16.565+0000] {dag.py:3423} INFO - Setting next_dagrun for example_trigger_controller_dag to 2021-01-01T00:00:00+00:00, run_after=2021-01-01T00:00:00+00:00
[2025-05-13T21:33:16.585+0000] {processor.py:175} INFO - Processing /home/airflow/.local/lib/python3.9/site-packages/airflow/example_dags/example_trigger_controller_dag.py took 0.118 seconds
[2025-05-13T21:33:47.531+0000] {processor.py:153} INFO - Started process (PID=6376) to work on /home/airflow/.local/lib/python3.9/site-packages/airflow/example_dags/example_trigger_controller_dag.py
[2025-05-13T21:33:47.532+0000] {processor.py:743} INFO - Processing file /home/airflow/.local/lib/python3.9/site-packages/airflow/example_dags/example_trigger_controller_dag.py for tasks to queue
[2025-05-13T21:33:47.533+0000] {logging_mixin.py:137} INFO - [2025-05-13T21:33:47.533+0000] {dagbag.py:538} INFO - Filling up the DagBag from /home/airflow/.local/lib/python3.9/site-packages/airflow/example_dags/example_trigger_controller_dag.py
[2025-05-13T21:33:47.552+0000] {processor.py:753} INFO - DAG(s) dict_keys(['example_trigger_controller_dag']) retrieved from /home/airflow/.local/lib/python3.9/site-packages/airflow/example_dags/example_trigger_controller_dag.py
[2025-05-13T21:33:47.657+0000] {logging_mixin.py:137} INFO - [2025-05-13T21:33:47.656+0000] {dag.py:2676} INFO - Sync 1 DAGs
[2025-05-13T21:33:47.718+0000] {logging_mixin.py:137} INFO - [2025-05-13T21:33:47.717+0000] {dag.py:3423} INFO - Setting next_dagrun for example_trigger_controller_dag to 2021-01-01T00:00:00+00:00, run_after=2021-01-01T00:00:00+00:00
[2025-05-13T21:33:47.748+0000] {processor.py:175} INFO - Processing /home/airflow/.local/lib/python3.9/site-packages/airflow/example_dags/example_trigger_controller_dag.py took 0.221 seconds
[2025-05-13T21:34:17.894+0000] {processor.py:153} INFO - Started process (PID=6579) to work on /home/airflow/.local/lib/python3.9/site-packages/airflow/example_dags/example_trigger_controller_dag.py
[2025-05-13T21:34:17.895+0000] {processor.py:743} INFO - Processing file /home/airflow/.local/lib/python3.9/site-packages/airflow/example_dags/example_trigger_controller_dag.py for tasks to queue
[2025-05-13T21:34:17.896+0000] {logging_mixin.py:137} INFO - [2025-05-13T21:34:17.896+0000] {dagbag.py:538} INFO - Filling up the DagBag from /home/airflow/.local/lib/python3.9/site-packages/airflow/example_dags/example_trigger_controller_dag.py
[2025-05-13T21:34:17.912+0000] {processor.py:753} INFO - DAG(s) dict_keys(['example_trigger_controller_dag']) retrieved from /home/airflow/.local/lib/python3.9/site-packages/airflow/example_dags/example_trigger_controller_dag.py
[2025-05-13T21:34:17.961+0000] {logging_mixin.py:137} INFO - [2025-05-13T21:34:17.961+0000] {dag.py:2676} INFO - Sync 1 DAGs
[2025-05-13T21:34:17.991+0000] {logging_mixin.py:137} INFO - [2025-05-13T21:34:17.990+0000] {dag.py:3423} INFO - Setting next_dagrun for example_trigger_controller_dag to 2021-01-01T00:00:00+00:00, run_after=2021-01-01T00:00:00+00:00
[2025-05-13T21:34:18.013+0000] {processor.py:175} INFO - Processing /home/airflow/.local/lib/python3.9/site-packages/airflow/example_dags/example_trigger_controller_dag.py took 0.123 seconds
[2025-05-13T21:34:48.971+0000] {processor.py:153} INFO - Started process (PID=6789) to work on /home/airflow/.local/lib/python3.9/site-packages/airflow/example_dags/example_trigger_controller_dag.py
[2025-05-13T21:34:48.973+0000] {processor.py:743} INFO - Processing file /home/airflow/.local/lib/python3.9/site-packages/airflow/example_dags/example_trigger_controller_dag.py for tasks to queue
[2025-05-13T21:34:48.976+0000] {logging_mixin.py:137} INFO - [2025-05-13T21:34:48.976+0000] {dagbag.py:538} INFO - Filling up the DagBag from /home/airflow/.local/lib/python3.9/site-packages/airflow/example_dags/example_trigger_controller_dag.py
[2025-05-13T21:34:49.046+0000] {processor.py:753} INFO - DAG(s) dict_keys(['example_trigger_controller_dag']) retrieved from /home/airflow/.local/lib/python3.9/site-packages/airflow/example_dags/example_trigger_controller_dag.py
[2025-05-13T21:34:49.131+0000] {logging_mixin.py:137} INFO - [2025-05-13T21:34:49.131+0000] {dag.py:2676} INFO - Sync 1 DAGs
[2025-05-13T21:34:49.176+0000] {logging_mixin.py:137} INFO - [2025-05-13T21:34:49.176+0000] {dag.py:3423} INFO - Setting next_dagrun for example_trigger_controller_dag to 2021-01-01T00:00:00+00:00, run_after=2021-01-01T00:00:00+00:00
[2025-05-13T21:34:49.218+0000] {processor.py:175} INFO - Processing /home/airflow/.local/lib/python3.9/site-packages/airflow/example_dags/example_trigger_controller_dag.py took 0.252 seconds
[2025-05-13T21:35:19.378+0000] {processor.py:153} INFO - Started process (PID=6995) to work on /home/airflow/.local/lib/python3.9/site-packages/airflow/example_dags/example_trigger_controller_dag.py
[2025-05-13T21:35:19.379+0000] {processor.py:743} INFO - Processing file /home/airflow/.local/lib/python3.9/site-packages/airflow/example_dags/example_trigger_controller_dag.py for tasks to queue
[2025-05-13T21:35:19.380+0000] {logging_mixin.py:137} INFO - [2025-05-13T21:35:19.380+0000] {dagbag.py:538} INFO - Filling up the DagBag from /home/airflow/.local/lib/python3.9/site-packages/airflow/example_dags/example_trigger_controller_dag.py
[2025-05-13T21:35:19.397+0000] {processor.py:753} INFO - DAG(s) dict_keys(['example_trigger_controller_dag']) retrieved from /home/airflow/.local/lib/python3.9/site-packages/airflow/example_dags/example_trigger_controller_dag.py
[2025-05-13T21:35:19.451+0000] {logging_mixin.py:137} INFO - [2025-05-13T21:35:19.451+0000] {dag.py:2676} INFO - Sync 1 DAGs
[2025-05-13T21:35:19.479+0000] {logging_mixin.py:137} INFO - [2025-05-13T21:35:19.479+0000] {dag.py:3423} INFO - Setting next_dagrun for example_trigger_controller_dag to 2021-01-01T00:00:00+00:00, run_after=2021-01-01T00:00:00+00:00
[2025-05-13T21:35:19.505+0000] {processor.py:175} INFO - Processing /home/airflow/.local/lib/python3.9/site-packages/airflow/example_dags/example_trigger_controller_dag.py took 0.132 seconds
[2025-05-13T21:35:50.168+0000] {processor.py:153} INFO - Started process (PID=7198) to work on /home/airflow/.local/lib/python3.9/site-packages/airflow/example_dags/example_trigger_controller_dag.py
[2025-05-13T21:35:50.170+0000] {processor.py:743} INFO - Processing file /home/airflow/.local/lib/python3.9/site-packages/airflow/example_dags/example_trigger_controller_dag.py for tasks to queue
[2025-05-13T21:35:50.171+0000] {logging_mixin.py:137} INFO - [2025-05-13T21:35:50.170+0000] {dagbag.py:538} INFO - Filling up the DagBag from /home/airflow/.local/lib/python3.9/site-packages/airflow/example_dags/example_trigger_controller_dag.py
[2025-05-13T21:35:50.185+0000] {processor.py:753} INFO - DAG(s) dict_keys(['example_trigger_controller_dag']) retrieved from /home/airflow/.local/lib/python3.9/site-packages/airflow/example_dags/example_trigger_controller_dag.py
[2025-05-13T21:35:50.234+0000] {logging_mixin.py:137} INFO - [2025-05-13T21:35:50.234+0000] {dag.py:2676} INFO - Sync 1 DAGs
[2025-05-13T21:35:50.266+0000] {logging_mixin.py:137} INFO - [2025-05-13T21:35:50.266+0000] {dag.py:3423} INFO - Setting next_dagrun for example_trigger_controller_dag to 2021-01-01T00:00:00+00:00, run_after=2021-01-01T00:00:00+00:00
[2025-05-13T21:35:50.294+0000] {processor.py:175} INFO - Processing /home/airflow/.local/lib/python3.9/site-packages/airflow/example_dags/example_trigger_controller_dag.py took 0.129 seconds
[2025-05-13T21:36:20.512+0000] {processor.py:153} INFO - Started process (PID=7395) to work on /home/airflow/.local/lib/python3.9/site-packages/airflow/example_dags/example_trigger_controller_dag.py
[2025-05-13T21:36:20.513+0000] {processor.py:743} INFO - Processing file /home/airflow/.local/lib/python3.9/site-packages/airflow/example_dags/example_trigger_controller_dag.py for tasks to queue
[2025-05-13T21:36:20.515+0000] {logging_mixin.py:137} INFO - [2025-05-13T21:36:20.515+0000] {dagbag.py:538} INFO - Filling up the DagBag from /home/airflow/.local/lib/python3.9/site-packages/airflow/example_dags/example_trigger_controller_dag.py
[2025-05-13T21:36:20.535+0000] {processor.py:753} INFO - DAG(s) dict_keys(['example_trigger_controller_dag']) retrieved from /home/airflow/.local/lib/python3.9/site-packages/airflow/example_dags/example_trigger_controller_dag.py
[2025-05-13T21:36:20.608+0000] {logging_mixin.py:137} INFO - [2025-05-13T21:36:20.608+0000] {dag.py:2676} INFO - Sync 1 DAGs
[2025-05-13T21:36:20.662+0000] {logging_mixin.py:137} INFO - [2025-05-13T21:36:20.662+0000] {dag.py:3423} INFO - Setting next_dagrun for example_trigger_controller_dag to 2021-01-01T00:00:00+00:00, run_after=2021-01-01T00:00:00+00:00
[2025-05-13T21:36:20.698+0000] {processor.py:175} INFO - Processing /home/airflow/.local/lib/python3.9/site-packages/airflow/example_dags/example_trigger_controller_dag.py took 0.190 seconds
[2025-05-13T21:37:51.274+0000] {processor.py:153} INFO - Started process (PID=295) to work on /home/airflow/.local/lib/python3.9/site-packages/airflow/example_dags/example_trigger_controller_dag.py
[2025-05-13T21:37:51.275+0000] {processor.py:743} INFO - Processing file /home/airflow/.local/lib/python3.9/site-packages/airflow/example_dags/example_trigger_controller_dag.py for tasks to queue
[2025-05-13T21:37:51.277+0000] {logging_mixin.py:137} INFO - [2025-05-13T21:37:51.277+0000] {dagbag.py:538} INFO - Filling up the DagBag from /home/airflow/.local/lib/python3.9/site-packages/airflow/example_dags/example_trigger_controller_dag.py
[2025-05-13T21:37:51.297+0000] {processor.py:753} INFO - DAG(s) dict_keys(['example_trigger_controller_dag']) retrieved from /home/airflow/.local/lib/python3.9/site-packages/airflow/example_dags/example_trigger_controller_dag.py
[2025-05-13T21:37:51.358+0000] {logging_mixin.py:137} INFO - [2025-05-13T21:37:51.358+0000] {dag.py:2676} INFO - Sync 1 DAGs
[2025-05-13T21:37:51.395+0000] {logging_mixin.py:137} INFO - [2025-05-13T21:37:51.395+0000] {dag.py:3423} INFO - Setting next_dagrun for example_trigger_controller_dag to 2021-01-01T00:00:00+00:00, run_after=2021-01-01T00:00:00+00:00
[2025-05-13T21:37:51.435+0000] {processor.py:175} INFO - Processing /home/airflow/.local/lib/python3.9/site-packages/airflow/example_dags/example_trigger_controller_dag.py took 0.166 seconds
[2025-05-13T21:38:22.484+0000] {processor.py:153} INFO - Started process (PID=498) to work on /home/airflow/.local/lib/python3.9/site-packages/airflow/example_dags/example_trigger_controller_dag.py
[2025-05-13T21:38:22.485+0000] {processor.py:743} INFO - Processing file /home/airflow/.local/lib/python3.9/site-packages/airflow/example_dags/example_trigger_controller_dag.py for tasks to queue
[2025-05-13T21:38:22.486+0000] {logging_mixin.py:137} INFO - [2025-05-13T21:38:22.486+0000] {dagbag.py:538} INFO - Filling up the DagBag from /home/airflow/.local/lib/python3.9/site-packages/airflow/example_dags/example_trigger_controller_dag.py
[2025-05-13T21:38:22.502+0000] {processor.py:753} INFO - DAG(s) dict_keys(['example_trigger_controller_dag']) retrieved from /home/airflow/.local/lib/python3.9/site-packages/airflow/example_dags/example_trigger_controller_dag.py
[2025-05-13T21:38:22.556+0000] {logging_mixin.py:137} INFO - [2025-05-13T21:38:22.555+0000] {dag.py:2676} INFO - Sync 1 DAGs
[2025-05-13T21:38:22.590+0000] {logging_mixin.py:137} INFO - [2025-05-13T21:38:22.589+0000] {dag.py:3423} INFO - Setting next_dagrun for example_trigger_controller_dag to 2021-01-01T00:00:00+00:00, run_after=2021-01-01T00:00:00+00:00
[2025-05-13T21:38:22.614+0000] {processor.py:175} INFO - Processing /home/airflow/.local/lib/python3.9/site-packages/airflow/example_dags/example_trigger_controller_dag.py took 0.135 seconds
[2025-05-13T21:38:53.563+0000] {processor.py:153} INFO - Started process (PID=697) to work on /home/airflow/.local/lib/python3.9/site-packages/airflow/example_dags/example_trigger_controller_dag.py
[2025-05-13T21:38:53.564+0000] {processor.py:743} INFO - Processing file /home/airflow/.local/lib/python3.9/site-packages/airflow/example_dags/example_trigger_controller_dag.py for tasks to queue
[2025-05-13T21:38:53.565+0000] {logging_mixin.py:137} INFO - [2025-05-13T21:38:53.565+0000] {dagbag.py:538} INFO - Filling up the DagBag from /home/airflow/.local/lib/python3.9/site-packages/airflow/example_dags/example_trigger_controller_dag.py
[2025-05-13T21:38:53.582+0000] {processor.py:753} INFO - DAG(s) dict_keys(['example_trigger_controller_dag']) retrieved from /home/airflow/.local/lib/python3.9/site-packages/airflow/example_dags/example_trigger_controller_dag.py
[2025-05-13T21:38:53.637+0000] {logging_mixin.py:137} INFO - [2025-05-13T21:38:53.637+0000] {dag.py:2676} INFO - Sync 1 DAGs
[2025-05-13T21:38:53.669+0000] {logging_mixin.py:137} INFO - [2025-05-13T21:38:53.669+0000] {dag.py:3423} INFO - Setting next_dagrun for example_trigger_controller_dag to 2021-01-01T00:00:00+00:00, run_after=2021-01-01T00:00:00+00:00
[2025-05-13T21:38:53.695+0000] {processor.py:175} INFO - Processing /home/airflow/.local/lib/python3.9/site-packages/airflow/example_dags/example_trigger_controller_dag.py took 0.137 seconds
[2025-05-13T21:39:24.236+0000] {processor.py:153} INFO - Started process (PID=900) to work on /home/airflow/.local/lib/python3.9/site-packages/airflow/example_dags/example_trigger_controller_dag.py
[2025-05-13T21:39:24.238+0000] {processor.py:743} INFO - Processing file /home/airflow/.local/lib/python3.9/site-packages/airflow/example_dags/example_trigger_controller_dag.py for tasks to queue
[2025-05-13T21:39:24.239+0000] {logging_mixin.py:137} INFO - [2025-05-13T21:39:24.239+0000] {dagbag.py:538} INFO - Filling up the DagBag from /home/airflow/.local/lib/python3.9/site-packages/airflow/example_dags/example_trigger_controller_dag.py
[2025-05-13T21:39:24.255+0000] {processor.py:753} INFO - DAG(s) dict_keys(['example_trigger_controller_dag']) retrieved from /home/airflow/.local/lib/python3.9/site-packages/airflow/example_dags/example_trigger_controller_dag.py
[2025-05-13T21:39:24.303+0000] {logging_mixin.py:137} INFO - [2025-05-13T21:39:24.303+0000] {dag.py:2676} INFO - Sync 1 DAGs
[2025-05-13T21:39:24.329+0000] {logging_mixin.py:137} INFO - [2025-05-13T21:39:24.329+0000] {dag.py:3423} INFO - Setting next_dagrun for example_trigger_controller_dag to 2021-01-01T00:00:00+00:00, run_after=2021-01-01T00:00:00+00:00
[2025-05-13T21:39:24.349+0000] {processor.py:175} INFO - Processing /home/airflow/.local/lib/python3.9/site-packages/airflow/example_dags/example_trigger_controller_dag.py took 0.117 seconds
[2025-05-13T21:39:54.650+0000] {processor.py:153} INFO - Started process (PID=1103) to work on /home/airflow/.local/lib/python3.9/site-packages/airflow/example_dags/example_trigger_controller_dag.py
[2025-05-13T21:39:54.652+0000] {processor.py:743} INFO - Processing file /home/airflow/.local/lib/python3.9/site-packages/airflow/example_dags/example_trigger_controller_dag.py for tasks to queue
[2025-05-13T21:39:54.653+0000] {logging_mixin.py:137} INFO - [2025-05-13T21:39:54.653+0000] {dagbag.py:538} INFO - Filling up the DagBag from /home/airflow/.local/lib/python3.9/site-packages/airflow/example_dags/example_trigger_controller_dag.py
[2025-05-13T21:39:54.669+0000] {processor.py:753} INFO - DAG(s) dict_keys(['example_trigger_controller_dag']) retrieved from /home/airflow/.local/lib/python3.9/site-packages/airflow/example_dags/example_trigger_controller_dag.py
[2025-05-13T21:39:54.721+0000] {logging_mixin.py:137} INFO - [2025-05-13T21:39:54.721+0000] {dag.py:2676} INFO - Sync 1 DAGs
[2025-05-13T21:39:54.753+0000] {logging_mixin.py:137} INFO - [2025-05-13T21:39:54.752+0000] {dag.py:3423} INFO - Setting next_dagrun for example_trigger_controller_dag to 2021-01-01T00:00:00+00:00, run_after=2021-01-01T00:00:00+00:00
[2025-05-13T21:39:54.776+0000] {processor.py:175} INFO - Processing /home/airflow/.local/lib/python3.9/site-packages/airflow/example_dags/example_trigger_controller_dag.py took 0.130 seconds
[2025-05-13T21:40:24.980+0000] {processor.py:153} INFO - Started process (PID=1310) to work on /home/airflow/.local/lib/python3.9/site-packages/airflow/example_dags/example_trigger_controller_dag.py
[2025-05-13T21:40:24.982+0000] {processor.py:743} INFO - Processing file /home/airflow/.local/lib/python3.9/site-packages/airflow/example_dags/example_trigger_controller_dag.py for tasks to queue
[2025-05-13T21:40:24.983+0000] {logging_mixin.py:137} INFO - [2025-05-13T21:40:24.982+0000] {dagbag.py:538} INFO - Filling up the DagBag from /home/airflow/.local/lib/python3.9/site-packages/airflow/example_dags/example_trigger_controller_dag.py
[2025-05-13T21:40:24.998+0000] {processor.py:753} INFO - DAG(s) dict_keys(['example_trigger_controller_dag']) retrieved from /home/airflow/.local/lib/python3.9/site-packages/airflow/example_dags/example_trigger_controller_dag.py
[2025-05-13T21:40:25.046+0000] {logging_mixin.py:137} INFO - [2025-05-13T21:40:25.046+0000] {dag.py:2676} INFO - Sync 1 DAGs
[2025-05-13T21:40:25.073+0000] {logging_mixin.py:137} INFO - [2025-05-13T21:40:25.073+0000] {dag.py:3423} INFO - Setting next_dagrun for example_trigger_controller_dag to 2021-01-01T00:00:00+00:00, run_after=2021-01-01T00:00:00+00:00
[2025-05-13T21:40:25.094+0000] {processor.py:175} INFO - Processing /home/airflow/.local/lib/python3.9/site-packages/airflow/example_dags/example_trigger_controller_dag.py took 0.118 seconds
[2025-05-13T21:40:55.393+0000] {processor.py:153} INFO - Started process (PID=1513) to work on /home/airflow/.local/lib/python3.9/site-packages/airflow/example_dags/example_trigger_controller_dag.py
[2025-05-13T21:40:55.394+0000] {processor.py:743} INFO - Processing file /home/airflow/.local/lib/python3.9/site-packages/airflow/example_dags/example_trigger_controller_dag.py for tasks to queue
[2025-05-13T21:40:55.395+0000] {logging_mixin.py:137} INFO - [2025-05-13T21:40:55.395+0000] {dagbag.py:538} INFO - Filling up the DagBag from /home/airflow/.local/lib/python3.9/site-packages/airflow/example_dags/example_trigger_controller_dag.py
[2025-05-13T21:40:55.413+0000] {processor.py:753} INFO - DAG(s) dict_keys(['example_trigger_controller_dag']) retrieved from /home/airflow/.local/lib/python3.9/site-packages/airflow/example_dags/example_trigger_controller_dag.py
[2025-05-13T21:40:55.475+0000] {logging_mixin.py:137} INFO - [2025-05-13T21:40:55.474+0000] {dag.py:2676} INFO - Sync 1 DAGs
[2025-05-13T21:40:55.514+0000] {logging_mixin.py:137} INFO - [2025-05-13T21:40:55.514+0000] {dag.py:3423} INFO - Setting next_dagrun for example_trigger_controller_dag to 2021-01-01T00:00:00+00:00, run_after=2021-01-01T00:00:00+00:00
[2025-05-13T21:40:55.546+0000] {processor.py:175} INFO - Processing /home/airflow/.local/lib/python3.9/site-packages/airflow/example_dags/example_trigger_controller_dag.py took 0.158 seconds
[2025-05-13T21:41:25.990+0000] {processor.py:153} INFO - Started process (PID=1716) to work on /home/airflow/.local/lib/python3.9/site-packages/airflow/example_dags/example_trigger_controller_dag.py
[2025-05-13T21:41:25.992+0000] {processor.py:743} INFO - Processing file /home/airflow/.local/lib/python3.9/site-packages/airflow/example_dags/example_trigger_controller_dag.py for tasks to queue
[2025-05-13T21:41:25.995+0000] {logging_mixin.py:137} INFO - [2025-05-13T21:41:25.994+0000] {dagbag.py:538} INFO - Filling up the DagBag from /home/airflow/.local/lib/python3.9/site-packages/airflow/example_dags/example_trigger_controller_dag.py
[2025-05-13T21:41:26.018+0000] {processor.py:753} INFO - DAG(s) dict_keys(['example_trigger_controller_dag']) retrieved from /home/airflow/.local/lib/python3.9/site-packages/airflow/example_dags/example_trigger_controller_dag.py
[2025-05-13T21:41:26.089+0000] {logging_mixin.py:137} INFO - [2025-05-13T21:41:26.089+0000] {dag.py:2676} INFO - Sync 1 DAGs
[2025-05-13T21:41:26.193+0000] {logging_mixin.py:137} INFO - [2025-05-13T21:41:26.193+0000] {dag.py:3423} INFO - Setting next_dagrun for example_trigger_controller_dag to 2021-01-01T00:00:00+00:00, run_after=2021-01-01T00:00:00+00:00
[2025-05-13T21:41:26.240+0000] {processor.py:175} INFO - Processing /home/airflow/.local/lib/python3.9/site-packages/airflow/example_dags/example_trigger_controller_dag.py took 0.256 seconds
