[2025-05-13T02:45:43.804+0000] {processor.py:153} INFO - Started process (PID=282) to work on /home/airflow/.local/lib/python3.9/site-packages/airflow/example_dags/example_sla_dag.py
[2025-05-13T02:45:43.806+0000] {processor.py:743} INFO - Processing file /home/airflow/.local/lib/python3.9/site-packages/airflow/example_dags/example_sla_dag.py for tasks to queue
[2025-05-13T02:45:43.806+0000] {logging_mixin.py:137} INFO - [2025-05-13T02:45:43.806+0000] {dagbag.py:538} INFO - Filling up the DagBag from /home/airflow/.local/lib/python3.9/site-packages/airflow/example_dags/example_sla_dag.py
[2025-05-13T02:45:43.834+0000] {processor.py:753} INFO - DAG(s) dict_keys(['example_sla_dag']) retrieved from /home/airflow/.local/lib/python3.9/site-packages/airflow/example_dags/example_sla_dag.py
[2025-05-13T02:45:43.974+0000] {logging_mixin.py:137} INFO - [2025-05-13T02:45:43.974+0000] {manager.py:504} INFO - Created Permission View: can delete on DAG:example_sla_dag
[2025-05-13T02:45:43.982+0000] {logging_mixin.py:137} INFO - [2025-05-13T02:45:43.982+0000] {manager.py:504} INFO - Created Permission View: can edit on DAG:example_sla_dag
[2025-05-13T02:45:43.992+0000] {logging_mixin.py:137} INFO - [2025-05-13T02:45:43.991+0000] {manager.py:504} INFO - Created Permission View: can read on DAG:example_sla_dag
[2025-05-13T02:45:43.992+0000] {logging_mixin.py:137} INFO - [2025-05-13T02:45:43.992+0000] {dag.py:2676} INFO - Sync 1 DAGs
[2025-05-13T02:45:44.010+0000] {logging_mixin.py:137} INFO - [2025-05-13T02:45:44.009+0000] {dag.py:2697} INFO - Creating ORM DAG for example_sla_dag
[2025-05-13T02:45:44.038+0000] {logging_mixin.py:137} INFO - [2025-05-13T02:45:44.038+0000] {dag.py:3423} INFO - Setting next_dagrun for example_sla_dag to 2025-05-13T02:42:00+00:00, run_after=2025-05-13T02:44:00+00:00
[2025-05-13T02:45:44.070+0000] {processor.py:175} INFO - Processing /home/airflow/.local/lib/python3.9/site-packages/airflow/example_dags/example_sla_dag.py took 0.269 seconds
[2025-05-13T02:46:14.269+0000] {processor.py:153} INFO - Started process (PID=479) to work on /home/airflow/.local/lib/python3.9/site-packages/airflow/example_dags/example_sla_dag.py
[2025-05-13T02:46:14.270+0000] {processor.py:743} INFO - Processing file /home/airflow/.local/lib/python3.9/site-packages/airflow/example_dags/example_sla_dag.py for tasks to queue
[2025-05-13T02:46:14.271+0000] {logging_mixin.py:137} INFO - [2025-05-13T02:46:14.271+0000] {dagbag.py:538} INFO - Filling up the DagBag from /home/airflow/.local/lib/python3.9/site-packages/airflow/example_dags/example_sla_dag.py
[2025-05-13T02:46:14.303+0000] {processor.py:753} INFO - DAG(s) dict_keys(['example_sla_dag']) retrieved from /home/airflow/.local/lib/python3.9/site-packages/airflow/example_dags/example_sla_dag.py
[2025-05-13T02:46:14.354+0000] {logging_mixin.py:137} INFO - [2025-05-13T02:46:14.354+0000] {dag.py:2676} INFO - Sync 1 DAGs
[2025-05-13T02:46:14.383+0000] {logging_mixin.py:137} INFO - [2025-05-13T02:46:14.383+0000] {dag.py:3423} INFO - Setting next_dagrun for example_sla_dag to 2025-05-13T02:44:00+00:00, run_after=2025-05-13T02:46:00+00:00
[2025-05-13T02:46:14.404+0000] {processor.py:175} INFO - Processing /home/airflow/.local/lib/python3.9/site-packages/airflow/example_dags/example_sla_dag.py took 0.139 seconds
[2025-05-13T02:46:44.608+0000] {processor.py:153} INFO - Started process (PID=682) to work on /home/airflow/.local/lib/python3.9/site-packages/airflow/example_dags/example_sla_dag.py
[2025-05-13T02:46:44.609+0000] {processor.py:743} INFO - Processing file /home/airflow/.local/lib/python3.9/site-packages/airflow/example_dags/example_sla_dag.py for tasks to queue
[2025-05-13T02:46:44.611+0000] {logging_mixin.py:137} INFO - [2025-05-13T02:46:44.611+0000] {dagbag.py:538} INFO - Filling up the DagBag from /home/airflow/.local/lib/python3.9/site-packages/airflow/example_dags/example_sla_dag.py
[2025-05-13T02:46:44.645+0000] {processor.py:753} INFO - DAG(s) dict_keys(['example_sla_dag']) retrieved from /home/airflow/.local/lib/python3.9/site-packages/airflow/example_dags/example_sla_dag.py
[2025-05-13T02:46:44.695+0000] {logging_mixin.py:137} INFO - [2025-05-13T02:46:44.695+0000] {dag.py:2676} INFO - Sync 1 DAGs
[2025-05-13T02:46:44.730+0000] {logging_mixin.py:137} INFO - [2025-05-13T02:46:44.730+0000] {dag.py:3423} INFO - Setting next_dagrun for example_sla_dag to 2025-05-13T02:44:00+00:00, run_after=2025-05-13T02:46:00+00:00
[2025-05-13T02:46:44.754+0000] {processor.py:175} INFO - Processing /home/airflow/.local/lib/python3.9/site-packages/airflow/example_dags/example_sla_dag.py took 0.150 seconds
[2025-05-13T02:47:15.270+0000] {processor.py:153} INFO - Started process (PID=885) to work on /home/airflow/.local/lib/python3.9/site-packages/airflow/example_dags/example_sla_dag.py
[2025-05-13T02:47:15.272+0000] {processor.py:743} INFO - Processing file /home/airflow/.local/lib/python3.9/site-packages/airflow/example_dags/example_sla_dag.py for tasks to queue
[2025-05-13T02:47:15.274+0000] {logging_mixin.py:137} INFO - [2025-05-13T02:47:15.274+0000] {dagbag.py:538} INFO - Filling up the DagBag from /home/airflow/.local/lib/python3.9/site-packages/airflow/example_dags/example_sla_dag.py
[2025-05-13T02:47:15.312+0000] {processor.py:753} INFO - DAG(s) dict_keys(['example_sla_dag']) retrieved from /home/airflow/.local/lib/python3.9/site-packages/airflow/example_dags/example_sla_dag.py
[2025-05-13T02:47:15.375+0000] {logging_mixin.py:137} INFO - [2025-05-13T02:47:15.375+0000] {dag.py:2676} INFO - Sync 1 DAGs
[2025-05-13T02:47:15.414+0000] {logging_mixin.py:137} INFO - [2025-05-13T02:47:15.413+0000] {dag.py:3423} INFO - Setting next_dagrun for example_sla_dag to 2025-05-13T02:44:00+00:00, run_after=2025-05-13T02:46:00+00:00
[2025-05-13T02:47:15.452+0000] {processor.py:175} INFO - Processing /home/airflow/.local/lib/python3.9/site-packages/airflow/example_dags/example_sla_dag.py took 0.187 seconds
[2025-05-13T02:47:45.640+0000] {processor.py:153} INFO - Started process (PID=1088) to work on /home/airflow/.local/lib/python3.9/site-packages/airflow/example_dags/example_sla_dag.py
[2025-05-13T02:47:45.641+0000] {processor.py:743} INFO - Processing file /home/airflow/.local/lib/python3.9/site-packages/airflow/example_dags/example_sla_dag.py for tasks to queue
[2025-05-13T02:47:45.643+0000] {logging_mixin.py:137} INFO - [2025-05-13T02:47:45.643+0000] {dagbag.py:538} INFO - Filling up the DagBag from /home/airflow/.local/lib/python3.9/site-packages/airflow/example_dags/example_sla_dag.py
[2025-05-13T02:47:45.677+0000] {processor.py:753} INFO - DAG(s) dict_keys(['example_sla_dag']) retrieved from /home/airflow/.local/lib/python3.9/site-packages/airflow/example_dags/example_sla_dag.py
[2025-05-13T02:47:45.730+0000] {logging_mixin.py:137} INFO - [2025-05-13T02:47:45.730+0000] {dag.py:2676} INFO - Sync 1 DAGs
[2025-05-13T02:47:45.766+0000] {logging_mixin.py:137} INFO - [2025-05-13T02:47:45.766+0000] {dag.py:3423} INFO - Setting next_dagrun for example_sla_dag to 2025-05-13T02:44:00+00:00, run_after=2025-05-13T02:46:00+00:00
[2025-05-13T02:47:45.790+0000] {processor.py:175} INFO - Processing /home/airflow/.local/lib/python3.9/site-packages/airflow/example_dags/example_sla_dag.py took 0.157 seconds
[2025-05-13T02:48:16.328+0000] {processor.py:153} INFO - Started process (PID=1349) to work on /home/airflow/.local/lib/python3.9/site-packages/airflow/example_dags/example_sla_dag.py
[2025-05-13T02:48:16.329+0000] {processor.py:743} INFO - Processing file /home/airflow/.local/lib/python3.9/site-packages/airflow/example_dags/example_sla_dag.py for tasks to queue
[2025-05-13T02:48:16.330+0000] {logging_mixin.py:137} INFO - [2025-05-13T02:48:16.330+0000] {dagbag.py:538} INFO - Filling up the DagBag from /home/airflow/.local/lib/python3.9/site-packages/airflow/example_dags/example_sla_dag.py
[2025-05-13T02:48:16.363+0000] {processor.py:753} INFO - DAG(s) dict_keys(['example_sla_dag']) retrieved from /home/airflow/.local/lib/python3.9/site-packages/airflow/example_dags/example_sla_dag.py
[2025-05-13T02:48:16.416+0000] {logging_mixin.py:137} INFO - [2025-05-13T02:48:16.416+0000] {dag.py:2676} INFO - Sync 1 DAGs
[2025-05-13T02:48:16.460+0000] {logging_mixin.py:137} INFO - [2025-05-13T02:48:16.459+0000] {dag.py:3423} INFO - Setting next_dagrun for example_sla_dag to 2025-05-13T02:46:00+00:00, run_after=2025-05-13T02:48:00+00:00
[2025-05-13T02:48:16.488+0000] {processor.py:175} INFO - Processing /home/airflow/.local/lib/python3.9/site-packages/airflow/example_dags/example_sla_dag.py took 0.164 seconds
[2025-05-13T02:49:32.037+0000] {processor.py:153} INFO - Started process (PID=297) to work on /home/airflow/.local/lib/python3.9/site-packages/airflow/example_dags/example_sla_dag.py
[2025-05-13T02:49:32.041+0000] {processor.py:743} INFO - Processing file /home/airflow/.local/lib/python3.9/site-packages/airflow/example_dags/example_sla_dag.py for tasks to queue
[2025-05-13T02:49:32.042+0000] {logging_mixin.py:137} INFO - [2025-05-13T02:49:32.042+0000] {dagbag.py:538} INFO - Filling up the DagBag from /home/airflow/.local/lib/python3.9/site-packages/airflow/example_dags/example_sla_dag.py
[2025-05-13T02:49:32.099+0000] {processor.py:753} INFO - DAG(s) dict_keys(['example_sla_dag']) retrieved from /home/airflow/.local/lib/python3.9/site-packages/airflow/example_dags/example_sla_dag.py
[2025-05-13T02:49:32.195+0000] {logging_mixin.py:137} INFO - [2025-05-13T02:49:32.194+0000] {dag.py:2676} INFO - Sync 1 DAGs
[2025-05-13T02:49:32.246+0000] {logging_mixin.py:137} INFO - [2025-05-13T02:49:32.245+0000] {dag.py:3423} INFO - Setting next_dagrun for example_sla_dag to 2025-05-13T02:46:00+00:00, run_after=2025-05-13T02:48:00+00:00
[2025-05-13T02:49:32.276+0000] {processor.py:175} INFO - Processing /home/airflow/.local/lib/python3.9/site-packages/airflow/example_dags/example_sla_dag.py took 0.245 seconds
[2025-05-13T02:50:02.393+0000] {processor.py:153} INFO - Started process (PID=496) to work on /home/airflow/.local/lib/python3.9/site-packages/airflow/example_dags/example_sla_dag.py
[2025-05-13T02:50:02.395+0000] {processor.py:743} INFO - Processing file /home/airflow/.local/lib/python3.9/site-packages/airflow/example_dags/example_sla_dag.py for tasks to queue
[2025-05-13T02:50:02.397+0000] {logging_mixin.py:137} INFO - [2025-05-13T02:50:02.397+0000] {dagbag.py:538} INFO - Filling up the DagBag from /home/airflow/.local/lib/python3.9/site-packages/airflow/example_dags/example_sla_dag.py
[2025-05-13T02:50:02.453+0000] {processor.py:753} INFO - DAG(s) dict_keys(['example_sla_dag']) retrieved from /home/airflow/.local/lib/python3.9/site-packages/airflow/example_dags/example_sla_dag.py
[2025-05-13T02:50:02.525+0000] {logging_mixin.py:137} INFO - [2025-05-13T02:50:02.524+0000] {dag.py:2676} INFO - Sync 1 DAGs
[2025-05-13T02:50:02.569+0000] {logging_mixin.py:137} INFO - [2025-05-13T02:50:02.568+0000] {dag.py:3423} INFO - Setting next_dagrun for example_sla_dag to 2025-05-13T02:48:00+00:00, run_after=2025-05-13T02:50:00+00:00
[2025-05-13T02:50:02.611+0000] {processor.py:175} INFO - Processing /home/airflow/.local/lib/python3.9/site-packages/airflow/example_dags/example_sla_dag.py took 0.227 seconds
[2025-05-13T02:50:33.124+0000] {processor.py:153} INFO - Started process (PID=697) to work on /home/airflow/.local/lib/python3.9/site-packages/airflow/example_dags/example_sla_dag.py
[2025-05-13T02:50:33.130+0000] {processor.py:743} INFO - Processing file /home/airflow/.local/lib/python3.9/site-packages/airflow/example_dags/example_sla_dag.py for tasks to queue
[2025-05-13T02:50:33.133+0000] {logging_mixin.py:137} INFO - [2025-05-13T02:50:33.133+0000] {dagbag.py:538} INFO - Filling up the DagBag from /home/airflow/.local/lib/python3.9/site-packages/airflow/example_dags/example_sla_dag.py
[2025-05-13T02:50:33.224+0000] {processor.py:753} INFO - DAG(s) dict_keys(['example_sla_dag']) retrieved from /home/airflow/.local/lib/python3.9/site-packages/airflow/example_dags/example_sla_dag.py
[2025-05-13T02:50:33.296+0000] {logging_mixin.py:137} INFO - [2025-05-13T02:50:33.295+0000] {dag.py:2676} INFO - Sync 1 DAGs
[2025-05-13T02:50:33.337+0000] {logging_mixin.py:137} INFO - [2025-05-13T02:50:33.336+0000] {dag.py:3423} INFO - Setting next_dagrun for example_sla_dag to 2025-05-13T02:48:00+00:00, run_after=2025-05-13T02:50:00+00:00
[2025-05-13T02:50:33.365+0000] {processor.py:175} INFO - Processing /home/airflow/.local/lib/python3.9/site-packages/airflow/example_dags/example_sla_dag.py took 0.252 seconds
[2025-05-13T21:18:28.897+0000] {processor.py:153} INFO - Started process (PID=284) to work on /home/airflow/.local/lib/python3.9/site-packages/airflow/example_dags/example_sla_dag.py
[2025-05-13T21:18:28.899+0000] {processor.py:743} INFO - Processing file /home/airflow/.local/lib/python3.9/site-packages/airflow/example_dags/example_sla_dag.py for tasks to queue
[2025-05-13T21:18:28.900+0000] {logging_mixin.py:137} INFO - [2025-05-13T21:18:28.900+0000] {dagbag.py:538} INFO - Filling up the DagBag from /home/airflow/.local/lib/python3.9/site-packages/airflow/example_dags/example_sla_dag.py
[2025-05-13T21:18:28.940+0000] {processor.py:753} INFO - DAG(s) dict_keys(['example_sla_dag']) retrieved from /home/airflow/.local/lib/python3.9/site-packages/airflow/example_dags/example_sla_dag.py
[2025-05-13T21:18:29.117+0000] {logging_mixin.py:137} INFO - [2025-05-13T21:18:29.117+0000] {manager.py:504} INFO - Created Permission View: can edit on DAG:example_sla_dag
[2025-05-13T21:18:29.131+0000] {logging_mixin.py:137} INFO - [2025-05-13T21:18:29.130+0000] {manager.py:504} INFO - Created Permission View: can delete on DAG:example_sla_dag
[2025-05-13T21:18:29.143+0000] {logging_mixin.py:137} INFO - [2025-05-13T21:18:29.143+0000] {manager.py:504} INFO - Created Permission View: can read on DAG:example_sla_dag
[2025-05-13T21:18:29.144+0000] {logging_mixin.py:137} INFO - [2025-05-13T21:18:29.143+0000] {dag.py:2676} INFO - Sync 1 DAGs
[2025-05-13T21:18:29.162+0000] {logging_mixin.py:137} INFO - [2025-05-13T21:18:29.162+0000] {dag.py:2697} INFO - Creating ORM DAG for example_sla_dag
[2025-05-13T21:18:29.184+0000] {logging_mixin.py:137} INFO - [2025-05-13T21:18:29.183+0000] {dag.py:3423} INFO - Setting next_dagrun for example_sla_dag to 2025-05-13T21:16:00+00:00, run_after=2025-05-13T21:18:00+00:00
[2025-05-13T21:18:29.238+0000] {processor.py:175} INFO - Processing /home/airflow/.local/lib/python3.9/site-packages/airflow/example_dags/example_sla_dag.py took 0.346 seconds
[2025-05-13T21:18:59.287+0000] {processor.py:153} INFO - Started process (PID=485) to work on /home/airflow/.local/lib/python3.9/site-packages/airflow/example_dags/example_sla_dag.py
[2025-05-13T21:18:59.289+0000] {processor.py:743} INFO - Processing file /home/airflow/.local/lib/python3.9/site-packages/airflow/example_dags/example_sla_dag.py for tasks to queue
[2025-05-13T21:18:59.290+0000] {logging_mixin.py:137} INFO - [2025-05-13T21:18:59.289+0000] {dagbag.py:538} INFO - Filling up the DagBag from /home/airflow/.local/lib/python3.9/site-packages/airflow/example_dags/example_sla_dag.py
[2025-05-13T21:18:59.324+0000] {processor.py:753} INFO - DAG(s) dict_keys(['example_sla_dag']) retrieved from /home/airflow/.local/lib/python3.9/site-packages/airflow/example_dags/example_sla_dag.py
[2025-05-13T21:18:59.384+0000] {logging_mixin.py:137} INFO - [2025-05-13T21:18:59.384+0000] {dag.py:2676} INFO - Sync 1 DAGs
[2025-05-13T21:18:59.436+0000] {logging_mixin.py:137} INFO - [2025-05-13T21:18:59.436+0000] {dag.py:3423} INFO - Setting next_dagrun for example_sla_dag to 2025-05-13T21:16:00+00:00, run_after=2025-05-13T21:18:00+00:00
[2025-05-13T21:18:59.469+0000] {processor.py:175} INFO - Processing /home/airflow/.local/lib/python3.9/site-packages/airflow/example_dags/example_sla_dag.py took 0.186 seconds
[2025-05-13T21:19:29.589+0000] {processor.py:153} INFO - Started process (PID=682) to work on /home/airflow/.local/lib/python3.9/site-packages/airflow/example_dags/example_sla_dag.py
[2025-05-13T21:19:29.590+0000] {processor.py:743} INFO - Processing file /home/airflow/.local/lib/python3.9/site-packages/airflow/example_dags/example_sla_dag.py for tasks to queue
[2025-05-13T21:19:29.591+0000] {logging_mixin.py:137} INFO - [2025-05-13T21:19:29.591+0000] {dagbag.py:538} INFO - Filling up the DagBag from /home/airflow/.local/lib/python3.9/site-packages/airflow/example_dags/example_sla_dag.py
[2025-05-13T21:19:29.628+0000] {processor.py:753} INFO - DAG(s) dict_keys(['example_sla_dag']) retrieved from /home/airflow/.local/lib/python3.9/site-packages/airflow/example_dags/example_sla_dag.py
[2025-05-13T21:19:29.682+0000] {logging_mixin.py:137} INFO - [2025-05-13T21:19:29.682+0000] {dag.py:2676} INFO - Sync 1 DAGs
[2025-05-13T21:19:29.730+0000] {logging_mixin.py:137} INFO - [2025-05-13T21:19:29.730+0000] {dag.py:3423} INFO - Setting next_dagrun for example_sla_dag to 2025-05-13T21:16:00+00:00, run_after=2025-05-13T21:18:00+00:00
[2025-05-13T21:19:29.762+0000] {processor.py:175} INFO - Processing /home/airflow/.local/lib/python3.9/site-packages/airflow/example_dags/example_sla_dag.py took 0.178 seconds
[2025-05-13T21:20:00.464+0000] {processor.py:153} INFO - Started process (PID=887) to work on /home/airflow/.local/lib/python3.9/site-packages/airflow/example_dags/example_sla_dag.py
[2025-05-13T21:20:00.467+0000] {processor.py:743} INFO - Processing file /home/airflow/.local/lib/python3.9/site-packages/airflow/example_dags/example_sla_dag.py for tasks to queue
[2025-05-13T21:20:00.468+0000] {logging_mixin.py:137} INFO - [2025-05-13T21:20:00.468+0000] {dagbag.py:538} INFO - Filling up the DagBag from /home/airflow/.local/lib/python3.9/site-packages/airflow/example_dags/example_sla_dag.py
[2025-05-13T21:20:00.516+0000] {processor.py:753} INFO - DAG(s) dict_keys(['example_sla_dag']) retrieved from /home/airflow/.local/lib/python3.9/site-packages/airflow/example_dags/example_sla_dag.py
[2025-05-13T21:20:00.590+0000] {logging_mixin.py:137} INFO - [2025-05-13T21:20:00.589+0000] {dag.py:2676} INFO - Sync 1 DAGs
[2025-05-13T21:20:00.692+0000] {logging_mixin.py:137} INFO - [2025-05-13T21:20:00.692+0000] {dag.py:3423} INFO - Setting next_dagrun for example_sla_dag to 2025-05-13T21:18:00+00:00, run_after=2025-05-13T21:20:00+00:00
[2025-05-13T21:20:00.743+0000] {processor.py:175} INFO - Processing /home/airflow/.local/lib/python3.9/site-packages/airflow/example_dags/example_sla_dag.py took 0.284 seconds
[2025-05-13T21:20:30.929+0000] {processor.py:153} INFO - Started process (PID=1090) to work on /home/airflow/.local/lib/python3.9/site-packages/airflow/example_dags/example_sla_dag.py
[2025-05-13T21:20:30.931+0000] {processor.py:743} INFO - Processing file /home/airflow/.local/lib/python3.9/site-packages/airflow/example_dags/example_sla_dag.py for tasks to queue
[2025-05-13T21:20:30.933+0000] {logging_mixin.py:137} INFO - [2025-05-13T21:20:30.932+0000] {dagbag.py:538} INFO - Filling up the DagBag from /home/airflow/.local/lib/python3.9/site-packages/airflow/example_dags/example_sla_dag.py
[2025-05-13T21:20:30.976+0000] {processor.py:753} INFO - DAG(s) dict_keys(['example_sla_dag']) retrieved from /home/airflow/.local/lib/python3.9/site-packages/airflow/example_dags/example_sla_dag.py
[2025-05-13T21:20:31.035+0000] {logging_mixin.py:137} INFO - [2025-05-13T21:20:31.035+0000] {dag.py:2676} INFO - Sync 1 DAGs
[2025-05-13T21:20:31.075+0000] {logging_mixin.py:137} INFO - [2025-05-13T21:20:31.075+0000] {dag.py:3423} INFO - Setting next_dagrun for example_sla_dag to 2025-05-13T21:18:00+00:00, run_after=2025-05-13T21:20:00+00:00
[2025-05-13T21:20:31.104+0000] {processor.py:175} INFO - Processing /home/airflow/.local/lib/python3.9/site-packages/airflow/example_dags/example_sla_dag.py took 0.185 seconds
[2025-05-13T21:21:01.930+0000] {processor.py:153} INFO - Started process (PID=1296) to work on /home/airflow/.local/lib/python3.9/site-packages/airflow/example_dags/example_sla_dag.py
[2025-05-13T21:21:01.932+0000] {processor.py:743} INFO - Processing file /home/airflow/.local/lib/python3.9/site-packages/airflow/example_dags/example_sla_dag.py for tasks to queue
[2025-05-13T21:21:01.933+0000] {logging_mixin.py:137} INFO - [2025-05-13T21:21:01.933+0000] {dagbag.py:538} INFO - Filling up the DagBag from /home/airflow/.local/lib/python3.9/site-packages/airflow/example_dags/example_sla_dag.py
[2025-05-13T21:21:01.979+0000] {processor.py:753} INFO - DAG(s) dict_keys(['example_sla_dag']) retrieved from /home/airflow/.local/lib/python3.9/site-packages/airflow/example_dags/example_sla_dag.py
[2025-05-13T21:21:02.038+0000] {logging_mixin.py:137} INFO - [2025-05-13T21:21:02.038+0000] {dag.py:2676} INFO - Sync 1 DAGs
[2025-05-13T21:21:02.079+0000] {logging_mixin.py:137} INFO - [2025-05-13T21:21:02.078+0000] {dag.py:3423} INFO - Setting next_dagrun for example_sla_dag to 2025-05-13T21:18:00+00:00, run_after=2025-05-13T21:20:00+00:00
[2025-05-13T21:21:02.113+0000] {processor.py:175} INFO - Processing /home/airflow/.local/lib/python3.9/site-packages/airflow/example_dags/example_sla_dag.py took 0.187 seconds
[2025-05-13T21:21:32.447+0000] {processor.py:153} INFO - Started process (PID=1499) to work on /home/airflow/.local/lib/python3.9/site-packages/airflow/example_dags/example_sla_dag.py
[2025-05-13T21:21:32.448+0000] {processor.py:743} INFO - Processing file /home/airflow/.local/lib/python3.9/site-packages/airflow/example_dags/example_sla_dag.py for tasks to queue
[2025-05-13T21:21:32.449+0000] {logging_mixin.py:137} INFO - [2025-05-13T21:21:32.449+0000] {dagbag.py:538} INFO - Filling up the DagBag from /home/airflow/.local/lib/python3.9/site-packages/airflow/example_dags/example_sla_dag.py
[2025-05-13T21:21:32.491+0000] {processor.py:753} INFO - DAG(s) dict_keys(['example_sla_dag']) retrieved from /home/airflow/.local/lib/python3.9/site-packages/airflow/example_dags/example_sla_dag.py
[2025-05-13T21:21:32.548+0000] {logging_mixin.py:137} INFO - [2025-05-13T21:21:32.548+0000] {dag.py:2676} INFO - Sync 1 DAGs
[2025-05-13T21:21:32.589+0000] {logging_mixin.py:137} INFO - [2025-05-13T21:21:32.589+0000] {dag.py:3423} INFO - Setting next_dagrun for example_sla_dag to 2025-05-13T21:18:00+00:00, run_after=2025-05-13T21:20:00+00:00
[2025-05-13T21:21:32.617+0000] {processor.py:175} INFO - Processing /home/airflow/.local/lib/python3.9/site-packages/airflow/example_dags/example_sla_dag.py took 0.175 seconds
[2025-05-13T21:22:03.223+0000] {processor.py:153} INFO - Started process (PID=1702) to work on /home/airflow/.local/lib/python3.9/site-packages/airflow/example_dags/example_sla_dag.py
[2025-05-13T21:22:03.225+0000] {processor.py:743} INFO - Processing file /home/airflow/.local/lib/python3.9/site-packages/airflow/example_dags/example_sla_dag.py for tasks to queue
[2025-05-13T21:22:03.226+0000] {logging_mixin.py:137} INFO - [2025-05-13T21:22:03.226+0000] {dagbag.py:538} INFO - Filling up the DagBag from /home/airflow/.local/lib/python3.9/site-packages/airflow/example_dags/example_sla_dag.py
[2025-05-13T21:22:03.258+0000] {processor.py:753} INFO - DAG(s) dict_keys(['example_sla_dag']) retrieved from /home/airflow/.local/lib/python3.9/site-packages/airflow/example_dags/example_sla_dag.py
[2025-05-13T21:22:03.312+0000] {logging_mixin.py:137} INFO - [2025-05-13T21:22:03.312+0000] {dag.py:2676} INFO - Sync 1 DAGs
[2025-05-13T21:22:03.365+0000] {logging_mixin.py:137} INFO - [2025-05-13T21:22:03.364+0000] {dag.py:3423} INFO - Setting next_dagrun for example_sla_dag to 2025-05-13T21:20:00+00:00, run_after=2025-05-13T21:22:00+00:00
[2025-05-13T21:22:03.389+0000] {processor.py:175} INFO - Processing /home/airflow/.local/lib/python3.9/site-packages/airflow/example_dags/example_sla_dag.py took 0.170 seconds
[2025-05-13T21:22:33.776+0000] {processor.py:153} INFO - Started process (PID=1905) to work on /home/airflow/.local/lib/python3.9/site-packages/airflow/example_dags/example_sla_dag.py
[2025-05-13T21:22:33.778+0000] {processor.py:743} INFO - Processing file /home/airflow/.local/lib/python3.9/site-packages/airflow/example_dags/example_sla_dag.py for tasks to queue
[2025-05-13T21:22:33.779+0000] {logging_mixin.py:137} INFO - [2025-05-13T21:22:33.778+0000] {dagbag.py:538} INFO - Filling up the DagBag from /home/airflow/.local/lib/python3.9/site-packages/airflow/example_dags/example_sla_dag.py
[2025-05-13T21:22:33.813+0000] {processor.py:753} INFO - DAG(s) dict_keys(['example_sla_dag']) retrieved from /home/airflow/.local/lib/python3.9/site-packages/airflow/example_dags/example_sla_dag.py
[2025-05-13T21:22:33.881+0000] {logging_mixin.py:137} INFO - [2025-05-13T21:22:33.881+0000] {dag.py:2676} INFO - Sync 1 DAGs
[2025-05-13T21:22:33.919+0000] {logging_mixin.py:137} INFO - [2025-05-13T21:22:33.918+0000] {dag.py:3423} INFO - Setting next_dagrun for example_sla_dag to 2025-05-13T21:20:00+00:00, run_after=2025-05-13T21:22:00+00:00
[2025-05-13T21:22:33.943+0000] {processor.py:175} INFO - Processing /home/airflow/.local/lib/python3.9/site-packages/airflow/example_dags/example_sla_dag.py took 0.172 seconds
[2025-05-13T21:23:04.271+0000] {processor.py:153} INFO - Started process (PID=2108) to work on /home/airflow/.local/lib/python3.9/site-packages/airflow/example_dags/example_sla_dag.py
[2025-05-13T21:23:04.272+0000] {processor.py:743} INFO - Processing file /home/airflow/.local/lib/python3.9/site-packages/airflow/example_dags/example_sla_dag.py for tasks to queue
[2025-05-13T21:23:04.273+0000] {logging_mixin.py:137} INFO - [2025-05-13T21:23:04.273+0000] {dagbag.py:538} INFO - Filling up the DagBag from /home/airflow/.local/lib/python3.9/site-packages/airflow/example_dags/example_sla_dag.py
[2025-05-13T21:23:04.307+0000] {processor.py:753} INFO - DAG(s) dict_keys(['example_sla_dag']) retrieved from /home/airflow/.local/lib/python3.9/site-packages/airflow/example_dags/example_sla_dag.py
[2025-05-13T21:23:04.357+0000] {logging_mixin.py:137} INFO - [2025-05-13T21:23:04.357+0000] {dag.py:2676} INFO - Sync 1 DAGs
[2025-05-13T21:23:04.392+0000] {logging_mixin.py:137} INFO - [2025-05-13T21:23:04.392+0000] {dag.py:3423} INFO - Setting next_dagrun for example_sla_dag to 2025-05-13T21:20:00+00:00, run_after=2025-05-13T21:22:00+00:00
[2025-05-13T21:23:04.417+0000] {processor.py:175} INFO - Processing /home/airflow/.local/lib/python3.9/site-packages/airflow/example_dags/example_sla_dag.py took 0.150 seconds
[2025-05-13T21:23:34.845+0000] {processor.py:153} INFO - Started process (PID=2311) to work on /home/airflow/.local/lib/python3.9/site-packages/airflow/example_dags/example_sla_dag.py
[2025-05-13T21:23:34.847+0000] {processor.py:743} INFO - Processing file /home/airflow/.local/lib/python3.9/site-packages/airflow/example_dags/example_sla_dag.py for tasks to queue
[2025-05-13T21:23:34.848+0000] {logging_mixin.py:137} INFO - [2025-05-13T21:23:34.848+0000] {dagbag.py:538} INFO - Filling up the DagBag from /home/airflow/.local/lib/python3.9/site-packages/airflow/example_dags/example_sla_dag.py
[2025-05-13T21:23:34.880+0000] {processor.py:753} INFO - DAG(s) dict_keys(['example_sla_dag']) retrieved from /home/airflow/.local/lib/python3.9/site-packages/airflow/example_dags/example_sla_dag.py
[2025-05-13T21:23:34.926+0000] {logging_mixin.py:137} INFO - [2025-05-13T21:23:34.925+0000] {dag.py:2676} INFO - Sync 1 DAGs
[2025-05-13T21:23:34.959+0000] {logging_mixin.py:137} INFO - [2025-05-13T21:23:34.959+0000] {dag.py:3423} INFO - Setting next_dagrun for example_sla_dag to 2025-05-13T21:20:00+00:00, run_after=2025-05-13T21:22:00+00:00
[2025-05-13T21:23:34.980+0000] {processor.py:175} INFO - Processing /home/airflow/.local/lib/python3.9/site-packages/airflow/example_dags/example_sla_dag.py took 0.139 seconds
[2025-05-13T21:24:05.510+0000] {processor.py:153} INFO - Started process (PID=2514) to work on /home/airflow/.local/lib/python3.9/site-packages/airflow/example_dags/example_sla_dag.py
[2025-05-13T21:24:05.512+0000] {processor.py:743} INFO - Processing file /home/airflow/.local/lib/python3.9/site-packages/airflow/example_dags/example_sla_dag.py for tasks to queue
[2025-05-13T21:24:05.513+0000] {logging_mixin.py:137} INFO - [2025-05-13T21:24:05.513+0000] {dagbag.py:538} INFO - Filling up the DagBag from /home/airflow/.local/lib/python3.9/site-packages/airflow/example_dags/example_sla_dag.py
[2025-05-13T21:24:05.547+0000] {processor.py:753} INFO - DAG(s) dict_keys(['example_sla_dag']) retrieved from /home/airflow/.local/lib/python3.9/site-packages/airflow/example_dags/example_sla_dag.py
[2025-05-13T21:24:05.597+0000] {logging_mixin.py:137} INFO - [2025-05-13T21:24:05.597+0000] {dag.py:2676} INFO - Sync 1 DAGs
[2025-05-13T21:24:05.636+0000] {logging_mixin.py:137} INFO - [2025-05-13T21:24:05.636+0000] {dag.py:3423} INFO - Setting next_dagrun for example_sla_dag to 2025-05-13T21:22:00+00:00, run_after=2025-05-13T21:24:00+00:00
[2025-05-13T21:24:05.658+0000] {processor.py:175} INFO - Processing /home/airflow/.local/lib/python3.9/site-packages/airflow/example_dags/example_sla_dag.py took 0.152 seconds
[2025-05-13T21:24:35.880+0000] {processor.py:153} INFO - Started process (PID=2715) to work on /home/airflow/.local/lib/python3.9/site-packages/airflow/example_dags/example_sla_dag.py
[2025-05-13T21:24:35.881+0000] {processor.py:743} INFO - Processing file /home/airflow/.local/lib/python3.9/site-packages/airflow/example_dags/example_sla_dag.py for tasks to queue
[2025-05-13T21:24:35.882+0000] {logging_mixin.py:137} INFO - [2025-05-13T21:24:35.881+0000] {dagbag.py:538} INFO - Filling up the DagBag from /home/airflow/.local/lib/python3.9/site-packages/airflow/example_dags/example_sla_dag.py
[2025-05-13T21:24:35.917+0000] {processor.py:753} INFO - DAG(s) dict_keys(['example_sla_dag']) retrieved from /home/airflow/.local/lib/python3.9/site-packages/airflow/example_dags/example_sla_dag.py
[2025-05-13T21:24:35.974+0000] {logging_mixin.py:137} INFO - [2025-05-13T21:24:35.973+0000] {dag.py:2676} INFO - Sync 1 DAGs
[2025-05-13T21:24:36.012+0000] {logging_mixin.py:137} INFO - [2025-05-13T21:24:36.012+0000] {dag.py:3423} INFO - Setting next_dagrun for example_sla_dag to 2025-05-13T21:22:00+00:00, run_after=2025-05-13T21:24:00+00:00
[2025-05-13T21:24:36.036+0000] {processor.py:175} INFO - Processing /home/airflow/.local/lib/python3.9/site-packages/airflow/example_dags/example_sla_dag.py took 0.161 seconds
[2025-05-13T21:25:06.305+0000] {processor.py:153} INFO - Started process (PID=2914) to work on /home/airflow/.local/lib/python3.9/site-packages/airflow/example_dags/example_sla_dag.py
[2025-05-13T21:25:06.307+0000] {processor.py:743} INFO - Processing file /home/airflow/.local/lib/python3.9/site-packages/airflow/example_dags/example_sla_dag.py for tasks to queue
[2025-05-13T21:25:06.308+0000] {logging_mixin.py:137} INFO - [2025-05-13T21:25:06.308+0000] {dagbag.py:538} INFO - Filling up the DagBag from /home/airflow/.local/lib/python3.9/site-packages/airflow/example_dags/example_sla_dag.py
[2025-05-13T21:25:06.348+0000] {processor.py:753} INFO - DAG(s) dict_keys(['example_sla_dag']) retrieved from /home/airflow/.local/lib/python3.9/site-packages/airflow/example_dags/example_sla_dag.py
[2025-05-13T21:25:06.409+0000] {logging_mixin.py:137} INFO - [2025-05-13T21:25:06.409+0000] {dag.py:2676} INFO - Sync 1 DAGs
[2025-05-13T21:25:06.446+0000] {logging_mixin.py:137} INFO - [2025-05-13T21:25:06.446+0000] {dag.py:3423} INFO - Setting next_dagrun for example_sla_dag to 2025-05-13T21:22:00+00:00, run_after=2025-05-13T21:24:00+00:00
[2025-05-13T21:25:06.473+0000] {processor.py:175} INFO - Processing /home/airflow/.local/lib/python3.9/site-packages/airflow/example_dags/example_sla_dag.py took 0.173 seconds
[2025-05-13T21:25:37.111+0000] {processor.py:153} INFO - Started process (PID=3117) to work on /home/airflow/.local/lib/python3.9/site-packages/airflow/example_dags/example_sla_dag.py
[2025-05-13T21:25:37.112+0000] {processor.py:743} INFO - Processing file /home/airflow/.local/lib/python3.9/site-packages/airflow/example_dags/example_sla_dag.py for tasks to queue
[2025-05-13T21:25:37.113+0000] {logging_mixin.py:137} INFO - [2025-05-13T21:25:37.113+0000] {dagbag.py:538} INFO - Filling up the DagBag from /home/airflow/.local/lib/python3.9/site-packages/airflow/example_dags/example_sla_dag.py
[2025-05-13T21:25:37.143+0000] {processor.py:753} INFO - DAG(s) dict_keys(['example_sla_dag']) retrieved from /home/airflow/.local/lib/python3.9/site-packages/airflow/example_dags/example_sla_dag.py
[2025-05-13T21:25:37.185+0000] {logging_mixin.py:137} INFO - [2025-05-13T21:25:37.184+0000] {dag.py:2676} INFO - Sync 1 DAGs
[2025-05-13T21:25:37.215+0000] {logging_mixin.py:137} INFO - [2025-05-13T21:25:37.215+0000] {dag.py:3423} INFO - Setting next_dagrun for example_sla_dag to 2025-05-13T21:22:00+00:00, run_after=2025-05-13T21:24:00+00:00
[2025-05-13T21:25:37.232+0000] {processor.py:175} INFO - Processing /home/airflow/.local/lib/python3.9/site-packages/airflow/example_dags/example_sla_dag.py took 0.124 seconds
[2025-05-13T21:26:07.598+0000] {processor.py:153} INFO - Started process (PID=3332) to work on /home/airflow/.local/lib/python3.9/site-packages/airflow/example_dags/example_sla_dag.py
[2025-05-13T21:26:07.599+0000] {processor.py:743} INFO - Processing file /home/airflow/.local/lib/python3.9/site-packages/airflow/example_dags/example_sla_dag.py for tasks to queue
[2025-05-13T21:26:07.600+0000] {logging_mixin.py:137} INFO - [2025-05-13T21:26:07.600+0000] {dagbag.py:538} INFO - Filling up the DagBag from /home/airflow/.local/lib/python3.9/site-packages/airflow/example_dags/example_sla_dag.py
[2025-05-13T21:26:07.638+0000] {processor.py:753} INFO - DAG(s) dict_keys(['example_sla_dag']) retrieved from /home/airflow/.local/lib/python3.9/site-packages/airflow/example_dags/example_sla_dag.py
[2025-05-13T21:26:07.691+0000] {logging_mixin.py:137} INFO - [2025-05-13T21:26:07.691+0000] {dag.py:2676} INFO - Sync 1 DAGs
[2025-05-13T21:26:07.726+0000] {logging_mixin.py:137} INFO - [2025-05-13T21:26:07.725+0000] {dag.py:3423} INFO - Setting next_dagrun for example_sla_dag to 2025-05-13T21:24:00+00:00, run_after=2025-05-13T21:26:00+00:00
[2025-05-13T21:26:07.749+0000] {processor.py:175} INFO - Processing /home/airflow/.local/lib/python3.9/site-packages/airflow/example_dags/example_sla_dag.py took 0.155 seconds
[2025-05-13T21:26:38.414+0000] {processor.py:153} INFO - Started process (PID=3535) to work on /home/airflow/.local/lib/python3.9/site-packages/airflow/example_dags/example_sla_dag.py
[2025-05-13T21:26:38.415+0000] {processor.py:743} INFO - Processing file /home/airflow/.local/lib/python3.9/site-packages/airflow/example_dags/example_sla_dag.py for tasks to queue
[2025-05-13T21:26:38.416+0000] {logging_mixin.py:137} INFO - [2025-05-13T21:26:38.416+0000] {dagbag.py:538} INFO - Filling up the DagBag from /home/airflow/.local/lib/python3.9/site-packages/airflow/example_dags/example_sla_dag.py
[2025-05-13T21:26:38.452+0000] {processor.py:753} INFO - DAG(s) dict_keys(['example_sla_dag']) retrieved from /home/airflow/.local/lib/python3.9/site-packages/airflow/example_dags/example_sla_dag.py
[2025-05-13T21:26:38.507+0000] {logging_mixin.py:137} INFO - [2025-05-13T21:26:38.507+0000] {dag.py:2676} INFO - Sync 1 DAGs
[2025-05-13T21:26:38.543+0000] {logging_mixin.py:137} INFO - [2025-05-13T21:26:38.543+0000] {dag.py:3423} INFO - Setting next_dagrun for example_sla_dag to 2025-05-13T21:24:00+00:00, run_after=2025-05-13T21:26:00+00:00
[2025-05-13T21:26:38.568+0000] {processor.py:175} INFO - Processing /home/airflow/.local/lib/python3.9/site-packages/airflow/example_dags/example_sla_dag.py took 0.159 seconds
[2025-05-13T21:27:08.775+0000] {processor.py:153} INFO - Started process (PID=3738) to work on /home/airflow/.local/lib/python3.9/site-packages/airflow/example_dags/example_sla_dag.py
[2025-05-13T21:27:08.776+0000] {processor.py:743} INFO - Processing file /home/airflow/.local/lib/python3.9/site-packages/airflow/example_dags/example_sla_dag.py for tasks to queue
[2025-05-13T21:27:08.777+0000] {logging_mixin.py:137} INFO - [2025-05-13T21:27:08.777+0000] {dagbag.py:538} INFO - Filling up the DagBag from /home/airflow/.local/lib/python3.9/site-packages/airflow/example_dags/example_sla_dag.py
[2025-05-13T21:27:08.807+0000] {processor.py:753} INFO - DAG(s) dict_keys(['example_sla_dag']) retrieved from /home/airflow/.local/lib/python3.9/site-packages/airflow/example_dags/example_sla_dag.py
[2025-05-13T21:27:08.849+0000] {logging_mixin.py:137} INFO - [2025-05-13T21:27:08.849+0000] {dag.py:2676} INFO - Sync 1 DAGs
[2025-05-13T21:27:08.877+0000] {logging_mixin.py:137} INFO - [2025-05-13T21:27:08.877+0000] {dag.py:3423} INFO - Setting next_dagrun for example_sla_dag to 2025-05-13T21:24:00+00:00, run_after=2025-05-13T21:26:00+00:00
[2025-05-13T21:27:08.896+0000] {processor.py:175} INFO - Processing /home/airflow/.local/lib/python3.9/site-packages/airflow/example_dags/example_sla_dag.py took 0.125 seconds
[2025-05-13T21:27:39.533+0000] {processor.py:153} INFO - Started process (PID=3941) to work on /home/airflow/.local/lib/python3.9/site-packages/airflow/example_dags/example_sla_dag.py
[2025-05-13T21:27:39.534+0000] {processor.py:743} INFO - Processing file /home/airflow/.local/lib/python3.9/site-packages/airflow/example_dags/example_sla_dag.py for tasks to queue
[2025-05-13T21:27:39.536+0000] {logging_mixin.py:137} INFO - [2025-05-13T21:27:39.535+0000] {dagbag.py:538} INFO - Filling up the DagBag from /home/airflow/.local/lib/python3.9/site-packages/airflow/example_dags/example_sla_dag.py
[2025-05-13T21:27:39.566+0000] {processor.py:753} INFO - DAG(s) dict_keys(['example_sla_dag']) retrieved from /home/airflow/.local/lib/python3.9/site-packages/airflow/example_dags/example_sla_dag.py
[2025-05-13T21:27:39.613+0000] {logging_mixin.py:137} INFO - [2025-05-13T21:27:39.613+0000] {dag.py:2676} INFO - Sync 1 DAGs
[2025-05-13T21:27:39.645+0000] {logging_mixin.py:137} INFO - [2025-05-13T21:27:39.644+0000] {dag.py:3423} INFO - Setting next_dagrun for example_sla_dag to 2025-05-13T21:24:00+00:00, run_after=2025-05-13T21:26:00+00:00
[2025-05-13T21:27:39.662+0000] {processor.py:175} INFO - Processing /home/airflow/.local/lib/python3.9/site-packages/airflow/example_dags/example_sla_dag.py took 0.133 seconds
[2025-05-13T21:28:10.178+0000] {processor.py:153} INFO - Started process (PID=4144) to work on /home/airflow/.local/lib/python3.9/site-packages/airflow/example_dags/example_sla_dag.py
[2025-05-13T21:28:10.180+0000] {processor.py:743} INFO - Processing file /home/airflow/.local/lib/python3.9/site-packages/airflow/example_dags/example_sla_dag.py for tasks to queue
[2025-05-13T21:28:10.181+0000] {logging_mixin.py:137} INFO - [2025-05-13T21:28:10.180+0000] {dagbag.py:538} INFO - Filling up the DagBag from /home/airflow/.local/lib/python3.9/site-packages/airflow/example_dags/example_sla_dag.py
[2025-05-13T21:28:10.214+0000] {processor.py:753} INFO - DAG(s) dict_keys(['example_sla_dag']) retrieved from /home/airflow/.local/lib/python3.9/site-packages/airflow/example_dags/example_sla_dag.py
[2025-05-13T21:28:10.252+0000] {logging_mixin.py:137} INFO - [2025-05-13T21:28:10.252+0000] {dag.py:2676} INFO - Sync 1 DAGs
[2025-05-13T21:28:10.295+0000] {logging_mixin.py:137} INFO - [2025-05-13T21:28:10.295+0000] {dag.py:3423} INFO - Setting next_dagrun for example_sla_dag to 2025-05-13T21:26:00+00:00, run_after=2025-05-13T21:28:00+00:00
[2025-05-13T21:28:10.318+0000] {processor.py:175} INFO - Processing /home/airflow/.local/lib/python3.9/site-packages/airflow/example_dags/example_sla_dag.py took 0.144 seconds
[2025-05-13T21:28:40.922+0000] {processor.py:153} INFO - Started process (PID=4347) to work on /home/airflow/.local/lib/python3.9/site-packages/airflow/example_dags/example_sla_dag.py
[2025-05-13T21:28:40.923+0000] {processor.py:743} INFO - Processing file /home/airflow/.local/lib/python3.9/site-packages/airflow/example_dags/example_sla_dag.py for tasks to queue
[2025-05-13T21:28:40.923+0000] {logging_mixin.py:137} INFO - [2025-05-13T21:28:40.923+0000] {dagbag.py:538} INFO - Filling up the DagBag from /home/airflow/.local/lib/python3.9/site-packages/airflow/example_dags/example_sla_dag.py
[2025-05-13T21:28:40.952+0000] {processor.py:753} INFO - DAG(s) dict_keys(['example_sla_dag']) retrieved from /home/airflow/.local/lib/python3.9/site-packages/airflow/example_dags/example_sla_dag.py
[2025-05-13T21:28:40.996+0000] {logging_mixin.py:137} INFO - [2025-05-13T21:28:40.996+0000] {dag.py:2676} INFO - Sync 1 DAGs
[2025-05-13T21:28:41.023+0000] {logging_mixin.py:137} INFO - [2025-05-13T21:28:41.023+0000] {dag.py:3423} INFO - Setting next_dagrun for example_sla_dag to 2025-05-13T21:26:00+00:00, run_after=2025-05-13T21:28:00+00:00
[2025-05-13T21:28:41.039+0000] {processor.py:175} INFO - Processing /home/airflow/.local/lib/python3.9/site-packages/airflow/example_dags/example_sla_dag.py took 0.122 seconds
[2025-05-13T21:29:11.832+0000] {processor.py:153} INFO - Started process (PID=4550) to work on /home/airflow/.local/lib/python3.9/site-packages/airflow/example_dags/example_sla_dag.py
[2025-05-13T21:29:11.833+0000] {processor.py:743} INFO - Processing file /home/airflow/.local/lib/python3.9/site-packages/airflow/example_dags/example_sla_dag.py for tasks to queue
[2025-05-13T21:29:11.834+0000] {logging_mixin.py:137} INFO - [2025-05-13T21:29:11.834+0000] {dagbag.py:538} INFO - Filling up the DagBag from /home/airflow/.local/lib/python3.9/site-packages/airflow/example_dags/example_sla_dag.py
[2025-05-13T21:29:11.862+0000] {processor.py:753} INFO - DAG(s) dict_keys(['example_sla_dag']) retrieved from /home/airflow/.local/lib/python3.9/site-packages/airflow/example_dags/example_sla_dag.py
[2025-05-13T21:29:11.921+0000] {logging_mixin.py:137} INFO - [2025-05-13T21:29:11.921+0000] {dag.py:2676} INFO - Sync 1 DAGs
[2025-05-13T21:29:11.947+0000] {logging_mixin.py:137} INFO - [2025-05-13T21:29:11.947+0000] {dag.py:3423} INFO - Setting next_dagrun for example_sla_dag to 2025-05-13T21:26:00+00:00, run_after=2025-05-13T21:28:00+00:00
[2025-05-13T21:29:11.968+0000] {processor.py:175} INFO - Processing /home/airflow/.local/lib/python3.9/site-packages/airflow/example_dags/example_sla_dag.py took 0.140 seconds
[2025-05-13T21:29:42.399+0000] {processor.py:153} INFO - Started process (PID=4751) to work on /home/airflow/.local/lib/python3.9/site-packages/airflow/example_dags/example_sla_dag.py
[2025-05-13T21:29:42.400+0000] {processor.py:743} INFO - Processing file /home/airflow/.local/lib/python3.9/site-packages/airflow/example_dags/example_sla_dag.py for tasks to queue
[2025-05-13T21:29:42.401+0000] {logging_mixin.py:137} INFO - [2025-05-13T21:29:42.401+0000] {dagbag.py:538} INFO - Filling up the DagBag from /home/airflow/.local/lib/python3.9/site-packages/airflow/example_dags/example_sla_dag.py
[2025-05-13T21:29:42.447+0000] {processor.py:753} INFO - DAG(s) dict_keys(['example_sla_dag']) retrieved from /home/airflow/.local/lib/python3.9/site-packages/airflow/example_dags/example_sla_dag.py
[2025-05-13T21:29:42.581+0000] {logging_mixin.py:137} INFO - [2025-05-13T21:29:42.581+0000] {dag.py:2676} INFO - Sync 1 DAGs
[2025-05-13T21:29:42.633+0000] {logging_mixin.py:137} INFO - [2025-05-13T21:29:42.633+0000] {dag.py:3423} INFO - Setting next_dagrun for example_sla_dag to 2025-05-13T21:26:00+00:00, run_after=2025-05-13T21:28:00+00:00
[2025-05-13T21:29:42.658+0000] {processor.py:175} INFO - Processing /home/airflow/.local/lib/python3.9/site-packages/airflow/example_dags/example_sla_dag.py took 0.265 seconds
[2025-05-13T21:30:13.442+0000] {processor.py:153} INFO - Started process (PID=4952) to work on /home/airflow/.local/lib/python3.9/site-packages/airflow/example_dags/example_sla_dag.py
[2025-05-13T21:30:13.443+0000] {processor.py:743} INFO - Processing file /home/airflow/.local/lib/python3.9/site-packages/airflow/example_dags/example_sla_dag.py for tasks to queue
[2025-05-13T21:30:13.444+0000] {logging_mixin.py:137} INFO - [2025-05-13T21:30:13.444+0000] {dagbag.py:538} INFO - Filling up the DagBag from /home/airflow/.local/lib/python3.9/site-packages/airflow/example_dags/example_sla_dag.py
[2025-05-13T21:30:13.475+0000] {processor.py:753} INFO - DAG(s) dict_keys(['example_sla_dag']) retrieved from /home/airflow/.local/lib/python3.9/site-packages/airflow/example_dags/example_sla_dag.py
[2025-05-13T21:30:13.521+0000] {logging_mixin.py:137} INFO - [2025-05-13T21:30:13.521+0000] {dag.py:2676} INFO - Sync 1 DAGs
[2025-05-13T21:30:13.554+0000] {logging_mixin.py:137} INFO - [2025-05-13T21:30:13.553+0000] {dag.py:3423} INFO - Setting next_dagrun for example_sla_dag to 2025-05-13T21:28:00+00:00, run_after=2025-05-13T21:30:00+00:00
[2025-05-13T21:30:13.576+0000] {processor.py:175} INFO - Processing /home/airflow/.local/lib/python3.9/site-packages/airflow/example_dags/example_sla_dag.py took 0.139 seconds
[2025-05-13T21:30:43.649+0000] {processor.py:153} INFO - Started process (PID=5153) to work on /home/airflow/.local/lib/python3.9/site-packages/airflow/example_dags/example_sla_dag.py
[2025-05-13T21:30:43.650+0000] {processor.py:743} INFO - Processing file /home/airflow/.local/lib/python3.9/site-packages/airflow/example_dags/example_sla_dag.py for tasks to queue
[2025-05-13T21:30:43.652+0000] {logging_mixin.py:137} INFO - [2025-05-13T21:30:43.651+0000] {dagbag.py:538} INFO - Filling up the DagBag from /home/airflow/.local/lib/python3.9/site-packages/airflow/example_dags/example_sla_dag.py
[2025-05-13T21:30:43.686+0000] {processor.py:753} INFO - DAG(s) dict_keys(['example_sla_dag']) retrieved from /home/airflow/.local/lib/python3.9/site-packages/airflow/example_dags/example_sla_dag.py
[2025-05-13T21:30:43.781+0000] {logging_mixin.py:137} INFO - [2025-05-13T21:30:43.780+0000] {dag.py:2676} INFO - Sync 1 DAGs
[2025-05-13T21:30:43.839+0000] {logging_mixin.py:137} INFO - [2025-05-13T21:30:43.839+0000] {dag.py:3423} INFO - Setting next_dagrun for example_sla_dag to 2025-05-13T21:28:00+00:00, run_after=2025-05-13T21:30:00+00:00
[2025-05-13T21:30:43.863+0000] {processor.py:175} INFO - Processing /home/airflow/.local/lib/python3.9/site-packages/airflow/example_dags/example_sla_dag.py took 0.220 seconds
[2025-05-13T21:31:14.398+0000] {processor.py:153} INFO - Started process (PID=5359) to work on /home/airflow/.local/lib/python3.9/site-packages/airflow/example_dags/example_sla_dag.py
[2025-05-13T21:31:14.399+0000] {processor.py:743} INFO - Processing file /home/airflow/.local/lib/python3.9/site-packages/airflow/example_dags/example_sla_dag.py for tasks to queue
[2025-05-13T21:31:14.401+0000] {logging_mixin.py:137} INFO - [2025-05-13T21:31:14.401+0000] {dagbag.py:538} INFO - Filling up the DagBag from /home/airflow/.local/lib/python3.9/site-packages/airflow/example_dags/example_sla_dag.py
[2025-05-13T21:31:14.447+0000] {processor.py:753} INFO - DAG(s) dict_keys(['example_sla_dag']) retrieved from /home/airflow/.local/lib/python3.9/site-packages/airflow/example_dags/example_sla_dag.py
[2025-05-13T21:31:14.514+0000] {logging_mixin.py:137} INFO - [2025-05-13T21:31:14.513+0000] {dag.py:2676} INFO - Sync 1 DAGs
[2025-05-13T21:31:14.557+0000] {logging_mixin.py:137} INFO - [2025-05-13T21:31:14.557+0000] {dag.py:3423} INFO - Setting next_dagrun for example_sla_dag to 2025-05-13T21:28:00+00:00, run_after=2025-05-13T21:30:00+00:00
[2025-05-13T21:31:14.587+0000] {processor.py:175} INFO - Processing /home/airflow/.local/lib/python3.9/site-packages/airflow/example_dags/example_sla_dag.py took 0.195 seconds
[2025-05-13T21:31:44.948+0000] {processor.py:153} INFO - Started process (PID=5562) to work on /home/airflow/.local/lib/python3.9/site-packages/airflow/example_dags/example_sla_dag.py
[2025-05-13T21:31:44.949+0000] {processor.py:743} INFO - Processing file /home/airflow/.local/lib/python3.9/site-packages/airflow/example_dags/example_sla_dag.py for tasks to queue
[2025-05-13T21:31:44.950+0000] {logging_mixin.py:137} INFO - [2025-05-13T21:31:44.950+0000] {dagbag.py:538} INFO - Filling up the DagBag from /home/airflow/.local/lib/python3.9/site-packages/airflow/example_dags/example_sla_dag.py
[2025-05-13T21:31:44.984+0000] {processor.py:753} INFO - DAG(s) dict_keys(['example_sla_dag']) retrieved from /home/airflow/.local/lib/python3.9/site-packages/airflow/example_dags/example_sla_dag.py
[2025-05-13T21:31:45.027+0000] {logging_mixin.py:137} INFO - [2025-05-13T21:31:45.027+0000] {dag.py:2676} INFO - Sync 1 DAGs
[2025-05-13T21:31:45.074+0000] {logging_mixin.py:137} INFO - [2025-05-13T21:31:45.073+0000] {dag.py:3423} INFO - Setting next_dagrun for example_sla_dag to 2025-05-13T21:28:00+00:00, run_after=2025-05-13T21:30:00+00:00
[2025-05-13T21:31:45.103+0000] {processor.py:175} INFO - Processing /home/airflow/.local/lib/python3.9/site-packages/airflow/example_dags/example_sla_dag.py took 0.160 seconds
[2025-05-13T21:32:15.895+0000] {processor.py:153} INFO - Started process (PID=5765) to work on /home/airflow/.local/lib/python3.9/site-packages/airflow/example_dags/example_sla_dag.py
[2025-05-13T21:32:15.896+0000] {processor.py:743} INFO - Processing file /home/airflow/.local/lib/python3.9/site-packages/airflow/example_dags/example_sla_dag.py for tasks to queue
[2025-05-13T21:32:15.897+0000] {logging_mixin.py:137} INFO - [2025-05-13T21:32:15.897+0000] {dagbag.py:538} INFO - Filling up the DagBag from /home/airflow/.local/lib/python3.9/site-packages/airflow/example_dags/example_sla_dag.py
[2025-05-13T21:32:15.929+0000] {processor.py:753} INFO - DAG(s) dict_keys(['example_sla_dag']) retrieved from /home/airflow/.local/lib/python3.9/site-packages/airflow/example_dags/example_sla_dag.py
[2025-05-13T21:32:15.975+0000] {logging_mixin.py:137} INFO - [2025-05-13T21:32:15.975+0000] {dag.py:2676} INFO - Sync 1 DAGs
[2025-05-13T21:32:16.008+0000] {logging_mixin.py:137} INFO - [2025-05-13T21:32:16.007+0000] {dag.py:3423} INFO - Setting next_dagrun for example_sla_dag to 2025-05-13T21:30:00+00:00, run_after=2025-05-13T21:32:00+00:00
[2025-05-13T21:32:16.029+0000] {processor.py:175} INFO - Processing /home/airflow/.local/lib/python3.9/site-packages/airflow/example_dags/example_sla_dag.py took 0.139 seconds
[2025-05-13T21:32:46.275+0000] {processor.py:153} INFO - Started process (PID=5968) to work on /home/airflow/.local/lib/python3.9/site-packages/airflow/example_dags/example_sla_dag.py
[2025-05-13T21:32:46.276+0000] {processor.py:743} INFO - Processing file /home/airflow/.local/lib/python3.9/site-packages/airflow/example_dags/example_sla_dag.py for tasks to queue
[2025-05-13T21:32:46.277+0000] {logging_mixin.py:137} INFO - [2025-05-13T21:32:46.277+0000] {dagbag.py:538} INFO - Filling up the DagBag from /home/airflow/.local/lib/python3.9/site-packages/airflow/example_dags/example_sla_dag.py
[2025-05-13T21:32:46.308+0000] {processor.py:753} INFO - DAG(s) dict_keys(['example_sla_dag']) retrieved from /home/airflow/.local/lib/python3.9/site-packages/airflow/example_dags/example_sla_dag.py
[2025-05-13T21:32:46.357+0000] {logging_mixin.py:137} INFO - [2025-05-13T21:32:46.357+0000] {dag.py:2676} INFO - Sync 1 DAGs
[2025-05-13T21:32:46.393+0000] {logging_mixin.py:137} INFO - [2025-05-13T21:32:46.393+0000] {dag.py:3423} INFO - Setting next_dagrun for example_sla_dag to 2025-05-13T21:30:00+00:00, run_after=2025-05-13T21:32:00+00:00
[2025-05-13T21:32:46.426+0000] {processor.py:175} INFO - Processing /home/airflow/.local/lib/python3.9/site-packages/airflow/example_dags/example_sla_dag.py took 0.155 seconds
[2025-05-13T21:33:16.609+0000] {processor.py:153} INFO - Started process (PID=6176) to work on /home/airflow/.local/lib/python3.9/site-packages/airflow/example_dags/example_sla_dag.py
[2025-05-13T21:33:16.610+0000] {processor.py:743} INFO - Processing file /home/airflow/.local/lib/python3.9/site-packages/airflow/example_dags/example_sla_dag.py for tasks to queue
[2025-05-13T21:33:16.611+0000] {logging_mixin.py:137} INFO - [2025-05-13T21:33:16.611+0000] {dagbag.py:538} INFO - Filling up the DagBag from /home/airflow/.local/lib/python3.9/site-packages/airflow/example_dags/example_sla_dag.py
[2025-05-13T21:33:16.641+0000] {processor.py:753} INFO - DAG(s) dict_keys(['example_sla_dag']) retrieved from /home/airflow/.local/lib/python3.9/site-packages/airflow/example_dags/example_sla_dag.py
[2025-05-13T21:33:16.685+0000] {logging_mixin.py:137} INFO - [2025-05-13T21:33:16.685+0000] {dag.py:2676} INFO - Sync 1 DAGs
[2025-05-13T21:33:16.716+0000] {logging_mixin.py:137} INFO - [2025-05-13T21:33:16.716+0000] {dag.py:3423} INFO - Setting next_dagrun for example_sla_dag to 2025-05-13T21:30:00+00:00, run_after=2025-05-13T21:32:00+00:00
[2025-05-13T21:33:16.737+0000] {processor.py:175} INFO - Processing /home/airflow/.local/lib/python3.9/site-packages/airflow/example_dags/example_sla_dag.py took 0.131 seconds
[2025-05-13T21:33:47.528+0000] {processor.py:153} INFO - Started process (PID=6374) to work on /home/airflow/.local/lib/python3.9/site-packages/airflow/example_dags/example_sla_dag.py
[2025-05-13T21:33:47.529+0000] {processor.py:743} INFO - Processing file /home/airflow/.local/lib/python3.9/site-packages/airflow/example_dags/example_sla_dag.py for tasks to queue
[2025-05-13T21:33:47.530+0000] {logging_mixin.py:137} INFO - [2025-05-13T21:33:47.530+0000] {dagbag.py:538} INFO - Filling up the DagBag from /home/airflow/.local/lib/python3.9/site-packages/airflow/example_dags/example_sla_dag.py
[2025-05-13T21:33:47.573+0000] {processor.py:753} INFO - DAG(s) dict_keys(['example_sla_dag']) retrieved from /home/airflow/.local/lib/python3.9/site-packages/airflow/example_dags/example_sla_dag.py
[2025-05-13T21:33:47.681+0000] {logging_mixin.py:137} INFO - [2025-05-13T21:33:47.681+0000] {dag.py:2676} INFO - Sync 1 DAGs
[2025-05-13T21:33:47.737+0000] {logging_mixin.py:137} INFO - [2025-05-13T21:33:47.737+0000] {dag.py:3423} INFO - Setting next_dagrun for example_sla_dag to 2025-05-13T21:30:00+00:00, run_after=2025-05-13T21:32:00+00:00
[2025-05-13T21:33:47.764+0000] {processor.py:175} INFO - Processing /home/airflow/.local/lib/python3.9/site-packages/airflow/example_dags/example_sla_dag.py took 0.241 seconds
[2025-05-13T21:34:17.890+0000] {processor.py:153} INFO - Started process (PID=6577) to work on /home/airflow/.local/lib/python3.9/site-packages/airflow/example_dags/example_sla_dag.py
[2025-05-13T21:34:17.891+0000] {processor.py:743} INFO - Processing file /home/airflow/.local/lib/python3.9/site-packages/airflow/example_dags/example_sla_dag.py for tasks to queue
[2025-05-13T21:34:17.892+0000] {logging_mixin.py:137} INFO - [2025-05-13T21:34:17.892+0000] {dagbag.py:538} INFO - Filling up the DagBag from /home/airflow/.local/lib/python3.9/site-packages/airflow/example_dags/example_sla_dag.py
[2025-05-13T21:34:17.924+0000] {processor.py:753} INFO - DAG(s) dict_keys(['example_sla_dag']) retrieved from /home/airflow/.local/lib/python3.9/site-packages/airflow/example_dags/example_sla_dag.py
[2025-05-13T21:34:17.974+0000] {logging_mixin.py:137} INFO - [2025-05-13T21:34:17.974+0000] {dag.py:2676} INFO - Sync 1 DAGs
[2025-05-13T21:34:18.007+0000] {logging_mixin.py:137} INFO - [2025-05-13T21:34:18.007+0000] {dag.py:3423} INFO - Setting next_dagrun for example_sla_dag to 2025-05-13T21:32:00+00:00, run_after=2025-05-13T21:34:00+00:00
[2025-05-13T21:34:18.030+0000] {processor.py:175} INFO - Processing /home/airflow/.local/lib/python3.9/site-packages/airflow/example_dags/example_sla_dag.py took 0.145 seconds
[2025-05-13T21:34:48.963+0000] {processor.py:153} INFO - Started process (PID=6786) to work on /home/airflow/.local/lib/python3.9/site-packages/airflow/example_dags/example_sla_dag.py
[2025-05-13T21:34:48.965+0000] {processor.py:743} INFO - Processing file /home/airflow/.local/lib/python3.9/site-packages/airflow/example_dags/example_sla_dag.py for tasks to queue
[2025-05-13T21:34:48.967+0000] {logging_mixin.py:137} INFO - [2025-05-13T21:34:48.966+0000] {dagbag.py:538} INFO - Filling up the DagBag from /home/airflow/.local/lib/python3.9/site-packages/airflow/example_dags/example_sla_dag.py
[2025-05-13T21:34:49.067+0000] {processor.py:753} INFO - DAG(s) dict_keys(['example_sla_dag']) retrieved from /home/airflow/.local/lib/python3.9/site-packages/airflow/example_dags/example_sla_dag.py
[2025-05-13T21:34:49.144+0000] {logging_mixin.py:137} INFO - [2025-05-13T21:34:49.144+0000] {dag.py:2676} INFO - Sync 1 DAGs
[2025-05-13T21:34:49.208+0000] {logging_mixin.py:137} INFO - [2025-05-13T21:34:49.208+0000] {dag.py:3423} INFO - Setting next_dagrun for example_sla_dag to 2025-05-13T21:32:00+00:00, run_after=2025-05-13T21:34:00+00:00
[2025-05-13T21:34:49.243+0000] {processor.py:175} INFO - Processing /home/airflow/.local/lib/python3.9/site-packages/airflow/example_dags/example_sla_dag.py took 0.284 seconds
[2025-05-13T21:35:19.373+0000] {processor.py:153} INFO - Started process (PID=6992) to work on /home/airflow/.local/lib/python3.9/site-packages/airflow/example_dags/example_sla_dag.py
[2025-05-13T21:35:19.374+0000] {processor.py:743} INFO - Processing file /home/airflow/.local/lib/python3.9/site-packages/airflow/example_dags/example_sla_dag.py for tasks to queue
[2025-05-13T21:35:19.375+0000] {logging_mixin.py:137} INFO - [2025-05-13T21:35:19.375+0000] {dagbag.py:538} INFO - Filling up the DagBag from /home/airflow/.local/lib/python3.9/site-packages/airflow/example_dags/example_sla_dag.py
[2025-05-13T21:35:19.410+0000] {processor.py:753} INFO - DAG(s) dict_keys(['example_sla_dag']) retrieved from /home/airflow/.local/lib/python3.9/site-packages/airflow/example_dags/example_sla_dag.py
[2025-05-13T21:35:19.467+0000] {logging_mixin.py:137} INFO - [2025-05-13T21:35:19.467+0000] {dag.py:2676} INFO - Sync 1 DAGs
[2025-05-13T21:35:19.502+0000] {logging_mixin.py:137} INFO - [2025-05-13T21:35:19.502+0000] {dag.py:3423} INFO - Setting next_dagrun for example_sla_dag to 2025-05-13T21:32:00+00:00, run_after=2025-05-13T21:34:00+00:00
[2025-05-13T21:35:19.524+0000] {processor.py:175} INFO - Processing /home/airflow/.local/lib/python3.9/site-packages/airflow/example_dags/example_sla_dag.py took 0.156 seconds
[2025-05-13T21:35:49.964+0000] {processor.py:153} INFO - Started process (PID=7193) to work on /home/airflow/.local/lib/python3.9/site-packages/airflow/example_dags/example_sla_dag.py
[2025-05-13T21:35:49.965+0000] {processor.py:743} INFO - Processing file /home/airflow/.local/lib/python3.9/site-packages/airflow/example_dags/example_sla_dag.py for tasks to queue
[2025-05-13T21:35:49.966+0000] {logging_mixin.py:137} INFO - [2025-05-13T21:35:49.966+0000] {dagbag.py:538} INFO - Filling up the DagBag from /home/airflow/.local/lib/python3.9/site-packages/airflow/example_dags/example_sla_dag.py
[2025-05-13T21:35:49.997+0000] {processor.py:753} INFO - DAG(s) dict_keys(['example_sla_dag']) retrieved from /home/airflow/.local/lib/python3.9/site-packages/airflow/example_dags/example_sla_dag.py
[2025-05-13T21:35:50.048+0000] {logging_mixin.py:137} INFO - [2025-05-13T21:35:50.048+0000] {dag.py:2676} INFO - Sync 1 DAGs
[2025-05-13T21:35:50.112+0000] {logging_mixin.py:137} INFO - [2025-05-13T21:35:50.112+0000] {dag.py:3423} INFO - Setting next_dagrun for example_sla_dag to 2025-05-13T21:32:00+00:00, run_after=2025-05-13T21:34:00+00:00
[2025-05-13T21:35:50.144+0000] {processor.py:175} INFO - Processing /home/airflow/.local/lib/python3.9/site-packages/airflow/example_dags/example_sla_dag.py took 0.184 seconds
[2025-05-13T21:36:20.508+0000] {processor.py:153} INFO - Started process (PID=7392) to work on /home/airflow/.local/lib/python3.9/site-packages/airflow/example_dags/example_sla_dag.py
[2025-05-13T21:36:20.509+0000] {processor.py:743} INFO - Processing file /home/airflow/.local/lib/python3.9/site-packages/airflow/example_dags/example_sla_dag.py for tasks to queue
[2025-05-13T21:36:20.511+0000] {logging_mixin.py:137} INFO - [2025-05-13T21:36:20.510+0000] {dagbag.py:538} INFO - Filling up the DagBag from /home/airflow/.local/lib/python3.9/site-packages/airflow/example_dags/example_sla_dag.py
[2025-05-13T21:36:20.555+0000] {processor.py:753} INFO - DAG(s) dict_keys(['example_sla_dag']) retrieved from /home/airflow/.local/lib/python3.9/site-packages/airflow/example_dags/example_sla_dag.py
[2025-05-13T21:36:20.647+0000] {logging_mixin.py:137} INFO - [2025-05-13T21:36:20.647+0000] {dag.py:2676} INFO - Sync 1 DAGs
[2025-05-13T21:36:20.700+0000] {logging_mixin.py:137} INFO - [2025-05-13T21:36:20.700+0000] {dag.py:3423} INFO - Setting next_dagrun for example_sla_dag to 2025-05-13T21:34:00+00:00, run_after=2025-05-13T21:36:00+00:00
[2025-05-13T21:36:20.740+0000] {processor.py:175} INFO - Processing /home/airflow/.local/lib/python3.9/site-packages/airflow/example_dags/example_sla_dag.py took 0.236 seconds
[2025-05-13T21:37:51.215+0000] {processor.py:153} INFO - Started process (PID=290) to work on /home/airflow/.local/lib/python3.9/site-packages/airflow/example_dags/example_sla_dag.py
[2025-05-13T21:37:51.217+0000] {processor.py:743} INFO - Processing file /home/airflow/.local/lib/python3.9/site-packages/airflow/example_dags/example_sla_dag.py for tasks to queue
[2025-05-13T21:37:51.218+0000] {logging_mixin.py:137} INFO - [2025-05-13T21:37:51.218+0000] {dagbag.py:538} INFO - Filling up the DagBag from /home/airflow/.local/lib/python3.9/site-packages/airflow/example_dags/example_sla_dag.py
[2025-05-13T21:37:51.264+0000] {processor.py:753} INFO - DAG(s) dict_keys(['example_sla_dag']) retrieved from /home/airflow/.local/lib/python3.9/site-packages/airflow/example_dags/example_sla_dag.py
[2025-05-13T21:37:51.328+0000] {logging_mixin.py:137} INFO - [2025-05-13T21:37:51.328+0000] {dag.py:2676} INFO - Sync 1 DAGs
[2025-05-13T21:37:51.367+0000] {logging_mixin.py:137} INFO - [2025-05-13T21:37:51.367+0000] {dag.py:3423} INFO - Setting next_dagrun for example_sla_dag to 2025-05-13T21:34:00+00:00, run_after=2025-05-13T21:36:00+00:00
[2025-05-13T21:37:51.398+0000] {processor.py:175} INFO - Processing /home/airflow/.local/lib/python3.9/site-packages/airflow/example_dags/example_sla_dag.py took 0.189 seconds
[2025-05-13T21:38:22.288+0000] {processor.py:153} INFO - Started process (PID=493) to work on /home/airflow/.local/lib/python3.9/site-packages/airflow/example_dags/example_sla_dag.py
[2025-05-13T21:38:22.290+0000] {processor.py:743} INFO - Processing file /home/airflow/.local/lib/python3.9/site-packages/airflow/example_dags/example_sla_dag.py for tasks to queue
[2025-05-13T21:38:22.291+0000] {logging_mixin.py:137} INFO - [2025-05-13T21:38:22.290+0000] {dagbag.py:538} INFO - Filling up the DagBag from /home/airflow/.local/lib/python3.9/site-packages/airflow/example_dags/example_sla_dag.py
[2025-05-13T21:38:22.330+0000] {processor.py:753} INFO - DAG(s) dict_keys(['example_sla_dag']) retrieved from /home/airflow/.local/lib/python3.9/site-packages/airflow/example_dags/example_sla_dag.py
[2025-05-13T21:38:22.388+0000] {logging_mixin.py:137} INFO - [2025-05-13T21:38:22.387+0000] {dag.py:2676} INFO - Sync 1 DAGs
[2025-05-13T21:38:22.428+0000] {logging_mixin.py:137} INFO - [2025-05-13T21:38:22.428+0000] {dag.py:3423} INFO - Setting next_dagrun for example_sla_dag to 2025-05-13T21:36:00+00:00, run_after=2025-05-13T21:38:00+00:00
[2025-05-13T21:38:22.455+0000] {processor.py:175} INFO - Processing /home/airflow/.local/lib/python3.9/site-packages/airflow/example_dags/example_sla_dag.py took 0.171 seconds
[2025-05-13T21:38:53.281+0000] {processor.py:153} INFO - Started process (PID=690) to work on /home/airflow/.local/lib/python3.9/site-packages/airflow/example_dags/example_sla_dag.py
[2025-05-13T21:38:53.294+0000] {processor.py:743} INFO - Processing file /home/airflow/.local/lib/python3.9/site-packages/airflow/example_dags/example_sla_dag.py for tasks to queue
[2025-05-13T21:38:53.298+0000] {logging_mixin.py:137} INFO - [2025-05-13T21:38:53.298+0000] {dagbag.py:538} INFO - Filling up the DagBag from /home/airflow/.local/lib/python3.9/site-packages/airflow/example_dags/example_sla_dag.py
[2025-05-13T21:38:53.374+0000] {processor.py:753} INFO - DAG(s) dict_keys(['example_sla_dag']) retrieved from /home/airflow/.local/lib/python3.9/site-packages/airflow/example_dags/example_sla_dag.py
[2025-05-13T21:38:53.448+0000] {logging_mixin.py:137} INFO - [2025-05-13T21:38:53.448+0000] {dag.py:2676} INFO - Sync 1 DAGs
[2025-05-13T21:38:53.498+0000] {logging_mixin.py:137} INFO - [2025-05-13T21:38:53.498+0000] {dag.py:3423} INFO - Setting next_dagrun for example_sla_dag to 2025-05-13T21:36:00+00:00, run_after=2025-05-13T21:38:00+00:00
[2025-05-13T21:38:53.531+0000] {processor.py:175} INFO - Processing /home/airflow/.local/lib/python3.9/site-packages/airflow/example_dags/example_sla_dag.py took 0.257 seconds
[2025-05-13T21:39:24.055+0000] {processor.py:153} INFO - Started process (PID=893) to work on /home/airflow/.local/lib/python3.9/site-packages/airflow/example_dags/example_sla_dag.py
[2025-05-13T21:39:24.056+0000] {processor.py:743} INFO - Processing file /home/airflow/.local/lib/python3.9/site-packages/airflow/example_dags/example_sla_dag.py for tasks to queue
[2025-05-13T21:39:24.057+0000] {logging_mixin.py:137} INFO - [2025-05-13T21:39:24.057+0000] {dagbag.py:538} INFO - Filling up the DagBag from /home/airflow/.local/lib/python3.9/site-packages/airflow/example_dags/example_sla_dag.py
[2025-05-13T21:39:24.088+0000] {processor.py:753} INFO - DAG(s) dict_keys(['example_sla_dag']) retrieved from /home/airflow/.local/lib/python3.9/site-packages/airflow/example_dags/example_sla_dag.py
[2025-05-13T21:39:24.139+0000] {logging_mixin.py:137} INFO - [2025-05-13T21:39:24.139+0000] {dag.py:2676} INFO - Sync 1 DAGs
[2025-05-13T21:39:24.179+0000] {logging_mixin.py:137} INFO - [2025-05-13T21:39:24.179+0000] {dag.py:3423} INFO - Setting next_dagrun for example_sla_dag to 2025-05-13T21:36:00+00:00, run_after=2025-05-13T21:38:00+00:00
[2025-05-13T21:39:24.207+0000] {processor.py:175} INFO - Processing /home/airflow/.local/lib/python3.9/site-packages/airflow/example_dags/example_sla_dag.py took 0.155 seconds
[2025-05-13T21:39:54.462+0000] {processor.py:153} INFO - Started process (PID=1096) to work on /home/airflow/.local/lib/python3.9/site-packages/airflow/example_dags/example_sla_dag.py
[2025-05-13T21:39:54.463+0000] {processor.py:743} INFO - Processing file /home/airflow/.local/lib/python3.9/site-packages/airflow/example_dags/example_sla_dag.py for tasks to queue
[2025-05-13T21:39:54.465+0000] {logging_mixin.py:137} INFO - [2025-05-13T21:39:54.464+0000] {dagbag.py:538} INFO - Filling up the DagBag from /home/airflow/.local/lib/python3.9/site-packages/airflow/example_dags/example_sla_dag.py
[2025-05-13T21:39:54.502+0000] {processor.py:753} INFO - DAG(s) dict_keys(['example_sla_dag']) retrieved from /home/airflow/.local/lib/python3.9/site-packages/airflow/example_dags/example_sla_dag.py
[2025-05-13T21:39:54.559+0000] {logging_mixin.py:137} INFO - [2025-05-13T21:39:54.558+0000] {dag.py:2676} INFO - Sync 1 DAGs
[2025-05-13T21:39:54.594+0000] {logging_mixin.py:137} INFO - [2025-05-13T21:39:54.594+0000] {dag.py:3423} INFO - Setting next_dagrun for example_sla_dag to 2025-05-13T21:36:00+00:00, run_after=2025-05-13T21:38:00+00:00
[2025-05-13T21:39:54.621+0000] {processor.py:175} INFO - Processing /home/airflow/.local/lib/python3.9/site-packages/airflow/example_dags/example_sla_dag.py took 0.165 seconds
[2025-05-13T21:40:24.818+0000] {processor.py:153} INFO - Started process (PID=1303) to work on /home/airflow/.local/lib/python3.9/site-packages/airflow/example_dags/example_sla_dag.py
[2025-05-13T21:40:24.820+0000] {processor.py:743} INFO - Processing file /home/airflow/.local/lib/python3.9/site-packages/airflow/example_dags/example_sla_dag.py for tasks to queue
[2025-05-13T21:40:24.821+0000] {logging_mixin.py:137} INFO - [2025-05-13T21:40:24.821+0000] {dagbag.py:538} INFO - Filling up the DagBag from /home/airflow/.local/lib/python3.9/site-packages/airflow/example_dags/example_sla_dag.py
[2025-05-13T21:40:24.854+0000] {processor.py:753} INFO - DAG(s) dict_keys(['example_sla_dag']) retrieved from /home/airflow/.local/lib/python3.9/site-packages/airflow/example_dags/example_sla_dag.py
[2025-05-13T21:40:24.902+0000] {logging_mixin.py:137} INFO - [2025-05-13T21:40:24.902+0000] {dag.py:2676} INFO - Sync 1 DAGs
[2025-05-13T21:40:24.932+0000] {logging_mixin.py:137} INFO - [2025-05-13T21:40:24.932+0000] {dag.py:3423} INFO - Setting next_dagrun for example_sla_dag to 2025-05-13T21:38:00+00:00, run_after=2025-05-13T21:40:00+00:00
[2025-05-13T21:40:24.960+0000] {processor.py:175} INFO - Processing /home/airflow/.local/lib/python3.9/site-packages/airflow/example_dags/example_sla_dag.py took 0.146 seconds
[2025-05-13T21:40:55.188+0000] {processor.py:153} INFO - Started process (PID=1506) to work on /home/airflow/.local/lib/python3.9/site-packages/airflow/example_dags/example_sla_dag.py
[2025-05-13T21:40:55.189+0000] {processor.py:743} INFO - Processing file /home/airflow/.local/lib/python3.9/site-packages/airflow/example_dags/example_sla_dag.py for tasks to queue
[2025-05-13T21:40:55.192+0000] {logging_mixin.py:137} INFO - [2025-05-13T21:40:55.192+0000] {dagbag.py:538} INFO - Filling up the DagBag from /home/airflow/.local/lib/python3.9/site-packages/airflow/example_dags/example_sla_dag.py
[2025-05-13T21:40:55.236+0000] {processor.py:753} INFO - DAG(s) dict_keys(['example_sla_dag']) retrieved from /home/airflow/.local/lib/python3.9/site-packages/airflow/example_dags/example_sla_dag.py
[2025-05-13T21:40:55.290+0000] {logging_mixin.py:137} INFO - [2025-05-13T21:40:55.290+0000] {dag.py:2676} INFO - Sync 1 DAGs
[2025-05-13T21:40:55.333+0000] {logging_mixin.py:137} INFO - [2025-05-13T21:40:55.333+0000] {dag.py:3423} INFO - Setting next_dagrun for example_sla_dag to 2025-05-13T21:38:00+00:00, run_after=2025-05-13T21:40:00+00:00
[2025-05-13T21:40:55.369+0000] {processor.py:175} INFO - Processing /home/airflow/.local/lib/python3.9/site-packages/airflow/example_dags/example_sla_dag.py took 0.186 seconds
[2025-05-13T21:41:25.694+0000] {processor.py:153} INFO - Started process (PID=1709) to work on /home/airflow/.local/lib/python3.9/site-packages/airflow/example_dags/example_sla_dag.py
[2025-05-13T21:41:25.696+0000] {processor.py:743} INFO - Processing file /home/airflow/.local/lib/python3.9/site-packages/airflow/example_dags/example_sla_dag.py for tasks to queue
[2025-05-13T21:41:25.698+0000] {logging_mixin.py:137} INFO - [2025-05-13T21:41:25.698+0000] {dagbag.py:538} INFO - Filling up the DagBag from /home/airflow/.local/lib/python3.9/site-packages/airflow/example_dags/example_sla_dag.py
[2025-05-13T21:41:25.739+0000] {processor.py:753} INFO - DAG(s) dict_keys(['example_sla_dag']) retrieved from /home/airflow/.local/lib/python3.9/site-packages/airflow/example_dags/example_sla_dag.py
[2025-05-13T21:41:25.802+0000] {logging_mixin.py:137} INFO - [2025-05-13T21:41:25.801+0000] {dag.py:2676} INFO - Sync 1 DAGs
[2025-05-13T21:41:25.885+0000] {logging_mixin.py:137} INFO - [2025-05-13T21:41:25.885+0000] {dag.py:3423} INFO - Setting next_dagrun for example_sla_dag to 2025-05-13T21:38:00+00:00, run_after=2025-05-13T21:40:00+00:00
[2025-05-13T21:41:25.945+0000] {processor.py:175} INFO - Processing /home/airflow/.local/lib/python3.9/site-packages/airflow/example_dags/example_sla_dag.py took 0.256 seconds
