[2025-05-13T02:45:40.026+0000] {processor.py:153} INFO - Started process (PID=235) to work on /home/airflow/.local/lib/python3.9/site-packages/airflow/example_dags/example_nested_branch_dag.py
[2025-05-13T02:45:40.028+0000] {processor.py:743} INFO - Processing file /home/airflow/.local/lib/python3.9/site-packages/airflow/example_dags/example_nested_branch_dag.py for tasks to queue
[2025-05-13T02:45:40.029+0000] {logging_mixin.py:137} INFO - [2025-05-13T02:45:40.029+0000] {dagbag.py:538} INFO - Filling up the DagBag from /home/airflow/.local/lib/python3.9/site-packages/airflow/example_dags/example_nested_branch_dag.py
[2025-05-13T02:45:40.068+0000] {processor.py:753} INFO - DAG(s) dict_keys(['example_nested_branch_dag']) retrieved from /home/airflow/.local/lib/python3.9/site-packages/airflow/example_dags/example_nested_branch_dag.py
[2025-05-13T02:45:40.916+0000] {logging_mixin.py:137} INFO - [2025-05-13T02:45:40.916+0000] {manager.py:504} INFO - Created Permission View: can delete on DAG:example_nested_branch_dag
[2025-05-13T02:45:40.948+0000] {logging_mixin.py:137} INFO - [2025-05-13T02:45:40.947+0000] {manager.py:504} INFO - Created Permission View: can edit on DAG:example_nested_branch_dag
[2025-05-13T02:45:40.966+0000] {logging_mixin.py:137} INFO - [2025-05-13T02:45:40.965+0000] {manager.py:504} INFO - Created Permission View: can read on DAG:example_nested_branch_dag
[2025-05-13T02:45:40.966+0000] {logging_mixin.py:137} INFO - [2025-05-13T02:45:40.966+0000] {dag.py:2676} INFO - Sync 1 DAGs
[2025-05-13T02:45:40.982+0000] {logging_mixin.py:137} INFO - [2025-05-13T02:45:40.982+0000] {dag.py:2697} INFO - Creating ORM DAG for example_nested_branch_dag
[2025-05-13T02:45:41.008+0000] {logging_mixin.py:137} INFO - [2025-05-13T02:45:41.008+0000] {dag.py:3423} INFO - Setting next_dagrun for example_nested_branch_dag to 2025-05-12T00:00:00+00:00, run_after=2025-05-13T00:00:00+00:00
[2025-05-13T02:45:41.050+0000] {processor.py:175} INFO - Processing /home/airflow/.local/lib/python3.9/site-packages/airflow/example_dags/example_nested_branch_dag.py took 1.028 seconds
[2025-05-13T02:46:11.515+0000] {processor.py:153} INFO - Started process (PID=441) to work on /home/airflow/.local/lib/python3.9/site-packages/airflow/example_dags/example_nested_branch_dag.py
[2025-05-13T02:46:11.517+0000] {processor.py:743} INFO - Processing file /home/airflow/.local/lib/python3.9/site-packages/airflow/example_dags/example_nested_branch_dag.py for tasks to queue
[2025-05-13T02:46:11.518+0000] {logging_mixin.py:137} INFO - [2025-05-13T02:46:11.518+0000] {dagbag.py:538} INFO - Filling up the DagBag from /home/airflow/.local/lib/python3.9/site-packages/airflow/example_dags/example_nested_branch_dag.py
[2025-05-13T02:46:11.556+0000] {processor.py:753} INFO - DAG(s) dict_keys(['example_nested_branch_dag']) retrieved from /home/airflow/.local/lib/python3.9/site-packages/airflow/example_dags/example_nested_branch_dag.py
[2025-05-13T02:46:11.609+0000] {logging_mixin.py:137} INFO - [2025-05-13T02:46:11.609+0000] {dag.py:2676} INFO - Sync 1 DAGs
[2025-05-13T02:46:11.643+0000] {logging_mixin.py:137} INFO - [2025-05-13T02:46:11.643+0000] {dag.py:3423} INFO - Setting next_dagrun for example_nested_branch_dag to 2025-05-12T00:00:00+00:00, run_after=2025-05-13T00:00:00+00:00
[2025-05-13T02:46:11.670+0000] {processor.py:175} INFO - Processing /home/airflow/.local/lib/python3.9/site-packages/airflow/example_dags/example_nested_branch_dag.py took 0.158 seconds
[2025-05-13T02:46:41.850+0000] {processor.py:153} INFO - Started process (PID=644) to work on /home/airflow/.local/lib/python3.9/site-packages/airflow/example_dags/example_nested_branch_dag.py
[2025-05-13T02:46:41.868+0000] {processor.py:743} INFO - Processing file /home/airflow/.local/lib/python3.9/site-packages/airflow/example_dags/example_nested_branch_dag.py for tasks to queue
[2025-05-13T02:46:41.869+0000] {logging_mixin.py:137} INFO - [2025-05-13T02:46:41.869+0000] {dagbag.py:538} INFO - Filling up the DagBag from /home/airflow/.local/lib/python3.9/site-packages/airflow/example_dags/example_nested_branch_dag.py
[2025-05-13T02:46:41.927+0000] {processor.py:753} INFO - DAG(s) dict_keys(['example_nested_branch_dag']) retrieved from /home/airflow/.local/lib/python3.9/site-packages/airflow/example_dags/example_nested_branch_dag.py
[2025-05-13T02:46:41.987+0000] {logging_mixin.py:137} INFO - [2025-05-13T02:46:41.986+0000] {dag.py:2676} INFO - Sync 1 DAGs
[2025-05-13T02:46:42.024+0000] {logging_mixin.py:137} INFO - [2025-05-13T02:46:42.024+0000] {dag.py:3423} INFO - Setting next_dagrun for example_nested_branch_dag to 2025-05-12T00:00:00+00:00, run_after=2025-05-13T00:00:00+00:00
[2025-05-13T02:46:42.054+0000] {processor.py:175} INFO - Processing /home/airflow/.local/lib/python3.9/site-packages/airflow/example_dags/example_nested_branch_dag.py took 0.209 seconds
[2025-05-13T02:47:12.524+0000] {processor.py:153} INFO - Started process (PID=847) to work on /home/airflow/.local/lib/python3.9/site-packages/airflow/example_dags/example_nested_branch_dag.py
[2025-05-13T02:47:12.525+0000] {processor.py:743} INFO - Processing file /home/airflow/.local/lib/python3.9/site-packages/airflow/example_dags/example_nested_branch_dag.py for tasks to queue
[2025-05-13T02:47:12.526+0000] {logging_mixin.py:137} INFO - [2025-05-13T02:47:12.525+0000] {dagbag.py:538} INFO - Filling up the DagBag from /home/airflow/.local/lib/python3.9/site-packages/airflow/example_dags/example_nested_branch_dag.py
[2025-05-13T02:47:12.562+0000] {processor.py:753} INFO - DAG(s) dict_keys(['example_nested_branch_dag']) retrieved from /home/airflow/.local/lib/python3.9/site-packages/airflow/example_dags/example_nested_branch_dag.py
[2025-05-13T02:47:12.616+0000] {logging_mixin.py:137} INFO - [2025-05-13T02:47:12.616+0000] {dag.py:2676} INFO - Sync 1 DAGs
[2025-05-13T02:47:12.658+0000] {logging_mixin.py:137} INFO - [2025-05-13T02:47:12.658+0000] {dag.py:3423} INFO - Setting next_dagrun for example_nested_branch_dag to 2025-05-12T00:00:00+00:00, run_after=2025-05-13T00:00:00+00:00
[2025-05-13T02:47:12.760+0000] {processor.py:175} INFO - Processing /home/airflow/.local/lib/python3.9/site-packages/airflow/example_dags/example_nested_branch_dag.py took 0.238 seconds
[2025-05-13T02:47:43.064+0000] {processor.py:153} INFO - Started process (PID=1050) to work on /home/airflow/.local/lib/python3.9/site-packages/airflow/example_dags/example_nested_branch_dag.py
[2025-05-13T02:47:43.066+0000] {processor.py:743} INFO - Processing file /home/airflow/.local/lib/python3.9/site-packages/airflow/example_dags/example_nested_branch_dag.py for tasks to queue
[2025-05-13T02:47:43.067+0000] {logging_mixin.py:137} INFO - [2025-05-13T02:47:43.066+0000] {dagbag.py:538} INFO - Filling up the DagBag from /home/airflow/.local/lib/python3.9/site-packages/airflow/example_dags/example_nested_branch_dag.py
[2025-05-13T02:47:43.101+0000] {processor.py:753} INFO - DAG(s) dict_keys(['example_nested_branch_dag']) retrieved from /home/airflow/.local/lib/python3.9/site-packages/airflow/example_dags/example_nested_branch_dag.py
[2025-05-13T02:47:43.153+0000] {logging_mixin.py:137} INFO - [2025-05-13T02:47:43.152+0000] {dag.py:2676} INFO - Sync 1 DAGs
[2025-05-13T02:47:43.182+0000] {logging_mixin.py:137} INFO - [2025-05-13T02:47:43.182+0000] {dag.py:3423} INFO - Setting next_dagrun for example_nested_branch_dag to 2025-05-12T00:00:00+00:00, run_after=2025-05-13T00:00:00+00:00
[2025-05-13T02:47:43.205+0000] {processor.py:175} INFO - Processing /home/airflow/.local/lib/python3.9/site-packages/airflow/example_dags/example_nested_branch_dag.py took 0.146 seconds
[2025-05-13T02:48:13.744+0000] {processor.py:153} INFO - Started process (PID=1253) to work on /home/airflow/.local/lib/python3.9/site-packages/airflow/example_dags/example_nested_branch_dag.py
[2025-05-13T02:48:13.746+0000] {processor.py:743} INFO - Processing file /home/airflow/.local/lib/python3.9/site-packages/airflow/example_dags/example_nested_branch_dag.py for tasks to queue
[2025-05-13T02:48:13.747+0000] {logging_mixin.py:137} INFO - [2025-05-13T02:48:13.747+0000] {dagbag.py:538} INFO - Filling up the DagBag from /home/airflow/.local/lib/python3.9/site-packages/airflow/example_dags/example_nested_branch_dag.py
[2025-05-13T02:48:13.784+0000] {processor.py:753} INFO - DAG(s) dict_keys(['example_nested_branch_dag']) retrieved from /home/airflow/.local/lib/python3.9/site-packages/airflow/example_dags/example_nested_branch_dag.py
[2025-05-13T02:48:13.836+0000] {logging_mixin.py:137} INFO - [2025-05-13T02:48:13.836+0000] {dag.py:2676} INFO - Sync 1 DAGs
[2025-05-13T02:48:13.871+0000] {logging_mixin.py:137} INFO - [2025-05-13T02:48:13.871+0000] {dag.py:3423} INFO - Setting next_dagrun for example_nested_branch_dag to 2025-05-12T00:00:00+00:00, run_after=2025-05-13T00:00:00+00:00
[2025-05-13T02:48:13.894+0000] {processor.py:175} INFO - Processing /home/airflow/.local/lib/python3.9/site-packages/airflow/example_dags/example_nested_branch_dag.py took 0.154 seconds
[2025-05-13T02:49:29.441+0000] {processor.py:153} INFO - Started process (PID=257) to work on /home/airflow/.local/lib/python3.9/site-packages/airflow/example_dags/example_nested_branch_dag.py
[2025-05-13T02:49:29.443+0000] {processor.py:743} INFO - Processing file /home/airflow/.local/lib/python3.9/site-packages/airflow/example_dags/example_nested_branch_dag.py for tasks to queue
[2025-05-13T02:49:29.445+0000] {logging_mixin.py:137} INFO - [2025-05-13T02:49:29.444+0000] {dagbag.py:538} INFO - Filling up the DagBag from /home/airflow/.local/lib/python3.9/site-packages/airflow/example_dags/example_nested_branch_dag.py
[2025-05-13T02:49:29.523+0000] {processor.py:753} INFO - DAG(s) dict_keys(['example_nested_branch_dag']) retrieved from /home/airflow/.local/lib/python3.9/site-packages/airflow/example_dags/example_nested_branch_dag.py
[2025-05-13T02:49:29.645+0000] {logging_mixin.py:137} INFO - [2025-05-13T02:49:29.645+0000] {dag.py:2676} INFO - Sync 1 DAGs
[2025-05-13T02:49:29.825+0000] {logging_mixin.py:137} INFO - [2025-05-13T02:49:29.825+0000] {dag.py:3423} INFO - Setting next_dagrun for example_nested_branch_dag to 2025-05-12T00:00:00+00:00, run_after=2025-05-13T00:00:00+00:00
[2025-05-13T02:49:29.858+0000] {processor.py:175} INFO - Processing /home/airflow/.local/lib/python3.9/site-packages/airflow/example_dags/example_nested_branch_dag.py took 0.425 seconds
[2025-05-13T02:49:59.980+0000] {processor.py:153} INFO - Started process (PID=454) to work on /home/airflow/.local/lib/python3.9/site-packages/airflow/example_dags/example_nested_branch_dag.py
[2025-05-13T02:49:59.981+0000] {processor.py:743} INFO - Processing file /home/airflow/.local/lib/python3.9/site-packages/airflow/example_dags/example_nested_branch_dag.py for tasks to queue
[2025-05-13T02:49:59.982+0000] {logging_mixin.py:137} INFO - [2025-05-13T02:49:59.982+0000] {dagbag.py:538} INFO - Filling up the DagBag from /home/airflow/.local/lib/python3.9/site-packages/airflow/example_dags/example_nested_branch_dag.py
[2025-05-13T02:50:00.018+0000] {processor.py:753} INFO - DAG(s) dict_keys(['example_nested_branch_dag']) retrieved from /home/airflow/.local/lib/python3.9/site-packages/airflow/example_dags/example_nested_branch_dag.py
[2025-05-13T02:50:00.070+0000] {logging_mixin.py:137} INFO - [2025-05-13T02:50:00.070+0000] {dag.py:2676} INFO - Sync 1 DAGs
[2025-05-13T02:50:00.101+0000] {logging_mixin.py:137} INFO - [2025-05-13T02:50:00.101+0000] {dag.py:3423} INFO - Setting next_dagrun for example_nested_branch_dag to 2025-05-12T00:00:00+00:00, run_after=2025-05-13T00:00:00+00:00
[2025-05-13T02:50:00.125+0000] {processor.py:175} INFO - Processing /home/airflow/.local/lib/python3.9/site-packages/airflow/example_dags/example_nested_branch_dag.py took 0.149 seconds
[2025-05-13T02:50:30.207+0000] {processor.py:153} INFO - Started process (PID=657) to work on /home/airflow/.local/lib/python3.9/site-packages/airflow/example_dags/example_nested_branch_dag.py
[2025-05-13T02:50:30.208+0000] {processor.py:743} INFO - Processing file /home/airflow/.local/lib/python3.9/site-packages/airflow/example_dags/example_nested_branch_dag.py for tasks to queue
[2025-05-13T02:50:30.209+0000] {logging_mixin.py:137} INFO - [2025-05-13T02:50:30.209+0000] {dagbag.py:538} INFO - Filling up the DagBag from /home/airflow/.local/lib/python3.9/site-packages/airflow/example_dags/example_nested_branch_dag.py
[2025-05-13T02:50:30.244+0000] {processor.py:753} INFO - DAG(s) dict_keys(['example_nested_branch_dag']) retrieved from /home/airflow/.local/lib/python3.9/site-packages/airflow/example_dags/example_nested_branch_dag.py
[2025-05-13T02:50:30.298+0000] {logging_mixin.py:137} INFO - [2025-05-13T02:50:30.298+0000] {dag.py:2676} INFO - Sync 1 DAGs
[2025-05-13T02:50:30.329+0000] {logging_mixin.py:137} INFO - [2025-05-13T02:50:30.329+0000] {dag.py:3423} INFO - Setting next_dagrun for example_nested_branch_dag to 2025-05-12T00:00:00+00:00, run_after=2025-05-13T00:00:00+00:00
[2025-05-13T02:50:30.353+0000] {processor.py:175} INFO - Processing /home/airflow/.local/lib/python3.9/site-packages/airflow/example_dags/example_nested_branch_dag.py took 0.151 seconds
[2025-05-13T21:18:25.277+0000] {processor.py:153} INFO - Started process (PID=242) to work on /home/airflow/.local/lib/python3.9/site-packages/airflow/example_dags/example_nested_branch_dag.py
[2025-05-13T21:18:25.279+0000] {processor.py:743} INFO - Processing file /home/airflow/.local/lib/python3.9/site-packages/airflow/example_dags/example_nested_branch_dag.py for tasks to queue
[2025-05-13T21:18:25.281+0000] {logging_mixin.py:137} INFO - [2025-05-13T21:18:25.280+0000] {dagbag.py:538} INFO - Filling up the DagBag from /home/airflow/.local/lib/python3.9/site-packages/airflow/example_dags/example_nested_branch_dag.py
[2025-05-13T21:18:25.339+0000] {processor.py:753} INFO - DAG(s) dict_keys(['example_nested_branch_dag']) retrieved from /home/airflow/.local/lib/python3.9/site-packages/airflow/example_dags/example_nested_branch_dag.py
[2025-05-13T21:18:25.485+0000] {logging_mixin.py:137} INFO - [2025-05-13T21:18:25.484+0000] {manager.py:504} INFO - Created Permission View: can edit on DAG:example_nested_branch_dag
[2025-05-13T21:18:25.492+0000] {logging_mixin.py:137} INFO - [2025-05-13T21:18:25.492+0000] {manager.py:504} INFO - Created Permission View: can delete on DAG:example_nested_branch_dag
[2025-05-13T21:18:25.500+0000] {logging_mixin.py:137} INFO - [2025-05-13T21:18:25.499+0000] {manager.py:504} INFO - Created Permission View: can read on DAG:example_nested_branch_dag
[2025-05-13T21:18:25.500+0000] {logging_mixin.py:137} INFO - [2025-05-13T21:18:25.500+0000] {dag.py:2676} INFO - Sync 1 DAGs
[2025-05-13T21:18:25.512+0000] {logging_mixin.py:137} INFO - [2025-05-13T21:18:25.512+0000] {dag.py:2697} INFO - Creating ORM DAG for example_nested_branch_dag
[2025-05-13T21:18:25.527+0000] {logging_mixin.py:137} INFO - [2025-05-13T21:18:25.527+0000] {dag.py:3423} INFO - Setting next_dagrun for example_nested_branch_dag to 2025-05-12T00:00:00+00:00, run_after=2025-05-13T00:00:00+00:00
[2025-05-13T21:18:25.553+0000] {processor.py:175} INFO - Processing /home/airflow/.local/lib/python3.9/site-packages/airflow/example_dags/example_nested_branch_dag.py took 0.288 seconds
[2025-05-13T21:18:56.077+0000] {processor.py:153} INFO - Started process (PID=438) to work on /home/airflow/.local/lib/python3.9/site-packages/airflow/example_dags/example_nested_branch_dag.py
[2025-05-13T21:18:56.080+0000] {processor.py:743} INFO - Processing file /home/airflow/.local/lib/python3.9/site-packages/airflow/example_dags/example_nested_branch_dag.py for tasks to queue
[2025-05-13T21:18:56.082+0000] {logging_mixin.py:137} INFO - [2025-05-13T21:18:56.082+0000] {dagbag.py:538} INFO - Filling up the DagBag from /home/airflow/.local/lib/python3.9/site-packages/airflow/example_dags/example_nested_branch_dag.py
[2025-05-13T21:18:56.120+0000] {processor.py:753} INFO - DAG(s) dict_keys(['example_nested_branch_dag']) retrieved from /home/airflow/.local/lib/python3.9/site-packages/airflow/example_dags/example_nested_branch_dag.py
[2025-05-13T21:18:56.187+0000] {logging_mixin.py:137} INFO - [2025-05-13T21:18:56.186+0000] {dag.py:2676} INFO - Sync 1 DAGs
[2025-05-13T21:18:56.221+0000] {logging_mixin.py:137} INFO - [2025-05-13T21:18:56.221+0000] {dag.py:3423} INFO - Setting next_dagrun for example_nested_branch_dag to 2025-05-12T00:00:00+00:00, run_after=2025-05-13T00:00:00+00:00
[2025-05-13T21:18:56.246+0000] {processor.py:175} INFO - Processing /home/airflow/.local/lib/python3.9/site-packages/airflow/example_dags/example_nested_branch_dag.py took 0.174 seconds
[2025-05-13T21:19:26.435+0000] {processor.py:153} INFO - Started process (PID=642) to work on /home/airflow/.local/lib/python3.9/site-packages/airflow/example_dags/example_nested_branch_dag.py
[2025-05-13T21:19:26.437+0000] {processor.py:743} INFO - Processing file /home/airflow/.local/lib/python3.9/site-packages/airflow/example_dags/example_nested_branch_dag.py for tasks to queue
[2025-05-13T21:19:26.439+0000] {logging_mixin.py:137} INFO - [2025-05-13T21:19:26.439+0000] {dagbag.py:538} INFO - Filling up the DagBag from /home/airflow/.local/lib/python3.9/site-packages/airflow/example_dags/example_nested_branch_dag.py
[2025-05-13T21:19:26.494+0000] {processor.py:753} INFO - DAG(s) dict_keys(['example_nested_branch_dag']) retrieved from /home/airflow/.local/lib/python3.9/site-packages/airflow/example_dags/example_nested_branch_dag.py
[2025-05-13T21:19:26.583+0000] {logging_mixin.py:137} INFO - [2025-05-13T21:19:26.583+0000] {dag.py:2676} INFO - Sync 1 DAGs
[2025-05-13T21:19:26.630+0000] {logging_mixin.py:137} INFO - [2025-05-13T21:19:26.630+0000] {dag.py:3423} INFO - Setting next_dagrun for example_nested_branch_dag to 2025-05-12T00:00:00+00:00, run_after=2025-05-13T00:00:00+00:00
[2025-05-13T21:19:26.670+0000] {processor.py:175} INFO - Processing /home/airflow/.local/lib/python3.9/site-packages/airflow/example_dags/example_nested_branch_dag.py took 0.240 seconds
[2025-05-13T21:19:57.404+0000] {processor.py:153} INFO - Started process (PID=847) to work on /home/airflow/.local/lib/python3.9/site-packages/airflow/example_dags/example_nested_branch_dag.py
[2025-05-13T21:19:57.405+0000] {processor.py:743} INFO - Processing file /home/airflow/.local/lib/python3.9/site-packages/airflow/example_dags/example_nested_branch_dag.py for tasks to queue
[2025-05-13T21:19:57.406+0000] {logging_mixin.py:137} INFO - [2025-05-13T21:19:57.406+0000] {dagbag.py:538} INFO - Filling up the DagBag from /home/airflow/.local/lib/python3.9/site-packages/airflow/example_dags/example_nested_branch_dag.py
[2025-05-13T21:19:57.446+0000] {processor.py:753} INFO - DAG(s) dict_keys(['example_nested_branch_dag']) retrieved from /home/airflow/.local/lib/python3.9/site-packages/airflow/example_dags/example_nested_branch_dag.py
[2025-05-13T21:19:57.499+0000] {logging_mixin.py:137} INFO - [2025-05-13T21:19:57.499+0000] {dag.py:2676} INFO - Sync 1 DAGs
[2025-05-13T21:19:57.529+0000] {logging_mixin.py:137} INFO - [2025-05-13T21:19:57.529+0000] {dag.py:3423} INFO - Setting next_dagrun for example_nested_branch_dag to 2025-05-12T00:00:00+00:00, run_after=2025-05-13T00:00:00+00:00
[2025-05-13T21:19:57.553+0000] {processor.py:175} INFO - Processing /home/airflow/.local/lib/python3.9/site-packages/airflow/example_dags/example_nested_branch_dag.py took 0.153 seconds
[2025-05-13T21:20:27.914+0000] {processor.py:153} INFO - Started process (PID=1050) to work on /home/airflow/.local/lib/python3.9/site-packages/airflow/example_dags/example_nested_branch_dag.py
[2025-05-13T21:20:27.915+0000] {processor.py:743} INFO - Processing file /home/airflow/.local/lib/python3.9/site-packages/airflow/example_dags/example_nested_branch_dag.py for tasks to queue
[2025-05-13T21:20:27.916+0000] {logging_mixin.py:137} INFO - [2025-05-13T21:20:27.916+0000] {dagbag.py:538} INFO - Filling up the DagBag from /home/airflow/.local/lib/python3.9/site-packages/airflow/example_dags/example_nested_branch_dag.py
[2025-05-13T21:20:27.951+0000] {processor.py:753} INFO - DAG(s) dict_keys(['example_nested_branch_dag']) retrieved from /home/airflow/.local/lib/python3.9/site-packages/airflow/example_dags/example_nested_branch_dag.py
[2025-05-13T21:20:27.999+0000] {logging_mixin.py:137} INFO - [2025-05-13T21:20:27.999+0000] {dag.py:2676} INFO - Sync 1 DAGs
[2025-05-13T21:20:28.027+0000] {logging_mixin.py:137} INFO - [2025-05-13T21:20:28.027+0000] {dag.py:3423} INFO - Setting next_dagrun for example_nested_branch_dag to 2025-05-12T00:00:00+00:00, run_after=2025-05-13T00:00:00+00:00
[2025-05-13T21:20:28.051+0000] {processor.py:175} INFO - Processing /home/airflow/.local/lib/python3.9/site-packages/airflow/example_dags/example_nested_branch_dag.py took 0.141 seconds
[2025-05-13T21:20:58.157+0000] {processor.py:153} INFO - Started process (PID=1256) to work on /home/airflow/.local/lib/python3.9/site-packages/airflow/example_dags/example_nested_branch_dag.py
[2025-05-13T21:20:58.159+0000] {processor.py:743} INFO - Processing file /home/airflow/.local/lib/python3.9/site-packages/airflow/example_dags/example_nested_branch_dag.py for tasks to queue
[2025-05-13T21:20:58.160+0000] {logging_mixin.py:137} INFO - [2025-05-13T21:20:58.160+0000] {dagbag.py:538} INFO - Filling up the DagBag from /home/airflow/.local/lib/python3.9/site-packages/airflow/example_dags/example_nested_branch_dag.py
[2025-05-13T21:20:58.196+0000] {processor.py:753} INFO - DAG(s) dict_keys(['example_nested_branch_dag']) retrieved from /home/airflow/.local/lib/python3.9/site-packages/airflow/example_dags/example_nested_branch_dag.py
[2025-05-13T21:20:58.248+0000] {logging_mixin.py:137} INFO - [2025-05-13T21:20:58.247+0000] {dag.py:2676} INFO - Sync 1 DAGs
[2025-05-13T21:20:58.278+0000] {logging_mixin.py:137} INFO - [2025-05-13T21:20:58.278+0000] {dag.py:3423} INFO - Setting next_dagrun for example_nested_branch_dag to 2025-05-12T00:00:00+00:00, run_after=2025-05-13T00:00:00+00:00
[2025-05-13T21:20:58.303+0000] {processor.py:175} INFO - Processing /home/airflow/.local/lib/python3.9/site-packages/airflow/example_dags/example_nested_branch_dag.py took 0.150 seconds
[2025-05-13T21:21:28.706+0000] {processor.py:153} INFO - Started process (PID=1459) to work on /home/airflow/.local/lib/python3.9/site-packages/airflow/example_dags/example_nested_branch_dag.py
[2025-05-13T21:21:28.708+0000] {processor.py:743} INFO - Processing file /home/airflow/.local/lib/python3.9/site-packages/airflow/example_dags/example_nested_branch_dag.py for tasks to queue
[2025-05-13T21:21:28.709+0000] {logging_mixin.py:137} INFO - [2025-05-13T21:21:28.709+0000] {dagbag.py:538} INFO - Filling up the DagBag from /home/airflow/.local/lib/python3.9/site-packages/airflow/example_dags/example_nested_branch_dag.py
[2025-05-13T21:21:28.747+0000] {processor.py:753} INFO - DAG(s) dict_keys(['example_nested_branch_dag']) retrieved from /home/airflow/.local/lib/python3.9/site-packages/airflow/example_dags/example_nested_branch_dag.py
[2025-05-13T21:21:28.804+0000] {logging_mixin.py:137} INFO - [2025-05-13T21:21:28.804+0000] {dag.py:2676} INFO - Sync 1 DAGs
[2025-05-13T21:21:28.844+0000] {logging_mixin.py:137} INFO - [2025-05-13T21:21:28.843+0000] {dag.py:3423} INFO - Setting next_dagrun for example_nested_branch_dag to 2025-05-12T00:00:00+00:00, run_after=2025-05-13T00:00:00+00:00
[2025-05-13T21:21:28.870+0000] {processor.py:175} INFO - Processing /home/airflow/.local/lib/python3.9/site-packages/airflow/example_dags/example_nested_branch_dag.py took 0.168 seconds
[2025-05-13T21:21:59.396+0000] {processor.py:153} INFO - Started process (PID=1662) to work on /home/airflow/.local/lib/python3.9/site-packages/airflow/example_dags/example_nested_branch_dag.py
[2025-05-13T21:21:59.397+0000] {processor.py:743} INFO - Processing file /home/airflow/.local/lib/python3.9/site-packages/airflow/example_dags/example_nested_branch_dag.py for tasks to queue
[2025-05-13T21:21:59.398+0000] {logging_mixin.py:137} INFO - [2025-05-13T21:21:59.398+0000] {dagbag.py:538} INFO - Filling up the DagBag from /home/airflow/.local/lib/python3.9/site-packages/airflow/example_dags/example_nested_branch_dag.py
[2025-05-13T21:21:59.430+0000] {processor.py:753} INFO - DAG(s) dict_keys(['example_nested_branch_dag']) retrieved from /home/airflow/.local/lib/python3.9/site-packages/airflow/example_dags/example_nested_branch_dag.py
[2025-05-13T21:21:59.482+0000] {logging_mixin.py:137} INFO - [2025-05-13T21:21:59.482+0000] {dag.py:2676} INFO - Sync 1 DAGs
[2025-05-13T21:21:59.515+0000] {logging_mixin.py:137} INFO - [2025-05-13T21:21:59.515+0000] {dag.py:3423} INFO - Setting next_dagrun for example_nested_branch_dag to 2025-05-12T00:00:00+00:00, run_after=2025-05-13T00:00:00+00:00
[2025-05-13T21:21:59.548+0000] {processor.py:175} INFO - Processing /home/airflow/.local/lib/python3.9/site-packages/airflow/example_dags/example_nested_branch_dag.py took 0.156 seconds
[2025-05-13T21:22:29.960+0000] {processor.py:153} INFO - Started process (PID=1865) to work on /home/airflow/.local/lib/python3.9/site-packages/airflow/example_dags/example_nested_branch_dag.py
[2025-05-13T21:22:29.961+0000] {processor.py:743} INFO - Processing file /home/airflow/.local/lib/python3.9/site-packages/airflow/example_dags/example_nested_branch_dag.py for tasks to queue
[2025-05-13T21:22:29.962+0000] {logging_mixin.py:137} INFO - [2025-05-13T21:22:29.962+0000] {dagbag.py:538} INFO - Filling up the DagBag from /home/airflow/.local/lib/python3.9/site-packages/airflow/example_dags/example_nested_branch_dag.py
[2025-05-13T21:22:30.002+0000] {processor.py:753} INFO - DAG(s) dict_keys(['example_nested_branch_dag']) retrieved from /home/airflow/.local/lib/python3.9/site-packages/airflow/example_dags/example_nested_branch_dag.py
[2025-05-13T21:22:30.057+0000] {logging_mixin.py:137} INFO - [2025-05-13T21:22:30.056+0000] {dag.py:2676} INFO - Sync 1 DAGs
[2025-05-13T21:22:30.090+0000] {logging_mixin.py:137} INFO - [2025-05-13T21:22:30.090+0000] {dag.py:3423} INFO - Setting next_dagrun for example_nested_branch_dag to 2025-05-12T00:00:00+00:00, run_after=2025-05-13T00:00:00+00:00
[2025-05-13T21:22:30.117+0000] {processor.py:175} INFO - Processing /home/airflow/.local/lib/python3.9/site-packages/airflow/example_dags/example_nested_branch_dag.py took 0.162 seconds
[2025-05-13T21:23:00.253+0000] {processor.py:153} INFO - Started process (PID=2066) to work on /home/airflow/.local/lib/python3.9/site-packages/airflow/example_dags/example_nested_branch_dag.py
[2025-05-13T21:23:00.258+0000] {processor.py:743} INFO - Processing file /home/airflow/.local/lib/python3.9/site-packages/airflow/example_dags/example_nested_branch_dag.py for tasks to queue
[2025-05-13T21:23:00.349+0000] {logging_mixin.py:137} INFO - [2025-05-13T21:23:00.349+0000] {dagbag.py:538} INFO - Filling up the DagBag from /home/airflow/.local/lib/python3.9/site-packages/airflow/example_dags/example_nested_branch_dag.py
[2025-05-13T21:23:00.421+0000] {processor.py:753} INFO - DAG(s) dict_keys(['example_nested_branch_dag']) retrieved from /home/airflow/.local/lib/python3.9/site-packages/airflow/example_dags/example_nested_branch_dag.py
[2025-05-13T21:23:00.500+0000] {logging_mixin.py:137} INFO - [2025-05-13T21:23:00.499+0000] {dag.py:2676} INFO - Sync 1 DAGs
[2025-05-13T21:23:00.537+0000] {logging_mixin.py:137} INFO - [2025-05-13T21:23:00.537+0000] {dag.py:3423} INFO - Setting next_dagrun for example_nested_branch_dag to 2025-05-12T00:00:00+00:00, run_after=2025-05-13T00:00:00+00:00
[2025-05-13T21:23:00.573+0000] {processor.py:175} INFO - Processing /home/airflow/.local/lib/python3.9/site-packages/airflow/example_dags/example_nested_branch_dag.py took 0.327 seconds
[2025-05-13T21:23:31.166+0000] {processor.py:153} INFO - Started process (PID=2269) to work on /home/airflow/.local/lib/python3.9/site-packages/airflow/example_dags/example_nested_branch_dag.py
[2025-05-13T21:23:31.167+0000] {processor.py:743} INFO - Processing file /home/airflow/.local/lib/python3.9/site-packages/airflow/example_dags/example_nested_branch_dag.py for tasks to queue
[2025-05-13T21:23:31.168+0000] {logging_mixin.py:137} INFO - [2025-05-13T21:23:31.168+0000] {dagbag.py:538} INFO - Filling up the DagBag from /home/airflow/.local/lib/python3.9/site-packages/airflow/example_dags/example_nested_branch_dag.py
[2025-05-13T21:23:31.200+0000] {processor.py:753} INFO - DAG(s) dict_keys(['example_nested_branch_dag']) retrieved from /home/airflow/.local/lib/python3.9/site-packages/airflow/example_dags/example_nested_branch_dag.py
[2025-05-13T21:23:31.246+0000] {logging_mixin.py:137} INFO - [2025-05-13T21:23:31.246+0000] {dag.py:2676} INFO - Sync 1 DAGs
[2025-05-13T21:23:31.275+0000] {logging_mixin.py:137} INFO - [2025-05-13T21:23:31.275+0000] {dag.py:3423} INFO - Setting next_dagrun for example_nested_branch_dag to 2025-05-12T00:00:00+00:00, run_after=2025-05-13T00:00:00+00:00
[2025-05-13T21:23:31.299+0000] {processor.py:175} INFO - Processing /home/airflow/.local/lib/python3.9/site-packages/airflow/example_dags/example_nested_branch_dag.py took 0.137 seconds
[2025-05-13T21:24:02.403+0000] {processor.py:153} INFO - Started process (PID=2472) to work on /home/airflow/.local/lib/python3.9/site-packages/airflow/example_dags/example_nested_branch_dag.py
[2025-05-13T21:24:02.404+0000] {processor.py:743} INFO - Processing file /home/airflow/.local/lib/python3.9/site-packages/airflow/example_dags/example_nested_branch_dag.py for tasks to queue
[2025-05-13T21:24:02.405+0000] {logging_mixin.py:137} INFO - [2025-05-13T21:24:02.405+0000] {dagbag.py:538} INFO - Filling up the DagBag from /home/airflow/.local/lib/python3.9/site-packages/airflow/example_dags/example_nested_branch_dag.py
[2025-05-13T21:24:02.440+0000] {processor.py:753} INFO - DAG(s) dict_keys(['example_nested_branch_dag']) retrieved from /home/airflow/.local/lib/python3.9/site-packages/airflow/example_dags/example_nested_branch_dag.py
[2025-05-13T21:24:02.494+0000] {logging_mixin.py:137} INFO - [2025-05-13T21:24:02.493+0000] {dag.py:2676} INFO - Sync 1 DAGs
[2025-05-13T21:24:02.537+0000] {logging_mixin.py:137} INFO - [2025-05-13T21:24:02.537+0000] {dag.py:3423} INFO - Setting next_dagrun for example_nested_branch_dag to 2025-05-12T00:00:00+00:00, run_after=2025-05-13T00:00:00+00:00
[2025-05-13T21:24:02.566+0000] {processor.py:175} INFO - Processing /home/airflow/.local/lib/python3.9/site-packages/airflow/example_dags/example_nested_branch_dag.py took 0.168 seconds
[2025-05-13T21:24:32.969+0000] {processor.py:153} INFO - Started process (PID=2670) to work on /home/airflow/.local/lib/python3.9/site-packages/airflow/example_dags/example_nested_branch_dag.py
[2025-05-13T21:24:32.970+0000] {processor.py:743} INFO - Processing file /home/airflow/.local/lib/python3.9/site-packages/airflow/example_dags/example_nested_branch_dag.py for tasks to queue
[2025-05-13T21:24:32.971+0000] {logging_mixin.py:137} INFO - [2025-05-13T21:24:32.971+0000] {dagbag.py:538} INFO - Filling up the DagBag from /home/airflow/.local/lib/python3.9/site-packages/airflow/example_dags/example_nested_branch_dag.py
[2025-05-13T21:24:33.009+0000] {processor.py:753} INFO - DAG(s) dict_keys(['example_nested_branch_dag']) retrieved from /home/airflow/.local/lib/python3.9/site-packages/airflow/example_dags/example_nested_branch_dag.py
[2025-05-13T21:24:33.061+0000] {logging_mixin.py:137} INFO - [2025-05-13T21:24:33.060+0000] {dag.py:2676} INFO - Sync 1 DAGs
[2025-05-13T21:24:33.093+0000] {logging_mixin.py:137} INFO - [2025-05-13T21:24:33.093+0000] {dag.py:3423} INFO - Setting next_dagrun for example_nested_branch_dag to 2025-05-12T00:00:00+00:00, run_after=2025-05-13T00:00:00+00:00
[2025-05-13T21:24:33.116+0000] {processor.py:175} INFO - Processing /home/airflow/.local/lib/python3.9/site-packages/airflow/example_dags/example_nested_branch_dag.py took 0.151 seconds
[2025-05-13T21:25:03.512+0000] {processor.py:153} INFO - Started process (PID=2872) to work on /home/airflow/.local/lib/python3.9/site-packages/airflow/example_dags/example_nested_branch_dag.py
[2025-05-13T21:25:03.513+0000] {processor.py:743} INFO - Processing file /home/airflow/.local/lib/python3.9/site-packages/airflow/example_dags/example_nested_branch_dag.py for tasks to queue
[2025-05-13T21:25:03.514+0000] {logging_mixin.py:137} INFO - [2025-05-13T21:25:03.514+0000] {dagbag.py:538} INFO - Filling up the DagBag from /home/airflow/.local/lib/python3.9/site-packages/airflow/example_dags/example_nested_branch_dag.py
[2025-05-13T21:25:03.549+0000] {processor.py:753} INFO - DAG(s) dict_keys(['example_nested_branch_dag']) retrieved from /home/airflow/.local/lib/python3.9/site-packages/airflow/example_dags/example_nested_branch_dag.py
[2025-05-13T21:25:03.601+0000] {logging_mixin.py:137} INFO - [2025-05-13T21:25:03.601+0000] {dag.py:2676} INFO - Sync 1 DAGs
[2025-05-13T21:25:03.645+0000] {logging_mixin.py:137} INFO - [2025-05-13T21:25:03.645+0000] {dag.py:3423} INFO - Setting next_dagrun for example_nested_branch_dag to 2025-05-12T00:00:00+00:00, run_after=2025-05-13T00:00:00+00:00
[2025-05-13T21:25:03.673+0000] {processor.py:175} INFO - Processing /home/airflow/.local/lib/python3.9/site-packages/airflow/example_dags/example_nested_branch_dag.py took 0.165 seconds
[2025-05-13T21:25:34.273+0000] {processor.py:153} INFO - Started process (PID=3077) to work on /home/airflow/.local/lib/python3.9/site-packages/airflow/example_dags/example_nested_branch_dag.py
[2025-05-13T21:25:34.274+0000] {processor.py:743} INFO - Processing file /home/airflow/.local/lib/python3.9/site-packages/airflow/example_dags/example_nested_branch_dag.py for tasks to queue
[2025-05-13T21:25:34.275+0000] {logging_mixin.py:137} INFO - [2025-05-13T21:25:34.275+0000] {dagbag.py:538} INFO - Filling up the DagBag from /home/airflow/.local/lib/python3.9/site-packages/airflow/example_dags/example_nested_branch_dag.py
[2025-05-13T21:25:34.313+0000] {processor.py:753} INFO - DAG(s) dict_keys(['example_nested_branch_dag']) retrieved from /home/airflow/.local/lib/python3.9/site-packages/airflow/example_dags/example_nested_branch_dag.py
[2025-05-13T21:25:34.373+0000] {logging_mixin.py:137} INFO - [2025-05-13T21:25:34.372+0000] {dag.py:2676} INFO - Sync 1 DAGs
[2025-05-13T21:25:34.470+0000] {logging_mixin.py:137} INFO - [2025-05-13T21:25:34.469+0000] {dag.py:3423} INFO - Setting next_dagrun for example_nested_branch_dag to 2025-05-12T00:00:00+00:00, run_after=2025-05-13T00:00:00+00:00
[2025-05-13T21:25:34.498+0000] {processor.py:175} INFO - Processing /home/airflow/.local/lib/python3.9/site-packages/airflow/example_dags/example_nested_branch_dag.py took 0.229 seconds
[2025-05-13T21:26:04.629+0000] {processor.py:153} INFO - Started process (PID=3292) to work on /home/airflow/.local/lib/python3.9/site-packages/airflow/example_dags/example_nested_branch_dag.py
[2025-05-13T21:26:04.630+0000] {processor.py:743} INFO - Processing file /home/airflow/.local/lib/python3.9/site-packages/airflow/example_dags/example_nested_branch_dag.py for tasks to queue
[2025-05-13T21:26:04.631+0000] {logging_mixin.py:137} INFO - [2025-05-13T21:26:04.631+0000] {dagbag.py:538} INFO - Filling up the DagBag from /home/airflow/.local/lib/python3.9/site-packages/airflow/example_dags/example_nested_branch_dag.py
[2025-05-13T21:26:04.668+0000] {processor.py:753} INFO - DAG(s) dict_keys(['example_nested_branch_dag']) retrieved from /home/airflow/.local/lib/python3.9/site-packages/airflow/example_dags/example_nested_branch_dag.py
[2025-05-13T21:26:04.720+0000] {logging_mixin.py:137} INFO - [2025-05-13T21:26:04.720+0000] {dag.py:2676} INFO - Sync 1 DAGs
[2025-05-13T21:26:04.750+0000] {logging_mixin.py:137} INFO - [2025-05-13T21:26:04.750+0000] {dag.py:3423} INFO - Setting next_dagrun for example_nested_branch_dag to 2025-05-12T00:00:00+00:00, run_after=2025-05-13T00:00:00+00:00
[2025-05-13T21:26:04.773+0000] {processor.py:175} INFO - Processing /home/airflow/.local/lib/python3.9/site-packages/airflow/example_dags/example_nested_branch_dag.py took 0.149 seconds
[2025-05-13T21:26:35.484+0000] {processor.py:153} INFO - Started process (PID=3495) to work on /home/airflow/.local/lib/python3.9/site-packages/airflow/example_dags/example_nested_branch_dag.py
[2025-05-13T21:26:35.485+0000] {processor.py:743} INFO - Processing file /home/airflow/.local/lib/python3.9/site-packages/airflow/example_dags/example_nested_branch_dag.py for tasks to queue
[2025-05-13T21:26:35.486+0000] {logging_mixin.py:137} INFO - [2025-05-13T21:26:35.486+0000] {dagbag.py:538} INFO - Filling up the DagBag from /home/airflow/.local/lib/python3.9/site-packages/airflow/example_dags/example_nested_branch_dag.py
[2025-05-13T21:26:35.521+0000] {processor.py:753} INFO - DAG(s) dict_keys(['example_nested_branch_dag']) retrieved from /home/airflow/.local/lib/python3.9/site-packages/airflow/example_dags/example_nested_branch_dag.py
[2025-05-13T21:26:35.573+0000] {logging_mixin.py:137} INFO - [2025-05-13T21:26:35.573+0000] {dag.py:2676} INFO - Sync 1 DAGs
[2025-05-13T21:26:35.605+0000] {logging_mixin.py:137} INFO - [2025-05-13T21:26:35.605+0000] {dag.py:3423} INFO - Setting next_dagrun for example_nested_branch_dag to 2025-05-12T00:00:00+00:00, run_after=2025-05-13T00:00:00+00:00
[2025-05-13T21:26:35.631+0000] {processor.py:175} INFO - Processing /home/airflow/.local/lib/python3.9/site-packages/airflow/example_dags/example_nested_branch_dag.py took 0.150 seconds
[2025-05-13T21:27:06.088+0000] {processor.py:153} INFO - Started process (PID=3698) to work on /home/airflow/.local/lib/python3.9/site-packages/airflow/example_dags/example_nested_branch_dag.py
[2025-05-13T21:27:06.089+0000] {processor.py:743} INFO - Processing file /home/airflow/.local/lib/python3.9/site-packages/airflow/example_dags/example_nested_branch_dag.py for tasks to queue
[2025-05-13T21:27:06.090+0000] {logging_mixin.py:137} INFO - [2025-05-13T21:27:06.089+0000] {dagbag.py:538} INFO - Filling up the DagBag from /home/airflow/.local/lib/python3.9/site-packages/airflow/example_dags/example_nested_branch_dag.py
[2025-05-13T21:27:06.124+0000] {processor.py:753} INFO - DAG(s) dict_keys(['example_nested_branch_dag']) retrieved from /home/airflow/.local/lib/python3.9/site-packages/airflow/example_dags/example_nested_branch_dag.py
[2025-05-13T21:27:06.170+0000] {logging_mixin.py:137} INFO - [2025-05-13T21:27:06.170+0000] {dag.py:2676} INFO - Sync 1 DAGs
[2025-05-13T21:27:06.199+0000] {logging_mixin.py:137} INFO - [2025-05-13T21:27:06.199+0000] {dag.py:3423} INFO - Setting next_dagrun for example_nested_branch_dag to 2025-05-12T00:00:00+00:00, run_after=2025-05-13T00:00:00+00:00
[2025-05-13T21:27:06.220+0000] {processor.py:175} INFO - Processing /home/airflow/.local/lib/python3.9/site-packages/airflow/example_dags/example_nested_branch_dag.py took 0.137 seconds
[2025-05-13T21:27:36.797+0000] {processor.py:153} INFO - Started process (PID=3899) to work on /home/airflow/.local/lib/python3.9/site-packages/airflow/example_dags/example_nested_branch_dag.py
[2025-05-13T21:27:36.798+0000] {processor.py:743} INFO - Processing file /home/airflow/.local/lib/python3.9/site-packages/airflow/example_dags/example_nested_branch_dag.py for tasks to queue
[2025-05-13T21:27:36.800+0000] {logging_mixin.py:137} INFO - [2025-05-13T21:27:36.800+0000] {dagbag.py:538} INFO - Filling up the DagBag from /home/airflow/.local/lib/python3.9/site-packages/airflow/example_dags/example_nested_branch_dag.py
[2025-05-13T21:27:36.840+0000] {processor.py:753} INFO - DAG(s) dict_keys(['example_nested_branch_dag']) retrieved from /home/airflow/.local/lib/python3.9/site-packages/airflow/example_dags/example_nested_branch_dag.py
[2025-05-13T21:27:36.890+0000] {logging_mixin.py:137} INFO - [2025-05-13T21:27:36.890+0000] {dag.py:2676} INFO - Sync 1 DAGs
[2025-05-13T21:27:36.926+0000] {logging_mixin.py:137} INFO - [2025-05-13T21:27:36.926+0000] {dag.py:3423} INFO - Setting next_dagrun for example_nested_branch_dag to 2025-05-12T00:00:00+00:00, run_after=2025-05-13T00:00:00+00:00
[2025-05-13T21:27:36.951+0000] {processor.py:175} INFO - Processing /home/airflow/.local/lib/python3.9/site-packages/airflow/example_dags/example_nested_branch_dag.py took 0.160 seconds
[2025-05-13T21:28:07.660+0000] {processor.py:153} INFO - Started process (PID=4104) to work on /home/airflow/.local/lib/python3.9/site-packages/airflow/example_dags/example_nested_branch_dag.py
[2025-05-13T21:28:07.662+0000] {processor.py:743} INFO - Processing file /home/airflow/.local/lib/python3.9/site-packages/airflow/example_dags/example_nested_branch_dag.py for tasks to queue
[2025-05-13T21:28:07.663+0000] {logging_mixin.py:137} INFO - [2025-05-13T21:28:07.663+0000] {dagbag.py:538} INFO - Filling up the DagBag from /home/airflow/.local/lib/python3.9/site-packages/airflow/example_dags/example_nested_branch_dag.py
[2025-05-13T21:28:07.703+0000] {processor.py:753} INFO - DAG(s) dict_keys(['example_nested_branch_dag']) retrieved from /home/airflow/.local/lib/python3.9/site-packages/airflow/example_dags/example_nested_branch_dag.py
[2025-05-13T21:28:07.737+0000] {logging_mixin.py:137} INFO - [2025-05-13T21:28:07.737+0000] {dag.py:2676} INFO - Sync 1 DAGs
[2025-05-13T21:28:07.771+0000] {logging_mixin.py:137} INFO - [2025-05-13T21:28:07.771+0000] {dag.py:3423} INFO - Setting next_dagrun for example_nested_branch_dag to 2025-05-12T00:00:00+00:00, run_after=2025-05-13T00:00:00+00:00
[2025-05-13T21:28:07.796+0000] {processor.py:175} INFO - Processing /home/airflow/.local/lib/python3.9/site-packages/airflow/example_dags/example_nested_branch_dag.py took 0.140 seconds
[2025-05-13T21:28:38.233+0000] {processor.py:153} INFO - Started process (PID=4307) to work on /home/airflow/.local/lib/python3.9/site-packages/airflow/example_dags/example_nested_branch_dag.py
[2025-05-13T21:28:38.234+0000] {processor.py:743} INFO - Processing file /home/airflow/.local/lib/python3.9/site-packages/airflow/example_dags/example_nested_branch_dag.py for tasks to queue
[2025-05-13T21:28:38.235+0000] {logging_mixin.py:137} INFO - [2025-05-13T21:28:38.235+0000] {dagbag.py:538} INFO - Filling up the DagBag from /home/airflow/.local/lib/python3.9/site-packages/airflow/example_dags/example_nested_branch_dag.py
[2025-05-13T21:28:38.269+0000] {processor.py:753} INFO - DAG(s) dict_keys(['example_nested_branch_dag']) retrieved from /home/airflow/.local/lib/python3.9/site-packages/airflow/example_dags/example_nested_branch_dag.py
[2025-05-13T21:28:38.316+0000] {logging_mixin.py:137} INFO - [2025-05-13T21:28:38.316+0000] {dag.py:2676} INFO - Sync 1 DAGs
[2025-05-13T21:28:38.341+0000] {logging_mixin.py:137} INFO - [2025-05-13T21:28:38.341+0000] {dag.py:3423} INFO - Setting next_dagrun for example_nested_branch_dag to 2025-05-12T00:00:00+00:00, run_after=2025-05-13T00:00:00+00:00
[2025-05-13T21:28:38.364+0000] {processor.py:175} INFO - Processing /home/airflow/.local/lib/python3.9/site-packages/airflow/example_dags/example_nested_branch_dag.py took 0.136 seconds
[2025-05-13T21:29:08.720+0000] {processor.py:153} INFO - Started process (PID=4508) to work on /home/airflow/.local/lib/python3.9/site-packages/airflow/example_dags/example_nested_branch_dag.py
[2025-05-13T21:29:08.721+0000] {processor.py:743} INFO - Processing file /home/airflow/.local/lib/python3.9/site-packages/airflow/example_dags/example_nested_branch_dag.py for tasks to queue
[2025-05-13T21:29:08.722+0000] {logging_mixin.py:137} INFO - [2025-05-13T21:29:08.722+0000] {dagbag.py:538} INFO - Filling up the DagBag from /home/airflow/.local/lib/python3.9/site-packages/airflow/example_dags/example_nested_branch_dag.py
[2025-05-13T21:29:08.757+0000] {processor.py:753} INFO - DAG(s) dict_keys(['example_nested_branch_dag']) retrieved from /home/airflow/.local/lib/python3.9/site-packages/airflow/example_dags/example_nested_branch_dag.py
[2025-05-13T21:29:08.812+0000] {logging_mixin.py:137} INFO - [2025-05-13T21:29:08.812+0000] {dag.py:2676} INFO - Sync 1 DAGs
[2025-05-13T21:29:08.842+0000] {logging_mixin.py:137} INFO - [2025-05-13T21:29:08.842+0000] {dag.py:3423} INFO - Setting next_dagrun for example_nested_branch_dag to 2025-05-12T00:00:00+00:00, run_after=2025-05-13T00:00:00+00:00
[2025-05-13T21:29:08.865+0000] {processor.py:175} INFO - Processing /home/airflow/.local/lib/python3.9/site-packages/airflow/example_dags/example_nested_branch_dag.py took 0.150 seconds
[2025-05-13T21:29:38.928+0000] {processor.py:153} INFO - Started process (PID=4707) to work on /home/airflow/.local/lib/python3.9/site-packages/airflow/example_dags/example_nested_branch_dag.py
[2025-05-13T21:29:38.929+0000] {processor.py:743} INFO - Processing file /home/airflow/.local/lib/python3.9/site-packages/airflow/example_dags/example_nested_branch_dag.py for tasks to queue
[2025-05-13T21:29:38.930+0000] {logging_mixin.py:137} INFO - [2025-05-13T21:29:38.930+0000] {dagbag.py:538} INFO - Filling up the DagBag from /home/airflow/.local/lib/python3.9/site-packages/airflow/example_dags/example_nested_branch_dag.py
[2025-05-13T21:29:38.964+0000] {processor.py:753} INFO - DAG(s) dict_keys(['example_nested_branch_dag']) retrieved from /home/airflow/.local/lib/python3.9/site-packages/airflow/example_dags/example_nested_branch_dag.py
[2025-05-13T21:29:39.022+0000] {logging_mixin.py:137} INFO - [2025-05-13T21:29:39.021+0000] {dag.py:2676} INFO - Sync 1 DAGs
[2025-05-13T21:29:39.054+0000] {logging_mixin.py:137} INFO - [2025-05-13T21:29:39.054+0000] {dag.py:3423} INFO - Setting next_dagrun for example_nested_branch_dag to 2025-05-12T00:00:00+00:00, run_after=2025-05-13T00:00:00+00:00
[2025-05-13T21:29:39.075+0000] {processor.py:175} INFO - Processing /home/airflow/.local/lib/python3.9/site-packages/airflow/example_dags/example_nested_branch_dag.py took 0.151 seconds
[2025-05-13T21:30:09.509+0000] {processor.py:153} INFO - Started process (PID=4910) to work on /home/airflow/.local/lib/python3.9/site-packages/airflow/example_dags/example_nested_branch_dag.py
[2025-05-13T21:30:09.510+0000] {processor.py:743} INFO - Processing file /home/airflow/.local/lib/python3.9/site-packages/airflow/example_dags/example_nested_branch_dag.py for tasks to queue
[2025-05-13T21:30:09.511+0000] {logging_mixin.py:137} INFO - [2025-05-13T21:30:09.511+0000] {dagbag.py:538} INFO - Filling up the DagBag from /home/airflow/.local/lib/python3.9/site-packages/airflow/example_dags/example_nested_branch_dag.py
[2025-05-13T21:30:09.544+0000] {processor.py:753} INFO - DAG(s) dict_keys(['example_nested_branch_dag']) retrieved from /home/airflow/.local/lib/python3.9/site-packages/airflow/example_dags/example_nested_branch_dag.py
[2025-05-13T21:30:09.592+0000] {logging_mixin.py:137} INFO - [2025-05-13T21:30:09.592+0000] {dag.py:2676} INFO - Sync 1 DAGs
[2025-05-13T21:30:09.624+0000] {logging_mixin.py:137} INFO - [2025-05-13T21:30:09.623+0000] {dag.py:3423} INFO - Setting next_dagrun for example_nested_branch_dag to 2025-05-12T00:00:00+00:00, run_after=2025-05-13T00:00:00+00:00
[2025-05-13T21:30:09.650+0000] {processor.py:175} INFO - Processing /home/airflow/.local/lib/python3.9/site-packages/airflow/example_dags/example_nested_branch_dag.py took 0.144 seconds
[2025-05-13T21:30:40.024+0000] {processor.py:153} INFO - Started process (PID=5113) to work on /home/airflow/.local/lib/python3.9/site-packages/airflow/example_dags/example_nested_branch_dag.py
[2025-05-13T21:30:40.025+0000] {processor.py:743} INFO - Processing file /home/airflow/.local/lib/python3.9/site-packages/airflow/example_dags/example_nested_branch_dag.py for tasks to queue
[2025-05-13T21:30:40.026+0000] {logging_mixin.py:137} INFO - [2025-05-13T21:30:40.026+0000] {dagbag.py:538} INFO - Filling up the DagBag from /home/airflow/.local/lib/python3.9/site-packages/airflow/example_dags/example_nested_branch_dag.py
[2025-05-13T21:30:40.059+0000] {processor.py:753} INFO - DAG(s) dict_keys(['example_nested_branch_dag']) retrieved from /home/airflow/.local/lib/python3.9/site-packages/airflow/example_dags/example_nested_branch_dag.py
[2025-05-13T21:30:40.106+0000] {logging_mixin.py:137} INFO - [2025-05-13T21:30:40.105+0000] {dag.py:2676} INFO - Sync 1 DAGs
[2025-05-13T21:30:40.134+0000] {logging_mixin.py:137} INFO - [2025-05-13T21:30:40.133+0000] {dag.py:3423} INFO - Setting next_dagrun for example_nested_branch_dag to 2025-05-12T00:00:00+00:00, run_after=2025-05-13T00:00:00+00:00
[2025-05-13T21:30:40.157+0000] {processor.py:175} INFO - Processing /home/airflow/.local/lib/python3.9/site-packages/airflow/example_dags/example_nested_branch_dag.py took 0.136 seconds
[2025-05-13T21:31:10.676+0000] {processor.py:153} INFO - Started process (PID=5319) to work on /home/airflow/.local/lib/python3.9/site-packages/airflow/example_dags/example_nested_branch_dag.py
[2025-05-13T21:31:10.678+0000] {processor.py:743} INFO - Processing file /home/airflow/.local/lib/python3.9/site-packages/airflow/example_dags/example_nested_branch_dag.py for tasks to queue
[2025-05-13T21:31:10.679+0000] {logging_mixin.py:137} INFO - [2025-05-13T21:31:10.679+0000] {dagbag.py:538} INFO - Filling up the DagBag from /home/airflow/.local/lib/python3.9/site-packages/airflow/example_dags/example_nested_branch_dag.py
[2025-05-13T21:31:10.713+0000] {processor.py:753} INFO - DAG(s) dict_keys(['example_nested_branch_dag']) retrieved from /home/airflow/.local/lib/python3.9/site-packages/airflow/example_dags/example_nested_branch_dag.py
[2025-05-13T21:31:10.766+0000] {logging_mixin.py:137} INFO - [2025-05-13T21:31:10.766+0000] {dag.py:2676} INFO - Sync 1 DAGs
[2025-05-13T21:31:10.797+0000] {logging_mixin.py:137} INFO - [2025-05-13T21:31:10.797+0000] {dag.py:3423} INFO - Setting next_dagrun for example_nested_branch_dag to 2025-05-12T00:00:00+00:00, run_after=2025-05-13T00:00:00+00:00
[2025-05-13T21:31:10.843+0000] {processor.py:175} INFO - Processing /home/airflow/.local/lib/python3.9/site-packages/airflow/example_dags/example_nested_branch_dag.py took 0.171 seconds
[2025-05-13T21:31:41.375+0000] {processor.py:153} INFO - Started process (PID=5522) to work on /home/airflow/.local/lib/python3.9/site-packages/airflow/example_dags/example_nested_branch_dag.py
[2025-05-13T21:31:41.376+0000] {processor.py:743} INFO - Processing file /home/airflow/.local/lib/python3.9/site-packages/airflow/example_dags/example_nested_branch_dag.py for tasks to queue
[2025-05-13T21:31:41.377+0000] {logging_mixin.py:137} INFO - [2025-05-13T21:31:41.377+0000] {dagbag.py:538} INFO - Filling up the DagBag from /home/airflow/.local/lib/python3.9/site-packages/airflow/example_dags/example_nested_branch_dag.py
[2025-05-13T21:31:41.415+0000] {processor.py:753} INFO - DAG(s) dict_keys(['example_nested_branch_dag']) retrieved from /home/airflow/.local/lib/python3.9/site-packages/airflow/example_dags/example_nested_branch_dag.py
[2025-05-13T21:31:41.469+0000] {logging_mixin.py:137} INFO - [2025-05-13T21:31:41.469+0000] {dag.py:2676} INFO - Sync 1 DAGs
[2025-05-13T21:31:41.503+0000] {logging_mixin.py:137} INFO - [2025-05-13T21:31:41.503+0000] {dag.py:3423} INFO - Setting next_dagrun for example_nested_branch_dag to 2025-05-12T00:00:00+00:00, run_after=2025-05-13T00:00:00+00:00
[2025-05-13T21:31:41.531+0000] {processor.py:175} INFO - Processing /home/airflow/.local/lib/python3.9/site-packages/airflow/example_dags/example_nested_branch_dag.py took 0.161 seconds
[2025-05-13T21:32:12.264+0000] {processor.py:153} INFO - Started process (PID=5725) to work on /home/airflow/.local/lib/python3.9/site-packages/airflow/example_dags/example_nested_branch_dag.py
[2025-05-13T21:32:12.265+0000] {processor.py:743} INFO - Processing file /home/airflow/.local/lib/python3.9/site-packages/airflow/example_dags/example_nested_branch_dag.py for tasks to queue
[2025-05-13T21:32:12.266+0000] {logging_mixin.py:137} INFO - [2025-05-13T21:32:12.266+0000] {dagbag.py:538} INFO - Filling up the DagBag from /home/airflow/.local/lib/python3.9/site-packages/airflow/example_dags/example_nested_branch_dag.py
[2025-05-13T21:32:12.297+0000] {processor.py:753} INFO - DAG(s) dict_keys(['example_nested_branch_dag']) retrieved from /home/airflow/.local/lib/python3.9/site-packages/airflow/example_dags/example_nested_branch_dag.py
[2025-05-13T21:32:12.322+0000] {logging_mixin.py:137} INFO - [2025-05-13T21:32:12.322+0000] {dag.py:2676} INFO - Sync 1 DAGs
[2025-05-13T21:32:12.351+0000] {logging_mixin.py:137} INFO - [2025-05-13T21:32:12.351+0000] {dag.py:3423} INFO - Setting next_dagrun for example_nested_branch_dag to 2025-05-12T00:00:00+00:00, run_after=2025-05-13T00:00:00+00:00
[2025-05-13T21:32:12.370+0000] {processor.py:175} INFO - Processing /home/airflow/.local/lib/python3.9/site-packages/airflow/example_dags/example_nested_branch_dag.py took 0.111 seconds
[2025-05-13T21:32:42.619+0000] {processor.py:153} INFO - Started process (PID=5928) to work on /home/airflow/.local/lib/python3.9/site-packages/airflow/example_dags/example_nested_branch_dag.py
[2025-05-13T21:32:42.620+0000] {processor.py:743} INFO - Processing file /home/airflow/.local/lib/python3.9/site-packages/airflow/example_dags/example_nested_branch_dag.py for tasks to queue
[2025-05-13T21:32:42.621+0000] {logging_mixin.py:137} INFO - [2025-05-13T21:32:42.621+0000] {dagbag.py:538} INFO - Filling up the DagBag from /home/airflow/.local/lib/python3.9/site-packages/airflow/example_dags/example_nested_branch_dag.py
[2025-05-13T21:32:42.655+0000] {processor.py:753} INFO - DAG(s) dict_keys(['example_nested_branch_dag']) retrieved from /home/airflow/.local/lib/python3.9/site-packages/airflow/example_dags/example_nested_branch_dag.py
[2025-05-13T21:32:42.703+0000] {logging_mixin.py:137} INFO - [2025-05-13T21:32:42.703+0000] {dag.py:2676} INFO - Sync 1 DAGs
[2025-05-13T21:32:42.728+0000] {logging_mixin.py:137} INFO - [2025-05-13T21:32:42.727+0000] {dag.py:3423} INFO - Setting next_dagrun for example_nested_branch_dag to 2025-05-12T00:00:00+00:00, run_after=2025-05-13T00:00:00+00:00
[2025-05-13T21:32:42.748+0000] {processor.py:175} INFO - Processing /home/airflow/.local/lib/python3.9/site-packages/airflow/example_dags/example_nested_branch_dag.py took 0.133 seconds
[2025-05-13T21:33:12.918+0000] {processor.py:153} INFO - Started process (PID=6131) to work on /home/airflow/.local/lib/python3.9/site-packages/airflow/example_dags/example_nested_branch_dag.py
[2025-05-13T21:33:12.919+0000] {processor.py:743} INFO - Processing file /home/airflow/.local/lib/python3.9/site-packages/airflow/example_dags/example_nested_branch_dag.py for tasks to queue
[2025-05-13T21:33:12.920+0000] {logging_mixin.py:137} INFO - [2025-05-13T21:33:12.920+0000] {dagbag.py:538} INFO - Filling up the DagBag from /home/airflow/.local/lib/python3.9/site-packages/airflow/example_dags/example_nested_branch_dag.py
[2025-05-13T21:33:12.955+0000] {processor.py:753} INFO - DAG(s) dict_keys(['example_nested_branch_dag']) retrieved from /home/airflow/.local/lib/python3.9/site-packages/airflow/example_dags/example_nested_branch_dag.py
[2025-05-13T21:33:13.004+0000] {logging_mixin.py:137} INFO - [2025-05-13T21:33:13.004+0000] {dag.py:2676} INFO - Sync 1 DAGs
[2025-05-13T21:33:13.033+0000] {logging_mixin.py:137} INFO - [2025-05-13T21:33:13.033+0000] {dag.py:3423} INFO - Setting next_dagrun for example_nested_branch_dag to 2025-05-12T00:00:00+00:00, run_after=2025-05-13T00:00:00+00:00
[2025-05-13T21:33:13.061+0000] {processor.py:175} INFO - Processing /home/airflow/.local/lib/python3.9/site-packages/airflow/example_dags/example_nested_branch_dag.py took 0.147 seconds
[2025-05-13T21:33:43.361+0000] {processor.py:153} INFO - Started process (PID=6334) to work on /home/airflow/.local/lib/python3.9/site-packages/airflow/example_dags/example_nested_branch_dag.py
[2025-05-13T21:33:43.362+0000] {processor.py:743} INFO - Processing file /home/airflow/.local/lib/python3.9/site-packages/airflow/example_dags/example_nested_branch_dag.py for tasks to queue
[2025-05-13T21:33:43.363+0000] {logging_mixin.py:137} INFO - [2025-05-13T21:33:43.363+0000] {dagbag.py:538} INFO - Filling up the DagBag from /home/airflow/.local/lib/python3.9/site-packages/airflow/example_dags/example_nested_branch_dag.py
[2025-05-13T21:33:43.400+0000] {processor.py:753} INFO - DAG(s) dict_keys(['example_nested_branch_dag']) retrieved from /home/airflow/.local/lib/python3.9/site-packages/airflow/example_dags/example_nested_branch_dag.py
[2025-05-13T21:33:43.454+0000] {logging_mixin.py:137} INFO - [2025-05-13T21:33:43.453+0000] {dag.py:2676} INFO - Sync 1 DAGs
[2025-05-13T21:33:43.499+0000] {logging_mixin.py:137} INFO - [2025-05-13T21:33:43.498+0000] {dag.py:3423} INFO - Setting next_dagrun for example_nested_branch_dag to 2025-05-12T00:00:00+00:00, run_after=2025-05-13T00:00:00+00:00
[2025-05-13T21:33:43.553+0000] {processor.py:175} INFO - Processing /home/airflow/.local/lib/python3.9/site-packages/airflow/example_dags/example_nested_branch_dag.py took 0.197 seconds
[2025-05-13T21:34:14.159+0000] {processor.py:153} INFO - Started process (PID=6535) to work on /home/airflow/.local/lib/python3.9/site-packages/airflow/example_dags/example_nested_branch_dag.py
[2025-05-13T21:34:14.160+0000] {processor.py:743} INFO - Processing file /home/airflow/.local/lib/python3.9/site-packages/airflow/example_dags/example_nested_branch_dag.py for tasks to queue
[2025-05-13T21:34:14.161+0000] {logging_mixin.py:137} INFO - [2025-05-13T21:34:14.161+0000] {dagbag.py:538} INFO - Filling up the DagBag from /home/airflow/.local/lib/python3.9/site-packages/airflow/example_dags/example_nested_branch_dag.py
[2025-05-13T21:34:14.198+0000] {processor.py:753} INFO - DAG(s) dict_keys(['example_nested_branch_dag']) retrieved from /home/airflow/.local/lib/python3.9/site-packages/airflow/example_dags/example_nested_branch_dag.py
[2025-05-13T21:34:14.265+0000] {logging_mixin.py:137} INFO - [2025-05-13T21:34:14.265+0000] {dag.py:2676} INFO - Sync 1 DAGs
[2025-05-13T21:34:14.304+0000] {logging_mixin.py:137} INFO - [2025-05-13T21:34:14.304+0000] {dag.py:3423} INFO - Setting next_dagrun for example_nested_branch_dag to 2025-05-12T00:00:00+00:00, run_after=2025-05-13T00:00:00+00:00
[2025-05-13T21:34:14.332+0000] {processor.py:175} INFO - Processing /home/airflow/.local/lib/python3.9/site-packages/airflow/example_dags/example_nested_branch_dag.py took 0.177 seconds
[2025-05-13T21:34:44.658+0000] {processor.py:153} INFO - Started process (PID=6744) to work on /home/airflow/.local/lib/python3.9/site-packages/airflow/example_dags/example_nested_branch_dag.py
[2025-05-13T21:34:44.661+0000] {processor.py:743} INFO - Processing file /home/airflow/.local/lib/python3.9/site-packages/airflow/example_dags/example_nested_branch_dag.py for tasks to queue
[2025-05-13T21:34:44.662+0000] {logging_mixin.py:137} INFO - [2025-05-13T21:34:44.662+0000] {dagbag.py:538} INFO - Filling up the DagBag from /home/airflow/.local/lib/python3.9/site-packages/airflow/example_dags/example_nested_branch_dag.py
[2025-05-13T21:34:44.717+0000] {processor.py:753} INFO - DAG(s) dict_keys(['example_nested_branch_dag']) retrieved from /home/airflow/.local/lib/python3.9/site-packages/airflow/example_dags/example_nested_branch_dag.py
[2025-05-13T21:34:44.800+0000] {logging_mixin.py:137} INFO - [2025-05-13T21:34:44.800+0000] {dag.py:2676} INFO - Sync 1 DAGs
[2025-05-13T21:34:44.855+0000] {logging_mixin.py:137} INFO - [2025-05-13T21:34:44.854+0000] {dag.py:3423} INFO - Setting next_dagrun for example_nested_branch_dag to 2025-05-12T00:00:00+00:00, run_after=2025-05-13T00:00:00+00:00
[2025-05-13T21:34:44.902+0000] {processor.py:175} INFO - Processing /home/airflow/.local/lib/python3.9/site-packages/airflow/example_dags/example_nested_branch_dag.py took 0.250 seconds
[2025-05-13T21:35:15.421+0000] {processor.py:153} INFO - Started process (PID=6950) to work on /home/airflow/.local/lib/python3.9/site-packages/airflow/example_dags/example_nested_branch_dag.py
[2025-05-13T21:35:15.422+0000] {processor.py:743} INFO - Processing file /home/airflow/.local/lib/python3.9/site-packages/airflow/example_dags/example_nested_branch_dag.py for tasks to queue
[2025-05-13T21:35:15.423+0000] {logging_mixin.py:137} INFO - [2025-05-13T21:35:15.423+0000] {dagbag.py:538} INFO - Filling up the DagBag from /home/airflow/.local/lib/python3.9/site-packages/airflow/example_dags/example_nested_branch_dag.py
[2025-05-13T21:35:15.459+0000] {processor.py:753} INFO - DAG(s) dict_keys(['example_nested_branch_dag']) retrieved from /home/airflow/.local/lib/python3.9/site-packages/airflow/example_dags/example_nested_branch_dag.py
[2025-05-13T21:35:15.512+0000] {logging_mixin.py:137} INFO - [2025-05-13T21:35:15.512+0000] {dag.py:2676} INFO - Sync 1 DAGs
[2025-05-13T21:35:15.541+0000] {logging_mixin.py:137} INFO - [2025-05-13T21:35:15.541+0000] {dag.py:3423} INFO - Setting next_dagrun for example_nested_branch_dag to 2025-05-12T00:00:00+00:00, run_after=2025-05-13T00:00:00+00:00
[2025-05-13T21:35:15.699+0000] {processor.py:175} INFO - Processing /home/airflow/.local/lib/python3.9/site-packages/airflow/example_dags/example_nested_branch_dag.py took 0.283 seconds
[2025-05-13T21:35:46.163+0000] {processor.py:153} INFO - Started process (PID=7147) to work on /home/airflow/.local/lib/python3.9/site-packages/airflow/example_dags/example_nested_branch_dag.py
[2025-05-13T21:35:46.165+0000] {processor.py:743} INFO - Processing file /home/airflow/.local/lib/python3.9/site-packages/airflow/example_dags/example_nested_branch_dag.py for tasks to queue
[2025-05-13T21:35:46.166+0000] {logging_mixin.py:137} INFO - [2025-05-13T21:35:46.166+0000] {dagbag.py:538} INFO - Filling up the DagBag from /home/airflow/.local/lib/python3.9/site-packages/airflow/example_dags/example_nested_branch_dag.py
[2025-05-13T21:35:46.206+0000] {processor.py:753} INFO - DAG(s) dict_keys(['example_nested_branch_dag']) retrieved from /home/airflow/.local/lib/python3.9/site-packages/airflow/example_dags/example_nested_branch_dag.py
[2025-05-13T21:35:46.258+0000] {logging_mixin.py:137} INFO - [2025-05-13T21:35:46.258+0000] {dag.py:2676} INFO - Sync 1 DAGs
[2025-05-13T21:35:46.290+0000] {logging_mixin.py:137} INFO - [2025-05-13T21:35:46.290+0000] {dag.py:3423} INFO - Setting next_dagrun for example_nested_branch_dag to 2025-05-12T00:00:00+00:00, run_after=2025-05-13T00:00:00+00:00
[2025-05-13T21:35:46.312+0000] {processor.py:175} INFO - Processing /home/airflow/.local/lib/python3.9/site-packages/airflow/example_dags/example_nested_branch_dag.py took 0.153 seconds
[2025-05-13T21:36:16.697+0000] {processor.py:153} INFO - Started process (PID=7350) to work on /home/airflow/.local/lib/python3.9/site-packages/airflow/example_dags/example_nested_branch_dag.py
[2025-05-13T21:36:16.699+0000] {processor.py:743} INFO - Processing file /home/airflow/.local/lib/python3.9/site-packages/airflow/example_dags/example_nested_branch_dag.py for tasks to queue
[2025-05-13T21:36:16.700+0000] {logging_mixin.py:137} INFO - [2025-05-13T21:36:16.700+0000] {dagbag.py:538} INFO - Filling up the DagBag from /home/airflow/.local/lib/python3.9/site-packages/airflow/example_dags/example_nested_branch_dag.py
[2025-05-13T21:36:16.736+0000] {processor.py:753} INFO - DAG(s) dict_keys(['example_nested_branch_dag']) retrieved from /home/airflow/.local/lib/python3.9/site-packages/airflow/example_dags/example_nested_branch_dag.py
[2025-05-13T21:36:16.790+0000] {logging_mixin.py:137} INFO - [2025-05-13T21:36:16.790+0000] {dag.py:2676} INFO - Sync 1 DAGs
[2025-05-13T21:36:16.823+0000] {logging_mixin.py:137} INFO - [2025-05-13T21:36:16.822+0000] {dag.py:3423} INFO - Setting next_dagrun for example_nested_branch_dag to 2025-05-12T00:00:00+00:00, run_after=2025-05-13T00:00:00+00:00
[2025-05-13T21:36:16.847+0000] {processor.py:175} INFO - Processing /home/airflow/.local/lib/python3.9/site-packages/airflow/example_dags/example_nested_branch_dag.py took 0.154 seconds
[2025-05-13T21:37:49.417+0000] {processor.py:153} INFO - Started process (PID=250) to work on /home/airflow/.local/lib/python3.9/site-packages/airflow/example_dags/example_nested_branch_dag.py
[2025-05-13T21:37:49.419+0000] {processor.py:743} INFO - Processing file /home/airflow/.local/lib/python3.9/site-packages/airflow/example_dags/example_nested_branch_dag.py for tasks to queue
[2025-05-13T21:37:49.421+0000] {logging_mixin.py:137} INFO - [2025-05-13T21:37:49.421+0000] {dagbag.py:538} INFO - Filling up the DagBag from /home/airflow/.local/lib/python3.9/site-packages/airflow/example_dags/example_nested_branch_dag.py
[2025-05-13T21:37:49.478+0000] {processor.py:753} INFO - DAG(s) dict_keys(['example_nested_branch_dag']) retrieved from /home/airflow/.local/lib/python3.9/site-packages/airflow/example_dags/example_nested_branch_dag.py
[2025-05-13T21:37:49.610+0000] {logging_mixin.py:137} INFO - [2025-05-13T21:37:49.610+0000] {dag.py:2676} INFO - Sync 1 DAGs
[2025-05-13T21:37:49.647+0000] {logging_mixin.py:137} INFO - [2025-05-13T21:37:49.647+0000] {dag.py:3423} INFO - Setting next_dagrun for example_nested_branch_dag to 2025-05-12T00:00:00+00:00, run_after=2025-05-13T00:00:00+00:00
[2025-05-13T21:37:49.671+0000] {processor.py:175} INFO - Processing /home/airflow/.local/lib/python3.9/site-packages/airflow/example_dags/example_nested_branch_dag.py took 0.261 seconds
[2025-05-13T21:38:19.991+0000] {processor.py:153} INFO - Started process (PID=449) to work on /home/airflow/.local/lib/python3.9/site-packages/airflow/example_dags/example_nested_branch_dag.py
[2025-05-13T21:38:19.992+0000] {processor.py:743} INFO - Processing file /home/airflow/.local/lib/python3.9/site-packages/airflow/example_dags/example_nested_branch_dag.py for tasks to queue
[2025-05-13T21:38:19.993+0000] {logging_mixin.py:137} INFO - [2025-05-13T21:38:19.993+0000] {dagbag.py:538} INFO - Filling up the DagBag from /home/airflow/.local/lib/python3.9/site-packages/airflow/example_dags/example_nested_branch_dag.py
[2025-05-13T21:38:20.035+0000] {processor.py:753} INFO - DAG(s) dict_keys(['example_nested_branch_dag']) retrieved from /home/airflow/.local/lib/python3.9/site-packages/airflow/example_dags/example_nested_branch_dag.py
[2025-05-13T21:38:20.085+0000] {logging_mixin.py:137} INFO - [2025-05-13T21:38:20.085+0000] {dag.py:2676} INFO - Sync 1 DAGs
[2025-05-13T21:38:20.113+0000] {logging_mixin.py:137} INFO - [2025-05-13T21:38:20.113+0000] {dag.py:3423} INFO - Setting next_dagrun for example_nested_branch_dag to 2025-05-12T00:00:00+00:00, run_after=2025-05-13T00:00:00+00:00
[2025-05-13T21:38:20.134+0000] {processor.py:175} INFO - Processing /home/airflow/.local/lib/python3.9/site-packages/airflow/example_dags/example_nested_branch_dag.py took 0.148 seconds
[2025-05-13T21:38:50.633+0000] {processor.py:153} INFO - Started process (PID=652) to work on /home/airflow/.local/lib/python3.9/site-packages/airflow/example_dags/example_nested_branch_dag.py
[2025-05-13T21:38:50.635+0000] {processor.py:743} INFO - Processing file /home/airflow/.local/lib/python3.9/site-packages/airflow/example_dags/example_nested_branch_dag.py for tasks to queue
[2025-05-13T21:38:50.636+0000] {logging_mixin.py:137} INFO - [2025-05-13T21:38:50.636+0000] {dagbag.py:538} INFO - Filling up the DagBag from /home/airflow/.local/lib/python3.9/site-packages/airflow/example_dags/example_nested_branch_dag.py
[2025-05-13T21:38:50.706+0000] {processor.py:753} INFO - DAG(s) dict_keys(['example_nested_branch_dag']) retrieved from /home/airflow/.local/lib/python3.9/site-packages/airflow/example_dags/example_nested_branch_dag.py
[2025-05-13T21:38:50.761+0000] {logging_mixin.py:137} INFO - [2025-05-13T21:38:50.761+0000] {dag.py:2676} INFO - Sync 1 DAGs
[2025-05-13T21:38:50.798+0000] {logging_mixin.py:137} INFO - [2025-05-13T21:38:50.798+0000] {dag.py:3423} INFO - Setting next_dagrun for example_nested_branch_dag to 2025-05-12T00:00:00+00:00, run_after=2025-05-13T00:00:00+00:00
[2025-05-13T21:38:50.828+0000] {processor.py:175} INFO - Processing /home/airflow/.local/lib/python3.9/site-packages/airflow/example_dags/example_nested_branch_dag.py took 0.199 seconds
[2025-05-13T21:39:21.473+0000] {processor.py:153} INFO - Started process (PID=855) to work on /home/airflow/.local/lib/python3.9/site-packages/airflow/example_dags/example_nested_branch_dag.py
[2025-05-13T21:39:21.474+0000] {processor.py:743} INFO - Processing file /home/airflow/.local/lib/python3.9/site-packages/airflow/example_dags/example_nested_branch_dag.py for tasks to queue
[2025-05-13T21:39:21.475+0000] {logging_mixin.py:137} INFO - [2025-05-13T21:39:21.475+0000] {dagbag.py:538} INFO - Filling up the DagBag from /home/airflow/.local/lib/python3.9/site-packages/airflow/example_dags/example_nested_branch_dag.py
[2025-05-13T21:39:21.516+0000] {processor.py:753} INFO - DAG(s) dict_keys(['example_nested_branch_dag']) retrieved from /home/airflow/.local/lib/python3.9/site-packages/airflow/example_dags/example_nested_branch_dag.py
[2025-05-13T21:39:21.565+0000] {logging_mixin.py:137} INFO - [2025-05-13T21:39:21.565+0000] {dag.py:2676} INFO - Sync 1 DAGs
[2025-05-13T21:39:21.595+0000] {logging_mixin.py:137} INFO - [2025-05-13T21:39:21.595+0000] {dag.py:3423} INFO - Setting next_dagrun for example_nested_branch_dag to 2025-05-12T00:00:00+00:00, run_after=2025-05-13T00:00:00+00:00
[2025-05-13T21:39:21.619+0000] {processor.py:175} INFO - Processing /home/airflow/.local/lib/python3.9/site-packages/airflow/example_dags/example_nested_branch_dag.py took 0.150 seconds
[2025-05-13T21:39:51.728+0000] {processor.py:153} INFO - Started process (PID=1056) to work on /home/airflow/.local/lib/python3.9/site-packages/airflow/example_dags/example_nested_branch_dag.py
[2025-05-13T21:39:51.729+0000] {processor.py:743} INFO - Processing file /home/airflow/.local/lib/python3.9/site-packages/airflow/example_dags/example_nested_branch_dag.py for tasks to queue
[2025-05-13T21:39:51.731+0000] {logging_mixin.py:137} INFO - [2025-05-13T21:39:51.731+0000] {dagbag.py:538} INFO - Filling up the DagBag from /home/airflow/.local/lib/python3.9/site-packages/airflow/example_dags/example_nested_branch_dag.py
[2025-05-13T21:39:51.767+0000] {processor.py:753} INFO - DAG(s) dict_keys(['example_nested_branch_dag']) retrieved from /home/airflow/.local/lib/python3.9/site-packages/airflow/example_dags/example_nested_branch_dag.py
[2025-05-13T21:39:51.817+0000] {logging_mixin.py:137} INFO - [2025-05-13T21:39:51.817+0000] {dag.py:2676} INFO - Sync 1 DAGs
[2025-05-13T21:39:51.851+0000] {logging_mixin.py:137} INFO - [2025-05-13T21:39:51.850+0000] {dag.py:3423} INFO - Setting next_dagrun for example_nested_branch_dag to 2025-05-12T00:00:00+00:00, run_after=2025-05-13T00:00:00+00:00
[2025-05-13T21:39:51.879+0000] {processor.py:175} INFO - Processing /home/airflow/.local/lib/python3.9/site-packages/airflow/example_dags/example_nested_branch_dag.py took 0.157 seconds
[2025-05-13T21:40:22.021+0000] {processor.py:153} INFO - Started process (PID=1265) to work on /home/airflow/.local/lib/python3.9/site-packages/airflow/example_dags/example_nested_branch_dag.py
[2025-05-13T21:40:22.022+0000] {processor.py:743} INFO - Processing file /home/airflow/.local/lib/python3.9/site-packages/airflow/example_dags/example_nested_branch_dag.py for tasks to queue
[2025-05-13T21:40:22.023+0000] {logging_mixin.py:137} INFO - [2025-05-13T21:40:22.023+0000] {dagbag.py:538} INFO - Filling up the DagBag from /home/airflow/.local/lib/python3.9/site-packages/airflow/example_dags/example_nested_branch_dag.py
[2025-05-13T21:40:22.065+0000] {processor.py:753} INFO - DAG(s) dict_keys(['example_nested_branch_dag']) retrieved from /home/airflow/.local/lib/python3.9/site-packages/airflow/example_dags/example_nested_branch_dag.py
[2025-05-13T21:40:22.133+0000] {logging_mixin.py:137} INFO - [2025-05-13T21:40:22.133+0000] {dag.py:2676} INFO - Sync 1 DAGs
[2025-05-13T21:40:22.169+0000] {logging_mixin.py:137} INFO - [2025-05-13T21:40:22.169+0000] {dag.py:3423} INFO - Setting next_dagrun for example_nested_branch_dag to 2025-05-12T00:00:00+00:00, run_after=2025-05-13T00:00:00+00:00
[2025-05-13T21:40:22.198+0000] {processor.py:175} INFO - Processing /home/airflow/.local/lib/python3.9/site-packages/airflow/example_dags/example_nested_branch_dag.py took 0.182 seconds
[2025-05-13T21:40:52.383+0000] {processor.py:153} INFO - Started process (PID=1473) to work on /home/airflow/.local/lib/python3.9/site-packages/airflow/example_dags/example_nested_branch_dag.py
[2025-05-13T21:40:52.384+0000] {processor.py:743} INFO - Processing file /home/airflow/.local/lib/python3.9/site-packages/airflow/example_dags/example_nested_branch_dag.py for tasks to queue
[2025-05-13T21:40:52.385+0000] {logging_mixin.py:137} INFO - [2025-05-13T21:40:52.385+0000] {dagbag.py:538} INFO - Filling up the DagBag from /home/airflow/.local/lib/python3.9/site-packages/airflow/example_dags/example_nested_branch_dag.py
[2025-05-13T21:40:52.421+0000] {processor.py:753} INFO - DAG(s) dict_keys(['example_nested_branch_dag']) retrieved from /home/airflow/.local/lib/python3.9/site-packages/airflow/example_dags/example_nested_branch_dag.py
[2025-05-13T21:40:52.477+0000] {logging_mixin.py:137} INFO - [2025-05-13T21:40:52.477+0000] {dag.py:2676} INFO - Sync 1 DAGs
[2025-05-13T21:40:52.509+0000] {logging_mixin.py:137} INFO - [2025-05-13T21:40:52.509+0000] {dag.py:3423} INFO - Setting next_dagrun for example_nested_branch_dag to 2025-05-12T00:00:00+00:00, run_after=2025-05-13T00:00:00+00:00
[2025-05-13T21:40:52.532+0000] {processor.py:175} INFO - Processing /home/airflow/.local/lib/python3.9/site-packages/airflow/example_dags/example_nested_branch_dag.py took 0.153 seconds
[2025-05-13T21:41:22.633+0000] {processor.py:153} INFO - Started process (PID=1669) to work on /home/airflow/.local/lib/python3.9/site-packages/airflow/example_dags/example_nested_branch_dag.py
[2025-05-13T21:41:22.636+0000] {processor.py:743} INFO - Processing file /home/airflow/.local/lib/python3.9/site-packages/airflow/example_dags/example_nested_branch_dag.py for tasks to queue
[2025-05-13T21:41:22.645+0000] {logging_mixin.py:137} INFO - [2025-05-13T21:41:22.645+0000] {dagbag.py:538} INFO - Filling up the DagBag from /home/airflow/.local/lib/python3.9/site-packages/airflow/example_dags/example_nested_branch_dag.py
[2025-05-13T21:41:22.686+0000] {processor.py:753} INFO - DAG(s) dict_keys(['example_nested_branch_dag']) retrieved from /home/airflow/.local/lib/python3.9/site-packages/airflow/example_dags/example_nested_branch_dag.py
[2025-05-13T21:41:22.743+0000] {logging_mixin.py:137} INFO - [2025-05-13T21:41:22.743+0000] {dag.py:2676} INFO - Sync 1 DAGs
[2025-05-13T21:41:22.780+0000] {logging_mixin.py:137} INFO - [2025-05-13T21:41:22.780+0000] {dag.py:3423} INFO - Setting next_dagrun for example_nested_branch_dag to 2025-05-12T00:00:00+00:00, run_after=2025-05-13T00:00:00+00:00
[2025-05-13T21:41:22.811+0000] {processor.py:175} INFO - Processing /home/airflow/.local/lib/python3.9/site-packages/airflow/example_dags/example_nested_branch_dag.py took 0.183 seconds
[2025-05-13T21:41:54.167+0000] {processor.py:153} INFO - Started process (PID=1873) to work on /home/airflow/.local/lib/python3.9/site-packages/airflow/example_dags/example_nested_branch_dag.py
[2025-05-13T21:41:54.169+0000] {processor.py:743} INFO - Processing file /home/airflow/.local/lib/python3.9/site-packages/airflow/example_dags/example_nested_branch_dag.py for tasks to queue
[2025-05-13T21:41:54.170+0000] {logging_mixin.py:137} INFO - [2025-05-13T21:41:54.170+0000] {dagbag.py:538} INFO - Filling up the DagBag from /home/airflow/.local/lib/python3.9/site-packages/airflow/example_dags/example_nested_branch_dag.py
[2025-05-13T21:41:54.233+0000] {processor.py:753} INFO - DAG(s) dict_keys(['example_nested_branch_dag']) retrieved from /home/airflow/.local/lib/python3.9/site-packages/airflow/example_dags/example_nested_branch_dag.py
[2025-05-13T21:41:54.338+0000] {logging_mixin.py:137} INFO - [2025-05-13T21:41:54.337+0000] {dag.py:2676} INFO - Sync 1 DAGs
[2025-05-13T21:41:54.397+0000] {logging_mixin.py:137} INFO - [2025-05-13T21:41:54.396+0000] {dag.py:3423} INFO - Setting next_dagrun for example_nested_branch_dag to 2025-05-12T00:00:00+00:00, run_after=2025-05-13T00:00:00+00:00
[2025-05-13T21:41:54.435+0000] {processor.py:175} INFO - Processing /home/airflow/.local/lib/python3.9/site-packages/airflow/example_dags/example_nested_branch_dag.py took 0.272 seconds
