[2025-05-13T02:45:45.129+0000] {processor.py:153} INFO - Started process (PID=317) to work on /home/airflow/.local/lib/python3.9/site-packages/airflow/example_dags/example_skip_dag.py
[2025-05-13T02:45:45.130+0000] {processor.py:743} INFO - Processing file /home/airflow/.local/lib/python3.9/site-packages/airflow/example_dags/example_skip_dag.py for tasks to queue
[2025-05-13T02:45:45.131+0000] {logging_mixin.py:137} INFO - [2025-05-13T02:45:45.131+0000] {dagbag.py:538} INFO - Filling up the DagBag from /home/airflow/.local/lib/python3.9/site-packages/airflow/example_dags/example_skip_dag.py
[2025-05-13T02:45:45.151+0000] {processor.py:753} INFO - DAG(s) dict_keys(['example_skip_dag']) retrieved from /home/airflow/.local/lib/python3.9/site-packages/airflow/example_dags/example_skip_dag.py
[2025-05-13T02:45:45.299+0000] {logging_mixin.py:137} INFO - [2025-05-13T02:45:45.299+0000] {manager.py:504} INFO - Created Permission View: can delete on DAG:example_skip_dag
[2025-05-13T02:45:45.309+0000] {logging_mixin.py:137} INFO - [2025-05-13T02:45:45.309+0000] {manager.py:504} INFO - Created Permission View: can edit on DAG:example_skip_dag
[2025-05-13T02:45:45.316+0000] {logging_mixin.py:137} INFO - [2025-05-13T02:45:45.316+0000] {manager.py:504} INFO - Created Permission View: can read on DAG:example_skip_dag
[2025-05-13T02:45:45.317+0000] {logging_mixin.py:137} INFO - [2025-05-13T02:45:45.317+0000] {dag.py:2676} INFO - Sync 1 DAGs
[2025-05-13T02:45:45.331+0000] {logging_mixin.py:137} INFO - [2025-05-13T02:45:45.330+0000] {dag.py:2697} INFO - Creating ORM DAG for example_skip_dag
[2025-05-13T02:45:45.343+0000] {logging_mixin.py:137} INFO - [2025-05-13T02:45:45.343+0000] {dag.py:3423} INFO - Setting next_dagrun for example_skip_dag to 2025-05-12T02:45:45.343286+00:00, run_after=2025-05-13T02:45:45.343286+00:00
[2025-05-13T02:45:45.364+0000] {processor.py:175} INFO - Processing /home/airflow/.local/lib/python3.9/site-packages/airflow/example_dags/example_skip_dag.py took 0.240 seconds
[2025-05-13T02:46:16.588+0000] {processor.py:153} INFO - Started process (PID=520) to work on /home/airflow/.local/lib/python3.9/site-packages/airflow/example_dags/example_skip_dag.py
[2025-05-13T02:46:16.591+0000] {processor.py:743} INFO - Processing file /home/airflow/.local/lib/python3.9/site-packages/airflow/example_dags/example_skip_dag.py for tasks to queue
[2025-05-13T02:46:16.592+0000] {logging_mixin.py:137} INFO - [2025-05-13T02:46:16.592+0000] {dagbag.py:538} INFO - Filling up the DagBag from /home/airflow/.local/lib/python3.9/site-packages/airflow/example_dags/example_skip_dag.py
[2025-05-13T02:46:16.617+0000] {processor.py:753} INFO - DAG(s) dict_keys(['example_skip_dag']) retrieved from /home/airflow/.local/lib/python3.9/site-packages/airflow/example_dags/example_skip_dag.py
[2025-05-13T02:46:16.672+0000] {logging_mixin.py:137} INFO - [2025-05-13T02:46:16.672+0000] {dag.py:2676} INFO - Sync 1 DAGs
[2025-05-13T02:46:16.705+0000] {logging_mixin.py:137} INFO - [2025-05-13T02:46:16.705+0000] {dag.py:3423} INFO - Setting next_dagrun for example_skip_dag to 2025-05-12T02:46:16.705432+00:00, run_after=2025-05-13T02:46:16.705432+00:00
[2025-05-13T02:46:16.740+0000] {processor.py:175} INFO - Processing /home/airflow/.local/lib/python3.9/site-packages/airflow/example_dags/example_skip_dag.py took 0.157 seconds
[2025-05-13T02:46:47.207+0000] {processor.py:153} INFO - Started process (PID=717) to work on /home/airflow/.local/lib/python3.9/site-packages/airflow/example_dags/example_skip_dag.py
[2025-05-13T02:46:47.208+0000] {processor.py:743} INFO - Processing file /home/airflow/.local/lib/python3.9/site-packages/airflow/example_dags/example_skip_dag.py for tasks to queue
[2025-05-13T02:46:47.209+0000] {logging_mixin.py:137} INFO - [2025-05-13T02:46:47.209+0000] {dagbag.py:538} INFO - Filling up the DagBag from /home/airflow/.local/lib/python3.9/site-packages/airflow/example_dags/example_skip_dag.py
[2025-05-13T02:46:47.229+0000] {processor.py:753} INFO - DAG(s) dict_keys(['example_skip_dag']) retrieved from /home/airflow/.local/lib/python3.9/site-packages/airflow/example_dags/example_skip_dag.py
[2025-05-13T02:46:47.279+0000] {logging_mixin.py:137} INFO - [2025-05-13T02:46:47.279+0000] {dag.py:2676} INFO - Sync 1 DAGs
[2025-05-13T02:46:47.313+0000] {logging_mixin.py:137} INFO - [2025-05-13T02:46:47.313+0000] {dag.py:3423} INFO - Setting next_dagrun for example_skip_dag to 2025-05-12T02:46:47.312917+00:00, run_after=2025-05-13T02:46:47.312917+00:00
[2025-05-13T02:46:47.338+0000] {processor.py:175} INFO - Processing /home/airflow/.local/lib/python3.9/site-packages/airflow/example_dags/example_skip_dag.py took 0.136 seconds
[2025-05-13T02:47:18.023+0000] {processor.py:153} INFO - Started process (PID=920) to work on /home/airflow/.local/lib/python3.9/site-packages/airflow/example_dags/example_skip_dag.py
[2025-05-13T02:47:18.024+0000] {processor.py:743} INFO - Processing file /home/airflow/.local/lib/python3.9/site-packages/airflow/example_dags/example_skip_dag.py for tasks to queue
[2025-05-13T02:47:18.025+0000] {logging_mixin.py:137} INFO - [2025-05-13T02:47:18.025+0000] {dagbag.py:538} INFO - Filling up the DagBag from /home/airflow/.local/lib/python3.9/site-packages/airflow/example_dags/example_skip_dag.py
[2025-05-13T02:47:18.047+0000] {processor.py:753} INFO - DAG(s) dict_keys(['example_skip_dag']) retrieved from /home/airflow/.local/lib/python3.9/site-packages/airflow/example_dags/example_skip_dag.py
[2025-05-13T02:47:18.101+0000] {logging_mixin.py:137} INFO - [2025-05-13T02:47:18.101+0000] {dag.py:2676} INFO - Sync 1 DAGs
[2025-05-13T02:47:18.142+0000] {logging_mixin.py:137} INFO - [2025-05-13T02:47:18.142+0000] {dag.py:3423} INFO - Setting next_dagrun for example_skip_dag to 2025-05-12T02:47:18.142076+00:00, run_after=2025-05-13T02:47:18.142076+00:00
[2025-05-13T02:47:18.169+0000] {processor.py:175} INFO - Processing /home/airflow/.local/lib/python3.9/site-packages/airflow/example_dags/example_skip_dag.py took 0.151 seconds
[2025-05-13T02:47:48.357+0000] {processor.py:153} INFO - Started process (PID=1123) to work on /home/airflow/.local/lib/python3.9/site-packages/airflow/example_dags/example_skip_dag.py
[2025-05-13T02:47:48.358+0000] {processor.py:743} INFO - Processing file /home/airflow/.local/lib/python3.9/site-packages/airflow/example_dags/example_skip_dag.py for tasks to queue
[2025-05-13T02:47:48.359+0000] {logging_mixin.py:137} INFO - [2025-05-13T02:47:48.359+0000] {dagbag.py:538} INFO - Filling up the DagBag from /home/airflow/.local/lib/python3.9/site-packages/airflow/example_dags/example_skip_dag.py
[2025-05-13T02:47:48.379+0000] {processor.py:753} INFO - DAG(s) dict_keys(['example_skip_dag']) retrieved from /home/airflow/.local/lib/python3.9/site-packages/airflow/example_dags/example_skip_dag.py
[2025-05-13T02:47:48.431+0000] {logging_mixin.py:137} INFO - [2025-05-13T02:47:48.431+0000] {dag.py:2676} INFO - Sync 1 DAGs
[2025-05-13T02:47:48.462+0000] {logging_mixin.py:137} INFO - [2025-05-13T02:47:48.462+0000] {dag.py:3423} INFO - Setting next_dagrun for example_skip_dag to 2025-05-12T02:47:48.462046+00:00, run_after=2025-05-13T02:47:48.462046+00:00
[2025-05-13T02:47:48.489+0000] {processor.py:175} INFO - Processing /home/airflow/.local/lib/python3.9/site-packages/airflow/example_dags/example_skip_dag.py took 0.137 seconds
[2025-05-13T02:49:33.052+0000] {processor.py:153} INFO - Started process (PID=332) to work on /home/airflow/.local/lib/python3.9/site-packages/airflow/example_dags/example_skip_dag.py
[2025-05-13T02:49:33.054+0000] {processor.py:743} INFO - Processing file /home/airflow/.local/lib/python3.9/site-packages/airflow/example_dags/example_skip_dag.py for tasks to queue
[2025-05-13T02:49:33.055+0000] {logging_mixin.py:137} INFO - [2025-05-13T02:49:33.055+0000] {dagbag.py:538} INFO - Filling up the DagBag from /home/airflow/.local/lib/python3.9/site-packages/airflow/example_dags/example_skip_dag.py
[2025-05-13T02:49:33.082+0000] {processor.py:753} INFO - DAG(s) dict_keys(['example_skip_dag']) retrieved from /home/airflow/.local/lib/python3.9/site-packages/airflow/example_dags/example_skip_dag.py
[2025-05-13T02:49:33.206+0000] {logging_mixin.py:137} INFO - [2025-05-13T02:49:33.205+0000] {dag.py:2676} INFO - Sync 1 DAGs
[2025-05-13T02:49:33.261+0000] {logging_mixin.py:137} INFO - [2025-05-13T02:49:33.261+0000] {dag.py:3423} INFO - Setting next_dagrun for example_skip_dag to 2025-05-12T02:49:33.260361+00:00, run_after=2025-05-13T02:49:33.260361+00:00
[2025-05-13T02:49:33.298+0000] {processor.py:175} INFO - Processing /home/airflow/.local/lib/python3.9/site-packages/airflow/example_dags/example_skip_dag.py took 0.252 seconds
[2025-05-13T02:50:04.162+0000] {processor.py:153} INFO - Started process (PID=535) to work on /home/airflow/.local/lib/python3.9/site-packages/airflow/example_dags/example_skip_dag.py
[2025-05-13T02:50:04.163+0000] {processor.py:743} INFO - Processing file /home/airflow/.local/lib/python3.9/site-packages/airflow/example_dags/example_skip_dag.py for tasks to queue
[2025-05-13T02:50:04.164+0000] {logging_mixin.py:137} INFO - [2025-05-13T02:50:04.164+0000] {dagbag.py:538} INFO - Filling up the DagBag from /home/airflow/.local/lib/python3.9/site-packages/airflow/example_dags/example_skip_dag.py
[2025-05-13T02:50:04.190+0000] {processor.py:753} INFO - DAG(s) dict_keys(['example_skip_dag']) retrieved from /home/airflow/.local/lib/python3.9/site-packages/airflow/example_dags/example_skip_dag.py
[2025-05-13T02:50:04.248+0000] {logging_mixin.py:137} INFO - [2025-05-13T02:50:04.248+0000] {dag.py:2676} INFO - Sync 1 DAGs
[2025-05-13T02:50:04.381+0000] {logging_mixin.py:137} INFO - [2025-05-13T02:50:04.381+0000] {dag.py:3423} INFO - Setting next_dagrun for example_skip_dag to 2025-05-12T02:50:04.379824+00:00, run_after=2025-05-13T02:50:04.379824+00:00
[2025-05-13T02:50:04.427+0000] {processor.py:175} INFO - Processing /home/airflow/.local/lib/python3.9/site-packages/airflow/example_dags/example_skip_dag.py took 0.269 seconds
[2025-05-13T02:50:35.195+0000] {processor.py:153} INFO - Started process (PID=734) to work on /home/airflow/.local/lib/python3.9/site-packages/airflow/example_dags/example_skip_dag.py
[2025-05-13T02:50:35.197+0000] {processor.py:743} INFO - Processing file /home/airflow/.local/lib/python3.9/site-packages/airflow/example_dags/example_skip_dag.py for tasks to queue
[2025-05-13T02:50:35.198+0000] {logging_mixin.py:137} INFO - [2025-05-13T02:50:35.198+0000] {dagbag.py:538} INFO - Filling up the DagBag from /home/airflow/.local/lib/python3.9/site-packages/airflow/example_dags/example_skip_dag.py
[2025-05-13T02:50:35.226+0000] {processor.py:753} INFO - DAG(s) dict_keys(['example_skip_dag']) retrieved from /home/airflow/.local/lib/python3.9/site-packages/airflow/example_dags/example_skip_dag.py
[2025-05-13T02:50:35.296+0000] {logging_mixin.py:137} INFO - [2025-05-13T02:50:35.296+0000] {dag.py:2676} INFO - Sync 1 DAGs
[2025-05-13T02:50:35.330+0000] {logging_mixin.py:137} INFO - [2025-05-13T02:50:35.330+0000] {dag.py:3423} INFO - Setting next_dagrun for example_skip_dag to 2025-05-12T02:50:35.330169+00:00, run_after=2025-05-13T02:50:35.330169+00:00
[2025-05-13T02:50:35.356+0000] {processor.py:175} INFO - Processing /home/airflow/.local/lib/python3.9/site-packages/airflow/example_dags/example_skip_dag.py took 0.167 seconds
[2025-05-13T21:18:30.085+0000] {processor.py:153} INFO - Started process (PID=317) to work on /home/airflow/.local/lib/python3.9/site-packages/airflow/example_dags/example_skip_dag.py
[2025-05-13T21:18:30.086+0000] {processor.py:743} INFO - Processing file /home/airflow/.local/lib/python3.9/site-packages/airflow/example_dags/example_skip_dag.py for tasks to queue
[2025-05-13T21:18:30.087+0000] {logging_mixin.py:137} INFO - [2025-05-13T21:18:30.087+0000] {dagbag.py:538} INFO - Filling up the DagBag from /home/airflow/.local/lib/python3.9/site-packages/airflow/example_dags/example_skip_dag.py
[2025-05-13T21:18:30.107+0000] {processor.py:753} INFO - DAG(s) dict_keys(['example_skip_dag']) retrieved from /home/airflow/.local/lib/python3.9/site-packages/airflow/example_dags/example_skip_dag.py
[2025-05-13T21:18:30.271+0000] {logging_mixin.py:137} INFO - [2025-05-13T21:18:30.271+0000] {manager.py:504} INFO - Created Permission View: can edit on DAG:example_skip_dag
[2025-05-13T21:18:30.294+0000] {logging_mixin.py:137} INFO - [2025-05-13T21:18:30.293+0000] {manager.py:504} INFO - Created Permission View: can delete on DAG:example_skip_dag
[2025-05-13T21:18:30.309+0000] {logging_mixin.py:137} INFO - [2025-05-13T21:18:30.309+0000] {manager.py:504} INFO - Created Permission View: can read on DAG:example_skip_dag
[2025-05-13T21:18:30.313+0000] {logging_mixin.py:137} INFO - [2025-05-13T21:18:30.313+0000] {dag.py:2676} INFO - Sync 1 DAGs
[2025-05-13T21:18:30.352+0000] {logging_mixin.py:137} INFO - [2025-05-13T21:18:30.348+0000] {dag.py:2697} INFO - Creating ORM DAG for example_skip_dag
[2025-05-13T21:18:30.395+0000] {logging_mixin.py:137} INFO - [2025-05-13T21:18:30.394+0000] {dag.py:3423} INFO - Setting next_dagrun for example_skip_dag to 2025-05-12T21:18:30.394671+00:00, run_after=2025-05-13T21:18:30.394671+00:00
[2025-05-13T21:18:30.419+0000] {processor.py:175} INFO - Processing /home/airflow/.local/lib/python3.9/site-packages/airflow/example_dags/example_skip_dag.py took 0.339 seconds
[2025-05-13T21:19:00.552+0000] {processor.py:153} INFO - Started process (PID=520) to work on /home/airflow/.local/lib/python3.9/site-packages/airflow/example_dags/example_skip_dag.py
[2025-05-13T21:19:00.553+0000] {processor.py:743} INFO - Processing file /home/airflow/.local/lib/python3.9/site-packages/airflow/example_dags/example_skip_dag.py for tasks to queue
[2025-05-13T21:19:00.554+0000] {logging_mixin.py:137} INFO - [2025-05-13T21:19:00.554+0000] {dagbag.py:538} INFO - Filling up the DagBag from /home/airflow/.local/lib/python3.9/site-packages/airflow/example_dags/example_skip_dag.py
[2025-05-13T21:19:00.576+0000] {processor.py:753} INFO - DAG(s) dict_keys(['example_skip_dag']) retrieved from /home/airflow/.local/lib/python3.9/site-packages/airflow/example_dags/example_skip_dag.py
[2025-05-13T21:19:00.624+0000] {logging_mixin.py:137} INFO - [2025-05-13T21:19:00.624+0000] {dag.py:2676} INFO - Sync 1 DAGs
[2025-05-13T21:19:00.651+0000] {logging_mixin.py:137} INFO - [2025-05-13T21:19:00.651+0000] {dag.py:3423} INFO - Setting next_dagrun for example_skip_dag to 2025-05-12T21:19:00.650735+00:00, run_after=2025-05-13T21:19:00.650735+00:00
[2025-05-13T21:19:00.675+0000] {processor.py:175} INFO - Processing /home/airflow/.local/lib/python3.9/site-packages/airflow/example_dags/example_skip_dag.py took 0.127 seconds
[2025-05-13T21:19:30.839+0000] {processor.py:153} INFO - Started process (PID=719) to work on /home/airflow/.local/lib/python3.9/site-packages/airflow/example_dags/example_skip_dag.py
[2025-05-13T21:19:30.840+0000] {processor.py:743} INFO - Processing file /home/airflow/.local/lib/python3.9/site-packages/airflow/example_dags/example_skip_dag.py for tasks to queue
[2025-05-13T21:19:30.841+0000] {logging_mixin.py:137} INFO - [2025-05-13T21:19:30.841+0000] {dagbag.py:538} INFO - Filling up the DagBag from /home/airflow/.local/lib/python3.9/site-packages/airflow/example_dags/example_skip_dag.py
[2025-05-13T21:19:30.867+0000] {processor.py:753} INFO - DAG(s) dict_keys(['example_skip_dag']) retrieved from /home/airflow/.local/lib/python3.9/site-packages/airflow/example_dags/example_skip_dag.py
[2025-05-13T21:19:30.921+0000] {logging_mixin.py:137} INFO - [2025-05-13T21:19:30.921+0000] {dag.py:2676} INFO - Sync 1 DAGs
[2025-05-13T21:19:30.960+0000] {logging_mixin.py:137} INFO - [2025-05-13T21:19:30.960+0000] {dag.py:3423} INFO - Setting next_dagrun for example_skip_dag to 2025-05-12T21:19:30.960396+00:00, run_after=2025-05-13T21:19:30.960396+00:00
[2025-05-13T21:19:30.989+0000] {processor.py:175} INFO - Processing /home/airflow/.local/lib/python3.9/site-packages/airflow/example_dags/example_skip_dag.py took 0.155 seconds
[2025-05-13T21:20:01.763+0000] {processor.py:153} INFO - Started process (PID=922) to work on /home/airflow/.local/lib/python3.9/site-packages/airflow/example_dags/example_skip_dag.py
[2025-05-13T21:20:01.766+0000] {processor.py:743} INFO - Processing file /home/airflow/.local/lib/python3.9/site-packages/airflow/example_dags/example_skip_dag.py for tasks to queue
[2025-05-13T21:20:01.769+0000] {logging_mixin.py:137} INFO - [2025-05-13T21:20:01.768+0000] {dagbag.py:538} INFO - Filling up the DagBag from /home/airflow/.local/lib/python3.9/site-packages/airflow/example_dags/example_skip_dag.py
[2025-05-13T21:20:01.811+0000] {processor.py:753} INFO - DAG(s) dict_keys(['example_skip_dag']) retrieved from /home/airflow/.local/lib/python3.9/site-packages/airflow/example_dags/example_skip_dag.py
[2025-05-13T21:20:01.907+0000] {logging_mixin.py:137} INFO - [2025-05-13T21:20:01.906+0000] {dag.py:2676} INFO - Sync 1 DAGs
[2025-05-13T21:20:01.963+0000] {logging_mixin.py:137} INFO - [2025-05-13T21:20:01.963+0000] {dag.py:3423} INFO - Setting next_dagrun for example_skip_dag to 2025-05-12T21:20:01.962409+00:00, run_after=2025-05-13T21:20:01.962409+00:00
[2025-05-13T21:20:02.004+0000] {processor.py:175} INFO - Processing /home/airflow/.local/lib/python3.9/site-packages/airflow/example_dags/example_skip_dag.py took 0.251 seconds
[2025-05-13T21:20:32.529+0000] {processor.py:153} INFO - Started process (PID=1125) to work on /home/airflow/.local/lib/python3.9/site-packages/airflow/example_dags/example_skip_dag.py
[2025-05-13T21:20:32.531+0000] {processor.py:743} INFO - Processing file /home/airflow/.local/lib/python3.9/site-packages/airflow/example_dags/example_skip_dag.py for tasks to queue
[2025-05-13T21:20:32.532+0000] {logging_mixin.py:137} INFO - [2025-05-13T21:20:32.532+0000] {dagbag.py:538} INFO - Filling up the DagBag from /home/airflow/.local/lib/python3.9/site-packages/airflow/example_dags/example_skip_dag.py
[2025-05-13T21:20:32.559+0000] {processor.py:753} INFO - DAG(s) dict_keys(['example_skip_dag']) retrieved from /home/airflow/.local/lib/python3.9/site-packages/airflow/example_dags/example_skip_dag.py
[2025-05-13T21:20:32.622+0000] {logging_mixin.py:137} INFO - [2025-05-13T21:20:32.622+0000] {dag.py:2676} INFO - Sync 1 DAGs
[2025-05-13T21:20:32.653+0000] {logging_mixin.py:137} INFO - [2025-05-13T21:20:32.653+0000] {dag.py:3423} INFO - Setting next_dagrun for example_skip_dag to 2025-05-12T21:20:32.653016+00:00, run_after=2025-05-13T21:20:32.653016+00:00
[2025-05-13T21:20:32.677+0000] {processor.py:175} INFO - Processing /home/airflow/.local/lib/python3.9/site-packages/airflow/example_dags/example_skip_dag.py took 0.152 seconds
[2025-05-13T21:21:02.724+0000] {processor.py:153} INFO - Started process (PID=1329) to work on /home/airflow/.local/lib/python3.9/site-packages/airflow/example_dags/example_skip_dag.py
[2025-05-13T21:21:02.728+0000] {processor.py:743} INFO - Processing file /home/airflow/.local/lib/python3.9/site-packages/airflow/example_dags/example_skip_dag.py for tasks to queue
[2025-05-13T21:21:02.729+0000] {logging_mixin.py:137} INFO - [2025-05-13T21:21:02.729+0000] {dagbag.py:538} INFO - Filling up the DagBag from /home/airflow/.local/lib/python3.9/site-packages/airflow/example_dags/example_skip_dag.py
[2025-05-13T21:21:02.754+0000] {processor.py:753} INFO - DAG(s) dict_keys(['example_skip_dag']) retrieved from /home/airflow/.local/lib/python3.9/site-packages/airflow/example_dags/example_skip_dag.py
[2025-05-13T21:21:02.815+0000] {logging_mixin.py:137} INFO - [2025-05-13T21:21:02.815+0000] {dag.py:2676} INFO - Sync 1 DAGs
[2025-05-13T21:21:02.850+0000] {logging_mixin.py:137} INFO - [2025-05-13T21:21:02.850+0000] {dag.py:3423} INFO - Setting next_dagrun for example_skip_dag to 2025-05-12T21:21:02.849649+00:00, run_after=2025-05-13T21:21:02.849649+00:00
[2025-05-13T21:21:02.882+0000] {processor.py:175} INFO - Processing /home/airflow/.local/lib/python3.9/site-packages/airflow/example_dags/example_skip_dag.py took 0.163 seconds
[2025-05-13T21:21:33.220+0000] {processor.py:153} INFO - Started process (PID=1532) to work on /home/airflow/.local/lib/python3.9/site-packages/airflow/example_dags/example_skip_dag.py
[2025-05-13T21:21:33.222+0000] {processor.py:743} INFO - Processing file /home/airflow/.local/lib/python3.9/site-packages/airflow/example_dags/example_skip_dag.py for tasks to queue
[2025-05-13T21:21:33.225+0000] {logging_mixin.py:137} INFO - [2025-05-13T21:21:33.225+0000] {dagbag.py:538} INFO - Filling up the DagBag from /home/airflow/.local/lib/python3.9/site-packages/airflow/example_dags/example_skip_dag.py
[2025-05-13T21:21:33.250+0000] {processor.py:753} INFO - DAG(s) dict_keys(['example_skip_dag']) retrieved from /home/airflow/.local/lib/python3.9/site-packages/airflow/example_dags/example_skip_dag.py
[2025-05-13T21:21:33.316+0000] {logging_mixin.py:137} INFO - [2025-05-13T21:21:33.316+0000] {dag.py:2676} INFO - Sync 1 DAGs
[2025-05-13T21:21:33.354+0000] {logging_mixin.py:137} INFO - [2025-05-13T21:21:33.354+0000] {dag.py:3423} INFO - Setting next_dagrun for example_skip_dag to 2025-05-12T21:21:33.353577+00:00, run_after=2025-05-13T21:21:33.353577+00:00
[2025-05-13T21:21:33.387+0000] {processor.py:175} INFO - Processing /home/airflow/.local/lib/python3.9/site-packages/airflow/example_dags/example_skip_dag.py took 0.173 seconds
[2025-05-13T21:22:03.954+0000] {processor.py:153} INFO - Started process (PID=1735) to work on /home/airflow/.local/lib/python3.9/site-packages/airflow/example_dags/example_skip_dag.py
[2025-05-13T21:22:03.955+0000] {processor.py:743} INFO - Processing file /home/airflow/.local/lib/python3.9/site-packages/airflow/example_dags/example_skip_dag.py for tasks to queue
[2025-05-13T21:22:03.956+0000] {logging_mixin.py:137} INFO - [2025-05-13T21:22:03.956+0000] {dagbag.py:538} INFO - Filling up the DagBag from /home/airflow/.local/lib/python3.9/site-packages/airflow/example_dags/example_skip_dag.py
[2025-05-13T21:22:03.977+0000] {processor.py:753} INFO - DAG(s) dict_keys(['example_skip_dag']) retrieved from /home/airflow/.local/lib/python3.9/site-packages/airflow/example_dags/example_skip_dag.py
[2025-05-13T21:22:04.030+0000] {logging_mixin.py:137} INFO - [2025-05-13T21:22:04.030+0000] {dag.py:2676} INFO - Sync 1 DAGs
[2025-05-13T21:22:04.061+0000] {logging_mixin.py:137} INFO - [2025-05-13T21:22:04.060+0000] {dag.py:3423} INFO - Setting next_dagrun for example_skip_dag to 2025-05-12T21:22:04.060673+00:00, run_after=2025-05-13T21:22:04.060673+00:00
[2025-05-13T21:22:04.085+0000] {processor.py:175} INFO - Processing /home/airflow/.local/lib/python3.9/site-packages/airflow/example_dags/example_skip_dag.py took 0.136 seconds
[2025-05-13T21:22:34.495+0000] {processor.py:153} INFO - Started process (PID=1940) to work on /home/airflow/.local/lib/python3.9/site-packages/airflow/example_dags/example_skip_dag.py
[2025-05-13T21:22:34.496+0000] {processor.py:743} INFO - Processing file /home/airflow/.local/lib/python3.9/site-packages/airflow/example_dags/example_skip_dag.py for tasks to queue
[2025-05-13T21:22:34.497+0000] {logging_mixin.py:137} INFO - [2025-05-13T21:22:34.497+0000] {dagbag.py:538} INFO - Filling up the DagBag from /home/airflow/.local/lib/python3.9/site-packages/airflow/example_dags/example_skip_dag.py
[2025-05-13T21:22:34.516+0000] {processor.py:753} INFO - DAG(s) dict_keys(['example_skip_dag']) retrieved from /home/airflow/.local/lib/python3.9/site-packages/airflow/example_dags/example_skip_dag.py
[2025-05-13T21:22:34.568+0000] {logging_mixin.py:137} INFO - [2025-05-13T21:22:34.567+0000] {dag.py:2676} INFO - Sync 1 DAGs
[2025-05-13T21:22:34.597+0000] {logging_mixin.py:137} INFO - [2025-05-13T21:22:34.597+0000] {dag.py:3423} INFO - Setting next_dagrun for example_skip_dag to 2025-05-12T21:22:34.597251+00:00, run_after=2025-05-13T21:22:34.597251+00:00
[2025-05-13T21:22:34.620+0000] {processor.py:175} INFO - Processing /home/airflow/.local/lib/python3.9/site-packages/airflow/example_dags/example_skip_dag.py took 0.130 seconds
[2025-05-13T21:23:04.983+0000] {processor.py:153} INFO - Started process (PID=2143) to work on /home/airflow/.local/lib/python3.9/site-packages/airflow/example_dags/example_skip_dag.py
[2025-05-13T21:23:04.984+0000] {processor.py:743} INFO - Processing file /home/airflow/.local/lib/python3.9/site-packages/airflow/example_dags/example_skip_dag.py for tasks to queue
[2025-05-13T21:23:04.985+0000] {logging_mixin.py:137} INFO - [2025-05-13T21:23:04.985+0000] {dagbag.py:538} INFO - Filling up the DagBag from /home/airflow/.local/lib/python3.9/site-packages/airflow/example_dags/example_skip_dag.py
[2025-05-13T21:23:05.004+0000] {processor.py:753} INFO - DAG(s) dict_keys(['example_skip_dag']) retrieved from /home/airflow/.local/lib/python3.9/site-packages/airflow/example_dags/example_skip_dag.py
[2025-05-13T21:23:05.049+0000] {logging_mixin.py:137} INFO - [2025-05-13T21:23:05.049+0000] {dag.py:2676} INFO - Sync 1 DAGs
[2025-05-13T21:23:05.074+0000] {logging_mixin.py:137} INFO - [2025-05-13T21:23:05.074+0000] {dag.py:3423} INFO - Setting next_dagrun for example_skip_dag to 2025-05-12T21:23:05.074376+00:00, run_after=2025-05-13T21:23:05.074376+00:00
[2025-05-13T21:23:05.095+0000] {processor.py:175} INFO - Processing /home/airflow/.local/lib/python3.9/site-packages/airflow/example_dags/example_skip_dag.py took 0.116 seconds
[2025-05-13T21:23:35.533+0000] {processor.py:153} INFO - Started process (PID=2346) to work on /home/airflow/.local/lib/python3.9/site-packages/airflow/example_dags/example_skip_dag.py
[2025-05-13T21:23:35.534+0000] {processor.py:743} INFO - Processing file /home/airflow/.local/lib/python3.9/site-packages/airflow/example_dags/example_skip_dag.py for tasks to queue
[2025-05-13T21:23:35.535+0000] {logging_mixin.py:137} INFO - [2025-05-13T21:23:35.535+0000] {dagbag.py:538} INFO - Filling up the DagBag from /home/airflow/.local/lib/python3.9/site-packages/airflow/example_dags/example_skip_dag.py
[2025-05-13T21:23:35.554+0000] {processor.py:753} INFO - DAG(s) dict_keys(['example_skip_dag']) retrieved from /home/airflow/.local/lib/python3.9/site-packages/airflow/example_dags/example_skip_dag.py
[2025-05-13T21:23:35.602+0000] {logging_mixin.py:137} INFO - [2025-05-13T21:23:35.601+0000] {dag.py:2676} INFO - Sync 1 DAGs
[2025-05-13T21:23:35.637+0000] {logging_mixin.py:137} INFO - [2025-05-13T21:23:35.637+0000] {dag.py:3423} INFO - Setting next_dagrun for example_skip_dag to 2025-05-12T21:23:35.636941+00:00, run_after=2025-05-13T21:23:35.636941+00:00
[2025-05-13T21:23:35.659+0000] {processor.py:175} INFO - Processing /home/airflow/.local/lib/python3.9/site-packages/airflow/example_dags/example_skip_dag.py took 0.131 seconds
[2025-05-13T21:24:06.123+0000] {processor.py:153} INFO - Started process (PID=2549) to work on /home/airflow/.local/lib/python3.9/site-packages/airflow/example_dags/example_skip_dag.py
[2025-05-13T21:24:06.125+0000] {processor.py:743} INFO - Processing file /home/airflow/.local/lib/python3.9/site-packages/airflow/example_dags/example_skip_dag.py for tasks to queue
[2025-05-13T21:24:06.126+0000] {logging_mixin.py:137} INFO - [2025-05-13T21:24:06.126+0000] {dagbag.py:538} INFO - Filling up the DagBag from /home/airflow/.local/lib/python3.9/site-packages/airflow/example_dags/example_skip_dag.py
[2025-05-13T21:24:06.145+0000] {processor.py:753} INFO - DAG(s) dict_keys(['example_skip_dag']) retrieved from /home/airflow/.local/lib/python3.9/site-packages/airflow/example_dags/example_skip_dag.py
[2025-05-13T21:24:06.209+0000] {logging_mixin.py:137} INFO - [2025-05-13T21:24:06.209+0000] {dag.py:2676} INFO - Sync 1 DAGs
[2025-05-13T21:24:06.241+0000] {logging_mixin.py:137} INFO - [2025-05-13T21:24:06.241+0000] {dag.py:3423} INFO - Setting next_dagrun for example_skip_dag to 2025-05-12T21:24:06.241532+00:00, run_after=2025-05-13T21:24:06.241532+00:00
[2025-05-13T21:24:06.264+0000] {processor.py:175} INFO - Processing /home/airflow/.local/lib/python3.9/site-packages/airflow/example_dags/example_skip_dag.py took 0.145 seconds
[2025-05-13T21:24:37.345+0000] {processor.py:153} INFO - Started process (PID=2750) to work on /home/airflow/.local/lib/python3.9/site-packages/airflow/example_dags/example_skip_dag.py
[2025-05-13T21:24:37.347+0000] {processor.py:743} INFO - Processing file /home/airflow/.local/lib/python3.9/site-packages/airflow/example_dags/example_skip_dag.py for tasks to queue
[2025-05-13T21:24:37.349+0000] {logging_mixin.py:137} INFO - [2025-05-13T21:24:37.348+0000] {dagbag.py:538} INFO - Filling up the DagBag from /home/airflow/.local/lib/python3.9/site-packages/airflow/example_dags/example_skip_dag.py
[2025-05-13T21:24:37.371+0000] {processor.py:753} INFO - DAG(s) dict_keys(['example_skip_dag']) retrieved from /home/airflow/.local/lib/python3.9/site-packages/airflow/example_dags/example_skip_dag.py
[2025-05-13T21:24:37.430+0000] {logging_mixin.py:137} INFO - [2025-05-13T21:24:37.429+0000] {dag.py:2676} INFO - Sync 1 DAGs
[2025-05-13T21:24:37.462+0000] {logging_mixin.py:137} INFO - [2025-05-13T21:24:37.462+0000] {dag.py:3423} INFO - Setting next_dagrun for example_skip_dag to 2025-05-12T21:24:37.462062+00:00, run_after=2025-05-13T21:24:37.462062+00:00
[2025-05-13T21:24:37.488+0000] {processor.py:175} INFO - Processing /home/airflow/.local/lib/python3.9/site-packages/airflow/example_dags/example_skip_dag.py took 0.154 seconds
[2025-05-13T21:25:08.003+0000] {processor.py:153} INFO - Started process (PID=2947) to work on /home/airflow/.local/lib/python3.9/site-packages/airflow/example_dags/example_skip_dag.py
[2025-05-13T21:25:08.005+0000] {processor.py:743} INFO - Processing file /home/airflow/.local/lib/python3.9/site-packages/airflow/example_dags/example_skip_dag.py for tasks to queue
[2025-05-13T21:25:08.006+0000] {logging_mixin.py:137} INFO - [2025-05-13T21:25:08.005+0000] {dagbag.py:538} INFO - Filling up the DagBag from /home/airflow/.local/lib/python3.9/site-packages/airflow/example_dags/example_skip_dag.py
[2025-05-13T21:25:08.024+0000] {processor.py:753} INFO - DAG(s) dict_keys(['example_skip_dag']) retrieved from /home/airflow/.local/lib/python3.9/site-packages/airflow/example_dags/example_skip_dag.py
[2025-05-13T21:25:08.069+0000] {logging_mixin.py:137} INFO - [2025-05-13T21:25:08.069+0000] {dag.py:2676} INFO - Sync 1 DAGs
[2025-05-13T21:25:08.095+0000] {logging_mixin.py:137} INFO - [2025-05-13T21:25:08.095+0000] {dag.py:3423} INFO - Setting next_dagrun for example_skip_dag to 2025-05-12T21:25:08.094843+00:00, run_after=2025-05-13T21:25:08.094843+00:00
[2025-05-13T21:25:08.116+0000] {processor.py:175} INFO - Processing /home/airflow/.local/lib/python3.9/site-packages/airflow/example_dags/example_skip_dag.py took 0.116 seconds
[2025-05-13T21:25:38.637+0000] {processor.py:153} INFO - Started process (PID=3150) to work on /home/airflow/.local/lib/python3.9/site-packages/airflow/example_dags/example_skip_dag.py
[2025-05-13T21:25:38.639+0000] {processor.py:743} INFO - Processing file /home/airflow/.local/lib/python3.9/site-packages/airflow/example_dags/example_skip_dag.py for tasks to queue
[2025-05-13T21:25:38.640+0000] {logging_mixin.py:137} INFO - [2025-05-13T21:25:38.639+0000] {dagbag.py:538} INFO - Filling up the DagBag from /home/airflow/.local/lib/python3.9/site-packages/airflow/example_dags/example_skip_dag.py
[2025-05-13T21:25:38.658+0000] {processor.py:753} INFO - DAG(s) dict_keys(['example_skip_dag']) retrieved from /home/airflow/.local/lib/python3.9/site-packages/airflow/example_dags/example_skip_dag.py
[2025-05-13T21:25:38.705+0000] {logging_mixin.py:137} INFO - [2025-05-13T21:25:38.705+0000] {dag.py:2676} INFO - Sync 1 DAGs
[2025-05-13T21:25:38.735+0000] {logging_mixin.py:137} INFO - [2025-05-13T21:25:38.735+0000] {dag.py:3423} INFO - Setting next_dagrun for example_skip_dag to 2025-05-12T21:25:38.735403+00:00, run_after=2025-05-13T21:25:38.735403+00:00
[2025-05-13T21:25:38.761+0000] {processor.py:175} INFO - Processing /home/airflow/.local/lib/python3.9/site-packages/airflow/example_dags/example_skip_dag.py took 0.128 seconds
[2025-05-13T21:26:09.239+0000] {processor.py:153} INFO - Started process (PID=3365) to work on /home/airflow/.local/lib/python3.9/site-packages/airflow/example_dags/example_skip_dag.py
[2025-05-13T21:26:09.241+0000] {processor.py:743} INFO - Processing file /home/airflow/.local/lib/python3.9/site-packages/airflow/example_dags/example_skip_dag.py for tasks to queue
[2025-05-13T21:26:09.242+0000] {logging_mixin.py:137} INFO - [2025-05-13T21:26:09.241+0000] {dagbag.py:538} INFO - Filling up the DagBag from /home/airflow/.local/lib/python3.9/site-packages/airflow/example_dags/example_skip_dag.py
[2025-05-13T21:26:09.263+0000] {processor.py:753} INFO - DAG(s) dict_keys(['example_skip_dag']) retrieved from /home/airflow/.local/lib/python3.9/site-packages/airflow/example_dags/example_skip_dag.py
[2025-05-13T21:26:09.315+0000] {logging_mixin.py:137} INFO - [2025-05-13T21:26:09.315+0000] {dag.py:2676} INFO - Sync 1 DAGs
[2025-05-13T21:26:09.350+0000] {logging_mixin.py:137} INFO - [2025-05-13T21:26:09.350+0000] {dag.py:3423} INFO - Setting next_dagrun for example_skip_dag to 2025-05-12T21:26:09.350110+00:00, run_after=2025-05-13T21:26:09.350110+00:00
[2025-05-13T21:26:09.379+0000] {processor.py:175} INFO - Processing /home/airflow/.local/lib/python3.9/site-packages/airflow/example_dags/example_skip_dag.py took 0.144 seconds
[2025-05-13T21:26:40.089+0000] {processor.py:153} INFO - Started process (PID=3568) to work on /home/airflow/.local/lib/python3.9/site-packages/airflow/example_dags/example_skip_dag.py
[2025-05-13T21:26:40.090+0000] {processor.py:743} INFO - Processing file /home/airflow/.local/lib/python3.9/site-packages/airflow/example_dags/example_skip_dag.py for tasks to queue
[2025-05-13T21:26:40.092+0000] {logging_mixin.py:137} INFO - [2025-05-13T21:26:40.091+0000] {dagbag.py:538} INFO - Filling up the DagBag from /home/airflow/.local/lib/python3.9/site-packages/airflow/example_dags/example_skip_dag.py
[2025-05-13T21:26:40.112+0000] {processor.py:753} INFO - DAG(s) dict_keys(['example_skip_dag']) retrieved from /home/airflow/.local/lib/python3.9/site-packages/airflow/example_dags/example_skip_dag.py
[2025-05-13T21:26:40.163+0000] {logging_mixin.py:137} INFO - [2025-05-13T21:26:40.163+0000] {dag.py:2676} INFO - Sync 1 DAGs
[2025-05-13T21:26:40.193+0000] {logging_mixin.py:137} INFO - [2025-05-13T21:26:40.193+0000] {dag.py:3423} INFO - Setting next_dagrun for example_skip_dag to 2025-05-12T21:26:40.192942+00:00, run_after=2025-05-13T21:26:40.192942+00:00
[2025-05-13T21:26:40.218+0000] {processor.py:175} INFO - Processing /home/airflow/.local/lib/python3.9/site-packages/airflow/example_dags/example_skip_dag.py took 0.133 seconds
[2025-05-13T21:27:10.468+0000] {processor.py:153} INFO - Started process (PID=3773) to work on /home/airflow/.local/lib/python3.9/site-packages/airflow/example_dags/example_skip_dag.py
[2025-05-13T21:27:10.470+0000] {processor.py:743} INFO - Processing file /home/airflow/.local/lib/python3.9/site-packages/airflow/example_dags/example_skip_dag.py for tasks to queue
[2025-05-13T21:27:10.471+0000] {logging_mixin.py:137} INFO - [2025-05-13T21:27:10.470+0000] {dagbag.py:538} INFO - Filling up the DagBag from /home/airflow/.local/lib/python3.9/site-packages/airflow/example_dags/example_skip_dag.py
[2025-05-13T21:27:10.490+0000] {processor.py:753} INFO - DAG(s) dict_keys(['example_skip_dag']) retrieved from /home/airflow/.local/lib/python3.9/site-packages/airflow/example_dags/example_skip_dag.py
[2025-05-13T21:27:10.542+0000] {logging_mixin.py:137} INFO - [2025-05-13T21:27:10.542+0000] {dag.py:2676} INFO - Sync 1 DAGs
[2025-05-13T21:27:10.602+0000] {logging_mixin.py:137} INFO - [2025-05-13T21:27:10.602+0000] {dag.py:3423} INFO - Setting next_dagrun for example_skip_dag to 2025-05-12T21:27:10.602052+00:00, run_after=2025-05-13T21:27:10.602052+00:00
[2025-05-13T21:27:10.627+0000] {processor.py:175} INFO - Processing /home/airflow/.local/lib/python3.9/site-packages/airflow/example_dags/example_skip_dag.py took 0.163 seconds
[2025-05-13T21:27:41.065+0000] {processor.py:153} INFO - Started process (PID=3974) to work on /home/airflow/.local/lib/python3.9/site-packages/airflow/example_dags/example_skip_dag.py
[2025-05-13T21:27:41.066+0000] {processor.py:743} INFO - Processing file /home/airflow/.local/lib/python3.9/site-packages/airflow/example_dags/example_skip_dag.py for tasks to queue
[2025-05-13T21:27:41.067+0000] {logging_mixin.py:137} INFO - [2025-05-13T21:27:41.067+0000] {dagbag.py:538} INFO - Filling up the DagBag from /home/airflow/.local/lib/python3.9/site-packages/airflow/example_dags/example_skip_dag.py
[2025-05-13T21:27:41.086+0000] {processor.py:753} INFO - DAG(s) dict_keys(['example_skip_dag']) retrieved from /home/airflow/.local/lib/python3.9/site-packages/airflow/example_dags/example_skip_dag.py
[2025-05-13T21:27:41.135+0000] {logging_mixin.py:137} INFO - [2025-05-13T21:27:41.135+0000] {dag.py:2676} INFO - Sync 1 DAGs
[2025-05-13T21:27:41.168+0000] {logging_mixin.py:137} INFO - [2025-05-13T21:27:41.167+0000] {dag.py:3423} INFO - Setting next_dagrun for example_skip_dag to 2025-05-12T21:27:41.167472+00:00, run_after=2025-05-13T21:27:41.167472+00:00
[2025-05-13T21:27:41.193+0000] {processor.py:175} INFO - Processing /home/airflow/.local/lib/python3.9/site-packages/airflow/example_dags/example_skip_dag.py took 0.132 seconds
[2025-05-13T21:28:11.703+0000] {processor.py:153} INFO - Started process (PID=4177) to work on /home/airflow/.local/lib/python3.9/site-packages/airflow/example_dags/example_skip_dag.py
[2025-05-13T21:28:11.705+0000] {processor.py:743} INFO - Processing file /home/airflow/.local/lib/python3.9/site-packages/airflow/example_dags/example_skip_dag.py for tasks to queue
[2025-05-13T21:28:11.706+0000] {logging_mixin.py:137} INFO - [2025-05-13T21:28:11.705+0000] {dagbag.py:538} INFO - Filling up the DagBag from /home/airflow/.local/lib/python3.9/site-packages/airflow/example_dags/example_skip_dag.py
[2025-05-13T21:28:11.728+0000] {processor.py:753} INFO - DAG(s) dict_keys(['example_skip_dag']) retrieved from /home/airflow/.local/lib/python3.9/site-packages/airflow/example_dags/example_skip_dag.py
[2025-05-13T21:28:11.765+0000] {logging_mixin.py:137} INFO - [2025-05-13T21:28:11.764+0000] {dag.py:2676} INFO - Sync 1 DAGs
[2025-05-13T21:28:11.801+0000] {logging_mixin.py:137} INFO - [2025-05-13T21:28:11.801+0000] {dag.py:3423} INFO - Setting next_dagrun for example_skip_dag to 2025-05-12T21:28:11.800916+00:00, run_after=2025-05-13T21:28:11.800916+00:00
[2025-05-13T21:28:11.828+0000] {processor.py:175} INFO - Processing /home/airflow/.local/lib/python3.9/site-packages/airflow/example_dags/example_skip_dag.py took 0.129 seconds
[2025-05-13T21:28:42.479+0000] {processor.py:153} INFO - Started process (PID=4380) to work on /home/airflow/.local/lib/python3.9/site-packages/airflow/example_dags/example_skip_dag.py
[2025-05-13T21:28:42.480+0000] {processor.py:743} INFO - Processing file /home/airflow/.local/lib/python3.9/site-packages/airflow/example_dags/example_skip_dag.py for tasks to queue
[2025-05-13T21:28:42.481+0000] {logging_mixin.py:137} INFO - [2025-05-13T21:28:42.481+0000] {dagbag.py:538} INFO - Filling up the DagBag from /home/airflow/.local/lib/python3.9/site-packages/airflow/example_dags/example_skip_dag.py
[2025-05-13T21:28:42.500+0000] {processor.py:753} INFO - DAG(s) dict_keys(['example_skip_dag']) retrieved from /home/airflow/.local/lib/python3.9/site-packages/airflow/example_dags/example_skip_dag.py
[2025-05-13T21:28:42.547+0000] {logging_mixin.py:137} INFO - [2025-05-13T21:28:42.547+0000] {dag.py:2676} INFO - Sync 1 DAGs
[2025-05-13T21:28:42.572+0000] {logging_mixin.py:137} INFO - [2025-05-13T21:28:42.572+0000] {dag.py:3423} INFO - Setting next_dagrun for example_skip_dag to 2025-05-12T21:28:42.572279+00:00, run_after=2025-05-13T21:28:42.572279+00:00
[2025-05-13T21:28:42.592+0000] {processor.py:175} INFO - Processing /home/airflow/.local/lib/python3.9/site-packages/airflow/example_dags/example_skip_dag.py took 0.118 seconds
[2025-05-13T21:29:13.358+0000] {processor.py:153} INFO - Started process (PID=4583) to work on /home/airflow/.local/lib/python3.9/site-packages/airflow/example_dags/example_skip_dag.py
[2025-05-13T21:29:13.359+0000] {processor.py:743} INFO - Processing file /home/airflow/.local/lib/python3.9/site-packages/airflow/example_dags/example_skip_dag.py for tasks to queue
[2025-05-13T21:29:13.360+0000] {logging_mixin.py:137} INFO - [2025-05-13T21:29:13.360+0000] {dagbag.py:538} INFO - Filling up the DagBag from /home/airflow/.local/lib/python3.9/site-packages/airflow/example_dags/example_skip_dag.py
[2025-05-13T21:29:13.382+0000] {processor.py:753} INFO - DAG(s) dict_keys(['example_skip_dag']) retrieved from /home/airflow/.local/lib/python3.9/site-packages/airflow/example_dags/example_skip_dag.py
[2025-05-13T21:29:13.435+0000] {logging_mixin.py:137} INFO - [2025-05-13T21:29:13.435+0000] {dag.py:2676} INFO - Sync 1 DAGs
[2025-05-13T21:29:13.467+0000] {logging_mixin.py:137} INFO - [2025-05-13T21:29:13.467+0000] {dag.py:3423} INFO - Setting next_dagrun for example_skip_dag to 2025-05-12T21:29:13.467326+00:00, run_after=2025-05-13T21:29:13.467326+00:00
[2025-05-13T21:29:13.492+0000] {processor.py:175} INFO - Processing /home/airflow/.local/lib/python3.9/site-packages/airflow/example_dags/example_skip_dag.py took 0.139 seconds
[2025-05-13T21:29:44.364+0000] {processor.py:153} INFO - Started process (PID=4786) to work on /home/airflow/.local/lib/python3.9/site-packages/airflow/example_dags/example_skip_dag.py
[2025-05-13T21:29:44.366+0000] {processor.py:743} INFO - Processing file /home/airflow/.local/lib/python3.9/site-packages/airflow/example_dags/example_skip_dag.py for tasks to queue
[2025-05-13T21:29:44.368+0000] {logging_mixin.py:137} INFO - [2025-05-13T21:29:44.368+0000] {dagbag.py:538} INFO - Filling up the DagBag from /home/airflow/.local/lib/python3.9/site-packages/airflow/example_dags/example_skip_dag.py
[2025-05-13T21:29:44.390+0000] {processor.py:753} INFO - DAG(s) dict_keys(['example_skip_dag']) retrieved from /home/airflow/.local/lib/python3.9/site-packages/airflow/example_dags/example_skip_dag.py
[2025-05-13T21:29:44.454+0000] {logging_mixin.py:137} INFO - [2025-05-13T21:29:44.454+0000] {dag.py:2676} INFO - Sync 1 DAGs
[2025-05-13T21:29:44.486+0000] {logging_mixin.py:137} INFO - [2025-05-13T21:29:44.486+0000] {dag.py:3423} INFO - Setting next_dagrun for example_skip_dag to 2025-05-12T21:29:44.486033+00:00, run_after=2025-05-13T21:29:44.486033+00:00
[2025-05-13T21:29:44.510+0000] {processor.py:175} INFO - Processing /home/airflow/.local/lib/python3.9/site-packages/airflow/example_dags/example_skip_dag.py took 0.152 seconds
[2025-05-13T21:30:15.463+0000] {processor.py:153} INFO - Started process (PID=4989) to work on /home/airflow/.local/lib/python3.9/site-packages/airflow/example_dags/example_skip_dag.py
[2025-05-13T21:30:15.465+0000] {processor.py:743} INFO - Processing file /home/airflow/.local/lib/python3.9/site-packages/airflow/example_dags/example_skip_dag.py for tasks to queue
[2025-05-13T21:30:15.465+0000] {logging_mixin.py:137} INFO - [2025-05-13T21:30:15.465+0000] {dagbag.py:538} INFO - Filling up the DagBag from /home/airflow/.local/lib/python3.9/site-packages/airflow/example_dags/example_skip_dag.py
[2025-05-13T21:30:15.482+0000] {processor.py:753} INFO - DAG(s) dict_keys(['example_skip_dag']) retrieved from /home/airflow/.local/lib/python3.9/site-packages/airflow/example_dags/example_skip_dag.py
[2025-05-13T21:30:15.523+0000] {logging_mixin.py:137} INFO - [2025-05-13T21:30:15.523+0000] {dag.py:2676} INFO - Sync 1 DAGs
[2025-05-13T21:30:15.549+0000] {logging_mixin.py:137} INFO - [2025-05-13T21:30:15.549+0000] {dag.py:3423} INFO - Setting next_dagrun for example_skip_dag to 2025-05-12T21:30:15.549240+00:00, run_after=2025-05-13T21:30:15.549240+00:00
[2025-05-13T21:30:15.569+0000] {processor.py:175} INFO - Processing /home/airflow/.local/lib/python3.9/site-packages/airflow/example_dags/example_skip_dag.py took 0.109 seconds
[2025-05-13T21:30:45.757+0000] {processor.py:153} INFO - Started process (PID=5188) to work on /home/airflow/.local/lib/python3.9/site-packages/airflow/example_dags/example_skip_dag.py
[2025-05-13T21:30:45.758+0000] {processor.py:743} INFO - Processing file /home/airflow/.local/lib/python3.9/site-packages/airflow/example_dags/example_skip_dag.py for tasks to queue
[2025-05-13T21:30:45.760+0000] {logging_mixin.py:137} INFO - [2025-05-13T21:30:45.759+0000] {dagbag.py:538} INFO - Filling up the DagBag from /home/airflow/.local/lib/python3.9/site-packages/airflow/example_dags/example_skip_dag.py
[2025-05-13T21:30:45.782+0000] {processor.py:753} INFO - DAG(s) dict_keys(['example_skip_dag']) retrieved from /home/airflow/.local/lib/python3.9/site-packages/airflow/example_dags/example_skip_dag.py
[2025-05-13T21:30:45.847+0000] {logging_mixin.py:137} INFO - [2025-05-13T21:30:45.847+0000] {dag.py:2676} INFO - Sync 1 DAGs
[2025-05-13T21:30:45.877+0000] {logging_mixin.py:137} INFO - [2025-05-13T21:30:45.877+0000] {dag.py:3423} INFO - Setting next_dagrun for example_skip_dag to 2025-05-12T21:30:45.876974+00:00, run_after=2025-05-13T21:30:45.876974+00:00
[2025-05-13T21:30:45.912+0000] {processor.py:175} INFO - Processing /home/airflow/.local/lib/python3.9/site-packages/airflow/example_dags/example_skip_dag.py took 0.160 seconds
[2025-05-13T21:31:16.175+0000] {processor.py:153} INFO - Started process (PID=5394) to work on /home/airflow/.local/lib/python3.9/site-packages/airflow/example_dags/example_skip_dag.py
[2025-05-13T21:31:16.176+0000] {processor.py:743} INFO - Processing file /home/airflow/.local/lib/python3.9/site-packages/airflow/example_dags/example_skip_dag.py for tasks to queue
[2025-05-13T21:31:16.177+0000] {logging_mixin.py:137} INFO - [2025-05-13T21:31:16.177+0000] {dagbag.py:538} INFO - Filling up the DagBag from /home/airflow/.local/lib/python3.9/site-packages/airflow/example_dags/example_skip_dag.py
[2025-05-13T21:31:16.200+0000] {processor.py:753} INFO - DAG(s) dict_keys(['example_skip_dag']) retrieved from /home/airflow/.local/lib/python3.9/site-packages/airflow/example_dags/example_skip_dag.py
[2025-05-13T21:31:16.271+0000] {logging_mixin.py:137} INFO - [2025-05-13T21:31:16.271+0000] {dag.py:2676} INFO - Sync 1 DAGs
[2025-05-13T21:31:16.303+0000] {logging_mixin.py:137} INFO - [2025-05-13T21:31:16.302+0000] {dag.py:3423} INFO - Setting next_dagrun for example_skip_dag to 2025-05-12T21:31:16.302694+00:00, run_after=2025-05-13T21:31:16.302694+00:00
[2025-05-13T21:31:16.479+0000] {processor.py:175} INFO - Processing /home/airflow/.local/lib/python3.9/site-packages/airflow/example_dags/example_skip_dag.py took 0.309 seconds
[2025-05-13T21:31:46.643+0000] {processor.py:153} INFO - Started process (PID=5597) to work on /home/airflow/.local/lib/python3.9/site-packages/airflow/example_dags/example_skip_dag.py
[2025-05-13T21:31:46.644+0000] {processor.py:743} INFO - Processing file /home/airflow/.local/lib/python3.9/site-packages/airflow/example_dags/example_skip_dag.py for tasks to queue
[2025-05-13T21:31:46.645+0000] {logging_mixin.py:137} INFO - [2025-05-13T21:31:46.645+0000] {dagbag.py:538} INFO - Filling up the DagBag from /home/airflow/.local/lib/python3.9/site-packages/airflow/example_dags/example_skip_dag.py
[2025-05-13T21:31:46.665+0000] {processor.py:753} INFO - DAG(s) dict_keys(['example_skip_dag']) retrieved from /home/airflow/.local/lib/python3.9/site-packages/airflow/example_dags/example_skip_dag.py
[2025-05-13T21:31:46.699+0000] {logging_mixin.py:137} INFO - [2025-05-13T21:31:46.699+0000] {dag.py:2676} INFO - Sync 1 DAGs
[2025-05-13T21:31:46.732+0000] {logging_mixin.py:137} INFO - [2025-05-13T21:31:46.732+0000] {dag.py:3423} INFO - Setting next_dagrun for example_skip_dag to 2025-05-12T21:31:46.731720+00:00, run_after=2025-05-13T21:31:46.731720+00:00
[2025-05-13T21:31:46.758+0000] {processor.py:175} INFO - Processing /home/airflow/.local/lib/python3.9/site-packages/airflow/example_dags/example_skip_dag.py took 0.120 seconds
[2025-05-13T21:32:17.260+0000] {processor.py:153} INFO - Started process (PID=5798) to work on /home/airflow/.local/lib/python3.9/site-packages/airflow/example_dags/example_skip_dag.py
[2025-05-13T21:32:17.262+0000] {processor.py:743} INFO - Processing file /home/airflow/.local/lib/python3.9/site-packages/airflow/example_dags/example_skip_dag.py for tasks to queue
[2025-05-13T21:32:17.263+0000] {logging_mixin.py:137} INFO - [2025-05-13T21:32:17.262+0000] {dagbag.py:538} INFO - Filling up the DagBag from /home/airflow/.local/lib/python3.9/site-packages/airflow/example_dags/example_skip_dag.py
[2025-05-13T21:32:17.282+0000] {processor.py:753} INFO - DAG(s) dict_keys(['example_skip_dag']) retrieved from /home/airflow/.local/lib/python3.9/site-packages/airflow/example_dags/example_skip_dag.py
[2025-05-13T21:32:17.336+0000] {logging_mixin.py:137} INFO - [2025-05-13T21:32:17.336+0000] {dag.py:2676} INFO - Sync 1 DAGs
[2025-05-13T21:32:17.368+0000] {logging_mixin.py:137} INFO - [2025-05-13T21:32:17.368+0000] {dag.py:3423} INFO - Setting next_dagrun for example_skip_dag to 2025-05-12T21:32:17.367732+00:00, run_after=2025-05-13T21:32:17.367732+00:00
[2025-05-13T21:32:17.397+0000] {processor.py:175} INFO - Processing /home/airflow/.local/lib/python3.9/site-packages/airflow/example_dags/example_skip_dag.py took 0.141 seconds
[2025-05-13T21:32:47.823+0000] {processor.py:153} INFO - Started process (PID=6001) to work on /home/airflow/.local/lib/python3.9/site-packages/airflow/example_dags/example_skip_dag.py
[2025-05-13T21:32:47.824+0000] {processor.py:743} INFO - Processing file /home/airflow/.local/lib/python3.9/site-packages/airflow/example_dags/example_skip_dag.py for tasks to queue
[2025-05-13T21:32:47.825+0000] {logging_mixin.py:137} INFO - [2025-05-13T21:32:47.825+0000] {dagbag.py:538} INFO - Filling up the DagBag from /home/airflow/.local/lib/python3.9/site-packages/airflow/example_dags/example_skip_dag.py
[2025-05-13T21:32:47.844+0000] {processor.py:753} INFO - DAG(s) dict_keys(['example_skip_dag']) retrieved from /home/airflow/.local/lib/python3.9/site-packages/airflow/example_dags/example_skip_dag.py
[2025-05-13T21:32:47.892+0000] {logging_mixin.py:137} INFO - [2025-05-13T21:32:47.892+0000] {dag.py:2676} INFO - Sync 1 DAGs
[2025-05-13T21:32:47.923+0000] {logging_mixin.py:137} INFO - [2025-05-13T21:32:47.922+0000] {dag.py:3423} INFO - Setting next_dagrun for example_skip_dag to 2025-05-12T21:32:47.922706+00:00, run_after=2025-05-13T21:32:47.922706+00:00
[2025-05-13T21:32:47.946+0000] {processor.py:175} INFO - Processing /home/airflow/.local/lib/python3.9/site-packages/airflow/example_dags/example_skip_dag.py took 0.127 seconds
[2025-05-13T21:33:18.144+0000] {processor.py:153} INFO - Started process (PID=6204) to work on /home/airflow/.local/lib/python3.9/site-packages/airflow/example_dags/example_skip_dag.py
[2025-05-13T21:33:18.145+0000] {processor.py:743} INFO - Processing file /home/airflow/.local/lib/python3.9/site-packages/airflow/example_dags/example_skip_dag.py for tasks to queue
[2025-05-13T21:33:18.146+0000] {logging_mixin.py:137} INFO - [2025-05-13T21:33:18.146+0000] {dagbag.py:538} INFO - Filling up the DagBag from /home/airflow/.local/lib/python3.9/site-packages/airflow/example_dags/example_skip_dag.py
[2025-05-13T21:33:18.167+0000] {processor.py:753} INFO - DAG(s) dict_keys(['example_skip_dag']) retrieved from /home/airflow/.local/lib/python3.9/site-packages/airflow/example_dags/example_skip_dag.py
[2025-05-13T21:33:18.219+0000] {logging_mixin.py:137} INFO - [2025-05-13T21:33:18.218+0000] {dag.py:2676} INFO - Sync 1 DAGs
[2025-05-13T21:33:18.250+0000] {logging_mixin.py:137} INFO - [2025-05-13T21:33:18.250+0000] {dag.py:3423} INFO - Setting next_dagrun for example_skip_dag to 2025-05-12T21:33:18.249961+00:00, run_after=2025-05-13T21:33:18.249961+00:00
[2025-05-13T21:33:18.276+0000] {processor.py:175} INFO - Processing /home/airflow/.local/lib/python3.9/site-packages/airflow/example_dags/example_skip_dag.py took 0.136 seconds
[2025-05-13T21:33:49.353+0000] {processor.py:153} INFO - Started process (PID=6407) to work on /home/airflow/.local/lib/python3.9/site-packages/airflow/example_dags/example_skip_dag.py
[2025-05-13T21:33:49.356+0000] {processor.py:743} INFO - Processing file /home/airflow/.local/lib/python3.9/site-packages/airflow/example_dags/example_skip_dag.py for tasks to queue
[2025-05-13T21:33:49.358+0000] {logging_mixin.py:137} INFO - [2025-05-13T21:33:49.358+0000] {dagbag.py:538} INFO - Filling up the DagBag from /home/airflow/.local/lib/python3.9/site-packages/airflow/example_dags/example_skip_dag.py
[2025-05-13T21:33:49.412+0000] {processor.py:753} INFO - DAG(s) dict_keys(['example_skip_dag']) retrieved from /home/airflow/.local/lib/python3.9/site-packages/airflow/example_dags/example_skip_dag.py
[2025-05-13T21:33:49.486+0000] {logging_mixin.py:137} INFO - [2025-05-13T21:33:49.486+0000] {dag.py:2676} INFO - Sync 1 DAGs
[2025-05-13T21:33:49.555+0000] {logging_mixin.py:137} INFO - [2025-05-13T21:33:49.554+0000] {dag.py:3423} INFO - Setting next_dagrun for example_skip_dag to 2025-05-12T21:33:49.554607+00:00, run_after=2025-05-13T21:33:49.554607+00:00
[2025-05-13T21:33:49.606+0000] {processor.py:175} INFO - Processing /home/airflow/.local/lib/python3.9/site-packages/airflow/example_dags/example_skip_dag.py took 0.263 seconds
[2025-05-13T21:34:20.559+0000] {processor.py:153} INFO - Started process (PID=6609) to work on /home/airflow/.local/lib/python3.9/site-packages/airflow/example_dags/example_skip_dag.py
[2025-05-13T21:34:20.560+0000] {processor.py:743} INFO - Processing file /home/airflow/.local/lib/python3.9/site-packages/airflow/example_dags/example_skip_dag.py for tasks to queue
[2025-05-13T21:34:20.561+0000] {logging_mixin.py:137} INFO - [2025-05-13T21:34:20.561+0000] {dagbag.py:538} INFO - Filling up the DagBag from /home/airflow/.local/lib/python3.9/site-packages/airflow/example_dags/example_skip_dag.py
[2025-05-13T21:34:20.581+0000] {processor.py:753} INFO - DAG(s) dict_keys(['example_skip_dag']) retrieved from /home/airflow/.local/lib/python3.9/site-packages/airflow/example_dags/example_skip_dag.py
[2025-05-13T21:34:20.633+0000] {logging_mixin.py:137} INFO - [2025-05-13T21:34:20.633+0000] {dag.py:2676} INFO - Sync 1 DAGs
[2025-05-13T21:34:20.663+0000] {logging_mixin.py:137} INFO - [2025-05-13T21:34:20.662+0000] {dag.py:3423} INFO - Setting next_dagrun for example_skip_dag to 2025-05-12T21:34:20.662534+00:00, run_after=2025-05-13T21:34:20.662534+00:00
[2025-05-13T21:34:20.685+0000] {processor.py:175} INFO - Processing /home/airflow/.local/lib/python3.9/site-packages/airflow/example_dags/example_skip_dag.py took 0.130 seconds
[2025-05-13T21:34:51.475+0000] {processor.py:153} INFO - Started process (PID=6819) to work on /home/airflow/.local/lib/python3.9/site-packages/airflow/example_dags/example_skip_dag.py
[2025-05-13T21:34:51.476+0000] {processor.py:743} INFO - Processing file /home/airflow/.local/lib/python3.9/site-packages/airflow/example_dags/example_skip_dag.py for tasks to queue
[2025-05-13T21:34:51.478+0000] {logging_mixin.py:137} INFO - [2025-05-13T21:34:51.478+0000] {dagbag.py:538} INFO - Filling up the DagBag from /home/airflow/.local/lib/python3.9/site-packages/airflow/example_dags/example_skip_dag.py
[2025-05-13T21:34:51.506+0000] {processor.py:753} INFO - DAG(s) dict_keys(['example_skip_dag']) retrieved from /home/airflow/.local/lib/python3.9/site-packages/airflow/example_dags/example_skip_dag.py
[2025-05-13T21:34:51.568+0000] {logging_mixin.py:137} INFO - [2025-05-13T21:34:51.568+0000] {dag.py:2676} INFO - Sync 1 DAGs
[2025-05-13T21:34:51.607+0000] {logging_mixin.py:137} INFO - [2025-05-13T21:34:51.606+0000] {dag.py:3423} INFO - Setting next_dagrun for example_skip_dag to 2025-05-12T21:34:51.606507+00:00, run_after=2025-05-13T21:34:51.606507+00:00
[2025-05-13T21:34:51.634+0000] {processor.py:175} INFO - Processing /home/airflow/.local/lib/python3.9/site-packages/airflow/example_dags/example_skip_dag.py took 0.163 seconds
[2025-05-13T21:35:22.016+0000] {processor.py:153} INFO - Started process (PID=7025) to work on /home/airflow/.local/lib/python3.9/site-packages/airflow/example_dags/example_skip_dag.py
[2025-05-13T21:35:22.021+0000] {processor.py:743} INFO - Processing file /home/airflow/.local/lib/python3.9/site-packages/airflow/example_dags/example_skip_dag.py for tasks to queue
[2025-05-13T21:35:22.023+0000] {logging_mixin.py:137} INFO - [2025-05-13T21:35:22.023+0000] {dagbag.py:538} INFO - Filling up the DagBag from /home/airflow/.local/lib/python3.9/site-packages/airflow/example_dags/example_skip_dag.py
[2025-05-13T21:35:22.060+0000] {processor.py:753} INFO - DAG(s) dict_keys(['example_skip_dag']) retrieved from /home/airflow/.local/lib/python3.9/site-packages/airflow/example_dags/example_skip_dag.py
[2025-05-13T21:35:22.142+0000] {logging_mixin.py:137} INFO - [2025-05-13T21:35:22.142+0000] {dag.py:2676} INFO - Sync 1 DAGs
[2025-05-13T21:35:22.183+0000] {logging_mixin.py:137} INFO - [2025-05-13T21:35:22.183+0000] {dag.py:3423} INFO - Setting next_dagrun for example_skip_dag to 2025-05-12T21:35:22.182629+00:00, run_after=2025-05-13T21:35:22.182629+00:00
[2025-05-13T21:35:22.212+0000] {processor.py:175} INFO - Processing /home/airflow/.local/lib/python3.9/site-packages/airflow/example_dags/example_skip_dag.py took 0.204 seconds
[2025-05-13T21:35:52.712+0000] {processor.py:153} INFO - Started process (PID=7228) to work on /home/airflow/.local/lib/python3.9/site-packages/airflow/example_dags/example_skip_dag.py
[2025-05-13T21:35:52.713+0000] {processor.py:743} INFO - Processing file /home/airflow/.local/lib/python3.9/site-packages/airflow/example_dags/example_skip_dag.py for tasks to queue
[2025-05-13T21:35:52.714+0000] {logging_mixin.py:137} INFO - [2025-05-13T21:35:52.714+0000] {dagbag.py:538} INFO - Filling up the DagBag from /home/airflow/.local/lib/python3.9/site-packages/airflow/example_dags/example_skip_dag.py
[2025-05-13T21:35:52.729+0000] {processor.py:753} INFO - DAG(s) dict_keys(['example_skip_dag']) retrieved from /home/airflow/.local/lib/python3.9/site-packages/airflow/example_dags/example_skip_dag.py
[2025-05-13T21:35:52.771+0000] {logging_mixin.py:137} INFO - [2025-05-13T21:35:52.771+0000] {dag.py:2676} INFO - Sync 1 DAGs
[2025-05-13T21:35:52.799+0000] {logging_mixin.py:137} INFO - [2025-05-13T21:35:52.799+0000] {dag.py:3423} INFO - Setting next_dagrun for example_skip_dag to 2025-05-12T21:35:52.799596+00:00, run_after=2025-05-13T21:35:52.799596+00:00
[2025-05-13T21:35:52.822+0000] {processor.py:175} INFO - Processing /home/airflow/.local/lib/python3.9/site-packages/airflow/example_dags/example_skip_dag.py took 0.114 seconds
[2025-05-13T21:36:23.502+0000] {processor.py:153} INFO - Started process (PID=7431) to work on /home/airflow/.local/lib/python3.9/site-packages/airflow/example_dags/example_skip_dag.py
[2025-05-13T21:36:23.503+0000] {processor.py:743} INFO - Processing file /home/airflow/.local/lib/python3.9/site-packages/airflow/example_dags/example_skip_dag.py for tasks to queue
[2025-05-13T21:36:23.504+0000] {logging_mixin.py:137} INFO - [2025-05-13T21:36:23.504+0000] {dagbag.py:538} INFO - Filling up the DagBag from /home/airflow/.local/lib/python3.9/site-packages/airflow/example_dags/example_skip_dag.py
[2025-05-13T21:36:23.526+0000] {processor.py:753} INFO - DAG(s) dict_keys(['example_skip_dag']) retrieved from /home/airflow/.local/lib/python3.9/site-packages/airflow/example_dags/example_skip_dag.py
[2025-05-13T21:36:23.624+0000] {logging_mixin.py:137} INFO - [2025-05-13T21:36:23.624+0000] {dag.py:2676} INFO - Sync 1 DAGs
[2025-05-13T21:36:23.663+0000] {logging_mixin.py:137} INFO - [2025-05-13T21:36:23.663+0000] {dag.py:3423} INFO - Setting next_dagrun for example_skip_dag to 2025-05-12T21:36:23.662831+00:00, run_after=2025-05-13T21:36:23.662831+00:00
[2025-05-13T21:36:23.694+0000] {processor.py:175} INFO - Processing /home/airflow/.local/lib/python3.9/site-packages/airflow/example_dags/example_skip_dag.py took 0.197 seconds
[2025-05-13T21:37:51.941+0000] {processor.py:153} INFO - Started process (PID=325) to work on /home/airflow/.local/lib/python3.9/site-packages/airflow/example_dags/example_skip_dag.py
[2025-05-13T21:37:51.943+0000] {processor.py:743} INFO - Processing file /home/airflow/.local/lib/python3.9/site-packages/airflow/example_dags/example_skip_dag.py for tasks to queue
[2025-05-13T21:37:51.946+0000] {logging_mixin.py:137} INFO - [2025-05-13T21:37:51.946+0000] {dagbag.py:538} INFO - Filling up the DagBag from /home/airflow/.local/lib/python3.9/site-packages/airflow/example_dags/example_skip_dag.py
[2025-05-13T21:37:51.972+0000] {processor.py:753} INFO - DAG(s) dict_keys(['example_skip_dag']) retrieved from /home/airflow/.local/lib/python3.9/site-packages/airflow/example_dags/example_skip_dag.py
[2025-05-13T21:37:52.026+0000] {logging_mixin.py:137} INFO - [2025-05-13T21:37:52.026+0000] {dag.py:2676} INFO - Sync 1 DAGs
[2025-05-13T21:37:52.067+0000] {logging_mixin.py:137} INFO - [2025-05-13T21:37:52.067+0000] {dag.py:3423} INFO - Setting next_dagrun for example_skip_dag to 2025-05-12T21:37:52.067120+00:00, run_after=2025-05-13T21:37:52.067120+00:00
[2025-05-13T21:37:52.096+0000] {processor.py:175} INFO - Processing /home/airflow/.local/lib/python3.9/site-packages/airflow/example_dags/example_skip_dag.py took 0.158 seconds
[2025-05-13T21:38:23.708+0000] {processor.py:153} INFO - Started process (PID=528) to work on /home/airflow/.local/lib/python3.9/site-packages/airflow/example_dags/example_skip_dag.py
[2025-05-13T21:38:23.709+0000] {processor.py:743} INFO - Processing file /home/airflow/.local/lib/python3.9/site-packages/airflow/example_dags/example_skip_dag.py for tasks to queue
[2025-05-13T21:38:23.710+0000] {logging_mixin.py:137} INFO - [2025-05-13T21:38:23.710+0000] {dagbag.py:538} INFO - Filling up the DagBag from /home/airflow/.local/lib/python3.9/site-packages/airflow/example_dags/example_skip_dag.py
[2025-05-13T21:38:23.735+0000] {processor.py:753} INFO - DAG(s) dict_keys(['example_skip_dag']) retrieved from /home/airflow/.local/lib/python3.9/site-packages/airflow/example_dags/example_skip_dag.py
[2025-05-13T21:38:23.800+0000] {logging_mixin.py:137} INFO - [2025-05-13T21:38:23.800+0000] {dag.py:2676} INFO - Sync 1 DAGs
[2025-05-13T21:38:23.832+0000] {logging_mixin.py:137} INFO - [2025-05-13T21:38:23.832+0000] {dag.py:3423} INFO - Setting next_dagrun for example_skip_dag to 2025-05-12T21:38:23.831751+00:00, run_after=2025-05-13T21:38:23.831751+00:00
[2025-05-13T21:38:23.859+0000] {processor.py:175} INFO - Processing /home/airflow/.local/lib/python3.9/site-packages/airflow/example_dags/example_skip_dag.py took 0.155 seconds
[2025-05-13T21:38:54.287+0000] {processor.py:153} INFO - Started process (PID=725) to work on /home/airflow/.local/lib/python3.9/site-packages/airflow/example_dags/example_skip_dag.py
[2025-05-13T21:38:54.288+0000] {processor.py:743} INFO - Processing file /home/airflow/.local/lib/python3.9/site-packages/airflow/example_dags/example_skip_dag.py for tasks to queue
[2025-05-13T21:38:54.290+0000] {logging_mixin.py:137} INFO - [2025-05-13T21:38:54.290+0000] {dagbag.py:538} INFO - Filling up the DagBag from /home/airflow/.local/lib/python3.9/site-packages/airflow/example_dags/example_skip_dag.py
[2025-05-13T21:38:54.314+0000] {processor.py:753} INFO - DAG(s) dict_keys(['example_skip_dag']) retrieved from /home/airflow/.local/lib/python3.9/site-packages/airflow/example_dags/example_skip_dag.py
[2025-05-13T21:38:54.375+0000] {logging_mixin.py:137} INFO - [2025-05-13T21:38:54.375+0000] {dag.py:2676} INFO - Sync 1 DAGs
[2025-05-13T21:38:54.408+0000] {logging_mixin.py:137} INFO - [2025-05-13T21:38:54.408+0000] {dag.py:3423} INFO - Setting next_dagrun for example_skip_dag to 2025-05-12T21:38:54.407708+00:00, run_after=2025-05-13T21:38:54.407708+00:00
[2025-05-13T21:38:54.437+0000] {processor.py:175} INFO - Processing /home/airflow/.local/lib/python3.9/site-packages/airflow/example_dags/example_skip_dag.py took 0.154 seconds
[2025-05-13T21:39:24.893+0000] {processor.py:153} INFO - Started process (PID=927) to work on /home/airflow/.local/lib/python3.9/site-packages/airflow/example_dags/example_skip_dag.py
[2025-05-13T21:39:24.895+0000] {processor.py:743} INFO - Processing file /home/airflow/.local/lib/python3.9/site-packages/airflow/example_dags/example_skip_dag.py for tasks to queue
[2025-05-13T21:39:24.895+0000] {logging_mixin.py:137} INFO - [2025-05-13T21:39:24.895+0000] {dagbag.py:538} INFO - Filling up the DagBag from /home/airflow/.local/lib/python3.9/site-packages/airflow/example_dags/example_skip_dag.py
[2025-05-13T21:39:24.915+0000] {processor.py:753} INFO - DAG(s) dict_keys(['example_skip_dag']) retrieved from /home/airflow/.local/lib/python3.9/site-packages/airflow/example_dags/example_skip_dag.py
[2025-05-13T21:39:24.975+0000] {logging_mixin.py:137} INFO - [2025-05-13T21:39:24.975+0000] {dag.py:2676} INFO - Sync 1 DAGs
[2025-05-13T21:39:25.014+0000] {logging_mixin.py:137} INFO - [2025-05-13T21:39:25.013+0000] {dag.py:3423} INFO - Setting next_dagrun for example_skip_dag to 2025-05-12T21:39:25.013005+00:00, run_after=2025-05-13T21:39:25.013005+00:00
[2025-05-13T21:39:25.052+0000] {processor.py:175} INFO - Processing /home/airflow/.local/lib/python3.9/site-packages/airflow/example_dags/example_skip_dag.py took 0.163 seconds
[2025-05-13T21:39:55.216+0000] {processor.py:153} INFO - Started process (PID=1131) to work on /home/airflow/.local/lib/python3.9/site-packages/airflow/example_dags/example_skip_dag.py
[2025-05-13T21:39:55.217+0000] {processor.py:743} INFO - Processing file /home/airflow/.local/lib/python3.9/site-packages/airflow/example_dags/example_skip_dag.py for tasks to queue
[2025-05-13T21:39:55.218+0000] {logging_mixin.py:137} INFO - [2025-05-13T21:39:55.218+0000] {dagbag.py:538} INFO - Filling up the DagBag from /home/airflow/.local/lib/python3.9/site-packages/airflow/example_dags/example_skip_dag.py
[2025-05-13T21:39:55.237+0000] {processor.py:753} INFO - DAG(s) dict_keys(['example_skip_dag']) retrieved from /home/airflow/.local/lib/python3.9/site-packages/airflow/example_dags/example_skip_dag.py
[2025-05-13T21:39:55.286+0000] {logging_mixin.py:137} INFO - [2025-05-13T21:39:55.286+0000] {dag.py:2676} INFO - Sync 1 DAGs
[2025-05-13T21:39:55.317+0000] {logging_mixin.py:137} INFO - [2025-05-13T21:39:55.316+0000] {dag.py:3423} INFO - Setting next_dagrun for example_skip_dag to 2025-05-12T21:39:55.316598+00:00, run_after=2025-05-13T21:39:55.316598+00:00
[2025-05-13T21:39:55.342+0000] {processor.py:175} INFO - Processing /home/airflow/.local/lib/python3.9/site-packages/airflow/example_dags/example_skip_dag.py took 0.131 seconds
[2025-05-13T21:40:25.507+0000] {processor.py:153} INFO - Started process (PID=1338) to work on /home/airflow/.local/lib/python3.9/site-packages/airflow/example_dags/example_skip_dag.py
[2025-05-13T21:40:25.511+0000] {processor.py:743} INFO - Processing file /home/airflow/.local/lib/python3.9/site-packages/airflow/example_dags/example_skip_dag.py for tasks to queue
[2025-05-13T21:40:25.512+0000] {logging_mixin.py:137} INFO - [2025-05-13T21:40:25.512+0000] {dagbag.py:538} INFO - Filling up the DagBag from /home/airflow/.local/lib/python3.9/site-packages/airflow/example_dags/example_skip_dag.py
[2025-05-13T21:40:25.532+0000] {processor.py:753} INFO - DAG(s) dict_keys(['example_skip_dag']) retrieved from /home/airflow/.local/lib/python3.9/site-packages/airflow/example_dags/example_skip_dag.py
[2025-05-13T21:40:25.590+0000] {logging_mixin.py:137} INFO - [2025-05-13T21:40:25.590+0000] {dag.py:2676} INFO - Sync 1 DAGs
[2025-05-13T21:40:25.627+0000] {logging_mixin.py:137} INFO - [2025-05-13T21:40:25.627+0000] {dag.py:3423} INFO - Setting next_dagrun for example_skip_dag to 2025-05-12T21:40:25.627088+00:00, run_after=2025-05-13T21:40:25.627088+00:00
[2025-05-13T21:40:25.654+0000] {processor.py:175} INFO - Processing /home/airflow/.local/lib/python3.9/site-packages/airflow/example_dags/example_skip_dag.py took 0.151 seconds
[2025-05-13T21:40:55.957+0000] {processor.py:153} INFO - Started process (PID=1541) to work on /home/airflow/.local/lib/python3.9/site-packages/airflow/example_dags/example_skip_dag.py
[2025-05-13T21:40:55.959+0000] {processor.py:743} INFO - Processing file /home/airflow/.local/lib/python3.9/site-packages/airflow/example_dags/example_skip_dag.py for tasks to queue
[2025-05-13T21:40:55.960+0000] {logging_mixin.py:137} INFO - [2025-05-13T21:40:55.960+0000] {dagbag.py:538} INFO - Filling up the DagBag from /home/airflow/.local/lib/python3.9/site-packages/airflow/example_dags/example_skip_dag.py
[2025-05-13T21:40:55.981+0000] {processor.py:753} INFO - DAG(s) dict_keys(['example_skip_dag']) retrieved from /home/airflow/.local/lib/python3.9/site-packages/airflow/example_dags/example_skip_dag.py
[2025-05-13T21:40:56.035+0000] {logging_mixin.py:137} INFO - [2025-05-13T21:40:56.035+0000] {dag.py:2676} INFO - Sync 1 DAGs
[2025-05-13T21:40:56.064+0000] {logging_mixin.py:137} INFO - [2025-05-13T21:40:56.064+0000] {dag.py:3423} INFO - Setting next_dagrun for example_skip_dag to 2025-05-12T21:40:56.064069+00:00, run_after=2025-05-13T21:40:56.064069+00:00
[2025-05-13T21:40:56.096+0000] {processor.py:175} INFO - Processing /home/airflow/.local/lib/python3.9/site-packages/airflow/example_dags/example_skip_dag.py took 0.143 seconds
[2025-05-13T21:41:26.713+0000] {processor.py:153} INFO - Started process (PID=1744) to work on /home/airflow/.local/lib/python3.9/site-packages/airflow/example_dags/example_skip_dag.py
[2025-05-13T21:41:26.717+0000] {processor.py:743} INFO - Processing file /home/airflow/.local/lib/python3.9/site-packages/airflow/example_dags/example_skip_dag.py for tasks to queue
[2025-05-13T21:41:26.718+0000] {logging_mixin.py:137} INFO - [2025-05-13T21:41:26.718+0000] {dagbag.py:538} INFO - Filling up the DagBag from /home/airflow/.local/lib/python3.9/site-packages/airflow/example_dags/example_skip_dag.py
[2025-05-13T21:41:26.744+0000] {processor.py:753} INFO - DAG(s) dict_keys(['example_skip_dag']) retrieved from /home/airflow/.local/lib/python3.9/site-packages/airflow/example_dags/example_skip_dag.py
[2025-05-13T21:41:26.808+0000] {logging_mixin.py:137} INFO - [2025-05-13T21:41:26.808+0000] {dag.py:2676} INFO - Sync 1 DAGs
[2025-05-13T21:41:26.842+0000] {logging_mixin.py:137} INFO - [2025-05-13T21:41:26.842+0000] {dag.py:3423} INFO - Setting next_dagrun for example_skip_dag to 2025-05-12T21:41:26.842209+00:00, run_after=2025-05-13T21:41:26.842209+00:00
[2025-05-13T21:41:26.871+0000] {processor.py:175} INFO - Processing /home/airflow/.local/lib/python3.9/site-packages/airflow/example_dags/example_skip_dag.py took 0.165 seconds
