[2025-05-13T02:45:39.696+0000] {processor.py:153} INFO - Started process (PID=230) to work on /home/airflow/.local/lib/python3.9/site-packages/airflow/example_dags/example_branch_operator_decorator.py
[2025-05-13T02:45:39.698+0000] {processor.py:743} INFO - Processing file /home/airflow/.local/lib/python3.9/site-packages/airflow/example_dags/example_branch_operator_decorator.py for tasks to queue
[2025-05-13T02:45:39.699+0000] {logging_mixin.py:137} INFO - [2025-05-13T02:45:39.699+0000] {dagbag.py:538} INFO - Filling up the DagBag from /home/airflow/.local/lib/python3.9/site-packages/airflow/example_dags/example_branch_operator_decorator.py
[2025-05-13T02:45:39.727+0000] {processor.py:753} INFO - DAG(s) dict_keys(['example_branch_python_operator_decorator']) retrieved from /home/airflow/.local/lib/python3.9/site-packages/airflow/example_dags/example_branch_operator_decorator.py
[2025-05-13T02:45:39.885+0000] {logging_mixin.py:137} INFO - [2025-05-13T02:45:39.885+0000] {manager.py:504} INFO - Created Permission View: can delete on DAG:example_branch_python_operator_decorator
[2025-05-13T02:45:39.894+0000] {logging_mixin.py:137} INFO - [2025-05-13T02:45:39.894+0000] {manager.py:504} INFO - Created Permission View: can edit on DAG:example_branch_python_operator_decorator
[2025-05-13T02:45:39.900+0000] {logging_mixin.py:137} INFO - [2025-05-13T02:45:39.900+0000] {manager.py:504} INFO - Created Permission View: can read on DAG:example_branch_python_operator_decorator
[2025-05-13T02:45:39.901+0000] {logging_mixin.py:137} INFO - [2025-05-13T02:45:39.901+0000] {dag.py:2676} INFO - Sync 1 DAGs
[2025-05-13T02:45:39.937+0000] {logging_mixin.py:137} INFO - [2025-05-13T02:45:39.937+0000] {dag.py:2697} INFO - Creating ORM DAG for example_branch_python_operator_decorator
[2025-05-13T02:45:39.964+0000] {logging_mixin.py:137} INFO - [2025-05-13T02:45:39.964+0000] {dag.py:3423} INFO - Setting next_dagrun for example_branch_python_operator_decorator to 2025-05-12T00:00:00+00:00, run_after=2025-05-13T00:00:00+00:00
[2025-05-13T02:45:39.998+0000] {processor.py:175} INFO - Processing /home/airflow/.local/lib/python3.9/site-packages/airflow/example_dags/example_branch_operator_decorator.py took 0.309 seconds
[2025-05-13T02:46:10.450+0000] {processor.py:153} INFO - Started process (PID=427) to work on /home/airflow/.local/lib/python3.9/site-packages/airflow/example_dags/example_branch_operator_decorator.py
[2025-05-13T02:46:10.452+0000] {processor.py:743} INFO - Processing file /home/airflow/.local/lib/python3.9/site-packages/airflow/example_dags/example_branch_operator_decorator.py for tasks to queue
[2025-05-13T02:46:10.454+0000] {logging_mixin.py:137} INFO - [2025-05-13T02:46:10.454+0000] {dagbag.py:538} INFO - Filling up the DagBag from /home/airflow/.local/lib/python3.9/site-packages/airflow/example_dags/example_branch_operator_decorator.py
[2025-05-13T02:46:10.512+0000] {processor.py:753} INFO - DAG(s) dict_keys(['example_branch_python_operator_decorator']) retrieved from /home/airflow/.local/lib/python3.9/site-packages/airflow/example_dags/example_branch_operator_decorator.py
[2025-05-13T02:46:10.570+0000] {logging_mixin.py:137} INFO - [2025-05-13T02:46:10.570+0000] {dag.py:2676} INFO - Sync 1 DAGs
[2025-05-13T02:46:10.599+0000] {logging_mixin.py:137} INFO - [2025-05-13T02:46:10.599+0000] {dag.py:3423} INFO - Setting next_dagrun for example_branch_python_operator_decorator to 2025-05-12T00:00:00+00:00, run_after=2025-05-13T00:00:00+00:00
[2025-05-13T02:46:10.622+0000] {processor.py:175} INFO - Processing /home/airflow/.local/lib/python3.9/site-packages/airflow/example_dags/example_branch_operator_decorator.py took 0.178 seconds
[2025-05-13T02:46:40.808+0000] {processor.py:153} INFO - Started process (PID=630) to work on /home/airflow/.local/lib/python3.9/site-packages/airflow/example_dags/example_branch_operator_decorator.py
[2025-05-13T02:46:40.809+0000] {processor.py:743} INFO - Processing file /home/airflow/.local/lib/python3.9/site-packages/airflow/example_dags/example_branch_operator_decorator.py for tasks to queue
[2025-05-13T02:46:40.810+0000] {logging_mixin.py:137} INFO - [2025-05-13T02:46:40.810+0000] {dagbag.py:538} INFO - Filling up the DagBag from /home/airflow/.local/lib/python3.9/site-packages/airflow/example_dags/example_branch_operator_decorator.py
[2025-05-13T02:46:40.846+0000] {processor.py:753} INFO - DAG(s) dict_keys(['example_branch_python_operator_decorator']) retrieved from /home/airflow/.local/lib/python3.9/site-packages/airflow/example_dags/example_branch_operator_decorator.py
[2025-05-13T02:46:40.896+0000] {logging_mixin.py:137} INFO - [2025-05-13T02:46:40.896+0000] {dag.py:2676} INFO - Sync 1 DAGs
[2025-05-13T02:46:40.929+0000] {logging_mixin.py:137} INFO - [2025-05-13T02:46:40.929+0000] {dag.py:3423} INFO - Setting next_dagrun for example_branch_python_operator_decorator to 2025-05-12T00:00:00+00:00, run_after=2025-05-13T00:00:00+00:00
[2025-05-13T02:46:40.952+0000] {processor.py:175} INFO - Processing /home/airflow/.local/lib/python3.9/site-packages/airflow/example_dags/example_branch_operator_decorator.py took 0.149 seconds
[2025-05-13T02:47:11.472+0000] {processor.py:153} INFO - Started process (PID=833) to work on /home/airflow/.local/lib/python3.9/site-packages/airflow/example_dags/example_branch_operator_decorator.py
[2025-05-13T02:47:11.474+0000] {processor.py:743} INFO - Processing file /home/airflow/.local/lib/python3.9/site-packages/airflow/example_dags/example_branch_operator_decorator.py for tasks to queue
[2025-05-13T02:47:11.475+0000] {logging_mixin.py:137} INFO - [2025-05-13T02:47:11.475+0000] {dagbag.py:538} INFO - Filling up the DagBag from /home/airflow/.local/lib/python3.9/site-packages/airflow/example_dags/example_branch_operator_decorator.py
[2025-05-13T02:47:11.516+0000] {processor.py:753} INFO - DAG(s) dict_keys(['example_branch_python_operator_decorator']) retrieved from /home/airflow/.local/lib/python3.9/site-packages/airflow/example_dags/example_branch_operator_decorator.py
[2025-05-13T02:47:11.568+0000] {logging_mixin.py:137} INFO - [2025-05-13T02:47:11.568+0000] {dag.py:2676} INFO - Sync 1 DAGs
[2025-05-13T02:47:11.609+0000] {logging_mixin.py:137} INFO - [2025-05-13T02:47:11.608+0000] {dag.py:3423} INFO - Setting next_dagrun for example_branch_python_operator_decorator to 2025-05-12T00:00:00+00:00, run_after=2025-05-13T00:00:00+00:00
[2025-05-13T02:47:11.636+0000] {processor.py:175} INFO - Processing /home/airflow/.local/lib/python3.9/site-packages/airflow/example_dags/example_branch_operator_decorator.py took 0.169 seconds
[2025-05-13T02:47:42.012+0000] {processor.py:153} INFO - Started process (PID=1043) to work on /home/airflow/.local/lib/python3.9/site-packages/airflow/example_dags/example_branch_operator_decorator.py
[2025-05-13T02:47:42.014+0000] {processor.py:743} INFO - Processing file /home/airflow/.local/lib/python3.9/site-packages/airflow/example_dags/example_branch_operator_decorator.py for tasks to queue
[2025-05-13T02:47:42.015+0000] {logging_mixin.py:137} INFO - [2025-05-13T02:47:42.015+0000] {dagbag.py:538} INFO - Filling up the DagBag from /home/airflow/.local/lib/python3.9/site-packages/airflow/example_dags/example_branch_operator_decorator.py
[2025-05-13T02:47:42.052+0000] {processor.py:753} INFO - DAG(s) dict_keys(['example_branch_python_operator_decorator']) retrieved from /home/airflow/.local/lib/python3.9/site-packages/airflow/example_dags/example_branch_operator_decorator.py
[2025-05-13T02:47:42.103+0000] {logging_mixin.py:137} INFO - [2025-05-13T02:47:42.102+0000] {dag.py:2676} INFO - Sync 1 DAGs
[2025-05-13T02:47:42.133+0000] {logging_mixin.py:137} INFO - [2025-05-13T02:47:42.133+0000] {dag.py:3423} INFO - Setting next_dagrun for example_branch_python_operator_decorator to 2025-05-12T00:00:00+00:00, run_after=2025-05-13T00:00:00+00:00
[2025-05-13T02:47:42.155+0000] {processor.py:175} INFO - Processing /home/airflow/.local/lib/python3.9/site-packages/airflow/example_dags/example_branch_operator_decorator.py took 0.147 seconds
[2025-05-13T02:48:12.720+0000] {processor.py:153} INFO - Started process (PID=1246) to work on /home/airflow/.local/lib/python3.9/site-packages/airflow/example_dags/example_branch_operator_decorator.py
[2025-05-13T02:48:12.721+0000] {processor.py:743} INFO - Processing file /home/airflow/.local/lib/python3.9/site-packages/airflow/example_dags/example_branch_operator_decorator.py for tasks to queue
[2025-05-13T02:48:12.723+0000] {logging_mixin.py:137} INFO - [2025-05-13T02:48:12.723+0000] {dagbag.py:538} INFO - Filling up the DagBag from /home/airflow/.local/lib/python3.9/site-packages/airflow/example_dags/example_branch_operator_decorator.py
[2025-05-13T02:48:12.768+0000] {processor.py:753} INFO - DAG(s) dict_keys(['example_branch_python_operator_decorator']) retrieved from /home/airflow/.local/lib/python3.9/site-packages/airflow/example_dags/example_branch_operator_decorator.py
[2025-05-13T02:48:12.830+0000] {logging_mixin.py:137} INFO - [2025-05-13T02:48:12.830+0000] {dag.py:2676} INFO - Sync 1 DAGs
[2025-05-13T02:48:12.870+0000] {logging_mixin.py:137} INFO - [2025-05-13T02:48:12.870+0000] {dag.py:3423} INFO - Setting next_dagrun for example_branch_python_operator_decorator to 2025-05-12T00:00:00+00:00, run_after=2025-05-13T00:00:00+00:00
[2025-05-13T02:48:12.903+0000] {processor.py:175} INFO - Processing /home/airflow/.local/lib/python3.9/site-packages/airflow/example_dags/example_branch_operator_decorator.py took 0.224 seconds
[2025-05-13T02:49:28.911+0000] {processor.py:153} INFO - Started process (PID=252) to work on /home/airflow/.local/lib/python3.9/site-packages/airflow/example_dags/example_branch_operator_decorator.py
[2025-05-13T02:49:28.913+0000] {processor.py:743} INFO - Processing file /home/airflow/.local/lib/python3.9/site-packages/airflow/example_dags/example_branch_operator_decorator.py for tasks to queue
[2025-05-13T02:49:28.914+0000] {logging_mixin.py:137} INFO - [2025-05-13T02:49:28.914+0000] {dagbag.py:538} INFO - Filling up the DagBag from /home/airflow/.local/lib/python3.9/site-packages/airflow/example_dags/example_branch_operator_decorator.py
[2025-05-13T02:49:28.968+0000] {processor.py:753} INFO - DAG(s) dict_keys(['example_branch_python_operator_decorator']) retrieved from /home/airflow/.local/lib/python3.9/site-packages/airflow/example_dags/example_branch_operator_decorator.py
[2025-05-13T02:49:29.075+0000] {logging_mixin.py:137} INFO - [2025-05-13T02:49:29.075+0000] {dag.py:2676} INFO - Sync 1 DAGs
[2025-05-13T02:49:29.205+0000] {logging_mixin.py:137} INFO - [2025-05-13T02:49:29.205+0000] {dag.py:3423} INFO - Setting next_dagrun for example_branch_python_operator_decorator to 2025-05-12T00:00:00+00:00, run_after=2025-05-13T00:00:00+00:00
[2025-05-13T02:49:29.333+0000] {processor.py:175} INFO - Processing /home/airflow/.local/lib/python3.9/site-packages/airflow/example_dags/example_branch_operator_decorator.py took 0.430 seconds
[2025-05-13T02:49:59.974+0000] {processor.py:153} INFO - Started process (PID=451) to work on /home/airflow/.local/lib/python3.9/site-packages/airflow/example_dags/example_branch_operator_decorator.py
[2025-05-13T02:49:59.976+0000] {processor.py:743} INFO - Processing file /home/airflow/.local/lib/python3.9/site-packages/airflow/example_dags/example_branch_operator_decorator.py for tasks to queue
[2025-05-13T02:49:59.977+0000] {logging_mixin.py:137} INFO - [2025-05-13T02:49:59.976+0000] {dagbag.py:538} INFO - Filling up the DagBag from /home/airflow/.local/lib/python3.9/site-packages/airflow/example_dags/example_branch_operator_decorator.py
[2025-05-13T02:50:00.013+0000] {processor.py:753} INFO - DAG(s) dict_keys(['example_branch_python_operator_decorator']) retrieved from /home/airflow/.local/lib/python3.9/site-packages/airflow/example_dags/example_branch_operator_decorator.py
[2025-05-13T02:50:00.068+0000] {logging_mixin.py:137} INFO - [2025-05-13T02:50:00.068+0000] {dag.py:2676} INFO - Sync 1 DAGs
[2025-05-13T02:50:00.101+0000] {logging_mixin.py:137} INFO - [2025-05-13T02:50:00.101+0000] {dag.py:3423} INFO - Setting next_dagrun for example_branch_python_operator_decorator to 2025-05-12T00:00:00+00:00, run_after=2025-05-13T00:00:00+00:00
[2025-05-13T02:50:00.125+0000] {processor.py:175} INFO - Processing /home/airflow/.local/lib/python3.9/site-packages/airflow/example_dags/example_branch_operator_decorator.py took 0.154 seconds
[2025-05-13T02:50:30.201+0000] {processor.py:153} INFO - Started process (PID=654) to work on /home/airflow/.local/lib/python3.9/site-packages/airflow/example_dags/example_branch_operator_decorator.py
[2025-05-13T02:50:30.204+0000] {processor.py:743} INFO - Processing file /home/airflow/.local/lib/python3.9/site-packages/airflow/example_dags/example_branch_operator_decorator.py for tasks to queue
[2025-05-13T02:50:30.205+0000] {logging_mixin.py:137} INFO - [2025-05-13T02:50:30.205+0000] {dagbag.py:538} INFO - Filling up the DagBag from /home/airflow/.local/lib/python3.9/site-packages/airflow/example_dags/example_branch_operator_decorator.py
[2025-05-13T02:50:30.240+0000] {processor.py:753} INFO - DAG(s) dict_keys(['example_branch_python_operator_decorator']) retrieved from /home/airflow/.local/lib/python3.9/site-packages/airflow/example_dags/example_branch_operator_decorator.py
[2025-05-13T02:50:30.298+0000] {logging_mixin.py:137} INFO - [2025-05-13T02:50:30.298+0000] {dag.py:2676} INFO - Sync 1 DAGs
[2025-05-13T02:50:30.332+0000] {logging_mixin.py:137} INFO - [2025-05-13T02:50:30.331+0000] {dag.py:3423} INFO - Setting next_dagrun for example_branch_python_operator_decorator to 2025-05-12T00:00:00+00:00, run_after=2025-05-13T00:00:00+00:00
[2025-05-13T02:50:30.356+0000] {processor.py:175} INFO - Processing /home/airflow/.local/lib/python3.9/site-packages/airflow/example_dags/example_branch_operator_decorator.py took 0.160 seconds
[2025-05-13T21:18:24.880+0000] {processor.py:153} INFO - Started process (PID=237) to work on /home/airflow/.local/lib/python3.9/site-packages/airflow/example_dags/example_branch_operator_decorator.py
[2025-05-13T21:18:24.883+0000] {processor.py:743} INFO - Processing file /home/airflow/.local/lib/python3.9/site-packages/airflow/example_dags/example_branch_operator_decorator.py for tasks to queue
[2025-05-13T21:18:24.884+0000] {logging_mixin.py:137} INFO - [2025-05-13T21:18:24.884+0000] {dagbag.py:538} INFO - Filling up the DagBag from /home/airflow/.local/lib/python3.9/site-packages/airflow/example_dags/example_branch_operator_decorator.py
[2025-05-13T21:18:24.938+0000] {processor.py:753} INFO - DAG(s) dict_keys(['example_branch_python_operator_decorator']) retrieved from /home/airflow/.local/lib/python3.9/site-packages/airflow/example_dags/example_branch_operator_decorator.py
[2025-05-13T21:18:25.156+0000] {logging_mixin.py:137} INFO - [2025-05-13T21:18:25.156+0000] {manager.py:504} INFO - Created Permission View: can edit on DAG:example_branch_python_operator_decorator
[2025-05-13T21:18:25.171+0000] {logging_mixin.py:137} INFO - [2025-05-13T21:18:25.171+0000] {manager.py:504} INFO - Created Permission View: can delete on DAG:example_branch_python_operator_decorator
[2025-05-13T21:18:25.180+0000] {logging_mixin.py:137} INFO - [2025-05-13T21:18:25.180+0000] {manager.py:504} INFO - Created Permission View: can read on DAG:example_branch_python_operator_decorator
[2025-05-13T21:18:25.180+0000] {logging_mixin.py:137} INFO - [2025-05-13T21:18:25.180+0000] {dag.py:2676} INFO - Sync 1 DAGs
[2025-05-13T21:18:25.195+0000] {logging_mixin.py:137} INFO - [2025-05-13T21:18:25.195+0000] {dag.py:2697} INFO - Creating ORM DAG for example_branch_python_operator_decorator
[2025-05-13T21:18:25.210+0000] {logging_mixin.py:137} INFO - [2025-05-13T21:18:25.210+0000] {dag.py:3423} INFO - Setting next_dagrun for example_branch_python_operator_decorator to 2025-05-12T00:00:00+00:00, run_after=2025-05-13T00:00:00+00:00
[2025-05-13T21:18:25.234+0000] {processor.py:175} INFO - Processing /home/airflow/.local/lib/python3.9/site-packages/airflow/example_dags/example_branch_operator_decorator.py took 0.362 seconds
[2025-05-13T21:18:56.072+0000] {processor.py:153} INFO - Started process (PID=436) to work on /home/airflow/.local/lib/python3.9/site-packages/airflow/example_dags/example_branch_operator_decorator.py
[2025-05-13T21:18:56.076+0000] {processor.py:743} INFO - Processing file /home/airflow/.local/lib/python3.9/site-packages/airflow/example_dags/example_branch_operator_decorator.py for tasks to queue
[2025-05-13T21:18:56.077+0000] {logging_mixin.py:137} INFO - [2025-05-13T21:18:56.077+0000] {dagbag.py:538} INFO - Filling up the DagBag from /home/airflow/.local/lib/python3.9/site-packages/airflow/example_dags/example_branch_operator_decorator.py
[2025-05-13T21:18:56.118+0000] {processor.py:753} INFO - DAG(s) dict_keys(['example_branch_python_operator_decorator']) retrieved from /home/airflow/.local/lib/python3.9/site-packages/airflow/example_dags/example_branch_operator_decorator.py
[2025-05-13T21:18:56.187+0000] {logging_mixin.py:137} INFO - [2025-05-13T21:18:56.186+0000] {dag.py:2676} INFO - Sync 1 DAGs
[2025-05-13T21:18:56.223+0000] {logging_mixin.py:137} INFO - [2025-05-13T21:18:56.223+0000] {dag.py:3423} INFO - Setting next_dagrun for example_branch_python_operator_decorator to 2025-05-12T00:00:00+00:00, run_after=2025-05-13T00:00:00+00:00
[2025-05-13T21:18:56.250+0000] {processor.py:175} INFO - Processing /home/airflow/.local/lib/python3.9/site-packages/airflow/example_dags/example_branch_operator_decorator.py took 0.182 seconds
[2025-05-13T21:19:26.430+0000] {processor.py:153} INFO - Started process (PID=639) to work on /home/airflow/.local/lib/python3.9/site-packages/airflow/example_dags/example_branch_operator_decorator.py
[2025-05-13T21:19:26.431+0000] {processor.py:743} INFO - Processing file /home/airflow/.local/lib/python3.9/site-packages/airflow/example_dags/example_branch_operator_decorator.py for tasks to queue
[2025-05-13T21:19:26.432+0000] {logging_mixin.py:137} INFO - [2025-05-13T21:19:26.432+0000] {dagbag.py:538} INFO - Filling up the DagBag from /home/airflow/.local/lib/python3.9/site-packages/airflow/example_dags/example_branch_operator_decorator.py
[2025-05-13T21:19:26.485+0000] {processor.py:753} INFO - DAG(s) dict_keys(['example_branch_python_operator_decorator']) retrieved from /home/airflow/.local/lib/python3.9/site-packages/airflow/example_dags/example_branch_operator_decorator.py
[2025-05-13T21:19:26.564+0000] {logging_mixin.py:137} INFO - [2025-05-13T21:19:26.563+0000] {dag.py:2676} INFO - Sync 1 DAGs
[2025-05-13T21:19:26.620+0000] {logging_mixin.py:137} INFO - [2025-05-13T21:19:26.620+0000] {dag.py:3423} INFO - Setting next_dagrun for example_branch_python_operator_decorator to 2025-05-12T00:00:00+00:00, run_after=2025-05-13T00:00:00+00:00
[2025-05-13T21:19:26.661+0000] {processor.py:175} INFO - Processing /home/airflow/.local/lib/python3.9/site-packages/airflow/example_dags/example_branch_operator_decorator.py took 0.236 seconds
[2025-05-13T21:19:57.176+0000] {processor.py:153} INFO - Started process (PID=840) to work on /home/airflow/.local/lib/python3.9/site-packages/airflow/example_dags/example_branch_operator_decorator.py
[2025-05-13T21:19:57.177+0000] {processor.py:743} INFO - Processing file /home/airflow/.local/lib/python3.9/site-packages/airflow/example_dags/example_branch_operator_decorator.py for tasks to queue
[2025-05-13T21:19:57.179+0000] {logging_mixin.py:137} INFO - [2025-05-13T21:19:57.178+0000] {dagbag.py:538} INFO - Filling up the DagBag from /home/airflow/.local/lib/python3.9/site-packages/airflow/example_dags/example_branch_operator_decorator.py
[2025-05-13T21:19:57.218+0000] {processor.py:753} INFO - DAG(s) dict_keys(['example_branch_python_operator_decorator']) retrieved from /home/airflow/.local/lib/python3.9/site-packages/airflow/example_dags/example_branch_operator_decorator.py
[2025-05-13T21:19:57.288+0000] {logging_mixin.py:137} INFO - [2025-05-13T21:19:57.288+0000] {dag.py:2676} INFO - Sync 1 DAGs
[2025-05-13T21:19:57.335+0000] {logging_mixin.py:137} INFO - [2025-05-13T21:19:57.335+0000] {dag.py:3423} INFO - Setting next_dagrun for example_branch_python_operator_decorator to 2025-05-12T00:00:00+00:00, run_after=2025-05-13T00:00:00+00:00
[2025-05-13T21:19:57.369+0000] {processor.py:175} INFO - Processing /home/airflow/.local/lib/python3.9/site-packages/airflow/example_dags/example_branch_operator_decorator.py took 0.198 seconds
[2025-05-13T21:20:27.659+0000] {processor.py:153} INFO - Started process (PID=1043) to work on /home/airflow/.local/lib/python3.9/site-packages/airflow/example_dags/example_branch_operator_decorator.py
[2025-05-13T21:20:27.661+0000] {processor.py:743} INFO - Processing file /home/airflow/.local/lib/python3.9/site-packages/airflow/example_dags/example_branch_operator_decorator.py for tasks to queue
[2025-05-13T21:20:27.665+0000] {logging_mixin.py:137} INFO - [2025-05-13T21:20:27.665+0000] {dagbag.py:538} INFO - Filling up the DagBag from /home/airflow/.local/lib/python3.9/site-packages/airflow/example_dags/example_branch_operator_decorator.py
[2025-05-13T21:20:27.719+0000] {processor.py:753} INFO - DAG(s) dict_keys(['example_branch_python_operator_decorator']) retrieved from /home/airflow/.local/lib/python3.9/site-packages/airflow/example_dags/example_branch_operator_decorator.py
[2025-05-13T21:20:27.812+0000] {logging_mixin.py:137} INFO - [2025-05-13T21:20:27.812+0000] {dag.py:2676} INFO - Sync 1 DAGs
[2025-05-13T21:20:27.858+0000] {logging_mixin.py:137} INFO - [2025-05-13T21:20:27.858+0000] {dag.py:3423} INFO - Setting next_dagrun for example_branch_python_operator_decorator to 2025-05-12T00:00:00+00:00, run_after=2025-05-13T00:00:00+00:00
[2025-05-13T21:20:27.884+0000] {processor.py:175} INFO - Processing /home/airflow/.local/lib/python3.9/site-packages/airflow/example_dags/example_branch_operator_decorator.py took 0.232 seconds
[2025-05-13T21:20:57.975+0000] {processor.py:153} INFO - Started process (PID=1249) to work on /home/airflow/.local/lib/python3.9/site-packages/airflow/example_dags/example_branch_operator_decorator.py
[2025-05-13T21:20:57.976+0000] {processor.py:743} INFO - Processing file /home/airflow/.local/lib/python3.9/site-packages/airflow/example_dags/example_branch_operator_decorator.py for tasks to queue
[2025-05-13T21:20:57.977+0000] {logging_mixin.py:137} INFO - [2025-05-13T21:20:57.977+0000] {dagbag.py:538} INFO - Filling up the DagBag from /home/airflow/.local/lib/python3.9/site-packages/airflow/example_dags/example_branch_operator_decorator.py
[2025-05-13T21:20:58.013+0000] {processor.py:753} INFO - DAG(s) dict_keys(['example_branch_python_operator_decorator']) retrieved from /home/airflow/.local/lib/python3.9/site-packages/airflow/example_dags/example_branch_operator_decorator.py
[2025-05-13T21:20:58.064+0000] {logging_mixin.py:137} INFO - [2025-05-13T21:20:58.064+0000] {dag.py:2676} INFO - Sync 1 DAGs
[2025-05-13T21:20:58.096+0000] {logging_mixin.py:137} INFO - [2025-05-13T21:20:58.095+0000] {dag.py:3423} INFO - Setting next_dagrun for example_branch_python_operator_decorator to 2025-05-12T00:00:00+00:00, run_after=2025-05-13T00:00:00+00:00
[2025-05-13T21:20:58.126+0000] {processor.py:175} INFO - Processing /home/airflow/.local/lib/python3.9/site-packages/airflow/example_dags/example_branch_operator_decorator.py took 0.156 seconds
[2025-05-13T21:21:28.516+0000] {processor.py:153} INFO - Started process (PID=1454) to work on /home/airflow/.local/lib/python3.9/site-packages/airflow/example_dags/example_branch_operator_decorator.py
[2025-05-13T21:21:28.517+0000] {processor.py:743} INFO - Processing file /home/airflow/.local/lib/python3.9/site-packages/airflow/example_dags/example_branch_operator_decorator.py for tasks to queue
[2025-05-13T21:21:28.518+0000] {logging_mixin.py:137} INFO - [2025-05-13T21:21:28.518+0000] {dagbag.py:538} INFO - Filling up the DagBag from /home/airflow/.local/lib/python3.9/site-packages/airflow/example_dags/example_branch_operator_decorator.py
[2025-05-13T21:21:28.558+0000] {processor.py:753} INFO - DAG(s) dict_keys(['example_branch_python_operator_decorator']) retrieved from /home/airflow/.local/lib/python3.9/site-packages/airflow/example_dags/example_branch_operator_decorator.py
[2025-05-13T21:21:28.620+0000] {logging_mixin.py:137} INFO - [2025-05-13T21:21:28.620+0000] {dag.py:2676} INFO - Sync 1 DAGs
[2025-05-13T21:21:28.654+0000] {logging_mixin.py:137} INFO - [2025-05-13T21:21:28.654+0000] {dag.py:3423} INFO - Setting next_dagrun for example_branch_python_operator_decorator to 2025-05-12T00:00:00+00:00, run_after=2025-05-13T00:00:00+00:00
[2025-05-13T21:21:28.677+0000] {processor.py:175} INFO - Processing /home/airflow/.local/lib/python3.9/site-packages/airflow/example_dags/example_branch_operator_decorator.py took 0.166 seconds
[2025-05-13T21:21:59.224+0000] {processor.py:153} INFO - Started process (PID=1655) to work on /home/airflow/.local/lib/python3.9/site-packages/airflow/example_dags/example_branch_operator_decorator.py
[2025-05-13T21:21:59.226+0000] {processor.py:743} INFO - Processing file /home/airflow/.local/lib/python3.9/site-packages/airflow/example_dags/example_branch_operator_decorator.py for tasks to queue
[2025-05-13T21:21:59.227+0000] {logging_mixin.py:137} INFO - [2025-05-13T21:21:59.226+0000] {dagbag.py:538} INFO - Filling up the DagBag from /home/airflow/.local/lib/python3.9/site-packages/airflow/example_dags/example_branch_operator_decorator.py
[2025-05-13T21:21:59.261+0000] {processor.py:753} INFO - DAG(s) dict_keys(['example_branch_python_operator_decorator']) retrieved from /home/airflow/.local/lib/python3.9/site-packages/airflow/example_dags/example_branch_operator_decorator.py
[2025-05-13T21:21:59.315+0000] {logging_mixin.py:137} INFO - [2025-05-13T21:21:59.315+0000] {dag.py:2676} INFO - Sync 1 DAGs
[2025-05-13T21:21:59.344+0000] {logging_mixin.py:137} INFO - [2025-05-13T21:21:59.344+0000] {dag.py:3423} INFO - Setting next_dagrun for example_branch_python_operator_decorator to 2025-05-12T00:00:00+00:00, run_after=2025-05-13T00:00:00+00:00
[2025-05-13T21:21:59.368+0000] {processor.py:175} INFO - Processing /home/airflow/.local/lib/python3.9/site-packages/airflow/example_dags/example_branch_operator_decorator.py took 0.148 seconds
[2025-05-13T21:22:29.770+0000] {processor.py:153} INFO - Started process (PID=1860) to work on /home/airflow/.local/lib/python3.9/site-packages/airflow/example_dags/example_branch_operator_decorator.py
[2025-05-13T21:22:29.772+0000] {processor.py:743} INFO - Processing file /home/airflow/.local/lib/python3.9/site-packages/airflow/example_dags/example_branch_operator_decorator.py for tasks to queue
[2025-05-13T21:22:29.773+0000] {logging_mixin.py:137} INFO - [2025-05-13T21:22:29.773+0000] {dagbag.py:538} INFO - Filling up the DagBag from /home/airflow/.local/lib/python3.9/site-packages/airflow/example_dags/example_branch_operator_decorator.py
[2025-05-13T21:22:29.817+0000] {processor.py:753} INFO - DAG(s) dict_keys(['example_branch_python_operator_decorator']) retrieved from /home/airflow/.local/lib/python3.9/site-packages/airflow/example_dags/example_branch_operator_decorator.py
[2025-05-13T21:22:29.872+0000] {logging_mixin.py:137} INFO - [2025-05-13T21:22:29.871+0000] {dag.py:2676} INFO - Sync 1 DAGs
[2025-05-13T21:22:29.904+0000] {logging_mixin.py:137} INFO - [2025-05-13T21:22:29.904+0000] {dag.py:3423} INFO - Setting next_dagrun for example_branch_python_operator_decorator to 2025-05-12T00:00:00+00:00, run_after=2025-05-13T00:00:00+00:00
[2025-05-13T21:22:29.930+0000] {processor.py:175} INFO - Processing /home/airflow/.local/lib/python3.9/site-packages/airflow/example_dags/example_branch_operator_decorator.py took 0.164 seconds
[2025-05-13T21:23:00.248+0000] {processor.py:153} INFO - Started process (PID=2063) to work on /home/airflow/.local/lib/python3.9/site-packages/airflow/example_dags/example_branch_operator_decorator.py
[2025-05-13T21:23:00.250+0000] {processor.py:743} INFO - Processing file /home/airflow/.local/lib/python3.9/site-packages/airflow/example_dags/example_branch_operator_decorator.py for tasks to queue
[2025-05-13T21:23:00.251+0000] {logging_mixin.py:137} INFO - [2025-05-13T21:23:00.251+0000] {dagbag.py:538} INFO - Filling up the DagBag from /home/airflow/.local/lib/python3.9/site-packages/airflow/example_dags/example_branch_operator_decorator.py
[2025-05-13T21:23:00.409+0000] {processor.py:753} INFO - DAG(s) dict_keys(['example_branch_python_operator_decorator']) retrieved from /home/airflow/.local/lib/python3.9/site-packages/airflow/example_dags/example_branch_operator_decorator.py
[2025-05-13T21:23:00.490+0000] {logging_mixin.py:137} INFO - [2025-05-13T21:23:00.490+0000] {dag.py:2676} INFO - Sync 1 DAGs
[2025-05-13T21:23:00.529+0000] {logging_mixin.py:137} INFO - [2025-05-13T21:23:00.529+0000] {dag.py:3423} INFO - Setting next_dagrun for example_branch_python_operator_decorator to 2025-05-12T00:00:00+00:00, run_after=2025-05-13T00:00:00+00:00
[2025-05-13T21:23:00.560+0000] {processor.py:175} INFO - Processing /home/airflow/.local/lib/python3.9/site-packages/airflow/example_dags/example_branch_operator_decorator.py took 0.321 seconds
[2025-05-13T21:23:31.148+0000] {processor.py:153} INFO - Started process (PID=2266) to work on /home/airflow/.local/lib/python3.9/site-packages/airflow/example_dags/example_branch_operator_decorator.py
[2025-05-13T21:23:31.149+0000] {processor.py:743} INFO - Processing file /home/airflow/.local/lib/python3.9/site-packages/airflow/example_dags/example_branch_operator_decorator.py for tasks to queue
[2025-05-13T21:23:31.150+0000] {logging_mixin.py:137} INFO - [2025-05-13T21:23:31.150+0000] {dagbag.py:538} INFO - Filling up the DagBag from /home/airflow/.local/lib/python3.9/site-packages/airflow/example_dags/example_branch_operator_decorator.py
[2025-05-13T21:23:31.184+0000] {processor.py:753} INFO - DAG(s) dict_keys(['example_branch_python_operator_decorator']) retrieved from /home/airflow/.local/lib/python3.9/site-packages/airflow/example_dags/example_branch_operator_decorator.py
[2025-05-13T21:23:31.230+0000] {logging_mixin.py:137} INFO - [2025-05-13T21:23:31.230+0000] {dag.py:2676} INFO - Sync 1 DAGs
[2025-05-13T21:23:31.259+0000] {logging_mixin.py:137} INFO - [2025-05-13T21:23:31.259+0000] {dag.py:3423} INFO - Setting next_dagrun for example_branch_python_operator_decorator to 2025-05-12T00:00:00+00:00, run_after=2025-05-13T00:00:00+00:00
[2025-05-13T21:23:31.280+0000] {processor.py:175} INFO - Processing /home/airflow/.local/lib/python3.9/site-packages/airflow/example_dags/example_branch_operator_decorator.py took 0.136 seconds
[2025-05-13T21:24:02.223+0000] {processor.py:153} INFO - Started process (PID=2467) to work on /home/airflow/.local/lib/python3.9/site-packages/airflow/example_dags/example_branch_operator_decorator.py
[2025-05-13T21:24:02.224+0000] {processor.py:743} INFO - Processing file /home/airflow/.local/lib/python3.9/site-packages/airflow/example_dags/example_branch_operator_decorator.py for tasks to queue
[2025-05-13T21:24:02.225+0000] {logging_mixin.py:137} INFO - [2025-05-13T21:24:02.225+0000] {dagbag.py:538} INFO - Filling up the DagBag from /home/airflow/.local/lib/python3.9/site-packages/airflow/example_dags/example_branch_operator_decorator.py
[2025-05-13T21:24:02.261+0000] {processor.py:753} INFO - DAG(s) dict_keys(['example_branch_python_operator_decorator']) retrieved from /home/airflow/.local/lib/python3.9/site-packages/airflow/example_dags/example_branch_operator_decorator.py
[2025-05-13T21:24:02.314+0000] {logging_mixin.py:137} INFO - [2025-05-13T21:24:02.314+0000] {dag.py:2676} INFO - Sync 1 DAGs
[2025-05-13T21:24:02.348+0000] {logging_mixin.py:137} INFO - [2025-05-13T21:24:02.348+0000] {dag.py:3423} INFO - Setting next_dagrun for example_branch_python_operator_decorator to 2025-05-12T00:00:00+00:00, run_after=2025-05-13T00:00:00+00:00
[2025-05-13T21:24:02.372+0000] {processor.py:175} INFO - Processing /home/airflow/.local/lib/python3.9/site-packages/airflow/example_dags/example_branch_operator_decorator.py took 0.154 seconds
[2025-05-13T21:24:32.774+0000] {processor.py:153} INFO - Started process (PID=2663) to work on /home/airflow/.local/lib/python3.9/site-packages/airflow/example_dags/example_branch_operator_decorator.py
[2025-05-13T21:24:32.775+0000] {processor.py:743} INFO - Processing file /home/airflow/.local/lib/python3.9/site-packages/airflow/example_dags/example_branch_operator_decorator.py for tasks to queue
[2025-05-13T21:24:32.777+0000] {logging_mixin.py:137} INFO - [2025-05-13T21:24:32.776+0000] {dagbag.py:538} INFO - Filling up the DagBag from /home/airflow/.local/lib/python3.9/site-packages/airflow/example_dags/example_branch_operator_decorator.py
[2025-05-13T21:24:32.822+0000] {processor.py:753} INFO - DAG(s) dict_keys(['example_branch_python_operator_decorator']) retrieved from /home/airflow/.local/lib/python3.9/site-packages/airflow/example_dags/example_branch_operator_decorator.py
[2025-05-13T21:24:32.878+0000] {logging_mixin.py:137} INFO - [2025-05-13T21:24:32.878+0000] {dag.py:2676} INFO - Sync 1 DAGs
[2025-05-13T21:24:32.915+0000] {logging_mixin.py:137} INFO - [2025-05-13T21:24:32.915+0000] {dag.py:3423} INFO - Setting next_dagrun for example_branch_python_operator_decorator to 2025-05-12T00:00:00+00:00, run_after=2025-05-13T00:00:00+00:00
[2025-05-13T21:24:32.939+0000] {processor.py:175} INFO - Processing /home/airflow/.local/lib/python3.9/site-packages/airflow/example_dags/example_branch_operator_decorator.py took 0.170 seconds
[2025-05-13T21:25:03.337+0000] {processor.py:153} INFO - Started process (PID=2866) to work on /home/airflow/.local/lib/python3.9/site-packages/airflow/example_dags/example_branch_operator_decorator.py
[2025-05-13T21:25:03.338+0000] {processor.py:743} INFO - Processing file /home/airflow/.local/lib/python3.9/site-packages/airflow/example_dags/example_branch_operator_decorator.py for tasks to queue
[2025-05-13T21:25:03.339+0000] {logging_mixin.py:137} INFO - [2025-05-13T21:25:03.339+0000] {dagbag.py:538} INFO - Filling up the DagBag from /home/airflow/.local/lib/python3.9/site-packages/airflow/example_dags/example_branch_operator_decorator.py
[2025-05-13T21:25:03.376+0000] {processor.py:753} INFO - DAG(s) dict_keys(['example_branch_python_operator_decorator']) retrieved from /home/airflow/.local/lib/python3.9/site-packages/airflow/example_dags/example_branch_operator_decorator.py
[2025-05-13T21:25:03.425+0000] {logging_mixin.py:137} INFO - [2025-05-13T21:25:03.425+0000] {dag.py:2676} INFO - Sync 1 DAGs
[2025-05-13T21:25:03.454+0000] {logging_mixin.py:137} INFO - [2025-05-13T21:25:03.454+0000] {dag.py:3423} INFO - Setting next_dagrun for example_branch_python_operator_decorator to 2025-05-12T00:00:00+00:00, run_after=2025-05-13T00:00:00+00:00
[2025-05-13T21:25:03.483+0000] {processor.py:175} INFO - Processing /home/airflow/.local/lib/python3.9/site-packages/airflow/example_dags/example_branch_operator_decorator.py took 0.151 seconds
[2025-05-13T21:25:34.089+0000] {processor.py:153} INFO - Started process (PID=3070) to work on /home/airflow/.local/lib/python3.9/site-packages/airflow/example_dags/example_branch_operator_decorator.py
[2025-05-13T21:25:34.091+0000] {processor.py:743} INFO - Processing file /home/airflow/.local/lib/python3.9/site-packages/airflow/example_dags/example_branch_operator_decorator.py for tasks to queue
[2025-05-13T21:25:34.092+0000] {logging_mixin.py:137} INFO - [2025-05-13T21:25:34.092+0000] {dagbag.py:538} INFO - Filling up the DagBag from /home/airflow/.local/lib/python3.9/site-packages/airflow/example_dags/example_branch_operator_decorator.py
[2025-05-13T21:25:34.127+0000] {processor.py:753} INFO - DAG(s) dict_keys(['example_branch_python_operator_decorator']) retrieved from /home/airflow/.local/lib/python3.9/site-packages/airflow/example_dags/example_branch_operator_decorator.py
[2025-05-13T21:25:34.184+0000] {logging_mixin.py:137} INFO - [2025-05-13T21:25:34.183+0000] {dag.py:2676} INFO - Sync 1 DAGs
[2025-05-13T21:25:34.216+0000] {logging_mixin.py:137} INFO - [2025-05-13T21:25:34.216+0000] {dag.py:3423} INFO - Setting next_dagrun for example_branch_python_operator_decorator to 2025-05-12T00:00:00+00:00, run_after=2025-05-13T00:00:00+00:00
[2025-05-13T21:25:34.239+0000] {processor.py:175} INFO - Processing /home/airflow/.local/lib/python3.9/site-packages/airflow/example_dags/example_branch_operator_decorator.py took 0.155 seconds
[2025-05-13T21:26:04.430+0000] {processor.py:153} INFO - Started process (PID=3285) to work on /home/airflow/.local/lib/python3.9/site-packages/airflow/example_dags/example_branch_operator_decorator.py
[2025-05-13T21:26:04.431+0000] {processor.py:743} INFO - Processing file /home/airflow/.local/lib/python3.9/site-packages/airflow/example_dags/example_branch_operator_decorator.py for tasks to queue
[2025-05-13T21:26:04.432+0000] {logging_mixin.py:137} INFO - [2025-05-13T21:26:04.432+0000] {dagbag.py:538} INFO - Filling up the DagBag from /home/airflow/.local/lib/python3.9/site-packages/airflow/example_dags/example_branch_operator_decorator.py
[2025-05-13T21:26:04.474+0000] {processor.py:753} INFO - DAG(s) dict_keys(['example_branch_python_operator_decorator']) retrieved from /home/airflow/.local/lib/python3.9/site-packages/airflow/example_dags/example_branch_operator_decorator.py
[2025-05-13T21:26:04.534+0000] {logging_mixin.py:137} INFO - [2025-05-13T21:26:04.534+0000] {dag.py:2676} INFO - Sync 1 DAGs
[2025-05-13T21:26:04.575+0000] {logging_mixin.py:137} INFO - [2025-05-13T21:26:04.575+0000] {dag.py:3423} INFO - Setting next_dagrun for example_branch_python_operator_decorator to 2025-05-12T00:00:00+00:00, run_after=2025-05-13T00:00:00+00:00
[2025-05-13T21:26:04.599+0000] {processor.py:175} INFO - Processing /home/airflow/.local/lib/python3.9/site-packages/airflow/example_dags/example_branch_operator_decorator.py took 0.173 seconds
[2025-05-13T21:26:35.304+0000] {processor.py:153} INFO - Started process (PID=3488) to work on /home/airflow/.local/lib/python3.9/site-packages/airflow/example_dags/example_branch_operator_decorator.py
[2025-05-13T21:26:35.305+0000] {processor.py:743} INFO - Processing file /home/airflow/.local/lib/python3.9/site-packages/airflow/example_dags/example_branch_operator_decorator.py for tasks to queue
[2025-05-13T21:26:35.307+0000] {logging_mixin.py:137} INFO - [2025-05-13T21:26:35.306+0000] {dagbag.py:538} INFO - Filling up the DagBag from /home/airflow/.local/lib/python3.9/site-packages/airflow/example_dags/example_branch_operator_decorator.py
[2025-05-13T21:26:35.346+0000] {processor.py:753} INFO - DAG(s) dict_keys(['example_branch_python_operator_decorator']) retrieved from /home/airflow/.local/lib/python3.9/site-packages/airflow/example_dags/example_branch_operator_decorator.py
[2025-05-13T21:26:35.400+0000] {logging_mixin.py:137} INFO - [2025-05-13T21:26:35.400+0000] {dag.py:2676} INFO - Sync 1 DAGs
[2025-05-13T21:26:35.433+0000] {logging_mixin.py:137} INFO - [2025-05-13T21:26:35.433+0000] {dag.py:3423} INFO - Setting next_dagrun for example_branch_python_operator_decorator to 2025-05-12T00:00:00+00:00, run_after=2025-05-13T00:00:00+00:00
[2025-05-13T21:26:35.458+0000] {processor.py:175} INFO - Processing /home/airflow/.local/lib/python3.9/site-packages/airflow/example_dags/example_branch_operator_decorator.py took 0.159 seconds
[2025-05-13T21:27:05.922+0000] {processor.py:153} INFO - Started process (PID=3690) to work on /home/airflow/.local/lib/python3.9/site-packages/airflow/example_dags/example_branch_operator_decorator.py
[2025-05-13T21:27:05.924+0000] {processor.py:743} INFO - Processing file /home/airflow/.local/lib/python3.9/site-packages/airflow/example_dags/example_branch_operator_decorator.py for tasks to queue
[2025-05-13T21:27:05.925+0000] {logging_mixin.py:137} INFO - [2025-05-13T21:27:05.925+0000] {dagbag.py:538} INFO - Filling up the DagBag from /home/airflow/.local/lib/python3.9/site-packages/airflow/example_dags/example_branch_operator_decorator.py
[2025-05-13T21:27:05.958+0000] {processor.py:753} INFO - DAG(s) dict_keys(['example_branch_python_operator_decorator']) retrieved from /home/airflow/.local/lib/python3.9/site-packages/airflow/example_dags/example_branch_operator_decorator.py
[2025-05-13T21:27:06.010+0000] {logging_mixin.py:137} INFO - [2025-05-13T21:27:06.010+0000] {dag.py:2676} INFO - Sync 1 DAGs
[2025-05-13T21:27:06.038+0000] {logging_mixin.py:137} INFO - [2025-05-13T21:27:06.038+0000] {dag.py:3423} INFO - Setting next_dagrun for example_branch_python_operator_decorator to 2025-05-12T00:00:00+00:00, run_after=2025-05-13T00:00:00+00:00
[2025-05-13T21:27:06.061+0000] {processor.py:175} INFO - Processing /home/airflow/.local/lib/python3.9/site-packages/airflow/example_dags/example_branch_operator_decorator.py took 0.142 seconds
[2025-05-13T21:27:36.601+0000] {processor.py:153} INFO - Started process (PID=3894) to work on /home/airflow/.local/lib/python3.9/site-packages/airflow/example_dags/example_branch_operator_decorator.py
[2025-05-13T21:27:36.603+0000] {processor.py:743} INFO - Processing file /home/airflow/.local/lib/python3.9/site-packages/airflow/example_dags/example_branch_operator_decorator.py for tasks to queue
[2025-05-13T21:27:36.604+0000] {logging_mixin.py:137} INFO - [2025-05-13T21:27:36.604+0000] {dagbag.py:538} INFO - Filling up the DagBag from /home/airflow/.local/lib/python3.9/site-packages/airflow/example_dags/example_branch_operator_decorator.py
[2025-05-13T21:27:36.643+0000] {processor.py:753} INFO - DAG(s) dict_keys(['example_branch_python_operator_decorator']) retrieved from /home/airflow/.local/lib/python3.9/site-packages/airflow/example_dags/example_branch_operator_decorator.py
[2025-05-13T21:27:36.700+0000] {logging_mixin.py:137} INFO - [2025-05-13T21:27:36.700+0000] {dag.py:2676} INFO - Sync 1 DAGs
[2025-05-13T21:27:36.736+0000] {logging_mixin.py:137} INFO - [2025-05-13T21:27:36.736+0000] {dag.py:3423} INFO - Setting next_dagrun for example_branch_python_operator_decorator to 2025-05-12T00:00:00+00:00, run_after=2025-05-13T00:00:00+00:00
[2025-05-13T21:27:36.764+0000] {processor.py:175} INFO - Processing /home/airflow/.local/lib/python3.9/site-packages/airflow/example_dags/example_branch_operator_decorator.py took 0.165 seconds
[2025-05-13T21:28:07.458+0000] {processor.py:153} INFO - Started process (PID=4096) to work on /home/airflow/.local/lib/python3.9/site-packages/airflow/example_dags/example_branch_operator_decorator.py
[2025-05-13T21:28:07.460+0000] {processor.py:743} INFO - Processing file /home/airflow/.local/lib/python3.9/site-packages/airflow/example_dags/example_branch_operator_decorator.py for tasks to queue
[2025-05-13T21:28:07.461+0000] {logging_mixin.py:137} INFO - [2025-05-13T21:28:07.461+0000] {dagbag.py:538} INFO - Filling up the DagBag from /home/airflow/.local/lib/python3.9/site-packages/airflow/example_dags/example_branch_operator_decorator.py
[2025-05-13T21:28:07.505+0000] {processor.py:753} INFO - DAG(s) dict_keys(['example_branch_python_operator_decorator']) retrieved from /home/airflow/.local/lib/python3.9/site-packages/airflow/example_dags/example_branch_operator_decorator.py
[2025-05-13T21:28:07.547+0000] {logging_mixin.py:137} INFO - [2025-05-13T21:28:07.547+0000] {dag.py:2676} INFO - Sync 1 DAGs
[2025-05-13T21:28:07.593+0000] {logging_mixin.py:137} INFO - [2025-05-13T21:28:07.592+0000] {dag.py:3423} INFO - Setting next_dagrun for example_branch_python_operator_decorator to 2025-05-12T00:00:00+00:00, run_after=2025-05-13T00:00:00+00:00
[2025-05-13T21:28:07.629+0000] {processor.py:175} INFO - Processing /home/airflow/.local/lib/python3.9/site-packages/airflow/example_dags/example_branch_operator_decorator.py took 0.175 seconds
[2025-05-13T21:28:38.052+0000] {processor.py:153} INFO - Started process (PID=4300) to work on /home/airflow/.local/lib/python3.9/site-packages/airflow/example_dags/example_branch_operator_decorator.py
[2025-05-13T21:28:38.053+0000] {processor.py:743} INFO - Processing file /home/airflow/.local/lib/python3.9/site-packages/airflow/example_dags/example_branch_operator_decorator.py for tasks to queue
[2025-05-13T21:28:38.054+0000] {logging_mixin.py:137} INFO - [2025-05-13T21:28:38.054+0000] {dagbag.py:538} INFO - Filling up the DagBag from /home/airflow/.local/lib/python3.9/site-packages/airflow/example_dags/example_branch_operator_decorator.py
[2025-05-13T21:28:38.087+0000] {processor.py:753} INFO - DAG(s) dict_keys(['example_branch_python_operator_decorator']) retrieved from /home/airflow/.local/lib/python3.9/site-packages/airflow/example_dags/example_branch_operator_decorator.py
[2025-05-13T21:28:38.139+0000] {logging_mixin.py:137} INFO - [2025-05-13T21:28:38.139+0000] {dag.py:2676} INFO - Sync 1 DAGs
[2025-05-13T21:28:38.172+0000] {logging_mixin.py:137} INFO - [2025-05-13T21:28:38.172+0000] {dag.py:3423} INFO - Setting next_dagrun for example_branch_python_operator_decorator to 2025-05-12T00:00:00+00:00, run_after=2025-05-13T00:00:00+00:00
[2025-05-13T21:28:38.198+0000] {processor.py:175} INFO - Processing /home/airflow/.local/lib/python3.9/site-packages/airflow/example_dags/example_branch_operator_decorator.py took 0.150 seconds
[2025-05-13T21:29:08.551+0000] {processor.py:153} INFO - Started process (PID=4503) to work on /home/airflow/.local/lib/python3.9/site-packages/airflow/example_dags/example_branch_operator_decorator.py
[2025-05-13T21:29:08.553+0000] {processor.py:743} INFO - Processing file /home/airflow/.local/lib/python3.9/site-packages/airflow/example_dags/example_branch_operator_decorator.py for tasks to queue
[2025-05-13T21:29:08.554+0000] {logging_mixin.py:137} INFO - [2025-05-13T21:29:08.553+0000] {dagbag.py:538} INFO - Filling up the DagBag from /home/airflow/.local/lib/python3.9/site-packages/airflow/example_dags/example_branch_operator_decorator.py
[2025-05-13T21:29:08.588+0000] {processor.py:753} INFO - DAG(s) dict_keys(['example_branch_python_operator_decorator']) retrieved from /home/airflow/.local/lib/python3.9/site-packages/airflow/example_dags/example_branch_operator_decorator.py
[2025-05-13T21:29:08.636+0000] {logging_mixin.py:137} INFO - [2025-05-13T21:29:08.636+0000] {dag.py:2676} INFO - Sync 1 DAGs
[2025-05-13T21:29:08.666+0000] {logging_mixin.py:137} INFO - [2025-05-13T21:29:08.666+0000] {dag.py:3423} INFO - Setting next_dagrun for example_branch_python_operator_decorator to 2025-05-12T00:00:00+00:00, run_after=2025-05-13T00:00:00+00:00
[2025-05-13T21:29:08.691+0000] {processor.py:175} INFO - Processing /home/airflow/.local/lib/python3.9/site-packages/airflow/example_dags/example_branch_operator_decorator.py took 0.144 seconds
[2025-05-13T21:29:38.759+0000] {processor.py:153} INFO - Started process (PID=4700) to work on /home/airflow/.local/lib/python3.9/site-packages/airflow/example_dags/example_branch_operator_decorator.py
[2025-05-13T21:29:38.760+0000] {processor.py:743} INFO - Processing file /home/airflow/.local/lib/python3.9/site-packages/airflow/example_dags/example_branch_operator_decorator.py for tasks to queue
[2025-05-13T21:29:38.761+0000] {logging_mixin.py:137} INFO - [2025-05-13T21:29:38.761+0000] {dagbag.py:538} INFO - Filling up the DagBag from /home/airflow/.local/lib/python3.9/site-packages/airflow/example_dags/example_branch_operator_decorator.py
[2025-05-13T21:29:38.798+0000] {processor.py:753} INFO - DAG(s) dict_keys(['example_branch_python_operator_decorator']) retrieved from /home/airflow/.local/lib/python3.9/site-packages/airflow/example_dags/example_branch_operator_decorator.py
[2025-05-13T21:29:38.850+0000] {logging_mixin.py:137} INFO - [2025-05-13T21:29:38.850+0000] {dag.py:2676} INFO - Sync 1 DAGs
[2025-05-13T21:29:38.881+0000] {logging_mixin.py:137} INFO - [2025-05-13T21:29:38.881+0000] {dag.py:3423} INFO - Setting next_dagrun for example_branch_python_operator_decorator to 2025-05-12T00:00:00+00:00, run_after=2025-05-13T00:00:00+00:00
[2025-05-13T21:29:38.902+0000] {processor.py:175} INFO - Processing /home/airflow/.local/lib/python3.9/site-packages/airflow/example_dags/example_branch_operator_decorator.py took 0.147 seconds
[2025-05-13T21:30:09.346+0000] {processor.py:153} INFO - Started process (PID=4902) to work on /home/airflow/.local/lib/python3.9/site-packages/airflow/example_dags/example_branch_operator_decorator.py
[2025-05-13T21:30:09.347+0000] {processor.py:743} INFO - Processing file /home/airflow/.local/lib/python3.9/site-packages/airflow/example_dags/example_branch_operator_decorator.py for tasks to queue
[2025-05-13T21:30:09.348+0000] {logging_mixin.py:137} INFO - [2025-05-13T21:30:09.348+0000] {dagbag.py:538} INFO - Filling up the DagBag from /home/airflow/.local/lib/python3.9/site-packages/airflow/example_dags/example_branch_operator_decorator.py
[2025-05-13T21:30:09.381+0000] {processor.py:753} INFO - DAG(s) dict_keys(['example_branch_python_operator_decorator']) retrieved from /home/airflow/.local/lib/python3.9/site-packages/airflow/example_dags/example_branch_operator_decorator.py
[2025-05-13T21:30:09.431+0000] {logging_mixin.py:137} INFO - [2025-05-13T21:30:09.431+0000] {dag.py:2676} INFO - Sync 1 DAGs
[2025-05-13T21:30:09.460+0000] {logging_mixin.py:137} INFO - [2025-05-13T21:30:09.460+0000] {dag.py:3423} INFO - Setting next_dagrun for example_branch_python_operator_decorator to 2025-05-12T00:00:00+00:00, run_after=2025-05-13T00:00:00+00:00
[2025-05-13T21:30:09.481+0000] {processor.py:175} INFO - Processing /home/airflow/.local/lib/python3.9/site-packages/airflow/example_dags/example_branch_operator_decorator.py took 0.140 seconds
[2025-05-13T21:30:39.861+0000] {processor.py:153} INFO - Started process (PID=5105) to work on /home/airflow/.local/lib/python3.9/site-packages/airflow/example_dags/example_branch_operator_decorator.py
[2025-05-13T21:30:39.862+0000] {processor.py:743} INFO - Processing file /home/airflow/.local/lib/python3.9/site-packages/airflow/example_dags/example_branch_operator_decorator.py for tasks to queue
[2025-05-13T21:30:39.863+0000] {logging_mixin.py:137} INFO - [2025-05-13T21:30:39.862+0000] {dagbag.py:538} INFO - Filling up the DagBag from /home/airflow/.local/lib/python3.9/site-packages/airflow/example_dags/example_branch_operator_decorator.py
[2025-05-13T21:30:39.897+0000] {processor.py:753} INFO - DAG(s) dict_keys(['example_branch_python_operator_decorator']) retrieved from /home/airflow/.local/lib/python3.9/site-packages/airflow/example_dags/example_branch_operator_decorator.py
[2025-05-13T21:30:39.946+0000] {logging_mixin.py:137} INFO - [2025-05-13T21:30:39.946+0000] {dag.py:2676} INFO - Sync 1 DAGs
[2025-05-13T21:30:39.973+0000] {logging_mixin.py:137} INFO - [2025-05-13T21:30:39.973+0000] {dag.py:3423} INFO - Setting next_dagrun for example_branch_python_operator_decorator to 2025-05-12T00:00:00+00:00, run_after=2025-05-13T00:00:00+00:00
[2025-05-13T21:30:39.997+0000] {processor.py:175} INFO - Processing /home/airflow/.local/lib/python3.9/site-packages/airflow/example_dags/example_branch_operator_decorator.py took 0.141 seconds
[2025-05-13T21:31:10.483+0000] {processor.py:153} INFO - Started process (PID=5311) to work on /home/airflow/.local/lib/python3.9/site-packages/airflow/example_dags/example_branch_operator_decorator.py
[2025-05-13T21:31:10.483+0000] {processor.py:743} INFO - Processing file /home/airflow/.local/lib/python3.9/site-packages/airflow/example_dags/example_branch_operator_decorator.py for tasks to queue
[2025-05-13T21:31:10.484+0000] {logging_mixin.py:137} INFO - [2025-05-13T21:31:10.484+0000] {dagbag.py:538} INFO - Filling up the DagBag from /home/airflow/.local/lib/python3.9/site-packages/airflow/example_dags/example_branch_operator_decorator.py
[2025-05-13T21:31:10.515+0000] {processor.py:753} INFO - DAG(s) dict_keys(['example_branch_python_operator_decorator']) retrieved from /home/airflow/.local/lib/python3.9/site-packages/airflow/example_dags/example_branch_operator_decorator.py
[2025-05-13T21:31:10.573+0000] {logging_mixin.py:137} INFO - [2025-05-13T21:31:10.573+0000] {dag.py:2676} INFO - Sync 1 DAGs
[2025-05-13T21:31:10.614+0000] {logging_mixin.py:137} INFO - [2025-05-13T21:31:10.614+0000] {dag.py:3423} INFO - Setting next_dagrun for example_branch_python_operator_decorator to 2025-05-12T00:00:00+00:00, run_after=2025-05-13T00:00:00+00:00
[2025-05-13T21:31:10.647+0000] {processor.py:175} INFO - Processing /home/airflow/.local/lib/python3.9/site-packages/airflow/example_dags/example_branch_operator_decorator.py took 0.168 seconds
[2025-05-13T21:31:41.174+0000] {processor.py:153} INFO - Started process (PID=5515) to work on /home/airflow/.local/lib/python3.9/site-packages/airflow/example_dags/example_branch_operator_decorator.py
[2025-05-13T21:31:41.175+0000] {processor.py:743} INFO - Processing file /home/airflow/.local/lib/python3.9/site-packages/airflow/example_dags/example_branch_operator_decorator.py for tasks to queue
[2025-05-13T21:31:41.176+0000] {logging_mixin.py:137} INFO - [2025-05-13T21:31:41.176+0000] {dagbag.py:538} INFO - Filling up the DagBag from /home/airflow/.local/lib/python3.9/site-packages/airflow/example_dags/example_branch_operator_decorator.py
[2025-05-13T21:31:41.213+0000] {processor.py:753} INFO - DAG(s) dict_keys(['example_branch_python_operator_decorator']) retrieved from /home/airflow/.local/lib/python3.9/site-packages/airflow/example_dags/example_branch_operator_decorator.py
[2025-05-13T21:31:41.270+0000] {logging_mixin.py:137} INFO - [2025-05-13T21:31:41.270+0000] {dag.py:2676} INFO - Sync 1 DAGs
[2025-05-13T21:31:41.311+0000] {logging_mixin.py:137} INFO - [2025-05-13T21:31:41.311+0000] {dag.py:3423} INFO - Setting next_dagrun for example_branch_python_operator_decorator to 2025-05-12T00:00:00+00:00, run_after=2025-05-13T00:00:00+00:00
[2025-05-13T21:31:41.345+0000] {processor.py:175} INFO - Processing /home/airflow/.local/lib/python3.9/site-packages/airflow/example_dags/example_branch_operator_decorator.py took 0.176 seconds
[2025-05-13T21:32:12.112+0000] {processor.py:153} INFO - Started process (PID=5717) to work on /home/airflow/.local/lib/python3.9/site-packages/airflow/example_dags/example_branch_operator_decorator.py
[2025-05-13T21:32:12.113+0000] {processor.py:743} INFO - Processing file /home/airflow/.local/lib/python3.9/site-packages/airflow/example_dags/example_branch_operator_decorator.py for tasks to queue
[2025-05-13T21:32:12.114+0000] {logging_mixin.py:137} INFO - [2025-05-13T21:32:12.114+0000] {dagbag.py:538} INFO - Filling up the DagBag from /home/airflow/.local/lib/python3.9/site-packages/airflow/example_dags/example_branch_operator_decorator.py
[2025-05-13T21:32:12.148+0000] {processor.py:753} INFO - DAG(s) dict_keys(['example_branch_python_operator_decorator']) retrieved from /home/airflow/.local/lib/python3.9/site-packages/airflow/example_dags/example_branch_operator_decorator.py
[2025-05-13T21:32:12.180+0000] {logging_mixin.py:137} INFO - [2025-05-13T21:32:12.180+0000] {dag.py:2676} INFO - Sync 1 DAGs
[2025-05-13T21:32:12.213+0000] {logging_mixin.py:137} INFO - [2025-05-13T21:32:12.213+0000] {dag.py:3423} INFO - Setting next_dagrun for example_branch_python_operator_decorator to 2025-05-12T00:00:00+00:00, run_after=2025-05-13T00:00:00+00:00
[2025-05-13T21:32:12.237+0000] {processor.py:175} INFO - Processing /home/airflow/.local/lib/python3.9/site-packages/airflow/example_dags/example_branch_operator_decorator.py took 0.129 seconds
[2025-05-13T21:32:42.445+0000] {processor.py:153} INFO - Started process (PID=5920) to work on /home/airflow/.local/lib/python3.9/site-packages/airflow/example_dags/example_branch_operator_decorator.py
[2025-05-13T21:32:42.447+0000] {processor.py:743} INFO - Processing file /home/airflow/.local/lib/python3.9/site-packages/airflow/example_dags/example_branch_operator_decorator.py for tasks to queue
[2025-05-13T21:32:42.448+0000] {logging_mixin.py:137} INFO - [2025-05-13T21:32:42.447+0000] {dagbag.py:538} INFO - Filling up the DagBag from /home/airflow/.local/lib/python3.9/site-packages/airflow/example_dags/example_branch_operator_decorator.py
[2025-05-13T21:32:42.482+0000] {processor.py:753} INFO - DAG(s) dict_keys(['example_branch_python_operator_decorator']) retrieved from /home/airflow/.local/lib/python3.9/site-packages/airflow/example_dags/example_branch_operator_decorator.py
[2025-05-13T21:32:42.536+0000] {logging_mixin.py:137} INFO - [2025-05-13T21:32:42.536+0000] {dag.py:2676} INFO - Sync 1 DAGs
[2025-05-13T21:32:42.566+0000] {logging_mixin.py:137} INFO - [2025-05-13T21:32:42.566+0000] {dag.py:3423} INFO - Setting next_dagrun for example_branch_python_operator_decorator to 2025-05-12T00:00:00+00:00, run_after=2025-05-13T00:00:00+00:00
[2025-05-13T21:32:42.590+0000] {processor.py:175} INFO - Processing /home/airflow/.local/lib/python3.9/site-packages/airflow/example_dags/example_branch_operator_decorator.py took 0.149 seconds
[2025-05-13T21:33:12.746+0000] {processor.py:153} INFO - Started process (PID=6123) to work on /home/airflow/.local/lib/python3.9/site-packages/airflow/example_dags/example_branch_operator_decorator.py
[2025-05-13T21:33:12.747+0000] {processor.py:743} INFO - Processing file /home/airflow/.local/lib/python3.9/site-packages/airflow/example_dags/example_branch_operator_decorator.py for tasks to queue
[2025-05-13T21:33:12.749+0000] {logging_mixin.py:137} INFO - [2025-05-13T21:33:12.748+0000] {dagbag.py:538} INFO - Filling up the DagBag from /home/airflow/.local/lib/python3.9/site-packages/airflow/example_dags/example_branch_operator_decorator.py
[2025-05-13T21:33:12.785+0000] {processor.py:753} INFO - DAG(s) dict_keys(['example_branch_python_operator_decorator']) retrieved from /home/airflow/.local/lib/python3.9/site-packages/airflow/example_dags/example_branch_operator_decorator.py
[2025-05-13T21:33:12.833+0000] {logging_mixin.py:137} INFO - [2025-05-13T21:33:12.833+0000] {dag.py:2676} INFO - Sync 1 DAGs
[2025-05-13T21:33:12.862+0000] {logging_mixin.py:137} INFO - [2025-05-13T21:33:12.861+0000] {dag.py:3423} INFO - Setting next_dagrun for example_branch_python_operator_decorator to 2025-05-12T00:00:00+00:00, run_after=2025-05-13T00:00:00+00:00
[2025-05-13T21:33:12.891+0000] {processor.py:175} INFO - Processing /home/airflow/.local/lib/python3.9/site-packages/airflow/example_dags/example_branch_operator_decorator.py took 0.149 seconds
[2025-05-13T21:33:43.173+0000] {processor.py:153} INFO - Started process (PID=6326) to work on /home/airflow/.local/lib/python3.9/site-packages/airflow/example_dags/example_branch_operator_decorator.py
[2025-05-13T21:33:43.174+0000] {processor.py:743} INFO - Processing file /home/airflow/.local/lib/python3.9/site-packages/airflow/example_dags/example_branch_operator_decorator.py for tasks to queue
[2025-05-13T21:33:43.175+0000] {logging_mixin.py:137} INFO - [2025-05-13T21:33:43.175+0000] {dagbag.py:538} INFO - Filling up the DagBag from /home/airflow/.local/lib/python3.9/site-packages/airflow/example_dags/example_branch_operator_decorator.py
[2025-05-13T21:33:43.214+0000] {processor.py:753} INFO - DAG(s) dict_keys(['example_branch_python_operator_decorator']) retrieved from /home/airflow/.local/lib/python3.9/site-packages/airflow/example_dags/example_branch_operator_decorator.py
[2025-05-13T21:33:43.268+0000] {logging_mixin.py:137} INFO - [2025-05-13T21:33:43.268+0000] {dag.py:2676} INFO - Sync 1 DAGs
[2025-05-13T21:33:43.304+0000] {logging_mixin.py:137} INFO - [2025-05-13T21:33:43.304+0000] {dag.py:3423} INFO - Setting next_dagrun for example_branch_python_operator_decorator to 2025-05-12T00:00:00+00:00, run_after=2025-05-13T00:00:00+00:00
[2025-05-13T21:33:43.331+0000] {processor.py:175} INFO - Processing /home/airflow/.local/lib/python3.9/site-packages/airflow/example_dags/example_branch_operator_decorator.py took 0.163 seconds
[2025-05-13T21:34:14.027+0000] {processor.py:153} INFO - Started process (PID=6530) to work on /home/airflow/.local/lib/python3.9/site-packages/airflow/example_dags/example_branch_operator_decorator.py
[2025-05-13T21:34:14.028+0000] {processor.py:743} INFO - Processing file /home/airflow/.local/lib/python3.9/site-packages/airflow/example_dags/example_branch_operator_decorator.py for tasks to queue
[2025-05-13T21:34:14.029+0000] {logging_mixin.py:137} INFO - [2025-05-13T21:34:14.029+0000] {dagbag.py:538} INFO - Filling up the DagBag from /home/airflow/.local/lib/python3.9/site-packages/airflow/example_dags/example_branch_operator_decorator.py
[2025-05-13T21:34:14.066+0000] {processor.py:753} INFO - DAG(s) dict_keys(['example_branch_python_operator_decorator']) retrieved from /home/airflow/.local/lib/python3.9/site-packages/airflow/example_dags/example_branch_operator_decorator.py
[2025-05-13T21:34:14.118+0000] {logging_mixin.py:137} INFO - [2025-05-13T21:34:14.118+0000] {dag.py:2676} INFO - Sync 1 DAGs
[2025-05-13T21:34:14.150+0000] {logging_mixin.py:137} INFO - [2025-05-13T21:34:14.150+0000] {dag.py:3423} INFO - Setting next_dagrun for example_branch_python_operator_decorator to 2025-05-12T00:00:00+00:00, run_after=2025-05-13T00:00:00+00:00
[2025-05-13T21:34:14.174+0000] {processor.py:175} INFO - Processing /home/airflow/.local/lib/python3.9/site-packages/airflow/example_dags/example_branch_operator_decorator.py took 0.152 seconds
[2025-05-13T21:34:44.602+0000] {processor.py:153} INFO - Started process (PID=6739) to work on /home/airflow/.local/lib/python3.9/site-packages/airflow/example_dags/example_branch_operator_decorator.py
[2025-05-13T21:34:44.604+0000] {processor.py:743} INFO - Processing file /home/airflow/.local/lib/python3.9/site-packages/airflow/example_dags/example_branch_operator_decorator.py for tasks to queue
[2025-05-13T21:34:44.606+0000] {logging_mixin.py:137} INFO - [2025-05-13T21:34:44.605+0000] {dagbag.py:538} INFO - Filling up the DagBag from /home/airflow/.local/lib/python3.9/site-packages/airflow/example_dags/example_branch_operator_decorator.py
[2025-05-13T21:34:44.670+0000] {processor.py:753} INFO - DAG(s) dict_keys(['example_branch_python_operator_decorator']) retrieved from /home/airflow/.local/lib/python3.9/site-packages/airflow/example_dags/example_branch_operator_decorator.py
[2025-05-13T21:34:44.747+0000] {logging_mixin.py:137} INFO - [2025-05-13T21:34:44.747+0000] {dag.py:2676} INFO - Sync 1 DAGs
[2025-05-13T21:34:44.804+0000] {logging_mixin.py:137} INFO - [2025-05-13T21:34:44.803+0000] {dag.py:3423} INFO - Setting next_dagrun for example_branch_python_operator_decorator to 2025-05-12T00:00:00+00:00, run_after=2025-05-13T00:00:00+00:00
[2025-05-13T21:34:44.843+0000] {processor.py:175} INFO - Processing /home/airflow/.local/lib/python3.9/site-packages/airflow/example_dags/example_branch_operator_decorator.py took 0.249 seconds
[2025-05-13T21:35:15.248+0000] {processor.py:153} INFO - Started process (PID=6945) to work on /home/airflow/.local/lib/python3.9/site-packages/airflow/example_dags/example_branch_operator_decorator.py
[2025-05-13T21:35:15.249+0000] {processor.py:743} INFO - Processing file /home/airflow/.local/lib/python3.9/site-packages/airflow/example_dags/example_branch_operator_decorator.py for tasks to queue
[2025-05-13T21:35:15.250+0000] {logging_mixin.py:137} INFO - [2025-05-13T21:35:15.250+0000] {dagbag.py:538} INFO - Filling up the DagBag from /home/airflow/.local/lib/python3.9/site-packages/airflow/example_dags/example_branch_operator_decorator.py
[2025-05-13T21:35:15.285+0000] {processor.py:753} INFO - DAG(s) dict_keys(['example_branch_python_operator_decorator']) retrieved from /home/airflow/.local/lib/python3.9/site-packages/airflow/example_dags/example_branch_operator_decorator.py
[2025-05-13T21:35:15.333+0000] {logging_mixin.py:137} INFO - [2025-05-13T21:35:15.333+0000] {dag.py:2676} INFO - Sync 1 DAGs
[2025-05-13T21:35:15.364+0000] {logging_mixin.py:137} INFO - [2025-05-13T21:35:15.364+0000] {dag.py:3423} INFO - Setting next_dagrun for example_branch_python_operator_decorator to 2025-05-12T00:00:00+00:00, run_after=2025-05-13T00:00:00+00:00
[2025-05-13T21:35:15.390+0000] {processor.py:175} INFO - Processing /home/airflow/.local/lib/python3.9/site-packages/airflow/example_dags/example_branch_operator_decorator.py took 0.147 seconds
[2025-05-13T21:35:46.118+0000] {processor.py:153} INFO - Started process (PID=7142) to work on /home/airflow/.local/lib/python3.9/site-packages/airflow/example_dags/example_branch_operator_decorator.py
[2025-05-13T21:35:46.119+0000] {processor.py:743} INFO - Processing file /home/airflow/.local/lib/python3.9/site-packages/airflow/example_dags/example_branch_operator_decorator.py for tasks to queue
[2025-05-13T21:35:46.120+0000] {logging_mixin.py:137} INFO - [2025-05-13T21:35:46.120+0000] {dagbag.py:538} INFO - Filling up the DagBag from /home/airflow/.local/lib/python3.9/site-packages/airflow/example_dags/example_branch_operator_decorator.py
[2025-05-13T21:35:46.164+0000] {processor.py:753} INFO - DAG(s) dict_keys(['example_branch_python_operator_decorator']) retrieved from /home/airflow/.local/lib/python3.9/site-packages/airflow/example_dags/example_branch_operator_decorator.py
[2025-05-13T21:35:46.220+0000] {logging_mixin.py:137} INFO - [2025-05-13T21:35:46.220+0000] {dag.py:2676} INFO - Sync 1 DAGs
[2025-05-13T21:35:46.253+0000] {logging_mixin.py:137} INFO - [2025-05-13T21:35:46.253+0000] {dag.py:3423} INFO - Setting next_dagrun for example_branch_python_operator_decorator to 2025-05-12T00:00:00+00:00, run_after=2025-05-13T00:00:00+00:00
[2025-05-13T21:35:46.276+0000] {processor.py:175} INFO - Processing /home/airflow/.local/lib/python3.9/site-packages/airflow/example_dags/example_branch_operator_decorator.py took 0.165 seconds
[2025-05-13T21:36:16.658+0000] {processor.py:153} INFO - Started process (PID=7345) to work on /home/airflow/.local/lib/python3.9/site-packages/airflow/example_dags/example_branch_operator_decorator.py
[2025-05-13T21:36:16.659+0000] {processor.py:743} INFO - Processing file /home/airflow/.local/lib/python3.9/site-packages/airflow/example_dags/example_branch_operator_decorator.py for tasks to queue
[2025-05-13T21:36:16.661+0000] {logging_mixin.py:137} INFO - [2025-05-13T21:36:16.661+0000] {dagbag.py:538} INFO - Filling up the DagBag from /home/airflow/.local/lib/python3.9/site-packages/airflow/example_dags/example_branch_operator_decorator.py
[2025-05-13T21:36:16.703+0000] {processor.py:753} INFO - DAG(s) dict_keys(['example_branch_python_operator_decorator']) retrieved from /home/airflow/.local/lib/python3.9/site-packages/airflow/example_dags/example_branch_operator_decorator.py
[2025-05-13T21:36:16.757+0000] {logging_mixin.py:137} INFO - [2025-05-13T21:36:16.756+0000] {dag.py:2676} INFO - Sync 1 DAGs
[2025-05-13T21:36:16.789+0000] {logging_mixin.py:137} INFO - [2025-05-13T21:36:16.789+0000] {dag.py:3423} INFO - Setting next_dagrun for example_branch_python_operator_decorator to 2025-05-12T00:00:00+00:00, run_after=2025-05-13T00:00:00+00:00
[2025-05-13T21:36:16.813+0000] {processor.py:175} INFO - Processing /home/airflow/.local/lib/python3.9/site-packages/airflow/example_dags/example_branch_operator_decorator.py took 0.160 seconds
[2025-05-13T21:37:49.071+0000] {processor.py:153} INFO - Started process (PID=238) to work on /home/airflow/.local/lib/python3.9/site-packages/airflow/example_dags/example_branch_operator_decorator.py
[2025-05-13T21:37:49.076+0000] {processor.py:743} INFO - Processing file /home/airflow/.local/lib/python3.9/site-packages/airflow/example_dags/example_branch_operator_decorator.py for tasks to queue
[2025-05-13T21:37:49.081+0000] {logging_mixin.py:137} INFO - [2025-05-13T21:37:49.080+0000] {dagbag.py:538} INFO - Filling up the DagBag from /home/airflow/.local/lib/python3.9/site-packages/airflow/example_dags/example_branch_operator_decorator.py
[2025-05-13T21:37:49.160+0000] {processor.py:753} INFO - DAG(s) dict_keys(['example_branch_python_operator_decorator']) retrieved from /home/airflow/.local/lib/python3.9/site-packages/airflow/example_dags/example_branch_operator_decorator.py
[2025-05-13T21:37:49.254+0000] {logging_mixin.py:137} INFO - [2025-05-13T21:37:49.253+0000] {dag.py:2676} INFO - Sync 1 DAGs
[2025-05-13T21:37:49.320+0000] {logging_mixin.py:137} INFO - [2025-05-13T21:37:49.320+0000] {dag.py:3423} INFO - Setting next_dagrun for example_branch_python_operator_decorator to 2025-05-12T00:00:00+00:00, run_after=2025-05-13T00:00:00+00:00
[2025-05-13T21:37:49.363+0000] {processor.py:175} INFO - Processing /home/airflow/.local/lib/python3.9/site-packages/airflow/example_dags/example_branch_operator_decorator.py took 0.298 seconds
[2025-05-13T21:38:19.802+0000] {processor.py:153} INFO - Started process (PID=442) to work on /home/airflow/.local/lib/python3.9/site-packages/airflow/example_dags/example_branch_operator_decorator.py
[2025-05-13T21:38:19.803+0000] {processor.py:743} INFO - Processing file /home/airflow/.local/lib/python3.9/site-packages/airflow/example_dags/example_branch_operator_decorator.py for tasks to queue
[2025-05-13T21:38:19.805+0000] {logging_mixin.py:137} INFO - [2025-05-13T21:38:19.805+0000] {dagbag.py:538} INFO - Filling up the DagBag from /home/airflow/.local/lib/python3.9/site-packages/airflow/example_dags/example_branch_operator_decorator.py
[2025-05-13T21:38:19.844+0000] {processor.py:753} INFO - DAG(s) dict_keys(['example_branch_python_operator_decorator']) retrieved from /home/airflow/.local/lib/python3.9/site-packages/airflow/example_dags/example_branch_operator_decorator.py
[2025-05-13T21:38:19.899+0000] {logging_mixin.py:137} INFO - [2025-05-13T21:38:19.899+0000] {dag.py:2676} INFO - Sync 1 DAGs
[2025-05-13T21:38:19.932+0000] {logging_mixin.py:137} INFO - [2025-05-13T21:38:19.931+0000] {dag.py:3423} INFO - Setting next_dagrun for example_branch_python_operator_decorator to 2025-05-12T00:00:00+00:00, run_after=2025-05-13T00:00:00+00:00
[2025-05-13T21:38:19.958+0000] {processor.py:175} INFO - Processing /home/airflow/.local/lib/python3.9/site-packages/airflow/example_dags/example_branch_operator_decorator.py took 0.160 seconds
[2025-05-13T21:38:50.430+0000] {processor.py:153} INFO - Started process (PID=645) to work on /home/airflow/.local/lib/python3.9/site-packages/airflow/example_dags/example_branch_operator_decorator.py
[2025-05-13T21:38:50.431+0000] {processor.py:743} INFO - Processing file /home/airflow/.local/lib/python3.9/site-packages/airflow/example_dags/example_branch_operator_decorator.py for tasks to queue
[2025-05-13T21:38:50.433+0000] {logging_mixin.py:137} INFO - [2025-05-13T21:38:50.432+0000] {dagbag.py:538} INFO - Filling up the DagBag from /home/airflow/.local/lib/python3.9/site-packages/airflow/example_dags/example_branch_operator_decorator.py
[2025-05-13T21:38:50.473+0000] {processor.py:753} INFO - DAG(s) dict_keys(['example_branch_python_operator_decorator']) retrieved from /home/airflow/.local/lib/python3.9/site-packages/airflow/example_dags/example_branch_operator_decorator.py
[2025-05-13T21:38:50.528+0000] {logging_mixin.py:137} INFO - [2025-05-13T21:38:50.528+0000] {dag.py:2676} INFO - Sync 1 DAGs
[2025-05-13T21:38:50.569+0000] {logging_mixin.py:137} INFO - [2025-05-13T21:38:50.568+0000] {dag.py:3423} INFO - Setting next_dagrun for example_branch_python_operator_decorator to 2025-05-12T00:00:00+00:00, run_after=2025-05-13T00:00:00+00:00
[2025-05-13T21:38:50.601+0000] {processor.py:175} INFO - Processing /home/airflow/.local/lib/python3.9/site-packages/airflow/example_dags/example_branch_operator_decorator.py took 0.181 seconds
[2025-05-13T21:39:21.269+0000] {processor.py:153} INFO - Started process (PID=848) to work on /home/airflow/.local/lib/python3.9/site-packages/airflow/example_dags/example_branch_operator_decorator.py
[2025-05-13T21:39:21.272+0000] {processor.py:743} INFO - Processing file /home/airflow/.local/lib/python3.9/site-packages/airflow/example_dags/example_branch_operator_decorator.py for tasks to queue
[2025-05-13T21:39:21.273+0000] {logging_mixin.py:137} INFO - [2025-05-13T21:39:21.273+0000] {dagbag.py:538} INFO - Filling up the DagBag from /home/airflow/.local/lib/python3.9/site-packages/airflow/example_dags/example_branch_operator_decorator.py
[2025-05-13T21:39:21.317+0000] {processor.py:753} INFO - DAG(s) dict_keys(['example_branch_python_operator_decorator']) retrieved from /home/airflow/.local/lib/python3.9/site-packages/airflow/example_dags/example_branch_operator_decorator.py
[2025-05-13T21:39:21.381+0000] {logging_mixin.py:137} INFO - [2025-05-13T21:39:21.380+0000] {dag.py:2676} INFO - Sync 1 DAGs
[2025-05-13T21:39:21.415+0000] {logging_mixin.py:137} INFO - [2025-05-13T21:39:21.414+0000] {dag.py:3423} INFO - Setting next_dagrun for example_branch_python_operator_decorator to 2025-05-12T00:00:00+00:00, run_after=2025-05-13T00:00:00+00:00
[2025-05-13T21:39:21.444+0000] {processor.py:175} INFO - Processing /home/airflow/.local/lib/python3.9/site-packages/airflow/example_dags/example_branch_operator_decorator.py took 0.180 seconds
[2025-05-13T21:39:51.475+0000] {processor.py:153} INFO - Started process (PID=1048) to work on /home/airflow/.local/lib/python3.9/site-packages/airflow/example_dags/example_branch_operator_decorator.py
[2025-05-13T21:39:51.477+0000] {processor.py:743} INFO - Processing file /home/airflow/.local/lib/python3.9/site-packages/airflow/example_dags/example_branch_operator_decorator.py for tasks to queue
[2025-05-13T21:39:51.478+0000] {logging_mixin.py:137} INFO - [2025-05-13T21:39:51.477+0000] {dagbag.py:538} INFO - Filling up the DagBag from /home/airflow/.local/lib/python3.9/site-packages/airflow/example_dags/example_branch_operator_decorator.py
[2025-05-13T21:39:51.520+0000] {processor.py:753} INFO - DAG(s) dict_keys(['example_branch_python_operator_decorator']) retrieved from /home/airflow/.local/lib/python3.9/site-packages/airflow/example_dags/example_branch_operator_decorator.py
[2025-05-13T21:39:51.631+0000] {logging_mixin.py:137} INFO - [2025-05-13T21:39:51.631+0000] {dag.py:2676} INFO - Sync 1 DAGs
[2025-05-13T21:39:51.667+0000] {logging_mixin.py:137} INFO - [2025-05-13T21:39:51.667+0000] {dag.py:3423} INFO - Setting next_dagrun for example_branch_python_operator_decorator to 2025-05-12T00:00:00+00:00, run_after=2025-05-13T00:00:00+00:00
[2025-05-13T21:39:51.693+0000] {processor.py:175} INFO - Processing /home/airflow/.local/lib/python3.9/site-packages/airflow/example_dags/example_branch_operator_decorator.py took 0.222 seconds
[2025-05-13T21:40:21.808+0000] {processor.py:153} INFO - Started process (PID=1258) to work on /home/airflow/.local/lib/python3.9/site-packages/airflow/example_dags/example_branch_operator_decorator.py
[2025-05-13T21:40:21.810+0000] {processor.py:743} INFO - Processing file /home/airflow/.local/lib/python3.9/site-packages/airflow/example_dags/example_branch_operator_decorator.py for tasks to queue
[2025-05-13T21:40:21.814+0000] {logging_mixin.py:137} INFO - [2025-05-13T21:40:21.814+0000] {dagbag.py:538} INFO - Filling up the DagBag from /home/airflow/.local/lib/python3.9/site-packages/airflow/example_dags/example_branch_operator_decorator.py
[2025-05-13T21:40:21.851+0000] {processor.py:753} INFO - DAG(s) dict_keys(['example_branch_python_operator_decorator']) retrieved from /home/airflow/.local/lib/python3.9/site-packages/airflow/example_dags/example_branch_operator_decorator.py
[2025-05-13T21:40:21.924+0000] {logging_mixin.py:137} INFO - [2025-05-13T21:40:21.924+0000] {dag.py:2676} INFO - Sync 1 DAGs
[2025-05-13T21:40:21.962+0000] {logging_mixin.py:137} INFO - [2025-05-13T21:40:21.962+0000] {dag.py:3423} INFO - Setting next_dagrun for example_branch_python_operator_decorator to 2025-05-12T00:00:00+00:00, run_after=2025-05-13T00:00:00+00:00
[2025-05-13T21:40:21.986+0000] {processor.py:175} INFO - Processing /home/airflow/.local/lib/python3.9/site-packages/airflow/example_dags/example_branch_operator_decorator.py took 0.183 seconds
[2025-05-13T21:40:52.038+0000] {processor.py:153} INFO - Started process (PID=1461) to work on /home/airflow/.local/lib/python3.9/site-packages/airflow/example_dags/example_branch_operator_decorator.py
[2025-05-13T21:40:52.040+0000] {processor.py:743} INFO - Processing file /home/airflow/.local/lib/python3.9/site-packages/airflow/example_dags/example_branch_operator_decorator.py for tasks to queue
[2025-05-13T21:40:52.043+0000] {logging_mixin.py:137} INFO - [2025-05-13T21:40:52.043+0000] {dagbag.py:538} INFO - Filling up the DagBag from /home/airflow/.local/lib/python3.9/site-packages/airflow/example_dags/example_branch_operator_decorator.py
[2025-05-13T21:40:52.080+0000] {processor.py:753} INFO - DAG(s) dict_keys(['example_branch_python_operator_decorator']) retrieved from /home/airflow/.local/lib/python3.9/site-packages/airflow/example_dags/example_branch_operator_decorator.py
[2025-05-13T21:40:52.133+0000] {logging_mixin.py:137} INFO - [2025-05-13T21:40:52.132+0000] {dag.py:2676} INFO - Sync 1 DAGs
[2025-05-13T21:40:52.163+0000] {logging_mixin.py:137} INFO - [2025-05-13T21:40:52.163+0000] {dag.py:3423} INFO - Setting next_dagrun for example_branch_python_operator_decorator to 2025-05-12T00:00:00+00:00, run_after=2025-05-13T00:00:00+00:00
[2025-05-13T21:40:52.191+0000] {processor.py:175} INFO - Processing /home/airflow/.local/lib/python3.9/site-packages/airflow/example_dags/example_branch_operator_decorator.py took 0.158 seconds
[2025-05-13T21:41:22.535+0000] {processor.py:153} INFO - Started process (PID=1664) to work on /home/airflow/.local/lib/python3.9/site-packages/airflow/example_dags/example_branch_operator_decorator.py
[2025-05-13T21:41:22.536+0000] {processor.py:743} INFO - Processing file /home/airflow/.local/lib/python3.9/site-packages/airflow/example_dags/example_branch_operator_decorator.py for tasks to queue
[2025-05-13T21:41:22.537+0000] {logging_mixin.py:137} INFO - [2025-05-13T21:41:22.537+0000] {dagbag.py:538} INFO - Filling up the DagBag from /home/airflow/.local/lib/python3.9/site-packages/airflow/example_dags/example_branch_operator_decorator.py
[2025-05-13T21:41:22.599+0000] {processor.py:753} INFO - DAG(s) dict_keys(['example_branch_python_operator_decorator']) retrieved from /home/airflow/.local/lib/python3.9/site-packages/airflow/example_dags/example_branch_operator_decorator.py
[2025-05-13T21:41:22.671+0000] {logging_mixin.py:137} INFO - [2025-05-13T21:41:22.670+0000] {dag.py:2676} INFO - Sync 1 DAGs
[2025-05-13T21:41:22.706+0000] {logging_mixin.py:137} INFO - [2025-05-13T21:41:22.706+0000] {dag.py:3423} INFO - Setting next_dagrun for example_branch_python_operator_decorator to 2025-05-12T00:00:00+00:00, run_after=2025-05-13T00:00:00+00:00
[2025-05-13T21:41:22.733+0000] {processor.py:175} INFO - Processing /home/airflow/.local/lib/python3.9/site-packages/airflow/example_dags/example_branch_operator_decorator.py took 0.203 seconds
[2025-05-13T21:41:53.843+0000] {processor.py:153} INFO - Started process (PID=1867) to work on /home/airflow/.local/lib/python3.9/site-packages/airflow/example_dags/example_branch_operator_decorator.py
[2025-05-13T21:41:53.849+0000] {processor.py:743} INFO - Processing file /home/airflow/.local/lib/python3.9/site-packages/airflow/example_dags/example_branch_operator_decorator.py for tasks to queue
[2025-05-13T21:41:53.853+0000] {logging_mixin.py:137} INFO - [2025-05-13T21:41:53.852+0000] {dagbag.py:538} INFO - Filling up the DagBag from /home/airflow/.local/lib/python3.9/site-packages/airflow/example_dags/example_branch_operator_decorator.py
[2025-05-13T21:41:53.955+0000] {processor.py:753} INFO - DAG(s) dict_keys(['example_branch_python_operator_decorator']) retrieved from /home/airflow/.local/lib/python3.9/site-packages/airflow/example_dags/example_branch_operator_decorator.py
[2025-05-13T21:41:54.037+0000] {logging_mixin.py:137} INFO - [2025-05-13T21:41:54.036+0000] {dag.py:2676} INFO - Sync 1 DAGs
[2025-05-13T21:41:54.105+0000] {logging_mixin.py:137} INFO - [2025-05-13T21:41:54.104+0000] {dag.py:3423} INFO - Setting next_dagrun for example_branch_python_operator_decorator to 2025-05-12T00:00:00+00:00, run_after=2025-05-13T00:00:00+00:00
[2025-05-13T21:41:54.149+0000] {processor.py:175} INFO - Processing /home/airflow/.local/lib/python3.9/site-packages/airflow/example_dags/example_branch_operator_decorator.py took 0.364 seconds
