[2025-05-13T02:45:36.809+0000] {processor.py:153} INFO - Started process (PID=179) to work on /home/airflow/.local/lib/python3.9/site-packages/airflow/example_dags/example_local_kubernetes_executor.py
[2025-05-13T02:45:36.810+0000] {processor.py:743} INFO - Processing file /home/airflow/.local/lib/python3.9/site-packages/airflow/example_dags/example_local_kubernetes_executor.py for tasks to queue
[2025-05-13T02:45:36.811+0000] {logging_mixin.py:137} INFO - [2025-05-13T02:45:36.811+0000] {dagbag.py:538} INFO - Filling up the DagBag from /home/airflow/.local/lib/python3.9/site-packages/airflow/example_dags/example_local_kubernetes_executor.py
[2025-05-13T02:45:36.891+0000] {processor.py:753} INFO - DAG(s) dict_keys(['example_local_kubernetes_executor']) retrieved from /home/airflow/.local/lib/python3.9/site-packages/airflow/example_dags/example_local_kubernetes_executor.py
[2025-05-13T02:45:37.203+0000] {logging_mixin.py:137} INFO - [2025-05-13T02:45:37.203+0000] {manager.py:504} INFO - Created Permission View: can delete on DAG:example_local_kubernetes_executor
[2025-05-13T02:45:37.210+0000] {logging_mixin.py:137} INFO - [2025-05-13T02:45:37.210+0000] {manager.py:504} INFO - Created Permission View: can edit on DAG:example_local_kubernetes_executor
[2025-05-13T02:45:37.218+0000] {logging_mixin.py:137} INFO - [2025-05-13T02:45:37.218+0000] {manager.py:504} INFO - Created Permission View: can read on DAG:example_local_kubernetes_executor
[2025-05-13T02:45:37.218+0000] {logging_mixin.py:137} INFO - [2025-05-13T02:45:37.218+0000] {dag.py:2676} INFO - Sync 1 DAGs
[2025-05-13T02:45:37.238+0000] {logging_mixin.py:137} INFO - [2025-05-13T02:45:37.238+0000] {dag.py:2697} INFO - Creating ORM DAG for example_local_kubernetes_executor
[2025-05-13T02:45:37.253+0000] {logging_mixin.py:137} INFO - [2025-05-13T02:45:37.252+0000] {dag.py:3423} INFO - Setting next_dagrun for example_local_kubernetes_executor to None, run_after=None
[2025-05-13T02:45:37.276+0000] {processor.py:175} INFO - Processing /home/airflow/.local/lib/python3.9/site-packages/airflow/example_dags/example_local_kubernetes_executor.py took 0.471 seconds
[2025-05-13T02:46:08.159+0000] {processor.py:153} INFO - Started process (PID=379) to work on /home/airflow/.local/lib/python3.9/site-packages/airflow/example_dags/example_local_kubernetes_executor.py
[2025-05-13T02:46:08.160+0000] {processor.py:743} INFO - Processing file /home/airflow/.local/lib/python3.9/site-packages/airflow/example_dags/example_local_kubernetes_executor.py for tasks to queue
[2025-05-13T02:46:08.161+0000] {logging_mixin.py:137} INFO - [2025-05-13T02:46:08.161+0000] {dagbag.py:538} INFO - Filling up the DagBag from /home/airflow/.local/lib/python3.9/site-packages/airflow/example_dags/example_local_kubernetes_executor.py
[2025-05-13T02:46:08.197+0000] {processor.py:753} INFO - DAG(s) dict_keys(['example_local_kubernetes_executor']) retrieved from /home/airflow/.local/lib/python3.9/site-packages/airflow/example_dags/example_local_kubernetes_executor.py
[2025-05-13T02:46:08.276+0000] {logging_mixin.py:137} INFO - [2025-05-13T02:46:08.276+0000] {dag.py:2676} INFO - Sync 1 DAGs
[2025-05-13T02:46:08.342+0000] {logging_mixin.py:137} INFO - [2025-05-13T02:46:08.342+0000] {dag.py:3423} INFO - Setting next_dagrun for example_local_kubernetes_executor to None, run_after=None
[2025-05-13T02:46:08.398+0000] {processor.py:175} INFO - Processing /home/airflow/.local/lib/python3.9/site-packages/airflow/example_dags/example_local_kubernetes_executor.py took 0.246 seconds
[2025-05-13T02:46:38.633+0000] {processor.py:153} INFO - Started process (PID=582) to work on /home/airflow/.local/lib/python3.9/site-packages/airflow/example_dags/example_local_kubernetes_executor.py
[2025-05-13T02:46:38.634+0000] {processor.py:743} INFO - Processing file /home/airflow/.local/lib/python3.9/site-packages/airflow/example_dags/example_local_kubernetes_executor.py for tasks to queue
[2025-05-13T02:46:38.635+0000] {logging_mixin.py:137} INFO - [2025-05-13T02:46:38.635+0000] {dagbag.py:538} INFO - Filling up the DagBag from /home/airflow/.local/lib/python3.9/site-packages/airflow/example_dags/example_local_kubernetes_executor.py
[2025-05-13T02:46:38.670+0000] {processor.py:753} INFO - DAG(s) dict_keys(['example_local_kubernetes_executor']) retrieved from /home/airflow/.local/lib/python3.9/site-packages/airflow/example_dags/example_local_kubernetes_executor.py
[2025-05-13T02:46:38.727+0000] {logging_mixin.py:137} INFO - [2025-05-13T02:46:38.726+0000] {dag.py:2676} INFO - Sync 1 DAGs
[2025-05-13T02:46:38.763+0000] {logging_mixin.py:137} INFO - [2025-05-13T02:46:38.763+0000] {dag.py:3423} INFO - Setting next_dagrun for example_local_kubernetes_executor to None, run_after=None
[2025-05-13T02:46:38.786+0000] {processor.py:175} INFO - Processing /home/airflow/.local/lib/python3.9/site-packages/airflow/example_dags/example_local_kubernetes_executor.py took 0.161 seconds
[2025-05-13T02:47:09.338+0000] {processor.py:153} INFO - Started process (PID=785) to work on /home/airflow/.local/lib/python3.9/site-packages/airflow/example_dags/example_local_kubernetes_executor.py
[2025-05-13T02:47:09.339+0000] {processor.py:743} INFO - Processing file /home/airflow/.local/lib/python3.9/site-packages/airflow/example_dags/example_local_kubernetes_executor.py for tasks to queue
[2025-05-13T02:47:09.340+0000] {logging_mixin.py:137} INFO - [2025-05-13T02:47:09.340+0000] {dagbag.py:538} INFO - Filling up the DagBag from /home/airflow/.local/lib/python3.9/site-packages/airflow/example_dags/example_local_kubernetes_executor.py
[2025-05-13T02:47:09.377+0000] {processor.py:753} INFO - DAG(s) dict_keys(['example_local_kubernetes_executor']) retrieved from /home/airflow/.local/lib/python3.9/site-packages/airflow/example_dags/example_local_kubernetes_executor.py
[2025-05-13T02:47:09.434+0000] {logging_mixin.py:137} INFO - [2025-05-13T02:47:09.434+0000] {dag.py:2676} INFO - Sync 1 DAGs
[2025-05-13T02:47:09.467+0000] {logging_mixin.py:137} INFO - [2025-05-13T02:47:09.466+0000] {dag.py:3423} INFO - Setting next_dagrun for example_local_kubernetes_executor to None, run_after=None
[2025-05-13T02:47:09.490+0000] {processor.py:175} INFO - Processing /home/airflow/.local/lib/python3.9/site-packages/airflow/example_dags/example_local_kubernetes_executor.py took 0.156 seconds
[2025-05-13T02:47:39.883+0000] {processor.py:153} INFO - Started process (PID=988) to work on /home/airflow/.local/lib/python3.9/site-packages/airflow/example_dags/example_local_kubernetes_executor.py
[2025-05-13T02:47:39.885+0000] {processor.py:743} INFO - Processing file /home/airflow/.local/lib/python3.9/site-packages/airflow/example_dags/example_local_kubernetes_executor.py for tasks to queue
[2025-05-13T02:47:39.887+0000] {logging_mixin.py:137} INFO - [2025-05-13T02:47:39.886+0000] {dagbag.py:538} INFO - Filling up the DagBag from /home/airflow/.local/lib/python3.9/site-packages/airflow/example_dags/example_local_kubernetes_executor.py
[2025-05-13T02:47:39.925+0000] {processor.py:753} INFO - DAG(s) dict_keys(['example_local_kubernetes_executor']) retrieved from /home/airflow/.local/lib/python3.9/site-packages/airflow/example_dags/example_local_kubernetes_executor.py
[2025-05-13T02:47:39.984+0000] {logging_mixin.py:137} INFO - [2025-05-13T02:47:39.984+0000] {dag.py:2676} INFO - Sync 1 DAGs
[2025-05-13T02:47:40.014+0000] {logging_mixin.py:137} INFO - [2025-05-13T02:47:40.014+0000] {dag.py:3423} INFO - Setting next_dagrun for example_local_kubernetes_executor to None, run_after=None
[2025-05-13T02:47:40.037+0000] {processor.py:175} INFO - Processing /home/airflow/.local/lib/python3.9/site-packages/airflow/example_dags/example_local_kubernetes_executor.py took 0.160 seconds
[2025-05-13T02:48:10.617+0000] {processor.py:153} INFO - Started process (PID=1191) to work on /home/airflow/.local/lib/python3.9/site-packages/airflow/example_dags/example_local_kubernetes_executor.py
[2025-05-13T02:48:10.619+0000] {processor.py:743} INFO - Processing file /home/airflow/.local/lib/python3.9/site-packages/airflow/example_dags/example_local_kubernetes_executor.py for tasks to queue
[2025-05-13T02:48:10.620+0000] {logging_mixin.py:137} INFO - [2025-05-13T02:48:10.620+0000] {dagbag.py:538} INFO - Filling up the DagBag from /home/airflow/.local/lib/python3.9/site-packages/airflow/example_dags/example_local_kubernetes_executor.py
[2025-05-13T02:48:10.653+0000] {processor.py:753} INFO - DAG(s) dict_keys(['example_local_kubernetes_executor']) retrieved from /home/airflow/.local/lib/python3.9/site-packages/airflow/example_dags/example_local_kubernetes_executor.py
[2025-05-13T02:48:10.733+0000] {logging_mixin.py:137} INFO - [2025-05-13T02:48:10.733+0000] {dag.py:2676} INFO - Sync 1 DAGs
[2025-05-13T02:48:10.765+0000] {logging_mixin.py:137} INFO - [2025-05-13T02:48:10.764+0000] {dag.py:3423} INFO - Setting next_dagrun for example_local_kubernetes_executor to None, run_after=None
[2025-05-13T02:48:10.794+0000] {processor.py:175} INFO - Processing /home/airflow/.local/lib/python3.9/site-packages/airflow/example_dags/example_local_kubernetes_executor.py took 0.186 seconds
[2025-05-13T02:49:22.985+0000] {processor.py:153} INFO - Started process (PID=193) to work on /home/airflow/.local/lib/python3.9/site-packages/airflow/example_dags/example_local_kubernetes_executor.py
[2025-05-13T02:49:22.987+0000] {processor.py:743} INFO - Processing file /home/airflow/.local/lib/python3.9/site-packages/airflow/example_dags/example_local_kubernetes_executor.py for tasks to queue
[2025-05-13T02:49:22.989+0000] {logging_mixin.py:137} INFO - [2025-05-13T02:49:22.989+0000] {dagbag.py:538} INFO - Filling up the DagBag from /home/airflow/.local/lib/python3.9/site-packages/airflow/example_dags/example_local_kubernetes_executor.py
[2025-05-13T02:49:23.202+0000] {processor.py:753} INFO - DAG(s) dict_keys(['example_local_kubernetes_executor']) retrieved from /home/airflow/.local/lib/python3.9/site-packages/airflow/example_dags/example_local_kubernetes_executor.py
[2025-05-13T02:49:23.534+0000] {logging_mixin.py:137} INFO - [2025-05-13T02:49:23.533+0000] {dag.py:2676} INFO - Sync 1 DAGs
[2025-05-13T02:49:23.657+0000] {logging_mixin.py:137} INFO - [2025-05-13T02:49:23.657+0000] {dag.py:3423} INFO - Setting next_dagrun for example_local_kubernetes_executor to None, run_after=None
[2025-05-13T02:49:23.724+0000] {processor.py:175} INFO - Processing /home/airflow/.local/lib/python3.9/site-packages/airflow/example_dags/example_local_kubernetes_executor.py took 0.779 seconds
[2025-05-13T02:49:54.749+0000] {processor.py:153} INFO - Started process (PID=401) to work on /home/airflow/.local/lib/python3.9/site-packages/airflow/example_dags/example_local_kubernetes_executor.py
[2025-05-13T02:49:54.750+0000] {processor.py:743} INFO - Processing file /home/airflow/.local/lib/python3.9/site-packages/airflow/example_dags/example_local_kubernetes_executor.py for tasks to queue
[2025-05-13T02:49:54.752+0000] {logging_mixin.py:137} INFO - [2025-05-13T02:49:54.751+0000] {dagbag.py:538} INFO - Filling up the DagBag from /home/airflow/.local/lib/python3.9/site-packages/airflow/example_dags/example_local_kubernetes_executor.py
[2025-05-13T02:49:54.815+0000] {processor.py:753} INFO - DAG(s) dict_keys(['example_local_kubernetes_executor']) retrieved from /home/airflow/.local/lib/python3.9/site-packages/airflow/example_dags/example_local_kubernetes_executor.py
[2025-05-13T02:49:54.870+0000] {logging_mixin.py:137} INFO - [2025-05-13T02:49:54.870+0000] {dag.py:2676} INFO - Sync 1 DAGs
[2025-05-13T02:49:54.898+0000] {logging_mixin.py:137} INFO - [2025-05-13T02:49:54.898+0000] {dag.py:3423} INFO - Setting next_dagrun for example_local_kubernetes_executor to None, run_after=None
[2025-05-13T02:49:54.921+0000] {processor.py:175} INFO - Processing /home/airflow/.local/lib/python3.9/site-packages/airflow/example_dags/example_local_kubernetes_executor.py took 0.178 seconds
[2025-05-13T02:50:25.055+0000] {processor.py:153} INFO - Started process (PID=604) to work on /home/airflow/.local/lib/python3.9/site-packages/airflow/example_dags/example_local_kubernetes_executor.py
[2025-05-13T02:50:25.058+0000] {processor.py:743} INFO - Processing file /home/airflow/.local/lib/python3.9/site-packages/airflow/example_dags/example_local_kubernetes_executor.py for tasks to queue
[2025-05-13T02:50:25.061+0000] {logging_mixin.py:137} INFO - [2025-05-13T02:50:25.060+0000] {dagbag.py:538} INFO - Filling up the DagBag from /home/airflow/.local/lib/python3.9/site-packages/airflow/example_dags/example_local_kubernetes_executor.py
[2025-05-13T02:50:25.097+0000] {processor.py:753} INFO - DAG(s) dict_keys(['example_local_kubernetes_executor']) retrieved from /home/airflow/.local/lib/python3.9/site-packages/airflow/example_dags/example_local_kubernetes_executor.py
[2025-05-13T02:50:25.154+0000] {logging_mixin.py:137} INFO - [2025-05-13T02:50:25.154+0000] {dag.py:2676} INFO - Sync 1 DAGs
[2025-05-13T02:50:25.184+0000] {logging_mixin.py:137} INFO - [2025-05-13T02:50:25.184+0000] {dag.py:3423} INFO - Setting next_dagrun for example_local_kubernetes_executor to None, run_after=None
[2025-05-13T02:50:25.207+0000] {processor.py:175} INFO - Processing /home/airflow/.local/lib/python3.9/site-packages/airflow/example_dags/example_local_kubernetes_executor.py took 0.155 seconds
[2025-05-13T21:18:20.497+0000] {processor.py:153} INFO - Started process (PID=179) to work on /home/airflow/.local/lib/python3.9/site-packages/airflow/example_dags/example_local_kubernetes_executor.py
[2025-05-13T21:18:20.499+0000] {processor.py:743} INFO - Processing file /home/airflow/.local/lib/python3.9/site-packages/airflow/example_dags/example_local_kubernetes_executor.py for tasks to queue
[2025-05-13T21:18:20.500+0000] {logging_mixin.py:137} INFO - [2025-05-13T21:18:20.500+0000] {dagbag.py:538} INFO - Filling up the DagBag from /home/airflow/.local/lib/python3.9/site-packages/airflow/example_dags/example_local_kubernetes_executor.py
[2025-05-13T21:18:20.588+0000] {processor.py:753} INFO - DAG(s) dict_keys(['example_local_kubernetes_executor']) retrieved from /home/airflow/.local/lib/python3.9/site-packages/airflow/example_dags/example_local_kubernetes_executor.py
[2025-05-13T21:18:20.945+0000] {logging_mixin.py:137} INFO - [2025-05-13T21:18:20.945+0000] {manager.py:504} INFO - Created Permission View: can edit on DAG:example_local_kubernetes_executor
[2025-05-13T21:18:20.954+0000] {logging_mixin.py:137} INFO - [2025-05-13T21:18:20.954+0000] {manager.py:504} INFO - Created Permission View: can delete on DAG:example_local_kubernetes_executor
[2025-05-13T21:18:20.963+0000] {logging_mixin.py:137} INFO - [2025-05-13T21:18:20.963+0000] {manager.py:504} INFO - Created Permission View: can read on DAG:example_local_kubernetes_executor
[2025-05-13T21:18:20.964+0000] {logging_mixin.py:137} INFO - [2025-05-13T21:18:20.964+0000] {dag.py:2676} INFO - Sync 1 DAGs
[2025-05-13T21:18:20.982+0000] {logging_mixin.py:137} INFO - [2025-05-13T21:18:20.982+0000] {dag.py:2697} INFO - Creating ORM DAG for example_local_kubernetes_executor
[2025-05-13T21:18:20.996+0000] {logging_mixin.py:137} INFO - [2025-05-13T21:18:20.996+0000] {dag.py:3423} INFO - Setting next_dagrun for example_local_kubernetes_executor to None, run_after=None
[2025-05-13T21:18:21.017+0000] {processor.py:175} INFO - Processing /home/airflow/.local/lib/python3.9/site-packages/airflow/example_dags/example_local_kubernetes_executor.py took 0.527 seconds
[2025-05-13T21:18:51.206+0000] {processor.py:153} INFO - Started process (PID=379) to work on /home/airflow/.local/lib/python3.9/site-packages/airflow/example_dags/example_local_kubernetes_executor.py
[2025-05-13T21:18:51.207+0000] {processor.py:743} INFO - Processing file /home/airflow/.local/lib/python3.9/site-packages/airflow/example_dags/example_local_kubernetes_executor.py for tasks to queue
[2025-05-13T21:18:51.208+0000] {logging_mixin.py:137} INFO - [2025-05-13T21:18:51.208+0000] {dagbag.py:538} INFO - Filling up the DagBag from /home/airflow/.local/lib/python3.9/site-packages/airflow/example_dags/example_local_kubernetes_executor.py
[2025-05-13T21:18:51.245+0000] {processor.py:753} INFO - DAG(s) dict_keys(['example_local_kubernetes_executor']) retrieved from /home/airflow/.local/lib/python3.9/site-packages/airflow/example_dags/example_local_kubernetes_executor.py
[2025-05-13T21:18:51.303+0000] {logging_mixin.py:137} INFO - [2025-05-13T21:18:51.302+0000] {dag.py:2676} INFO - Sync 1 DAGs
[2025-05-13T21:18:51.331+0000] {logging_mixin.py:137} INFO - [2025-05-13T21:18:51.331+0000] {dag.py:3423} INFO - Setting next_dagrun for example_local_kubernetes_executor to None, run_after=None
[2025-05-13T21:18:51.360+0000] {processor.py:175} INFO - Processing /home/airflow/.local/lib/python3.9/site-packages/airflow/example_dags/example_local_kubernetes_executor.py took 0.159 seconds
[2025-05-13T21:19:21.846+0000] {processor.py:153} INFO - Started process (PID=582) to work on /home/airflow/.local/lib/python3.9/site-packages/airflow/example_dags/example_local_kubernetes_executor.py
[2025-05-13T21:19:21.848+0000] {processor.py:743} INFO - Processing file /home/airflow/.local/lib/python3.9/site-packages/airflow/example_dags/example_local_kubernetes_executor.py for tasks to queue
[2025-05-13T21:19:21.849+0000] {logging_mixin.py:137} INFO - [2025-05-13T21:19:21.849+0000] {dagbag.py:538} INFO - Filling up the DagBag from /home/airflow/.local/lib/python3.9/site-packages/airflow/example_dags/example_local_kubernetes_executor.py
[2025-05-13T21:19:21.892+0000] {processor.py:753} INFO - DAG(s) dict_keys(['example_local_kubernetes_executor']) retrieved from /home/airflow/.local/lib/python3.9/site-packages/airflow/example_dags/example_local_kubernetes_executor.py
[2025-05-13T21:19:21.955+0000] {logging_mixin.py:137} INFO - [2025-05-13T21:19:21.954+0000] {dag.py:2676} INFO - Sync 1 DAGs
[2025-05-13T21:19:21.993+0000] {logging_mixin.py:137} INFO - [2025-05-13T21:19:21.992+0000] {dag.py:3423} INFO - Setting next_dagrun for example_local_kubernetes_executor to None, run_after=None
[2025-05-13T21:19:22.017+0000] {processor.py:175} INFO - Processing /home/airflow/.local/lib/python3.9/site-packages/airflow/example_dags/example_local_kubernetes_executor.py took 0.182 seconds
[2025-05-13T21:19:52.122+0000] {processor.py:153} INFO - Started process (PID=785) to work on /home/airflow/.local/lib/python3.9/site-packages/airflow/example_dags/example_local_kubernetes_executor.py
[2025-05-13T21:19:52.123+0000] {processor.py:743} INFO - Processing file /home/airflow/.local/lib/python3.9/site-packages/airflow/example_dags/example_local_kubernetes_executor.py for tasks to queue
[2025-05-13T21:19:52.124+0000] {logging_mixin.py:137} INFO - [2025-05-13T21:19:52.124+0000] {dagbag.py:538} INFO - Filling up the DagBag from /home/airflow/.local/lib/python3.9/site-packages/airflow/example_dags/example_local_kubernetes_executor.py
[2025-05-13T21:19:52.165+0000] {processor.py:753} INFO - DAG(s) dict_keys(['example_local_kubernetes_executor']) retrieved from /home/airflow/.local/lib/python3.9/site-packages/airflow/example_dags/example_local_kubernetes_executor.py
[2025-05-13T21:19:52.239+0000] {logging_mixin.py:137} INFO - [2025-05-13T21:19:52.239+0000] {dag.py:2676} INFO - Sync 1 DAGs
[2025-05-13T21:19:52.272+0000] {logging_mixin.py:137} INFO - [2025-05-13T21:19:52.272+0000] {dag.py:3423} INFO - Setting next_dagrun for example_local_kubernetes_executor to None, run_after=None
[2025-05-13T21:19:52.303+0000] {processor.py:175} INFO - Processing /home/airflow/.local/lib/python3.9/site-packages/airflow/example_dags/example_local_kubernetes_executor.py took 0.185 seconds
[2025-05-13T21:20:22.418+0000] {processor.py:153} INFO - Started process (PID=988) to work on /home/airflow/.local/lib/python3.9/site-packages/airflow/example_dags/example_local_kubernetes_executor.py
[2025-05-13T21:20:22.420+0000] {processor.py:743} INFO - Processing file /home/airflow/.local/lib/python3.9/site-packages/airflow/example_dags/example_local_kubernetes_executor.py for tasks to queue
[2025-05-13T21:20:22.422+0000] {logging_mixin.py:137} INFO - [2025-05-13T21:20:22.422+0000] {dagbag.py:538} INFO - Filling up the DagBag from /home/airflow/.local/lib/python3.9/site-packages/airflow/example_dags/example_local_kubernetes_executor.py
[2025-05-13T21:20:22.481+0000] {processor.py:753} INFO - DAG(s) dict_keys(['example_local_kubernetes_executor']) retrieved from /home/airflow/.local/lib/python3.9/site-packages/airflow/example_dags/example_local_kubernetes_executor.py
[2025-05-13T21:20:22.558+0000] {logging_mixin.py:137} INFO - [2025-05-13T21:20:22.558+0000] {dag.py:2676} INFO - Sync 1 DAGs
[2025-05-13T21:20:22.607+0000] {logging_mixin.py:137} INFO - [2025-05-13T21:20:22.606+0000] {dag.py:3423} INFO - Setting next_dagrun for example_local_kubernetes_executor to None, run_after=None
[2025-05-13T21:20:22.667+0000] {processor.py:175} INFO - Processing /home/airflow/.local/lib/python3.9/site-packages/airflow/example_dags/example_local_kubernetes_executor.py took 0.259 seconds
[2025-05-13T21:20:53.226+0000] {processor.py:153} INFO - Started process (PID=1194) to work on /home/airflow/.local/lib/python3.9/site-packages/airflow/example_dags/example_local_kubernetes_executor.py
[2025-05-13T21:20:53.228+0000] {processor.py:743} INFO - Processing file /home/airflow/.local/lib/python3.9/site-packages/airflow/example_dags/example_local_kubernetes_executor.py for tasks to queue
[2025-05-13T21:20:53.229+0000] {logging_mixin.py:137} INFO - [2025-05-13T21:20:53.229+0000] {dagbag.py:538} INFO - Filling up the DagBag from /home/airflow/.local/lib/python3.9/site-packages/airflow/example_dags/example_local_kubernetes_executor.py
[2025-05-13T21:20:53.273+0000] {processor.py:753} INFO - DAG(s) dict_keys(['example_local_kubernetes_executor']) retrieved from /home/airflow/.local/lib/python3.9/site-packages/airflow/example_dags/example_local_kubernetes_executor.py
[2025-05-13T21:20:53.332+0000] {logging_mixin.py:137} INFO - [2025-05-13T21:20:53.332+0000] {dag.py:2676} INFO - Sync 1 DAGs
[2025-05-13T21:20:53.369+0000] {logging_mixin.py:137} INFO - [2025-05-13T21:20:53.369+0000] {dag.py:3423} INFO - Setting next_dagrun for example_local_kubernetes_executor to None, run_after=None
[2025-05-13T21:20:53.419+0000] {processor.py:175} INFO - Processing /home/airflow/.local/lib/python3.9/site-packages/airflow/example_dags/example_local_kubernetes_executor.py took 0.202 seconds
[2025-05-13T21:21:23.595+0000] {processor.py:153} INFO - Started process (PID=1397) to work on /home/airflow/.local/lib/python3.9/site-packages/airflow/example_dags/example_local_kubernetes_executor.py
[2025-05-13T21:21:23.597+0000] {processor.py:743} INFO - Processing file /home/airflow/.local/lib/python3.9/site-packages/airflow/example_dags/example_local_kubernetes_executor.py for tasks to queue
[2025-05-13T21:21:23.598+0000] {logging_mixin.py:137} INFO - [2025-05-13T21:21:23.598+0000] {dagbag.py:538} INFO - Filling up the DagBag from /home/airflow/.local/lib/python3.9/site-packages/airflow/example_dags/example_local_kubernetes_executor.py
[2025-05-13T21:21:23.628+0000] {processor.py:753} INFO - DAG(s) dict_keys(['example_local_kubernetes_executor']) retrieved from /home/airflow/.local/lib/python3.9/site-packages/airflow/example_dags/example_local_kubernetes_executor.py
[2025-05-13T21:21:23.705+0000] {logging_mixin.py:137} INFO - [2025-05-13T21:21:23.705+0000] {dag.py:2676} INFO - Sync 1 DAGs
[2025-05-13T21:21:23.735+0000] {logging_mixin.py:137} INFO - [2025-05-13T21:21:23.735+0000] {dag.py:3423} INFO - Setting next_dagrun for example_local_kubernetes_executor to None, run_after=None
[2025-05-13T21:21:23.758+0000] {processor.py:175} INFO - Processing /home/airflow/.local/lib/python3.9/site-packages/airflow/example_dags/example_local_kubernetes_executor.py took 0.167 seconds
[2025-05-13T21:21:54.467+0000] {processor.py:153} INFO - Started process (PID=1600) to work on /home/airflow/.local/lib/python3.9/site-packages/airflow/example_dags/example_local_kubernetes_executor.py
[2025-05-13T21:21:54.468+0000] {processor.py:743} INFO - Processing file /home/airflow/.local/lib/python3.9/site-packages/airflow/example_dags/example_local_kubernetes_executor.py for tasks to queue
[2025-05-13T21:21:54.469+0000] {logging_mixin.py:137} INFO - [2025-05-13T21:21:54.469+0000] {dagbag.py:538} INFO - Filling up the DagBag from /home/airflow/.local/lib/python3.9/site-packages/airflow/example_dags/example_local_kubernetes_executor.py
[2025-05-13T21:21:54.500+0000] {processor.py:753} INFO - DAG(s) dict_keys(['example_local_kubernetes_executor']) retrieved from /home/airflow/.local/lib/python3.9/site-packages/airflow/example_dags/example_local_kubernetes_executor.py
[2025-05-13T21:21:54.549+0000] {logging_mixin.py:137} INFO - [2025-05-13T21:21:54.549+0000] {dag.py:2676} INFO - Sync 1 DAGs
[2025-05-13T21:21:54.576+0000] {logging_mixin.py:137} INFO - [2025-05-13T21:21:54.576+0000] {dag.py:3423} INFO - Setting next_dagrun for example_local_kubernetes_executor to None, run_after=None
[2025-05-13T21:21:54.597+0000] {processor.py:175} INFO - Processing /home/airflow/.local/lib/python3.9/site-packages/airflow/example_dags/example_local_kubernetes_executor.py took 0.134 seconds
[2025-05-13T21:22:24.665+0000] {processor.py:153} INFO - Started process (PID=1803) to work on /home/airflow/.local/lib/python3.9/site-packages/airflow/example_dags/example_local_kubernetes_executor.py
[2025-05-13T21:22:24.667+0000] {processor.py:743} INFO - Processing file /home/airflow/.local/lib/python3.9/site-packages/airflow/example_dags/example_local_kubernetes_executor.py for tasks to queue
[2025-05-13T21:22:24.668+0000] {logging_mixin.py:137} INFO - [2025-05-13T21:22:24.668+0000] {dagbag.py:538} INFO - Filling up the DagBag from /home/airflow/.local/lib/python3.9/site-packages/airflow/example_dags/example_local_kubernetes_executor.py
[2025-05-13T21:22:24.706+0000] {processor.py:753} INFO - DAG(s) dict_keys(['example_local_kubernetes_executor']) retrieved from /home/airflow/.local/lib/python3.9/site-packages/airflow/example_dags/example_local_kubernetes_executor.py
[2025-05-13T21:22:24.759+0000] {logging_mixin.py:137} INFO - [2025-05-13T21:22:24.758+0000] {dag.py:2676} INFO - Sync 1 DAGs
[2025-05-13T21:22:24.785+0000] {logging_mixin.py:137} INFO - [2025-05-13T21:22:24.784+0000] {dag.py:3423} INFO - Setting next_dagrun for example_local_kubernetes_executor to None, run_after=None
[2025-05-13T21:22:24.806+0000] {processor.py:175} INFO - Processing /home/airflow/.local/lib/python3.9/site-packages/airflow/example_dags/example_local_kubernetes_executor.py took 0.146 seconds
[2025-05-13T21:22:55.369+0000] {processor.py:153} INFO - Started process (PID=2004) to work on /home/airflow/.local/lib/python3.9/site-packages/airflow/example_dags/example_local_kubernetes_executor.py
[2025-05-13T21:22:55.371+0000] {processor.py:743} INFO - Processing file /home/airflow/.local/lib/python3.9/site-packages/airflow/example_dags/example_local_kubernetes_executor.py for tasks to queue
[2025-05-13T21:22:55.372+0000] {logging_mixin.py:137} INFO - [2025-05-13T21:22:55.372+0000] {dagbag.py:538} INFO - Filling up the DagBag from /home/airflow/.local/lib/python3.9/site-packages/airflow/example_dags/example_local_kubernetes_executor.py
[2025-05-13T21:22:55.405+0000] {processor.py:753} INFO - DAG(s) dict_keys(['example_local_kubernetes_executor']) retrieved from /home/airflow/.local/lib/python3.9/site-packages/airflow/example_dags/example_local_kubernetes_executor.py
[2025-05-13T21:22:55.457+0000] {logging_mixin.py:137} INFO - [2025-05-13T21:22:55.457+0000] {dag.py:2676} INFO - Sync 1 DAGs
[2025-05-13T21:22:55.483+0000] {logging_mixin.py:137} INFO - [2025-05-13T21:22:55.483+0000] {dag.py:3423} INFO - Setting next_dagrun for example_local_kubernetes_executor to None, run_after=None
[2025-05-13T21:22:55.505+0000] {processor.py:175} INFO - Processing /home/airflow/.local/lib/python3.9/site-packages/airflow/example_dags/example_local_kubernetes_executor.py took 0.144 seconds
[2025-05-13T21:23:25.961+0000] {processor.py:153} INFO - Started process (PID=2210) to work on /home/airflow/.local/lib/python3.9/site-packages/airflow/example_dags/example_local_kubernetes_executor.py
[2025-05-13T21:23:25.962+0000] {processor.py:743} INFO - Processing file /home/airflow/.local/lib/python3.9/site-packages/airflow/example_dags/example_local_kubernetes_executor.py for tasks to queue
[2025-05-13T21:23:25.963+0000] {logging_mixin.py:137} INFO - [2025-05-13T21:23:25.962+0000] {dagbag.py:538} INFO - Filling up the DagBag from /home/airflow/.local/lib/python3.9/site-packages/airflow/example_dags/example_local_kubernetes_executor.py
[2025-05-13T21:23:25.995+0000] {processor.py:753} INFO - DAG(s) dict_keys(['example_local_kubernetes_executor']) retrieved from /home/airflow/.local/lib/python3.9/site-packages/airflow/example_dags/example_local_kubernetes_executor.py
[2025-05-13T21:23:26.060+0000] {logging_mixin.py:137} INFO - [2025-05-13T21:23:26.060+0000] {dag.py:2676} INFO - Sync 1 DAGs
[2025-05-13T21:23:26.094+0000] {logging_mixin.py:137} INFO - [2025-05-13T21:23:26.094+0000] {dag.py:3423} INFO - Setting next_dagrun for example_local_kubernetes_executor to None, run_after=None
[2025-05-13T21:23:26.122+0000] {processor.py:175} INFO - Processing /home/airflow/.local/lib/python3.9/site-packages/airflow/example_dags/example_local_kubernetes_executor.py took 0.165 seconds
[2025-05-13T21:23:56.512+0000] {processor.py:153} INFO - Started process (PID=2413) to work on /home/airflow/.local/lib/python3.9/site-packages/airflow/example_dags/example_local_kubernetes_executor.py
[2025-05-13T21:23:56.513+0000] {processor.py:743} INFO - Processing file /home/airflow/.local/lib/python3.9/site-packages/airflow/example_dags/example_local_kubernetes_executor.py for tasks to queue
[2025-05-13T21:23:56.514+0000] {logging_mixin.py:137} INFO - [2025-05-13T21:23:56.514+0000] {dagbag.py:538} INFO - Filling up the DagBag from /home/airflow/.local/lib/python3.9/site-packages/airflow/example_dags/example_local_kubernetes_executor.py
[2025-05-13T21:23:56.545+0000] {processor.py:753} INFO - DAG(s) dict_keys(['example_local_kubernetes_executor']) retrieved from /home/airflow/.local/lib/python3.9/site-packages/airflow/example_dags/example_local_kubernetes_executor.py
[2025-05-13T21:23:56.602+0000] {logging_mixin.py:137} INFO - [2025-05-13T21:23:56.602+0000] {dag.py:2676} INFO - Sync 1 DAGs
[2025-05-13T21:23:56.638+0000] {logging_mixin.py:137} INFO - [2025-05-13T21:23:56.637+0000] {dag.py:3423} INFO - Setting next_dagrun for example_local_kubernetes_executor to None, run_after=None
[2025-05-13T21:23:56.664+0000] {processor.py:175} INFO - Processing /home/airflow/.local/lib/python3.9/site-packages/airflow/example_dags/example_local_kubernetes_executor.py took 0.156 seconds
[2025-05-13T21:24:27.183+0000] {processor.py:153} INFO - Started process (PID=2616) to work on /home/airflow/.local/lib/python3.9/site-packages/airflow/example_dags/example_local_kubernetes_executor.py
[2025-05-13T21:24:27.184+0000] {processor.py:743} INFO - Processing file /home/airflow/.local/lib/python3.9/site-packages/airflow/example_dags/example_local_kubernetes_executor.py for tasks to queue
[2025-05-13T21:24:27.185+0000] {logging_mixin.py:137} INFO - [2025-05-13T21:24:27.184+0000] {dagbag.py:538} INFO - Filling up the DagBag from /home/airflow/.local/lib/python3.9/site-packages/airflow/example_dags/example_local_kubernetes_executor.py
[2025-05-13T21:24:27.215+0000] {processor.py:753} INFO - DAG(s) dict_keys(['example_local_kubernetes_executor']) retrieved from /home/airflow/.local/lib/python3.9/site-packages/airflow/example_dags/example_local_kubernetes_executor.py
[2025-05-13T21:24:27.268+0000] {logging_mixin.py:137} INFO - [2025-05-13T21:24:27.268+0000] {dag.py:2676} INFO - Sync 1 DAGs
[2025-05-13T21:24:27.296+0000] {logging_mixin.py:137} INFO - [2025-05-13T21:24:27.295+0000] {dag.py:3423} INFO - Setting next_dagrun for example_local_kubernetes_executor to None, run_after=None
[2025-05-13T21:24:27.318+0000] {processor.py:175} INFO - Processing /home/airflow/.local/lib/python3.9/site-packages/airflow/example_dags/example_local_kubernetes_executor.py took 0.139 seconds
[2025-05-13T21:24:57.926+0000] {processor.py:153} INFO - Started process (PID=2819) to work on /home/airflow/.local/lib/python3.9/site-packages/airflow/example_dags/example_local_kubernetes_executor.py
[2025-05-13T21:24:57.927+0000] {processor.py:743} INFO - Processing file /home/airflow/.local/lib/python3.9/site-packages/airflow/example_dags/example_local_kubernetes_executor.py for tasks to queue
[2025-05-13T21:24:57.928+0000] {logging_mixin.py:137} INFO - [2025-05-13T21:24:57.928+0000] {dagbag.py:538} INFO - Filling up the DagBag from /home/airflow/.local/lib/python3.9/site-packages/airflow/example_dags/example_local_kubernetes_executor.py
[2025-05-13T21:24:57.960+0000] {processor.py:753} INFO - DAG(s) dict_keys(['example_local_kubernetes_executor']) retrieved from /home/airflow/.local/lib/python3.9/site-packages/airflow/example_dags/example_local_kubernetes_executor.py
[2025-05-13T21:24:58.009+0000] {logging_mixin.py:137} INFO - [2025-05-13T21:24:58.009+0000] {dag.py:2676} INFO - Sync 1 DAGs
[2025-05-13T21:24:58.033+0000] {logging_mixin.py:137} INFO - [2025-05-13T21:24:58.033+0000] {dag.py:3423} INFO - Setting next_dagrun for example_local_kubernetes_executor to None, run_after=None
[2025-05-13T21:24:58.054+0000] {processor.py:175} INFO - Processing /home/airflow/.local/lib/python3.9/site-packages/airflow/example_dags/example_local_kubernetes_executor.py took 0.132 seconds
[2025-05-13T21:25:28.468+0000] {processor.py:153} INFO - Started process (PID=3022) to work on /home/airflow/.local/lib/python3.9/site-packages/airflow/example_dags/example_local_kubernetes_executor.py
[2025-05-13T21:25:28.469+0000] {processor.py:743} INFO - Processing file /home/airflow/.local/lib/python3.9/site-packages/airflow/example_dags/example_local_kubernetes_executor.py for tasks to queue
[2025-05-13T21:25:28.470+0000] {logging_mixin.py:137} INFO - [2025-05-13T21:25:28.470+0000] {dagbag.py:538} INFO - Filling up the DagBag from /home/airflow/.local/lib/python3.9/site-packages/airflow/example_dags/example_local_kubernetes_executor.py
[2025-05-13T21:25:28.501+0000] {processor.py:753} INFO - DAG(s) dict_keys(['example_local_kubernetes_executor']) retrieved from /home/airflow/.local/lib/python3.9/site-packages/airflow/example_dags/example_local_kubernetes_executor.py
[2025-05-13T21:25:28.552+0000] {logging_mixin.py:137} INFO - [2025-05-13T21:25:28.552+0000] {dag.py:2676} INFO - Sync 1 DAGs
[2025-05-13T21:25:28.582+0000] {logging_mixin.py:137} INFO - [2025-05-13T21:25:28.582+0000] {dag.py:3423} INFO - Setting next_dagrun for example_local_kubernetes_executor to None, run_after=None
[2025-05-13T21:25:28.604+0000] {processor.py:175} INFO - Processing /home/airflow/.local/lib/python3.9/site-packages/airflow/example_dags/example_local_kubernetes_executor.py took 0.139 seconds
[2025-05-13T21:25:59.000+0000] {processor.py:153} INFO - Started process (PID=3237) to work on /home/airflow/.local/lib/python3.9/site-packages/airflow/example_dags/example_local_kubernetes_executor.py
[2025-05-13T21:25:59.001+0000] {processor.py:743} INFO - Processing file /home/airflow/.local/lib/python3.9/site-packages/airflow/example_dags/example_local_kubernetes_executor.py for tasks to queue
[2025-05-13T21:25:59.002+0000] {logging_mixin.py:137} INFO - [2025-05-13T21:25:59.002+0000] {dagbag.py:538} INFO - Filling up the DagBag from /home/airflow/.local/lib/python3.9/site-packages/airflow/example_dags/example_local_kubernetes_executor.py
[2025-05-13T21:25:59.034+0000] {processor.py:753} INFO - DAG(s) dict_keys(['example_local_kubernetes_executor']) retrieved from /home/airflow/.local/lib/python3.9/site-packages/airflow/example_dags/example_local_kubernetes_executor.py
[2025-05-13T21:25:59.089+0000] {logging_mixin.py:137} INFO - [2025-05-13T21:25:59.088+0000] {dag.py:2676} INFO - Sync 1 DAGs
[2025-05-13T21:25:59.119+0000] {logging_mixin.py:137} INFO - [2025-05-13T21:25:59.118+0000] {dag.py:3423} INFO - Setting next_dagrun for example_local_kubernetes_executor to None, run_after=None
[2025-05-13T21:25:59.142+0000] {processor.py:175} INFO - Processing /home/airflow/.local/lib/python3.9/site-packages/airflow/example_dags/example_local_kubernetes_executor.py took 0.146 seconds
[2025-05-13T21:26:29.676+0000] {processor.py:153} INFO - Started process (PID=3440) to work on /home/airflow/.local/lib/python3.9/site-packages/airflow/example_dags/example_local_kubernetes_executor.py
[2025-05-13T21:26:29.677+0000] {processor.py:743} INFO - Processing file /home/airflow/.local/lib/python3.9/site-packages/airflow/example_dags/example_local_kubernetes_executor.py for tasks to queue
[2025-05-13T21:26:29.678+0000] {logging_mixin.py:137} INFO - [2025-05-13T21:26:29.678+0000] {dagbag.py:538} INFO - Filling up the DagBag from /home/airflow/.local/lib/python3.9/site-packages/airflow/example_dags/example_local_kubernetes_executor.py
[2025-05-13T21:26:29.711+0000] {processor.py:753} INFO - DAG(s) dict_keys(['example_local_kubernetes_executor']) retrieved from /home/airflow/.local/lib/python3.9/site-packages/airflow/example_dags/example_local_kubernetes_executor.py
[2025-05-13T21:26:29.764+0000] {logging_mixin.py:137} INFO - [2025-05-13T21:26:29.764+0000] {dag.py:2676} INFO - Sync 1 DAGs
[2025-05-13T21:26:29.793+0000] {logging_mixin.py:137} INFO - [2025-05-13T21:26:29.793+0000] {dag.py:3423} INFO - Setting next_dagrun for example_local_kubernetes_executor to None, run_after=None
[2025-05-13T21:26:29.815+0000] {processor.py:175} INFO - Processing /home/airflow/.local/lib/python3.9/site-packages/airflow/example_dags/example_local_kubernetes_executor.py took 0.144 seconds
[2025-05-13T21:27:00.392+0000] {processor.py:153} INFO - Started process (PID=3643) to work on /home/airflow/.local/lib/python3.9/site-packages/airflow/example_dags/example_local_kubernetes_executor.py
[2025-05-13T21:27:00.393+0000] {processor.py:743} INFO - Processing file /home/airflow/.local/lib/python3.9/site-packages/airflow/example_dags/example_local_kubernetes_executor.py for tasks to queue
[2025-05-13T21:27:00.395+0000] {logging_mixin.py:137} INFO - [2025-05-13T21:27:00.394+0000] {dagbag.py:538} INFO - Filling up the DagBag from /home/airflow/.local/lib/python3.9/site-packages/airflow/example_dags/example_local_kubernetes_executor.py
[2025-05-13T21:27:00.464+0000] {processor.py:753} INFO - DAG(s) dict_keys(['example_local_kubernetes_executor']) retrieved from /home/airflow/.local/lib/python3.9/site-packages/airflow/example_dags/example_local_kubernetes_executor.py
[2025-05-13T21:27:00.521+0000] {logging_mixin.py:137} INFO - [2025-05-13T21:27:00.521+0000] {dag.py:2676} INFO - Sync 1 DAGs
[2025-05-13T21:27:00.552+0000] {logging_mixin.py:137} INFO - [2025-05-13T21:27:00.552+0000] {dag.py:3423} INFO - Setting next_dagrun for example_local_kubernetes_executor to None, run_after=None
[2025-05-13T21:27:00.579+0000] {processor.py:175} INFO - Processing /home/airflow/.local/lib/python3.9/site-packages/airflow/example_dags/example_local_kubernetes_executor.py took 0.192 seconds
[2025-05-13T21:27:30.818+0000] {processor.py:153} INFO - Started process (PID=3846) to work on /home/airflow/.local/lib/python3.9/site-packages/airflow/example_dags/example_local_kubernetes_executor.py
[2025-05-13T21:27:30.819+0000] {processor.py:743} INFO - Processing file /home/airflow/.local/lib/python3.9/site-packages/airflow/example_dags/example_local_kubernetes_executor.py for tasks to queue
[2025-05-13T21:27:30.820+0000] {logging_mixin.py:137} INFO - [2025-05-13T21:27:30.820+0000] {dagbag.py:538} INFO - Filling up the DagBag from /home/airflow/.local/lib/python3.9/site-packages/airflow/example_dags/example_local_kubernetes_executor.py
[2025-05-13T21:27:30.851+0000] {processor.py:753} INFO - DAG(s) dict_keys(['example_local_kubernetes_executor']) retrieved from /home/airflow/.local/lib/python3.9/site-packages/airflow/example_dags/example_local_kubernetes_executor.py
[2025-05-13T21:27:30.898+0000] {logging_mixin.py:137} INFO - [2025-05-13T21:27:30.898+0000] {dag.py:2676} INFO - Sync 1 DAGs
[2025-05-13T21:27:30.928+0000] {logging_mixin.py:137} INFO - [2025-05-13T21:27:30.928+0000] {dag.py:3423} INFO - Setting next_dagrun for example_local_kubernetes_executor to None, run_after=None
[2025-05-13T21:27:30.949+0000] {processor.py:175} INFO - Processing /home/airflow/.local/lib/python3.9/site-packages/airflow/example_dags/example_local_kubernetes_executor.py took 0.134 seconds
[2025-05-13T21:28:01.612+0000] {processor.py:153} INFO - Started process (PID=4047) to work on /home/airflow/.local/lib/python3.9/site-packages/airflow/example_dags/example_local_kubernetes_executor.py
[2025-05-13T21:28:01.615+0000] {processor.py:743} INFO - Processing file /home/airflow/.local/lib/python3.9/site-packages/airflow/example_dags/example_local_kubernetes_executor.py for tasks to queue
[2025-05-13T21:28:01.616+0000] {logging_mixin.py:137} INFO - [2025-05-13T21:28:01.616+0000] {dagbag.py:538} INFO - Filling up the DagBag from /home/airflow/.local/lib/python3.9/site-packages/airflow/example_dags/example_local_kubernetes_executor.py
[2025-05-13T21:28:01.667+0000] {processor.py:753} INFO - DAG(s) dict_keys(['example_local_kubernetes_executor']) retrieved from /home/airflow/.local/lib/python3.9/site-packages/airflow/example_dags/example_local_kubernetes_executor.py
[2025-05-13T21:28:01.726+0000] {logging_mixin.py:137} INFO - [2025-05-13T21:28:01.726+0000] {dag.py:2676} INFO - Sync 1 DAGs
[2025-05-13T21:28:01.775+0000] {logging_mixin.py:137} INFO - [2025-05-13T21:28:01.775+0000] {dag.py:3423} INFO - Setting next_dagrun for example_local_kubernetes_executor to None, run_after=None
[2025-05-13T21:28:01.805+0000] {processor.py:175} INFO - Processing /home/airflow/.local/lib/python3.9/site-packages/airflow/example_dags/example_local_kubernetes_executor.py took 0.201 seconds
[2025-05-13T21:28:32.301+0000] {processor.py:153} INFO - Started process (PID=4246) to work on /home/airflow/.local/lib/python3.9/site-packages/airflow/example_dags/example_local_kubernetes_executor.py
[2025-05-13T21:28:32.302+0000] {processor.py:743} INFO - Processing file /home/airflow/.local/lib/python3.9/site-packages/airflow/example_dags/example_local_kubernetes_executor.py for tasks to queue
[2025-05-13T21:28:32.303+0000] {logging_mixin.py:137} INFO - [2025-05-13T21:28:32.303+0000] {dagbag.py:538} INFO - Filling up the DagBag from /home/airflow/.local/lib/python3.9/site-packages/airflow/example_dags/example_local_kubernetes_executor.py
[2025-05-13T21:28:32.335+0000] {processor.py:753} INFO - DAG(s) dict_keys(['example_local_kubernetes_executor']) retrieved from /home/airflow/.local/lib/python3.9/site-packages/airflow/example_dags/example_local_kubernetes_executor.py
[2025-05-13T21:28:32.385+0000] {logging_mixin.py:137} INFO - [2025-05-13T21:28:32.385+0000] {dag.py:2676} INFO - Sync 1 DAGs
[2025-05-13T21:28:32.413+0000] {logging_mixin.py:137} INFO - [2025-05-13T21:28:32.413+0000] {dag.py:3423} INFO - Setting next_dagrun for example_local_kubernetes_executor to None, run_after=None
[2025-05-13T21:28:32.435+0000] {processor.py:175} INFO - Processing /home/airflow/.local/lib/python3.9/site-packages/airflow/example_dags/example_local_kubernetes_executor.py took 0.138 seconds
[2025-05-13T21:29:02.793+0000] {processor.py:153} INFO - Started process (PID=4449) to work on /home/airflow/.local/lib/python3.9/site-packages/airflow/example_dags/example_local_kubernetes_executor.py
[2025-05-13T21:29:02.794+0000] {processor.py:743} INFO - Processing file /home/airflow/.local/lib/python3.9/site-packages/airflow/example_dags/example_local_kubernetes_executor.py for tasks to queue
[2025-05-13T21:29:02.795+0000] {logging_mixin.py:137} INFO - [2025-05-13T21:29:02.795+0000] {dagbag.py:538} INFO - Filling up the DagBag from /home/airflow/.local/lib/python3.9/site-packages/airflow/example_dags/example_local_kubernetes_executor.py
[2025-05-13T21:29:02.829+0000] {processor.py:753} INFO - DAG(s) dict_keys(['example_local_kubernetes_executor']) retrieved from /home/airflow/.local/lib/python3.9/site-packages/airflow/example_dags/example_local_kubernetes_executor.py
[2025-05-13T21:29:02.882+0000] {logging_mixin.py:137} INFO - [2025-05-13T21:29:02.882+0000] {dag.py:2676} INFO - Sync 1 DAGs
[2025-05-13T21:29:02.912+0000] {logging_mixin.py:137} INFO - [2025-05-13T21:29:02.912+0000] {dag.py:3423} INFO - Setting next_dagrun for example_local_kubernetes_executor to None, run_after=None
[2025-05-13T21:29:02.967+0000] {processor.py:175} INFO - Processing /home/airflow/.local/lib/python3.9/site-packages/airflow/example_dags/example_local_kubernetes_executor.py took 0.178 seconds
[2025-05-13T21:29:33.846+0000] {processor.py:153} INFO - Started process (PID=4652) to work on /home/airflow/.local/lib/python3.9/site-packages/airflow/example_dags/example_local_kubernetes_executor.py
[2025-05-13T21:29:33.847+0000] {processor.py:743} INFO - Processing file /home/airflow/.local/lib/python3.9/site-packages/airflow/example_dags/example_local_kubernetes_executor.py for tasks to queue
[2025-05-13T21:29:33.848+0000] {logging_mixin.py:137} INFO - [2025-05-13T21:29:33.848+0000] {dagbag.py:538} INFO - Filling up the DagBag from /home/airflow/.local/lib/python3.9/site-packages/airflow/example_dags/example_local_kubernetes_executor.py
[2025-05-13T21:29:33.882+0000] {processor.py:753} INFO - DAG(s) dict_keys(['example_local_kubernetes_executor']) retrieved from /home/airflow/.local/lib/python3.9/site-packages/airflow/example_dags/example_local_kubernetes_executor.py
[2025-05-13T21:29:33.932+0000] {logging_mixin.py:137} INFO - [2025-05-13T21:29:33.932+0000] {dag.py:2676} INFO - Sync 1 DAGs
[2025-05-13T21:29:33.961+0000] {logging_mixin.py:137} INFO - [2025-05-13T21:29:33.961+0000] {dag.py:3423} INFO - Setting next_dagrun for example_local_kubernetes_executor to None, run_after=None
[2025-05-13T21:29:33.983+0000] {processor.py:175} INFO - Processing /home/airflow/.local/lib/python3.9/site-packages/airflow/example_dags/example_local_kubernetes_executor.py took 0.142 seconds
[2025-05-13T21:30:04.730+0000] {processor.py:153} INFO - Started process (PID=4855) to work on /home/airflow/.local/lib/python3.9/site-packages/airflow/example_dags/example_local_kubernetes_executor.py
[2025-05-13T21:30:04.732+0000] {processor.py:743} INFO - Processing file /home/airflow/.local/lib/python3.9/site-packages/airflow/example_dags/example_local_kubernetes_executor.py for tasks to queue
[2025-05-13T21:30:04.733+0000] {logging_mixin.py:137} INFO - [2025-05-13T21:30:04.733+0000] {dagbag.py:538} INFO - Filling up the DagBag from /home/airflow/.local/lib/python3.9/site-packages/airflow/example_dags/example_local_kubernetes_executor.py
[2025-05-13T21:30:04.772+0000] {processor.py:753} INFO - DAG(s) dict_keys(['example_local_kubernetes_executor']) retrieved from /home/airflow/.local/lib/python3.9/site-packages/airflow/example_dags/example_local_kubernetes_executor.py
[2025-05-13T21:30:04.842+0000] {logging_mixin.py:137} INFO - [2025-05-13T21:30:04.841+0000] {dag.py:2676} INFO - Sync 1 DAGs
[2025-05-13T21:30:04.871+0000] {logging_mixin.py:137} INFO - [2025-05-13T21:30:04.871+0000] {dag.py:3423} INFO - Setting next_dagrun for example_local_kubernetes_executor to None, run_after=None
[2025-05-13T21:30:04.895+0000] {processor.py:175} INFO - Processing /home/airflow/.local/lib/python3.9/site-packages/airflow/example_dags/example_local_kubernetes_executor.py took 0.171 seconds
[2025-05-13T21:30:35.267+0000] {processor.py:153} INFO - Started process (PID=5058) to work on /home/airflow/.local/lib/python3.9/site-packages/airflow/example_dags/example_local_kubernetes_executor.py
[2025-05-13T21:30:35.268+0000] {processor.py:743} INFO - Processing file /home/airflow/.local/lib/python3.9/site-packages/airflow/example_dags/example_local_kubernetes_executor.py for tasks to queue
[2025-05-13T21:30:35.270+0000] {logging_mixin.py:137} INFO - [2025-05-13T21:30:35.269+0000] {dagbag.py:538} INFO - Filling up the DagBag from /home/airflow/.local/lib/python3.9/site-packages/airflow/example_dags/example_local_kubernetes_executor.py
[2025-05-13T21:30:35.302+0000] {processor.py:753} INFO - DAG(s) dict_keys(['example_local_kubernetes_executor']) retrieved from /home/airflow/.local/lib/python3.9/site-packages/airflow/example_dags/example_local_kubernetes_executor.py
[2025-05-13T21:30:35.352+0000] {logging_mixin.py:137} INFO - [2025-05-13T21:30:35.352+0000] {dag.py:2676} INFO - Sync 1 DAGs
[2025-05-13T21:30:35.378+0000] {logging_mixin.py:137} INFO - [2025-05-13T21:30:35.378+0000] {dag.py:3423} INFO - Setting next_dagrun for example_local_kubernetes_executor to None, run_after=None
[2025-05-13T21:30:35.401+0000] {processor.py:175} INFO - Processing /home/airflow/.local/lib/python3.9/site-packages/airflow/example_dags/example_local_kubernetes_executor.py took 0.138 seconds
[2025-05-13T21:31:05.885+0000] {processor.py:153} INFO - Started process (PID=5264) to work on /home/airflow/.local/lib/python3.9/site-packages/airflow/example_dags/example_local_kubernetes_executor.py
[2025-05-13T21:31:05.886+0000] {processor.py:743} INFO - Processing file /home/airflow/.local/lib/python3.9/site-packages/airflow/example_dags/example_local_kubernetes_executor.py for tasks to queue
[2025-05-13T21:31:05.886+0000] {logging_mixin.py:137} INFO - [2025-05-13T21:31:05.886+0000] {dagbag.py:538} INFO - Filling up the DagBag from /home/airflow/.local/lib/python3.9/site-packages/airflow/example_dags/example_local_kubernetes_executor.py
[2025-05-13T21:31:05.913+0000] {processor.py:753} INFO - DAG(s) dict_keys(['example_local_kubernetes_executor']) retrieved from /home/airflow/.local/lib/python3.9/site-packages/airflow/example_dags/example_local_kubernetes_executor.py
[2025-05-13T21:31:05.972+0000] {logging_mixin.py:137} INFO - [2025-05-13T21:31:05.971+0000] {dag.py:2676} INFO - Sync 1 DAGs
[2025-05-13T21:31:06.001+0000] {logging_mixin.py:137} INFO - [2025-05-13T21:31:06.001+0000] {dag.py:3423} INFO - Setting next_dagrun for example_local_kubernetes_executor to None, run_after=None
[2025-05-13T21:31:06.031+0000] {processor.py:175} INFO - Processing /home/airflow/.local/lib/python3.9/site-packages/airflow/example_dags/example_local_kubernetes_executor.py took 0.150 seconds
[2025-05-13T21:31:36.645+0000] {processor.py:153} INFO - Started process (PID=5467) to work on /home/airflow/.local/lib/python3.9/site-packages/airflow/example_dags/example_local_kubernetes_executor.py
[2025-05-13T21:31:36.646+0000] {processor.py:743} INFO - Processing file /home/airflow/.local/lib/python3.9/site-packages/airflow/example_dags/example_local_kubernetes_executor.py for tasks to queue
[2025-05-13T21:31:36.648+0000] {logging_mixin.py:137} INFO - [2025-05-13T21:31:36.647+0000] {dagbag.py:538} INFO - Filling up the DagBag from /home/airflow/.local/lib/python3.9/site-packages/airflow/example_dags/example_local_kubernetes_executor.py
[2025-05-13T21:31:36.688+0000] {processor.py:753} INFO - DAG(s) dict_keys(['example_local_kubernetes_executor']) retrieved from /home/airflow/.local/lib/python3.9/site-packages/airflow/example_dags/example_local_kubernetes_executor.py
[2025-05-13T21:31:36.746+0000] {logging_mixin.py:137} INFO - [2025-05-13T21:31:36.746+0000] {dag.py:2676} INFO - Sync 1 DAGs
[2025-05-13T21:31:36.779+0000] {logging_mixin.py:137} INFO - [2025-05-13T21:31:36.779+0000] {dag.py:3423} INFO - Setting next_dagrun for example_local_kubernetes_executor to None, run_after=None
[2025-05-13T21:31:36.804+0000] {processor.py:175} INFO - Processing /home/airflow/.local/lib/python3.9/site-packages/airflow/example_dags/example_local_kubernetes_executor.py took 0.164 seconds
[2025-05-13T21:32:07.438+0000] {processor.py:153} INFO - Started process (PID=5670) to work on /home/airflow/.local/lib/python3.9/site-packages/airflow/example_dags/example_local_kubernetes_executor.py
[2025-05-13T21:32:07.439+0000] {processor.py:743} INFO - Processing file /home/airflow/.local/lib/python3.9/site-packages/airflow/example_dags/example_local_kubernetes_executor.py for tasks to queue
[2025-05-13T21:32:07.440+0000] {logging_mixin.py:137} INFO - [2025-05-13T21:32:07.440+0000] {dagbag.py:538} INFO - Filling up the DagBag from /home/airflow/.local/lib/python3.9/site-packages/airflow/example_dags/example_local_kubernetes_executor.py
[2025-05-13T21:32:07.470+0000] {processor.py:753} INFO - DAG(s) dict_keys(['example_local_kubernetes_executor']) retrieved from /home/airflow/.local/lib/python3.9/site-packages/airflow/example_dags/example_local_kubernetes_executor.py
[2025-05-13T21:32:07.509+0000] {logging_mixin.py:137} INFO - [2025-05-13T21:32:07.509+0000] {dag.py:2676} INFO - Sync 1 DAGs
[2025-05-13T21:32:07.539+0000] {logging_mixin.py:137} INFO - [2025-05-13T21:32:07.538+0000] {dag.py:3423} INFO - Setting next_dagrun for example_local_kubernetes_executor to None, run_after=None
[2025-05-13T21:32:07.567+0000] {processor.py:175} INFO - Processing /home/airflow/.local/lib/python3.9/site-packages/airflow/example_dags/example_local_kubernetes_executor.py took 0.134 seconds
[2025-05-13T21:32:37.659+0000] {processor.py:153} INFO - Started process (PID=5873) to work on /home/airflow/.local/lib/python3.9/site-packages/airflow/example_dags/example_local_kubernetes_executor.py
[2025-05-13T21:32:37.661+0000] {processor.py:743} INFO - Processing file /home/airflow/.local/lib/python3.9/site-packages/airflow/example_dags/example_local_kubernetes_executor.py for tasks to queue
[2025-05-13T21:32:37.662+0000] {logging_mixin.py:137} INFO - [2025-05-13T21:32:37.662+0000] {dagbag.py:538} INFO - Filling up the DagBag from /home/airflow/.local/lib/python3.9/site-packages/airflow/example_dags/example_local_kubernetes_executor.py
[2025-05-13T21:32:37.704+0000] {processor.py:753} INFO - DAG(s) dict_keys(['example_local_kubernetes_executor']) retrieved from /home/airflow/.local/lib/python3.9/site-packages/airflow/example_dags/example_local_kubernetes_executor.py
[2025-05-13T21:32:37.759+0000] {logging_mixin.py:137} INFO - [2025-05-13T21:32:37.759+0000] {dag.py:2676} INFO - Sync 1 DAGs
[2025-05-13T21:32:37.787+0000] {logging_mixin.py:137} INFO - [2025-05-13T21:32:37.787+0000] {dag.py:3423} INFO - Setting next_dagrun for example_local_kubernetes_executor to None, run_after=None
[2025-05-13T21:32:37.814+0000] {processor.py:175} INFO - Processing /home/airflow/.local/lib/python3.9/site-packages/airflow/example_dags/example_local_kubernetes_executor.py took 0.159 seconds
[2025-05-13T21:33:08.001+0000] {processor.py:153} INFO - Started process (PID=6076) to work on /home/airflow/.local/lib/python3.9/site-packages/airflow/example_dags/example_local_kubernetes_executor.py
[2025-05-13T21:33:08.002+0000] {processor.py:743} INFO - Processing file /home/airflow/.local/lib/python3.9/site-packages/airflow/example_dags/example_local_kubernetes_executor.py for tasks to queue
[2025-05-13T21:33:08.003+0000] {logging_mixin.py:137} INFO - [2025-05-13T21:33:08.003+0000] {dagbag.py:538} INFO - Filling up the DagBag from /home/airflow/.local/lib/python3.9/site-packages/airflow/example_dags/example_local_kubernetes_executor.py
[2025-05-13T21:33:08.036+0000] {processor.py:753} INFO - DAG(s) dict_keys(['example_local_kubernetes_executor']) retrieved from /home/airflow/.local/lib/python3.9/site-packages/airflow/example_dags/example_local_kubernetes_executor.py
[2025-05-13T21:33:08.089+0000] {logging_mixin.py:137} INFO - [2025-05-13T21:33:08.089+0000] {dag.py:2676} INFO - Sync 1 DAGs
[2025-05-13T21:33:08.123+0000] {logging_mixin.py:137} INFO - [2025-05-13T21:33:08.122+0000] {dag.py:3423} INFO - Setting next_dagrun for example_local_kubernetes_executor to None, run_after=None
[2025-05-13T21:33:08.299+0000] {processor.py:175} INFO - Processing /home/airflow/.local/lib/python3.9/site-packages/airflow/example_dags/example_local_kubernetes_executor.py took 0.303 seconds
[2025-05-13T21:33:38.381+0000] {processor.py:153} INFO - Started process (PID=6282) to work on /home/airflow/.local/lib/python3.9/site-packages/airflow/example_dags/example_local_kubernetes_executor.py
[2025-05-13T21:33:38.382+0000] {processor.py:743} INFO - Processing file /home/airflow/.local/lib/python3.9/site-packages/airflow/example_dags/example_local_kubernetes_executor.py for tasks to queue
[2025-05-13T21:33:38.383+0000] {logging_mixin.py:137} INFO - [2025-05-13T21:33:38.383+0000] {dagbag.py:538} INFO - Filling up the DagBag from /home/airflow/.local/lib/python3.9/site-packages/airflow/example_dags/example_local_kubernetes_executor.py
[2025-05-13T21:33:38.409+0000] {processor.py:753} INFO - DAG(s) dict_keys(['example_local_kubernetes_executor']) retrieved from /home/airflow/.local/lib/python3.9/site-packages/airflow/example_dags/example_local_kubernetes_executor.py
[2025-05-13T21:33:38.447+0000] {logging_mixin.py:137} INFO - [2025-05-13T21:33:38.447+0000] {dag.py:2676} INFO - Sync 1 DAGs
[2025-05-13T21:33:38.474+0000] {logging_mixin.py:137} INFO - [2025-05-13T21:33:38.474+0000] {dag.py:3423} INFO - Setting next_dagrun for example_local_kubernetes_executor to None, run_after=None
[2025-05-13T21:33:38.495+0000] {processor.py:175} INFO - Processing /home/airflow/.local/lib/python3.9/site-packages/airflow/example_dags/example_local_kubernetes_executor.py took 0.117 seconds
[2025-05-13T21:34:08.878+0000] {processor.py:153} INFO - Started process (PID=6476) to work on /home/airflow/.local/lib/python3.9/site-packages/airflow/example_dags/example_local_kubernetes_executor.py
[2025-05-13T21:34:08.880+0000] {processor.py:743} INFO - Processing file /home/airflow/.local/lib/python3.9/site-packages/airflow/example_dags/example_local_kubernetes_executor.py for tasks to queue
[2025-05-13T21:34:08.881+0000] {logging_mixin.py:137} INFO - [2025-05-13T21:34:08.881+0000] {dagbag.py:538} INFO - Filling up the DagBag from /home/airflow/.local/lib/python3.9/site-packages/airflow/example_dags/example_local_kubernetes_executor.py
[2025-05-13T21:34:08.922+0000] {processor.py:753} INFO - DAG(s) dict_keys(['example_local_kubernetes_executor']) retrieved from /home/airflow/.local/lib/python3.9/site-packages/airflow/example_dags/example_local_kubernetes_executor.py
[2025-05-13T21:34:08.980+0000] {logging_mixin.py:137} INFO - [2025-05-13T21:34:08.980+0000] {dag.py:2676} INFO - Sync 1 DAGs
[2025-05-13T21:34:09.020+0000] {logging_mixin.py:137} INFO - [2025-05-13T21:34:09.019+0000] {dag.py:3423} INFO - Setting next_dagrun for example_local_kubernetes_executor to None, run_after=None
[2025-05-13T21:34:09.045+0000] {processor.py:175} INFO - Processing /home/airflow/.local/lib/python3.9/site-packages/airflow/example_dags/example_local_kubernetes_executor.py took 0.172 seconds
[2025-05-13T21:34:39.615+0000] {processor.py:153} INFO - Started process (PID=6685) to work on /home/airflow/.local/lib/python3.9/site-packages/airflow/example_dags/example_local_kubernetes_executor.py
[2025-05-13T21:34:39.616+0000] {processor.py:743} INFO - Processing file /home/airflow/.local/lib/python3.9/site-packages/airflow/example_dags/example_local_kubernetes_executor.py for tasks to queue
[2025-05-13T21:34:39.617+0000] {logging_mixin.py:137} INFO - [2025-05-13T21:34:39.617+0000] {dagbag.py:538} INFO - Filling up the DagBag from /home/airflow/.local/lib/python3.9/site-packages/airflow/example_dags/example_local_kubernetes_executor.py
[2025-05-13T21:34:39.660+0000] {processor.py:753} INFO - DAG(s) dict_keys(['example_local_kubernetes_executor']) retrieved from /home/airflow/.local/lib/python3.9/site-packages/airflow/example_dags/example_local_kubernetes_executor.py
[2025-05-13T21:34:39.727+0000] {logging_mixin.py:137} INFO - [2025-05-13T21:34:39.726+0000] {dag.py:2676} INFO - Sync 1 DAGs
[2025-05-13T21:34:39.756+0000] {logging_mixin.py:137} INFO - [2025-05-13T21:34:39.756+0000] {dag.py:3423} INFO - Setting next_dagrun for example_local_kubernetes_executor to None, run_after=None
[2025-05-13T21:34:39.783+0000] {processor.py:175} INFO - Processing /home/airflow/.local/lib/python3.9/site-packages/airflow/example_dags/example_local_kubernetes_executor.py took 0.172 seconds
[2025-05-13T21:35:10.004+0000] {processor.py:153} INFO - Started process (PID=6891) to work on /home/airflow/.local/lib/python3.9/site-packages/airflow/example_dags/example_local_kubernetes_executor.py
[2025-05-13T21:35:10.006+0000] {processor.py:743} INFO - Processing file /home/airflow/.local/lib/python3.9/site-packages/airflow/example_dags/example_local_kubernetes_executor.py for tasks to queue
[2025-05-13T21:35:10.007+0000] {logging_mixin.py:137} INFO - [2025-05-13T21:35:10.007+0000] {dagbag.py:538} INFO - Filling up the DagBag from /home/airflow/.local/lib/python3.9/site-packages/airflow/example_dags/example_local_kubernetes_executor.py
[2025-05-13T21:35:10.053+0000] {processor.py:753} INFO - DAG(s) dict_keys(['example_local_kubernetes_executor']) retrieved from /home/airflow/.local/lib/python3.9/site-packages/airflow/example_dags/example_local_kubernetes_executor.py
[2025-05-13T21:35:10.115+0000] {logging_mixin.py:137} INFO - [2025-05-13T21:35:10.115+0000] {dag.py:2676} INFO - Sync 1 DAGs
[2025-05-13T21:35:10.149+0000] {logging_mixin.py:137} INFO - [2025-05-13T21:35:10.148+0000] {dag.py:3423} INFO - Setting next_dagrun for example_local_kubernetes_executor to None, run_after=None
[2025-05-13T21:35:10.314+0000] {processor.py:175} INFO - Processing /home/airflow/.local/lib/python3.9/site-packages/airflow/example_dags/example_local_kubernetes_executor.py took 0.316 seconds
[2025-05-13T21:35:40.352+0000] {processor.py:153} INFO - Started process (PID=7097) to work on /home/airflow/.local/lib/python3.9/site-packages/airflow/example_dags/example_local_kubernetes_executor.py
[2025-05-13T21:35:40.353+0000] {processor.py:743} INFO - Processing file /home/airflow/.local/lib/python3.9/site-packages/airflow/example_dags/example_local_kubernetes_executor.py for tasks to queue
[2025-05-13T21:35:40.354+0000] {logging_mixin.py:137} INFO - [2025-05-13T21:35:40.354+0000] {dagbag.py:538} INFO - Filling up the DagBag from /home/airflow/.local/lib/python3.9/site-packages/airflow/example_dags/example_local_kubernetes_executor.py
[2025-05-13T21:35:40.386+0000] {processor.py:753} INFO - DAG(s) dict_keys(['example_local_kubernetes_executor']) retrieved from /home/airflow/.local/lib/python3.9/site-packages/airflow/example_dags/example_local_kubernetes_executor.py
[2025-05-13T21:35:40.445+0000] {logging_mixin.py:137} INFO - [2025-05-13T21:35:40.445+0000] {dag.py:2676} INFO - Sync 1 DAGs
[2025-05-13T21:35:40.477+0000] {logging_mixin.py:137} INFO - [2025-05-13T21:35:40.477+0000] {dag.py:3423} INFO - Setting next_dagrun for example_local_kubernetes_executor to None, run_after=None
[2025-05-13T21:35:40.499+0000] {processor.py:175} INFO - Processing /home/airflow/.local/lib/python3.9/site-packages/airflow/example_dags/example_local_kubernetes_executor.py took 0.151 seconds
[2025-05-13T21:36:10.666+0000] {processor.py:153} INFO - Started process (PID=7297) to work on /home/airflow/.local/lib/python3.9/site-packages/airflow/example_dags/example_local_kubernetes_executor.py
[2025-05-13T21:36:10.667+0000] {processor.py:743} INFO - Processing file /home/airflow/.local/lib/python3.9/site-packages/airflow/example_dags/example_local_kubernetes_executor.py for tasks to queue
[2025-05-13T21:36:10.669+0000] {logging_mixin.py:137} INFO - [2025-05-13T21:36:10.668+0000] {dagbag.py:538} INFO - Filling up the DagBag from /home/airflow/.local/lib/python3.9/site-packages/airflow/example_dags/example_local_kubernetes_executor.py
[2025-05-13T21:36:10.714+0000] {processor.py:753} INFO - DAG(s) dict_keys(['example_local_kubernetes_executor']) retrieved from /home/airflow/.local/lib/python3.9/site-packages/airflow/example_dags/example_local_kubernetes_executor.py
[2025-05-13T21:36:10.775+0000] {logging_mixin.py:137} INFO - [2025-05-13T21:36:10.775+0000] {dag.py:2676} INFO - Sync 1 DAGs
[2025-05-13T21:36:10.806+0000] {logging_mixin.py:137} INFO - [2025-05-13T21:36:10.806+0000] {dag.py:3423} INFO - Setting next_dagrun for example_local_kubernetes_executor to None, run_after=None
[2025-05-13T21:36:10.831+0000] {processor.py:175} INFO - Processing /home/airflow/.local/lib/python3.9/site-packages/airflow/example_dags/example_local_kubernetes_executor.py took 0.172 seconds
[2025-05-13T21:36:41.375+0000] {processor.py:153} INFO - Started process (PID=7500) to work on /home/airflow/.local/lib/python3.9/site-packages/airflow/example_dags/example_local_kubernetes_executor.py
[2025-05-13T21:36:41.376+0000] {processor.py:743} INFO - Processing file /home/airflow/.local/lib/python3.9/site-packages/airflow/example_dags/example_local_kubernetes_executor.py for tasks to queue
[2025-05-13T21:36:41.377+0000] {logging_mixin.py:137} INFO - [2025-05-13T21:36:41.377+0000] {dagbag.py:538} INFO - Filling up the DagBag from /home/airflow/.local/lib/python3.9/site-packages/airflow/example_dags/example_local_kubernetes_executor.py
[2025-05-13T21:36:41.408+0000] {processor.py:753} INFO - DAG(s) dict_keys(['example_local_kubernetes_executor']) retrieved from /home/airflow/.local/lib/python3.9/site-packages/airflow/example_dags/example_local_kubernetes_executor.py
[2025-05-13T21:36:41.465+0000] {logging_mixin.py:137} INFO - [2025-05-13T21:36:41.465+0000] {dag.py:2676} INFO - Sync 1 DAGs
[2025-05-13T21:36:41.494+0000] {logging_mixin.py:137} INFO - [2025-05-13T21:36:41.493+0000] {dag.py:3423} INFO - Setting next_dagrun for example_local_kubernetes_executor to None, run_after=None
[2025-05-13T21:36:41.522+0000] {processor.py:175} INFO - Processing /home/airflow/.local/lib/python3.9/site-packages/airflow/example_dags/example_local_kubernetes_executor.py took 0.152 seconds
[2025-05-13T21:37:46.978+0000] {processor.py:153} INFO - Started process (PID=186) to work on /home/airflow/.local/lib/python3.9/site-packages/airflow/example_dags/example_local_kubernetes_executor.py
[2025-05-13T21:37:46.979+0000] {processor.py:743} INFO - Processing file /home/airflow/.local/lib/python3.9/site-packages/airflow/example_dags/example_local_kubernetes_executor.py for tasks to queue
[2025-05-13T21:37:46.980+0000] {logging_mixin.py:137} INFO - [2025-05-13T21:37:46.980+0000] {dagbag.py:538} INFO - Filling up the DagBag from /home/airflow/.local/lib/python3.9/site-packages/airflow/example_dags/example_local_kubernetes_executor.py
[2025-05-13T21:37:47.034+0000] {processor.py:753} INFO - DAG(s) dict_keys(['example_local_kubernetes_executor']) retrieved from /home/airflow/.local/lib/python3.9/site-packages/airflow/example_dags/example_local_kubernetes_executor.py
[2025-05-13T21:37:47.088+0000] {logging_mixin.py:137} INFO - [2025-05-13T21:37:47.088+0000] {dag.py:2676} INFO - Sync 1 DAGs
[2025-05-13T21:37:47.117+0000] {logging_mixin.py:137} INFO - [2025-05-13T21:37:47.117+0000] {dag.py:3423} INFO - Setting next_dagrun for example_local_kubernetes_executor to None, run_after=None
[2025-05-13T21:37:47.143+0000] {processor.py:175} INFO - Processing /home/airflow/.local/lib/python3.9/site-packages/airflow/example_dags/example_local_kubernetes_executor.py took 0.170 seconds
[2025-05-13T21:38:17.551+0000] {processor.py:153} INFO - Started process (PID=387) to work on /home/airflow/.local/lib/python3.9/site-packages/airflow/example_dags/example_local_kubernetes_executor.py
[2025-05-13T21:38:17.552+0000] {processor.py:743} INFO - Processing file /home/airflow/.local/lib/python3.9/site-packages/airflow/example_dags/example_local_kubernetes_executor.py for tasks to queue
[2025-05-13T21:38:17.553+0000] {logging_mixin.py:137} INFO - [2025-05-13T21:38:17.553+0000] {dagbag.py:538} INFO - Filling up the DagBag from /home/airflow/.local/lib/python3.9/site-packages/airflow/example_dags/example_local_kubernetes_executor.py
[2025-05-13T21:38:17.585+0000] {processor.py:753} INFO - DAG(s) dict_keys(['example_local_kubernetes_executor']) retrieved from /home/airflow/.local/lib/python3.9/site-packages/airflow/example_dags/example_local_kubernetes_executor.py
[2025-05-13T21:38:17.640+0000] {logging_mixin.py:137} INFO - [2025-05-13T21:38:17.640+0000] {dag.py:2676} INFO - Sync 1 DAGs
[2025-05-13T21:38:17.670+0000] {logging_mixin.py:137} INFO - [2025-05-13T21:38:17.670+0000] {dag.py:3423} INFO - Setting next_dagrun for example_local_kubernetes_executor to None, run_after=None
[2025-05-13T21:38:17.694+0000] {processor.py:175} INFO - Processing /home/airflow/.local/lib/python3.9/site-packages/airflow/example_dags/example_local_kubernetes_executor.py took 0.147 seconds
[2025-05-13T21:38:48.490+0000] {processor.py:153} INFO - Started process (PID=590) to work on /home/airflow/.local/lib/python3.9/site-packages/airflow/example_dags/example_local_kubernetes_executor.py
[2025-05-13T21:38:48.492+0000] {processor.py:743} INFO - Processing file /home/airflow/.local/lib/python3.9/site-packages/airflow/example_dags/example_local_kubernetes_executor.py for tasks to queue
[2025-05-13T21:38:48.493+0000] {logging_mixin.py:137} INFO - [2025-05-13T21:38:48.493+0000] {dagbag.py:538} INFO - Filling up the DagBag from /home/airflow/.local/lib/python3.9/site-packages/airflow/example_dags/example_local_kubernetes_executor.py
[2025-05-13T21:38:48.527+0000] {processor.py:753} INFO - DAG(s) dict_keys(['example_local_kubernetes_executor']) retrieved from /home/airflow/.local/lib/python3.9/site-packages/airflow/example_dags/example_local_kubernetes_executor.py
[2025-05-13T21:38:48.582+0000] {logging_mixin.py:137} INFO - [2025-05-13T21:38:48.582+0000] {dag.py:2676} INFO - Sync 1 DAGs
[2025-05-13T21:38:48.642+0000] {logging_mixin.py:137} INFO - [2025-05-13T21:38:48.642+0000] {dag.py:3423} INFO - Setting next_dagrun for example_local_kubernetes_executor to None, run_after=None
[2025-05-13T21:38:48.708+0000] {processor.py:175} INFO - Processing /home/airflow/.local/lib/python3.9/site-packages/airflow/example_dags/example_local_kubernetes_executor.py took 0.222 seconds
[2025-05-13T21:39:19.111+0000] {processor.py:153} INFO - Started process (PID=793) to work on /home/airflow/.local/lib/python3.9/site-packages/airflow/example_dags/example_local_kubernetes_executor.py
[2025-05-13T21:39:19.113+0000] {processor.py:743} INFO - Processing file /home/airflow/.local/lib/python3.9/site-packages/airflow/example_dags/example_local_kubernetes_executor.py for tasks to queue
[2025-05-13T21:39:19.114+0000] {logging_mixin.py:137} INFO - [2025-05-13T21:39:19.114+0000] {dagbag.py:538} INFO - Filling up the DagBag from /home/airflow/.local/lib/python3.9/site-packages/airflow/example_dags/example_local_kubernetes_executor.py
[2025-05-13T21:39:19.148+0000] {processor.py:753} INFO - DAG(s) dict_keys(['example_local_kubernetes_executor']) retrieved from /home/airflow/.local/lib/python3.9/site-packages/airflow/example_dags/example_local_kubernetes_executor.py
[2025-05-13T21:39:19.205+0000] {logging_mixin.py:137} INFO - [2025-05-13T21:39:19.204+0000] {dag.py:2676} INFO - Sync 1 DAGs
[2025-05-13T21:39:19.239+0000] {logging_mixin.py:137} INFO - [2025-05-13T21:39:19.239+0000] {dag.py:3423} INFO - Setting next_dagrun for example_local_kubernetes_executor to None, run_after=None
[2025-05-13T21:39:19.270+0000] {processor.py:175} INFO - Processing /home/airflow/.local/lib/python3.9/site-packages/airflow/example_dags/example_local_kubernetes_executor.py took 0.163 seconds
[2025-05-13T21:39:49.525+0000] {processor.py:153} INFO - Started process (PID=1001) to work on /home/airflow/.local/lib/python3.9/site-packages/airflow/example_dags/example_local_kubernetes_executor.py
[2025-05-13T21:39:49.528+0000] {processor.py:743} INFO - Processing file /home/airflow/.local/lib/python3.9/site-packages/airflow/example_dags/example_local_kubernetes_executor.py for tasks to queue
[2025-05-13T21:39:49.531+0000] {logging_mixin.py:137} INFO - [2025-05-13T21:39:49.530+0000] {dagbag.py:538} INFO - Filling up the DagBag from /home/airflow/.local/lib/python3.9/site-packages/airflow/example_dags/example_local_kubernetes_executor.py
[2025-05-13T21:39:49.575+0000] {processor.py:753} INFO - DAG(s) dict_keys(['example_local_kubernetes_executor']) retrieved from /home/airflow/.local/lib/python3.9/site-packages/airflow/example_dags/example_local_kubernetes_executor.py
[2025-05-13T21:39:49.633+0000] {logging_mixin.py:137} INFO - [2025-05-13T21:39:49.633+0000] {dag.py:2676} INFO - Sync 1 DAGs
[2025-05-13T21:39:49.666+0000] {logging_mixin.py:137} INFO - [2025-05-13T21:39:49.666+0000] {dag.py:3423} INFO - Setting next_dagrun for example_local_kubernetes_executor to None, run_after=None
[2025-05-13T21:39:49.692+0000] {processor.py:175} INFO - Processing /home/airflow/.local/lib/python3.9/site-packages/airflow/example_dags/example_local_kubernetes_executor.py took 0.189 seconds
[2025-05-13T21:40:19.887+0000] {processor.py:153} INFO - Started process (PID=1215) to work on /home/airflow/.local/lib/python3.9/site-packages/airflow/example_dags/example_local_kubernetes_executor.py
[2025-05-13T21:40:19.888+0000] {processor.py:743} INFO - Processing file /home/airflow/.local/lib/python3.9/site-packages/airflow/example_dags/example_local_kubernetes_executor.py for tasks to queue
[2025-05-13T21:40:19.889+0000] {logging_mixin.py:137} INFO - [2025-05-13T21:40:19.889+0000] {dagbag.py:538} INFO - Filling up the DagBag from /home/airflow/.local/lib/python3.9/site-packages/airflow/example_dags/example_local_kubernetes_executor.py
[2025-05-13T21:40:19.933+0000] {processor.py:753} INFO - DAG(s) dict_keys(['example_local_kubernetes_executor']) retrieved from /home/airflow/.local/lib/python3.9/site-packages/airflow/example_dags/example_local_kubernetes_executor.py
[2025-05-13T21:40:20.091+0000] {logging_mixin.py:137} INFO - [2025-05-13T21:40:20.090+0000] {dag.py:2676} INFO - Sync 1 DAGs
[2025-05-13T21:40:20.125+0000] {logging_mixin.py:137} INFO - [2025-05-13T21:40:20.125+0000] {dag.py:3423} INFO - Setting next_dagrun for example_local_kubernetes_executor to None, run_after=None
[2025-05-13T21:40:20.147+0000] {processor.py:175} INFO - Processing /home/airflow/.local/lib/python3.9/site-packages/airflow/example_dags/example_local_kubernetes_executor.py took 0.264 seconds
[2025-05-13T21:40:50.175+0000] {processor.py:153} INFO - Started process (PID=1418) to work on /home/airflow/.local/lib/python3.9/site-packages/airflow/example_dags/example_local_kubernetes_executor.py
[2025-05-13T21:40:50.176+0000] {processor.py:743} INFO - Processing file /home/airflow/.local/lib/python3.9/site-packages/airflow/example_dags/example_local_kubernetes_executor.py for tasks to queue
[2025-05-13T21:40:50.177+0000] {logging_mixin.py:137} INFO - [2025-05-13T21:40:50.177+0000] {dagbag.py:538} INFO - Filling up the DagBag from /home/airflow/.local/lib/python3.9/site-packages/airflow/example_dags/example_local_kubernetes_executor.py
[2025-05-13T21:40:50.211+0000] {processor.py:753} INFO - DAG(s) dict_keys(['example_local_kubernetes_executor']) retrieved from /home/airflow/.local/lib/python3.9/site-packages/airflow/example_dags/example_local_kubernetes_executor.py
[2025-05-13T21:40:50.271+0000] {logging_mixin.py:137} INFO - [2025-05-13T21:40:50.271+0000] {dag.py:2676} INFO - Sync 1 DAGs
[2025-05-13T21:40:50.302+0000] {logging_mixin.py:137} INFO - [2025-05-13T21:40:50.302+0000] {dag.py:3423} INFO - Setting next_dagrun for example_local_kubernetes_executor to None, run_after=None
[2025-05-13T21:40:50.325+0000] {processor.py:175} INFO - Processing /home/airflow/.local/lib/python3.9/site-packages/airflow/example_dags/example_local_kubernetes_executor.py took 0.154 seconds
[2025-05-13T21:41:20.418+0000] {processor.py:153} INFO - Started process (PID=1621) to work on /home/airflow/.local/lib/python3.9/site-packages/airflow/example_dags/example_local_kubernetes_executor.py
[2025-05-13T21:41:20.419+0000] {processor.py:743} INFO - Processing file /home/airflow/.local/lib/python3.9/site-packages/airflow/example_dags/example_local_kubernetes_executor.py for tasks to queue
[2025-05-13T21:41:20.420+0000] {logging_mixin.py:137} INFO - [2025-05-13T21:41:20.420+0000] {dagbag.py:538} INFO - Filling up the DagBag from /home/airflow/.local/lib/python3.9/site-packages/airflow/example_dags/example_local_kubernetes_executor.py
[2025-05-13T21:41:20.455+0000] {processor.py:753} INFO - DAG(s) dict_keys(['example_local_kubernetes_executor']) retrieved from /home/airflow/.local/lib/python3.9/site-packages/airflow/example_dags/example_local_kubernetes_executor.py
[2025-05-13T21:41:20.510+0000] {logging_mixin.py:137} INFO - [2025-05-13T21:41:20.510+0000] {dag.py:2676} INFO - Sync 1 DAGs
[2025-05-13T21:41:20.540+0000] {logging_mixin.py:137} INFO - [2025-05-13T21:41:20.539+0000] {dag.py:3423} INFO - Setting next_dagrun for example_local_kubernetes_executor to None, run_after=None
[2025-05-13T21:41:20.567+0000] {processor.py:175} INFO - Processing /home/airflow/.local/lib/python3.9/site-packages/airflow/example_dags/example_local_kubernetes_executor.py took 0.153 seconds
[2025-05-13T21:41:50.732+0000] {processor.py:153} INFO - Started process (PID=1819) to work on /home/airflow/.local/lib/python3.9/site-packages/airflow/example_dags/example_local_kubernetes_executor.py
[2025-05-13T21:41:50.734+0000] {processor.py:743} INFO - Processing file /home/airflow/.local/lib/python3.9/site-packages/airflow/example_dags/example_local_kubernetes_executor.py for tasks to queue
[2025-05-13T21:41:50.735+0000] {logging_mixin.py:137} INFO - [2025-05-13T21:41:50.735+0000] {dagbag.py:538} INFO - Filling up the DagBag from /home/airflow/.local/lib/python3.9/site-packages/airflow/example_dags/example_local_kubernetes_executor.py
[2025-05-13T21:41:50.782+0000] {processor.py:753} INFO - DAG(s) dict_keys(['example_local_kubernetes_executor']) retrieved from /home/airflow/.local/lib/python3.9/site-packages/airflow/example_dags/example_local_kubernetes_executor.py
[2025-05-13T21:41:50.841+0000] {logging_mixin.py:137} INFO - [2025-05-13T21:41:50.841+0000] {dag.py:2676} INFO - Sync 1 DAGs
[2025-05-13T21:41:50.874+0000] {logging_mixin.py:137} INFO - [2025-05-13T21:41:50.874+0000] {dag.py:3423} INFO - Setting next_dagrun for example_local_kubernetes_executor to None, run_after=None
[2025-05-13T21:41:50.902+0000] {processor.py:175} INFO - Processing /home/airflow/.local/lib/python3.9/site-packages/airflow/example_dags/example_local_kubernetes_executor.py took 0.175 seconds
