[2025-05-13T02:45:45.289+0000] {processor.py:153} INFO - Started process (PID=322) to work on /home/airflow/.local/lib/python3.9/site-packages/airflow/example_dags/tutorial_taskflow_api_virtualenv.py
[2025-05-13T02:45:45.290+0000] {processor.py:743} INFO - Processing file /home/airflow/.local/lib/python3.9/site-packages/airflow/example_dags/tutorial_taskflow_api_virtualenv.py for tasks to queue
[2025-05-13T02:45:45.291+0000] {logging_mixin.py:137} INFO - [2025-05-13T02:45:45.291+0000] {dagbag.py:538} INFO - Filling up the DagBag from /home/airflow/.local/lib/python3.9/site-packages/airflow/example_dags/tutorial_taskflow_api_virtualenv.py
[2025-05-13T02:45:45.323+0000] {processor.py:753} INFO - DAG(s) dict_keys(['tutorial_taskflow_api_virtualenv']) retrieved from /home/airflow/.local/lib/python3.9/site-packages/airflow/example_dags/tutorial_taskflow_api_virtualenv.py
[2025-05-13T02:45:45.479+0000] {logging_mixin.py:137} INFO - [2025-05-13T02:45:45.479+0000] {manager.py:504} INFO - Created Permission View: can delete on DAG:tutorial_taskflow_api_virtualenv
[2025-05-13T02:45:45.491+0000] {logging_mixin.py:137} INFO - [2025-05-13T02:45:45.490+0000] {manager.py:504} INFO - Created Permission View: can edit on DAG:tutorial_taskflow_api_virtualenv
[2025-05-13T02:45:45.500+0000] {logging_mixin.py:137} INFO - [2025-05-13T02:45:45.499+0000] {manager.py:504} INFO - Created Permission View: can read on DAG:tutorial_taskflow_api_virtualenv
[2025-05-13T02:45:45.500+0000] {logging_mixin.py:137} INFO - [2025-05-13T02:45:45.500+0000] {dag.py:2676} INFO - Sync 1 DAGs
[2025-05-13T02:45:45.517+0000] {logging_mixin.py:137} INFO - [2025-05-13T02:45:45.517+0000] {dag.py:2697} INFO - Creating ORM DAG for tutorial_taskflow_api_virtualenv
[2025-05-13T02:45:45.531+0000] {logging_mixin.py:137} INFO - [2025-05-13T02:45:45.531+0000] {dag.py:3423} INFO - Setting next_dagrun for tutorial_taskflow_api_virtualenv to None, run_after=None
[2025-05-13T02:45:45.557+0000] {processor.py:175} INFO - Processing /home/airflow/.local/lib/python3.9/site-packages/airflow/example_dags/tutorial_taskflow_api_virtualenv.py took 0.273 seconds
[2025-05-13T02:46:16.773+0000] {processor.py:153} INFO - Started process (PID=525) to work on /home/airflow/.local/lib/python3.9/site-packages/airflow/example_dags/tutorial_taskflow_api_virtualenv.py
[2025-05-13T02:46:16.775+0000] {processor.py:743} INFO - Processing file /home/airflow/.local/lib/python3.9/site-packages/airflow/example_dags/tutorial_taskflow_api_virtualenv.py for tasks to queue
[2025-05-13T02:46:16.776+0000] {logging_mixin.py:137} INFO - [2025-05-13T02:46:16.775+0000] {dagbag.py:538} INFO - Filling up the DagBag from /home/airflow/.local/lib/python3.9/site-packages/airflow/example_dags/tutorial_taskflow_api_virtualenv.py
[2025-05-13T02:46:16.810+0000] {processor.py:753} INFO - DAG(s) dict_keys(['tutorial_taskflow_api_virtualenv']) retrieved from /home/airflow/.local/lib/python3.9/site-packages/airflow/example_dags/tutorial_taskflow_api_virtualenv.py
[2025-05-13T02:46:16.877+0000] {logging_mixin.py:137} INFO - [2025-05-13T02:46:16.876+0000] {dag.py:2676} INFO - Sync 1 DAGs
[2025-05-13T02:46:16.911+0000] {logging_mixin.py:137} INFO - [2025-05-13T02:46:16.911+0000] {dag.py:3423} INFO - Setting next_dagrun for tutorial_taskflow_api_virtualenv to None, run_after=None
[2025-05-13T02:46:16.938+0000] {processor.py:175} INFO - Processing /home/airflow/.local/lib/python3.9/site-packages/airflow/example_dags/tutorial_taskflow_api_virtualenv.py took 0.169 seconds
[2025-05-13T02:46:47.363+0000] {processor.py:153} INFO - Started process (PID=724) to work on /home/airflow/.local/lib/python3.9/site-packages/airflow/example_dags/tutorial_taskflow_api_virtualenv.py
[2025-05-13T02:46:47.365+0000] {processor.py:743} INFO - Processing file /home/airflow/.local/lib/python3.9/site-packages/airflow/example_dags/tutorial_taskflow_api_virtualenv.py for tasks to queue
[2025-05-13T02:46:47.366+0000] {logging_mixin.py:137} INFO - [2025-05-13T02:46:47.366+0000] {dagbag.py:538} INFO - Filling up the DagBag from /home/airflow/.local/lib/python3.9/site-packages/airflow/example_dags/tutorial_taskflow_api_virtualenv.py
[2025-05-13T02:46:47.396+0000] {processor.py:753} INFO - DAG(s) dict_keys(['tutorial_taskflow_api_virtualenv']) retrieved from /home/airflow/.local/lib/python3.9/site-packages/airflow/example_dags/tutorial_taskflow_api_virtualenv.py
[2025-05-13T02:46:47.445+0000] {logging_mixin.py:137} INFO - [2025-05-13T02:46:47.444+0000] {dag.py:2676} INFO - Sync 1 DAGs
[2025-05-13T02:46:47.476+0000] {logging_mixin.py:137} INFO - [2025-05-13T02:46:47.476+0000] {dag.py:3423} INFO - Setting next_dagrun for tutorial_taskflow_api_virtualenv to None, run_after=None
[2025-05-13T02:46:47.502+0000] {processor.py:175} INFO - Processing /home/airflow/.local/lib/python3.9/site-packages/airflow/example_dags/tutorial_taskflow_api_virtualenv.py took 0.142 seconds
[2025-05-13T02:47:18.196+0000] {processor.py:153} INFO - Started process (PID=927) to work on /home/airflow/.local/lib/python3.9/site-packages/airflow/example_dags/tutorial_taskflow_api_virtualenv.py
[2025-05-13T02:47:18.198+0000] {processor.py:743} INFO - Processing file /home/airflow/.local/lib/python3.9/site-packages/airflow/example_dags/tutorial_taskflow_api_virtualenv.py for tasks to queue
[2025-05-13T02:47:18.199+0000] {logging_mixin.py:137} INFO - [2025-05-13T02:47:18.199+0000] {dagbag.py:538} INFO - Filling up the DagBag from /home/airflow/.local/lib/python3.9/site-packages/airflow/example_dags/tutorial_taskflow_api_virtualenv.py
[2025-05-13T02:47:18.233+0000] {processor.py:753} INFO - DAG(s) dict_keys(['tutorial_taskflow_api_virtualenv']) retrieved from /home/airflow/.local/lib/python3.9/site-packages/airflow/example_dags/tutorial_taskflow_api_virtualenv.py
[2025-05-13T02:47:18.289+0000] {logging_mixin.py:137} INFO - [2025-05-13T02:47:18.289+0000] {dag.py:2676} INFO - Sync 1 DAGs
[2025-05-13T02:47:18.322+0000] {logging_mixin.py:137} INFO - [2025-05-13T02:47:18.321+0000] {dag.py:3423} INFO - Setting next_dagrun for tutorial_taskflow_api_virtualenv to None, run_after=None
[2025-05-13T02:47:18.347+0000] {processor.py:175} INFO - Processing /home/airflow/.local/lib/python3.9/site-packages/airflow/example_dags/tutorial_taskflow_api_virtualenv.py took 0.155 seconds
[2025-05-13T02:47:48.523+0000] {processor.py:153} INFO - Started process (PID=1130) to work on /home/airflow/.local/lib/python3.9/site-packages/airflow/example_dags/tutorial_taskflow_api_virtualenv.py
[2025-05-13T02:47:48.524+0000] {processor.py:743} INFO - Processing file /home/airflow/.local/lib/python3.9/site-packages/airflow/example_dags/tutorial_taskflow_api_virtualenv.py for tasks to queue
[2025-05-13T02:47:48.525+0000] {logging_mixin.py:137} INFO - [2025-05-13T02:47:48.524+0000] {dagbag.py:538} INFO - Filling up the DagBag from /home/airflow/.local/lib/python3.9/site-packages/airflow/example_dags/tutorial_taskflow_api_virtualenv.py
[2025-05-13T02:47:48.558+0000] {processor.py:753} INFO - DAG(s) dict_keys(['tutorial_taskflow_api_virtualenv']) retrieved from /home/airflow/.local/lib/python3.9/site-packages/airflow/example_dags/tutorial_taskflow_api_virtualenv.py
[2025-05-13T02:47:48.611+0000] {logging_mixin.py:137} INFO - [2025-05-13T02:47:48.611+0000] {dag.py:2676} INFO - Sync 1 DAGs
[2025-05-13T02:47:48.642+0000] {logging_mixin.py:137} INFO - [2025-05-13T02:47:48.642+0000] {dag.py:3423} INFO - Setting next_dagrun for tutorial_taskflow_api_virtualenv to None, run_after=None
[2025-05-13T02:47:48.666+0000] {processor.py:175} INFO - Processing /home/airflow/.local/lib/python3.9/site-packages/airflow/example_dags/tutorial_taskflow_api_virtualenv.py took 0.148 seconds
[2025-05-13T02:49:33.244+0000] {processor.py:153} INFO - Started process (PID=337) to work on /home/airflow/.local/lib/python3.9/site-packages/airflow/example_dags/tutorial_taskflow_api_virtualenv.py
[2025-05-13T02:49:33.246+0000] {processor.py:743} INFO - Processing file /home/airflow/.local/lib/python3.9/site-packages/airflow/example_dags/tutorial_taskflow_api_virtualenv.py for tasks to queue
[2025-05-13T02:49:33.247+0000] {logging_mixin.py:137} INFO - [2025-05-13T02:49:33.247+0000] {dagbag.py:538} INFO - Filling up the DagBag from /home/airflow/.local/lib/python3.9/site-packages/airflow/example_dags/tutorial_taskflow_api_virtualenv.py
[2025-05-13T02:49:33.296+0000] {processor.py:753} INFO - DAG(s) dict_keys(['tutorial_taskflow_api_virtualenv']) retrieved from /home/airflow/.local/lib/python3.9/site-packages/airflow/example_dags/tutorial_taskflow_api_virtualenv.py
[2025-05-13T02:49:33.385+0000] {logging_mixin.py:137} INFO - [2025-05-13T02:49:33.385+0000] {dag.py:2676} INFO - Sync 1 DAGs
[2025-05-13T02:49:33.437+0000] {logging_mixin.py:137} INFO - [2025-05-13T02:49:33.437+0000] {dag.py:3423} INFO - Setting next_dagrun for tutorial_taskflow_api_virtualenv to None, run_after=None
[2025-05-13T02:49:33.482+0000] {processor.py:175} INFO - Processing /home/airflow/.local/lib/python3.9/site-packages/airflow/example_dags/tutorial_taskflow_api_virtualenv.py took 0.245 seconds
[2025-05-13T02:50:04.456+0000] {processor.py:153} INFO - Started process (PID=540) to work on /home/airflow/.local/lib/python3.9/site-packages/airflow/example_dags/tutorial_taskflow_api_virtualenv.py
[2025-05-13T02:50:04.457+0000] {processor.py:743} INFO - Processing file /home/airflow/.local/lib/python3.9/site-packages/airflow/example_dags/tutorial_taskflow_api_virtualenv.py for tasks to queue
[2025-05-13T02:50:04.458+0000] {logging_mixin.py:137} INFO - [2025-05-13T02:50:04.458+0000] {dagbag.py:538} INFO - Filling up the DagBag from /home/airflow/.local/lib/python3.9/site-packages/airflow/example_dags/tutorial_taskflow_api_virtualenv.py
[2025-05-13T02:50:04.486+0000] {processor.py:753} INFO - DAG(s) dict_keys(['tutorial_taskflow_api_virtualenv']) retrieved from /home/airflow/.local/lib/python3.9/site-packages/airflow/example_dags/tutorial_taskflow_api_virtualenv.py
[2025-05-13T02:50:04.530+0000] {logging_mixin.py:137} INFO - [2025-05-13T02:50:04.529+0000] {dag.py:2676} INFO - Sync 1 DAGs
[2025-05-13T02:50:04.554+0000] {logging_mixin.py:137} INFO - [2025-05-13T02:50:04.554+0000] {dag.py:3423} INFO - Setting next_dagrun for tutorial_taskflow_api_virtualenv to None, run_after=None
[2025-05-13T02:50:04.573+0000] {processor.py:175} INFO - Processing /home/airflow/.local/lib/python3.9/site-packages/airflow/example_dags/tutorial_taskflow_api_virtualenv.py took 0.120 seconds
[2025-05-13T02:50:35.204+0000] {processor.py:153} INFO - Started process (PID=737) to work on /home/airflow/.local/lib/python3.9/site-packages/airflow/example_dags/tutorial_taskflow_api_virtualenv.py
[2025-05-13T02:50:35.205+0000] {processor.py:743} INFO - Processing file /home/airflow/.local/lib/python3.9/site-packages/airflow/example_dags/tutorial_taskflow_api_virtualenv.py for tasks to queue
[2025-05-13T02:50:35.207+0000] {logging_mixin.py:137} INFO - [2025-05-13T02:50:35.207+0000] {dagbag.py:538} INFO - Filling up the DagBag from /home/airflow/.local/lib/python3.9/site-packages/airflow/example_dags/tutorial_taskflow_api_virtualenv.py
[2025-05-13T02:50:35.248+0000] {processor.py:753} INFO - DAG(s) dict_keys(['tutorial_taskflow_api_virtualenv']) retrieved from /home/airflow/.local/lib/python3.9/site-packages/airflow/example_dags/tutorial_taskflow_api_virtualenv.py
[2025-05-13T02:50:35.316+0000] {logging_mixin.py:137} INFO - [2025-05-13T02:50:35.315+0000] {dag.py:2676} INFO - Sync 1 DAGs
[2025-05-13T02:50:35.348+0000] {logging_mixin.py:137} INFO - [2025-05-13T02:50:35.347+0000] {dag.py:3423} INFO - Setting next_dagrun for tutorial_taskflow_api_virtualenv to None, run_after=None
[2025-05-13T02:50:35.377+0000] {processor.py:175} INFO - Processing /home/airflow/.local/lib/python3.9/site-packages/airflow/example_dags/tutorial_taskflow_api_virtualenv.py took 0.180 seconds
[2025-05-13T21:18:30.341+0000] {processor.py:153} INFO - Started process (PID=322) to work on /home/airflow/.local/lib/python3.9/site-packages/airflow/example_dags/tutorial_taskflow_api_virtualenv.py
[2025-05-13T21:18:30.343+0000] {processor.py:743} INFO - Processing file /home/airflow/.local/lib/python3.9/site-packages/airflow/example_dags/tutorial_taskflow_api_virtualenv.py for tasks to queue
[2025-05-13T21:18:30.344+0000] {logging_mixin.py:137} INFO - [2025-05-13T21:18:30.344+0000] {dagbag.py:538} INFO - Filling up the DagBag from /home/airflow/.local/lib/python3.9/site-packages/airflow/example_dags/tutorial_taskflow_api_virtualenv.py
[2025-05-13T21:18:30.409+0000] {processor.py:753} INFO - DAG(s) dict_keys(['tutorial_taskflow_api_virtualenv']) retrieved from /home/airflow/.local/lib/python3.9/site-packages/airflow/example_dags/tutorial_taskflow_api_virtualenv.py
[2025-05-13T21:18:30.575+0000] {logging_mixin.py:137} INFO - [2025-05-13T21:18:30.575+0000] {manager.py:504} INFO - Created Permission View: can edit on DAG:tutorial_taskflow_api_virtualenv
[2025-05-13T21:18:30.587+0000] {logging_mixin.py:137} INFO - [2025-05-13T21:18:30.586+0000] {manager.py:504} INFO - Created Permission View: can delete on DAG:tutorial_taskflow_api_virtualenv
[2025-05-13T21:18:30.596+0000] {logging_mixin.py:137} INFO - [2025-05-13T21:18:30.596+0000] {manager.py:504} INFO - Created Permission View: can read on DAG:tutorial_taskflow_api_virtualenv
[2025-05-13T21:18:30.597+0000] {logging_mixin.py:137} INFO - [2025-05-13T21:18:30.597+0000] {dag.py:2676} INFO - Sync 1 DAGs
[2025-05-13T21:18:30.612+0000] {logging_mixin.py:137} INFO - [2025-05-13T21:18:30.612+0000] {dag.py:2697} INFO - Creating ORM DAG for tutorial_taskflow_api_virtualenv
[2025-05-13T21:18:30.625+0000] {logging_mixin.py:137} INFO - [2025-05-13T21:18:30.625+0000] {dag.py:3423} INFO - Setting next_dagrun for tutorial_taskflow_api_virtualenv to None, run_after=None
[2025-05-13T21:18:30.649+0000] {processor.py:175} INFO - Processing /home/airflow/.local/lib/python3.9/site-packages/airflow/example_dags/tutorial_taskflow_api_virtualenv.py took 0.321 seconds
[2025-05-13T21:19:00.707+0000] {processor.py:153} INFO - Started process (PID=525) to work on /home/airflow/.local/lib/python3.9/site-packages/airflow/example_dags/tutorial_taskflow_api_virtualenv.py
[2025-05-13T21:19:00.708+0000] {processor.py:743} INFO - Processing file /home/airflow/.local/lib/python3.9/site-packages/airflow/example_dags/tutorial_taskflow_api_virtualenv.py for tasks to queue
[2025-05-13T21:19:00.709+0000] {logging_mixin.py:137} INFO - [2025-05-13T21:19:00.709+0000] {dagbag.py:538} INFO - Filling up the DagBag from /home/airflow/.local/lib/python3.9/site-packages/airflow/example_dags/tutorial_taskflow_api_virtualenv.py
[2025-05-13T21:19:00.745+0000] {processor.py:753} INFO - DAG(s) dict_keys(['tutorial_taskflow_api_virtualenv']) retrieved from /home/airflow/.local/lib/python3.9/site-packages/airflow/example_dags/tutorial_taskflow_api_virtualenv.py
[2025-05-13T21:19:00.795+0000] {logging_mixin.py:137} INFO - [2025-05-13T21:19:00.795+0000] {dag.py:2676} INFO - Sync 1 DAGs
[2025-05-13T21:19:00.825+0000] {logging_mixin.py:137} INFO - [2025-05-13T21:19:00.825+0000] {dag.py:3423} INFO - Setting next_dagrun for tutorial_taskflow_api_virtualenv to None, run_after=None
[2025-05-13T21:19:00.848+0000] {processor.py:175} INFO - Processing /home/airflow/.local/lib/python3.9/site-packages/airflow/example_dags/tutorial_taskflow_api_virtualenv.py took 0.146 seconds
[2025-05-13T21:19:31.024+0000] {processor.py:153} INFO - Started process (PID=724) to work on /home/airflow/.local/lib/python3.9/site-packages/airflow/example_dags/tutorial_taskflow_api_virtualenv.py
[2025-05-13T21:19:31.026+0000] {processor.py:743} INFO - Processing file /home/airflow/.local/lib/python3.9/site-packages/airflow/example_dags/tutorial_taskflow_api_virtualenv.py for tasks to queue
[2025-05-13T21:19:31.027+0000] {logging_mixin.py:137} INFO - [2025-05-13T21:19:31.027+0000] {dagbag.py:538} INFO - Filling up the DagBag from /home/airflow/.local/lib/python3.9/site-packages/airflow/example_dags/tutorial_taskflow_api_virtualenv.py
[2025-05-13T21:19:31.070+0000] {processor.py:753} INFO - DAG(s) dict_keys(['tutorial_taskflow_api_virtualenv']) retrieved from /home/airflow/.local/lib/python3.9/site-packages/airflow/example_dags/tutorial_taskflow_api_virtualenv.py
[2025-05-13T21:19:31.137+0000] {logging_mixin.py:137} INFO - [2025-05-13T21:19:31.137+0000] {dag.py:2676} INFO - Sync 1 DAGs
[2025-05-13T21:19:31.176+0000] {logging_mixin.py:137} INFO - [2025-05-13T21:19:31.176+0000] {dag.py:3423} INFO - Setting next_dagrun for tutorial_taskflow_api_virtualenv to None, run_after=None
[2025-05-13T21:19:31.215+0000] {processor.py:175} INFO - Processing /home/airflow/.local/lib/python3.9/site-packages/airflow/example_dags/tutorial_taskflow_api_virtualenv.py took 0.196 seconds
[2025-05-13T21:20:02.073+0000] {processor.py:153} INFO - Started process (PID=927) to work on /home/airflow/.local/lib/python3.9/site-packages/airflow/example_dags/tutorial_taskflow_api_virtualenv.py
[2025-05-13T21:20:02.077+0000] {processor.py:743} INFO - Processing file /home/airflow/.local/lib/python3.9/site-packages/airflow/example_dags/tutorial_taskflow_api_virtualenv.py for tasks to queue
[2025-05-13T21:20:02.079+0000] {logging_mixin.py:137} INFO - [2025-05-13T21:20:02.079+0000] {dagbag.py:538} INFO - Filling up the DagBag from /home/airflow/.local/lib/python3.9/site-packages/airflow/example_dags/tutorial_taskflow_api_virtualenv.py
[2025-05-13T21:20:02.153+0000] {processor.py:753} INFO - DAG(s) dict_keys(['tutorial_taskflow_api_virtualenv']) retrieved from /home/airflow/.local/lib/python3.9/site-packages/airflow/example_dags/tutorial_taskflow_api_virtualenv.py
[2025-05-13T21:20:02.377+0000] {logging_mixin.py:137} INFO - [2025-05-13T21:20:02.376+0000] {dag.py:2676} INFO - Sync 1 DAGs
[2025-05-13T21:20:02.460+0000] {logging_mixin.py:137} INFO - [2025-05-13T21:20:02.459+0000] {dag.py:3423} INFO - Setting next_dagrun for tutorial_taskflow_api_virtualenv to None, run_after=None
[2025-05-13T21:20:02.540+0000] {processor.py:175} INFO - Processing /home/airflow/.local/lib/python3.9/site-packages/airflow/example_dags/tutorial_taskflow_api_virtualenv.py took 0.478 seconds
[2025-05-13T21:20:32.706+0000] {processor.py:153} INFO - Started process (PID=1130) to work on /home/airflow/.local/lib/python3.9/site-packages/airflow/example_dags/tutorial_taskflow_api_virtualenv.py
[2025-05-13T21:20:32.707+0000] {processor.py:743} INFO - Processing file /home/airflow/.local/lib/python3.9/site-packages/airflow/example_dags/tutorial_taskflow_api_virtualenv.py for tasks to queue
[2025-05-13T21:20:32.708+0000] {logging_mixin.py:137} INFO - [2025-05-13T21:20:32.708+0000] {dagbag.py:538} INFO - Filling up the DagBag from /home/airflow/.local/lib/python3.9/site-packages/airflow/example_dags/tutorial_taskflow_api_virtualenv.py
[2025-05-13T21:20:32.742+0000] {processor.py:753} INFO - DAG(s) dict_keys(['tutorial_taskflow_api_virtualenv']) retrieved from /home/airflow/.local/lib/python3.9/site-packages/airflow/example_dags/tutorial_taskflow_api_virtualenv.py
[2025-05-13T21:20:32.793+0000] {logging_mixin.py:137} INFO - [2025-05-13T21:20:32.793+0000] {dag.py:2676} INFO - Sync 1 DAGs
[2025-05-13T21:20:32.825+0000] {logging_mixin.py:137} INFO - [2025-05-13T21:20:32.824+0000] {dag.py:3423} INFO - Setting next_dagrun for tutorial_taskflow_api_virtualenv to None, run_after=None
[2025-05-13T21:20:32.857+0000] {processor.py:175} INFO - Processing /home/airflow/.local/lib/python3.9/site-packages/airflow/example_dags/tutorial_taskflow_api_virtualenv.py took 0.155 seconds
[2025-05-13T21:21:02.914+0000] {processor.py:153} INFO - Started process (PID=1335) to work on /home/airflow/.local/lib/python3.9/site-packages/airflow/example_dags/tutorial_taskflow_api_virtualenv.py
[2025-05-13T21:21:02.915+0000] {processor.py:743} INFO - Processing file /home/airflow/.local/lib/python3.9/site-packages/airflow/example_dags/tutorial_taskflow_api_virtualenv.py for tasks to queue
[2025-05-13T21:21:02.916+0000] {logging_mixin.py:137} INFO - [2025-05-13T21:21:02.916+0000] {dagbag.py:538} INFO - Filling up the DagBag from /home/airflow/.local/lib/python3.9/site-packages/airflow/example_dags/tutorial_taskflow_api_virtualenv.py
[2025-05-13T21:21:02.950+0000] {processor.py:753} INFO - DAG(s) dict_keys(['tutorial_taskflow_api_virtualenv']) retrieved from /home/airflow/.local/lib/python3.9/site-packages/airflow/example_dags/tutorial_taskflow_api_virtualenv.py
[2025-05-13T21:21:03.001+0000] {logging_mixin.py:137} INFO - [2025-05-13T21:21:03.001+0000] {dag.py:2676} INFO - Sync 1 DAGs
[2025-05-13T21:21:03.031+0000] {logging_mixin.py:137} INFO - [2025-05-13T21:21:03.031+0000] {dag.py:3423} INFO - Setting next_dagrun for tutorial_taskflow_api_virtualenv to None, run_after=None
[2025-05-13T21:21:03.060+0000] {processor.py:175} INFO - Processing /home/airflow/.local/lib/python3.9/site-packages/airflow/example_dags/tutorial_taskflow_api_virtualenv.py took 0.150 seconds
[2025-05-13T21:21:33.418+0000] {processor.py:153} INFO - Started process (PID=1539) to work on /home/airflow/.local/lib/python3.9/site-packages/airflow/example_dags/tutorial_taskflow_api_virtualenv.py
[2025-05-13T21:21:33.419+0000] {processor.py:743} INFO - Processing file /home/airflow/.local/lib/python3.9/site-packages/airflow/example_dags/tutorial_taskflow_api_virtualenv.py for tasks to queue
[2025-05-13T21:21:33.420+0000] {logging_mixin.py:137} INFO - [2025-05-13T21:21:33.420+0000] {dagbag.py:538} INFO - Filling up the DagBag from /home/airflow/.local/lib/python3.9/site-packages/airflow/example_dags/tutorial_taskflow_api_virtualenv.py
[2025-05-13T21:21:33.451+0000] {processor.py:753} INFO - DAG(s) dict_keys(['tutorial_taskflow_api_virtualenv']) retrieved from /home/airflow/.local/lib/python3.9/site-packages/airflow/example_dags/tutorial_taskflow_api_virtualenv.py
[2025-05-13T21:21:33.509+0000] {logging_mixin.py:137} INFO - [2025-05-13T21:21:33.508+0000] {dag.py:2676} INFO - Sync 1 DAGs
[2025-05-13T21:21:33.563+0000] {logging_mixin.py:137} INFO - [2025-05-13T21:21:33.562+0000] {dag.py:3423} INFO - Setting next_dagrun for tutorial_taskflow_api_virtualenv to None, run_after=None
[2025-05-13T21:21:33.593+0000] {processor.py:175} INFO - Processing /home/airflow/.local/lib/python3.9/site-packages/airflow/example_dags/tutorial_taskflow_api_virtualenv.py took 0.179 seconds
[2025-05-13T21:22:04.117+0000] {processor.py:153} INFO - Started process (PID=1742) to work on /home/airflow/.local/lib/python3.9/site-packages/airflow/example_dags/tutorial_taskflow_api_virtualenv.py
[2025-05-13T21:22:04.118+0000] {processor.py:743} INFO - Processing file /home/airflow/.local/lib/python3.9/site-packages/airflow/example_dags/tutorial_taskflow_api_virtualenv.py for tasks to queue
[2025-05-13T21:22:04.119+0000] {logging_mixin.py:137} INFO - [2025-05-13T21:22:04.119+0000] {dagbag.py:538} INFO - Filling up the DagBag from /home/airflow/.local/lib/python3.9/site-packages/airflow/example_dags/tutorial_taskflow_api_virtualenv.py
[2025-05-13T21:22:04.150+0000] {processor.py:753} INFO - DAG(s) dict_keys(['tutorial_taskflow_api_virtualenv']) retrieved from /home/airflow/.local/lib/python3.9/site-packages/airflow/example_dags/tutorial_taskflow_api_virtualenv.py
[2025-05-13T21:22:04.213+0000] {logging_mixin.py:137} INFO - [2025-05-13T21:22:04.213+0000] {dag.py:2676} INFO - Sync 1 DAGs
[2025-05-13T21:22:04.241+0000] {logging_mixin.py:137} INFO - [2025-05-13T21:22:04.241+0000] {dag.py:3423} INFO - Setting next_dagrun for tutorial_taskflow_api_virtualenv to None, run_after=None
[2025-05-13T21:22:04.264+0000] {processor.py:175} INFO - Processing /home/airflow/.local/lib/python3.9/site-packages/airflow/example_dags/tutorial_taskflow_api_virtualenv.py took 0.152 seconds
[2025-05-13T21:22:34.648+0000] {processor.py:153} INFO - Started process (PID=1945) to work on /home/airflow/.local/lib/python3.9/site-packages/airflow/example_dags/tutorial_taskflow_api_virtualenv.py
[2025-05-13T21:22:34.649+0000] {processor.py:743} INFO - Processing file /home/airflow/.local/lib/python3.9/site-packages/airflow/example_dags/tutorial_taskflow_api_virtualenv.py for tasks to queue
[2025-05-13T21:22:34.650+0000] {logging_mixin.py:137} INFO - [2025-05-13T21:22:34.649+0000] {dagbag.py:538} INFO - Filling up the DagBag from /home/airflow/.local/lib/python3.9/site-packages/airflow/example_dags/tutorial_taskflow_api_virtualenv.py
[2025-05-13T21:22:34.681+0000] {processor.py:753} INFO - DAG(s) dict_keys(['tutorial_taskflow_api_virtualenv']) retrieved from /home/airflow/.local/lib/python3.9/site-packages/airflow/example_dags/tutorial_taskflow_api_virtualenv.py
[2025-05-13T21:22:34.730+0000] {logging_mixin.py:137} INFO - [2025-05-13T21:22:34.729+0000] {dag.py:2676} INFO - Sync 1 DAGs
[2025-05-13T21:22:34.755+0000] {logging_mixin.py:137} INFO - [2025-05-13T21:22:34.755+0000] {dag.py:3423} INFO - Setting next_dagrun for tutorial_taskflow_api_virtualenv to None, run_after=None
[2025-05-13T21:22:34.781+0000] {processor.py:175} INFO - Processing /home/airflow/.local/lib/python3.9/site-packages/airflow/example_dags/tutorial_taskflow_api_virtualenv.py took 0.137 seconds
[2025-05-13T21:23:05.122+0000] {processor.py:153} INFO - Started process (PID=2148) to work on /home/airflow/.local/lib/python3.9/site-packages/airflow/example_dags/tutorial_taskflow_api_virtualenv.py
[2025-05-13T21:23:05.123+0000] {processor.py:743} INFO - Processing file /home/airflow/.local/lib/python3.9/site-packages/airflow/example_dags/tutorial_taskflow_api_virtualenv.py for tasks to queue
[2025-05-13T21:23:05.124+0000] {logging_mixin.py:137} INFO - [2025-05-13T21:23:05.124+0000] {dagbag.py:538} INFO - Filling up the DagBag from /home/airflow/.local/lib/python3.9/site-packages/airflow/example_dags/tutorial_taskflow_api_virtualenv.py
[2025-05-13T21:23:05.164+0000] {processor.py:753} INFO - DAG(s) dict_keys(['tutorial_taskflow_api_virtualenv']) retrieved from /home/airflow/.local/lib/python3.9/site-packages/airflow/example_dags/tutorial_taskflow_api_virtualenv.py
[2025-05-13T21:23:05.215+0000] {logging_mixin.py:137} INFO - [2025-05-13T21:23:05.215+0000] {dag.py:2676} INFO - Sync 1 DAGs
[2025-05-13T21:23:05.247+0000] {logging_mixin.py:137} INFO - [2025-05-13T21:23:05.247+0000] {dag.py:3423} INFO - Setting next_dagrun for tutorial_taskflow_api_virtualenv to None, run_after=None
[2025-05-13T21:23:05.279+0000] {processor.py:175} INFO - Processing /home/airflow/.local/lib/python3.9/site-packages/airflow/example_dags/tutorial_taskflow_api_virtualenv.py took 0.161 seconds
[2025-05-13T21:23:35.688+0000] {processor.py:153} INFO - Started process (PID=2351) to work on /home/airflow/.local/lib/python3.9/site-packages/airflow/example_dags/tutorial_taskflow_api_virtualenv.py
[2025-05-13T21:23:35.689+0000] {processor.py:743} INFO - Processing file /home/airflow/.local/lib/python3.9/site-packages/airflow/example_dags/tutorial_taskflow_api_virtualenv.py for tasks to queue
[2025-05-13T21:23:35.690+0000] {logging_mixin.py:137} INFO - [2025-05-13T21:23:35.690+0000] {dagbag.py:538} INFO - Filling up the DagBag from /home/airflow/.local/lib/python3.9/site-packages/airflow/example_dags/tutorial_taskflow_api_virtualenv.py
[2025-05-13T21:23:35.719+0000] {processor.py:753} INFO - DAG(s) dict_keys(['tutorial_taskflow_api_virtualenv']) retrieved from /home/airflow/.local/lib/python3.9/site-packages/airflow/example_dags/tutorial_taskflow_api_virtualenv.py
[2025-05-13T21:23:35.770+0000] {logging_mixin.py:137} INFO - [2025-05-13T21:23:35.770+0000] {dag.py:2676} INFO - Sync 1 DAGs
[2025-05-13T21:23:35.807+0000] {logging_mixin.py:137} INFO - [2025-05-13T21:23:35.806+0000] {dag.py:3423} INFO - Setting next_dagrun for tutorial_taskflow_api_virtualenv to None, run_after=None
[2025-05-13T21:23:35.832+0000] {processor.py:175} INFO - Processing /home/airflow/.local/lib/python3.9/site-packages/airflow/example_dags/tutorial_taskflow_api_virtualenv.py took 0.149 seconds
[2025-05-13T21:24:06.291+0000] {processor.py:153} INFO - Started process (PID=2554) to work on /home/airflow/.local/lib/python3.9/site-packages/airflow/example_dags/tutorial_taskflow_api_virtualenv.py
[2025-05-13T21:24:06.292+0000] {processor.py:743} INFO - Processing file /home/airflow/.local/lib/python3.9/site-packages/airflow/example_dags/tutorial_taskflow_api_virtualenv.py for tasks to queue
[2025-05-13T21:24:06.293+0000] {logging_mixin.py:137} INFO - [2025-05-13T21:24:06.293+0000] {dagbag.py:538} INFO - Filling up the DagBag from /home/airflow/.local/lib/python3.9/site-packages/airflow/example_dags/tutorial_taskflow_api_virtualenv.py
[2025-05-13T21:24:06.321+0000] {processor.py:753} INFO - DAG(s) dict_keys(['tutorial_taskflow_api_virtualenv']) retrieved from /home/airflow/.local/lib/python3.9/site-packages/airflow/example_dags/tutorial_taskflow_api_virtualenv.py
[2025-05-13T21:24:06.364+0000] {logging_mixin.py:137} INFO - [2025-05-13T21:24:06.364+0000] {dag.py:2676} INFO - Sync 1 DAGs
[2025-05-13T21:24:06.389+0000] {logging_mixin.py:137} INFO - [2025-05-13T21:24:06.389+0000] {dag.py:3423} INFO - Setting next_dagrun for tutorial_taskflow_api_virtualenv to None, run_after=None
[2025-05-13T21:24:06.409+0000] {processor.py:175} INFO - Processing /home/airflow/.local/lib/python3.9/site-packages/airflow/example_dags/tutorial_taskflow_api_virtualenv.py took 0.122 seconds
[2025-05-13T21:24:37.517+0000] {processor.py:153} INFO - Started process (PID=2755) to work on /home/airflow/.local/lib/python3.9/site-packages/airflow/example_dags/tutorial_taskflow_api_virtualenv.py
[2025-05-13T21:24:37.518+0000] {processor.py:743} INFO - Processing file /home/airflow/.local/lib/python3.9/site-packages/airflow/example_dags/tutorial_taskflow_api_virtualenv.py for tasks to queue
[2025-05-13T21:24:37.519+0000] {logging_mixin.py:137} INFO - [2025-05-13T21:24:37.519+0000] {dagbag.py:538} INFO - Filling up the DagBag from /home/airflow/.local/lib/python3.9/site-packages/airflow/example_dags/tutorial_taskflow_api_virtualenv.py
[2025-05-13T21:24:37.550+0000] {processor.py:753} INFO - DAG(s) dict_keys(['tutorial_taskflow_api_virtualenv']) retrieved from /home/airflow/.local/lib/python3.9/site-packages/airflow/example_dags/tutorial_taskflow_api_virtualenv.py
[2025-05-13T21:24:37.597+0000] {logging_mixin.py:137} INFO - [2025-05-13T21:24:37.596+0000] {dag.py:2676} INFO - Sync 1 DAGs
[2025-05-13T21:24:37.630+0000] {logging_mixin.py:137} INFO - [2025-05-13T21:24:37.630+0000] {dag.py:3423} INFO - Setting next_dagrun for tutorial_taskflow_api_virtualenv to None, run_after=None
[2025-05-13T21:24:37.656+0000] {processor.py:175} INFO - Processing /home/airflow/.local/lib/python3.9/site-packages/airflow/example_dags/tutorial_taskflow_api_virtualenv.py took 0.143 seconds
[2025-05-13T21:25:08.142+0000] {processor.py:153} INFO - Started process (PID=2954) to work on /home/airflow/.local/lib/python3.9/site-packages/airflow/example_dags/tutorial_taskflow_api_virtualenv.py
[2025-05-13T21:25:08.143+0000] {processor.py:743} INFO - Processing file /home/airflow/.local/lib/python3.9/site-packages/airflow/example_dags/tutorial_taskflow_api_virtualenv.py for tasks to queue
[2025-05-13T21:25:08.144+0000] {logging_mixin.py:137} INFO - [2025-05-13T21:25:08.144+0000] {dagbag.py:538} INFO - Filling up the DagBag from /home/airflow/.local/lib/python3.9/site-packages/airflow/example_dags/tutorial_taskflow_api_virtualenv.py
[2025-05-13T21:25:08.171+0000] {processor.py:753} INFO - DAG(s) dict_keys(['tutorial_taskflow_api_virtualenv']) retrieved from /home/airflow/.local/lib/python3.9/site-packages/airflow/example_dags/tutorial_taskflow_api_virtualenv.py
[2025-05-13T21:25:08.212+0000] {logging_mixin.py:137} INFO - [2025-05-13T21:25:08.212+0000] {dag.py:2676} INFO - Sync 1 DAGs
[2025-05-13T21:25:08.234+0000] {logging_mixin.py:137} INFO - [2025-05-13T21:25:08.234+0000] {dag.py:3423} INFO - Setting next_dagrun for tutorial_taskflow_api_virtualenv to None, run_after=None
[2025-05-13T21:25:08.253+0000] {processor.py:175} INFO - Processing /home/airflow/.local/lib/python3.9/site-packages/airflow/example_dags/tutorial_taskflow_api_virtualenv.py took 0.114 seconds
[2025-05-13T21:25:38.793+0000] {processor.py:153} INFO - Started process (PID=3157) to work on /home/airflow/.local/lib/python3.9/site-packages/airflow/example_dags/tutorial_taskflow_api_virtualenv.py
[2025-05-13T21:25:38.795+0000] {processor.py:743} INFO - Processing file /home/airflow/.local/lib/python3.9/site-packages/airflow/example_dags/tutorial_taskflow_api_virtualenv.py for tasks to queue
[2025-05-13T21:25:38.796+0000] {logging_mixin.py:137} INFO - [2025-05-13T21:25:38.796+0000] {dagbag.py:538} INFO - Filling up the DagBag from /home/airflow/.local/lib/python3.9/site-packages/airflow/example_dags/tutorial_taskflow_api_virtualenv.py
[2025-05-13T21:25:38.828+0000] {processor.py:753} INFO - DAG(s) dict_keys(['tutorial_taskflow_api_virtualenv']) retrieved from /home/airflow/.local/lib/python3.9/site-packages/airflow/example_dags/tutorial_taskflow_api_virtualenv.py
[2025-05-13T21:25:38.883+0000] {logging_mixin.py:137} INFO - [2025-05-13T21:25:38.883+0000] {dag.py:2676} INFO - Sync 1 DAGs
[2025-05-13T21:25:38.913+0000] {logging_mixin.py:137} INFO - [2025-05-13T21:25:38.913+0000] {dag.py:3423} INFO - Setting next_dagrun for tutorial_taskflow_api_virtualenv to None, run_after=None
[2025-05-13T21:25:38.937+0000] {processor.py:175} INFO - Processing /home/airflow/.local/lib/python3.9/site-packages/airflow/example_dags/tutorial_taskflow_api_virtualenv.py took 0.148 seconds
[2025-05-13T21:26:09.418+0000] {processor.py:153} INFO - Started process (PID=3372) to work on /home/airflow/.local/lib/python3.9/site-packages/airflow/example_dags/tutorial_taskflow_api_virtualenv.py
[2025-05-13T21:26:09.419+0000] {processor.py:743} INFO - Processing file /home/airflow/.local/lib/python3.9/site-packages/airflow/example_dags/tutorial_taskflow_api_virtualenv.py for tasks to queue
[2025-05-13T21:26:09.420+0000] {logging_mixin.py:137} INFO - [2025-05-13T21:26:09.420+0000] {dagbag.py:538} INFO - Filling up the DagBag from /home/airflow/.local/lib/python3.9/site-packages/airflow/example_dags/tutorial_taskflow_api_virtualenv.py
[2025-05-13T21:26:09.450+0000] {processor.py:753} INFO - DAG(s) dict_keys(['tutorial_taskflow_api_virtualenv']) retrieved from /home/airflow/.local/lib/python3.9/site-packages/airflow/example_dags/tutorial_taskflow_api_virtualenv.py
[2025-05-13T21:26:09.500+0000] {logging_mixin.py:137} INFO - [2025-05-13T21:26:09.500+0000] {dag.py:2676} INFO - Sync 1 DAGs
[2025-05-13T21:26:09.528+0000] {logging_mixin.py:137} INFO - [2025-05-13T21:26:09.528+0000] {dag.py:3423} INFO - Setting next_dagrun for tutorial_taskflow_api_virtualenv to None, run_after=None
[2025-05-13T21:26:09.551+0000] {processor.py:175} INFO - Processing /home/airflow/.local/lib/python3.9/site-packages/airflow/example_dags/tutorial_taskflow_api_virtualenv.py took 0.138 seconds
[2025-05-13T21:26:40.248+0000] {processor.py:153} INFO - Started process (PID=3575) to work on /home/airflow/.local/lib/python3.9/site-packages/airflow/example_dags/tutorial_taskflow_api_virtualenv.py
[2025-05-13T21:26:40.249+0000] {processor.py:743} INFO - Processing file /home/airflow/.local/lib/python3.9/site-packages/airflow/example_dags/tutorial_taskflow_api_virtualenv.py for tasks to queue
[2025-05-13T21:26:40.250+0000] {logging_mixin.py:137} INFO - [2025-05-13T21:26:40.250+0000] {dagbag.py:538} INFO - Filling up the DagBag from /home/airflow/.local/lib/python3.9/site-packages/airflow/example_dags/tutorial_taskflow_api_virtualenv.py
[2025-05-13T21:26:40.282+0000] {processor.py:753} INFO - DAG(s) dict_keys(['tutorial_taskflow_api_virtualenv']) retrieved from /home/airflow/.local/lib/python3.9/site-packages/airflow/example_dags/tutorial_taskflow_api_virtualenv.py
[2025-05-13T21:26:40.335+0000] {logging_mixin.py:137} INFO - [2025-05-13T21:26:40.335+0000] {dag.py:2676} INFO - Sync 1 DAGs
[2025-05-13T21:26:40.365+0000] {logging_mixin.py:137} INFO - [2025-05-13T21:26:40.365+0000] {dag.py:3423} INFO - Setting next_dagrun for tutorial_taskflow_api_virtualenv to None, run_after=None
[2025-05-13T21:26:40.389+0000] {processor.py:175} INFO - Processing /home/airflow/.local/lib/python3.9/site-packages/airflow/example_dags/tutorial_taskflow_api_virtualenv.py took 0.145 seconds
[2025-05-13T21:27:10.655+0000] {processor.py:153} INFO - Started process (PID=3778) to work on /home/airflow/.local/lib/python3.9/site-packages/airflow/example_dags/tutorial_taskflow_api_virtualenv.py
[2025-05-13T21:27:10.657+0000] {processor.py:743} INFO - Processing file /home/airflow/.local/lib/python3.9/site-packages/airflow/example_dags/tutorial_taskflow_api_virtualenv.py for tasks to queue
[2025-05-13T21:27:10.658+0000] {logging_mixin.py:137} INFO - [2025-05-13T21:27:10.658+0000] {dagbag.py:538} INFO - Filling up the DagBag from /home/airflow/.local/lib/python3.9/site-packages/airflow/example_dags/tutorial_taskflow_api_virtualenv.py
[2025-05-13T21:27:10.688+0000] {processor.py:753} INFO - DAG(s) dict_keys(['tutorial_taskflow_api_virtualenv']) retrieved from /home/airflow/.local/lib/python3.9/site-packages/airflow/example_dags/tutorial_taskflow_api_virtualenv.py
[2025-05-13T21:27:10.734+0000] {logging_mixin.py:137} INFO - [2025-05-13T21:27:10.734+0000] {dag.py:2676} INFO - Sync 1 DAGs
[2025-05-13T21:27:10.760+0000] {logging_mixin.py:137} INFO - [2025-05-13T21:27:10.760+0000] {dag.py:3423} INFO - Setting next_dagrun for tutorial_taskflow_api_virtualenv to None, run_after=None
[2025-05-13T21:27:10.783+0000] {processor.py:175} INFO - Processing /home/airflow/.local/lib/python3.9/site-packages/airflow/example_dags/tutorial_taskflow_api_virtualenv.py took 0.132 seconds
[2025-05-13T21:27:41.233+0000] {processor.py:153} INFO - Started process (PID=3981) to work on /home/airflow/.local/lib/python3.9/site-packages/airflow/example_dags/tutorial_taskflow_api_virtualenv.py
[2025-05-13T21:27:41.236+0000] {processor.py:743} INFO - Processing file /home/airflow/.local/lib/python3.9/site-packages/airflow/example_dags/tutorial_taskflow_api_virtualenv.py for tasks to queue
[2025-05-13T21:27:41.245+0000] {logging_mixin.py:137} INFO - [2025-05-13T21:27:41.242+0000] {dagbag.py:538} INFO - Filling up the DagBag from /home/airflow/.local/lib/python3.9/site-packages/airflow/example_dags/tutorial_taskflow_api_virtualenv.py
[2025-05-13T21:27:41.307+0000] {processor.py:753} INFO - DAG(s) dict_keys(['tutorial_taskflow_api_virtualenv']) retrieved from /home/airflow/.local/lib/python3.9/site-packages/airflow/example_dags/tutorial_taskflow_api_virtualenv.py
[2025-05-13T21:27:41.369+0000] {logging_mixin.py:137} INFO - [2025-05-13T21:27:41.369+0000] {dag.py:2676} INFO - Sync 1 DAGs
[2025-05-13T21:27:41.403+0000] {logging_mixin.py:137} INFO - [2025-05-13T21:27:41.403+0000] {dag.py:3423} INFO - Setting next_dagrun for tutorial_taskflow_api_virtualenv to None, run_after=None
[2025-05-13T21:27:41.429+0000] {processor.py:175} INFO - Processing /home/airflow/.local/lib/python3.9/site-packages/airflow/example_dags/tutorial_taskflow_api_virtualenv.py took 0.202 seconds
[2025-05-13T21:28:11.877+0000] {processor.py:153} INFO - Started process (PID=4184) to work on /home/airflow/.local/lib/python3.9/site-packages/airflow/example_dags/tutorial_taskflow_api_virtualenv.py
[2025-05-13T21:28:11.879+0000] {processor.py:743} INFO - Processing file /home/airflow/.local/lib/python3.9/site-packages/airflow/example_dags/tutorial_taskflow_api_virtualenv.py for tasks to queue
[2025-05-13T21:28:11.881+0000] {logging_mixin.py:137} INFO - [2025-05-13T21:28:11.881+0000] {dagbag.py:538} INFO - Filling up the DagBag from /home/airflow/.local/lib/python3.9/site-packages/airflow/example_dags/tutorial_taskflow_api_virtualenv.py
[2025-05-13T21:28:11.947+0000] {processor.py:753} INFO - DAG(s) dict_keys(['tutorial_taskflow_api_virtualenv']) retrieved from /home/airflow/.local/lib/python3.9/site-packages/airflow/example_dags/tutorial_taskflow_api_virtualenv.py
[2025-05-13T21:28:11.994+0000] {logging_mixin.py:137} INFO - [2025-05-13T21:28:11.994+0000] {dag.py:2676} INFO - Sync 1 DAGs
[2025-05-13T21:28:12.029+0000] {logging_mixin.py:137} INFO - [2025-05-13T21:28:12.029+0000] {dag.py:3423} INFO - Setting next_dagrun for tutorial_taskflow_api_virtualenv to None, run_after=None
[2025-05-13T21:28:12.056+0000] {processor.py:175} INFO - Processing /home/airflow/.local/lib/python3.9/site-packages/airflow/example_dags/tutorial_taskflow_api_virtualenv.py took 0.186 seconds
[2025-05-13T21:28:42.614+0000] {processor.py:153} INFO - Started process (PID=4387) to work on /home/airflow/.local/lib/python3.9/site-packages/airflow/example_dags/tutorial_taskflow_api_virtualenv.py
[2025-05-13T21:28:42.615+0000] {processor.py:743} INFO - Processing file /home/airflow/.local/lib/python3.9/site-packages/airflow/example_dags/tutorial_taskflow_api_virtualenv.py for tasks to queue
[2025-05-13T21:28:42.616+0000] {logging_mixin.py:137} INFO - [2025-05-13T21:28:42.616+0000] {dagbag.py:538} INFO - Filling up the DagBag from /home/airflow/.local/lib/python3.9/site-packages/airflow/example_dags/tutorial_taskflow_api_virtualenv.py
[2025-05-13T21:28:42.645+0000] {processor.py:753} INFO - DAG(s) dict_keys(['tutorial_taskflow_api_virtualenv']) retrieved from /home/airflow/.local/lib/python3.9/site-packages/airflow/example_dags/tutorial_taskflow_api_virtualenv.py
[2025-05-13T21:28:42.691+0000] {logging_mixin.py:137} INFO - [2025-05-13T21:28:42.691+0000] {dag.py:2676} INFO - Sync 1 DAGs
[2025-05-13T21:28:42.716+0000] {logging_mixin.py:137} INFO - [2025-05-13T21:28:42.716+0000] {dag.py:3423} INFO - Setting next_dagrun for tutorial_taskflow_api_virtualenv to None, run_after=None
[2025-05-13T21:28:42.736+0000] {processor.py:175} INFO - Processing /home/airflow/.local/lib/python3.9/site-packages/airflow/example_dags/tutorial_taskflow_api_virtualenv.py took 0.125 seconds
[2025-05-13T21:29:13.522+0000] {processor.py:153} INFO - Started process (PID=4590) to work on /home/airflow/.local/lib/python3.9/site-packages/airflow/example_dags/tutorial_taskflow_api_virtualenv.py
[2025-05-13T21:29:13.523+0000] {processor.py:743} INFO - Processing file /home/airflow/.local/lib/python3.9/site-packages/airflow/example_dags/tutorial_taskflow_api_virtualenv.py for tasks to queue
[2025-05-13T21:29:13.524+0000] {logging_mixin.py:137} INFO - [2025-05-13T21:29:13.524+0000] {dagbag.py:538} INFO - Filling up the DagBag from /home/airflow/.local/lib/python3.9/site-packages/airflow/example_dags/tutorial_taskflow_api_virtualenv.py
[2025-05-13T21:29:13.557+0000] {processor.py:753} INFO - DAG(s) dict_keys(['tutorial_taskflow_api_virtualenv']) retrieved from /home/airflow/.local/lib/python3.9/site-packages/airflow/example_dags/tutorial_taskflow_api_virtualenv.py
[2025-05-13T21:29:13.607+0000] {logging_mixin.py:137} INFO - [2025-05-13T21:29:13.607+0000] {dag.py:2676} INFO - Sync 1 DAGs
[2025-05-13T21:29:13.639+0000] {logging_mixin.py:137} INFO - [2025-05-13T21:29:13.639+0000] {dag.py:3423} INFO - Setting next_dagrun for tutorial_taskflow_api_virtualenv to None, run_after=None
[2025-05-13T21:29:13.663+0000] {processor.py:175} INFO - Processing /home/airflow/.local/lib/python3.9/site-packages/airflow/example_dags/tutorial_taskflow_api_virtualenv.py took 0.146 seconds
[2025-05-13T21:29:44.543+0000] {processor.py:153} INFO - Started process (PID=4793) to work on /home/airflow/.local/lib/python3.9/site-packages/airflow/example_dags/tutorial_taskflow_api_virtualenv.py
[2025-05-13T21:29:44.545+0000] {processor.py:743} INFO - Processing file /home/airflow/.local/lib/python3.9/site-packages/airflow/example_dags/tutorial_taskflow_api_virtualenv.py for tasks to queue
[2025-05-13T21:29:44.546+0000] {logging_mixin.py:137} INFO - [2025-05-13T21:29:44.546+0000] {dagbag.py:538} INFO - Filling up the DagBag from /home/airflow/.local/lib/python3.9/site-packages/airflow/example_dags/tutorial_taskflow_api_virtualenv.py
[2025-05-13T21:29:44.587+0000] {processor.py:753} INFO - DAG(s) dict_keys(['tutorial_taskflow_api_virtualenv']) retrieved from /home/airflow/.local/lib/python3.9/site-packages/airflow/example_dags/tutorial_taskflow_api_virtualenv.py
[2025-05-13T21:29:44.650+0000] {logging_mixin.py:137} INFO - [2025-05-13T21:29:44.650+0000] {dag.py:2676} INFO - Sync 1 DAGs
[2025-05-13T21:29:44.676+0000] {logging_mixin.py:137} INFO - [2025-05-13T21:29:44.676+0000] {dag.py:3423} INFO - Setting next_dagrun for tutorial_taskflow_api_virtualenv to None, run_after=None
[2025-05-13T21:29:44.695+0000] {processor.py:175} INFO - Processing /home/airflow/.local/lib/python3.9/site-packages/airflow/example_dags/tutorial_taskflow_api_virtualenv.py took 0.159 seconds
[2025-05-13T21:30:15.594+0000] {processor.py:153} INFO - Started process (PID=4994) to work on /home/airflow/.local/lib/python3.9/site-packages/airflow/example_dags/tutorial_taskflow_api_virtualenv.py
[2025-05-13T21:30:15.595+0000] {processor.py:743} INFO - Processing file /home/airflow/.local/lib/python3.9/site-packages/airflow/example_dags/tutorial_taskflow_api_virtualenv.py for tasks to queue
[2025-05-13T21:30:15.595+0000] {logging_mixin.py:137} INFO - [2025-05-13T21:30:15.595+0000] {dagbag.py:538} INFO - Filling up the DagBag from /home/airflow/.local/lib/python3.9/site-packages/airflow/example_dags/tutorial_taskflow_api_virtualenv.py
[2025-05-13T21:30:15.624+0000] {processor.py:753} INFO - DAG(s) dict_keys(['tutorial_taskflow_api_virtualenv']) retrieved from /home/airflow/.local/lib/python3.9/site-packages/airflow/example_dags/tutorial_taskflow_api_virtualenv.py
[2025-05-13T21:30:15.676+0000] {logging_mixin.py:137} INFO - [2025-05-13T21:30:15.676+0000] {dag.py:2676} INFO - Sync 1 DAGs
[2025-05-13T21:30:15.703+0000] {logging_mixin.py:137} INFO - [2025-05-13T21:30:15.703+0000] {dag.py:3423} INFO - Setting next_dagrun for tutorial_taskflow_api_virtualenv to None, run_after=None
[2025-05-13T21:30:15.724+0000] {processor.py:175} INFO - Processing /home/airflow/.local/lib/python3.9/site-packages/airflow/example_dags/tutorial_taskflow_api_virtualenv.py took 0.135 seconds
[2025-05-13T21:30:45.762+0000] {processor.py:153} INFO - Started process (PID=5191) to work on /home/airflow/.local/lib/python3.9/site-packages/airflow/example_dags/tutorial_taskflow_api_virtualenv.py
[2025-05-13T21:30:45.763+0000] {processor.py:743} INFO - Processing file /home/airflow/.local/lib/python3.9/site-packages/airflow/example_dags/tutorial_taskflow_api_virtualenv.py for tasks to queue
[2025-05-13T21:30:45.764+0000] {logging_mixin.py:137} INFO - [2025-05-13T21:30:45.764+0000] {dagbag.py:538} INFO - Filling up the DagBag from /home/airflow/.local/lib/python3.9/site-packages/airflow/example_dags/tutorial_taskflow_api_virtualenv.py
[2025-05-13T21:30:45.797+0000] {processor.py:753} INFO - DAG(s) dict_keys(['tutorial_taskflow_api_virtualenv']) retrieved from /home/airflow/.local/lib/python3.9/site-packages/airflow/example_dags/tutorial_taskflow_api_virtualenv.py
[2025-05-13T21:30:45.858+0000] {logging_mixin.py:137} INFO - [2025-05-13T21:30:45.857+0000] {dag.py:2676} INFO - Sync 1 DAGs
[2025-05-13T21:30:45.891+0000] {logging_mixin.py:137} INFO - [2025-05-13T21:30:45.891+0000] {dag.py:3423} INFO - Setting next_dagrun for tutorial_taskflow_api_virtualenv to None, run_after=None
[2025-05-13T21:30:45.918+0000] {processor.py:175} INFO - Processing /home/airflow/.local/lib/python3.9/site-packages/airflow/example_dags/tutorial_taskflow_api_virtualenv.py took 0.161 seconds
[2025-05-13T21:31:16.179+0000] {processor.py:153} INFO - Started process (PID=5397) to work on /home/airflow/.local/lib/python3.9/site-packages/airflow/example_dags/tutorial_taskflow_api_virtualenv.py
[2025-05-13T21:31:16.181+0000] {processor.py:743} INFO - Processing file /home/airflow/.local/lib/python3.9/site-packages/airflow/example_dags/tutorial_taskflow_api_virtualenv.py for tasks to queue
[2025-05-13T21:31:16.184+0000] {logging_mixin.py:137} INFO - [2025-05-13T21:31:16.183+0000] {dagbag.py:538} INFO - Filling up the DagBag from /home/airflow/.local/lib/python3.9/site-packages/airflow/example_dags/tutorial_taskflow_api_virtualenv.py
[2025-05-13T21:31:16.225+0000] {processor.py:753} INFO - DAG(s) dict_keys(['tutorial_taskflow_api_virtualenv']) retrieved from /home/airflow/.local/lib/python3.9/site-packages/airflow/example_dags/tutorial_taskflow_api_virtualenv.py
[2025-05-13T21:31:16.288+0000] {logging_mixin.py:137} INFO - [2025-05-13T21:31:16.288+0000] {dag.py:2676} INFO - Sync 1 DAGs
[2025-05-13T21:31:16.323+0000] {logging_mixin.py:137} INFO - [2025-05-13T21:31:16.323+0000] {dag.py:3423} INFO - Setting next_dagrun for tutorial_taskflow_api_virtualenv to None, run_after=None
[2025-05-13T21:31:16.480+0000] {processor.py:175} INFO - Processing /home/airflow/.local/lib/python3.9/site-packages/airflow/example_dags/tutorial_taskflow_api_virtualenv.py took 0.305 seconds
[2025-05-13T21:31:46.647+0000] {processor.py:153} INFO - Started process (PID=5599) to work on /home/airflow/.local/lib/python3.9/site-packages/airflow/example_dags/tutorial_taskflow_api_virtualenv.py
[2025-05-13T21:31:46.648+0000] {processor.py:743} INFO - Processing file /home/airflow/.local/lib/python3.9/site-packages/airflow/example_dags/tutorial_taskflow_api_virtualenv.py for tasks to queue
[2025-05-13T21:31:46.649+0000] {logging_mixin.py:137} INFO - [2025-05-13T21:31:46.649+0000] {dagbag.py:538} INFO - Filling up the DagBag from /home/airflow/.local/lib/python3.9/site-packages/airflow/example_dags/tutorial_taskflow_api_virtualenv.py
[2025-05-13T21:31:46.679+0000] {processor.py:753} INFO - DAG(s) dict_keys(['tutorial_taskflow_api_virtualenv']) retrieved from /home/airflow/.local/lib/python3.9/site-packages/airflow/example_dags/tutorial_taskflow_api_virtualenv.py
[2025-05-13T21:31:46.717+0000] {logging_mixin.py:137} INFO - [2025-05-13T21:31:46.716+0000] {dag.py:2676} INFO - Sync 1 DAGs
[2025-05-13T21:31:46.749+0000] {logging_mixin.py:137} INFO - [2025-05-13T21:31:46.749+0000] {dag.py:3423} INFO - Setting next_dagrun for tutorial_taskflow_api_virtualenv to None, run_after=None
[2025-05-13T21:31:46.774+0000] {processor.py:175} INFO - Processing /home/airflow/.local/lib/python3.9/site-packages/airflow/example_dags/tutorial_taskflow_api_virtualenv.py took 0.132 seconds
[2025-05-13T21:32:17.427+0000] {processor.py:153} INFO - Started process (PID=5805) to work on /home/airflow/.local/lib/python3.9/site-packages/airflow/example_dags/tutorial_taskflow_api_virtualenv.py
[2025-05-13T21:32:17.429+0000] {processor.py:743} INFO - Processing file /home/airflow/.local/lib/python3.9/site-packages/airflow/example_dags/tutorial_taskflow_api_virtualenv.py for tasks to queue
[2025-05-13T21:32:17.430+0000] {logging_mixin.py:137} INFO - [2025-05-13T21:32:17.430+0000] {dagbag.py:538} INFO - Filling up the DagBag from /home/airflow/.local/lib/python3.9/site-packages/airflow/example_dags/tutorial_taskflow_api_virtualenv.py
[2025-05-13T21:32:17.500+0000] {processor.py:753} INFO - DAG(s) dict_keys(['tutorial_taskflow_api_virtualenv']) retrieved from /home/airflow/.local/lib/python3.9/site-packages/airflow/example_dags/tutorial_taskflow_api_virtualenv.py
[2025-05-13T21:32:17.559+0000] {logging_mixin.py:137} INFO - [2025-05-13T21:32:17.559+0000] {dag.py:2676} INFO - Sync 1 DAGs
[2025-05-13T21:32:17.586+0000] {logging_mixin.py:137} INFO - [2025-05-13T21:32:17.586+0000] {dag.py:3423} INFO - Setting next_dagrun for tutorial_taskflow_api_virtualenv to None, run_after=None
[2025-05-13T21:32:17.606+0000] {processor.py:175} INFO - Processing /home/airflow/.local/lib/python3.9/site-packages/airflow/example_dags/tutorial_taskflow_api_virtualenv.py took 0.183 seconds
[2025-05-13T21:32:47.973+0000] {processor.py:153} INFO - Started process (PID=6008) to work on /home/airflow/.local/lib/python3.9/site-packages/airflow/example_dags/tutorial_taskflow_api_virtualenv.py
[2025-05-13T21:32:47.974+0000] {processor.py:743} INFO - Processing file /home/airflow/.local/lib/python3.9/site-packages/airflow/example_dags/tutorial_taskflow_api_virtualenv.py for tasks to queue
[2025-05-13T21:32:47.975+0000] {logging_mixin.py:137} INFO - [2025-05-13T21:32:47.975+0000] {dagbag.py:538} INFO - Filling up the DagBag from /home/airflow/.local/lib/python3.9/site-packages/airflow/example_dags/tutorial_taskflow_api_virtualenv.py
[2025-05-13T21:32:48.005+0000] {processor.py:753} INFO - DAG(s) dict_keys(['tutorial_taskflow_api_virtualenv']) retrieved from /home/airflow/.local/lib/python3.9/site-packages/airflow/example_dags/tutorial_taskflow_api_virtualenv.py
[2025-05-13T21:32:48.055+0000] {logging_mixin.py:137} INFO - [2025-05-13T21:32:48.054+0000] {dag.py:2676} INFO - Sync 1 DAGs
[2025-05-13T21:32:48.081+0000] {logging_mixin.py:137} INFO - [2025-05-13T21:32:48.081+0000] {dag.py:3423} INFO - Setting next_dagrun for tutorial_taskflow_api_virtualenv to None, run_after=None
[2025-05-13T21:32:48.102+0000] {processor.py:175} INFO - Processing /home/airflow/.local/lib/python3.9/site-packages/airflow/example_dags/tutorial_taskflow_api_virtualenv.py took 0.134 seconds
[2025-05-13T21:33:18.302+0000] {processor.py:153} INFO - Started process (PID=6211) to work on /home/airflow/.local/lib/python3.9/site-packages/airflow/example_dags/tutorial_taskflow_api_virtualenv.py
[2025-05-13T21:33:18.303+0000] {processor.py:743} INFO - Processing file /home/airflow/.local/lib/python3.9/site-packages/airflow/example_dags/tutorial_taskflow_api_virtualenv.py for tasks to queue
[2025-05-13T21:33:18.305+0000] {logging_mixin.py:137} INFO - [2025-05-13T21:33:18.304+0000] {dagbag.py:538} INFO - Filling up the DagBag from /home/airflow/.local/lib/python3.9/site-packages/airflow/example_dags/tutorial_taskflow_api_virtualenv.py
[2025-05-13T21:33:18.332+0000] {processor.py:753} INFO - DAG(s) dict_keys(['tutorial_taskflow_api_virtualenv']) retrieved from /home/airflow/.local/lib/python3.9/site-packages/airflow/example_dags/tutorial_taskflow_api_virtualenv.py
[2025-05-13T21:33:18.382+0000] {logging_mixin.py:137} INFO - [2025-05-13T21:33:18.381+0000] {dag.py:2676} INFO - Sync 1 DAGs
[2025-05-13T21:33:18.411+0000] {logging_mixin.py:137} INFO - [2025-05-13T21:33:18.411+0000] {dag.py:3423} INFO - Setting next_dagrun for tutorial_taskflow_api_virtualenv to None, run_after=None
[2025-05-13T21:33:18.433+0000] {processor.py:175} INFO - Processing /home/airflow/.local/lib/python3.9/site-packages/airflow/example_dags/tutorial_taskflow_api_virtualenv.py took 0.135 seconds
[2025-05-13T21:33:49.652+0000] {processor.py:153} INFO - Started process (PID=6412) to work on /home/airflow/.local/lib/python3.9/site-packages/airflow/example_dags/tutorial_taskflow_api_virtualenv.py
[2025-05-13T21:33:49.654+0000] {processor.py:743} INFO - Processing file /home/airflow/.local/lib/python3.9/site-packages/airflow/example_dags/tutorial_taskflow_api_virtualenv.py for tasks to queue
[2025-05-13T21:33:49.656+0000] {logging_mixin.py:137} INFO - [2025-05-13T21:33:49.655+0000] {dagbag.py:538} INFO - Filling up the DagBag from /home/airflow/.local/lib/python3.9/site-packages/airflow/example_dags/tutorial_taskflow_api_virtualenv.py
[2025-05-13T21:33:49.715+0000] {processor.py:753} INFO - DAG(s) dict_keys(['tutorial_taskflow_api_virtualenv']) retrieved from /home/airflow/.local/lib/python3.9/site-packages/airflow/example_dags/tutorial_taskflow_api_virtualenv.py
[2025-05-13T21:33:49.778+0000] {logging_mixin.py:137} INFO - [2025-05-13T21:33:49.778+0000] {dag.py:2676} INFO - Sync 1 DAGs
[2025-05-13T21:33:49.835+0000] {logging_mixin.py:137} INFO - [2025-05-13T21:33:49.835+0000] {dag.py:3423} INFO - Setting next_dagrun for tutorial_taskflow_api_virtualenv to None, run_after=None
[2025-05-13T21:33:49.866+0000] {processor.py:175} INFO - Processing /home/airflow/.local/lib/python3.9/site-packages/airflow/example_dags/tutorial_taskflow_api_virtualenv.py took 0.220 seconds
[2025-05-13T21:34:20.712+0000] {processor.py:153} INFO - Started process (PID=6616) to work on /home/airflow/.local/lib/python3.9/site-packages/airflow/example_dags/tutorial_taskflow_api_virtualenv.py
[2025-05-13T21:34:20.713+0000] {processor.py:743} INFO - Processing file /home/airflow/.local/lib/python3.9/site-packages/airflow/example_dags/tutorial_taskflow_api_virtualenv.py for tasks to queue
[2025-05-13T21:34:20.714+0000] {logging_mixin.py:137} INFO - [2025-05-13T21:34:20.714+0000] {dagbag.py:538} INFO - Filling up the DagBag from /home/airflow/.local/lib/python3.9/site-packages/airflow/example_dags/tutorial_taskflow_api_virtualenv.py
[2025-05-13T21:34:20.744+0000] {processor.py:753} INFO - DAG(s) dict_keys(['tutorial_taskflow_api_virtualenv']) retrieved from /home/airflow/.local/lib/python3.9/site-packages/airflow/example_dags/tutorial_taskflow_api_virtualenv.py
[2025-05-13T21:34:20.792+0000] {logging_mixin.py:137} INFO - [2025-05-13T21:34:20.792+0000] {dag.py:2676} INFO - Sync 1 DAGs
[2025-05-13T21:34:20.820+0000] {logging_mixin.py:137} INFO - [2025-05-13T21:34:20.819+0000] {dag.py:3423} INFO - Setting next_dagrun for tutorial_taskflow_api_virtualenv to None, run_after=None
[2025-05-13T21:34:20.842+0000] {processor.py:175} INFO - Processing /home/airflow/.local/lib/python3.9/site-packages/airflow/example_dags/tutorial_taskflow_api_virtualenv.py took 0.133 seconds
[2025-05-13T21:34:51.664+0000] {processor.py:153} INFO - Started process (PID=6826) to work on /home/airflow/.local/lib/python3.9/site-packages/airflow/example_dags/tutorial_taskflow_api_virtualenv.py
[2025-05-13T21:34:51.665+0000] {processor.py:743} INFO - Processing file /home/airflow/.local/lib/python3.9/site-packages/airflow/example_dags/tutorial_taskflow_api_virtualenv.py for tasks to queue
[2025-05-13T21:34:51.666+0000] {logging_mixin.py:137} INFO - [2025-05-13T21:34:51.666+0000] {dagbag.py:538} INFO - Filling up the DagBag from /home/airflow/.local/lib/python3.9/site-packages/airflow/example_dags/tutorial_taskflow_api_virtualenv.py
[2025-05-13T21:34:51.702+0000] {processor.py:753} INFO - DAG(s) dict_keys(['tutorial_taskflow_api_virtualenv']) retrieved from /home/airflow/.local/lib/python3.9/site-packages/airflow/example_dags/tutorial_taskflow_api_virtualenv.py
[2025-05-13T21:34:51.756+0000] {logging_mixin.py:137} INFO - [2025-05-13T21:34:51.756+0000] {dag.py:2676} INFO - Sync 1 DAGs
[2025-05-13T21:34:51.787+0000] {logging_mixin.py:137} INFO - [2025-05-13T21:34:51.787+0000] {dag.py:3423} INFO - Setting next_dagrun for tutorial_taskflow_api_virtualenv to None, run_after=None
[2025-05-13T21:34:51.815+0000] {processor.py:175} INFO - Processing /home/airflow/.local/lib/python3.9/site-packages/airflow/example_dags/tutorial_taskflow_api_virtualenv.py took 0.155 seconds
[2025-05-13T21:35:22.252+0000] {processor.py:153} INFO - Started process (PID=7030) to work on /home/airflow/.local/lib/python3.9/site-packages/airflow/example_dags/tutorial_taskflow_api_virtualenv.py
[2025-05-13T21:35:22.254+0000] {processor.py:743} INFO - Processing file /home/airflow/.local/lib/python3.9/site-packages/airflow/example_dags/tutorial_taskflow_api_virtualenv.py for tasks to queue
[2025-05-13T21:35:22.255+0000] {logging_mixin.py:137} INFO - [2025-05-13T21:35:22.255+0000] {dagbag.py:538} INFO - Filling up the DagBag from /home/airflow/.local/lib/python3.9/site-packages/airflow/example_dags/tutorial_taskflow_api_virtualenv.py
[2025-05-13T21:35:22.297+0000] {processor.py:753} INFO - DAG(s) dict_keys(['tutorial_taskflow_api_virtualenv']) retrieved from /home/airflow/.local/lib/python3.9/site-packages/airflow/example_dags/tutorial_taskflow_api_virtualenv.py
[2025-05-13T21:35:22.350+0000] {logging_mixin.py:137} INFO - [2025-05-13T21:35:22.350+0000] {dag.py:2676} INFO - Sync 1 DAGs
[2025-05-13T21:35:22.380+0000] {logging_mixin.py:137} INFO - [2025-05-13T21:35:22.380+0000] {dag.py:3423} INFO - Setting next_dagrun for tutorial_taskflow_api_virtualenv to None, run_after=None
[2025-05-13T21:35:22.407+0000] {processor.py:175} INFO - Processing /home/airflow/.local/lib/python3.9/site-packages/airflow/example_dags/tutorial_taskflow_api_virtualenv.py took 0.160 seconds
[2025-05-13T21:35:52.854+0000] {processor.py:153} INFO - Started process (PID=7235) to work on /home/airflow/.local/lib/python3.9/site-packages/airflow/example_dags/tutorial_taskflow_api_virtualenv.py
[2025-05-13T21:35:52.856+0000] {processor.py:743} INFO - Processing file /home/airflow/.local/lib/python3.9/site-packages/airflow/example_dags/tutorial_taskflow_api_virtualenv.py for tasks to queue
[2025-05-13T21:35:52.857+0000] {logging_mixin.py:137} INFO - [2025-05-13T21:35:52.857+0000] {dagbag.py:538} INFO - Filling up the DagBag from /home/airflow/.local/lib/python3.9/site-packages/airflow/example_dags/tutorial_taskflow_api_virtualenv.py
[2025-05-13T21:35:52.892+0000] {processor.py:753} INFO - DAG(s) dict_keys(['tutorial_taskflow_api_virtualenv']) retrieved from /home/airflow/.local/lib/python3.9/site-packages/airflow/example_dags/tutorial_taskflow_api_virtualenv.py
[2025-05-13T21:35:52.940+0000] {logging_mixin.py:137} INFO - [2025-05-13T21:35:52.940+0000] {dag.py:2676} INFO - Sync 1 DAGs
[2025-05-13T21:35:52.969+0000] {logging_mixin.py:137} INFO - [2025-05-13T21:35:52.969+0000] {dag.py:3423} INFO - Setting next_dagrun for tutorial_taskflow_api_virtualenv to None, run_after=None
[2025-05-13T21:35:53.047+0000] {processor.py:175} INFO - Processing /home/airflow/.local/lib/python3.9/site-packages/airflow/example_dags/tutorial_taskflow_api_virtualenv.py took 0.197 seconds
[2025-05-13T21:36:23.729+0000] {processor.py:153} INFO - Started process (PID=7436) to work on /home/airflow/.local/lib/python3.9/site-packages/airflow/example_dags/tutorial_taskflow_api_virtualenv.py
[2025-05-13T21:36:23.732+0000] {processor.py:743} INFO - Processing file /home/airflow/.local/lib/python3.9/site-packages/airflow/example_dags/tutorial_taskflow_api_virtualenv.py for tasks to queue
[2025-05-13T21:36:23.733+0000] {logging_mixin.py:137} INFO - [2025-05-13T21:36:23.733+0000] {dagbag.py:538} INFO - Filling up the DagBag from /home/airflow/.local/lib/python3.9/site-packages/airflow/example_dags/tutorial_taskflow_api_virtualenv.py
[2025-05-13T21:36:23.770+0000] {processor.py:753} INFO - DAG(s) dict_keys(['tutorial_taskflow_api_virtualenv']) retrieved from /home/airflow/.local/lib/python3.9/site-packages/airflow/example_dags/tutorial_taskflow_api_virtualenv.py
[2025-05-13T21:36:23.862+0000] {logging_mixin.py:137} INFO - [2025-05-13T21:36:23.861+0000] {dag.py:2676} INFO - Sync 1 DAGs
[2025-05-13T21:36:23.911+0000] {logging_mixin.py:137} INFO - [2025-05-13T21:36:23.911+0000] {dag.py:3423} INFO - Setting next_dagrun for tutorial_taskflow_api_virtualenv to None, run_after=None
[2025-05-13T21:36:23.939+0000] {processor.py:175} INFO - Processing /home/airflow/.local/lib/python3.9/site-packages/airflow/example_dags/tutorial_taskflow_api_virtualenv.py took 0.217 seconds
[2025-05-13T21:37:52.121+0000] {processor.py:153} INFO - Started process (PID=332) to work on /home/airflow/.local/lib/python3.9/site-packages/airflow/example_dags/tutorial_taskflow_api_virtualenv.py
[2025-05-13T21:37:52.122+0000] {processor.py:743} INFO - Processing file /home/airflow/.local/lib/python3.9/site-packages/airflow/example_dags/tutorial_taskflow_api_virtualenv.py for tasks to queue
[2025-05-13T21:37:52.123+0000] {logging_mixin.py:137} INFO - [2025-05-13T21:37:52.123+0000] {dagbag.py:538} INFO - Filling up the DagBag from /home/airflow/.local/lib/python3.9/site-packages/airflow/example_dags/tutorial_taskflow_api_virtualenv.py
[2025-05-13T21:37:52.161+0000] {processor.py:753} INFO - DAG(s) dict_keys(['tutorial_taskflow_api_virtualenv']) retrieved from /home/airflow/.local/lib/python3.9/site-packages/airflow/example_dags/tutorial_taskflow_api_virtualenv.py
[2025-05-13T21:37:52.217+0000] {logging_mixin.py:137} INFO - [2025-05-13T21:37:52.217+0000] {dag.py:2676} INFO - Sync 1 DAGs
[2025-05-13T21:37:52.250+0000] {logging_mixin.py:137} INFO - [2025-05-13T21:37:52.250+0000] {dag.py:3423} INFO - Setting next_dagrun for tutorial_taskflow_api_virtualenv to None, run_after=None
[2025-05-13T21:37:52.279+0000] {processor.py:175} INFO - Processing /home/airflow/.local/lib/python3.9/site-packages/airflow/example_dags/tutorial_taskflow_api_virtualenv.py took 0.163 seconds
[2025-05-13T21:38:23.900+0000] {processor.py:153} INFO - Started process (PID=533) to work on /home/airflow/.local/lib/python3.9/site-packages/airflow/example_dags/tutorial_taskflow_api_virtualenv.py
[2025-05-13T21:38:23.902+0000] {processor.py:743} INFO - Processing file /home/airflow/.local/lib/python3.9/site-packages/airflow/example_dags/tutorial_taskflow_api_virtualenv.py for tasks to queue
[2025-05-13T21:38:23.903+0000] {logging_mixin.py:137} INFO - [2025-05-13T21:38:23.903+0000] {dagbag.py:538} INFO - Filling up the DagBag from /home/airflow/.local/lib/python3.9/site-packages/airflow/example_dags/tutorial_taskflow_api_virtualenv.py
[2025-05-13T21:38:23.936+0000] {processor.py:753} INFO - DAG(s) dict_keys(['tutorial_taskflow_api_virtualenv']) retrieved from /home/airflow/.local/lib/python3.9/site-packages/airflow/example_dags/tutorial_taskflow_api_virtualenv.py
[2025-05-13T21:38:23.988+0000] {logging_mixin.py:137} INFO - [2025-05-13T21:38:23.988+0000] {dag.py:2676} INFO - Sync 1 DAGs
[2025-05-13T21:38:24.020+0000] {logging_mixin.py:137} INFO - [2025-05-13T21:38:24.020+0000] {dag.py:3423} INFO - Setting next_dagrun for tutorial_taskflow_api_virtualenv to None, run_after=None
[2025-05-13T21:38:24.045+0000] {processor.py:175} INFO - Processing /home/airflow/.local/lib/python3.9/site-packages/airflow/example_dags/tutorial_taskflow_api_virtualenv.py took 0.150 seconds
[2025-05-13T21:38:54.455+0000] {processor.py:153} INFO - Started process (PID=731) to work on /home/airflow/.local/lib/python3.9/site-packages/airflow/example_dags/tutorial_taskflow_api_virtualenv.py
[2025-05-13T21:38:54.457+0000] {processor.py:743} INFO - Processing file /home/airflow/.local/lib/python3.9/site-packages/airflow/example_dags/tutorial_taskflow_api_virtualenv.py for tasks to queue
[2025-05-13T21:38:54.458+0000] {logging_mixin.py:137} INFO - [2025-05-13T21:38:54.458+0000] {dagbag.py:538} INFO - Filling up the DagBag from /home/airflow/.local/lib/python3.9/site-packages/airflow/example_dags/tutorial_taskflow_api_virtualenv.py
[2025-05-13T21:38:54.493+0000] {processor.py:753} INFO - DAG(s) dict_keys(['tutorial_taskflow_api_virtualenv']) retrieved from /home/airflow/.local/lib/python3.9/site-packages/airflow/example_dags/tutorial_taskflow_api_virtualenv.py
[2025-05-13T21:38:54.551+0000] {logging_mixin.py:137} INFO - [2025-05-13T21:38:54.551+0000] {dag.py:2676} INFO - Sync 1 DAGs
[2025-05-13T21:38:54.584+0000] {logging_mixin.py:137} INFO - [2025-05-13T21:38:54.583+0000] {dag.py:3423} INFO - Setting next_dagrun for tutorial_taskflow_api_virtualenv to None, run_after=None
[2025-05-13T21:38:54.614+0000] {processor.py:175} INFO - Processing /home/airflow/.local/lib/python3.9/site-packages/airflow/example_dags/tutorial_taskflow_api_virtualenv.py took 0.163 seconds
[2025-05-13T21:39:25.090+0000] {processor.py:153} INFO - Started process (PID=935) to work on /home/airflow/.local/lib/python3.9/site-packages/airflow/example_dags/tutorial_taskflow_api_virtualenv.py
[2025-05-13T21:39:25.091+0000] {processor.py:743} INFO - Processing file /home/airflow/.local/lib/python3.9/site-packages/airflow/example_dags/tutorial_taskflow_api_virtualenv.py for tasks to queue
[2025-05-13T21:39:25.092+0000] {logging_mixin.py:137} INFO - [2025-05-13T21:39:25.092+0000] {dagbag.py:538} INFO - Filling up the DagBag from /home/airflow/.local/lib/python3.9/site-packages/airflow/example_dags/tutorial_taskflow_api_virtualenv.py
[2025-05-13T21:39:25.124+0000] {processor.py:753} INFO - DAG(s) dict_keys(['tutorial_taskflow_api_virtualenv']) retrieved from /home/airflow/.local/lib/python3.9/site-packages/airflow/example_dags/tutorial_taskflow_api_virtualenv.py
[2025-05-13T21:39:25.177+0000] {logging_mixin.py:137} INFO - [2025-05-13T21:39:25.176+0000] {dag.py:2676} INFO - Sync 1 DAGs
[2025-05-13T21:39:25.211+0000] {logging_mixin.py:137} INFO - [2025-05-13T21:39:25.210+0000] {dag.py:3423} INFO - Setting next_dagrun for tutorial_taskflow_api_virtualenv to None, run_after=None
[2025-05-13T21:39:25.237+0000] {processor.py:175} INFO - Processing /home/airflow/.local/lib/python3.9/site-packages/airflow/example_dags/tutorial_taskflow_api_virtualenv.py took 0.152 seconds
[2025-05-13T21:39:55.362+0000] {processor.py:153} INFO - Started process (PID=1138) to work on /home/airflow/.local/lib/python3.9/site-packages/airflow/example_dags/tutorial_taskflow_api_virtualenv.py
[2025-05-13T21:39:55.363+0000] {processor.py:743} INFO - Processing file /home/airflow/.local/lib/python3.9/site-packages/airflow/example_dags/tutorial_taskflow_api_virtualenv.py for tasks to queue
[2025-05-13T21:39:55.366+0000] {logging_mixin.py:137} INFO - [2025-05-13T21:39:55.366+0000] {dagbag.py:538} INFO - Filling up the DagBag from /home/airflow/.local/lib/python3.9/site-packages/airflow/example_dags/tutorial_taskflow_api_virtualenv.py
[2025-05-13T21:39:55.423+0000] {processor.py:753} INFO - DAG(s) dict_keys(['tutorial_taskflow_api_virtualenv']) retrieved from /home/airflow/.local/lib/python3.9/site-packages/airflow/example_dags/tutorial_taskflow_api_virtualenv.py
[2025-05-13T21:39:55.475+0000] {logging_mixin.py:137} INFO - [2025-05-13T21:39:55.474+0000] {dag.py:2676} INFO - Sync 1 DAGs
[2025-05-13T21:39:55.505+0000] {logging_mixin.py:137} INFO - [2025-05-13T21:39:55.505+0000] {dag.py:3423} INFO - Setting next_dagrun for tutorial_taskflow_api_virtualenv to None, run_after=None
[2025-05-13T21:39:55.529+0000] {processor.py:175} INFO - Processing /home/airflow/.local/lib/python3.9/site-packages/airflow/example_dags/tutorial_taskflow_api_virtualenv.py took 0.171 seconds
[2025-05-13T21:40:25.668+0000] {processor.py:153} INFO - Started process (PID=1343) to work on /home/airflow/.local/lib/python3.9/site-packages/airflow/example_dags/tutorial_taskflow_api_virtualenv.py
[2025-05-13T21:40:25.670+0000] {processor.py:743} INFO - Processing file /home/airflow/.local/lib/python3.9/site-packages/airflow/example_dags/tutorial_taskflow_api_virtualenv.py for tasks to queue
[2025-05-13T21:40:25.671+0000] {logging_mixin.py:137} INFO - [2025-05-13T21:40:25.671+0000] {dagbag.py:538} INFO - Filling up the DagBag from /home/airflow/.local/lib/python3.9/site-packages/airflow/example_dags/tutorial_taskflow_api_virtualenv.py
[2025-05-13T21:40:25.703+0000] {processor.py:753} INFO - DAG(s) dict_keys(['tutorial_taskflow_api_virtualenv']) retrieved from /home/airflow/.local/lib/python3.9/site-packages/airflow/example_dags/tutorial_taskflow_api_virtualenv.py
[2025-05-13T21:40:25.755+0000] {logging_mixin.py:137} INFO - [2025-05-13T21:40:25.755+0000] {dag.py:2676} INFO - Sync 1 DAGs
[2025-05-13T21:40:25.786+0000] {logging_mixin.py:137} INFO - [2025-05-13T21:40:25.786+0000] {dag.py:3423} INFO - Setting next_dagrun for tutorial_taskflow_api_virtualenv to None, run_after=None
[2025-05-13T21:40:25.811+0000] {processor.py:175} INFO - Processing /home/airflow/.local/lib/python3.9/site-packages/airflow/example_dags/tutorial_taskflow_api_virtualenv.py took 0.147 seconds
[2025-05-13T21:40:56.017+0000] {processor.py:153} INFO - Started process (PID=1546) to work on /home/airflow/.local/lib/python3.9/site-packages/airflow/example_dags/tutorial_taskflow_api_virtualenv.py
[2025-05-13T21:40:56.019+0000] {processor.py:743} INFO - Processing file /home/airflow/.local/lib/python3.9/site-packages/airflow/example_dags/tutorial_taskflow_api_virtualenv.py for tasks to queue
[2025-05-13T21:40:56.020+0000] {logging_mixin.py:137} INFO - [2025-05-13T21:40:56.019+0000] {dagbag.py:538} INFO - Filling up the DagBag from /home/airflow/.local/lib/python3.9/site-packages/airflow/example_dags/tutorial_taskflow_api_virtualenv.py
[2025-05-13T21:40:56.052+0000] {processor.py:753} INFO - DAG(s) dict_keys(['tutorial_taskflow_api_virtualenv']) retrieved from /home/airflow/.local/lib/python3.9/site-packages/airflow/example_dags/tutorial_taskflow_api_virtualenv.py
[2025-05-13T21:40:56.104+0000] {logging_mixin.py:137} INFO - [2025-05-13T21:40:56.104+0000] {dag.py:2676} INFO - Sync 1 DAGs
[2025-05-13T21:40:56.134+0000] {logging_mixin.py:137} INFO - [2025-05-13T21:40:56.133+0000] {dag.py:3423} INFO - Setting next_dagrun for tutorial_taskflow_api_virtualenv to None, run_after=None
[2025-05-13T21:40:56.161+0000] {processor.py:175} INFO - Processing /home/airflow/.local/lib/python3.9/site-packages/airflow/example_dags/tutorial_taskflow_api_virtualenv.py took 0.148 seconds
[2025-05-13T21:41:26.778+0000] {processor.py:153} INFO - Started process (PID=1749) to work on /home/airflow/.local/lib/python3.9/site-packages/airflow/example_dags/tutorial_taskflow_api_virtualenv.py
[2025-05-13T21:41:26.780+0000] {processor.py:743} INFO - Processing file /home/airflow/.local/lib/python3.9/site-packages/airflow/example_dags/tutorial_taskflow_api_virtualenv.py for tasks to queue
[2025-05-13T21:41:26.782+0000] {logging_mixin.py:137} INFO - [2025-05-13T21:41:26.782+0000] {dagbag.py:538} INFO - Filling up the DagBag from /home/airflow/.local/lib/python3.9/site-packages/airflow/example_dags/tutorial_taskflow_api_virtualenv.py
[2025-05-13T21:41:26.823+0000] {processor.py:753} INFO - DAG(s) dict_keys(['tutorial_taskflow_api_virtualenv']) retrieved from /home/airflow/.local/lib/python3.9/site-packages/airflow/example_dags/tutorial_taskflow_api_virtualenv.py
[2025-05-13T21:41:26.882+0000] {logging_mixin.py:137} INFO - [2025-05-13T21:41:26.882+0000] {dag.py:2676} INFO - Sync 1 DAGs
[2025-05-13T21:41:26.919+0000] {logging_mixin.py:137} INFO - [2025-05-13T21:41:26.919+0000] {dag.py:3423} INFO - Setting next_dagrun for tutorial_taskflow_api_virtualenv to None, run_after=None
[2025-05-13T21:41:26.955+0000] {processor.py:175} INFO - Processing /home/airflow/.local/lib/python3.9/site-packages/airflow/example_dags/tutorial_taskflow_api_virtualenv.py took 0.183 seconds
