[2025-05-13T02:45:39.215+0000] {processor.py:153} INFO - Started process (PID=220) to work on /home/airflow/.local/lib/python3.9/site-packages/airflow/example_dags/tutorial_dag.py
[2025-05-13T02:45:39.216+0000] {processor.py:743} INFO - Processing file /home/airflow/.local/lib/python3.9/site-packages/airflow/example_dags/tutorial_dag.py for tasks to queue
[2025-05-13T02:45:39.217+0000] {logging_mixin.py:137} INFO - [2025-05-13T02:45:39.217+0000] {dagbag.py:538} INFO - Filling up the DagBag from /home/airflow/.local/lib/python3.9/site-packages/airflow/example_dags/tutorial_dag.py
[2025-05-13T02:45:39.231+0000] {processor.py:753} INFO - DAG(s) dict_keys(['tutorial_dag']) retrieved from /home/airflow/.local/lib/python3.9/site-packages/airflow/example_dags/tutorial_dag.py
[2025-05-13T02:45:39.346+0000] {logging_mixin.py:137} INFO - [2025-05-13T02:45:39.345+0000] {manager.py:504} INFO - Created Permission View: can delete on DAG:tutorial_dag
[2025-05-13T02:45:39.354+0000] {logging_mixin.py:137} INFO - [2025-05-13T02:45:39.354+0000] {manager.py:504} INFO - Created Permission View: can edit on DAG:tutorial_dag
[2025-05-13T02:45:39.360+0000] {logging_mixin.py:137} INFO - [2025-05-13T02:45:39.360+0000] {manager.py:504} INFO - Created Permission View: can read on DAG:tutorial_dag
[2025-05-13T02:45:39.360+0000] {logging_mixin.py:137} INFO - [2025-05-13T02:45:39.360+0000] {dag.py:2676} INFO - Sync 1 DAGs
[2025-05-13T02:45:39.371+0000] {logging_mixin.py:137} INFO - [2025-05-13T02:45:39.371+0000] {dag.py:2697} INFO - Creating ORM DAG for tutorial_dag
[2025-05-13T02:45:39.382+0000] {logging_mixin.py:137} INFO - [2025-05-13T02:45:39.382+0000] {dag.py:3423} INFO - Setting next_dagrun for tutorial_dag to None, run_after=None
[2025-05-13T02:45:39.404+0000] {processor.py:175} INFO - Processing /home/airflow/.local/lib/python3.9/site-packages/airflow/example_dags/tutorial_dag.py took 0.193 seconds
[2025-05-13T02:46:10.256+0000] {processor.py:153} INFO - Started process (PID=419) to work on /home/airflow/.local/lib/python3.9/site-packages/airflow/example_dags/tutorial_dag.py
[2025-05-13T02:46:10.257+0000] {processor.py:743} INFO - Processing file /home/airflow/.local/lib/python3.9/site-packages/airflow/example_dags/tutorial_dag.py for tasks to queue
[2025-05-13T02:46:10.258+0000] {logging_mixin.py:137} INFO - [2025-05-13T02:46:10.258+0000] {dagbag.py:538} INFO - Filling up the DagBag from /home/airflow/.local/lib/python3.9/site-packages/airflow/example_dags/tutorial_dag.py
[2025-05-13T02:46:10.278+0000] {processor.py:753} INFO - DAG(s) dict_keys(['tutorial_dag']) retrieved from /home/airflow/.local/lib/python3.9/site-packages/airflow/example_dags/tutorial_dag.py
[2025-05-13T02:46:10.341+0000] {logging_mixin.py:137} INFO - [2025-05-13T02:46:10.340+0000] {dag.py:2676} INFO - Sync 1 DAGs
[2025-05-13T02:46:10.376+0000] {logging_mixin.py:137} INFO - [2025-05-13T02:46:10.376+0000] {dag.py:3423} INFO - Setting next_dagrun for tutorial_dag to None, run_after=None
[2025-05-13T02:46:10.405+0000] {processor.py:175} INFO - Processing /home/airflow/.local/lib/python3.9/site-packages/airflow/example_dags/tutorial_dag.py took 0.154 seconds
[2025-05-13T02:46:40.623+0000] {processor.py:153} INFO - Started process (PID=622) to work on /home/airflow/.local/lib/python3.9/site-packages/airflow/example_dags/tutorial_dag.py
[2025-05-13T02:46:40.624+0000] {processor.py:743} INFO - Processing file /home/airflow/.local/lib/python3.9/site-packages/airflow/example_dags/tutorial_dag.py for tasks to queue
[2025-05-13T02:46:40.626+0000] {logging_mixin.py:137} INFO - [2025-05-13T02:46:40.625+0000] {dagbag.py:538} INFO - Filling up the DagBag from /home/airflow/.local/lib/python3.9/site-packages/airflow/example_dags/tutorial_dag.py
[2025-05-13T02:46:40.650+0000] {processor.py:753} INFO - DAG(s) dict_keys(['tutorial_dag']) retrieved from /home/airflow/.local/lib/python3.9/site-packages/airflow/example_dags/tutorial_dag.py
[2025-05-13T02:46:40.710+0000] {logging_mixin.py:137} INFO - [2025-05-13T02:46:40.710+0000] {dag.py:2676} INFO - Sync 1 DAGs
[2025-05-13T02:46:40.746+0000] {logging_mixin.py:137} INFO - [2025-05-13T02:46:40.746+0000] {dag.py:3423} INFO - Setting next_dagrun for tutorial_dag to None, run_after=None
[2025-05-13T02:46:40.772+0000] {processor.py:175} INFO - Processing /home/airflow/.local/lib/python3.9/site-packages/airflow/example_dags/tutorial_dag.py took 0.154 seconds
[2025-05-13T02:47:11.289+0000] {processor.py:153} INFO - Started process (PID=825) to work on /home/airflow/.local/lib/python3.9/site-packages/airflow/example_dags/tutorial_dag.py
[2025-05-13T02:47:11.292+0000] {processor.py:743} INFO - Processing file /home/airflow/.local/lib/python3.9/site-packages/airflow/example_dags/tutorial_dag.py for tasks to queue
[2025-05-13T02:47:11.293+0000] {logging_mixin.py:137} INFO - [2025-05-13T02:47:11.293+0000] {dagbag.py:538} INFO - Filling up the DagBag from /home/airflow/.local/lib/python3.9/site-packages/airflow/example_dags/tutorial_dag.py
[2025-05-13T02:47:11.315+0000] {processor.py:753} INFO - DAG(s) dict_keys(['tutorial_dag']) retrieved from /home/airflow/.local/lib/python3.9/site-packages/airflow/example_dags/tutorial_dag.py
[2025-05-13T02:47:11.376+0000] {logging_mixin.py:137} INFO - [2025-05-13T02:47:11.376+0000] {dag.py:2676} INFO - Sync 1 DAGs
[2025-05-13T02:47:11.411+0000] {logging_mixin.py:137} INFO - [2025-05-13T02:47:11.411+0000] {dag.py:3423} INFO - Setting next_dagrun for tutorial_dag to None, run_after=None
[2025-05-13T02:47:11.437+0000] {processor.py:175} INFO - Processing /home/airflow/.local/lib/python3.9/site-packages/airflow/example_dags/tutorial_dag.py took 0.154 seconds
[2025-05-13T02:47:41.836+0000] {processor.py:153} INFO - Started process (PID=1035) to work on /home/airflow/.local/lib/python3.9/site-packages/airflow/example_dags/tutorial_dag.py
[2025-05-13T02:47:41.837+0000] {processor.py:743} INFO - Processing file /home/airflow/.local/lib/python3.9/site-packages/airflow/example_dags/tutorial_dag.py for tasks to queue
[2025-05-13T02:47:41.838+0000] {logging_mixin.py:137} INFO - [2025-05-13T02:47:41.838+0000] {dagbag.py:538} INFO - Filling up the DagBag from /home/airflow/.local/lib/python3.9/site-packages/airflow/example_dags/tutorial_dag.py
[2025-05-13T02:47:41.857+0000] {processor.py:753} INFO - DAG(s) dict_keys(['tutorial_dag']) retrieved from /home/airflow/.local/lib/python3.9/site-packages/airflow/example_dags/tutorial_dag.py
[2025-05-13T02:47:41.917+0000] {logging_mixin.py:137} INFO - [2025-05-13T02:47:41.917+0000] {dag.py:2676} INFO - Sync 1 DAGs
[2025-05-13T02:47:41.953+0000] {logging_mixin.py:137} INFO - [2025-05-13T02:47:41.953+0000] {dag.py:3423} INFO - Setting next_dagrun for tutorial_dag to None, run_after=None
[2025-05-13T02:47:41.981+0000] {processor.py:175} INFO - Processing /home/airflow/.local/lib/python3.9/site-packages/airflow/example_dags/tutorial_dag.py took 0.149 seconds
[2025-05-13T02:48:12.448+0000] {processor.py:153} INFO - Started process (PID=1238) to work on /home/airflow/.local/lib/python3.9/site-packages/airflow/example_dags/tutorial_dag.py
[2025-05-13T02:48:12.449+0000] {processor.py:743} INFO - Processing file /home/airflow/.local/lib/python3.9/site-packages/airflow/example_dags/tutorial_dag.py for tasks to queue
[2025-05-13T02:48:12.450+0000] {logging_mixin.py:137} INFO - [2025-05-13T02:48:12.450+0000] {dagbag.py:538} INFO - Filling up the DagBag from /home/airflow/.local/lib/python3.9/site-packages/airflow/example_dags/tutorial_dag.py
[2025-05-13T02:48:12.471+0000] {processor.py:753} INFO - DAG(s) dict_keys(['tutorial_dag']) retrieved from /home/airflow/.local/lib/python3.9/site-packages/airflow/example_dags/tutorial_dag.py
[2025-05-13T02:48:12.528+0000] {logging_mixin.py:137} INFO - [2025-05-13T02:48:12.527+0000] {dag.py:2676} INFO - Sync 1 DAGs
[2025-05-13T02:48:12.567+0000] {logging_mixin.py:137} INFO - [2025-05-13T02:48:12.567+0000] {dag.py:3423} INFO - Setting next_dagrun for tutorial_dag to None, run_after=None
[2025-05-13T02:48:12.619+0000] {processor.py:175} INFO - Processing /home/airflow/.local/lib/python3.9/site-packages/airflow/example_dags/tutorial_dag.py took 0.175 seconds
[2025-05-13T02:49:28.181+0000] {processor.py:153} INFO - Started process (PID=242) to work on /home/airflow/.local/lib/python3.9/site-packages/airflow/example_dags/tutorial_dag.py
[2025-05-13T02:49:28.183+0000] {processor.py:743} INFO - Processing file /home/airflow/.local/lib/python3.9/site-packages/airflow/example_dags/tutorial_dag.py for tasks to queue
[2025-05-13T02:49:28.185+0000] {logging_mixin.py:137} INFO - [2025-05-13T02:49:28.185+0000] {dagbag.py:538} INFO - Filling up the DagBag from /home/airflow/.local/lib/python3.9/site-packages/airflow/example_dags/tutorial_dag.py
[2025-05-13T02:49:28.217+0000] {processor.py:753} INFO - DAG(s) dict_keys(['tutorial_dag']) retrieved from /home/airflow/.local/lib/python3.9/site-packages/airflow/example_dags/tutorial_dag.py
[2025-05-13T02:49:28.341+0000] {logging_mixin.py:137} INFO - [2025-05-13T02:49:28.341+0000] {dag.py:2676} INFO - Sync 1 DAGs
[2025-05-13T02:49:28.407+0000] {logging_mixin.py:137} INFO - [2025-05-13T02:49:28.407+0000] {dag.py:3423} INFO - Setting next_dagrun for tutorial_dag to None, run_after=None
[2025-05-13T02:49:28.476+0000] {processor.py:175} INFO - Processing /home/airflow/.local/lib/python3.9/site-packages/airflow/example_dags/tutorial_dag.py took 0.300 seconds
[2025-05-13T02:49:58.583+0000] {processor.py:153} INFO - Started process (PID=439) to work on /home/airflow/.local/lib/python3.9/site-packages/airflow/example_dags/tutorial_dag.py
[2025-05-13T02:49:58.585+0000] {processor.py:743} INFO - Processing file /home/airflow/.local/lib/python3.9/site-packages/airflow/example_dags/tutorial_dag.py for tasks to queue
[2025-05-13T02:49:58.587+0000] {logging_mixin.py:137} INFO - [2025-05-13T02:49:58.587+0000] {dagbag.py:538} INFO - Filling up the DagBag from /home/airflow/.local/lib/python3.9/site-packages/airflow/example_dags/tutorial_dag.py
[2025-05-13T02:49:58.620+0000] {processor.py:753} INFO - DAG(s) dict_keys(['tutorial_dag']) retrieved from /home/airflow/.local/lib/python3.9/site-packages/airflow/example_dags/tutorial_dag.py
[2025-05-13T02:49:58.697+0000] {logging_mixin.py:137} INFO - [2025-05-13T02:49:58.697+0000] {dag.py:2676} INFO - Sync 1 DAGs
[2025-05-13T02:49:58.868+0000] {logging_mixin.py:137} INFO - [2025-05-13T02:49:58.868+0000] {dag.py:3423} INFO - Setting next_dagrun for tutorial_dag to None, run_after=None
[2025-05-13T02:49:58.924+0000] {processor.py:175} INFO - Processing /home/airflow/.local/lib/python3.9/site-packages/airflow/example_dags/tutorial_dag.py took 0.348 seconds
[2025-05-13T02:50:28.987+0000] {processor.py:153} INFO - Started process (PID=644) to work on /home/airflow/.local/lib/python3.9/site-packages/airflow/example_dags/tutorial_dag.py
[2025-05-13T02:50:28.989+0000] {processor.py:743} INFO - Processing file /home/airflow/.local/lib/python3.9/site-packages/airflow/example_dags/tutorial_dag.py for tasks to queue
[2025-05-13T02:50:28.990+0000] {logging_mixin.py:137} INFO - [2025-05-13T02:50:28.990+0000] {dagbag.py:538} INFO - Filling up the DagBag from /home/airflow/.local/lib/python3.9/site-packages/airflow/example_dags/tutorial_dag.py
[2025-05-13T02:50:29.009+0000] {processor.py:753} INFO - DAG(s) dict_keys(['tutorial_dag']) retrieved from /home/airflow/.local/lib/python3.9/site-packages/airflow/example_dags/tutorial_dag.py
[2025-05-13T02:50:29.062+0000] {logging_mixin.py:137} INFO - [2025-05-13T02:50:29.062+0000] {dag.py:2676} INFO - Sync 1 DAGs
[2025-05-13T02:50:29.092+0000] {logging_mixin.py:137} INFO - [2025-05-13T02:50:29.092+0000] {dag.py:3423} INFO - Setting next_dagrun for tutorial_dag to None, run_after=None
[2025-05-13T02:50:29.115+0000] {processor.py:175} INFO - Processing /home/airflow/.local/lib/python3.9/site-packages/airflow/example_dags/tutorial_dag.py took 0.132 seconds
[2025-05-13T21:18:24.076+0000] {processor.py:153} INFO - Started process (PID=220) to work on /home/airflow/.local/lib/python3.9/site-packages/airflow/example_dags/tutorial_dag.py
[2025-05-13T21:18:24.078+0000] {processor.py:743} INFO - Processing file /home/airflow/.local/lib/python3.9/site-packages/airflow/example_dags/tutorial_dag.py for tasks to queue
[2025-05-13T21:18:24.079+0000] {logging_mixin.py:137} INFO - [2025-05-13T21:18:24.079+0000] {dagbag.py:538} INFO - Filling up the DagBag from /home/airflow/.local/lib/python3.9/site-packages/airflow/example_dags/tutorial_dag.py
[2025-05-13T21:18:24.100+0000] {processor.py:753} INFO - DAG(s) dict_keys(['tutorial_dag']) retrieved from /home/airflow/.local/lib/python3.9/site-packages/airflow/example_dags/tutorial_dag.py
[2025-05-13T21:18:24.288+0000] {logging_mixin.py:137} INFO - [2025-05-13T21:18:24.288+0000] {manager.py:504} INFO - Created Permission View: can edit on DAG:tutorial_dag
[2025-05-13T21:18:24.300+0000] {logging_mixin.py:137} INFO - [2025-05-13T21:18:24.300+0000] {manager.py:504} INFO - Created Permission View: can delete on DAG:tutorial_dag
[2025-05-13T21:18:24.309+0000] {logging_mixin.py:137} INFO - [2025-05-13T21:18:24.309+0000] {manager.py:504} INFO - Created Permission View: can read on DAG:tutorial_dag
[2025-05-13T21:18:24.310+0000] {logging_mixin.py:137} INFO - [2025-05-13T21:18:24.310+0000] {dag.py:2676} INFO - Sync 1 DAGs
[2025-05-13T21:18:24.326+0000] {logging_mixin.py:137} INFO - [2025-05-13T21:18:24.326+0000] {dag.py:2697} INFO - Creating ORM DAG for tutorial_dag
[2025-05-13T21:18:24.342+0000] {logging_mixin.py:137} INFO - [2025-05-13T21:18:24.342+0000] {dag.py:3423} INFO - Setting next_dagrun for tutorial_dag to None, run_after=None
[2025-05-13T21:18:24.368+0000] {processor.py:175} INFO - Processing /home/airflow/.local/lib/python3.9/site-packages/airflow/example_dags/tutorial_dag.py took 0.299 seconds
[2025-05-13T21:18:54.877+0000] {processor.py:153} INFO - Started process (PID=424) to work on /home/airflow/.local/lib/python3.9/site-packages/airflow/example_dags/tutorial_dag.py
[2025-05-13T21:18:54.878+0000] {processor.py:743} INFO - Processing file /home/airflow/.local/lib/python3.9/site-packages/airflow/example_dags/tutorial_dag.py for tasks to queue
[2025-05-13T21:18:54.882+0000] {logging_mixin.py:137} INFO - [2025-05-13T21:18:54.882+0000] {dagbag.py:538} INFO - Filling up the DagBag from /home/airflow/.local/lib/python3.9/site-packages/airflow/example_dags/tutorial_dag.py
[2025-05-13T21:18:54.904+0000] {processor.py:753} INFO - DAG(s) dict_keys(['tutorial_dag']) retrieved from /home/airflow/.local/lib/python3.9/site-packages/airflow/example_dags/tutorial_dag.py
[2025-05-13T21:18:54.967+0000] {logging_mixin.py:137} INFO - [2025-05-13T21:18:54.966+0000] {dag.py:2676} INFO - Sync 1 DAGs
[2025-05-13T21:18:54.997+0000] {logging_mixin.py:137} INFO - [2025-05-13T21:18:54.997+0000] {dag.py:3423} INFO - Setting next_dagrun for tutorial_dag to None, run_after=None
[2025-05-13T21:18:55.030+0000] {processor.py:175} INFO - Processing /home/airflow/.local/lib/python3.9/site-packages/airflow/example_dags/tutorial_dag.py took 0.157 seconds
[2025-05-13T21:19:25.894+0000] {processor.py:153} INFO - Started process (PID=627) to work on /home/airflow/.local/lib/python3.9/site-packages/airflow/example_dags/tutorial_dag.py
[2025-05-13T21:19:25.896+0000] {processor.py:743} INFO - Processing file /home/airflow/.local/lib/python3.9/site-packages/airflow/example_dags/tutorial_dag.py for tasks to queue
[2025-05-13T21:19:25.898+0000] {logging_mixin.py:137} INFO - [2025-05-13T21:19:25.898+0000] {dagbag.py:538} INFO - Filling up the DagBag from /home/airflow/.local/lib/python3.9/site-packages/airflow/example_dags/tutorial_dag.py
[2025-05-13T21:19:25.923+0000] {processor.py:753} INFO - DAG(s) dict_keys(['tutorial_dag']) retrieved from /home/airflow/.local/lib/python3.9/site-packages/airflow/example_dags/tutorial_dag.py
[2025-05-13T21:19:26.007+0000] {logging_mixin.py:137} INFO - [2025-05-13T21:19:26.007+0000] {dag.py:2676} INFO - Sync 1 DAGs
[2025-05-13T21:19:26.063+0000] {logging_mixin.py:137} INFO - [2025-05-13T21:19:26.063+0000] {dag.py:3423} INFO - Setting next_dagrun for tutorial_dag to None, run_after=None
[2025-05-13T21:19:26.112+0000] {processor.py:175} INFO - Processing /home/airflow/.local/lib/python3.9/site-packages/airflow/example_dags/tutorial_dag.py took 0.223 seconds
[2025-05-13T21:19:56.997+0000] {processor.py:153} INFO - Started process (PID=829) to work on /home/airflow/.local/lib/python3.9/site-packages/airflow/example_dags/tutorial_dag.py
[2025-05-13T21:19:56.999+0000] {processor.py:743} INFO - Processing file /home/airflow/.local/lib/python3.9/site-packages/airflow/example_dags/tutorial_dag.py for tasks to queue
[2025-05-13T21:19:57.000+0000] {logging_mixin.py:137} INFO - [2025-05-13T21:19:57.000+0000] {dagbag.py:538} INFO - Filling up the DagBag from /home/airflow/.local/lib/python3.9/site-packages/airflow/example_dags/tutorial_dag.py
[2025-05-13T21:19:57.019+0000] {processor.py:753} INFO - DAG(s) dict_keys(['tutorial_dag']) retrieved from /home/airflow/.local/lib/python3.9/site-packages/airflow/example_dags/tutorial_dag.py
[2025-05-13T21:19:57.078+0000] {logging_mixin.py:137} INFO - [2025-05-13T21:19:57.078+0000] {dag.py:2676} INFO - Sync 1 DAGs
[2025-05-13T21:19:57.109+0000] {logging_mixin.py:137} INFO - [2025-05-13T21:19:57.109+0000] {dag.py:3423} INFO - Setting next_dagrun for tutorial_dag to None, run_after=None
[2025-05-13T21:19:57.137+0000] {processor.py:175} INFO - Processing /home/airflow/.local/lib/python3.9/site-packages/airflow/example_dags/tutorial_dag.py took 0.144 seconds
[2025-05-13T21:20:27.431+0000] {processor.py:153} INFO - Started process (PID=1033) to work on /home/airflow/.local/lib/python3.9/site-packages/airflow/example_dags/tutorial_dag.py
[2025-05-13T21:20:27.432+0000] {processor.py:743} INFO - Processing file /home/airflow/.local/lib/python3.9/site-packages/airflow/example_dags/tutorial_dag.py for tasks to queue
[2025-05-13T21:20:27.435+0000] {logging_mixin.py:137} INFO - [2025-05-13T21:20:27.435+0000] {dagbag.py:538} INFO - Filling up the DagBag from /home/airflow/.local/lib/python3.9/site-packages/airflow/example_dags/tutorial_dag.py
[2025-05-13T21:20:27.456+0000] {processor.py:753} INFO - DAG(s) dict_keys(['tutorial_dag']) retrieved from /home/airflow/.local/lib/python3.9/site-packages/airflow/example_dags/tutorial_dag.py
[2025-05-13T21:20:27.516+0000] {logging_mixin.py:137} INFO - [2025-05-13T21:20:27.516+0000] {dag.py:2676} INFO - Sync 1 DAGs
[2025-05-13T21:20:27.556+0000] {logging_mixin.py:137} INFO - [2025-05-13T21:20:27.556+0000] {dag.py:3423} INFO - Setting next_dagrun for tutorial_dag to None, run_after=None
[2025-05-13T21:20:27.591+0000] {processor.py:175} INFO - Processing /home/airflow/.local/lib/python3.9/site-packages/airflow/example_dags/tutorial_dag.py took 0.165 seconds
[2025-05-13T21:20:57.794+0000] {processor.py:153} INFO - Started process (PID=1239) to work on /home/airflow/.local/lib/python3.9/site-packages/airflow/example_dags/tutorial_dag.py
[2025-05-13T21:20:57.796+0000] {processor.py:743} INFO - Processing file /home/airflow/.local/lib/python3.9/site-packages/airflow/example_dags/tutorial_dag.py for tasks to queue
[2025-05-13T21:20:57.797+0000] {logging_mixin.py:137} INFO - [2025-05-13T21:20:57.797+0000] {dagbag.py:538} INFO - Filling up the DagBag from /home/airflow/.local/lib/python3.9/site-packages/airflow/example_dags/tutorial_dag.py
[2025-05-13T21:20:57.816+0000] {processor.py:753} INFO - DAG(s) dict_keys(['tutorial_dag']) retrieved from /home/airflow/.local/lib/python3.9/site-packages/airflow/example_dags/tutorial_dag.py
[2025-05-13T21:20:57.875+0000] {logging_mixin.py:137} INFO - [2025-05-13T21:20:57.875+0000] {dag.py:2676} INFO - Sync 1 DAGs
[2025-05-13T21:20:57.905+0000] {logging_mixin.py:137} INFO - [2025-05-13T21:20:57.905+0000] {dag.py:3423} INFO - Setting next_dagrun for tutorial_dag to None, run_after=None
[2025-05-13T21:20:57.937+0000] {processor.py:175} INFO - Processing /home/airflow/.local/lib/python3.9/site-packages/airflow/example_dags/tutorial_dag.py took 0.147 seconds
[2025-05-13T21:21:28.172+0000] {processor.py:153} INFO - Started process (PID=1442) to work on /home/airflow/.local/lib/python3.9/site-packages/airflow/example_dags/tutorial_dag.py
[2025-05-13T21:21:28.173+0000] {processor.py:743} INFO - Processing file /home/airflow/.local/lib/python3.9/site-packages/airflow/example_dags/tutorial_dag.py for tasks to queue
[2025-05-13T21:21:28.175+0000] {logging_mixin.py:137} INFO - [2025-05-13T21:21:28.174+0000] {dagbag.py:538} INFO - Filling up the DagBag from /home/airflow/.local/lib/python3.9/site-packages/airflow/example_dags/tutorial_dag.py
[2025-05-13T21:21:28.193+0000] {processor.py:753} INFO - DAG(s) dict_keys(['tutorial_dag']) retrieved from /home/airflow/.local/lib/python3.9/site-packages/airflow/example_dags/tutorial_dag.py
[2025-05-13T21:21:28.244+0000] {logging_mixin.py:137} INFO - [2025-05-13T21:21:28.244+0000] {dag.py:2676} INFO - Sync 1 DAGs
[2025-05-13T21:21:28.274+0000] {logging_mixin.py:137} INFO - [2025-05-13T21:21:28.274+0000] {dag.py:3423} INFO - Setting next_dagrun for tutorial_dag to None, run_after=None
[2025-05-13T21:21:28.300+0000] {processor.py:175} INFO - Processing /home/airflow/.local/lib/python3.9/site-packages/airflow/example_dags/tutorial_dag.py took 0.132 seconds
[2025-05-13T21:21:59.052+0000] {processor.py:153} INFO - Started process (PID=1645) to work on /home/airflow/.local/lib/python3.9/site-packages/airflow/example_dags/tutorial_dag.py
[2025-05-13T21:21:59.053+0000] {processor.py:743} INFO - Processing file /home/airflow/.local/lib/python3.9/site-packages/airflow/example_dags/tutorial_dag.py for tasks to queue
[2025-05-13T21:21:59.055+0000] {logging_mixin.py:137} INFO - [2025-05-13T21:21:59.054+0000] {dagbag.py:538} INFO - Filling up the DagBag from /home/airflow/.local/lib/python3.9/site-packages/airflow/example_dags/tutorial_dag.py
[2025-05-13T21:21:59.075+0000] {processor.py:753} INFO - DAG(s) dict_keys(['tutorial_dag']) retrieved from /home/airflow/.local/lib/python3.9/site-packages/airflow/example_dags/tutorial_dag.py
[2025-05-13T21:21:59.138+0000] {logging_mixin.py:137} INFO - [2025-05-13T21:21:59.138+0000] {dag.py:2676} INFO - Sync 1 DAGs
[2025-05-13T21:21:59.170+0000] {logging_mixin.py:137} INFO - [2025-05-13T21:21:59.169+0000] {dag.py:3423} INFO - Setting next_dagrun for tutorial_dag to None, run_after=None
[2025-05-13T21:21:59.193+0000] {processor.py:175} INFO - Processing /home/airflow/.local/lib/python3.9/site-packages/airflow/example_dags/tutorial_dag.py took 0.145 seconds
[2025-05-13T21:22:29.462+0000] {processor.py:153} INFO - Started process (PID=1847) to work on /home/airflow/.local/lib/python3.9/site-packages/airflow/example_dags/tutorial_dag.py
[2025-05-13T21:22:29.463+0000] {processor.py:743} INFO - Processing file /home/airflow/.local/lib/python3.9/site-packages/airflow/example_dags/tutorial_dag.py for tasks to queue
[2025-05-13T21:22:29.464+0000] {logging_mixin.py:137} INFO - [2025-05-13T21:22:29.464+0000] {dagbag.py:538} INFO - Filling up the DagBag from /home/airflow/.local/lib/python3.9/site-packages/airflow/example_dags/tutorial_dag.py
[2025-05-13T21:22:29.481+0000] {processor.py:753} INFO - DAG(s) dict_keys(['tutorial_dag']) retrieved from /home/airflow/.local/lib/python3.9/site-packages/airflow/example_dags/tutorial_dag.py
[2025-05-13T21:22:29.536+0000] {logging_mixin.py:137} INFO - [2025-05-13T21:22:29.536+0000] {dag.py:2676} INFO - Sync 1 DAGs
[2025-05-13T21:22:29.562+0000] {logging_mixin.py:137} INFO - [2025-05-13T21:22:29.561+0000] {dag.py:3423} INFO - Setting next_dagrun for tutorial_dag to None, run_after=None
[2025-05-13T21:22:29.586+0000] {processor.py:175} INFO - Processing /home/airflow/.local/lib/python3.9/site-packages/airflow/example_dags/tutorial_dag.py took 0.128 seconds
[2025-05-13T21:22:59.742+0000] {processor.py:153} INFO - Started process (PID=2050) to work on /home/airflow/.local/lib/python3.9/site-packages/airflow/example_dags/tutorial_dag.py
[2025-05-13T21:22:59.745+0000] {processor.py:743} INFO - Processing file /home/airflow/.local/lib/python3.9/site-packages/airflow/example_dags/tutorial_dag.py for tasks to queue
[2025-05-13T21:22:59.748+0000] {logging_mixin.py:137} INFO - [2025-05-13T21:22:59.747+0000] {dagbag.py:538} INFO - Filling up the DagBag from /home/airflow/.local/lib/python3.9/site-packages/airflow/example_dags/tutorial_dag.py
[2025-05-13T21:22:59.769+0000] {processor.py:753} INFO - DAG(s) dict_keys(['tutorial_dag']) retrieved from /home/airflow/.local/lib/python3.9/site-packages/airflow/example_dags/tutorial_dag.py
[2025-05-13T21:22:59.839+0000] {logging_mixin.py:137} INFO - [2025-05-13T21:22:59.838+0000] {dag.py:2676} INFO - Sync 1 DAGs
[2025-05-13T21:22:59.873+0000] {logging_mixin.py:137} INFO - [2025-05-13T21:22:59.872+0000] {dag.py:3423} INFO - Setting next_dagrun for tutorial_dag to None, run_after=None
[2025-05-13T21:22:59.906+0000] {processor.py:175} INFO - Processing /home/airflow/.local/lib/python3.9/site-packages/airflow/example_dags/tutorial_dag.py took 0.174 seconds
[2025-05-13T21:23:30.812+0000] {processor.py:153} INFO - Started process (PID=2254) to work on /home/airflow/.local/lib/python3.9/site-packages/airflow/example_dags/tutorial_dag.py
[2025-05-13T21:23:30.813+0000] {processor.py:743} INFO - Processing file /home/airflow/.local/lib/python3.9/site-packages/airflow/example_dags/tutorial_dag.py for tasks to queue
[2025-05-13T21:23:30.814+0000] {logging_mixin.py:137} INFO - [2025-05-13T21:23:30.814+0000] {dagbag.py:538} INFO - Filling up the DagBag from /home/airflow/.local/lib/python3.9/site-packages/airflow/example_dags/tutorial_dag.py
[2025-05-13T21:23:30.831+0000] {processor.py:753} INFO - DAG(s) dict_keys(['tutorial_dag']) retrieved from /home/airflow/.local/lib/python3.9/site-packages/airflow/example_dags/tutorial_dag.py
[2025-05-13T21:23:30.877+0000] {logging_mixin.py:137} INFO - [2025-05-13T21:23:30.877+0000] {dag.py:2676} INFO - Sync 1 DAGs
[2025-05-13T21:23:30.905+0000] {logging_mixin.py:137} INFO - [2025-05-13T21:23:30.904+0000] {dag.py:3423} INFO - Setting next_dagrun for tutorial_dag to None, run_after=None
[2025-05-13T21:23:30.926+0000] {processor.py:175} INFO - Processing /home/airflow/.local/lib/python3.9/site-packages/airflow/example_dags/tutorial_dag.py took 0.118 seconds
[2025-05-13T21:24:01.043+0000] {processor.py:153} INFO - Started process (PID=2450) to work on /home/airflow/.local/lib/python3.9/site-packages/airflow/example_dags/tutorial_dag.py
[2025-05-13T21:24:01.045+0000] {processor.py:743} INFO - Processing file /home/airflow/.local/lib/python3.9/site-packages/airflow/example_dags/tutorial_dag.py for tasks to queue
[2025-05-13T21:24:01.046+0000] {logging_mixin.py:137} INFO - [2025-05-13T21:24:01.046+0000] {dagbag.py:538} INFO - Filling up the DagBag from /home/airflow/.local/lib/python3.9/site-packages/airflow/example_dags/tutorial_dag.py
[2025-05-13T21:24:01.064+0000] {processor.py:753} INFO - DAG(s) dict_keys(['tutorial_dag']) retrieved from /home/airflow/.local/lib/python3.9/site-packages/airflow/example_dags/tutorial_dag.py
[2025-05-13T21:24:01.116+0000] {logging_mixin.py:137} INFO - [2025-05-13T21:24:01.116+0000] {dag.py:2676} INFO - Sync 1 DAGs
[2025-05-13T21:24:01.146+0000] {logging_mixin.py:137} INFO - [2025-05-13T21:24:01.146+0000] {dag.py:3423} INFO - Setting next_dagrun for tutorial_dag to None, run_after=None
[2025-05-13T21:24:01.170+0000] {processor.py:175} INFO - Processing /home/airflow/.local/lib/python3.9/site-packages/airflow/example_dags/tutorial_dag.py took 0.131 seconds
[2025-05-13T21:24:31.604+0000] {processor.py:153} INFO - Started process (PID=2654) to work on /home/airflow/.local/lib/python3.9/site-packages/airflow/example_dags/tutorial_dag.py
[2025-05-13T21:24:31.605+0000] {processor.py:743} INFO - Processing file /home/airflow/.local/lib/python3.9/site-packages/airflow/example_dags/tutorial_dag.py for tasks to queue
[2025-05-13T21:24:31.607+0000] {logging_mixin.py:137} INFO - [2025-05-13T21:24:31.607+0000] {dagbag.py:538} INFO - Filling up the DagBag from /home/airflow/.local/lib/python3.9/site-packages/airflow/example_dags/tutorial_dag.py
[2025-05-13T21:24:31.626+0000] {processor.py:753} INFO - DAG(s) dict_keys(['tutorial_dag']) retrieved from /home/airflow/.local/lib/python3.9/site-packages/airflow/example_dags/tutorial_dag.py
[2025-05-13T21:24:31.682+0000] {logging_mixin.py:137} INFO - [2025-05-13T21:24:31.681+0000] {dag.py:2676} INFO - Sync 1 DAGs
[2025-05-13T21:24:31.713+0000] {logging_mixin.py:137} INFO - [2025-05-13T21:24:31.713+0000] {dag.py:3423} INFO - Setting next_dagrun for tutorial_dag to None, run_after=None
[2025-05-13T21:24:31.739+0000] {processor.py:175} INFO - Processing /home/airflow/.local/lib/python3.9/site-packages/airflow/example_dags/tutorial_dag.py took 0.141 seconds
[2025-05-13T21:25:02.320+0000] {processor.py:153} INFO - Started process (PID=2856) to work on /home/airflow/.local/lib/python3.9/site-packages/airflow/example_dags/tutorial_dag.py
[2025-05-13T21:25:02.321+0000] {processor.py:743} INFO - Processing file /home/airflow/.local/lib/python3.9/site-packages/airflow/example_dags/tutorial_dag.py for tasks to queue
[2025-05-13T21:25:02.322+0000] {logging_mixin.py:137} INFO - [2025-05-13T21:25:02.322+0000] {dagbag.py:538} INFO - Filling up the DagBag from /home/airflow/.local/lib/python3.9/site-packages/airflow/example_dags/tutorial_dag.py
[2025-05-13T21:25:02.338+0000] {processor.py:753} INFO - DAG(s) dict_keys(['tutorial_dag']) retrieved from /home/airflow/.local/lib/python3.9/site-packages/airflow/example_dags/tutorial_dag.py
[2025-05-13T21:25:02.387+0000] {logging_mixin.py:137} INFO - [2025-05-13T21:25:02.387+0000] {dag.py:2676} INFO - Sync 1 DAGs
[2025-05-13T21:25:02.412+0000] {logging_mixin.py:137} INFO - [2025-05-13T21:25:02.412+0000] {dag.py:3423} INFO - Setting next_dagrun for tutorial_dag to None, run_after=None
[2025-05-13T21:25:02.432+0000] {processor.py:175} INFO - Processing /home/airflow/.local/lib/python3.9/site-packages/airflow/example_dags/tutorial_dag.py took 0.116 seconds
[2025-05-13T21:25:32.913+0000] {processor.py:153} INFO - Started process (PID=3059) to work on /home/airflow/.local/lib/python3.9/site-packages/airflow/example_dags/tutorial_dag.py
[2025-05-13T21:25:32.914+0000] {processor.py:743} INFO - Processing file /home/airflow/.local/lib/python3.9/site-packages/airflow/example_dags/tutorial_dag.py for tasks to queue
[2025-05-13T21:25:32.915+0000] {logging_mixin.py:137} INFO - [2025-05-13T21:25:32.915+0000] {dagbag.py:538} INFO - Filling up the DagBag from /home/airflow/.local/lib/python3.9/site-packages/airflow/example_dags/tutorial_dag.py
[2025-05-13T21:25:32.933+0000] {processor.py:753} INFO - DAG(s) dict_keys(['tutorial_dag']) retrieved from /home/airflow/.local/lib/python3.9/site-packages/airflow/example_dags/tutorial_dag.py
[2025-05-13T21:25:32.983+0000] {logging_mixin.py:137} INFO - [2025-05-13T21:25:32.983+0000] {dag.py:2676} INFO - Sync 1 DAGs
[2025-05-13T21:25:33.013+0000] {logging_mixin.py:137} INFO - [2025-05-13T21:25:33.013+0000] {dag.py:3423} INFO - Setting next_dagrun for tutorial_dag to None, run_after=None
[2025-05-13T21:25:33.042+0000] {processor.py:175} INFO - Processing /home/airflow/.local/lib/python3.9/site-packages/airflow/example_dags/tutorial_dag.py took 0.133 seconds
[2025-05-13T21:26:03.415+0000] {processor.py:153} INFO - Started process (PID=3274) to work on /home/airflow/.local/lib/python3.9/site-packages/airflow/example_dags/tutorial_dag.py
[2025-05-13T21:26:03.417+0000] {processor.py:743} INFO - Processing file /home/airflow/.local/lib/python3.9/site-packages/airflow/example_dags/tutorial_dag.py for tasks to queue
[2025-05-13T21:26:03.418+0000] {logging_mixin.py:137} INFO - [2025-05-13T21:26:03.417+0000] {dagbag.py:538} INFO - Filling up the DagBag from /home/airflow/.local/lib/python3.9/site-packages/airflow/example_dags/tutorial_dag.py
[2025-05-13T21:26:03.436+0000] {processor.py:753} INFO - DAG(s) dict_keys(['tutorial_dag']) retrieved from /home/airflow/.local/lib/python3.9/site-packages/airflow/example_dags/tutorial_dag.py
[2025-05-13T21:26:03.486+0000] {logging_mixin.py:137} INFO - [2025-05-13T21:26:03.486+0000] {dag.py:2676} INFO - Sync 1 DAGs
[2025-05-13T21:26:03.516+0000] {logging_mixin.py:137} INFO - [2025-05-13T21:26:03.516+0000] {dag.py:3423} INFO - Setting next_dagrun for tutorial_dag to None, run_after=None
[2025-05-13T21:26:03.538+0000] {processor.py:175} INFO - Processing /home/airflow/.local/lib/python3.9/site-packages/airflow/example_dags/tutorial_dag.py took 0.127 seconds
[2025-05-13T21:26:34.276+0000] {processor.py:153} INFO - Started process (PID=3478) to work on /home/airflow/.local/lib/python3.9/site-packages/airflow/example_dags/tutorial_dag.py
[2025-05-13T21:26:34.277+0000] {processor.py:743} INFO - Processing file /home/airflow/.local/lib/python3.9/site-packages/airflow/example_dags/tutorial_dag.py for tasks to queue
[2025-05-13T21:26:34.278+0000] {logging_mixin.py:137} INFO - [2025-05-13T21:26:34.278+0000] {dagbag.py:538} INFO - Filling up the DagBag from /home/airflow/.local/lib/python3.9/site-packages/airflow/example_dags/tutorial_dag.py
[2025-05-13T21:26:34.296+0000] {processor.py:753} INFO - DAG(s) dict_keys(['tutorial_dag']) retrieved from /home/airflow/.local/lib/python3.9/site-packages/airflow/example_dags/tutorial_dag.py
[2025-05-13T21:26:34.348+0000] {logging_mixin.py:137} INFO - [2025-05-13T21:26:34.348+0000] {dag.py:2676} INFO - Sync 1 DAGs
[2025-05-13T21:26:34.385+0000] {logging_mixin.py:137} INFO - [2025-05-13T21:26:34.385+0000] {dag.py:3423} INFO - Setting next_dagrun for tutorial_dag to None, run_after=None
[2025-05-13T21:26:34.419+0000] {processor.py:175} INFO - Processing /home/airflow/.local/lib/python3.9/site-packages/airflow/example_dags/tutorial_dag.py took 0.147 seconds
[2025-05-13T21:27:04.907+0000] {processor.py:153} INFO - Started process (PID=3680) to work on /home/airflow/.local/lib/python3.9/site-packages/airflow/example_dags/tutorial_dag.py
[2025-05-13T21:27:04.909+0000] {processor.py:743} INFO - Processing file /home/airflow/.local/lib/python3.9/site-packages/airflow/example_dags/tutorial_dag.py for tasks to queue
[2025-05-13T21:27:04.909+0000] {logging_mixin.py:137} INFO - [2025-05-13T21:27:04.909+0000] {dagbag.py:538} INFO - Filling up the DagBag from /home/airflow/.local/lib/python3.9/site-packages/airflow/example_dags/tutorial_dag.py
[2025-05-13T21:27:04.928+0000] {processor.py:753} INFO - DAG(s) dict_keys(['tutorial_dag']) retrieved from /home/airflow/.local/lib/python3.9/site-packages/airflow/example_dags/tutorial_dag.py
[2025-05-13T21:27:04.980+0000] {logging_mixin.py:137} INFO - [2025-05-13T21:27:04.980+0000] {dag.py:2676} INFO - Sync 1 DAGs
[2025-05-13T21:27:05.010+0000] {logging_mixin.py:137} INFO - [2025-05-13T21:27:05.009+0000] {dag.py:3423} INFO - Setting next_dagrun for tutorial_dag to None, run_after=None
[2025-05-13T21:27:05.032+0000] {processor.py:175} INFO - Processing /home/airflow/.local/lib/python3.9/site-packages/airflow/example_dags/tutorial_dag.py took 0.129 seconds
[2025-05-13T21:27:35.445+0000] {processor.py:153} INFO - Started process (PID=3883) to work on /home/airflow/.local/lib/python3.9/site-packages/airflow/example_dags/tutorial_dag.py
[2025-05-13T21:27:35.446+0000] {processor.py:743} INFO - Processing file /home/airflow/.local/lib/python3.9/site-packages/airflow/example_dags/tutorial_dag.py for tasks to queue
[2025-05-13T21:27:35.447+0000] {logging_mixin.py:137} INFO - [2025-05-13T21:27:35.446+0000] {dagbag.py:538} INFO - Filling up the DagBag from /home/airflow/.local/lib/python3.9/site-packages/airflow/example_dags/tutorial_dag.py
[2025-05-13T21:27:35.464+0000] {processor.py:753} INFO - DAG(s) dict_keys(['tutorial_dag']) retrieved from /home/airflow/.local/lib/python3.9/site-packages/airflow/example_dags/tutorial_dag.py
[2025-05-13T21:27:35.511+0000] {logging_mixin.py:137} INFO - [2025-05-13T21:27:35.511+0000] {dag.py:2676} INFO - Sync 1 DAGs
[2025-05-13T21:27:35.539+0000] {logging_mixin.py:137} INFO - [2025-05-13T21:27:35.539+0000] {dag.py:3423} INFO - Setting next_dagrun for tutorial_dag to None, run_after=None
[2025-05-13T21:27:35.566+0000] {processor.py:175} INFO - Processing /home/airflow/.local/lib/python3.9/site-packages/airflow/example_dags/tutorial_dag.py took 0.126 seconds
[2025-05-13T21:28:06.430+0000] {processor.py:153} INFO - Started process (PID=4086) to work on /home/airflow/.local/lib/python3.9/site-packages/airflow/example_dags/tutorial_dag.py
[2025-05-13T21:28:06.432+0000] {processor.py:743} INFO - Processing file /home/airflow/.local/lib/python3.9/site-packages/airflow/example_dags/tutorial_dag.py for tasks to queue
[2025-05-13T21:28:06.433+0000] {logging_mixin.py:137} INFO - [2025-05-13T21:28:06.432+0000] {dagbag.py:538} INFO - Filling up the DagBag from /home/airflow/.local/lib/python3.9/site-packages/airflow/example_dags/tutorial_dag.py
[2025-05-13T21:28:06.450+0000] {processor.py:753} INFO - DAG(s) dict_keys(['tutorial_dag']) retrieved from /home/airflow/.local/lib/python3.9/site-packages/airflow/example_dags/tutorial_dag.py
[2025-05-13T21:28:06.483+0000] {logging_mixin.py:137} INFO - [2025-05-13T21:28:06.483+0000] {dag.py:2676} INFO - Sync 1 DAGs
[2025-05-13T21:28:06.512+0000] {logging_mixin.py:137} INFO - [2025-05-13T21:28:06.512+0000] {dag.py:3423} INFO - Setting next_dagrun for tutorial_dag to None, run_after=None
[2025-05-13T21:28:06.535+0000] {processor.py:175} INFO - Processing /home/airflow/.local/lib/python3.9/site-packages/airflow/example_dags/tutorial_dag.py took 0.109 seconds
[2025-05-13T21:28:37.038+0000] {processor.py:153} INFO - Started process (PID=4289) to work on /home/airflow/.local/lib/python3.9/site-packages/airflow/example_dags/tutorial_dag.py
[2025-05-13T21:28:37.040+0000] {processor.py:743} INFO - Processing file /home/airflow/.local/lib/python3.9/site-packages/airflow/example_dags/tutorial_dag.py for tasks to queue
[2025-05-13T21:28:37.041+0000] {logging_mixin.py:137} INFO - [2025-05-13T21:28:37.041+0000] {dagbag.py:538} INFO - Filling up the DagBag from /home/airflow/.local/lib/python3.9/site-packages/airflow/example_dags/tutorial_dag.py
[2025-05-13T21:28:37.059+0000] {processor.py:753} INFO - DAG(s) dict_keys(['tutorial_dag']) retrieved from /home/airflow/.local/lib/python3.9/site-packages/airflow/example_dags/tutorial_dag.py
[2025-05-13T21:28:37.108+0000] {logging_mixin.py:137} INFO - [2025-05-13T21:28:37.108+0000] {dag.py:2676} INFO - Sync 1 DAGs
[2025-05-13T21:28:37.135+0000] {logging_mixin.py:137} INFO - [2025-05-13T21:28:37.134+0000] {dag.py:3423} INFO - Setting next_dagrun for tutorial_dag to None, run_after=None
[2025-05-13T21:28:37.158+0000] {processor.py:175} INFO - Processing /home/airflow/.local/lib/python3.9/site-packages/airflow/example_dags/tutorial_dag.py took 0.124 seconds
[2025-05-13T21:29:07.368+0000] {processor.py:153} INFO - Started process (PID=4493) to work on /home/airflow/.local/lib/python3.9/site-packages/airflow/example_dags/tutorial_dag.py
[2025-05-13T21:29:07.369+0000] {processor.py:743} INFO - Processing file /home/airflow/.local/lib/python3.9/site-packages/airflow/example_dags/tutorial_dag.py for tasks to queue
[2025-05-13T21:29:07.370+0000] {logging_mixin.py:137} INFO - [2025-05-13T21:29:07.370+0000] {dagbag.py:538} INFO - Filling up the DagBag from /home/airflow/.local/lib/python3.9/site-packages/airflow/example_dags/tutorial_dag.py
[2025-05-13T21:29:07.388+0000] {processor.py:753} INFO - DAG(s) dict_keys(['tutorial_dag']) retrieved from /home/airflow/.local/lib/python3.9/site-packages/airflow/example_dags/tutorial_dag.py
[2025-05-13T21:29:07.434+0000] {logging_mixin.py:137} INFO - [2025-05-13T21:29:07.434+0000] {dag.py:2676} INFO - Sync 1 DAGs
[2025-05-13T21:29:07.460+0000] {logging_mixin.py:137} INFO - [2025-05-13T21:29:07.460+0000] {dag.py:3423} INFO - Setting next_dagrun for tutorial_dag to None, run_after=None
[2025-05-13T21:29:07.482+0000] {processor.py:175} INFO - Processing /home/airflow/.local/lib/python3.9/site-packages/airflow/example_dags/tutorial_dag.py took 0.119 seconds
[2025-05-13T21:29:37.598+0000] {processor.py:153} INFO - Started process (PID=4692) to work on /home/airflow/.local/lib/python3.9/site-packages/airflow/example_dags/tutorial_dag.py
[2025-05-13T21:29:37.599+0000] {processor.py:743} INFO - Processing file /home/airflow/.local/lib/python3.9/site-packages/airflow/example_dags/tutorial_dag.py for tasks to queue
[2025-05-13T21:29:37.600+0000] {logging_mixin.py:137} INFO - [2025-05-13T21:29:37.600+0000] {dagbag.py:538} INFO - Filling up the DagBag from /home/airflow/.local/lib/python3.9/site-packages/airflow/example_dags/tutorial_dag.py
[2025-05-13T21:29:37.620+0000] {processor.py:753} INFO - DAG(s) dict_keys(['tutorial_dag']) retrieved from /home/airflow/.local/lib/python3.9/site-packages/airflow/example_dags/tutorial_dag.py
[2025-05-13T21:29:37.672+0000] {logging_mixin.py:137} INFO - [2025-05-13T21:29:37.672+0000] {dag.py:2676} INFO - Sync 1 DAGs
[2025-05-13T21:29:37.701+0000] {logging_mixin.py:137} INFO - [2025-05-13T21:29:37.701+0000] {dag.py:3423} INFO - Setting next_dagrun for tutorial_dag to None, run_after=None
[2025-05-13T21:29:37.724+0000] {processor.py:175} INFO - Processing /home/airflow/.local/lib/python3.9/site-packages/airflow/example_dags/tutorial_dag.py took 0.130 seconds
[2025-05-13T21:30:08.271+0000] {processor.py:153} INFO - Started process (PID=4892) to work on /home/airflow/.local/lib/python3.9/site-packages/airflow/example_dags/tutorial_dag.py
[2025-05-13T21:30:08.274+0000] {processor.py:743} INFO - Processing file /home/airflow/.local/lib/python3.9/site-packages/airflow/example_dags/tutorial_dag.py for tasks to queue
[2025-05-13T21:30:08.275+0000] {logging_mixin.py:137} INFO - [2025-05-13T21:30:08.275+0000] {dagbag.py:538} INFO - Filling up the DagBag from /home/airflow/.local/lib/python3.9/site-packages/airflow/example_dags/tutorial_dag.py
[2025-05-13T21:30:08.292+0000] {processor.py:753} INFO - DAG(s) dict_keys(['tutorial_dag']) retrieved from /home/airflow/.local/lib/python3.9/site-packages/airflow/example_dags/tutorial_dag.py
[2025-05-13T21:30:08.343+0000] {logging_mixin.py:137} INFO - [2025-05-13T21:30:08.343+0000] {dag.py:2676} INFO - Sync 1 DAGs
[2025-05-13T21:30:08.371+0000] {logging_mixin.py:137} INFO - [2025-05-13T21:30:08.371+0000] {dag.py:3423} INFO - Setting next_dagrun for tutorial_dag to None, run_after=None
[2025-05-13T21:30:08.395+0000] {processor.py:175} INFO - Processing /home/airflow/.local/lib/python3.9/site-packages/airflow/example_dags/tutorial_dag.py took 0.128 seconds
[2025-05-13T21:30:38.836+0000] {processor.py:153} INFO - Started process (PID=5096) to work on /home/airflow/.local/lib/python3.9/site-packages/airflow/example_dags/tutorial_dag.py
[2025-05-13T21:30:38.837+0000] {processor.py:743} INFO - Processing file /home/airflow/.local/lib/python3.9/site-packages/airflow/example_dags/tutorial_dag.py for tasks to queue
[2025-05-13T21:30:38.838+0000] {logging_mixin.py:137} INFO - [2025-05-13T21:30:38.838+0000] {dagbag.py:538} INFO - Filling up the DagBag from /home/airflow/.local/lib/python3.9/site-packages/airflow/example_dags/tutorial_dag.py
[2025-05-13T21:30:38.856+0000] {processor.py:753} INFO - DAG(s) dict_keys(['tutorial_dag']) retrieved from /home/airflow/.local/lib/python3.9/site-packages/airflow/example_dags/tutorial_dag.py
[2025-05-13T21:30:38.907+0000] {logging_mixin.py:137} INFO - [2025-05-13T21:30:38.906+0000] {dag.py:2676} INFO - Sync 1 DAGs
[2025-05-13T21:30:38.932+0000] {logging_mixin.py:137} INFO - [2025-05-13T21:30:38.932+0000] {dag.py:3423} INFO - Setting next_dagrun for tutorial_dag to None, run_after=None
[2025-05-13T21:30:38.955+0000] {processor.py:175} INFO - Processing /home/airflow/.local/lib/python3.9/site-packages/airflow/example_dags/tutorial_dag.py took 0.122 seconds
[2025-05-13T21:31:09.464+0000] {processor.py:153} INFO - Started process (PID=5302) to work on /home/airflow/.local/lib/python3.9/site-packages/airflow/example_dags/tutorial_dag.py
[2025-05-13T21:31:09.464+0000] {processor.py:743} INFO - Processing file /home/airflow/.local/lib/python3.9/site-packages/airflow/example_dags/tutorial_dag.py for tasks to queue
[2025-05-13T21:31:09.465+0000] {logging_mixin.py:137} INFO - [2025-05-13T21:31:09.465+0000] {dagbag.py:538} INFO - Filling up the DagBag from /home/airflow/.local/lib/python3.9/site-packages/airflow/example_dags/tutorial_dag.py
[2025-05-13T21:31:09.479+0000] {processor.py:753} INFO - DAG(s) dict_keys(['tutorial_dag']) retrieved from /home/airflow/.local/lib/python3.9/site-packages/airflow/example_dags/tutorial_dag.py
[2025-05-13T21:31:09.519+0000] {logging_mixin.py:137} INFO - [2025-05-13T21:31:09.519+0000] {dag.py:2676} INFO - Sync 1 DAGs
[2025-05-13T21:31:09.540+0000] {logging_mixin.py:137} INFO - [2025-05-13T21:31:09.540+0000] {dag.py:3423} INFO - Setting next_dagrun for tutorial_dag to None, run_after=None
[2025-05-13T21:31:09.563+0000] {processor.py:175} INFO - Processing /home/airflow/.local/lib/python3.9/site-packages/airflow/example_dags/tutorial_dag.py took 0.101 seconds
[2025-05-13T21:31:40.155+0000] {processor.py:153} INFO - Started process (PID=5505) to work on /home/airflow/.local/lib/python3.9/site-packages/airflow/example_dags/tutorial_dag.py
[2025-05-13T21:31:40.160+0000] {processor.py:743} INFO - Processing file /home/airflow/.local/lib/python3.9/site-packages/airflow/example_dags/tutorial_dag.py for tasks to queue
[2025-05-13T21:31:40.161+0000] {logging_mixin.py:137} INFO - [2025-05-13T21:31:40.161+0000] {dagbag.py:538} INFO - Filling up the DagBag from /home/airflow/.local/lib/python3.9/site-packages/airflow/example_dags/tutorial_dag.py
[2025-05-13T21:31:40.182+0000] {processor.py:753} INFO - DAG(s) dict_keys(['tutorial_dag']) retrieved from /home/airflow/.local/lib/python3.9/site-packages/airflow/example_dags/tutorial_dag.py
[2025-05-13T21:31:40.234+0000] {logging_mixin.py:137} INFO - [2025-05-13T21:31:40.234+0000] {dag.py:2676} INFO - Sync 1 DAGs
[2025-05-13T21:31:40.268+0000] {logging_mixin.py:137} INFO - [2025-05-13T21:31:40.268+0000] {dag.py:3423} INFO - Setting next_dagrun for tutorial_dag to None, run_after=None
[2025-05-13T21:31:40.300+0000] {processor.py:175} INFO - Processing /home/airflow/.local/lib/python3.9/site-packages/airflow/example_dags/tutorial_dag.py took 0.150 seconds
[2025-05-13T21:32:10.931+0000] {processor.py:153} INFO - Started process (PID=5707) to work on /home/airflow/.local/lib/python3.9/site-packages/airflow/example_dags/tutorial_dag.py
[2025-05-13T21:32:10.934+0000] {processor.py:743} INFO - Processing file /home/airflow/.local/lib/python3.9/site-packages/airflow/example_dags/tutorial_dag.py for tasks to queue
[2025-05-13T21:32:10.935+0000] {logging_mixin.py:137} INFO - [2025-05-13T21:32:10.935+0000] {dagbag.py:538} INFO - Filling up the DagBag from /home/airflow/.local/lib/python3.9/site-packages/airflow/example_dags/tutorial_dag.py
[2025-05-13T21:32:10.953+0000] {processor.py:753} INFO - DAG(s) dict_keys(['tutorial_dag']) retrieved from /home/airflow/.local/lib/python3.9/site-packages/airflow/example_dags/tutorial_dag.py
[2025-05-13T21:32:10.997+0000] {logging_mixin.py:137} INFO - [2025-05-13T21:32:10.997+0000] {dag.py:2676} INFO - Sync 1 DAGs
[2025-05-13T21:32:11.046+0000] {logging_mixin.py:137} INFO - [2025-05-13T21:32:11.046+0000] {dag.py:3423} INFO - Setting next_dagrun for tutorial_dag to None, run_after=None
[2025-05-13T21:32:11.076+0000] {processor.py:175} INFO - Processing /home/airflow/.local/lib/python3.9/site-packages/airflow/example_dags/tutorial_dag.py took 0.149 seconds
[2025-05-13T21:32:41.282+0000] {processor.py:153} INFO - Started process (PID=5910) to work on /home/airflow/.local/lib/python3.9/site-packages/airflow/example_dags/tutorial_dag.py
[2025-05-13T21:32:41.283+0000] {processor.py:743} INFO - Processing file /home/airflow/.local/lib/python3.9/site-packages/airflow/example_dags/tutorial_dag.py for tasks to queue
[2025-05-13T21:32:41.285+0000] {logging_mixin.py:137} INFO - [2025-05-13T21:32:41.284+0000] {dagbag.py:538} INFO - Filling up the DagBag from /home/airflow/.local/lib/python3.9/site-packages/airflow/example_dags/tutorial_dag.py
[2025-05-13T21:32:41.302+0000] {processor.py:753} INFO - DAG(s) dict_keys(['tutorial_dag']) retrieved from /home/airflow/.local/lib/python3.9/site-packages/airflow/example_dags/tutorial_dag.py
[2025-05-13T21:32:41.355+0000] {logging_mixin.py:137} INFO - [2025-05-13T21:32:41.355+0000] {dag.py:2676} INFO - Sync 1 DAGs
[2025-05-13T21:32:41.383+0000] {logging_mixin.py:137} INFO - [2025-05-13T21:32:41.383+0000] {dag.py:3423} INFO - Setting next_dagrun for tutorial_dag to None, run_after=None
[2025-05-13T21:32:41.409+0000] {processor.py:175} INFO - Processing /home/airflow/.local/lib/python3.9/site-packages/airflow/example_dags/tutorial_dag.py took 0.131 seconds
[2025-05-13T21:33:11.722+0000] {processor.py:153} INFO - Started process (PID=6113) to work on /home/airflow/.local/lib/python3.9/site-packages/airflow/example_dags/tutorial_dag.py
[2025-05-13T21:33:11.723+0000] {processor.py:743} INFO - Processing file /home/airflow/.local/lib/python3.9/site-packages/airflow/example_dags/tutorial_dag.py for tasks to queue
[2025-05-13T21:33:11.724+0000] {logging_mixin.py:137} INFO - [2025-05-13T21:33:11.724+0000] {dagbag.py:538} INFO - Filling up the DagBag from /home/airflow/.local/lib/python3.9/site-packages/airflow/example_dags/tutorial_dag.py
[2025-05-13T21:33:11.742+0000] {processor.py:753} INFO - DAG(s) dict_keys(['tutorial_dag']) retrieved from /home/airflow/.local/lib/python3.9/site-packages/airflow/example_dags/tutorial_dag.py
[2025-05-13T21:33:11.791+0000] {logging_mixin.py:137} INFO - [2025-05-13T21:33:11.790+0000] {dag.py:2676} INFO - Sync 1 DAGs
[2025-05-13T21:33:11.817+0000] {logging_mixin.py:137} INFO - [2025-05-13T21:33:11.816+0000] {dag.py:3423} INFO - Setting next_dagrun for tutorial_dag to None, run_after=None
[2025-05-13T21:33:11.842+0000] {processor.py:175} INFO - Processing /home/airflow/.local/lib/python3.9/site-packages/airflow/example_dags/tutorial_dag.py took 0.124 seconds
[2025-05-13T21:33:41.990+0000] {processor.py:153} INFO - Started process (PID=6317) to work on /home/airflow/.local/lib/python3.9/site-packages/airflow/example_dags/tutorial_dag.py
[2025-05-13T21:33:41.992+0000] {processor.py:743} INFO - Processing file /home/airflow/.local/lib/python3.9/site-packages/airflow/example_dags/tutorial_dag.py for tasks to queue
[2025-05-13T21:33:41.994+0000] {logging_mixin.py:137} INFO - [2025-05-13T21:33:41.994+0000] {dagbag.py:538} INFO - Filling up the DagBag from /home/airflow/.local/lib/python3.9/site-packages/airflow/example_dags/tutorial_dag.py
[2025-05-13T21:33:42.016+0000] {processor.py:753} INFO - DAG(s) dict_keys(['tutorial_dag']) retrieved from /home/airflow/.local/lib/python3.9/site-packages/airflow/example_dags/tutorial_dag.py
[2025-05-13T21:33:42.070+0000] {logging_mixin.py:137} INFO - [2025-05-13T21:33:42.070+0000] {dag.py:2676} INFO - Sync 1 DAGs
[2025-05-13T21:33:42.103+0000] {logging_mixin.py:137} INFO - [2025-05-13T21:33:42.103+0000] {dag.py:3423} INFO - Setting next_dagrun for tutorial_dag to None, run_after=None
[2025-05-13T21:33:42.133+0000] {processor.py:175} INFO - Processing /home/airflow/.local/lib/python3.9/site-packages/airflow/example_dags/tutorial_dag.py took 0.149 seconds
[2025-05-13T21:34:12.955+0000] {processor.py:153} INFO - Started process (PID=6520) to work on /home/airflow/.local/lib/python3.9/site-packages/airflow/example_dags/tutorial_dag.py
[2025-05-13T21:34:12.957+0000] {processor.py:743} INFO - Processing file /home/airflow/.local/lib/python3.9/site-packages/airflow/example_dags/tutorial_dag.py for tasks to queue
[2025-05-13T21:34:12.958+0000] {logging_mixin.py:137} INFO - [2025-05-13T21:34:12.958+0000] {dagbag.py:538} INFO - Filling up the DagBag from /home/airflow/.local/lib/python3.9/site-packages/airflow/example_dags/tutorial_dag.py
[2025-05-13T21:34:12.977+0000] {processor.py:753} INFO - DAG(s) dict_keys(['tutorial_dag']) retrieved from /home/airflow/.local/lib/python3.9/site-packages/airflow/example_dags/tutorial_dag.py
[2025-05-13T21:34:13.031+0000] {logging_mixin.py:137} INFO - [2025-05-13T21:34:13.031+0000] {dag.py:2676} INFO - Sync 1 DAGs
[2025-05-13T21:34:13.065+0000] {logging_mixin.py:137} INFO - [2025-05-13T21:34:13.065+0000] {dag.py:3423} INFO - Setting next_dagrun for tutorial_dag to None, run_after=None
[2025-05-13T21:34:13.096+0000] {processor.py:175} INFO - Processing /home/airflow/.local/lib/python3.9/site-packages/airflow/example_dags/tutorial_dag.py took 0.145 seconds
[2025-05-13T21:34:43.827+0000] {processor.py:153} INFO - Started process (PID=6729) to work on /home/airflow/.local/lib/python3.9/site-packages/airflow/example_dags/tutorial_dag.py
[2025-05-13T21:34:43.829+0000] {processor.py:743} INFO - Processing file /home/airflow/.local/lib/python3.9/site-packages/airflow/example_dags/tutorial_dag.py for tasks to queue
[2025-05-13T21:34:43.831+0000] {logging_mixin.py:137} INFO - [2025-05-13T21:34:43.831+0000] {dagbag.py:538} INFO - Filling up the DagBag from /home/airflow/.local/lib/python3.9/site-packages/airflow/example_dags/tutorial_dag.py
[2025-05-13T21:34:43.877+0000] {processor.py:753} INFO - DAG(s) dict_keys(['tutorial_dag']) retrieved from /home/airflow/.local/lib/python3.9/site-packages/airflow/example_dags/tutorial_dag.py
[2025-05-13T21:34:43.978+0000] {logging_mixin.py:137} INFO - [2025-05-13T21:34:43.978+0000] {dag.py:2676} INFO - Sync 1 DAGs
[2025-05-13T21:34:44.023+0000] {logging_mixin.py:137} INFO - [2025-05-13T21:34:44.022+0000] {dag.py:3423} INFO - Setting next_dagrun for tutorial_dag to None, run_after=None
[2025-05-13T21:34:44.098+0000] {processor.py:175} INFO - Processing /home/airflow/.local/lib/python3.9/site-packages/airflow/example_dags/tutorial_dag.py took 0.282 seconds
[2025-05-13T21:35:14.901+0000] {processor.py:153} INFO - Started process (PID=6935) to work on /home/airflow/.local/lib/python3.9/site-packages/airflow/example_dags/tutorial_dag.py
[2025-05-13T21:35:14.903+0000] {processor.py:743} INFO - Processing file /home/airflow/.local/lib/python3.9/site-packages/airflow/example_dags/tutorial_dag.py for tasks to queue
[2025-05-13T21:35:14.904+0000] {logging_mixin.py:137} INFO - [2025-05-13T21:35:14.904+0000] {dagbag.py:538} INFO - Filling up the DagBag from /home/airflow/.local/lib/python3.9/site-packages/airflow/example_dags/tutorial_dag.py
[2025-05-13T21:35:14.924+0000] {processor.py:753} INFO - DAG(s) dict_keys(['tutorial_dag']) retrieved from /home/airflow/.local/lib/python3.9/site-packages/airflow/example_dags/tutorial_dag.py
[2025-05-13T21:35:14.977+0000] {logging_mixin.py:137} INFO - [2025-05-13T21:35:14.977+0000] {dag.py:2676} INFO - Sync 1 DAGs
[2025-05-13T21:35:15.008+0000] {logging_mixin.py:137} INFO - [2025-05-13T21:35:15.008+0000] {dag.py:3423} INFO - Setting next_dagrun for tutorial_dag to None, run_after=None
[2025-05-13T21:35:15.034+0000] {processor.py:175} INFO - Processing /home/airflow/.local/lib/python3.9/site-packages/airflow/example_dags/tutorial_dag.py took 0.140 seconds
[2025-05-13T21:35:45.913+0000] {processor.py:153} INFO - Started process (PID=7134) to work on /home/airflow/.local/lib/python3.9/site-packages/airflow/example_dags/tutorial_dag.py
[2025-05-13T21:35:45.914+0000] {processor.py:743} INFO - Processing file /home/airflow/.local/lib/python3.9/site-packages/airflow/example_dags/tutorial_dag.py for tasks to queue
[2025-05-13T21:35:45.915+0000] {logging_mixin.py:137} INFO - [2025-05-13T21:35:45.915+0000] {dagbag.py:538} INFO - Filling up the DagBag from /home/airflow/.local/lib/python3.9/site-packages/airflow/example_dags/tutorial_dag.py
[2025-05-13T21:35:45.934+0000] {processor.py:753} INFO - DAG(s) dict_keys(['tutorial_dag']) retrieved from /home/airflow/.local/lib/python3.9/site-packages/airflow/example_dags/tutorial_dag.py
[2025-05-13T21:35:45.999+0000] {logging_mixin.py:137} INFO - [2025-05-13T21:35:45.998+0000] {dag.py:2676} INFO - Sync 1 DAGs
[2025-05-13T21:35:46.039+0000] {logging_mixin.py:137} INFO - [2025-05-13T21:35:46.039+0000] {dag.py:3423} INFO - Setting next_dagrun for tutorial_dag to None, run_after=None
[2025-05-13T21:35:46.075+0000] {processor.py:175} INFO - Processing /home/airflow/.local/lib/python3.9/site-packages/airflow/example_dags/tutorial_dag.py took 0.166 seconds
[2025-05-13T21:36:16.450+0000] {processor.py:153} INFO - Started process (PID=7337) to work on /home/airflow/.local/lib/python3.9/site-packages/airflow/example_dags/tutorial_dag.py
[2025-05-13T21:36:16.453+0000] {processor.py:743} INFO - Processing file /home/airflow/.local/lib/python3.9/site-packages/airflow/example_dags/tutorial_dag.py for tasks to queue
[2025-05-13T21:36:16.454+0000] {logging_mixin.py:137} INFO - [2025-05-13T21:36:16.454+0000] {dagbag.py:538} INFO - Filling up the DagBag from /home/airflow/.local/lib/python3.9/site-packages/airflow/example_dags/tutorial_dag.py
[2025-05-13T21:36:16.501+0000] {processor.py:753} INFO - DAG(s) dict_keys(['tutorial_dag']) retrieved from /home/airflow/.local/lib/python3.9/site-packages/airflow/example_dags/tutorial_dag.py
[2025-05-13T21:36:16.560+0000] {logging_mixin.py:137} INFO - [2025-05-13T21:36:16.560+0000] {dag.py:2676} INFO - Sync 1 DAGs
[2025-05-13T21:36:16.595+0000] {logging_mixin.py:137} INFO - [2025-05-13T21:36:16.595+0000] {dag.py:3423} INFO - Setting next_dagrun for tutorial_dag to None, run_after=None
[2025-05-13T21:36:16.626+0000] {processor.py:175} INFO - Processing /home/airflow/.local/lib/python3.9/site-packages/airflow/example_dags/tutorial_dag.py took 0.180 seconds
[2025-05-13T21:37:48.609+0000] {processor.py:153} INFO - Started process (PID=228) to work on /home/airflow/.local/lib/python3.9/site-packages/airflow/example_dags/tutorial_dag.py
[2025-05-13T21:37:48.611+0000] {processor.py:743} INFO - Processing file /home/airflow/.local/lib/python3.9/site-packages/airflow/example_dags/tutorial_dag.py for tasks to queue
[2025-05-13T21:37:48.612+0000] {logging_mixin.py:137} INFO - [2025-05-13T21:37:48.612+0000] {dagbag.py:538} INFO - Filling up the DagBag from /home/airflow/.local/lib/python3.9/site-packages/airflow/example_dags/tutorial_dag.py
[2025-05-13T21:37:48.636+0000] {processor.py:753} INFO - DAG(s) dict_keys(['tutorial_dag']) retrieved from /home/airflow/.local/lib/python3.9/site-packages/airflow/example_dags/tutorial_dag.py
[2025-05-13T21:37:48.703+0000] {logging_mixin.py:137} INFO - [2025-05-13T21:37:48.702+0000] {dag.py:2676} INFO - Sync 1 DAGs
[2025-05-13T21:37:48.734+0000] {logging_mixin.py:137} INFO - [2025-05-13T21:37:48.734+0000] {dag.py:3423} INFO - Setting next_dagrun for tutorial_dag to None, run_after=None
[2025-05-13T21:37:48.759+0000] {processor.py:175} INFO - Processing /home/airflow/.local/lib/python3.9/site-packages/airflow/example_dags/tutorial_dag.py took 0.154 seconds
[2025-05-13T21:38:18.789+0000] {processor.py:153} INFO - Started process (PID=427) to work on /home/airflow/.local/lib/python3.9/site-packages/airflow/example_dags/tutorial_dag.py
[2025-05-13T21:38:18.790+0000] {processor.py:743} INFO - Processing file /home/airflow/.local/lib/python3.9/site-packages/airflow/example_dags/tutorial_dag.py for tasks to queue
[2025-05-13T21:38:18.792+0000] {logging_mixin.py:137} INFO - [2025-05-13T21:38:18.791+0000] {dagbag.py:538} INFO - Filling up the DagBag from /home/airflow/.local/lib/python3.9/site-packages/airflow/example_dags/tutorial_dag.py
[2025-05-13T21:38:18.810+0000] {processor.py:753} INFO - DAG(s) dict_keys(['tutorial_dag']) retrieved from /home/airflow/.local/lib/python3.9/site-packages/airflow/example_dags/tutorial_dag.py
[2025-05-13T21:38:18.857+0000] {logging_mixin.py:137} INFO - [2025-05-13T21:38:18.856+0000] {dag.py:2676} INFO - Sync 1 DAGs
[2025-05-13T21:38:18.882+0000] {logging_mixin.py:137} INFO - [2025-05-13T21:38:18.882+0000] {dag.py:3423} INFO - Setting next_dagrun for tutorial_dag to None, run_after=None
[2025-05-13T21:38:18.907+0000] {processor.py:175} INFO - Processing /home/airflow/.local/lib/python3.9/site-packages/airflow/example_dags/tutorial_dag.py took 0.121 seconds
[2025-05-13T21:38:49.397+0000] {processor.py:153} INFO - Started process (PID=630) to work on /home/airflow/.local/lib/python3.9/site-packages/airflow/example_dags/tutorial_dag.py
[2025-05-13T21:38:49.398+0000] {processor.py:743} INFO - Processing file /home/airflow/.local/lib/python3.9/site-packages/airflow/example_dags/tutorial_dag.py for tasks to queue
[2025-05-13T21:38:49.399+0000] {logging_mixin.py:137} INFO - [2025-05-13T21:38:49.399+0000] {dagbag.py:538} INFO - Filling up the DagBag from /home/airflow/.local/lib/python3.9/site-packages/airflow/example_dags/tutorial_dag.py
[2025-05-13T21:38:49.418+0000] {processor.py:753} INFO - DAG(s) dict_keys(['tutorial_dag']) retrieved from /home/airflow/.local/lib/python3.9/site-packages/airflow/example_dags/tutorial_dag.py
[2025-05-13T21:38:49.467+0000] {logging_mixin.py:137} INFO - [2025-05-13T21:38:49.467+0000] {dag.py:2676} INFO - Sync 1 DAGs
[2025-05-13T21:38:49.497+0000] {logging_mixin.py:137} INFO - [2025-05-13T21:38:49.497+0000] {dag.py:3423} INFO - Setting next_dagrun for tutorial_dag to None, run_after=None
[2025-05-13T21:38:49.520+0000] {processor.py:175} INFO - Processing /home/airflow/.local/lib/python3.9/site-packages/airflow/example_dags/tutorial_dag.py took 0.127 seconds
[2025-05-13T21:39:20.103+0000] {processor.py:153} INFO - Started process (PID=838) to work on /home/airflow/.local/lib/python3.9/site-packages/airflow/example_dags/tutorial_dag.py
[2025-05-13T21:39:20.104+0000] {processor.py:743} INFO - Processing file /home/airflow/.local/lib/python3.9/site-packages/airflow/example_dags/tutorial_dag.py for tasks to queue
[2025-05-13T21:39:20.105+0000] {logging_mixin.py:137} INFO - [2025-05-13T21:39:20.105+0000] {dagbag.py:538} INFO - Filling up the DagBag from /home/airflow/.local/lib/python3.9/site-packages/airflow/example_dags/tutorial_dag.py
[2025-05-13T21:39:20.124+0000] {processor.py:753} INFO - DAG(s) dict_keys(['tutorial_dag']) retrieved from /home/airflow/.local/lib/python3.9/site-packages/airflow/example_dags/tutorial_dag.py
[2025-05-13T21:39:20.176+0000] {logging_mixin.py:137} INFO - [2025-05-13T21:39:20.175+0000] {dag.py:2676} INFO - Sync 1 DAGs
[2025-05-13T21:39:20.202+0000] {logging_mixin.py:137} INFO - [2025-05-13T21:39:20.202+0000] {dag.py:3423} INFO - Setting next_dagrun for tutorial_dag to None, run_after=None
[2025-05-13T21:39:20.228+0000] {processor.py:175} INFO - Processing /home/airflow/.local/lib/python3.9/site-packages/airflow/example_dags/tutorial_dag.py took 0.131 seconds
[2025-05-13T21:39:50.321+0000] {processor.py:153} INFO - Started process (PID=1041) to work on /home/airflow/.local/lib/python3.9/site-packages/airflow/example_dags/tutorial_dag.py
[2025-05-13T21:39:50.321+0000] {processor.py:743} INFO - Processing file /home/airflow/.local/lib/python3.9/site-packages/airflow/example_dags/tutorial_dag.py for tasks to queue
[2025-05-13T21:39:50.323+0000] {logging_mixin.py:137} INFO - [2025-05-13T21:39:50.322+0000] {dagbag.py:538} INFO - Filling up the DagBag from /home/airflow/.local/lib/python3.9/site-packages/airflow/example_dags/tutorial_dag.py
[2025-05-13T21:39:50.341+0000] {processor.py:753} INFO - DAG(s) dict_keys(['tutorial_dag']) retrieved from /home/airflow/.local/lib/python3.9/site-packages/airflow/example_dags/tutorial_dag.py
[2025-05-13T21:39:50.388+0000] {logging_mixin.py:137} INFO - [2025-05-13T21:39:50.388+0000] {dag.py:2676} INFO - Sync 1 DAGs
[2025-05-13T21:39:50.419+0000] {logging_mixin.py:137} INFO - [2025-05-13T21:39:50.419+0000] {dag.py:3423} INFO - Setting next_dagrun for tutorial_dag to None, run_after=None
[2025-05-13T21:39:50.443+0000] {processor.py:175} INFO - Processing /home/airflow/.local/lib/python3.9/site-packages/airflow/example_dags/tutorial_dag.py took 0.127 seconds
[2025-05-13T21:40:20.772+0000] {processor.py:153} INFO - Started process (PID=1248) to work on /home/airflow/.local/lib/python3.9/site-packages/airflow/example_dags/tutorial_dag.py
[2025-05-13T21:40:20.774+0000] {processor.py:743} INFO - Processing file /home/airflow/.local/lib/python3.9/site-packages/airflow/example_dags/tutorial_dag.py for tasks to queue
[2025-05-13T21:40:20.775+0000] {logging_mixin.py:137} INFO - [2025-05-13T21:40:20.775+0000] {dagbag.py:538} INFO - Filling up the DagBag from /home/airflow/.local/lib/python3.9/site-packages/airflow/example_dags/tutorial_dag.py
[2025-05-13T21:40:20.794+0000] {processor.py:753} INFO - DAG(s) dict_keys(['tutorial_dag']) retrieved from /home/airflow/.local/lib/python3.9/site-packages/airflow/example_dags/tutorial_dag.py
[2025-05-13T21:40:20.849+0000] {logging_mixin.py:137} INFO - [2025-05-13T21:40:20.849+0000] {dag.py:2676} INFO - Sync 1 DAGs
[2025-05-13T21:40:20.878+0000] {logging_mixin.py:137} INFO - [2025-05-13T21:40:20.878+0000] {dag.py:3423} INFO - Setting next_dagrun for tutorial_dag to None, run_after=None
[2025-05-13T21:40:20.901+0000] {processor.py:175} INFO - Processing /home/airflow/.local/lib/python3.9/site-packages/airflow/example_dags/tutorial_dag.py took 0.133 seconds
[2025-05-13T21:40:51.873+0000] {processor.py:153} INFO - Started process (PID=1451) to work on /home/airflow/.local/lib/python3.9/site-packages/airflow/example_dags/tutorial_dag.py
[2025-05-13T21:40:51.874+0000] {processor.py:743} INFO - Processing file /home/airflow/.local/lib/python3.9/site-packages/airflow/example_dags/tutorial_dag.py for tasks to queue
[2025-05-13T21:40:51.875+0000] {logging_mixin.py:137} INFO - [2025-05-13T21:40:51.875+0000] {dagbag.py:538} INFO - Filling up the DagBag from /home/airflow/.local/lib/python3.9/site-packages/airflow/example_dags/tutorial_dag.py
[2025-05-13T21:40:51.897+0000] {processor.py:753} INFO - DAG(s) dict_keys(['tutorial_dag']) retrieved from /home/airflow/.local/lib/python3.9/site-packages/airflow/example_dags/tutorial_dag.py
[2025-05-13T21:40:51.952+0000] {logging_mixin.py:137} INFO - [2025-05-13T21:40:51.952+0000] {dag.py:2676} INFO - Sync 1 DAGs
[2025-05-13T21:40:51.980+0000] {logging_mixin.py:137} INFO - [2025-05-13T21:40:51.980+0000] {dag.py:3423} INFO - Setting next_dagrun for tutorial_dag to None, run_after=None
[2025-05-13T21:40:52.003+0000] {processor.py:175} INFO - Processing /home/airflow/.local/lib/python3.9/site-packages/airflow/example_dags/tutorial_dag.py took 0.136 seconds
[2025-05-13T21:41:22.348+0000] {processor.py:153} INFO - Started process (PID=1654) to work on /home/airflow/.local/lib/python3.9/site-packages/airflow/example_dags/tutorial_dag.py
[2025-05-13T21:41:22.350+0000] {processor.py:743} INFO - Processing file /home/airflow/.local/lib/python3.9/site-packages/airflow/example_dags/tutorial_dag.py for tasks to queue
[2025-05-13T21:41:22.352+0000] {logging_mixin.py:137} INFO - [2025-05-13T21:41:22.352+0000] {dagbag.py:538} INFO - Filling up the DagBag from /home/airflow/.local/lib/python3.9/site-packages/airflow/example_dags/tutorial_dag.py
[2025-05-13T21:41:22.375+0000] {processor.py:753} INFO - DAG(s) dict_keys(['tutorial_dag']) retrieved from /home/airflow/.local/lib/python3.9/site-packages/airflow/example_dags/tutorial_dag.py
[2025-05-13T21:41:22.429+0000] {logging_mixin.py:137} INFO - [2025-05-13T21:41:22.429+0000] {dag.py:2676} INFO - Sync 1 DAGs
[2025-05-13T21:41:22.462+0000] {logging_mixin.py:137} INFO - [2025-05-13T21:41:22.462+0000] {dag.py:3423} INFO - Setting next_dagrun for tutorial_dag to None, run_after=None
[2025-05-13T21:41:22.499+0000] {processor.py:175} INFO - Processing /home/airflow/.local/lib/python3.9/site-packages/airflow/example_dags/tutorial_dag.py took 0.159 seconds
[2025-05-13T21:41:52.581+0000] {processor.py:153} INFO - Started process (PID=1857) to work on /home/airflow/.local/lib/python3.9/site-packages/airflow/example_dags/tutorial_dag.py
[2025-05-13T21:41:52.584+0000] {processor.py:743} INFO - Processing file /home/airflow/.local/lib/python3.9/site-packages/airflow/example_dags/tutorial_dag.py for tasks to queue
[2025-05-13T21:41:52.585+0000] {logging_mixin.py:137} INFO - [2025-05-13T21:41:52.585+0000] {dagbag.py:538} INFO - Filling up the DagBag from /home/airflow/.local/lib/python3.9/site-packages/airflow/example_dags/tutorial_dag.py
[2025-05-13T21:41:52.610+0000] {processor.py:753} INFO - DAG(s) dict_keys(['tutorial_dag']) retrieved from /home/airflow/.local/lib/python3.9/site-packages/airflow/example_dags/tutorial_dag.py
[2025-05-13T21:41:52.725+0000] {logging_mixin.py:137} INFO - [2025-05-13T21:41:52.725+0000] {dag.py:2676} INFO - Sync 1 DAGs
[2025-05-13T21:41:52.777+0000] {logging_mixin.py:137} INFO - [2025-05-13T21:41:52.776+0000] {dag.py:3423} INFO - Setting next_dagrun for tutorial_dag to None, run_after=None
[2025-05-13T21:41:52.844+0000] {processor.py:175} INFO - Processing /home/airflow/.local/lib/python3.9/site-packages/airflow/example_dags/tutorial_dag.py took 0.272 seconds
