[2025-05-13T02:45:41.711+0000] {processor.py:153} INFO - Started process (PID=252) to work on /home/airflow/.local/lib/python3.9/site-packages/airflow/example_dags/tutorial_taskflow_api.py
[2025-05-13T02:45:41.712+0000] {processor.py:743} INFO - Processing file /home/airflow/.local/lib/python3.9/site-packages/airflow/example_dags/tutorial_taskflow_api.py for tasks to queue
[2025-05-13T02:45:41.713+0000] {logging_mixin.py:137} INFO - [2025-05-13T02:45:41.713+0000] {dagbag.py:538} INFO - Filling up the DagBag from /home/airflow/.local/lib/python3.9/site-packages/airflow/example_dags/tutorial_taskflow_api.py
[2025-05-13T02:45:41.776+0000] {processor.py:753} INFO - DAG(s) dict_keys(['tutorial_taskflow_api']) retrieved from /home/airflow/.local/lib/python3.9/site-packages/airflow/example_dags/tutorial_taskflow_api.py
[2025-05-13T02:45:42.011+0000] {logging_mixin.py:137} INFO - [2025-05-13T02:45:42.011+0000] {manager.py:504} INFO - Created Permission View: can delete on DAG:tutorial_taskflow_api
[2025-05-13T02:45:42.023+0000] {logging_mixin.py:137} INFO - [2025-05-13T02:45:42.022+0000] {manager.py:504} INFO - Created Permission View: can edit on DAG:tutorial_taskflow_api
[2025-05-13T02:45:42.030+0000] {logging_mixin.py:137} INFO - [2025-05-13T02:45:42.030+0000] {manager.py:504} INFO - Created Permission View: can read on DAG:tutorial_taskflow_api
[2025-05-13T02:45:42.031+0000] {logging_mixin.py:137} INFO - [2025-05-13T02:45:42.031+0000] {dag.py:2676} INFO - Sync 1 DAGs
[2025-05-13T02:45:42.056+0000] {logging_mixin.py:137} INFO - [2025-05-13T02:45:42.056+0000] {dag.py:2697} INFO - Creating ORM DAG for tutorial_taskflow_api
[2025-05-13T02:45:42.070+0000] {logging_mixin.py:137} INFO - [2025-05-13T02:45:42.070+0000] {dag.py:3423} INFO - Setting next_dagrun for tutorial_taskflow_api to None, run_after=None
[2025-05-13T02:45:42.092+0000] {processor.py:175} INFO - Processing /home/airflow/.local/lib/python3.9/site-packages/airflow/example_dags/tutorial_taskflow_api.py took 0.386 seconds
[2025-05-13T02:46:12.712+0000] {processor.py:153} INFO - Started process (PID=451) to work on /home/airflow/.local/lib/python3.9/site-packages/airflow/example_dags/tutorial_taskflow_api.py
[2025-05-13T02:46:12.713+0000] {processor.py:743} INFO - Processing file /home/airflow/.local/lib/python3.9/site-packages/airflow/example_dags/tutorial_taskflow_api.py for tasks to queue
[2025-05-13T02:46:12.714+0000] {logging_mixin.py:137} INFO - [2025-05-13T02:46:12.714+0000] {dagbag.py:538} INFO - Filling up the DagBag from /home/airflow/.local/lib/python3.9/site-packages/airflow/example_dags/tutorial_taskflow_api.py
[2025-05-13T02:46:12.748+0000] {processor.py:753} INFO - DAG(s) dict_keys(['tutorial_taskflow_api']) retrieved from /home/airflow/.local/lib/python3.9/site-packages/airflow/example_dags/tutorial_taskflow_api.py
[2025-05-13T02:46:12.799+0000] {logging_mixin.py:137} INFO - [2025-05-13T02:46:12.799+0000] {dag.py:2676} INFO - Sync 1 DAGs
[2025-05-13T02:46:12.829+0000] {logging_mixin.py:137} INFO - [2025-05-13T02:46:12.829+0000] {dag.py:3423} INFO - Setting next_dagrun for tutorial_taskflow_api to None, run_after=None
[2025-05-13T02:46:12.854+0000] {processor.py:175} INFO - Processing /home/airflow/.local/lib/python3.9/site-packages/airflow/example_dags/tutorial_taskflow_api.py took 0.147 seconds
[2025-05-13T02:46:43.093+0000] {processor.py:153} INFO - Started process (PID=654) to work on /home/airflow/.local/lib/python3.9/site-packages/airflow/example_dags/tutorial_taskflow_api.py
[2025-05-13T02:46:43.094+0000] {processor.py:743} INFO - Processing file /home/airflow/.local/lib/python3.9/site-packages/airflow/example_dags/tutorial_taskflow_api.py for tasks to queue
[2025-05-13T02:46:43.095+0000] {logging_mixin.py:137} INFO - [2025-05-13T02:46:43.095+0000] {dagbag.py:538} INFO - Filling up the DagBag from /home/airflow/.local/lib/python3.9/site-packages/airflow/example_dags/tutorial_taskflow_api.py
[2025-05-13T02:46:43.128+0000] {processor.py:753} INFO - DAG(s) dict_keys(['tutorial_taskflow_api']) retrieved from /home/airflow/.local/lib/python3.9/site-packages/airflow/example_dags/tutorial_taskflow_api.py
[2025-05-13T02:46:43.181+0000] {logging_mixin.py:137} INFO - [2025-05-13T02:46:43.180+0000] {dag.py:2676} INFO - Sync 1 DAGs
[2025-05-13T02:46:43.212+0000] {logging_mixin.py:137} INFO - [2025-05-13T02:46:43.212+0000] {dag.py:3423} INFO - Setting next_dagrun for tutorial_taskflow_api to None, run_after=None
[2025-05-13T02:46:43.235+0000] {processor.py:175} INFO - Processing /home/airflow/.local/lib/python3.9/site-packages/airflow/example_dags/tutorial_taskflow_api.py took 0.147 seconds
[2025-05-13T02:47:13.801+0000] {processor.py:153} INFO - Started process (PID=857) to work on /home/airflow/.local/lib/python3.9/site-packages/airflow/example_dags/tutorial_taskflow_api.py
[2025-05-13T02:47:13.803+0000] {processor.py:743} INFO - Processing file /home/airflow/.local/lib/python3.9/site-packages/airflow/example_dags/tutorial_taskflow_api.py for tasks to queue
[2025-05-13T02:47:13.804+0000] {logging_mixin.py:137} INFO - [2025-05-13T02:47:13.804+0000] {dagbag.py:538} INFO - Filling up the DagBag from /home/airflow/.local/lib/python3.9/site-packages/airflow/example_dags/tutorial_taskflow_api.py
[2025-05-13T02:47:13.836+0000] {processor.py:753} INFO - DAG(s) dict_keys(['tutorial_taskflow_api']) retrieved from /home/airflow/.local/lib/python3.9/site-packages/airflow/example_dags/tutorial_taskflow_api.py
[2025-05-13T02:47:13.892+0000] {logging_mixin.py:137} INFO - [2025-05-13T02:47:13.892+0000] {dag.py:2676} INFO - Sync 1 DAGs
[2025-05-13T02:47:13.923+0000] {logging_mixin.py:137} INFO - [2025-05-13T02:47:13.923+0000] {dag.py:3423} INFO - Setting next_dagrun for tutorial_taskflow_api to None, run_after=None
[2025-05-13T02:47:13.961+0000] {processor.py:175} INFO - Processing /home/airflow/.local/lib/python3.9/site-packages/airflow/example_dags/tutorial_taskflow_api.py took 0.164 seconds
[2025-05-13T02:47:44.229+0000] {processor.py:153} INFO - Started process (PID=1060) to work on /home/airflow/.local/lib/python3.9/site-packages/airflow/example_dags/tutorial_taskflow_api.py
[2025-05-13T02:47:44.231+0000] {processor.py:743} INFO - Processing file /home/airflow/.local/lib/python3.9/site-packages/airflow/example_dags/tutorial_taskflow_api.py for tasks to queue
[2025-05-13T02:47:44.232+0000] {logging_mixin.py:137} INFO - [2025-05-13T02:47:44.232+0000] {dagbag.py:538} INFO - Filling up the DagBag from /home/airflow/.local/lib/python3.9/site-packages/airflow/example_dags/tutorial_taskflow_api.py
[2025-05-13T02:47:44.257+0000] {processor.py:753} INFO - DAG(s) dict_keys(['tutorial_taskflow_api']) retrieved from /home/airflow/.local/lib/python3.9/site-packages/airflow/example_dags/tutorial_taskflow_api.py
[2025-05-13T02:47:44.302+0000] {logging_mixin.py:137} INFO - [2025-05-13T02:47:44.302+0000] {dag.py:2676} INFO - Sync 1 DAGs
[2025-05-13T02:47:44.329+0000] {logging_mixin.py:137} INFO - [2025-05-13T02:47:44.329+0000] {dag.py:3423} INFO - Setting next_dagrun for tutorial_taskflow_api to None, run_after=None
[2025-05-13T02:47:44.350+0000] {processor.py:175} INFO - Processing /home/airflow/.local/lib/python3.9/site-packages/airflow/example_dags/tutorial_taskflow_api.py took 0.125 seconds
[2025-05-13T02:48:14.775+0000] {processor.py:153} INFO - Started process (PID=1263) to work on /home/airflow/.local/lib/python3.9/site-packages/airflow/example_dags/tutorial_taskflow_api.py
[2025-05-13T02:48:14.802+0000] {processor.py:743} INFO - Processing file /home/airflow/.local/lib/python3.9/site-packages/airflow/example_dags/tutorial_taskflow_api.py for tasks to queue
[2025-05-13T02:48:14.806+0000] {logging_mixin.py:137} INFO - [2025-05-13T02:48:14.806+0000] {dagbag.py:538} INFO - Filling up the DagBag from /home/airflow/.local/lib/python3.9/site-packages/airflow/example_dags/tutorial_taskflow_api.py
[2025-05-13T02:48:14.862+0000] {processor.py:753} INFO - DAG(s) dict_keys(['tutorial_taskflow_api']) retrieved from /home/airflow/.local/lib/python3.9/site-packages/airflow/example_dags/tutorial_taskflow_api.py
[2025-05-13T02:48:14.921+0000] {logging_mixin.py:137} INFO - [2025-05-13T02:48:14.921+0000] {dag.py:2676} INFO - Sync 1 DAGs
[2025-05-13T02:48:14.956+0000] {logging_mixin.py:137} INFO - [2025-05-13T02:48:14.956+0000] {dag.py:3423} INFO - Setting next_dagrun for tutorial_taskflow_api to None, run_after=None
[2025-05-13T02:48:14.987+0000] {processor.py:175} INFO - Processing /home/airflow/.local/lib/python3.9/site-packages/airflow/example_dags/tutorial_taskflow_api.py took 0.216 seconds
[2025-05-13T02:49:30.371+0000] {processor.py:153} INFO - Started process (PID=267) to work on /home/airflow/.local/lib/python3.9/site-packages/airflow/example_dags/tutorial_taskflow_api.py
[2025-05-13T02:49:30.373+0000] {processor.py:743} INFO - Processing file /home/airflow/.local/lib/python3.9/site-packages/airflow/example_dags/tutorial_taskflow_api.py for tasks to queue
[2025-05-13T02:49:30.374+0000] {logging_mixin.py:137} INFO - [2025-05-13T02:49:30.374+0000] {dagbag.py:538} INFO - Filling up the DagBag from /home/airflow/.local/lib/python3.9/site-packages/airflow/example_dags/tutorial_taskflow_api.py
[2025-05-13T02:49:30.441+0000] {processor.py:753} INFO - DAG(s) dict_keys(['tutorial_taskflow_api']) retrieved from /home/airflow/.local/lib/python3.9/site-packages/airflow/example_dags/tutorial_taskflow_api.py
[2025-05-13T02:49:30.560+0000] {logging_mixin.py:137} INFO - [2025-05-13T02:49:30.559+0000] {dag.py:2676} INFO - Sync 1 DAGs
[2025-05-13T02:49:30.612+0000] {logging_mixin.py:137} INFO - [2025-05-13T02:49:30.612+0000] {dag.py:3423} INFO - Setting next_dagrun for tutorial_taskflow_api to None, run_after=None
[2025-05-13T02:49:30.644+0000] {processor.py:175} INFO - Processing /home/airflow/.local/lib/python3.9/site-packages/airflow/example_dags/tutorial_taskflow_api.py took 0.283 seconds
[2025-05-13T02:50:01.012+0000] {processor.py:153} INFO - Started process (PID=464) to work on /home/airflow/.local/lib/python3.9/site-packages/airflow/example_dags/tutorial_taskflow_api.py
[2025-05-13T02:50:01.014+0000] {processor.py:743} INFO - Processing file /home/airflow/.local/lib/python3.9/site-packages/airflow/example_dags/tutorial_taskflow_api.py for tasks to queue
[2025-05-13T02:50:01.017+0000] {logging_mixin.py:137} INFO - [2025-05-13T02:50:01.016+0000] {dagbag.py:538} INFO - Filling up the DagBag from /home/airflow/.local/lib/python3.9/site-packages/airflow/example_dags/tutorial_taskflow_api.py
[2025-05-13T02:50:01.077+0000] {processor.py:753} INFO - DAG(s) dict_keys(['tutorial_taskflow_api']) retrieved from /home/airflow/.local/lib/python3.9/site-packages/airflow/example_dags/tutorial_taskflow_api.py
[2025-05-13T02:50:01.183+0000] {logging_mixin.py:137} INFO - [2025-05-13T02:50:01.183+0000] {dag.py:2676} INFO - Sync 1 DAGs
[2025-05-13T02:50:01.216+0000] {logging_mixin.py:137} INFO - [2025-05-13T02:50:01.215+0000] {dag.py:3423} INFO - Setting next_dagrun for tutorial_taskflow_api to None, run_after=None
[2025-05-13T02:50:01.239+0000] {processor.py:175} INFO - Processing /home/airflow/.local/lib/python3.9/site-packages/airflow/example_dags/tutorial_taskflow_api.py took 0.233 seconds
[2025-05-13T02:50:31.399+0000] {processor.py:153} INFO - Started process (PID=667) to work on /home/airflow/.local/lib/python3.9/site-packages/airflow/example_dags/tutorial_taskflow_api.py
[2025-05-13T02:50:31.401+0000] {processor.py:743} INFO - Processing file /home/airflow/.local/lib/python3.9/site-packages/airflow/example_dags/tutorial_taskflow_api.py for tasks to queue
[2025-05-13T02:50:31.402+0000] {logging_mixin.py:137} INFO - [2025-05-13T02:50:31.402+0000] {dagbag.py:538} INFO - Filling up the DagBag from /home/airflow/.local/lib/python3.9/site-packages/airflow/example_dags/tutorial_taskflow_api.py
[2025-05-13T02:50:31.433+0000] {processor.py:753} INFO - DAG(s) dict_keys(['tutorial_taskflow_api']) retrieved from /home/airflow/.local/lib/python3.9/site-packages/airflow/example_dags/tutorial_taskflow_api.py
[2025-05-13T02:50:31.487+0000] {logging_mixin.py:137} INFO - [2025-05-13T02:50:31.487+0000] {dag.py:2676} INFO - Sync 1 DAGs
[2025-05-13T02:50:31.518+0000] {logging_mixin.py:137} INFO - [2025-05-13T02:50:31.518+0000] {dag.py:3423} INFO - Setting next_dagrun for tutorial_taskflow_api to None, run_after=None
[2025-05-13T02:50:31.544+0000] {processor.py:175} INFO - Processing /home/airflow/.local/lib/python3.9/site-packages/airflow/example_dags/tutorial_taskflow_api.py took 0.150 seconds
[2025-05-13T21:18:26.180+0000] {processor.py:153} INFO - Started process (PID=252) to work on /home/airflow/.local/lib/python3.9/site-packages/airflow/example_dags/tutorial_taskflow_api.py
[2025-05-13T21:18:26.182+0000] {processor.py:743} INFO - Processing file /home/airflow/.local/lib/python3.9/site-packages/airflow/example_dags/tutorial_taskflow_api.py for tasks to queue
[2025-05-13T21:18:26.183+0000] {logging_mixin.py:137} INFO - [2025-05-13T21:18:26.183+0000] {dagbag.py:538} INFO - Filling up the DagBag from /home/airflow/.local/lib/python3.9/site-packages/airflow/example_dags/tutorial_taskflow_api.py
[2025-05-13T21:18:26.225+0000] {processor.py:753} INFO - DAG(s) dict_keys(['tutorial_taskflow_api']) retrieved from /home/airflow/.local/lib/python3.9/site-packages/airflow/example_dags/tutorial_taskflow_api.py
[2025-05-13T21:18:26.439+0000] {logging_mixin.py:137} INFO - [2025-05-13T21:18:26.438+0000] {manager.py:504} INFO - Created Permission View: can edit on DAG:tutorial_taskflow_api
[2025-05-13T21:18:26.452+0000] {logging_mixin.py:137} INFO - [2025-05-13T21:18:26.452+0000] {manager.py:504} INFO - Created Permission View: can delete on DAG:tutorial_taskflow_api
[2025-05-13T21:18:26.462+0000] {logging_mixin.py:137} INFO - [2025-05-13T21:18:26.462+0000] {manager.py:504} INFO - Created Permission View: can read on DAG:tutorial_taskflow_api
[2025-05-13T21:18:26.462+0000] {logging_mixin.py:137} INFO - [2025-05-13T21:18:26.462+0000] {dag.py:2676} INFO - Sync 1 DAGs
[2025-05-13T21:18:26.482+0000] {logging_mixin.py:137} INFO - [2025-05-13T21:18:26.482+0000] {dag.py:2697} INFO - Creating ORM DAG for tutorial_taskflow_api
[2025-05-13T21:18:26.497+0000] {logging_mixin.py:137} INFO - [2025-05-13T21:18:26.497+0000] {dag.py:3423} INFO - Setting next_dagrun for tutorial_taskflow_api to None, run_after=None
[2025-05-13T21:18:26.526+0000] {processor.py:175} INFO - Processing /home/airflow/.local/lib/python3.9/site-packages/airflow/example_dags/tutorial_taskflow_api.py took 0.351 seconds
[2025-05-13T21:18:57.293+0000] {processor.py:153} INFO - Started process (PID=451) to work on /home/airflow/.local/lib/python3.9/site-packages/airflow/example_dags/tutorial_taskflow_api.py
[2025-05-13T21:18:57.294+0000] {processor.py:743} INFO - Processing file /home/airflow/.local/lib/python3.9/site-packages/airflow/example_dags/tutorial_taskflow_api.py for tasks to queue
[2025-05-13T21:18:57.295+0000] {logging_mixin.py:137} INFO - [2025-05-13T21:18:57.295+0000] {dagbag.py:538} INFO - Filling up the DagBag from /home/airflow/.local/lib/python3.9/site-packages/airflow/example_dags/tutorial_taskflow_api.py
[2025-05-13T21:18:57.331+0000] {processor.py:753} INFO - DAG(s) dict_keys(['tutorial_taskflow_api']) retrieved from /home/airflow/.local/lib/python3.9/site-packages/airflow/example_dags/tutorial_taskflow_api.py
[2025-05-13T21:18:57.382+0000] {logging_mixin.py:137} INFO - [2025-05-13T21:18:57.382+0000] {dag.py:2676} INFO - Sync 1 DAGs
[2025-05-13T21:18:57.411+0000] {logging_mixin.py:137} INFO - [2025-05-13T21:18:57.411+0000] {dag.py:3423} INFO - Setting next_dagrun for tutorial_taskflow_api to None, run_after=None
[2025-05-13T21:18:57.435+0000] {processor.py:175} INFO - Processing /home/airflow/.local/lib/python3.9/site-packages/airflow/example_dags/tutorial_taskflow_api.py took 0.147 seconds
[2025-05-13T21:19:27.708+0000] {processor.py:153} INFO - Started process (PID=654) to work on /home/airflow/.local/lib/python3.9/site-packages/airflow/example_dags/tutorial_taskflow_api.py
[2025-05-13T21:19:27.711+0000] {processor.py:743} INFO - Processing file /home/airflow/.local/lib/python3.9/site-packages/airflow/example_dags/tutorial_taskflow_api.py for tasks to queue
[2025-05-13T21:19:27.712+0000] {logging_mixin.py:137} INFO - [2025-05-13T21:19:27.712+0000] {dagbag.py:538} INFO - Filling up the DagBag from /home/airflow/.local/lib/python3.9/site-packages/airflow/example_dags/tutorial_taskflow_api.py
[2025-05-13T21:19:27.751+0000] {processor.py:753} INFO - DAG(s) dict_keys(['tutorial_taskflow_api']) retrieved from /home/airflow/.local/lib/python3.9/site-packages/airflow/example_dags/tutorial_taskflow_api.py
[2025-05-13T21:19:27.818+0000] {logging_mixin.py:137} INFO - [2025-05-13T21:19:27.818+0000] {dag.py:2676} INFO - Sync 1 DAGs
[2025-05-13T21:19:27.856+0000] {logging_mixin.py:137} INFO - [2025-05-13T21:19:27.856+0000] {dag.py:3423} INFO - Setting next_dagrun for tutorial_taskflow_api to None, run_after=None
[2025-05-13T21:19:27.905+0000] {processor.py:175} INFO - Processing /home/airflow/.local/lib/python3.9/site-packages/airflow/example_dags/tutorial_taskflow_api.py took 0.201 seconds
[2025-05-13T21:19:58.591+0000] {processor.py:153} INFO - Started process (PID=857) to work on /home/airflow/.local/lib/python3.9/site-packages/airflow/example_dags/tutorial_taskflow_api.py
[2025-05-13T21:19:58.592+0000] {processor.py:743} INFO - Processing file /home/airflow/.local/lib/python3.9/site-packages/airflow/example_dags/tutorial_taskflow_api.py for tasks to queue
[2025-05-13T21:19:58.593+0000] {logging_mixin.py:137} INFO - [2025-05-13T21:19:58.593+0000] {dagbag.py:538} INFO - Filling up the DagBag from /home/airflow/.local/lib/python3.9/site-packages/airflow/example_dags/tutorial_taskflow_api.py
[2025-05-13T21:19:58.626+0000] {processor.py:753} INFO - DAG(s) dict_keys(['tutorial_taskflow_api']) retrieved from /home/airflow/.local/lib/python3.9/site-packages/airflow/example_dags/tutorial_taskflow_api.py
[2025-05-13T21:19:58.682+0000] {logging_mixin.py:137} INFO - [2025-05-13T21:19:58.681+0000] {dag.py:2676} INFO - Sync 1 DAGs
[2025-05-13T21:19:58.713+0000] {logging_mixin.py:137} INFO - [2025-05-13T21:19:58.712+0000] {dag.py:3423} INFO - Setting next_dagrun for tutorial_taskflow_api to None, run_after=None
[2025-05-13T21:19:58.742+0000] {processor.py:175} INFO - Processing /home/airflow/.local/lib/python3.9/site-packages/airflow/example_dags/tutorial_taskflow_api.py took 0.156 seconds
[2025-05-13T21:20:29.091+0000] {processor.py:153} INFO - Started process (PID=1060) to work on /home/airflow/.local/lib/python3.9/site-packages/airflow/example_dags/tutorial_taskflow_api.py
[2025-05-13T21:20:29.093+0000] {processor.py:743} INFO - Processing file /home/airflow/.local/lib/python3.9/site-packages/airflow/example_dags/tutorial_taskflow_api.py for tasks to queue
[2025-05-13T21:20:29.095+0000] {logging_mixin.py:137} INFO - [2025-05-13T21:20:29.095+0000] {dagbag.py:538} INFO - Filling up the DagBag from /home/airflow/.local/lib/python3.9/site-packages/airflow/example_dags/tutorial_taskflow_api.py
[2025-05-13T21:20:29.131+0000] {processor.py:753} INFO - DAG(s) dict_keys(['tutorial_taskflow_api']) retrieved from /home/airflow/.local/lib/python3.9/site-packages/airflow/example_dags/tutorial_taskflow_api.py
[2025-05-13T21:20:29.187+0000] {logging_mixin.py:137} INFO - [2025-05-13T21:20:29.187+0000] {dag.py:2676} INFO - Sync 1 DAGs
[2025-05-13T21:20:29.220+0000] {logging_mixin.py:137} INFO - [2025-05-13T21:20:29.220+0000] {dag.py:3423} INFO - Setting next_dagrun for tutorial_taskflow_api to None, run_after=None
[2025-05-13T21:20:29.247+0000] {processor.py:175} INFO - Processing /home/airflow/.local/lib/python3.9/site-packages/airflow/example_dags/tutorial_taskflow_api.py took 0.161 seconds
[2025-05-13T21:20:59.340+0000] {processor.py:153} INFO - Started process (PID=1266) to work on /home/airflow/.local/lib/python3.9/site-packages/airflow/example_dags/tutorial_taskflow_api.py
[2025-05-13T21:20:59.343+0000] {processor.py:743} INFO - Processing file /home/airflow/.local/lib/python3.9/site-packages/airflow/example_dags/tutorial_taskflow_api.py for tasks to queue
[2025-05-13T21:20:59.344+0000] {logging_mixin.py:137} INFO - [2025-05-13T21:20:59.344+0000] {dagbag.py:538} INFO - Filling up the DagBag from /home/airflow/.local/lib/python3.9/site-packages/airflow/example_dags/tutorial_taskflow_api.py
[2025-05-13T21:20:59.377+0000] {processor.py:753} INFO - DAG(s) dict_keys(['tutorial_taskflow_api']) retrieved from /home/airflow/.local/lib/python3.9/site-packages/airflow/example_dags/tutorial_taskflow_api.py
[2025-05-13T21:20:59.431+0000] {logging_mixin.py:137} INFO - [2025-05-13T21:20:59.431+0000] {dag.py:2676} INFO - Sync 1 DAGs
[2025-05-13T21:20:59.460+0000] {logging_mixin.py:137} INFO - [2025-05-13T21:20:59.460+0000] {dag.py:3423} INFO - Setting next_dagrun for tutorial_taskflow_api to None, run_after=None
[2025-05-13T21:20:59.488+0000] {processor.py:175} INFO - Processing /home/airflow/.local/lib/python3.9/site-packages/airflow/example_dags/tutorial_taskflow_api.py took 0.152 seconds
[2025-05-13T21:21:29.895+0000] {processor.py:153} INFO - Started process (PID=1469) to work on /home/airflow/.local/lib/python3.9/site-packages/airflow/example_dags/tutorial_taskflow_api.py
[2025-05-13T21:21:29.897+0000] {processor.py:743} INFO - Processing file /home/airflow/.local/lib/python3.9/site-packages/airflow/example_dags/tutorial_taskflow_api.py for tasks to queue
[2025-05-13T21:21:29.898+0000] {logging_mixin.py:137} INFO - [2025-05-13T21:21:29.897+0000] {dagbag.py:538} INFO - Filling up the DagBag from /home/airflow/.local/lib/python3.9/site-packages/airflow/example_dags/tutorial_taskflow_api.py
[2025-05-13T21:21:29.929+0000] {processor.py:753} INFO - DAG(s) dict_keys(['tutorial_taskflow_api']) retrieved from /home/airflow/.local/lib/python3.9/site-packages/airflow/example_dags/tutorial_taskflow_api.py
[2025-05-13T21:21:29.982+0000] {logging_mixin.py:137} INFO - [2025-05-13T21:21:29.982+0000] {dag.py:2676} INFO - Sync 1 DAGs
[2025-05-13T21:21:30.013+0000] {logging_mixin.py:137} INFO - [2025-05-13T21:21:30.013+0000] {dag.py:3423} INFO - Setting next_dagrun for tutorial_taskflow_api to None, run_after=None
[2025-05-13T21:21:30.039+0000] {processor.py:175} INFO - Processing /home/airflow/.local/lib/python3.9/site-packages/airflow/example_dags/tutorial_taskflow_api.py took 0.148 seconds
[2025-05-13T21:22:00.624+0000] {processor.py:153} INFO - Started process (PID=1672) to work on /home/airflow/.local/lib/python3.9/site-packages/airflow/example_dags/tutorial_taskflow_api.py
[2025-05-13T21:22:00.626+0000] {processor.py:743} INFO - Processing file /home/airflow/.local/lib/python3.9/site-packages/airflow/example_dags/tutorial_taskflow_api.py for tasks to queue
[2025-05-13T21:22:00.627+0000] {logging_mixin.py:137} INFO - [2025-05-13T21:22:00.627+0000] {dagbag.py:538} INFO - Filling up the DagBag from /home/airflow/.local/lib/python3.9/site-packages/airflow/example_dags/tutorial_taskflow_api.py
[2025-05-13T21:22:00.666+0000] {processor.py:753} INFO - DAG(s) dict_keys(['tutorial_taskflow_api']) retrieved from /home/airflow/.local/lib/python3.9/site-packages/airflow/example_dags/tutorial_taskflow_api.py
[2025-05-13T21:22:00.721+0000] {logging_mixin.py:137} INFO - [2025-05-13T21:22:00.721+0000] {dag.py:2676} INFO - Sync 1 DAGs
[2025-05-13T21:22:00.758+0000] {logging_mixin.py:137} INFO - [2025-05-13T21:22:00.757+0000] {dag.py:3423} INFO - Setting next_dagrun for tutorial_taskflow_api to None, run_after=None
[2025-05-13T21:22:00.789+0000] {processor.py:175} INFO - Processing /home/airflow/.local/lib/python3.9/site-packages/airflow/example_dags/tutorial_taskflow_api.py took 0.172 seconds
[2025-05-13T21:22:31.146+0000] {processor.py:153} INFO - Started process (PID=1875) to work on /home/airflow/.local/lib/python3.9/site-packages/airflow/example_dags/tutorial_taskflow_api.py
[2025-05-13T21:22:31.147+0000] {processor.py:743} INFO - Processing file /home/airflow/.local/lib/python3.9/site-packages/airflow/example_dags/tutorial_taskflow_api.py for tasks to queue
[2025-05-13T21:22:31.148+0000] {logging_mixin.py:137} INFO - [2025-05-13T21:22:31.148+0000] {dagbag.py:538} INFO - Filling up the DagBag from /home/airflow/.local/lib/python3.9/site-packages/airflow/example_dags/tutorial_taskflow_api.py
[2025-05-13T21:22:31.180+0000] {processor.py:753} INFO - DAG(s) dict_keys(['tutorial_taskflow_api']) retrieved from /home/airflow/.local/lib/python3.9/site-packages/airflow/example_dags/tutorial_taskflow_api.py
[2025-05-13T21:22:31.233+0000] {logging_mixin.py:137} INFO - [2025-05-13T21:22:31.233+0000] {dag.py:2676} INFO - Sync 1 DAGs
[2025-05-13T21:22:31.263+0000] {logging_mixin.py:137} INFO - [2025-05-13T21:22:31.263+0000] {dag.py:3423} INFO - Setting next_dagrun for tutorial_taskflow_api to None, run_after=None
[2025-05-13T21:22:31.289+0000] {processor.py:175} INFO - Processing /home/airflow/.local/lib/python3.9/site-packages/airflow/example_dags/tutorial_taskflow_api.py took 0.148 seconds
[2025-05-13T21:23:01.627+0000] {processor.py:153} INFO - Started process (PID=2078) to work on /home/airflow/.local/lib/python3.9/site-packages/airflow/example_dags/tutorial_taskflow_api.py
[2025-05-13T21:23:01.628+0000] {processor.py:743} INFO - Processing file /home/airflow/.local/lib/python3.9/site-packages/airflow/example_dags/tutorial_taskflow_api.py for tasks to queue
[2025-05-13T21:23:01.629+0000] {logging_mixin.py:137} INFO - [2025-05-13T21:23:01.629+0000] {dagbag.py:538} INFO - Filling up the DagBag from /home/airflow/.local/lib/python3.9/site-packages/airflow/example_dags/tutorial_taskflow_api.py
[2025-05-13T21:23:01.663+0000] {processor.py:753} INFO - DAG(s) dict_keys(['tutorial_taskflow_api']) retrieved from /home/airflow/.local/lib/python3.9/site-packages/airflow/example_dags/tutorial_taskflow_api.py
[2025-05-13T21:23:01.737+0000] {logging_mixin.py:137} INFO - [2025-05-13T21:23:01.736+0000] {dag.py:2676} INFO - Sync 1 DAGs
[2025-05-13T21:23:01.775+0000] {logging_mixin.py:137} INFO - [2025-05-13T21:23:01.775+0000] {dag.py:3423} INFO - Setting next_dagrun for tutorial_taskflow_api to None, run_after=None
[2025-05-13T21:23:01.809+0000] {processor.py:175} INFO - Processing /home/airflow/.local/lib/python3.9/site-packages/airflow/example_dags/tutorial_taskflow_api.py took 0.188 seconds
[2025-05-13T21:23:32.338+0000] {processor.py:153} INFO - Started process (PID=2281) to work on /home/airflow/.local/lib/python3.9/site-packages/airflow/example_dags/tutorial_taskflow_api.py
[2025-05-13T21:23:32.339+0000] {processor.py:743} INFO - Processing file /home/airflow/.local/lib/python3.9/site-packages/airflow/example_dags/tutorial_taskflow_api.py for tasks to queue
[2025-05-13T21:23:32.340+0000] {logging_mixin.py:137} INFO - [2025-05-13T21:23:32.340+0000] {dagbag.py:538} INFO - Filling up the DagBag from /home/airflow/.local/lib/python3.9/site-packages/airflow/example_dags/tutorial_taskflow_api.py
[2025-05-13T21:23:32.370+0000] {processor.py:753} INFO - DAG(s) dict_keys(['tutorial_taskflow_api']) retrieved from /home/airflow/.local/lib/python3.9/site-packages/airflow/example_dags/tutorial_taskflow_api.py
[2025-05-13T21:23:32.416+0000] {logging_mixin.py:137} INFO - [2025-05-13T21:23:32.416+0000] {dag.py:2676} INFO - Sync 1 DAGs
[2025-05-13T21:23:32.444+0000] {logging_mixin.py:137} INFO - [2025-05-13T21:23:32.444+0000] {dag.py:3423} INFO - Setting next_dagrun for tutorial_taskflow_api to None, run_after=None
[2025-05-13T21:23:32.465+0000] {processor.py:175} INFO - Processing /home/airflow/.local/lib/python3.9/site-packages/airflow/example_dags/tutorial_taskflow_api.py took 0.131 seconds
[2025-05-13T21:24:02.756+0000] {processor.py:153} INFO - Started process (PID=2482) to work on /home/airflow/.local/lib/python3.9/site-packages/airflow/example_dags/tutorial_taskflow_api.py
[2025-05-13T21:24:02.757+0000] {processor.py:743} INFO - Processing file /home/airflow/.local/lib/python3.9/site-packages/airflow/example_dags/tutorial_taskflow_api.py for tasks to queue
[2025-05-13T21:24:02.758+0000] {logging_mixin.py:137} INFO - [2025-05-13T21:24:02.758+0000] {dagbag.py:538} INFO - Filling up the DagBag from /home/airflow/.local/lib/python3.9/site-packages/airflow/example_dags/tutorial_taskflow_api.py
[2025-05-13T21:24:02.790+0000] {processor.py:753} INFO - DAG(s) dict_keys(['tutorial_taskflow_api']) retrieved from /home/airflow/.local/lib/python3.9/site-packages/airflow/example_dags/tutorial_taskflow_api.py
[2025-05-13T21:24:02.859+0000] {logging_mixin.py:137} INFO - [2025-05-13T21:24:02.859+0000] {dag.py:2676} INFO - Sync 1 DAGs
[2025-05-13T21:24:02.890+0000] {logging_mixin.py:137} INFO - [2025-05-13T21:24:02.890+0000] {dag.py:3423} INFO - Setting next_dagrun for tutorial_taskflow_api to None, run_after=None
[2025-05-13T21:24:02.914+0000] {processor.py:175} INFO - Processing /home/airflow/.local/lib/python3.9/site-packages/airflow/example_dags/tutorial_taskflow_api.py took 0.162 seconds
[2025-05-13T21:24:33.147+0000] {processor.py:153} INFO - Started process (PID=2681) to work on /home/airflow/.local/lib/python3.9/site-packages/airflow/example_dags/tutorial_taskflow_api.py
[2025-05-13T21:24:33.148+0000] {processor.py:743} INFO - Processing file /home/airflow/.local/lib/python3.9/site-packages/airflow/example_dags/tutorial_taskflow_api.py for tasks to queue
[2025-05-13T21:24:33.149+0000] {logging_mixin.py:137} INFO - [2025-05-13T21:24:33.149+0000] {dagbag.py:538} INFO - Filling up the DagBag from /home/airflow/.local/lib/python3.9/site-packages/airflow/example_dags/tutorial_taskflow_api.py
[2025-05-13T21:24:33.179+0000] {processor.py:753} INFO - DAG(s) dict_keys(['tutorial_taskflow_api']) retrieved from /home/airflow/.local/lib/python3.9/site-packages/airflow/example_dags/tutorial_taskflow_api.py
[2025-05-13T21:24:33.230+0000] {logging_mixin.py:137} INFO - [2025-05-13T21:24:33.230+0000] {dag.py:2676} INFO - Sync 1 DAGs
[2025-05-13T21:24:33.258+0000] {logging_mixin.py:137} INFO - [2025-05-13T21:24:33.257+0000] {dag.py:3423} INFO - Setting next_dagrun for tutorial_taskflow_api to None, run_after=None
[2025-05-13T21:24:33.282+0000] {processor.py:175} INFO - Processing /home/airflow/.local/lib/python3.9/site-packages/airflow/example_dags/tutorial_taskflow_api.py took 0.140 seconds
[2025-05-13T21:25:03.702+0000] {processor.py:153} INFO - Started process (PID=2884) to work on /home/airflow/.local/lib/python3.9/site-packages/airflow/example_dags/tutorial_taskflow_api.py
[2025-05-13T21:25:03.703+0000] {processor.py:743} INFO - Processing file /home/airflow/.local/lib/python3.9/site-packages/airflow/example_dags/tutorial_taskflow_api.py for tasks to queue
[2025-05-13T21:25:03.704+0000] {logging_mixin.py:137} INFO - [2025-05-13T21:25:03.704+0000] {dagbag.py:538} INFO - Filling up the DagBag from /home/airflow/.local/lib/python3.9/site-packages/airflow/example_dags/tutorial_taskflow_api.py
[2025-05-13T21:25:03.733+0000] {processor.py:753} INFO - DAG(s) dict_keys(['tutorial_taskflow_api']) retrieved from /home/airflow/.local/lib/python3.9/site-packages/airflow/example_dags/tutorial_taskflow_api.py
[2025-05-13T21:25:03.777+0000] {logging_mixin.py:137} INFO - [2025-05-13T21:25:03.777+0000] {dag.py:2676} INFO - Sync 1 DAGs
[2025-05-13T21:25:03.800+0000] {logging_mixin.py:137} INFO - [2025-05-13T21:25:03.800+0000] {dag.py:3423} INFO - Setting next_dagrun for tutorial_taskflow_api to None, run_after=None
[2025-05-13T21:25:03.819+0000] {processor.py:175} INFO - Processing /home/airflow/.local/lib/python3.9/site-packages/airflow/example_dags/tutorial_taskflow_api.py took 0.121 seconds
[2025-05-13T21:25:34.528+0000] {processor.py:153} INFO - Started process (PID=3087) to work on /home/airflow/.local/lib/python3.9/site-packages/airflow/example_dags/tutorial_taskflow_api.py
[2025-05-13T21:25:34.530+0000] {processor.py:743} INFO - Processing file /home/airflow/.local/lib/python3.9/site-packages/airflow/example_dags/tutorial_taskflow_api.py for tasks to queue
[2025-05-13T21:25:34.531+0000] {logging_mixin.py:137} INFO - [2025-05-13T21:25:34.531+0000] {dagbag.py:538} INFO - Filling up the DagBag from /home/airflow/.local/lib/python3.9/site-packages/airflow/example_dags/tutorial_taskflow_api.py
[2025-05-13T21:25:34.565+0000] {processor.py:753} INFO - DAG(s) dict_keys(['tutorial_taskflow_api']) retrieved from /home/airflow/.local/lib/python3.9/site-packages/airflow/example_dags/tutorial_taskflow_api.py
[2025-05-13T21:25:34.619+0000] {logging_mixin.py:137} INFO - [2025-05-13T21:25:34.618+0000] {dag.py:2676} INFO - Sync 1 DAGs
[2025-05-13T21:25:34.663+0000] {logging_mixin.py:137} INFO - [2025-05-13T21:25:34.663+0000] {dag.py:3423} INFO - Setting next_dagrun for tutorial_taskflow_api to None, run_after=None
[2025-05-13T21:25:34.695+0000] {processor.py:175} INFO - Processing /home/airflow/.local/lib/python3.9/site-packages/airflow/example_dags/tutorial_taskflow_api.py took 0.172 seconds
[2025-05-13T21:26:04.969+0000] {processor.py:153} INFO - Started process (PID=3302) to work on /home/airflow/.local/lib/python3.9/site-packages/airflow/example_dags/tutorial_taskflow_api.py
[2025-05-13T21:26:04.970+0000] {processor.py:743} INFO - Processing file /home/airflow/.local/lib/python3.9/site-packages/airflow/example_dags/tutorial_taskflow_api.py for tasks to queue
[2025-05-13T21:26:04.971+0000] {logging_mixin.py:137} INFO - [2025-05-13T21:26:04.971+0000] {dagbag.py:538} INFO - Filling up the DagBag from /home/airflow/.local/lib/python3.9/site-packages/airflow/example_dags/tutorial_taskflow_api.py
[2025-05-13T21:26:05.006+0000] {processor.py:753} INFO - DAG(s) dict_keys(['tutorial_taskflow_api']) retrieved from /home/airflow/.local/lib/python3.9/site-packages/airflow/example_dags/tutorial_taskflow_api.py
[2025-05-13T21:26:05.066+0000] {logging_mixin.py:137} INFO - [2025-05-13T21:26:05.065+0000] {dag.py:2676} INFO - Sync 1 DAGs
[2025-05-13T21:26:05.097+0000] {logging_mixin.py:137} INFO - [2025-05-13T21:26:05.097+0000] {dag.py:3423} INFO - Setting next_dagrun for tutorial_taskflow_api to None, run_after=None
[2025-05-13T21:26:05.124+0000] {processor.py:175} INFO - Processing /home/airflow/.local/lib/python3.9/site-packages/airflow/example_dags/tutorial_taskflow_api.py took 0.161 seconds
[2025-05-13T21:26:35.668+0000] {processor.py:153} INFO - Started process (PID=3505) to work on /home/airflow/.local/lib/python3.9/site-packages/airflow/example_dags/tutorial_taskflow_api.py
[2025-05-13T21:26:35.670+0000] {processor.py:743} INFO - Processing file /home/airflow/.local/lib/python3.9/site-packages/airflow/example_dags/tutorial_taskflow_api.py for tasks to queue
[2025-05-13T21:26:35.674+0000] {logging_mixin.py:137} INFO - [2025-05-13T21:26:35.673+0000] {dagbag.py:538} INFO - Filling up the DagBag from /home/airflow/.local/lib/python3.9/site-packages/airflow/example_dags/tutorial_taskflow_api.py
[2025-05-13T21:26:35.773+0000] {processor.py:753} INFO - DAG(s) dict_keys(['tutorial_taskflow_api']) retrieved from /home/airflow/.local/lib/python3.9/site-packages/airflow/example_dags/tutorial_taskflow_api.py
[2025-05-13T21:26:35.843+0000] {logging_mixin.py:137} INFO - [2025-05-13T21:26:35.843+0000] {dag.py:2676} INFO - Sync 1 DAGs
[2025-05-13T21:26:35.875+0000] {logging_mixin.py:137} INFO - [2025-05-13T21:26:35.874+0000] {dag.py:3423} INFO - Setting next_dagrun for tutorial_taskflow_api to None, run_after=None
[2025-05-13T21:26:35.900+0000] {processor.py:175} INFO - Processing /home/airflow/.local/lib/python3.9/site-packages/airflow/example_dags/tutorial_taskflow_api.py took 0.244 seconds
[2025-05-13T21:27:06.253+0000] {processor.py:153} INFO - Started process (PID=3708) to work on /home/airflow/.local/lib/python3.9/site-packages/airflow/example_dags/tutorial_taskflow_api.py
[2025-05-13T21:27:06.254+0000] {processor.py:743} INFO - Processing file /home/airflow/.local/lib/python3.9/site-packages/airflow/example_dags/tutorial_taskflow_api.py for tasks to queue
[2025-05-13T21:27:06.255+0000] {logging_mixin.py:137} INFO - [2025-05-13T21:27:06.255+0000] {dagbag.py:538} INFO - Filling up the DagBag from /home/airflow/.local/lib/python3.9/site-packages/airflow/example_dags/tutorial_taskflow_api.py
[2025-05-13T21:27:06.285+0000] {processor.py:753} INFO - DAG(s) dict_keys(['tutorial_taskflow_api']) retrieved from /home/airflow/.local/lib/python3.9/site-packages/airflow/example_dags/tutorial_taskflow_api.py
[2025-05-13T21:27:06.355+0000] {logging_mixin.py:137} INFO - [2025-05-13T21:27:06.355+0000] {dag.py:2676} INFO - Sync 1 DAGs
[2025-05-13T21:27:06.383+0000] {logging_mixin.py:137} INFO - [2025-05-13T21:27:06.383+0000] {dag.py:3423} INFO - Setting next_dagrun for tutorial_taskflow_api to None, run_after=None
[2025-05-13T21:27:06.406+0000] {processor.py:175} INFO - Processing /home/airflow/.local/lib/python3.9/site-packages/airflow/example_dags/tutorial_taskflow_api.py took 0.158 seconds
[2025-05-13T21:27:36.985+0000] {processor.py:153} INFO - Started process (PID=3911) to work on /home/airflow/.local/lib/python3.9/site-packages/airflow/example_dags/tutorial_taskflow_api.py
[2025-05-13T21:27:36.987+0000] {processor.py:743} INFO - Processing file /home/airflow/.local/lib/python3.9/site-packages/airflow/example_dags/tutorial_taskflow_api.py for tasks to queue
[2025-05-13T21:27:36.988+0000] {logging_mixin.py:137} INFO - [2025-05-13T21:27:36.988+0000] {dagbag.py:538} INFO - Filling up the DagBag from /home/airflow/.local/lib/python3.9/site-packages/airflow/example_dags/tutorial_taskflow_api.py
[2025-05-13T21:27:37.019+0000] {processor.py:753} INFO - DAG(s) dict_keys(['tutorial_taskflow_api']) retrieved from /home/airflow/.local/lib/python3.9/site-packages/airflow/example_dags/tutorial_taskflow_api.py
[2025-05-13T21:27:37.071+0000] {logging_mixin.py:137} INFO - [2025-05-13T21:27:37.070+0000] {dag.py:2676} INFO - Sync 1 DAGs
[2025-05-13T21:27:37.103+0000] {logging_mixin.py:137} INFO - [2025-05-13T21:27:37.103+0000] {dag.py:3423} INFO - Setting next_dagrun for tutorial_taskflow_api to None, run_after=None
[2025-05-13T21:27:37.136+0000] {processor.py:175} INFO - Processing /home/airflow/.local/lib/python3.9/site-packages/airflow/example_dags/tutorial_taskflow_api.py took 0.156 seconds
[2025-05-13T21:28:07.829+0000] {processor.py:153} INFO - Started process (PID=4111) to work on /home/airflow/.local/lib/python3.9/site-packages/airflow/example_dags/tutorial_taskflow_api.py
[2025-05-13T21:28:07.830+0000] {processor.py:743} INFO - Processing file /home/airflow/.local/lib/python3.9/site-packages/airflow/example_dags/tutorial_taskflow_api.py for tasks to queue
[2025-05-13T21:28:07.831+0000] {logging_mixin.py:137} INFO - [2025-05-13T21:28:07.831+0000] {dagbag.py:538} INFO - Filling up the DagBag from /home/airflow/.local/lib/python3.9/site-packages/airflow/example_dags/tutorial_taskflow_api.py
[2025-05-13T21:28:07.861+0000] {processor.py:753} INFO - DAG(s) dict_keys(['tutorial_taskflow_api']) retrieved from /home/airflow/.local/lib/python3.9/site-packages/airflow/example_dags/tutorial_taskflow_api.py
[2025-05-13T21:28:07.896+0000] {logging_mixin.py:137} INFO - [2025-05-13T21:28:07.896+0000] {dag.py:2676} INFO - Sync 1 DAGs
[2025-05-13T21:28:07.930+0000] {logging_mixin.py:137} INFO - [2025-05-13T21:28:07.930+0000] {dag.py:3423} INFO - Setting next_dagrun for tutorial_taskflow_api to None, run_after=None
[2025-05-13T21:28:07.957+0000] {processor.py:175} INFO - Processing /home/airflow/.local/lib/python3.9/site-packages/airflow/example_dags/tutorial_taskflow_api.py took 0.133 seconds
[2025-05-13T21:28:38.399+0000] {processor.py:153} INFO - Started process (PID=4314) to work on /home/airflow/.local/lib/python3.9/site-packages/airflow/example_dags/tutorial_taskflow_api.py
[2025-05-13T21:28:38.401+0000] {processor.py:743} INFO - Processing file /home/airflow/.local/lib/python3.9/site-packages/airflow/example_dags/tutorial_taskflow_api.py for tasks to queue
[2025-05-13T21:28:38.402+0000] {logging_mixin.py:137} INFO - [2025-05-13T21:28:38.401+0000] {dagbag.py:538} INFO - Filling up the DagBag from /home/airflow/.local/lib/python3.9/site-packages/airflow/example_dags/tutorial_taskflow_api.py
[2025-05-13T21:28:38.432+0000] {processor.py:753} INFO - DAG(s) dict_keys(['tutorial_taskflow_api']) retrieved from /home/airflow/.local/lib/python3.9/site-packages/airflow/example_dags/tutorial_taskflow_api.py
[2025-05-13T21:28:38.484+0000] {logging_mixin.py:137} INFO - [2025-05-13T21:28:38.484+0000] {dag.py:2676} INFO - Sync 1 DAGs
[2025-05-13T21:28:38.512+0000] {logging_mixin.py:137} INFO - [2025-05-13T21:28:38.512+0000] {dag.py:3423} INFO - Setting next_dagrun for tutorial_taskflow_api to None, run_after=None
[2025-05-13T21:28:38.537+0000] {processor.py:175} INFO - Processing /home/airflow/.local/lib/python3.9/site-packages/airflow/example_dags/tutorial_taskflow_api.py took 0.142 seconds
[2025-05-13T21:29:09.059+0000] {processor.py:153} INFO - Started process (PID=4518) to work on /home/airflow/.local/lib/python3.9/site-packages/airflow/example_dags/tutorial_taskflow_api.py
[2025-05-13T21:29:09.060+0000] {processor.py:743} INFO - Processing file /home/airflow/.local/lib/python3.9/site-packages/airflow/example_dags/tutorial_taskflow_api.py for tasks to queue
[2025-05-13T21:29:09.061+0000] {logging_mixin.py:137} INFO - [2025-05-13T21:29:09.061+0000] {dagbag.py:538} INFO - Filling up the DagBag from /home/airflow/.local/lib/python3.9/site-packages/airflow/example_dags/tutorial_taskflow_api.py
[2025-05-13T21:29:09.089+0000] {processor.py:753} INFO - DAG(s) dict_keys(['tutorial_taskflow_api']) retrieved from /home/airflow/.local/lib/python3.9/site-packages/airflow/example_dags/tutorial_taskflow_api.py
[2025-05-13T21:29:09.132+0000] {logging_mixin.py:137} INFO - [2025-05-13T21:29:09.132+0000] {dag.py:2676} INFO - Sync 1 DAGs
[2025-05-13T21:29:09.157+0000] {logging_mixin.py:137} INFO - [2025-05-13T21:29:09.157+0000] {dag.py:3423} INFO - Setting next_dagrun for tutorial_taskflow_api to None, run_after=None
[2025-05-13T21:29:09.179+0000] {processor.py:175} INFO - Processing /home/airflow/.local/lib/python3.9/site-packages/airflow/example_dags/tutorial_taskflow_api.py took 0.124 seconds
[2025-05-13T21:29:39.249+0000] {processor.py:153} INFO - Started process (PID=4717) to work on /home/airflow/.local/lib/python3.9/site-packages/airflow/example_dags/tutorial_taskflow_api.py
[2025-05-13T21:29:39.250+0000] {processor.py:743} INFO - Processing file /home/airflow/.local/lib/python3.9/site-packages/airflow/example_dags/tutorial_taskflow_api.py for tasks to queue
[2025-05-13T21:29:39.251+0000] {logging_mixin.py:137} INFO - [2025-05-13T21:29:39.251+0000] {dagbag.py:538} INFO - Filling up the DagBag from /home/airflow/.local/lib/python3.9/site-packages/airflow/example_dags/tutorial_taskflow_api.py
[2025-05-13T21:29:39.280+0000] {processor.py:753} INFO - DAG(s) dict_keys(['tutorial_taskflow_api']) retrieved from /home/airflow/.local/lib/python3.9/site-packages/airflow/example_dags/tutorial_taskflow_api.py
[2025-05-13T21:29:39.344+0000] {logging_mixin.py:137} INFO - [2025-05-13T21:29:39.344+0000] {dag.py:2676} INFO - Sync 1 DAGs
[2025-05-13T21:29:39.391+0000] {logging_mixin.py:137} INFO - [2025-05-13T21:29:39.390+0000] {dag.py:3423} INFO - Setting next_dagrun for tutorial_taskflow_api to None, run_after=None
[2025-05-13T21:29:39.422+0000] {processor.py:175} INFO - Processing /home/airflow/.local/lib/python3.9/site-packages/airflow/example_dags/tutorial_taskflow_api.py took 0.177 seconds
[2025-05-13T21:30:09.685+0000] {processor.py:153} INFO - Started process (PID=4920) to work on /home/airflow/.local/lib/python3.9/site-packages/airflow/example_dags/tutorial_taskflow_api.py
[2025-05-13T21:30:09.686+0000] {processor.py:743} INFO - Processing file /home/airflow/.local/lib/python3.9/site-packages/airflow/example_dags/tutorial_taskflow_api.py for tasks to queue
[2025-05-13T21:30:09.688+0000] {logging_mixin.py:137} INFO - [2025-05-13T21:30:09.687+0000] {dagbag.py:538} INFO - Filling up the DagBag from /home/airflow/.local/lib/python3.9/site-packages/airflow/example_dags/tutorial_taskflow_api.py
[2025-05-13T21:30:09.721+0000] {processor.py:753} INFO - DAG(s) dict_keys(['tutorial_taskflow_api']) retrieved from /home/airflow/.local/lib/python3.9/site-packages/airflow/example_dags/tutorial_taskflow_api.py
[2025-05-13T21:30:09.775+0000] {logging_mixin.py:137} INFO - [2025-05-13T21:30:09.775+0000] {dag.py:2676} INFO - Sync 1 DAGs
[2025-05-13T21:30:09.808+0000] {logging_mixin.py:137} INFO - [2025-05-13T21:30:09.808+0000] {dag.py:3423} INFO - Setting next_dagrun for tutorial_taskflow_api to None, run_after=None
[2025-05-13T21:30:09.834+0000] {processor.py:175} INFO - Processing /home/airflow/.local/lib/python3.9/site-packages/airflow/example_dags/tutorial_taskflow_api.py took 0.153 seconds
[2025-05-13T21:30:40.183+0000] {processor.py:153} INFO - Started process (PID=5123) to work on /home/airflow/.local/lib/python3.9/site-packages/airflow/example_dags/tutorial_taskflow_api.py
[2025-05-13T21:30:40.184+0000] {processor.py:743} INFO - Processing file /home/airflow/.local/lib/python3.9/site-packages/airflow/example_dags/tutorial_taskflow_api.py for tasks to queue
[2025-05-13T21:30:40.186+0000] {logging_mixin.py:137} INFO - [2025-05-13T21:30:40.185+0000] {dagbag.py:538} INFO - Filling up the DagBag from /home/airflow/.local/lib/python3.9/site-packages/airflow/example_dags/tutorial_taskflow_api.py
[2025-05-13T21:30:40.212+0000] {processor.py:753} INFO - DAG(s) dict_keys(['tutorial_taskflow_api']) retrieved from /home/airflow/.local/lib/python3.9/site-packages/airflow/example_dags/tutorial_taskflow_api.py
[2025-05-13T21:30:40.252+0000] {logging_mixin.py:137} INFO - [2025-05-13T21:30:40.251+0000] {dag.py:2676} INFO - Sync 1 DAGs
[2025-05-13T21:30:40.274+0000] {logging_mixin.py:137} INFO - [2025-05-13T21:30:40.273+0000] {dag.py:3423} INFO - Setting next_dagrun for tutorial_taskflow_api to None, run_after=None
[2025-05-13T21:30:40.290+0000] {processor.py:175} INFO - Processing /home/airflow/.local/lib/python3.9/site-packages/airflow/example_dags/tutorial_taskflow_api.py took 0.110 seconds
[2025-05-13T21:31:10.870+0000] {processor.py:153} INFO - Started process (PID=5329) to work on /home/airflow/.local/lib/python3.9/site-packages/airflow/example_dags/tutorial_taskflow_api.py
[2025-05-13T21:31:10.871+0000] {processor.py:743} INFO - Processing file /home/airflow/.local/lib/python3.9/site-packages/airflow/example_dags/tutorial_taskflow_api.py for tasks to queue
[2025-05-13T21:31:10.872+0000] {logging_mixin.py:137} INFO - [2025-05-13T21:31:10.872+0000] {dagbag.py:538} INFO - Filling up the DagBag from /home/airflow/.local/lib/python3.9/site-packages/airflow/example_dags/tutorial_taskflow_api.py
[2025-05-13T21:31:10.900+0000] {processor.py:753} INFO - DAG(s) dict_keys(['tutorial_taskflow_api']) retrieved from /home/airflow/.local/lib/python3.9/site-packages/airflow/example_dags/tutorial_taskflow_api.py
[2025-05-13T21:31:10.939+0000] {logging_mixin.py:137} INFO - [2025-05-13T21:31:10.939+0000] {dag.py:2676} INFO - Sync 1 DAGs
[2025-05-13T21:31:10.961+0000] {logging_mixin.py:137} INFO - [2025-05-13T21:31:10.961+0000] {dag.py:3423} INFO - Setting next_dagrun for tutorial_taskflow_api to None, run_after=None
[2025-05-13T21:31:10.983+0000] {processor.py:175} INFO - Processing /home/airflow/.local/lib/python3.9/site-packages/airflow/example_dags/tutorial_taskflow_api.py took 0.116 seconds
[2025-05-13T21:31:41.567+0000] {processor.py:153} INFO - Started process (PID=5530) to work on /home/airflow/.local/lib/python3.9/site-packages/airflow/example_dags/tutorial_taskflow_api.py
[2025-05-13T21:31:41.568+0000] {processor.py:743} INFO - Processing file /home/airflow/.local/lib/python3.9/site-packages/airflow/example_dags/tutorial_taskflow_api.py for tasks to queue
[2025-05-13T21:31:41.569+0000] {logging_mixin.py:137} INFO - [2025-05-13T21:31:41.569+0000] {dagbag.py:538} INFO - Filling up the DagBag from /home/airflow/.local/lib/python3.9/site-packages/airflow/example_dags/tutorial_taskflow_api.py
[2025-05-13T21:31:41.603+0000] {processor.py:753} INFO - DAG(s) dict_keys(['tutorial_taskflow_api']) retrieved from /home/airflow/.local/lib/python3.9/site-packages/airflow/example_dags/tutorial_taskflow_api.py
[2025-05-13T21:31:41.658+0000] {logging_mixin.py:137} INFO - [2025-05-13T21:31:41.657+0000] {dag.py:2676} INFO - Sync 1 DAGs
[2025-05-13T21:31:41.693+0000] {logging_mixin.py:137} INFO - [2025-05-13T21:31:41.693+0000] {dag.py:3423} INFO - Setting next_dagrun for tutorial_taskflow_api to None, run_after=None
[2025-05-13T21:31:41.722+0000] {processor.py:175} INFO - Processing /home/airflow/.local/lib/python3.9/site-packages/airflow/example_dags/tutorial_taskflow_api.py took 0.160 seconds
[2025-05-13T21:32:12.402+0000] {processor.py:153} INFO - Started process (PID=5732) to work on /home/airflow/.local/lib/python3.9/site-packages/airflow/example_dags/tutorial_taskflow_api.py
[2025-05-13T21:32:12.403+0000] {processor.py:743} INFO - Processing file /home/airflow/.local/lib/python3.9/site-packages/airflow/example_dags/tutorial_taskflow_api.py for tasks to queue
[2025-05-13T21:32:12.404+0000] {logging_mixin.py:137} INFO - [2025-05-13T21:32:12.404+0000] {dagbag.py:538} INFO - Filling up the DagBag from /home/airflow/.local/lib/python3.9/site-packages/airflow/example_dags/tutorial_taskflow_api.py
[2025-05-13T21:32:12.434+0000] {processor.py:753} INFO - DAG(s) dict_keys(['tutorial_taskflow_api']) retrieved from /home/airflow/.local/lib/python3.9/site-packages/airflow/example_dags/tutorial_taskflow_api.py
[2025-05-13T21:32:12.473+0000] {logging_mixin.py:137} INFO - [2025-05-13T21:32:12.473+0000] {dag.py:2676} INFO - Sync 1 DAGs
[2025-05-13T21:32:12.504+0000] {logging_mixin.py:137} INFO - [2025-05-13T21:32:12.504+0000] {dag.py:3423} INFO - Setting next_dagrun for tutorial_taskflow_api to None, run_after=None
[2025-05-13T21:32:12.529+0000] {processor.py:175} INFO - Processing /home/airflow/.local/lib/python3.9/site-packages/airflow/example_dags/tutorial_taskflow_api.py took 0.132 seconds
[2025-05-13T21:32:42.771+0000] {processor.py:153} INFO - Started process (PID=5938) to work on /home/airflow/.local/lib/python3.9/site-packages/airflow/example_dags/tutorial_taskflow_api.py
[2025-05-13T21:32:42.772+0000] {processor.py:743} INFO - Processing file /home/airflow/.local/lib/python3.9/site-packages/airflow/example_dags/tutorial_taskflow_api.py for tasks to queue
[2025-05-13T21:32:42.772+0000] {logging_mixin.py:137} INFO - [2025-05-13T21:32:42.772+0000] {dagbag.py:538} INFO - Filling up the DagBag from /home/airflow/.local/lib/python3.9/site-packages/airflow/example_dags/tutorial_taskflow_api.py
[2025-05-13T21:32:42.796+0000] {processor.py:753} INFO - DAG(s) dict_keys(['tutorial_taskflow_api']) retrieved from /home/airflow/.local/lib/python3.9/site-packages/airflow/example_dags/tutorial_taskflow_api.py
[2025-05-13T21:32:42.833+0000] {logging_mixin.py:137} INFO - [2025-05-13T21:32:42.833+0000] {dag.py:2676} INFO - Sync 1 DAGs
[2025-05-13T21:32:42.854+0000] {logging_mixin.py:137} INFO - [2025-05-13T21:32:42.853+0000] {dag.py:3423} INFO - Setting next_dagrun for tutorial_taskflow_api to None, run_after=None
[2025-05-13T21:32:42.871+0000] {processor.py:175} INFO - Processing /home/airflow/.local/lib/python3.9/site-packages/airflow/example_dags/tutorial_taskflow_api.py took 0.104 seconds
[2025-05-13T21:33:13.087+0000] {processor.py:153} INFO - Started process (PID=6141) to work on /home/airflow/.local/lib/python3.9/site-packages/airflow/example_dags/tutorial_taskflow_api.py
[2025-05-13T21:33:13.088+0000] {processor.py:743} INFO - Processing file /home/airflow/.local/lib/python3.9/site-packages/airflow/example_dags/tutorial_taskflow_api.py for tasks to queue
[2025-05-13T21:33:13.089+0000] {logging_mixin.py:137} INFO - [2025-05-13T21:33:13.088+0000] {dagbag.py:538} INFO - Filling up the DagBag from /home/airflow/.local/lib/python3.9/site-packages/airflow/example_dags/tutorial_taskflow_api.py
[2025-05-13T21:33:13.117+0000] {processor.py:753} INFO - DAG(s) dict_keys(['tutorial_taskflow_api']) retrieved from /home/airflow/.local/lib/python3.9/site-packages/airflow/example_dags/tutorial_taskflow_api.py
[2025-05-13T21:33:13.173+0000] {logging_mixin.py:137} INFO - [2025-05-13T21:33:13.173+0000] {dag.py:2676} INFO - Sync 1 DAGs
[2025-05-13T21:33:13.205+0000] {logging_mixin.py:137} INFO - [2025-05-13T21:33:13.205+0000] {dag.py:3423} INFO - Setting next_dagrun for tutorial_taskflow_api to None, run_after=None
[2025-05-13T21:33:13.225+0000] {processor.py:175} INFO - Processing /home/airflow/.local/lib/python3.9/site-packages/airflow/example_dags/tutorial_taskflow_api.py took 0.143 seconds
[2025-05-13T21:33:43.784+0000] {processor.py:153} INFO - Started process (PID=6344) to work on /home/airflow/.local/lib/python3.9/site-packages/airflow/example_dags/tutorial_taskflow_api.py
[2025-05-13T21:33:43.786+0000] {processor.py:743} INFO - Processing file /home/airflow/.local/lib/python3.9/site-packages/airflow/example_dags/tutorial_taskflow_api.py for tasks to queue
[2025-05-13T21:33:43.787+0000] {logging_mixin.py:137} INFO - [2025-05-13T21:33:43.787+0000] {dagbag.py:538} INFO - Filling up the DagBag from /home/airflow/.local/lib/python3.9/site-packages/airflow/example_dags/tutorial_taskflow_api.py
[2025-05-13T21:33:43.837+0000] {processor.py:753} INFO - DAG(s) dict_keys(['tutorial_taskflow_api']) retrieved from /home/airflow/.local/lib/python3.9/site-packages/airflow/example_dags/tutorial_taskflow_api.py
[2025-05-13T21:33:43.896+0000] {logging_mixin.py:137} INFO - [2025-05-13T21:33:43.895+0000] {dag.py:2676} INFO - Sync 1 DAGs
[2025-05-13T21:33:43.935+0000] {logging_mixin.py:137} INFO - [2025-05-13T21:33:43.935+0000] {dag.py:3423} INFO - Setting next_dagrun for tutorial_taskflow_api to None, run_after=None
[2025-05-13T21:33:43.965+0000] {processor.py:175} INFO - Processing /home/airflow/.local/lib/python3.9/site-packages/airflow/example_dags/tutorial_taskflow_api.py took 0.188 seconds
[2025-05-13T21:34:14.364+0000] {processor.py:153} INFO - Started process (PID=6545) to work on /home/airflow/.local/lib/python3.9/site-packages/airflow/example_dags/tutorial_taskflow_api.py
[2025-05-13T21:34:14.365+0000] {processor.py:743} INFO - Processing file /home/airflow/.local/lib/python3.9/site-packages/airflow/example_dags/tutorial_taskflow_api.py for tasks to queue
[2025-05-13T21:34:14.366+0000] {logging_mixin.py:137} INFO - [2025-05-13T21:34:14.366+0000] {dagbag.py:538} INFO - Filling up the DagBag from /home/airflow/.local/lib/python3.9/site-packages/airflow/example_dags/tutorial_taskflow_api.py
[2025-05-13T21:34:14.398+0000] {processor.py:753} INFO - DAG(s) dict_keys(['tutorial_taskflow_api']) retrieved from /home/airflow/.local/lib/python3.9/site-packages/airflow/example_dags/tutorial_taskflow_api.py
[2025-05-13T21:34:14.453+0000] {logging_mixin.py:137} INFO - [2025-05-13T21:34:14.453+0000] {dag.py:2676} INFO - Sync 1 DAGs
[2025-05-13T21:34:14.484+0000] {logging_mixin.py:137} INFO - [2025-05-13T21:34:14.484+0000] {dag.py:3423} INFO - Setting next_dagrun for tutorial_taskflow_api to None, run_after=None
[2025-05-13T21:34:14.507+0000] {processor.py:175} INFO - Processing /home/airflow/.local/lib/python3.9/site-packages/airflow/example_dags/tutorial_taskflow_api.py took 0.149 seconds
[2025-05-13T21:34:44.967+0000] {processor.py:153} INFO - Started process (PID=6754) to work on /home/airflow/.local/lib/python3.9/site-packages/airflow/example_dags/tutorial_taskflow_api.py
[2025-05-13T21:34:44.969+0000] {processor.py:743} INFO - Processing file /home/airflow/.local/lib/python3.9/site-packages/airflow/example_dags/tutorial_taskflow_api.py for tasks to queue
[2025-05-13T21:34:44.970+0000] {logging_mixin.py:137} INFO - [2025-05-13T21:34:44.970+0000] {dagbag.py:538} INFO - Filling up the DagBag from /home/airflow/.local/lib/python3.9/site-packages/airflow/example_dags/tutorial_taskflow_api.py
[2025-05-13T21:34:45.014+0000] {processor.py:753} INFO - DAG(s) dict_keys(['tutorial_taskflow_api']) retrieved from /home/airflow/.local/lib/python3.9/site-packages/airflow/example_dags/tutorial_taskflow_api.py
[2025-05-13T21:34:45.079+0000] {logging_mixin.py:137} INFO - [2025-05-13T21:34:45.079+0000] {dag.py:2676} INFO - Sync 1 DAGs
[2025-05-13T21:34:45.169+0000] {logging_mixin.py:137} INFO - [2025-05-13T21:34:45.169+0000] {dag.py:3423} INFO - Setting next_dagrun for tutorial_taskflow_api to None, run_after=None
[2025-05-13T21:34:45.199+0000] {processor.py:175} INFO - Processing /home/airflow/.local/lib/python3.9/site-packages/airflow/example_dags/tutorial_taskflow_api.py took 0.237 seconds
[2025-05-13T21:35:15.915+0000] {processor.py:153} INFO - Started process (PID=6960) to work on /home/airflow/.local/lib/python3.9/site-packages/airflow/example_dags/tutorial_taskflow_api.py
[2025-05-13T21:35:15.916+0000] {processor.py:743} INFO - Processing file /home/airflow/.local/lib/python3.9/site-packages/airflow/example_dags/tutorial_taskflow_api.py for tasks to queue
[2025-05-13T21:35:15.917+0000] {logging_mixin.py:137} INFO - [2025-05-13T21:35:15.917+0000] {dagbag.py:538} INFO - Filling up the DagBag from /home/airflow/.local/lib/python3.9/site-packages/airflow/example_dags/tutorial_taskflow_api.py
[2025-05-13T21:35:15.946+0000] {processor.py:753} INFO - DAG(s) dict_keys(['tutorial_taskflow_api']) retrieved from /home/airflow/.local/lib/python3.9/site-packages/airflow/example_dags/tutorial_taskflow_api.py
[2025-05-13T21:35:15.996+0000] {logging_mixin.py:137} INFO - [2025-05-13T21:35:15.995+0000] {dag.py:2676} INFO - Sync 1 DAGs
[2025-05-13T21:35:16.025+0000] {logging_mixin.py:137} INFO - [2025-05-13T21:35:16.025+0000] {dag.py:3423} INFO - Setting next_dagrun for tutorial_taskflow_api to None, run_after=None
[2025-05-13T21:35:16.192+0000] {processor.py:175} INFO - Processing /home/airflow/.local/lib/python3.9/site-packages/airflow/example_dags/tutorial_taskflow_api.py took 0.282 seconds
[2025-05-13T21:35:46.344+0000] {processor.py:153} INFO - Started process (PID=7157) to work on /home/airflow/.local/lib/python3.9/site-packages/airflow/example_dags/tutorial_taskflow_api.py
[2025-05-13T21:35:46.345+0000] {processor.py:743} INFO - Processing file /home/airflow/.local/lib/python3.9/site-packages/airflow/example_dags/tutorial_taskflow_api.py for tasks to queue
[2025-05-13T21:35:46.346+0000] {logging_mixin.py:137} INFO - [2025-05-13T21:35:46.346+0000] {dagbag.py:538} INFO - Filling up the DagBag from /home/airflow/.local/lib/python3.9/site-packages/airflow/example_dags/tutorial_taskflow_api.py
[2025-05-13T21:35:46.377+0000] {processor.py:753} INFO - DAG(s) dict_keys(['tutorial_taskflow_api']) retrieved from /home/airflow/.local/lib/python3.9/site-packages/airflow/example_dags/tutorial_taskflow_api.py
[2025-05-13T21:35:46.431+0000] {logging_mixin.py:137} INFO - [2025-05-13T21:35:46.431+0000] {dag.py:2676} INFO - Sync 1 DAGs
[2025-05-13T21:35:46.467+0000] {logging_mixin.py:137} INFO - [2025-05-13T21:35:46.467+0000] {dag.py:3423} INFO - Setting next_dagrun for tutorial_taskflow_api to None, run_after=None
[2025-05-13T21:35:46.512+0000] {processor.py:175} INFO - Processing /home/airflow/.local/lib/python3.9/site-packages/airflow/example_dags/tutorial_taskflow_api.py took 0.173 seconds
[2025-05-13T21:36:16.878+0000] {processor.py:153} INFO - Started process (PID=7360) to work on /home/airflow/.local/lib/python3.9/site-packages/airflow/example_dags/tutorial_taskflow_api.py
[2025-05-13T21:36:16.879+0000] {processor.py:743} INFO - Processing file /home/airflow/.local/lib/python3.9/site-packages/airflow/example_dags/tutorial_taskflow_api.py for tasks to queue
[2025-05-13T21:36:16.880+0000] {logging_mixin.py:137} INFO - [2025-05-13T21:36:16.880+0000] {dagbag.py:538} INFO - Filling up the DagBag from /home/airflow/.local/lib/python3.9/site-packages/airflow/example_dags/tutorial_taskflow_api.py
[2025-05-13T21:36:16.911+0000] {processor.py:753} INFO - DAG(s) dict_keys(['tutorial_taskflow_api']) retrieved from /home/airflow/.local/lib/python3.9/site-packages/airflow/example_dags/tutorial_taskflow_api.py
[2025-05-13T21:36:16.969+0000] {logging_mixin.py:137} INFO - [2025-05-13T21:36:16.969+0000] {dag.py:2676} INFO - Sync 1 DAGs
[2025-05-13T21:36:17.003+0000] {logging_mixin.py:137} INFO - [2025-05-13T21:36:17.003+0000] {dag.py:3423} INFO - Setting next_dagrun for tutorial_taskflow_api to None, run_after=None
[2025-05-13T21:36:17.030+0000] {processor.py:175} INFO - Processing /home/airflow/.local/lib/python3.9/site-packages/airflow/example_dags/tutorial_taskflow_api.py took 0.157 seconds
[2025-05-13T21:37:49.927+0000] {processor.py:153} INFO - Started process (PID=260) to work on /home/airflow/.local/lib/python3.9/site-packages/airflow/example_dags/tutorial_taskflow_api.py
[2025-05-13T21:37:49.929+0000] {processor.py:743} INFO - Processing file /home/airflow/.local/lib/python3.9/site-packages/airflow/example_dags/tutorial_taskflow_api.py for tasks to queue
[2025-05-13T21:37:49.930+0000] {logging_mixin.py:137} INFO - [2025-05-13T21:37:49.929+0000] {dagbag.py:538} INFO - Filling up the DagBag from /home/airflow/.local/lib/python3.9/site-packages/airflow/example_dags/tutorial_taskflow_api.py
[2025-05-13T21:37:49.964+0000] {processor.py:753} INFO - DAG(s) dict_keys(['tutorial_taskflow_api']) retrieved from /home/airflow/.local/lib/python3.9/site-packages/airflow/example_dags/tutorial_taskflow_api.py
[2025-05-13T21:37:50.019+0000] {logging_mixin.py:137} INFO - [2025-05-13T21:37:50.019+0000] {dag.py:2676} INFO - Sync 1 DAGs
[2025-05-13T21:37:50.062+0000] {logging_mixin.py:137} INFO - [2025-05-13T21:37:50.062+0000] {dag.py:3423} INFO - Setting next_dagrun for tutorial_taskflow_api to None, run_after=None
[2025-05-13T21:37:50.087+0000] {processor.py:175} INFO - Processing /home/airflow/.local/lib/python3.9/site-packages/airflow/example_dags/tutorial_taskflow_api.py took 0.164 seconds
[2025-05-13T21:38:20.168+0000] {processor.py:153} INFO - Started process (PID=457) to work on /home/airflow/.local/lib/python3.9/site-packages/airflow/example_dags/tutorial_taskflow_api.py
[2025-05-13T21:38:20.170+0000] {processor.py:743} INFO - Processing file /home/airflow/.local/lib/python3.9/site-packages/airflow/example_dags/tutorial_taskflow_api.py for tasks to queue
[2025-05-13T21:38:20.171+0000] {logging_mixin.py:137} INFO - [2025-05-13T21:38:20.171+0000] {dagbag.py:538} INFO - Filling up the DagBag from /home/airflow/.local/lib/python3.9/site-packages/airflow/example_dags/tutorial_taskflow_api.py
[2025-05-13T21:38:20.201+0000] {processor.py:753} INFO - DAG(s) dict_keys(['tutorial_taskflow_api']) retrieved from /home/airflow/.local/lib/python3.9/site-packages/airflow/example_dags/tutorial_taskflow_api.py
[2025-05-13T21:38:20.254+0000] {logging_mixin.py:137} INFO - [2025-05-13T21:38:20.254+0000] {dag.py:2676} INFO - Sync 1 DAGs
[2025-05-13T21:38:20.284+0000] {logging_mixin.py:137} INFO - [2025-05-13T21:38:20.284+0000] {dag.py:3423} INFO - Setting next_dagrun for tutorial_taskflow_api to None, run_after=None
[2025-05-13T21:38:20.310+0000] {processor.py:175} INFO - Processing /home/airflow/.local/lib/python3.9/site-packages/airflow/example_dags/tutorial_taskflow_api.py took 0.146 seconds
[2025-05-13T21:38:50.871+0000] {processor.py:153} INFO - Started process (PID=662) to work on /home/airflow/.local/lib/python3.9/site-packages/airflow/example_dags/tutorial_taskflow_api.py
[2025-05-13T21:38:50.873+0000] {processor.py:743} INFO - Processing file /home/airflow/.local/lib/python3.9/site-packages/airflow/example_dags/tutorial_taskflow_api.py for tasks to queue
[2025-05-13T21:38:50.874+0000] {logging_mixin.py:137} INFO - [2025-05-13T21:38:50.874+0000] {dagbag.py:538} INFO - Filling up the DagBag from /home/airflow/.local/lib/python3.9/site-packages/airflow/example_dags/tutorial_taskflow_api.py
[2025-05-13T21:38:50.908+0000] {processor.py:753} INFO - DAG(s) dict_keys(['tutorial_taskflow_api']) retrieved from /home/airflow/.local/lib/python3.9/site-packages/airflow/example_dags/tutorial_taskflow_api.py
[2025-05-13T21:38:50.960+0000] {logging_mixin.py:137} INFO - [2025-05-13T21:38:50.960+0000] {dag.py:2676} INFO - Sync 1 DAGs
[2025-05-13T21:38:50.987+0000] {logging_mixin.py:137} INFO - [2025-05-13T21:38:50.987+0000] {dag.py:3423} INFO - Setting next_dagrun for tutorial_taskflow_api to None, run_after=None
[2025-05-13T21:38:51.010+0000] {processor.py:175} INFO - Processing /home/airflow/.local/lib/python3.9/site-packages/airflow/example_dags/tutorial_taskflow_api.py took 0.143 seconds
[2025-05-13T21:39:21.653+0000] {processor.py:153} INFO - Started process (PID=865) to work on /home/airflow/.local/lib/python3.9/site-packages/airflow/example_dags/tutorial_taskflow_api.py
[2025-05-13T21:39:21.655+0000] {processor.py:743} INFO - Processing file /home/airflow/.local/lib/python3.9/site-packages/airflow/example_dags/tutorial_taskflow_api.py for tasks to queue
[2025-05-13T21:39:21.656+0000] {logging_mixin.py:137} INFO - [2025-05-13T21:39:21.656+0000] {dagbag.py:538} INFO - Filling up the DagBag from /home/airflow/.local/lib/python3.9/site-packages/airflow/example_dags/tutorial_taskflow_api.py
[2025-05-13T21:39:21.684+0000] {processor.py:753} INFO - DAG(s) dict_keys(['tutorial_taskflow_api']) retrieved from /home/airflow/.local/lib/python3.9/site-packages/airflow/example_dags/tutorial_taskflow_api.py
[2025-05-13T21:39:21.740+0000] {logging_mixin.py:137} INFO - [2025-05-13T21:39:21.739+0000] {dag.py:2676} INFO - Sync 1 DAGs
[2025-05-13T21:39:21.771+0000] {logging_mixin.py:137} INFO - [2025-05-13T21:39:21.771+0000] {dag.py:3423} INFO - Setting next_dagrun for tutorial_taskflow_api to None, run_after=None
[2025-05-13T21:39:21.794+0000] {processor.py:175} INFO - Processing /home/airflow/.local/lib/python3.9/site-packages/airflow/example_dags/tutorial_taskflow_api.py took 0.144 seconds
[2025-05-13T21:39:51.911+0000] {processor.py:153} INFO - Started process (PID=1068) to work on /home/airflow/.local/lib/python3.9/site-packages/airflow/example_dags/tutorial_taskflow_api.py
[2025-05-13T21:39:51.912+0000] {processor.py:743} INFO - Processing file /home/airflow/.local/lib/python3.9/site-packages/airflow/example_dags/tutorial_taskflow_api.py for tasks to queue
[2025-05-13T21:39:51.913+0000] {logging_mixin.py:137} INFO - [2025-05-13T21:39:51.913+0000] {dagbag.py:538} INFO - Filling up the DagBag from /home/airflow/.local/lib/python3.9/site-packages/airflow/example_dags/tutorial_taskflow_api.py
[2025-05-13T21:39:51.942+0000] {processor.py:753} INFO - DAG(s) dict_keys(['tutorial_taskflow_api']) retrieved from /home/airflow/.local/lib/python3.9/site-packages/airflow/example_dags/tutorial_taskflow_api.py
[2025-05-13T21:39:51.987+0000] {logging_mixin.py:137} INFO - [2025-05-13T21:39:51.987+0000] {dag.py:2676} INFO - Sync 1 DAGs
[2025-05-13T21:39:52.017+0000] {logging_mixin.py:137} INFO - [2025-05-13T21:39:52.016+0000] {dag.py:3423} INFO - Setting next_dagrun for tutorial_taskflow_api to None, run_after=None
[2025-05-13T21:39:52.041+0000] {processor.py:175} INFO - Processing /home/airflow/.local/lib/python3.9/site-packages/airflow/example_dags/tutorial_taskflow_api.py took 0.134 seconds
[2025-05-13T21:40:22.226+0000] {processor.py:153} INFO - Started process (PID=1275) to work on /home/airflow/.local/lib/python3.9/site-packages/airflow/example_dags/tutorial_taskflow_api.py
[2025-05-13T21:40:22.227+0000] {processor.py:743} INFO - Processing file /home/airflow/.local/lib/python3.9/site-packages/airflow/example_dags/tutorial_taskflow_api.py for tasks to queue
[2025-05-13T21:40:22.228+0000] {logging_mixin.py:137} INFO - [2025-05-13T21:40:22.228+0000] {dagbag.py:538} INFO - Filling up the DagBag from /home/airflow/.local/lib/python3.9/site-packages/airflow/example_dags/tutorial_taskflow_api.py
[2025-05-13T21:40:22.256+0000] {processor.py:753} INFO - DAG(s) dict_keys(['tutorial_taskflow_api']) retrieved from /home/airflow/.local/lib/python3.9/site-packages/airflow/example_dags/tutorial_taskflow_api.py
[2025-05-13T21:40:22.302+0000] {logging_mixin.py:137} INFO - [2025-05-13T21:40:22.301+0000] {dag.py:2676} INFO - Sync 1 DAGs
[2025-05-13T21:40:22.337+0000] {logging_mixin.py:137} INFO - [2025-05-13T21:40:22.337+0000] {dag.py:3423} INFO - Setting next_dagrun for tutorial_taskflow_api to None, run_after=None
[2025-05-13T21:40:22.360+0000] {processor.py:175} INFO - Processing /home/airflow/.local/lib/python3.9/site-packages/airflow/example_dags/tutorial_taskflow_api.py took 0.138 seconds
[2025-05-13T21:40:52.562+0000] {processor.py:153} INFO - Started process (PID=1478) to work on /home/airflow/.local/lib/python3.9/site-packages/airflow/example_dags/tutorial_taskflow_api.py
[2025-05-13T21:40:52.563+0000] {processor.py:743} INFO - Processing file /home/airflow/.local/lib/python3.9/site-packages/airflow/example_dags/tutorial_taskflow_api.py for tasks to queue
[2025-05-13T21:40:52.564+0000] {logging_mixin.py:137} INFO - [2025-05-13T21:40:52.564+0000] {dagbag.py:538} INFO - Filling up the DagBag from /home/airflow/.local/lib/python3.9/site-packages/airflow/example_dags/tutorial_taskflow_api.py
[2025-05-13T21:40:52.595+0000] {processor.py:753} INFO - DAG(s) dict_keys(['tutorial_taskflow_api']) retrieved from /home/airflow/.local/lib/python3.9/site-packages/airflow/example_dags/tutorial_taskflow_api.py
[2025-05-13T21:40:52.657+0000] {logging_mixin.py:137} INFO - [2025-05-13T21:40:52.656+0000] {dag.py:2676} INFO - Sync 1 DAGs
[2025-05-13T21:40:52.696+0000] {logging_mixin.py:137} INFO - [2025-05-13T21:40:52.696+0000] {dag.py:3423} INFO - Setting next_dagrun for tutorial_taskflow_api to None, run_after=None
[2025-05-13T21:40:52.732+0000] {processor.py:175} INFO - Processing /home/airflow/.local/lib/python3.9/site-packages/airflow/example_dags/tutorial_taskflow_api.py took 0.174 seconds
[2025-05-13T21:41:22.846+0000] {processor.py:153} INFO - Started process (PID=1679) to work on /home/airflow/.local/lib/python3.9/site-packages/airflow/example_dags/tutorial_taskflow_api.py
[2025-05-13T21:41:22.848+0000] {processor.py:743} INFO - Processing file /home/airflow/.local/lib/python3.9/site-packages/airflow/example_dags/tutorial_taskflow_api.py for tasks to queue
[2025-05-13T21:41:22.849+0000] {logging_mixin.py:137} INFO - [2025-05-13T21:41:22.849+0000] {dagbag.py:538} INFO - Filling up the DagBag from /home/airflow/.local/lib/python3.9/site-packages/airflow/example_dags/tutorial_taskflow_api.py
[2025-05-13T21:41:22.886+0000] {processor.py:753} INFO - DAG(s) dict_keys(['tutorial_taskflow_api']) retrieved from /home/airflow/.local/lib/python3.9/site-packages/airflow/example_dags/tutorial_taskflow_api.py
[2025-05-13T21:41:22.949+0000] {logging_mixin.py:137} INFO - [2025-05-13T21:41:22.949+0000] {dag.py:2676} INFO - Sync 1 DAGs
[2025-05-13T21:41:22.980+0000] {logging_mixin.py:137} INFO - [2025-05-13T21:41:22.979+0000] {dag.py:3423} INFO - Setting next_dagrun for tutorial_taskflow_api to None, run_after=None
[2025-05-13T21:41:23.007+0000] {processor.py:175} INFO - Processing /home/airflow/.local/lib/python3.9/site-packages/airflow/example_dags/tutorial_taskflow_api.py took 0.165 seconds
[2025-05-13T21:41:54.472+0000] {processor.py:153} INFO - Started process (PID=1884) to work on /home/airflow/.local/lib/python3.9/site-packages/airflow/example_dags/tutorial_taskflow_api.py
[2025-05-13T21:41:54.474+0000] {processor.py:743} INFO - Processing file /home/airflow/.local/lib/python3.9/site-packages/airflow/example_dags/tutorial_taskflow_api.py for tasks to queue
[2025-05-13T21:41:54.476+0000] {logging_mixin.py:137} INFO - [2025-05-13T21:41:54.475+0000] {dagbag.py:538} INFO - Filling up the DagBag from /home/airflow/.local/lib/python3.9/site-packages/airflow/example_dags/tutorial_taskflow_api.py
[2025-05-13T21:41:54.555+0000] {processor.py:753} INFO - DAG(s) dict_keys(['tutorial_taskflow_api']) retrieved from /home/airflow/.local/lib/python3.9/site-packages/airflow/example_dags/tutorial_taskflow_api.py
[2025-05-13T21:41:54.804+0000] {logging_mixin.py:137} INFO - [2025-05-13T21:41:54.804+0000] {dag.py:2676} INFO - Sync 1 DAGs
[2025-05-13T21:41:54.893+0000] {logging_mixin.py:137} INFO - [2025-05-13T21:41:54.892+0000] {dag.py:3423} INFO - Setting next_dagrun for tutorial_taskflow_api to None, run_after=None
[2025-05-13T21:41:54.958+0000] {processor.py:175} INFO - Processing /home/airflow/.local/lib/python3.9/site-packages/airflow/example_dags/tutorial_taskflow_api.py took 0.498 seconds
