[2025-05-13T02:45:37.312+0000] {processor.py:153} INFO - Started process (PID=185) to work on /home/airflow/.local/lib/python3.9/site-packages/airflow/example_dags/tutorial.py
[2025-05-13T02:45:37.313+0000] {processor.py:743} INFO - Processing file /home/airflow/.local/lib/python3.9/site-packages/airflow/example_dags/tutorial.py for tasks to queue
[2025-05-13T02:45:37.314+0000] {logging_mixin.py:137} INFO - [2025-05-13T02:45:37.314+0000] {dagbag.py:538} INFO - Filling up the DagBag from /home/airflow/.local/lib/python3.9/site-packages/airflow/example_dags/tutorial.py
[2025-05-13T02:45:37.333+0000] {processor.py:753} INFO - DAG(s) dict_keys(['tutorial']) retrieved from /home/airflow/.local/lib/python3.9/site-packages/airflow/example_dags/tutorial.py
[2025-05-13T02:45:37.504+0000] {logging_mixin.py:137} INFO - [2025-05-13T02:45:37.504+0000] {manager.py:504} INFO - Created Permission View: can delete on DAG:tutorial
[2025-05-13T02:45:37.515+0000] {logging_mixin.py:137} INFO - [2025-05-13T02:45:37.514+0000] {manager.py:504} INFO - Created Permission View: can edit on DAG:tutorial
[2025-05-13T02:45:37.522+0000] {logging_mixin.py:137} INFO - [2025-05-13T02:45:37.522+0000] {manager.py:504} INFO - Created Permission View: can read on DAG:tutorial
[2025-05-13T02:45:37.523+0000] {logging_mixin.py:137} INFO - [2025-05-13T02:45:37.522+0000] {dag.py:2676} INFO - Sync 1 DAGs
[2025-05-13T02:45:37.534+0000] {logging_mixin.py:137} INFO - [2025-05-13T02:45:37.534+0000] {dag.py:2697} INFO - Creating ORM DAG for tutorial
[2025-05-13T02:45:37.546+0000] {logging_mixin.py:137} INFO - [2025-05-13T02:45:37.546+0000] {dag.py:3423} INFO - Setting next_dagrun for tutorial to 2025-05-12T02:45:37.545964+00:00, run_after=2025-05-13T02:45:37.545964+00:00
[2025-05-13T02:45:37.565+0000] {processor.py:175} INFO - Processing /home/airflow/.local/lib/python3.9/site-packages/airflow/example_dags/tutorial.py took 0.259 seconds
[2025-05-13T02:46:08.163+0000] {processor.py:153} INFO - Started process (PID=382) to work on /home/airflow/.local/lib/python3.9/site-packages/airflow/example_dags/tutorial.py
[2025-05-13T02:46:08.164+0000] {processor.py:743} INFO - Processing file /home/airflow/.local/lib/python3.9/site-packages/airflow/example_dags/tutorial.py for tasks to queue
[2025-05-13T02:46:08.166+0000] {logging_mixin.py:137} INFO - [2025-05-13T02:46:08.165+0000] {dagbag.py:538} INFO - Filling up the DagBag from /home/airflow/.local/lib/python3.9/site-packages/airflow/example_dags/tutorial.py
[2025-05-13T02:46:08.185+0000] {processor.py:753} INFO - DAG(s) dict_keys(['tutorial']) retrieved from /home/airflow/.local/lib/python3.9/site-packages/airflow/example_dags/tutorial.py
[2025-05-13T02:46:08.253+0000] {logging_mixin.py:137} INFO - [2025-05-13T02:46:08.253+0000] {dag.py:2676} INFO - Sync 1 DAGs
[2025-05-13T02:46:08.327+0000] {logging_mixin.py:137} INFO - [2025-05-13T02:46:08.327+0000] {dag.py:3423} INFO - Setting next_dagrun for tutorial to 2025-05-12T02:46:08.326744+00:00, run_after=2025-05-13T02:46:08.326744+00:00
[2025-05-13T02:46:08.385+0000] {processor.py:175} INFO - Processing /home/airflow/.local/lib/python3.9/site-packages/airflow/example_dags/tutorial.py took 0.227 seconds
[2025-05-13T02:46:38.637+0000] {processor.py:153} INFO - Started process (PID=585) to work on /home/airflow/.local/lib/python3.9/site-packages/airflow/example_dags/tutorial.py
[2025-05-13T02:46:38.639+0000] {processor.py:743} INFO - Processing file /home/airflow/.local/lib/python3.9/site-packages/airflow/example_dags/tutorial.py for tasks to queue
[2025-05-13T02:46:38.639+0000] {logging_mixin.py:137} INFO - [2025-05-13T02:46:38.639+0000] {dagbag.py:538} INFO - Filling up the DagBag from /home/airflow/.local/lib/python3.9/site-packages/airflow/example_dags/tutorial.py
[2025-05-13T02:46:38.659+0000] {processor.py:753} INFO - DAG(s) dict_keys(['tutorial']) retrieved from /home/airflow/.local/lib/python3.9/site-packages/airflow/example_dags/tutorial.py
[2025-05-13T02:46:38.718+0000] {logging_mixin.py:137} INFO - [2025-05-13T02:46:38.717+0000] {dag.py:2676} INFO - Sync 1 DAGs
[2025-05-13T02:46:38.755+0000] {logging_mixin.py:137} INFO - [2025-05-13T02:46:38.755+0000] {dag.py:3423} INFO - Setting next_dagrun for tutorial to 2025-05-12T02:46:38.754789+00:00, run_after=2025-05-13T02:46:38.754789+00:00
[2025-05-13T02:46:38.779+0000] {processor.py:175} INFO - Processing /home/airflow/.local/lib/python3.9/site-packages/airflow/example_dags/tutorial.py took 0.148 seconds
[2025-05-13T02:47:09.345+0000] {processor.py:153} INFO - Started process (PID=788) to work on /home/airflow/.local/lib/python3.9/site-packages/airflow/example_dags/tutorial.py
[2025-05-13T02:47:09.347+0000] {processor.py:743} INFO - Processing file /home/airflow/.local/lib/python3.9/site-packages/airflow/example_dags/tutorial.py for tasks to queue
[2025-05-13T02:47:09.348+0000] {logging_mixin.py:137} INFO - [2025-05-13T02:47:09.348+0000] {dagbag.py:538} INFO - Filling up the DagBag from /home/airflow/.local/lib/python3.9/site-packages/airflow/example_dags/tutorial.py
[2025-05-13T02:47:09.371+0000] {processor.py:753} INFO - DAG(s) dict_keys(['tutorial']) retrieved from /home/airflow/.local/lib/python3.9/site-packages/airflow/example_dags/tutorial.py
[2025-05-13T02:47:09.425+0000] {logging_mixin.py:137} INFO - [2025-05-13T02:47:09.424+0000] {dag.py:2676} INFO - Sync 1 DAGs
[2025-05-13T02:47:09.459+0000] {logging_mixin.py:137} INFO - [2025-05-13T02:47:09.459+0000] {dag.py:3423} INFO - Setting next_dagrun for tutorial to 2025-05-12T02:47:09.459257+00:00, run_after=2025-05-13T02:47:09.459257+00:00
[2025-05-13T02:47:09.483+0000] {processor.py:175} INFO - Processing /home/airflow/.local/lib/python3.9/site-packages/airflow/example_dags/tutorial.py took 0.144 seconds
[2025-05-13T02:47:39.891+0000] {processor.py:153} INFO - Started process (PID=991) to work on /home/airflow/.local/lib/python3.9/site-packages/airflow/example_dags/tutorial.py
[2025-05-13T02:47:39.892+0000] {processor.py:743} INFO - Processing file /home/airflow/.local/lib/python3.9/site-packages/airflow/example_dags/tutorial.py for tasks to queue
[2025-05-13T02:47:39.895+0000] {logging_mixin.py:137} INFO - [2025-05-13T02:47:39.895+0000] {dagbag.py:538} INFO - Filling up the DagBag from /home/airflow/.local/lib/python3.9/site-packages/airflow/example_dags/tutorial.py
[2025-05-13T02:47:39.920+0000] {processor.py:753} INFO - DAG(s) dict_keys(['tutorial']) retrieved from /home/airflow/.local/lib/python3.9/site-packages/airflow/example_dags/tutorial.py
[2025-05-13T02:47:39.976+0000] {logging_mixin.py:137} INFO - [2025-05-13T02:47:39.976+0000] {dag.py:2676} INFO - Sync 1 DAGs
[2025-05-13T02:47:40.008+0000] {logging_mixin.py:137} INFO - [2025-05-13T02:47:40.008+0000] {dag.py:3423} INFO - Setting next_dagrun for tutorial to 2025-05-12T02:47:40.007686+00:00, run_after=2025-05-13T02:47:40.007686+00:00
[2025-05-13T02:47:40.032+0000] {processor.py:175} INFO - Processing /home/airflow/.local/lib/python3.9/site-packages/airflow/example_dags/tutorial.py took 0.148 seconds
[2025-05-13T02:48:10.626+0000] {processor.py:153} INFO - Started process (PID=1194) to work on /home/airflow/.local/lib/python3.9/site-packages/airflow/example_dags/tutorial.py
[2025-05-13T02:48:10.628+0000] {processor.py:743} INFO - Processing file /home/airflow/.local/lib/python3.9/site-packages/airflow/example_dags/tutorial.py for tasks to queue
[2025-05-13T02:48:10.630+0000] {logging_mixin.py:137} INFO - [2025-05-13T02:48:10.630+0000] {dagbag.py:538} INFO - Filling up the DagBag from /home/airflow/.local/lib/python3.9/site-packages/airflow/example_dags/tutorial.py
[2025-05-13T02:48:10.651+0000] {processor.py:753} INFO - DAG(s) dict_keys(['tutorial']) retrieved from /home/airflow/.local/lib/python3.9/site-packages/airflow/example_dags/tutorial.py
[2025-05-13T02:48:10.708+0000] {logging_mixin.py:137} INFO - [2025-05-13T02:48:10.708+0000] {dag.py:2676} INFO - Sync 1 DAGs
[2025-05-13T02:48:10.736+0000] {logging_mixin.py:137} INFO - [2025-05-13T02:48:10.736+0000] {dag.py:3423} INFO - Setting next_dagrun for tutorial to 2025-05-12T02:48:10.736296+00:00, run_after=2025-05-13T02:48:10.736296+00:00
[2025-05-13T02:48:10.763+0000] {processor.py:175} INFO - Processing /home/airflow/.local/lib/python3.9/site-packages/airflow/example_dags/tutorial.py took 0.143 seconds
[2025-05-13T02:49:23.854+0000] {processor.py:153} INFO - Started process (PID=206) to work on /home/airflow/.local/lib/python3.9/site-packages/airflow/example_dags/tutorial.py
[2025-05-13T02:49:23.858+0000] {processor.py:743} INFO - Processing file /home/airflow/.local/lib/python3.9/site-packages/airflow/example_dags/tutorial.py for tasks to queue
[2025-05-13T02:49:23.860+0000] {logging_mixin.py:137} INFO - [2025-05-13T02:49:23.859+0000] {dagbag.py:538} INFO - Filling up the DagBag from /home/airflow/.local/lib/python3.9/site-packages/airflow/example_dags/tutorial.py
[2025-05-13T02:49:23.903+0000] {processor.py:753} INFO - DAG(s) dict_keys(['tutorial']) retrieved from /home/airflow/.local/lib/python3.9/site-packages/airflow/example_dags/tutorial.py
[2025-05-13T02:49:24.075+0000] {logging_mixin.py:137} INFO - [2025-05-13T02:49:24.074+0000] {dag.py:2676} INFO - Sync 1 DAGs
[2025-05-13T02:49:24.170+0000] {logging_mixin.py:137} INFO - [2025-05-13T02:49:24.169+0000] {dag.py:3423} INFO - Setting next_dagrun for tutorial to 2025-05-12T02:49:24.169266+00:00, run_after=2025-05-13T02:49:24.169266+00:00
[2025-05-13T02:49:24.214+0000] {processor.py:175} INFO - Processing /home/airflow/.local/lib/python3.9/site-packages/airflow/example_dags/tutorial.py took 0.411 seconds
[2025-05-13T02:49:54.754+0000] {processor.py:153} INFO - Started process (PID=404) to work on /home/airflow/.local/lib/python3.9/site-packages/airflow/example_dags/tutorial.py
[2025-05-13T02:49:54.756+0000] {processor.py:743} INFO - Processing file /home/airflow/.local/lib/python3.9/site-packages/airflow/example_dags/tutorial.py for tasks to queue
[2025-05-13T02:49:54.757+0000] {logging_mixin.py:137} INFO - [2025-05-13T02:49:54.757+0000] {dagbag.py:538} INFO - Filling up the DagBag from /home/airflow/.local/lib/python3.9/site-packages/airflow/example_dags/tutorial.py
[2025-05-13T02:49:54.806+0000] {processor.py:753} INFO - DAG(s) dict_keys(['tutorial']) retrieved from /home/airflow/.local/lib/python3.9/site-packages/airflow/example_dags/tutorial.py
[2025-05-13T02:49:54.859+0000] {logging_mixin.py:137} INFO - [2025-05-13T02:49:54.859+0000] {dag.py:2676} INFO - Sync 1 DAGs
[2025-05-13T02:49:54.888+0000] {logging_mixin.py:137} INFO - [2025-05-13T02:49:54.888+0000] {dag.py:3423} INFO - Setting next_dagrun for tutorial to 2025-05-12T02:49:54.888111+00:00, run_after=2025-05-13T02:49:54.888111+00:00
[2025-05-13T02:49:54.911+0000] {processor.py:175} INFO - Processing /home/airflow/.local/lib/python3.9/site-packages/airflow/example_dags/tutorial.py took 0.161 seconds
[2025-05-13T02:50:25.059+0000] {processor.py:153} INFO - Started process (PID=607) to work on /home/airflow/.local/lib/python3.9/site-packages/airflow/example_dags/tutorial.py
[2025-05-13T02:50:25.060+0000] {processor.py:743} INFO - Processing file /home/airflow/.local/lib/python3.9/site-packages/airflow/example_dags/tutorial.py for tasks to queue
[2025-05-13T02:50:25.061+0000] {logging_mixin.py:137} INFO - [2025-05-13T02:50:25.061+0000] {dagbag.py:538} INFO - Filling up the DagBag from /home/airflow/.local/lib/python3.9/site-packages/airflow/example_dags/tutorial.py
[2025-05-13T02:50:25.085+0000] {processor.py:753} INFO - DAG(s) dict_keys(['tutorial']) retrieved from /home/airflow/.local/lib/python3.9/site-packages/airflow/example_dags/tutorial.py
[2025-05-13T02:50:25.145+0000] {logging_mixin.py:137} INFO - [2025-05-13T02:50:25.144+0000] {dag.py:2676} INFO - Sync 1 DAGs
[2025-05-13T02:50:25.174+0000] {logging_mixin.py:137} INFO - [2025-05-13T02:50:25.174+0000] {dag.py:3423} INFO - Setting next_dagrun for tutorial to 2025-05-12T02:50:25.174462+00:00, run_after=2025-05-13T02:50:25.174462+00:00
[2025-05-13T02:50:25.198+0000] {processor.py:175} INFO - Processing /home/airflow/.local/lib/python3.9/site-packages/airflow/example_dags/tutorial.py took 0.143 seconds
[2025-05-13T21:18:21.044+0000] {processor.py:153} INFO - Started process (PID=185) to work on /home/airflow/.local/lib/python3.9/site-packages/airflow/example_dags/tutorial.py
[2025-05-13T21:18:21.045+0000] {processor.py:743} INFO - Processing file /home/airflow/.local/lib/python3.9/site-packages/airflow/example_dags/tutorial.py for tasks to queue
[2025-05-13T21:18:21.046+0000] {logging_mixin.py:137} INFO - [2025-05-13T21:18:21.046+0000] {dagbag.py:538} INFO - Filling up the DagBag from /home/airflow/.local/lib/python3.9/site-packages/airflow/example_dags/tutorial.py
[2025-05-13T21:18:21.071+0000] {processor.py:753} INFO - DAG(s) dict_keys(['tutorial']) retrieved from /home/airflow/.local/lib/python3.9/site-packages/airflow/example_dags/tutorial.py
[2025-05-13T21:18:21.243+0000] {logging_mixin.py:137} INFO - [2025-05-13T21:18:21.243+0000] {manager.py:504} INFO - Created Permission View: can edit on DAG:tutorial
[2025-05-13T21:18:21.254+0000] {logging_mixin.py:137} INFO - [2025-05-13T21:18:21.254+0000] {manager.py:504} INFO - Created Permission View: can delete on DAG:tutorial
[2025-05-13T21:18:21.271+0000] {logging_mixin.py:137} INFO - [2025-05-13T21:18:21.271+0000] {manager.py:504} INFO - Created Permission View: can read on DAG:tutorial
[2025-05-13T21:18:21.272+0000] {logging_mixin.py:137} INFO - [2025-05-13T21:18:21.271+0000] {dag.py:2676} INFO - Sync 1 DAGs
[2025-05-13T21:18:21.291+0000] {logging_mixin.py:137} INFO - [2025-05-13T21:18:21.291+0000] {dag.py:2697} INFO - Creating ORM DAG for tutorial
[2025-05-13T21:18:21.309+0000] {logging_mixin.py:137} INFO - [2025-05-13T21:18:21.309+0000] {dag.py:3423} INFO - Setting next_dagrun for tutorial to 2025-05-12T21:18:21.309015+00:00, run_after=2025-05-13T21:18:21.309015+00:00
[2025-05-13T21:18:21.357+0000] {processor.py:175} INFO - Processing /home/airflow/.local/lib/python3.9/site-packages/airflow/example_dags/tutorial.py took 0.317 seconds
[2025-05-13T21:18:52.263+0000] {processor.py:153} INFO - Started process (PID=384) to work on /home/airflow/.local/lib/python3.9/site-packages/airflow/example_dags/tutorial.py
[2025-05-13T21:18:52.264+0000] {processor.py:743} INFO - Processing file /home/airflow/.local/lib/python3.9/site-packages/airflow/example_dags/tutorial.py for tasks to queue
[2025-05-13T21:18:52.265+0000] {logging_mixin.py:137} INFO - [2025-05-13T21:18:52.265+0000] {dagbag.py:538} INFO - Filling up the DagBag from /home/airflow/.local/lib/python3.9/site-packages/airflow/example_dags/tutorial.py
[2025-05-13T21:18:52.285+0000] {processor.py:753} INFO - DAG(s) dict_keys(['tutorial']) retrieved from /home/airflow/.local/lib/python3.9/site-packages/airflow/example_dags/tutorial.py
[2025-05-13T21:18:52.345+0000] {logging_mixin.py:137} INFO - [2025-05-13T21:18:52.345+0000] {dag.py:2676} INFO - Sync 1 DAGs
[2025-05-13T21:18:52.382+0000] {logging_mixin.py:137} INFO - [2025-05-13T21:18:52.382+0000] {dag.py:3423} INFO - Setting next_dagrun for tutorial to 2025-05-12T21:18:52.381720+00:00, run_after=2025-05-13T21:18:52.381720+00:00
[2025-05-13T21:18:52.420+0000] {processor.py:175} INFO - Processing /home/airflow/.local/lib/python3.9/site-packages/airflow/example_dags/tutorial.py took 0.161 seconds
[2025-05-13T21:19:22.889+0000] {processor.py:153} INFO - Started process (PID=587) to work on /home/airflow/.local/lib/python3.9/site-packages/airflow/example_dags/tutorial.py
[2025-05-13T21:19:22.890+0000] {processor.py:743} INFO - Processing file /home/airflow/.local/lib/python3.9/site-packages/airflow/example_dags/tutorial.py for tasks to queue
[2025-05-13T21:19:22.891+0000] {logging_mixin.py:137} INFO - [2025-05-13T21:19:22.891+0000] {dagbag.py:538} INFO - Filling up the DagBag from /home/airflow/.local/lib/python3.9/site-packages/airflow/example_dags/tutorial.py
[2025-05-13T21:19:22.918+0000] {processor.py:753} INFO - DAG(s) dict_keys(['tutorial']) retrieved from /home/airflow/.local/lib/python3.9/site-packages/airflow/example_dags/tutorial.py
[2025-05-13T21:19:22.986+0000] {logging_mixin.py:137} INFO - [2025-05-13T21:19:22.986+0000] {dag.py:2676} INFO - Sync 1 DAGs
[2025-05-13T21:19:23.033+0000] {logging_mixin.py:137} INFO - [2025-05-13T21:19:23.032+0000] {dag.py:3423} INFO - Setting next_dagrun for tutorial to 2025-05-12T21:19:23.032494+00:00, run_after=2025-05-13T21:19:23.032494+00:00
[2025-05-13T21:19:23.133+0000] {processor.py:175} INFO - Processing /home/airflow/.local/lib/python3.9/site-packages/airflow/example_dags/tutorial.py took 0.253 seconds
[2025-05-13T21:19:53.380+0000] {processor.py:153} INFO - Started process (PID=790) to work on /home/airflow/.local/lib/python3.9/site-packages/airflow/example_dags/tutorial.py
[2025-05-13T21:19:53.383+0000] {processor.py:743} INFO - Processing file /home/airflow/.local/lib/python3.9/site-packages/airflow/example_dags/tutorial.py for tasks to queue
[2025-05-13T21:19:53.385+0000] {logging_mixin.py:137} INFO - [2025-05-13T21:19:53.385+0000] {dagbag.py:538} INFO - Filling up the DagBag from /home/airflow/.local/lib/python3.9/site-packages/airflow/example_dags/tutorial.py
[2025-05-13T21:19:53.404+0000] {processor.py:753} INFO - DAG(s) dict_keys(['tutorial']) retrieved from /home/airflow/.local/lib/python3.9/site-packages/airflow/example_dags/tutorial.py
[2025-05-13T21:19:53.467+0000] {logging_mixin.py:137} INFO - [2025-05-13T21:19:53.467+0000] {dag.py:2676} INFO - Sync 1 DAGs
[2025-05-13T21:19:53.521+0000] {logging_mixin.py:137} INFO - [2025-05-13T21:19:53.521+0000] {dag.py:3423} INFO - Setting next_dagrun for tutorial to 2025-05-12T21:19:53.520705+00:00, run_after=2025-05-13T21:19:53.520705+00:00
[2025-05-13T21:19:53.580+0000] {processor.py:175} INFO - Processing /home/airflow/.local/lib/python3.9/site-packages/airflow/example_dags/tutorial.py took 0.203 seconds
[2025-05-13T21:20:23.723+0000] {processor.py:153} INFO - Started process (PID=993) to work on /home/airflow/.local/lib/python3.9/site-packages/airflow/example_dags/tutorial.py
[2025-05-13T21:20:23.724+0000] {processor.py:743} INFO - Processing file /home/airflow/.local/lib/python3.9/site-packages/airflow/example_dags/tutorial.py for tasks to queue
[2025-05-13T21:20:23.726+0000] {logging_mixin.py:137} INFO - [2025-05-13T21:20:23.726+0000] {dagbag.py:538} INFO - Filling up the DagBag from /home/airflow/.local/lib/python3.9/site-packages/airflow/example_dags/tutorial.py
[2025-05-13T21:20:23.755+0000] {processor.py:753} INFO - DAG(s) dict_keys(['tutorial']) retrieved from /home/airflow/.local/lib/python3.9/site-packages/airflow/example_dags/tutorial.py
[2025-05-13T21:20:23.833+0000] {logging_mixin.py:137} INFO - [2025-05-13T21:20:23.832+0000] {dag.py:2676} INFO - Sync 1 DAGs
[2025-05-13T21:20:23.875+0000] {logging_mixin.py:137} INFO - [2025-05-13T21:20:23.874+0000] {dag.py:3423} INFO - Setting next_dagrun for tutorial to 2025-05-12T21:20:23.874597+00:00, run_after=2025-05-13T21:20:23.874597+00:00
[2025-05-13T21:20:23.907+0000] {processor.py:175} INFO - Processing /home/airflow/.local/lib/python3.9/site-packages/airflow/example_dags/tutorial.py took 0.190 seconds
[2025-05-13T21:20:54.214+0000] {processor.py:153} INFO - Started process (PID=1199) to work on /home/airflow/.local/lib/python3.9/site-packages/airflow/example_dags/tutorial.py
[2025-05-13T21:20:54.216+0000] {processor.py:743} INFO - Processing file /home/airflow/.local/lib/python3.9/site-packages/airflow/example_dags/tutorial.py for tasks to queue
[2025-05-13T21:20:54.217+0000] {logging_mixin.py:137} INFO - [2025-05-13T21:20:54.217+0000] {dagbag.py:538} INFO - Filling up the DagBag from /home/airflow/.local/lib/python3.9/site-packages/airflow/example_dags/tutorial.py
[2025-05-13T21:20:54.240+0000] {processor.py:753} INFO - DAG(s) dict_keys(['tutorial']) retrieved from /home/airflow/.local/lib/python3.9/site-packages/airflow/example_dags/tutorial.py
[2025-05-13T21:20:54.313+0000] {logging_mixin.py:137} INFO - [2025-05-13T21:20:54.313+0000] {dag.py:2676} INFO - Sync 1 DAGs
[2025-05-13T21:20:54.347+0000] {logging_mixin.py:137} INFO - [2025-05-13T21:20:54.347+0000] {dag.py:3423} INFO - Setting next_dagrun for tutorial to 2025-05-12T21:20:54.347109+00:00, run_after=2025-05-13T21:20:54.347109+00:00
[2025-05-13T21:20:54.374+0000] {processor.py:175} INFO - Processing /home/airflow/.local/lib/python3.9/site-packages/airflow/example_dags/tutorial.py took 0.164 seconds
[2025-05-13T21:21:24.606+0000] {processor.py:153} INFO - Started process (PID=1402) to work on /home/airflow/.local/lib/python3.9/site-packages/airflow/example_dags/tutorial.py
[2025-05-13T21:21:24.607+0000] {processor.py:743} INFO - Processing file /home/airflow/.local/lib/python3.9/site-packages/airflow/example_dags/tutorial.py for tasks to queue
[2025-05-13T21:21:24.608+0000] {logging_mixin.py:137} INFO - [2025-05-13T21:21:24.608+0000] {dagbag.py:538} INFO - Filling up the DagBag from /home/airflow/.local/lib/python3.9/site-packages/airflow/example_dags/tutorial.py
[2025-05-13T21:21:24.633+0000] {processor.py:753} INFO - DAG(s) dict_keys(['tutorial']) retrieved from /home/airflow/.local/lib/python3.9/site-packages/airflow/example_dags/tutorial.py
[2025-05-13T21:21:24.684+0000] {logging_mixin.py:137} INFO - [2025-05-13T21:21:24.684+0000] {dag.py:2676} INFO - Sync 1 DAGs
[2025-05-13T21:21:24.714+0000] {logging_mixin.py:137} INFO - [2025-05-13T21:21:24.714+0000] {dag.py:3423} INFO - Setting next_dagrun for tutorial to 2025-05-12T21:21:24.714126+00:00, run_after=2025-05-13T21:21:24.714126+00:00
[2025-05-13T21:21:24.741+0000] {processor.py:175} INFO - Processing /home/airflow/.local/lib/python3.9/site-packages/airflow/example_dags/tutorial.py took 0.139 seconds
[2025-05-13T21:21:55.479+0000] {processor.py:153} INFO - Started process (PID=1612) to work on /home/airflow/.local/lib/python3.9/site-packages/airflow/example_dags/tutorial.py
[2025-05-13T21:21:55.481+0000] {processor.py:743} INFO - Processing file /home/airflow/.local/lib/python3.9/site-packages/airflow/example_dags/tutorial.py for tasks to queue
[2025-05-13T21:21:55.482+0000] {logging_mixin.py:137} INFO - [2025-05-13T21:21:55.482+0000] {dagbag.py:538} INFO - Filling up the DagBag from /home/airflow/.local/lib/python3.9/site-packages/airflow/example_dags/tutorial.py
[2025-05-13T21:21:55.507+0000] {processor.py:753} INFO - DAG(s) dict_keys(['tutorial']) retrieved from /home/airflow/.local/lib/python3.9/site-packages/airflow/example_dags/tutorial.py
[2025-05-13T21:21:55.587+0000] {logging_mixin.py:137} INFO - [2025-05-13T21:21:55.587+0000] {dag.py:2676} INFO - Sync 1 DAGs
[2025-05-13T21:21:55.632+0000] {logging_mixin.py:137} INFO - [2025-05-13T21:21:55.631+0000] {dag.py:3423} INFO - Setting next_dagrun for tutorial to 2025-05-12T21:21:55.631360+00:00, run_after=2025-05-13T21:21:55.631360+00:00
[2025-05-13T21:21:55.659+0000] {processor.py:175} INFO - Processing /home/airflow/.local/lib/python3.9/site-packages/airflow/example_dags/tutorial.py took 0.184 seconds
[2025-05-13T21:22:25.840+0000] {processor.py:153} INFO - Started process (PID=1815) to work on /home/airflow/.local/lib/python3.9/site-packages/airflow/example_dags/tutorial.py
[2025-05-13T21:22:25.841+0000] {processor.py:743} INFO - Processing file /home/airflow/.local/lib/python3.9/site-packages/airflow/example_dags/tutorial.py for tasks to queue
[2025-05-13T21:22:25.842+0000] {logging_mixin.py:137} INFO - [2025-05-13T21:22:25.842+0000] {dagbag.py:538} INFO - Filling up the DagBag from /home/airflow/.local/lib/python3.9/site-packages/airflow/example_dags/tutorial.py
[2025-05-13T21:22:25.863+0000] {processor.py:753} INFO - DAG(s) dict_keys(['tutorial']) retrieved from /home/airflow/.local/lib/python3.9/site-packages/airflow/example_dags/tutorial.py
[2025-05-13T21:22:25.918+0000] {logging_mixin.py:137} INFO - [2025-05-13T21:22:25.918+0000] {dag.py:2676} INFO - Sync 1 DAGs
[2025-05-13T21:22:25.950+0000] {logging_mixin.py:137} INFO - [2025-05-13T21:22:25.950+0000] {dag.py:3423} INFO - Setting next_dagrun for tutorial to 2025-05-12T21:22:25.949979+00:00, run_after=2025-05-13T21:22:25.949979+00:00
[2025-05-13T21:22:25.984+0000] {processor.py:175} INFO - Processing /home/airflow/.local/lib/python3.9/site-packages/airflow/example_dags/tutorial.py took 0.149 seconds
[2025-05-13T21:22:56.390+0000] {processor.py:153} INFO - Started process (PID=2016) to work on /home/airflow/.local/lib/python3.9/site-packages/airflow/example_dags/tutorial.py
[2025-05-13T21:22:56.391+0000] {processor.py:743} INFO - Processing file /home/airflow/.local/lib/python3.9/site-packages/airflow/example_dags/tutorial.py for tasks to queue
[2025-05-13T21:22:56.392+0000] {logging_mixin.py:137} INFO - [2025-05-13T21:22:56.392+0000] {dagbag.py:538} INFO - Filling up the DagBag from /home/airflow/.local/lib/python3.9/site-packages/airflow/example_dags/tutorial.py
[2025-05-13T21:22:56.407+0000] {processor.py:753} INFO - DAG(s) dict_keys(['tutorial']) retrieved from /home/airflow/.local/lib/python3.9/site-packages/airflow/example_dags/tutorial.py
[2025-05-13T21:22:56.451+0000] {logging_mixin.py:137} INFO - [2025-05-13T21:22:56.451+0000] {dag.py:2676} INFO - Sync 1 DAGs
[2025-05-13T21:22:56.477+0000] {logging_mixin.py:137} INFO - [2025-05-13T21:22:56.477+0000] {dag.py:3423} INFO - Setting next_dagrun for tutorial to 2025-05-12T21:22:56.477114+00:00, run_after=2025-05-13T21:22:56.477114+00:00
[2025-05-13T21:22:56.501+0000] {processor.py:175} INFO - Processing /home/airflow/.local/lib/python3.9/site-packages/airflow/example_dags/tutorial.py took 0.114 seconds
[2025-05-13T21:23:26.986+0000] {processor.py:153} INFO - Started process (PID=2215) to work on /home/airflow/.local/lib/python3.9/site-packages/airflow/example_dags/tutorial.py
[2025-05-13T21:23:26.987+0000] {processor.py:743} INFO - Processing file /home/airflow/.local/lib/python3.9/site-packages/airflow/example_dags/tutorial.py for tasks to queue
[2025-05-13T21:23:26.989+0000] {logging_mixin.py:137} INFO - [2025-05-13T21:23:26.988+0000] {dagbag.py:538} INFO - Filling up the DagBag from /home/airflow/.local/lib/python3.9/site-packages/airflow/example_dags/tutorial.py
[2025-05-13T21:23:27.022+0000] {processor.py:753} INFO - DAG(s) dict_keys(['tutorial']) retrieved from /home/airflow/.local/lib/python3.9/site-packages/airflow/example_dags/tutorial.py
[2025-05-13T21:23:27.105+0000] {logging_mixin.py:137} INFO - [2025-05-13T21:23:27.105+0000] {dag.py:2676} INFO - Sync 1 DAGs
[2025-05-13T21:23:27.145+0000] {logging_mixin.py:137} INFO - [2025-05-13T21:23:27.145+0000] {dag.py:3423} INFO - Setting next_dagrun for tutorial to 2025-05-12T21:23:27.144432+00:00, run_after=2025-05-13T21:23:27.144432+00:00
[2025-05-13T21:23:27.177+0000] {processor.py:175} INFO - Processing /home/airflow/.local/lib/python3.9/site-packages/airflow/example_dags/tutorial.py took 0.198 seconds
[2025-05-13T21:23:57.532+0000] {processor.py:153} INFO - Started process (PID=2418) to work on /home/airflow/.local/lib/python3.9/site-packages/airflow/example_dags/tutorial.py
[2025-05-13T21:23:57.533+0000] {processor.py:743} INFO - Processing file /home/airflow/.local/lib/python3.9/site-packages/airflow/example_dags/tutorial.py for tasks to queue
[2025-05-13T21:23:57.534+0000] {logging_mixin.py:137} INFO - [2025-05-13T21:23:57.534+0000] {dagbag.py:538} INFO - Filling up the DagBag from /home/airflow/.local/lib/python3.9/site-packages/airflow/example_dags/tutorial.py
[2025-05-13T21:23:57.553+0000] {processor.py:753} INFO - DAG(s) dict_keys(['tutorial']) retrieved from /home/airflow/.local/lib/python3.9/site-packages/airflow/example_dags/tutorial.py
[2025-05-13T21:23:57.603+0000] {logging_mixin.py:137} INFO - [2025-05-13T21:23:57.603+0000] {dag.py:2676} INFO - Sync 1 DAGs
[2025-05-13T21:23:57.631+0000] {logging_mixin.py:137} INFO - [2025-05-13T21:23:57.631+0000] {dag.py:3423} INFO - Setting next_dagrun for tutorial to 2025-05-12T21:23:57.631534+00:00, run_after=2025-05-13T21:23:57.631534+00:00
[2025-05-13T21:23:57.653+0000] {processor.py:175} INFO - Processing /home/airflow/.local/lib/python3.9/site-packages/airflow/example_dags/tutorial.py took 0.126 seconds
[2025-05-13T21:24:28.204+0000] {processor.py:153} INFO - Started process (PID=2621) to work on /home/airflow/.local/lib/python3.9/site-packages/airflow/example_dags/tutorial.py
[2025-05-13T21:24:28.205+0000] {processor.py:743} INFO - Processing file /home/airflow/.local/lib/python3.9/site-packages/airflow/example_dags/tutorial.py for tasks to queue
[2025-05-13T21:24:28.206+0000] {logging_mixin.py:137} INFO - [2025-05-13T21:24:28.206+0000] {dagbag.py:538} INFO - Filling up the DagBag from /home/airflow/.local/lib/python3.9/site-packages/airflow/example_dags/tutorial.py
[2025-05-13T21:24:28.227+0000] {processor.py:753} INFO - DAG(s) dict_keys(['tutorial']) retrieved from /home/airflow/.local/lib/python3.9/site-packages/airflow/example_dags/tutorial.py
[2025-05-13T21:24:28.287+0000] {logging_mixin.py:137} INFO - [2025-05-13T21:24:28.286+0000] {dag.py:2676} INFO - Sync 1 DAGs
[2025-05-13T21:24:28.323+0000] {logging_mixin.py:137} INFO - [2025-05-13T21:24:28.323+0000] {dag.py:3423} INFO - Setting next_dagrun for tutorial to 2025-05-12T21:24:28.323174+00:00, run_after=2025-05-13T21:24:28.323174+00:00
[2025-05-13T21:24:28.356+0000] {processor.py:175} INFO - Processing /home/airflow/.local/lib/python3.9/site-packages/airflow/example_dags/tutorial.py took 0.157 seconds
[2025-05-13T21:24:58.989+0000] {processor.py:153} INFO - Started process (PID=2824) to work on /home/airflow/.local/lib/python3.9/site-packages/airflow/example_dags/tutorial.py
[2025-05-13T21:24:58.990+0000] {processor.py:743} INFO - Processing file /home/airflow/.local/lib/python3.9/site-packages/airflow/example_dags/tutorial.py for tasks to queue
[2025-05-13T21:24:58.991+0000] {logging_mixin.py:137} INFO - [2025-05-13T21:24:58.991+0000] {dagbag.py:538} INFO - Filling up the DagBag from /home/airflow/.local/lib/python3.9/site-packages/airflow/example_dags/tutorial.py
[2025-05-13T21:24:59.011+0000] {processor.py:753} INFO - DAG(s) dict_keys(['tutorial']) retrieved from /home/airflow/.local/lib/python3.9/site-packages/airflow/example_dags/tutorial.py
[2025-05-13T21:24:59.059+0000] {logging_mixin.py:137} INFO - [2025-05-13T21:24:59.059+0000] {dag.py:2676} INFO - Sync 1 DAGs
[2025-05-13T21:24:59.087+0000] {logging_mixin.py:137} INFO - [2025-05-13T21:24:59.086+0000] {dag.py:3423} INFO - Setting next_dagrun for tutorial to 2025-05-12T21:24:59.086635+00:00, run_after=2025-05-13T21:24:59.086635+00:00
[2025-05-13T21:24:59.108+0000] {processor.py:175} INFO - Processing /home/airflow/.local/lib/python3.9/site-packages/airflow/example_dags/tutorial.py took 0.124 seconds
[2025-05-13T21:25:29.479+0000] {processor.py:153} INFO - Started process (PID=3027) to work on /home/airflow/.local/lib/python3.9/site-packages/airflow/example_dags/tutorial.py
[2025-05-13T21:25:29.481+0000] {processor.py:743} INFO - Processing file /home/airflow/.local/lib/python3.9/site-packages/airflow/example_dags/tutorial.py for tasks to queue
[2025-05-13T21:25:29.482+0000] {logging_mixin.py:137} INFO - [2025-05-13T21:25:29.482+0000] {dagbag.py:538} INFO - Filling up the DagBag from /home/airflow/.local/lib/python3.9/site-packages/airflow/example_dags/tutorial.py
[2025-05-13T21:25:29.502+0000] {processor.py:753} INFO - DAG(s) dict_keys(['tutorial']) retrieved from /home/airflow/.local/lib/python3.9/site-packages/airflow/example_dags/tutorial.py
[2025-05-13T21:25:29.554+0000] {logging_mixin.py:137} INFO - [2025-05-13T21:25:29.554+0000] {dag.py:2676} INFO - Sync 1 DAGs
[2025-05-13T21:25:29.584+0000] {logging_mixin.py:137} INFO - [2025-05-13T21:25:29.584+0000] {dag.py:3423} INFO - Setting next_dagrun for tutorial to 2025-05-12T21:25:29.584256+00:00, run_after=2025-05-13T21:25:29.584256+00:00
[2025-05-13T21:25:29.610+0000] {processor.py:175} INFO - Processing /home/airflow/.local/lib/python3.9/site-packages/airflow/example_dags/tutorial.py took 0.135 seconds
[2025-05-13T21:26:00.012+0000] {processor.py:153} INFO - Started process (PID=3242) to work on /home/airflow/.local/lib/python3.9/site-packages/airflow/example_dags/tutorial.py
[2025-05-13T21:26:00.013+0000] {processor.py:743} INFO - Processing file /home/airflow/.local/lib/python3.9/site-packages/airflow/example_dags/tutorial.py for tasks to queue
[2025-05-13T21:26:00.014+0000] {logging_mixin.py:137} INFO - [2025-05-13T21:26:00.014+0000] {dagbag.py:538} INFO - Filling up the DagBag from /home/airflow/.local/lib/python3.9/site-packages/airflow/example_dags/tutorial.py
[2025-05-13T21:26:00.035+0000] {processor.py:753} INFO - DAG(s) dict_keys(['tutorial']) retrieved from /home/airflow/.local/lib/python3.9/site-packages/airflow/example_dags/tutorial.py
[2025-05-13T21:26:00.088+0000] {logging_mixin.py:137} INFO - [2025-05-13T21:26:00.088+0000] {dag.py:2676} INFO - Sync 1 DAGs
[2025-05-13T21:26:00.123+0000] {logging_mixin.py:137} INFO - [2025-05-13T21:26:00.123+0000] {dag.py:3423} INFO - Setting next_dagrun for tutorial to 2025-05-12T21:26:00.123041+00:00, run_after=2025-05-13T21:26:00.123041+00:00
[2025-05-13T21:26:00.153+0000] {processor.py:175} INFO - Processing /home/airflow/.local/lib/python3.9/site-packages/airflow/example_dags/tutorial.py took 0.146 seconds
[2025-05-13T21:26:30.707+0000] {processor.py:153} INFO - Started process (PID=3445) to work on /home/airflow/.local/lib/python3.9/site-packages/airflow/example_dags/tutorial.py
[2025-05-13T21:26:30.708+0000] {processor.py:743} INFO - Processing file /home/airflow/.local/lib/python3.9/site-packages/airflow/example_dags/tutorial.py for tasks to queue
[2025-05-13T21:26:30.709+0000] {logging_mixin.py:137} INFO - [2025-05-13T21:26:30.709+0000] {dagbag.py:538} INFO - Filling up the DagBag from /home/airflow/.local/lib/python3.9/site-packages/airflow/example_dags/tutorial.py
[2025-05-13T21:26:30.730+0000] {processor.py:753} INFO - DAG(s) dict_keys(['tutorial']) retrieved from /home/airflow/.local/lib/python3.9/site-packages/airflow/example_dags/tutorial.py
[2025-05-13T21:26:30.784+0000] {logging_mixin.py:137} INFO - [2025-05-13T21:26:30.784+0000] {dag.py:2676} INFO - Sync 1 DAGs
[2025-05-13T21:26:30.815+0000] {logging_mixin.py:137} INFO - [2025-05-13T21:26:30.815+0000] {dag.py:3423} INFO - Setting next_dagrun for tutorial to 2025-05-12T21:26:30.815433+00:00, run_after=2025-05-13T21:26:30.815433+00:00
[2025-05-13T21:26:30.843+0000] {processor.py:175} INFO - Processing /home/airflow/.local/lib/python3.9/site-packages/airflow/example_dags/tutorial.py took 0.140 seconds
[2025-05-13T21:27:01.526+0000] {processor.py:153} INFO - Started process (PID=3648) to work on /home/airflow/.local/lib/python3.9/site-packages/airflow/example_dags/tutorial.py
[2025-05-13T21:27:01.527+0000] {processor.py:743} INFO - Processing file /home/airflow/.local/lib/python3.9/site-packages/airflow/example_dags/tutorial.py for tasks to queue
[2025-05-13T21:27:01.528+0000] {logging_mixin.py:137} INFO - [2025-05-13T21:27:01.528+0000] {dagbag.py:538} INFO - Filling up the DagBag from /home/airflow/.local/lib/python3.9/site-packages/airflow/example_dags/tutorial.py
[2025-05-13T21:27:01.549+0000] {processor.py:753} INFO - DAG(s) dict_keys(['tutorial']) retrieved from /home/airflow/.local/lib/python3.9/site-packages/airflow/example_dags/tutorial.py
[2025-05-13T21:27:01.605+0000] {logging_mixin.py:137} INFO - [2025-05-13T21:27:01.605+0000] {dag.py:2676} INFO - Sync 1 DAGs
[2025-05-13T21:27:01.638+0000] {logging_mixin.py:137} INFO - [2025-05-13T21:27:01.638+0000] {dag.py:3423} INFO - Setting next_dagrun for tutorial to 2025-05-12T21:27:01.638504+00:00, run_after=2025-05-13T21:27:01.638504+00:00
[2025-05-13T21:27:01.664+0000] {processor.py:175} INFO - Processing /home/airflow/.local/lib/python3.9/site-packages/airflow/example_dags/tutorial.py took 0.143 seconds
[2025-05-13T21:27:31.878+0000] {processor.py:153} INFO - Started process (PID=3851) to work on /home/airflow/.local/lib/python3.9/site-packages/airflow/example_dags/tutorial.py
[2025-05-13T21:27:31.882+0000] {processor.py:743} INFO - Processing file /home/airflow/.local/lib/python3.9/site-packages/airflow/example_dags/tutorial.py for tasks to queue
[2025-05-13T21:27:31.885+0000] {logging_mixin.py:137} INFO - [2025-05-13T21:27:31.884+0000] {dagbag.py:538} INFO - Filling up the DagBag from /home/airflow/.local/lib/python3.9/site-packages/airflow/example_dags/tutorial.py
[2025-05-13T21:27:31.962+0000] {processor.py:753} INFO - DAG(s) dict_keys(['tutorial']) retrieved from /home/airflow/.local/lib/python3.9/site-packages/airflow/example_dags/tutorial.py
[2025-05-13T21:27:32.049+0000] {logging_mixin.py:137} INFO - [2025-05-13T21:27:32.049+0000] {dag.py:2676} INFO - Sync 1 DAGs
[2025-05-13T21:27:32.108+0000] {logging_mixin.py:137} INFO - [2025-05-13T21:27:32.108+0000] {dag.py:3423} INFO - Setting next_dagrun for tutorial to 2025-05-12T21:27:32.107723+00:00, run_after=2025-05-13T21:27:32.107723+00:00
[2025-05-13T21:27:32.155+0000] {processor.py:175} INFO - Processing /home/airflow/.local/lib/python3.9/site-packages/airflow/example_dags/tutorial.py took 0.285 seconds
[2025-05-13T21:28:02.666+0000] {processor.py:153} INFO - Started process (PID=4052) to work on /home/airflow/.local/lib/python3.9/site-packages/airflow/example_dags/tutorial.py
[2025-05-13T21:28:02.668+0000] {processor.py:743} INFO - Processing file /home/airflow/.local/lib/python3.9/site-packages/airflow/example_dags/tutorial.py for tasks to queue
[2025-05-13T21:28:02.669+0000] {logging_mixin.py:137} INFO - [2025-05-13T21:28:02.669+0000] {dagbag.py:538} INFO - Filling up the DagBag from /home/airflow/.local/lib/python3.9/site-packages/airflow/example_dags/tutorial.py
[2025-05-13T21:28:02.690+0000] {processor.py:753} INFO - DAG(s) dict_keys(['tutorial']) retrieved from /home/airflow/.local/lib/python3.9/site-packages/airflow/example_dags/tutorial.py
[2025-05-13T21:28:02.734+0000] {logging_mixin.py:137} INFO - [2025-05-13T21:28:02.734+0000] {dag.py:2676} INFO - Sync 1 DAGs
[2025-05-13T21:28:02.798+0000] {logging_mixin.py:137} INFO - [2025-05-13T21:28:02.798+0000] {dag.py:3423} INFO - Setting next_dagrun for tutorial to 2025-05-12T21:28:02.798308+00:00, run_after=2025-05-13T21:28:02.798308+00:00
[2025-05-13T21:28:02.835+0000] {processor.py:175} INFO - Processing /home/airflow/.local/lib/python3.9/site-packages/airflow/example_dags/tutorial.py took 0.174 seconds
[2025-05-13T21:28:33.325+0000] {processor.py:153} INFO - Started process (PID=4253) to work on /home/airflow/.local/lib/python3.9/site-packages/airflow/example_dags/tutorial.py
[2025-05-13T21:28:33.326+0000] {processor.py:743} INFO - Processing file /home/airflow/.local/lib/python3.9/site-packages/airflow/example_dags/tutorial.py for tasks to queue
[2025-05-13T21:28:33.327+0000] {logging_mixin.py:137} INFO - [2025-05-13T21:28:33.327+0000] {dagbag.py:538} INFO - Filling up the DagBag from /home/airflow/.local/lib/python3.9/site-packages/airflow/example_dags/tutorial.py
[2025-05-13T21:28:33.350+0000] {processor.py:753} INFO - DAG(s) dict_keys(['tutorial']) retrieved from /home/airflow/.local/lib/python3.9/site-packages/airflow/example_dags/tutorial.py
[2025-05-13T21:28:33.399+0000] {logging_mixin.py:137} INFO - [2025-05-13T21:28:33.399+0000] {dag.py:2676} INFO - Sync 1 DAGs
[2025-05-13T21:28:33.428+0000] {logging_mixin.py:137} INFO - [2025-05-13T21:28:33.428+0000] {dag.py:3423} INFO - Setting next_dagrun for tutorial to 2025-05-12T21:28:33.427748+00:00, run_after=2025-05-13T21:28:33.427748+00:00
[2025-05-13T21:28:33.453+0000] {processor.py:175} INFO - Processing /home/airflow/.local/lib/python3.9/site-packages/airflow/example_dags/tutorial.py took 0.133 seconds
[2025-05-13T21:29:03.812+0000] {processor.py:153} INFO - Started process (PID=4454) to work on /home/airflow/.local/lib/python3.9/site-packages/airflow/example_dags/tutorial.py
[2025-05-13T21:29:03.813+0000] {processor.py:743} INFO - Processing file /home/airflow/.local/lib/python3.9/site-packages/airflow/example_dags/tutorial.py for tasks to queue
[2025-05-13T21:29:03.814+0000] {logging_mixin.py:137} INFO - [2025-05-13T21:29:03.814+0000] {dagbag.py:538} INFO - Filling up the DagBag from /home/airflow/.local/lib/python3.9/site-packages/airflow/example_dags/tutorial.py
[2025-05-13T21:29:03.833+0000] {processor.py:753} INFO - DAG(s) dict_keys(['tutorial']) retrieved from /home/airflow/.local/lib/python3.9/site-packages/airflow/example_dags/tutorial.py
[2025-05-13T21:29:03.881+0000] {logging_mixin.py:137} INFO - [2025-05-13T21:29:03.881+0000] {dag.py:2676} INFO - Sync 1 DAGs
[2025-05-13T21:29:03.904+0000] {logging_mixin.py:137} INFO - [2025-05-13T21:29:03.903+0000] {dag.py:3423} INFO - Setting next_dagrun for tutorial to 2025-05-12T21:29:03.903757+00:00, run_after=2025-05-13T21:29:03.903757+00:00
[2025-05-13T21:29:03.921+0000] {processor.py:175} INFO - Processing /home/airflow/.local/lib/python3.9/site-packages/airflow/example_dags/tutorial.py took 0.113 seconds
[2025-05-13T21:29:34.013+0000] {processor.py:153} INFO - Started process (PID=4657) to work on /home/airflow/.local/lib/python3.9/site-packages/airflow/example_dags/tutorial.py
[2025-05-13T21:29:34.015+0000] {processor.py:743} INFO - Processing file /home/airflow/.local/lib/python3.9/site-packages/airflow/example_dags/tutorial.py for tasks to queue
[2025-05-13T21:29:34.018+0000] {logging_mixin.py:137} INFO - [2025-05-13T21:29:34.018+0000] {dagbag.py:538} INFO - Filling up the DagBag from /home/airflow/.local/lib/python3.9/site-packages/airflow/example_dags/tutorial.py
[2025-05-13T21:29:34.041+0000] {processor.py:753} INFO - DAG(s) dict_keys(['tutorial']) retrieved from /home/airflow/.local/lib/python3.9/site-packages/airflow/example_dags/tutorial.py
[2025-05-13T21:29:34.092+0000] {logging_mixin.py:137} INFO - [2025-05-13T21:29:34.092+0000] {dag.py:2676} INFO - Sync 1 DAGs
[2025-05-13T21:29:34.122+0000] {logging_mixin.py:137} INFO - [2025-05-13T21:29:34.122+0000] {dag.py:3423} INFO - Setting next_dagrun for tutorial to 2025-05-12T21:29:34.122341+00:00, run_after=2025-05-13T21:29:34.122341+00:00
[2025-05-13T21:29:34.147+0000] {processor.py:175} INFO - Processing /home/airflow/.local/lib/python3.9/site-packages/airflow/example_dags/tutorial.py took 0.138 seconds
[2025-05-13T21:30:04.734+0000] {processor.py:153} INFO - Started process (PID=4857) to work on /home/airflow/.local/lib/python3.9/site-packages/airflow/example_dags/tutorial.py
[2025-05-13T21:30:04.736+0000] {processor.py:743} INFO - Processing file /home/airflow/.local/lib/python3.9/site-packages/airflow/example_dags/tutorial.py for tasks to queue
[2025-05-13T21:30:04.738+0000] {logging_mixin.py:137} INFO - [2025-05-13T21:30:04.737+0000] {dagbag.py:538} INFO - Filling up the DagBag from /home/airflow/.local/lib/python3.9/site-packages/airflow/example_dags/tutorial.py
[2025-05-13T21:30:04.763+0000] {processor.py:753} INFO - DAG(s) dict_keys(['tutorial']) retrieved from /home/airflow/.local/lib/python3.9/site-packages/airflow/example_dags/tutorial.py
[2025-05-13T21:30:04.816+0000] {logging_mixin.py:137} INFO - [2025-05-13T21:30:04.816+0000] {dag.py:2676} INFO - Sync 1 DAGs
[2025-05-13T21:30:04.859+0000] {logging_mixin.py:137} INFO - [2025-05-13T21:30:04.859+0000] {dag.py:3423} INFO - Setting next_dagrun for tutorial to 2025-05-12T21:30:04.859161+00:00, run_after=2025-05-13T21:30:04.859161+00:00
[2025-05-13T21:30:04.882+0000] {processor.py:175} INFO - Processing /home/airflow/.local/lib/python3.9/site-packages/airflow/example_dags/tutorial.py took 0.153 seconds
[2025-05-13T21:30:35.272+0000] {processor.py:153} INFO - Started process (PID=5060) to work on /home/airflow/.local/lib/python3.9/site-packages/airflow/example_dags/tutorial.py
[2025-05-13T21:30:35.273+0000] {processor.py:743} INFO - Processing file /home/airflow/.local/lib/python3.9/site-packages/airflow/example_dags/tutorial.py for tasks to queue
[2025-05-13T21:30:35.274+0000] {logging_mixin.py:137} INFO - [2025-05-13T21:30:35.273+0000] {dagbag.py:538} INFO - Filling up the DagBag from /home/airflow/.local/lib/python3.9/site-packages/airflow/example_dags/tutorial.py
[2025-05-13T21:30:35.293+0000] {processor.py:753} INFO - DAG(s) dict_keys(['tutorial']) retrieved from /home/airflow/.local/lib/python3.9/site-packages/airflow/example_dags/tutorial.py
[2025-05-13T21:30:35.341+0000] {logging_mixin.py:137} INFO - [2025-05-13T21:30:35.341+0000] {dag.py:2676} INFO - Sync 1 DAGs
[2025-05-13T21:30:35.368+0000] {logging_mixin.py:137} INFO - [2025-05-13T21:30:35.368+0000] {dag.py:3423} INFO - Setting next_dagrun for tutorial to 2025-05-12T21:30:35.368481+00:00, run_after=2025-05-13T21:30:35.368481+00:00
[2025-05-13T21:30:35.394+0000] {processor.py:175} INFO - Processing /home/airflow/.local/lib/python3.9/site-packages/airflow/example_dags/tutorial.py took 0.127 seconds
[2025-05-13T21:31:05.888+0000] {processor.py:153} INFO - Started process (PID=5267) to work on /home/airflow/.local/lib/python3.9/site-packages/airflow/example_dags/tutorial.py
[2025-05-13T21:31:05.889+0000] {processor.py:743} INFO - Processing file /home/airflow/.local/lib/python3.9/site-packages/airflow/example_dags/tutorial.py for tasks to queue
[2025-05-13T21:31:05.890+0000] {logging_mixin.py:137} INFO - [2025-05-13T21:31:05.890+0000] {dagbag.py:538} INFO - Filling up the DagBag from /home/airflow/.local/lib/python3.9/site-packages/airflow/example_dags/tutorial.py
[2025-05-13T21:31:05.905+0000] {processor.py:753} INFO - DAG(s) dict_keys(['tutorial']) retrieved from /home/airflow/.local/lib/python3.9/site-packages/airflow/example_dags/tutorial.py
[2025-05-13T21:31:05.961+0000] {logging_mixin.py:137} INFO - [2025-05-13T21:31:05.961+0000] {dag.py:2676} INFO - Sync 1 DAGs
[2025-05-13T21:31:05.991+0000] {logging_mixin.py:137} INFO - [2025-05-13T21:31:05.991+0000] {dag.py:3423} INFO - Setting next_dagrun for tutorial to 2025-05-12T21:31:05.991117+00:00, run_after=2025-05-13T21:31:05.991117+00:00
[2025-05-13T21:31:06.022+0000] {processor.py:175} INFO - Processing /home/airflow/.local/lib/python3.9/site-packages/airflow/example_dags/tutorial.py took 0.138 seconds
[2025-05-13T21:31:36.651+0000] {processor.py:153} INFO - Started process (PID=5470) to work on /home/airflow/.local/lib/python3.9/site-packages/airflow/example_dags/tutorial.py
[2025-05-13T21:31:36.653+0000] {processor.py:743} INFO - Processing file /home/airflow/.local/lib/python3.9/site-packages/airflow/example_dags/tutorial.py for tasks to queue
[2025-05-13T21:31:36.660+0000] {logging_mixin.py:137} INFO - [2025-05-13T21:31:36.660+0000] {dagbag.py:538} INFO - Filling up the DagBag from /home/airflow/.local/lib/python3.9/site-packages/airflow/example_dags/tutorial.py
[2025-05-13T21:31:36.687+0000] {processor.py:753} INFO - DAG(s) dict_keys(['tutorial']) retrieved from /home/airflow/.local/lib/python3.9/site-packages/airflow/example_dags/tutorial.py
[2025-05-13T21:31:36.740+0000] {logging_mixin.py:137} INFO - [2025-05-13T21:31:36.740+0000] {dag.py:2676} INFO - Sync 1 DAGs
[2025-05-13T21:31:36.776+0000] {logging_mixin.py:137} INFO - [2025-05-13T21:31:36.776+0000] {dag.py:3423} INFO - Setting next_dagrun for tutorial to 2025-05-12T21:31:36.776097+00:00, run_after=2025-05-13T21:31:36.776097+00:00
[2025-05-13T21:31:36.802+0000] {processor.py:175} INFO - Processing /home/airflow/.local/lib/python3.9/site-packages/airflow/example_dags/tutorial.py took 0.157 seconds
[2025-05-13T21:32:07.442+0000] {processor.py:153} INFO - Started process (PID=5672) to work on /home/airflow/.local/lib/python3.9/site-packages/airflow/example_dags/tutorial.py
[2025-05-13T21:32:07.443+0000] {processor.py:743} INFO - Processing file /home/airflow/.local/lib/python3.9/site-packages/airflow/example_dags/tutorial.py for tasks to queue
[2025-05-13T21:32:07.444+0000] {logging_mixin.py:137} INFO - [2025-05-13T21:32:07.444+0000] {dagbag.py:538} INFO - Filling up the DagBag from /home/airflow/.local/lib/python3.9/site-packages/airflow/example_dags/tutorial.py
[2025-05-13T21:32:07.463+0000] {processor.py:753} INFO - DAG(s) dict_keys(['tutorial']) retrieved from /home/airflow/.local/lib/python3.9/site-packages/airflow/example_dags/tutorial.py
[2025-05-13T21:32:07.498+0000] {logging_mixin.py:137} INFO - [2025-05-13T21:32:07.498+0000] {dag.py:2676} INFO - Sync 1 DAGs
[2025-05-13T21:32:07.531+0000] {logging_mixin.py:137} INFO - [2025-05-13T21:32:07.530+0000] {dag.py:3423} INFO - Setting next_dagrun for tutorial to 2025-05-12T21:32:07.530573+00:00, run_after=2025-05-13T21:32:07.530573+00:00
[2025-05-13T21:32:07.557+0000] {processor.py:175} INFO - Processing /home/airflow/.local/lib/python3.9/site-packages/airflow/example_dags/tutorial.py took 0.120 seconds
[2025-05-13T21:32:37.663+0000] {processor.py:153} INFO - Started process (PID=5876) to work on /home/airflow/.local/lib/python3.9/site-packages/airflow/example_dags/tutorial.py
[2025-05-13T21:32:37.665+0000] {processor.py:743} INFO - Processing file /home/airflow/.local/lib/python3.9/site-packages/airflow/example_dags/tutorial.py for tasks to queue
[2025-05-13T21:32:37.666+0000] {logging_mixin.py:137} INFO - [2025-05-13T21:32:37.665+0000] {dagbag.py:538} INFO - Filling up the DagBag from /home/airflow/.local/lib/python3.9/site-packages/airflow/example_dags/tutorial.py
[2025-05-13T21:32:37.689+0000] {processor.py:753} INFO - DAG(s) dict_keys(['tutorial']) retrieved from /home/airflow/.local/lib/python3.9/site-packages/airflow/example_dags/tutorial.py
[2025-05-13T21:32:37.746+0000] {logging_mixin.py:137} INFO - [2025-05-13T21:32:37.746+0000] {dag.py:2676} INFO - Sync 1 DAGs
[2025-05-13T21:32:37.775+0000] {logging_mixin.py:137} INFO - [2025-05-13T21:32:37.775+0000] {dag.py:3423} INFO - Setting next_dagrun for tutorial to 2025-05-12T21:32:37.775052+00:00, run_after=2025-05-13T21:32:37.775052+00:00
[2025-05-13T21:32:37.800+0000] {processor.py:175} INFO - Processing /home/airflow/.local/lib/python3.9/site-packages/airflow/example_dags/tutorial.py took 0.141 seconds
[2025-05-13T21:33:08.005+0000] {processor.py:153} INFO - Started process (PID=6079) to work on /home/airflow/.local/lib/python3.9/site-packages/airflow/example_dags/tutorial.py
[2025-05-13T21:33:08.006+0000] {processor.py:743} INFO - Processing file /home/airflow/.local/lib/python3.9/site-packages/airflow/example_dags/tutorial.py for tasks to queue
[2025-05-13T21:33:08.007+0000] {logging_mixin.py:137} INFO - [2025-05-13T21:33:08.006+0000] {dagbag.py:538} INFO - Filling up the DagBag from /home/airflow/.local/lib/python3.9/site-packages/airflow/example_dags/tutorial.py
[2025-05-13T21:33:08.025+0000] {processor.py:753} INFO - DAG(s) dict_keys(['tutorial']) retrieved from /home/airflow/.local/lib/python3.9/site-packages/airflow/example_dags/tutorial.py
[2025-05-13T21:33:08.076+0000] {logging_mixin.py:137} INFO - [2025-05-13T21:33:08.076+0000] {dag.py:2676} INFO - Sync 1 DAGs
[2025-05-13T21:33:08.104+0000] {logging_mixin.py:137} INFO - [2025-05-13T21:33:08.103+0000] {dag.py:3423} INFO - Setting next_dagrun for tutorial to 2025-05-12T21:33:08.103592+00:00, run_after=2025-05-13T21:33:08.103592+00:00
[2025-05-13T21:33:08.136+0000] {processor.py:175} INFO - Processing /home/airflow/.local/lib/python3.9/site-packages/airflow/example_dags/tutorial.py took 0.136 seconds
[2025-05-13T21:33:38.266+0000] {processor.py:153} INFO - Started process (PID=6277) to work on /home/airflow/.local/lib/python3.9/site-packages/airflow/example_dags/tutorial.py
[2025-05-13T21:33:38.267+0000] {processor.py:743} INFO - Processing file /home/airflow/.local/lib/python3.9/site-packages/airflow/example_dags/tutorial.py for tasks to queue
[2025-05-13T21:33:38.268+0000] {logging_mixin.py:137} INFO - [2025-05-13T21:33:38.268+0000] {dagbag.py:538} INFO - Filling up the DagBag from /home/airflow/.local/lib/python3.9/site-packages/airflow/example_dags/tutorial.py
[2025-05-13T21:33:38.282+0000] {processor.py:753} INFO - DAG(s) dict_keys(['tutorial']) retrieved from /home/airflow/.local/lib/python3.9/site-packages/airflow/example_dags/tutorial.py
[2025-05-13T21:33:38.319+0000] {logging_mixin.py:137} INFO - [2025-05-13T21:33:38.319+0000] {dag.py:2676} INFO - Sync 1 DAGs
[2025-05-13T21:33:38.340+0000] {logging_mixin.py:137} INFO - [2025-05-13T21:33:38.340+0000] {dag.py:3423} INFO - Setting next_dagrun for tutorial to 2025-05-12T21:33:38.340201+00:00, run_after=2025-05-13T21:33:38.340201+00:00
[2025-05-13T21:33:38.356+0000] {processor.py:175} INFO - Processing /home/airflow/.local/lib/python3.9/site-packages/airflow/example_dags/tutorial.py took 0.093 seconds
[2025-05-13T21:34:08.880+0000] {processor.py:153} INFO - Started process (PID=6479) to work on /home/airflow/.local/lib/python3.9/site-packages/airflow/example_dags/tutorial.py
[2025-05-13T21:34:08.881+0000] {processor.py:743} INFO - Processing file /home/airflow/.local/lib/python3.9/site-packages/airflow/example_dags/tutorial.py for tasks to queue
[2025-05-13T21:34:08.882+0000] {logging_mixin.py:137} INFO - [2025-05-13T21:34:08.882+0000] {dagbag.py:538} INFO - Filling up the DagBag from /home/airflow/.local/lib/python3.9/site-packages/airflow/example_dags/tutorial.py
[2025-05-13T21:34:08.905+0000] {processor.py:753} INFO - DAG(s) dict_keys(['tutorial']) retrieved from /home/airflow/.local/lib/python3.9/site-packages/airflow/example_dags/tutorial.py
[2025-05-13T21:34:08.965+0000] {logging_mixin.py:137} INFO - [2025-05-13T21:34:08.965+0000] {dag.py:2676} INFO - Sync 1 DAGs
[2025-05-13T21:34:09.007+0000] {logging_mixin.py:137} INFO - [2025-05-13T21:34:09.007+0000] {dag.py:3423} INFO - Setting next_dagrun for tutorial to 2025-05-12T21:34:09.007249+00:00, run_after=2025-05-13T21:34:09.007249+00:00
[2025-05-13T21:34:09.035+0000] {processor.py:175} INFO - Processing /home/airflow/.local/lib/python3.9/site-packages/airflow/example_dags/tutorial.py took 0.160 seconds
[2025-05-13T21:34:39.619+0000] {processor.py:153} INFO - Started process (PID=6687) to work on /home/airflow/.local/lib/python3.9/site-packages/airflow/example_dags/tutorial.py
[2025-05-13T21:34:39.621+0000] {processor.py:743} INFO - Processing file /home/airflow/.local/lib/python3.9/site-packages/airflow/example_dags/tutorial.py for tasks to queue
[2025-05-13T21:34:39.622+0000] {logging_mixin.py:137} INFO - [2025-05-13T21:34:39.622+0000] {dagbag.py:538} INFO - Filling up the DagBag from /home/airflow/.local/lib/python3.9/site-packages/airflow/example_dags/tutorial.py
[2025-05-13T21:34:39.644+0000] {processor.py:753} INFO - DAG(s) dict_keys(['tutorial']) retrieved from /home/airflow/.local/lib/python3.9/site-packages/airflow/example_dags/tutorial.py
[2025-05-13T21:34:39.713+0000] {logging_mixin.py:137} INFO - [2025-05-13T21:34:39.712+0000] {dag.py:2676} INFO - Sync 1 DAGs
[2025-05-13T21:34:39.744+0000] {logging_mixin.py:137} INFO - [2025-05-13T21:34:39.744+0000] {dag.py:3423} INFO - Setting next_dagrun for tutorial to 2025-05-12T21:34:39.744469+00:00, run_after=2025-05-13T21:34:39.744469+00:00
[2025-05-13T21:34:39.769+0000] {processor.py:175} INFO - Processing /home/airflow/.local/lib/python3.9/site-packages/airflow/example_dags/tutorial.py took 0.154 seconds
[2025-05-13T21:35:10.010+0000] {processor.py:153} INFO - Started process (PID=6893) to work on /home/airflow/.local/lib/python3.9/site-packages/airflow/example_dags/tutorial.py
[2025-05-13T21:35:10.012+0000] {processor.py:743} INFO - Processing file /home/airflow/.local/lib/python3.9/site-packages/airflow/example_dags/tutorial.py for tasks to queue
[2025-05-13T21:35:10.014+0000] {logging_mixin.py:137} INFO - [2025-05-13T21:35:10.014+0000] {dagbag.py:538} INFO - Filling up the DagBag from /home/airflow/.local/lib/python3.9/site-packages/airflow/example_dags/tutorial.py
[2025-05-13T21:35:10.042+0000] {processor.py:753} INFO - DAG(s) dict_keys(['tutorial']) retrieved from /home/airflow/.local/lib/python3.9/site-packages/airflow/example_dags/tutorial.py
[2025-05-13T21:35:10.103+0000] {logging_mixin.py:137} INFO - [2025-05-13T21:35:10.103+0000] {dag.py:2676} INFO - Sync 1 DAGs
[2025-05-13T21:35:10.135+0000] {logging_mixin.py:137} INFO - [2025-05-13T21:35:10.135+0000] {dag.py:3423} INFO - Setting next_dagrun for tutorial to 2025-05-12T21:35:10.134979+00:00, run_after=2025-05-13T21:35:10.134979+00:00
[2025-05-13T21:35:10.161+0000] {processor.py:175} INFO - Processing /home/airflow/.local/lib/python3.9/site-packages/airflow/example_dags/tutorial.py took 0.158 seconds
[2025-05-13T21:35:40.318+0000] {processor.py:153} INFO - Started process (PID=7094) to work on /home/airflow/.local/lib/python3.9/site-packages/airflow/example_dags/tutorial.py
[2025-05-13T21:35:40.320+0000] {processor.py:743} INFO - Processing file /home/airflow/.local/lib/python3.9/site-packages/airflow/example_dags/tutorial.py for tasks to queue
[2025-05-13T21:35:40.321+0000] {logging_mixin.py:137} INFO - [2025-05-13T21:35:40.321+0000] {dagbag.py:538} INFO - Filling up the DagBag from /home/airflow/.local/lib/python3.9/site-packages/airflow/example_dags/tutorial.py
[2025-05-13T21:35:40.341+0000] {processor.py:753} INFO - DAG(s) dict_keys(['tutorial']) retrieved from /home/airflow/.local/lib/python3.9/site-packages/airflow/example_dags/tutorial.py
[2025-05-13T21:35:40.394+0000] {logging_mixin.py:137} INFO - [2025-05-13T21:35:40.394+0000] {dag.py:2676} INFO - Sync 1 DAGs
[2025-05-13T21:35:40.424+0000] {logging_mixin.py:137} INFO - [2025-05-13T21:35:40.424+0000] {dag.py:3423} INFO - Setting next_dagrun for tutorial to 2025-05-12T21:35:40.423793+00:00, run_after=2025-05-13T21:35:40.423793+00:00
[2025-05-13T21:35:40.450+0000] {processor.py:175} INFO - Processing /home/airflow/.local/lib/python3.9/site-packages/airflow/example_dags/tutorial.py took 0.136 seconds
[2025-05-13T21:36:10.670+0000] {processor.py:153} INFO - Started process (PID=7299) to work on /home/airflow/.local/lib/python3.9/site-packages/airflow/example_dags/tutorial.py
[2025-05-13T21:36:10.672+0000] {processor.py:743} INFO - Processing file /home/airflow/.local/lib/python3.9/site-packages/airflow/example_dags/tutorial.py for tasks to queue
[2025-05-13T21:36:10.673+0000] {logging_mixin.py:137} INFO - [2025-05-13T21:36:10.673+0000] {dagbag.py:538} INFO - Filling up the DagBag from /home/airflow/.local/lib/python3.9/site-packages/airflow/example_dags/tutorial.py
[2025-05-13T21:36:10.699+0000] {processor.py:753} INFO - DAG(s) dict_keys(['tutorial']) retrieved from /home/airflow/.local/lib/python3.9/site-packages/airflow/example_dags/tutorial.py
[2025-05-13T21:36:10.763+0000] {logging_mixin.py:137} INFO - [2025-05-13T21:36:10.763+0000] {dag.py:2676} INFO - Sync 1 DAGs
[2025-05-13T21:36:10.794+0000] {logging_mixin.py:137} INFO - [2025-05-13T21:36:10.794+0000] {dag.py:3423} INFO - Setting next_dagrun for tutorial to 2025-05-12T21:36:10.793820+00:00, run_after=2025-05-13T21:36:10.793820+00:00
[2025-05-13T21:36:10.818+0000] {processor.py:175} INFO - Processing /home/airflow/.local/lib/python3.9/site-packages/airflow/example_dags/tutorial.py took 0.153 seconds
[2025-05-13T21:36:41.378+0000] {processor.py:153} INFO - Started process (PID=7502) to work on /home/airflow/.local/lib/python3.9/site-packages/airflow/example_dags/tutorial.py
[2025-05-13T21:36:41.379+0000] {processor.py:743} INFO - Processing file /home/airflow/.local/lib/python3.9/site-packages/airflow/example_dags/tutorial.py for tasks to queue
[2025-05-13T21:36:41.380+0000] {logging_mixin.py:137} INFO - [2025-05-13T21:36:41.380+0000] {dagbag.py:538} INFO - Filling up the DagBag from /home/airflow/.local/lib/python3.9/site-packages/airflow/example_dags/tutorial.py
[2025-05-13T21:36:41.399+0000] {processor.py:753} INFO - DAG(s) dict_keys(['tutorial']) retrieved from /home/airflow/.local/lib/python3.9/site-packages/airflow/example_dags/tutorial.py
[2025-05-13T21:36:41.456+0000] {logging_mixin.py:137} INFO - [2025-05-13T21:36:41.456+0000] {dag.py:2676} INFO - Sync 1 DAGs
[2025-05-13T21:36:41.485+0000] {logging_mixin.py:137} INFO - [2025-05-13T21:36:41.485+0000] {dag.py:3423} INFO - Setting next_dagrun for tutorial to 2025-05-12T21:36:41.484867+00:00, run_after=2025-05-13T21:36:41.484867+00:00
[2025-05-13T21:36:41.510+0000] {processor.py:175} INFO - Processing /home/airflow/.local/lib/python3.9/site-packages/airflow/example_dags/tutorial.py took 0.136 seconds
[2025-05-13T21:37:47.174+0000] {processor.py:153} INFO - Started process (PID=193) to work on /home/airflow/.local/lib/python3.9/site-packages/airflow/example_dags/tutorial.py
[2025-05-13T21:37:47.176+0000] {processor.py:743} INFO - Processing file /home/airflow/.local/lib/python3.9/site-packages/airflow/example_dags/tutorial.py for tasks to queue
[2025-05-13T21:37:47.177+0000] {logging_mixin.py:137} INFO - [2025-05-13T21:37:47.177+0000] {dagbag.py:538} INFO - Filling up the DagBag from /home/airflow/.local/lib/python3.9/site-packages/airflow/example_dags/tutorial.py
[2025-05-13T21:37:47.200+0000] {processor.py:753} INFO - DAG(s) dict_keys(['tutorial']) retrieved from /home/airflow/.local/lib/python3.9/site-packages/airflow/example_dags/tutorial.py
[2025-05-13T21:37:47.257+0000] {logging_mixin.py:137} INFO - [2025-05-13T21:37:47.257+0000] {dag.py:2676} INFO - Sync 1 DAGs
[2025-05-13T21:37:47.283+0000] {logging_mixin.py:137} INFO - [2025-05-13T21:37:47.283+0000] {dag.py:3423} INFO - Setting next_dagrun for tutorial to 2025-05-12T21:37:47.283493+00:00, run_after=2025-05-13T21:37:47.283493+00:00
[2025-05-13T21:37:47.307+0000] {processor.py:175} INFO - Processing /home/airflow/.local/lib/python3.9/site-packages/airflow/example_dags/tutorial.py took 0.137 seconds
[2025-05-13T21:38:17.556+0000] {processor.py:153} INFO - Started process (PID=390) to work on /home/airflow/.local/lib/python3.9/site-packages/airflow/example_dags/tutorial.py
[2025-05-13T21:38:17.557+0000] {processor.py:743} INFO - Processing file /home/airflow/.local/lib/python3.9/site-packages/airflow/example_dags/tutorial.py for tasks to queue
[2025-05-13T21:38:17.558+0000] {logging_mixin.py:137} INFO - [2025-05-13T21:38:17.558+0000] {dagbag.py:538} INFO - Filling up the DagBag from /home/airflow/.local/lib/python3.9/site-packages/airflow/example_dags/tutorial.py
[2025-05-13T21:38:17.577+0000] {processor.py:753} INFO - DAG(s) dict_keys(['tutorial']) retrieved from /home/airflow/.local/lib/python3.9/site-packages/airflow/example_dags/tutorial.py
[2025-05-13T21:38:17.632+0000] {logging_mixin.py:137} INFO - [2025-05-13T21:38:17.632+0000] {dag.py:2676} INFO - Sync 1 DAGs
[2025-05-13T21:38:17.664+0000] {logging_mixin.py:137} INFO - [2025-05-13T21:38:17.664+0000] {dag.py:3423} INFO - Setting next_dagrun for tutorial to 2025-05-12T21:38:17.663952+00:00, run_after=2025-05-13T21:38:17.663952+00:00
[2025-05-13T21:38:17.689+0000] {processor.py:175} INFO - Processing /home/airflow/.local/lib/python3.9/site-packages/airflow/example_dags/tutorial.py took 0.138 seconds
[2025-05-13T21:38:48.492+0000] {processor.py:153} INFO - Started process (PID=593) to work on /home/airflow/.local/lib/python3.9/site-packages/airflow/example_dags/tutorial.py
[2025-05-13T21:38:48.492+0000] {processor.py:743} INFO - Processing file /home/airflow/.local/lib/python3.9/site-packages/airflow/example_dags/tutorial.py for tasks to queue
[2025-05-13T21:38:48.493+0000] {logging_mixin.py:137} INFO - [2025-05-13T21:38:48.493+0000] {dagbag.py:538} INFO - Filling up the DagBag from /home/airflow/.local/lib/python3.9/site-packages/airflow/example_dags/tutorial.py
[2025-05-13T21:38:48.516+0000] {processor.py:753} INFO - DAG(s) dict_keys(['tutorial']) retrieved from /home/airflow/.local/lib/python3.9/site-packages/airflow/example_dags/tutorial.py
[2025-05-13T21:38:48.569+0000] {logging_mixin.py:137} INFO - [2025-05-13T21:38:48.569+0000] {dag.py:2676} INFO - Sync 1 DAGs
[2025-05-13T21:38:48.614+0000] {logging_mixin.py:137} INFO - [2025-05-13T21:38:48.613+0000] {dag.py:3423} INFO - Setting next_dagrun for tutorial to 2025-05-12T21:38:48.613436+00:00, run_after=2025-05-13T21:38:48.613436+00:00
[2025-05-13T21:38:48.659+0000] {processor.py:175} INFO - Processing /home/airflow/.local/lib/python3.9/site-packages/airflow/example_dags/tutorial.py took 0.171 seconds
[2025-05-13T21:39:19.116+0000] {processor.py:153} INFO - Started process (PID=796) to work on /home/airflow/.local/lib/python3.9/site-packages/airflow/example_dags/tutorial.py
[2025-05-13T21:39:19.120+0000] {processor.py:743} INFO - Processing file /home/airflow/.local/lib/python3.9/site-packages/airflow/example_dags/tutorial.py for tasks to queue
[2025-05-13T21:39:19.121+0000] {logging_mixin.py:137} INFO - [2025-05-13T21:39:19.121+0000] {dagbag.py:538} INFO - Filling up the DagBag from /home/airflow/.local/lib/python3.9/site-packages/airflow/example_dags/tutorial.py
[2025-05-13T21:39:19.142+0000] {processor.py:753} INFO - DAG(s) dict_keys(['tutorial']) retrieved from /home/airflow/.local/lib/python3.9/site-packages/airflow/example_dags/tutorial.py
[2025-05-13T21:39:19.197+0000] {logging_mixin.py:137} INFO - [2025-05-13T21:39:19.197+0000] {dag.py:2676} INFO - Sync 1 DAGs
[2025-05-13T21:39:19.234+0000] {logging_mixin.py:137} INFO - [2025-05-13T21:39:19.234+0000] {dag.py:3423} INFO - Setting next_dagrun for tutorial to 2025-05-12T21:39:19.234048+00:00, run_after=2025-05-13T21:39:19.234048+00:00
[2025-05-13T21:39:19.265+0000] {processor.py:175} INFO - Processing /home/airflow/.local/lib/python3.9/site-packages/airflow/example_dags/tutorial.py took 0.153 seconds
[2025-05-13T21:39:49.300+0000] {processor.py:153} INFO - Started process (PID=996) to work on /home/airflow/.local/lib/python3.9/site-packages/airflow/example_dags/tutorial.py
[2025-05-13T21:39:49.301+0000] {processor.py:743} INFO - Processing file /home/airflow/.local/lib/python3.9/site-packages/airflow/example_dags/tutorial.py for tasks to queue
[2025-05-13T21:39:49.303+0000] {logging_mixin.py:137} INFO - [2025-05-13T21:39:49.303+0000] {dagbag.py:538} INFO - Filling up the DagBag from /home/airflow/.local/lib/python3.9/site-packages/airflow/example_dags/tutorial.py
[2025-05-13T21:39:49.323+0000] {processor.py:753} INFO - DAG(s) dict_keys(['tutorial']) retrieved from /home/airflow/.local/lib/python3.9/site-packages/airflow/example_dags/tutorial.py
[2025-05-13T21:39:49.375+0000] {logging_mixin.py:137} INFO - [2025-05-13T21:39:49.375+0000] {dag.py:2676} INFO - Sync 1 DAGs
[2025-05-13T21:39:49.408+0000] {logging_mixin.py:137} INFO - [2025-05-13T21:39:49.408+0000] {dag.py:3423} INFO - Setting next_dagrun for tutorial to 2025-05-12T21:39:49.408078+00:00, run_after=2025-05-13T21:39:49.408078+00:00
[2025-05-13T21:39:49.444+0000] {processor.py:175} INFO - Processing /home/airflow/.local/lib/python3.9/site-packages/airflow/example_dags/tutorial.py took 0.148 seconds
[2025-05-13T21:40:19.714+0000] {processor.py:153} INFO - Started process (PID=1202) to work on /home/airflow/.local/lib/python3.9/site-packages/airflow/example_dags/tutorial.py
[2025-05-13T21:40:19.716+0000] {processor.py:743} INFO - Processing file /home/airflow/.local/lib/python3.9/site-packages/airflow/example_dags/tutorial.py for tasks to queue
[2025-05-13T21:40:19.717+0000] {logging_mixin.py:137} INFO - [2025-05-13T21:40:19.716+0000] {dagbag.py:538} INFO - Filling up the DagBag from /home/airflow/.local/lib/python3.9/site-packages/airflow/example_dags/tutorial.py
[2025-05-13T21:40:19.738+0000] {processor.py:753} INFO - DAG(s) dict_keys(['tutorial']) retrieved from /home/airflow/.local/lib/python3.9/site-packages/airflow/example_dags/tutorial.py
[2025-05-13T21:40:19.801+0000] {logging_mixin.py:137} INFO - [2025-05-13T21:40:19.801+0000] {dag.py:2676} INFO - Sync 1 DAGs
[2025-05-13T21:40:19.832+0000] {logging_mixin.py:137} INFO - [2025-05-13T21:40:19.832+0000] {dag.py:3423} INFO - Setting next_dagrun for tutorial to 2025-05-12T21:40:19.831984+00:00, run_after=2025-05-13T21:40:19.831984+00:00
[2025-05-13T21:40:19.857+0000] {processor.py:175} INFO - Processing /home/airflow/.local/lib/python3.9/site-packages/airflow/example_dags/tutorial.py took 0.146 seconds
[2025-05-13T21:40:49.986+0000] {processor.py:153} INFO - Started process (PID=1413) to work on /home/airflow/.local/lib/python3.9/site-packages/airflow/example_dags/tutorial.py
[2025-05-13T21:40:49.988+0000] {processor.py:743} INFO - Processing file /home/airflow/.local/lib/python3.9/site-packages/airflow/example_dags/tutorial.py for tasks to queue
[2025-05-13T21:40:49.990+0000] {logging_mixin.py:137} INFO - [2025-05-13T21:40:49.990+0000] {dagbag.py:538} INFO - Filling up the DagBag from /home/airflow/.local/lib/python3.9/site-packages/airflow/example_dags/tutorial.py
[2025-05-13T21:40:50.016+0000] {processor.py:753} INFO - DAG(s) dict_keys(['tutorial']) retrieved from /home/airflow/.local/lib/python3.9/site-packages/airflow/example_dags/tutorial.py
[2025-05-13T21:40:50.086+0000] {logging_mixin.py:137} INFO - [2025-05-13T21:40:50.086+0000] {dag.py:2676} INFO - Sync 1 DAGs
[2025-05-13T21:40:50.117+0000] {logging_mixin.py:137} INFO - [2025-05-13T21:40:50.117+0000] {dag.py:3423} INFO - Setting next_dagrun for tutorial to 2025-05-12T21:40:50.116877+00:00, run_after=2025-05-13T21:40:50.116877+00:00
[2025-05-13T21:40:50.143+0000] {processor.py:175} INFO - Processing /home/airflow/.local/lib/python3.9/site-packages/airflow/example_dags/tutorial.py took 0.161 seconds
[2025-05-13T21:41:20.253+0000] {processor.py:153} INFO - Started process (PID=1616) to work on /home/airflow/.local/lib/python3.9/site-packages/airflow/example_dags/tutorial.py
[2025-05-13T21:41:20.254+0000] {processor.py:743} INFO - Processing file /home/airflow/.local/lib/python3.9/site-packages/airflow/example_dags/tutorial.py for tasks to queue
[2025-05-13T21:41:20.255+0000] {logging_mixin.py:137} INFO - [2025-05-13T21:41:20.255+0000] {dagbag.py:538} INFO - Filling up the DagBag from /home/airflow/.local/lib/python3.9/site-packages/airflow/example_dags/tutorial.py
[2025-05-13T21:41:20.278+0000] {processor.py:753} INFO - DAG(s) dict_keys(['tutorial']) retrieved from /home/airflow/.local/lib/python3.9/site-packages/airflow/example_dags/tutorial.py
[2025-05-13T21:41:20.330+0000] {logging_mixin.py:137} INFO - [2025-05-13T21:41:20.330+0000] {dag.py:2676} INFO - Sync 1 DAGs
[2025-05-13T21:41:20.361+0000] {logging_mixin.py:137} INFO - [2025-05-13T21:41:20.361+0000] {dag.py:3423} INFO - Setting next_dagrun for tutorial to 2025-05-12T21:41:20.360894+00:00, run_after=2025-05-13T21:41:20.360894+00:00
[2025-05-13T21:41:20.386+0000] {processor.py:175} INFO - Processing /home/airflow/.local/lib/python3.9/site-packages/airflow/example_dags/tutorial.py took 0.137 seconds
[2025-05-13T21:41:50.738+0000] {processor.py:153} INFO - Started process (PID=1822) to work on /home/airflow/.local/lib/python3.9/site-packages/airflow/example_dags/tutorial.py
[2025-05-13T21:41:50.739+0000] {processor.py:743} INFO - Processing file /home/airflow/.local/lib/python3.9/site-packages/airflow/example_dags/tutorial.py for tasks to queue
[2025-05-13T21:41:50.741+0000] {logging_mixin.py:137} INFO - [2025-05-13T21:41:50.741+0000] {dagbag.py:538} INFO - Filling up the DagBag from /home/airflow/.local/lib/python3.9/site-packages/airflow/example_dags/tutorial.py
[2025-05-13T21:41:50.771+0000] {processor.py:753} INFO - DAG(s) dict_keys(['tutorial']) retrieved from /home/airflow/.local/lib/python3.9/site-packages/airflow/example_dags/tutorial.py
[2025-05-13T21:41:50.828+0000] {logging_mixin.py:137} INFO - [2025-05-13T21:41:50.828+0000] {dag.py:2676} INFO - Sync 1 DAGs
[2025-05-13T21:41:50.860+0000] {logging_mixin.py:137} INFO - [2025-05-13T21:41:50.860+0000] {dag.py:3423} INFO - Setting next_dagrun for tutorial to 2025-05-12T21:41:50.860311+00:00, run_after=2025-05-13T21:41:50.860311+00:00
[2025-05-13T21:41:50.892+0000] {processor.py:175} INFO - Processing /home/airflow/.local/lib/python3.9/site-packages/airflow/example_dags/tutorial.py took 0.158 seconds
