[2025-05-18T23:22:31.869+0000] {local_task_job_runner.py:123} INFO - ::group::Pre task execution logs
[2025-05-18T23:22:31.893+0000] {taskinstance.py:2614} INFO - Dependencies all met for dep_context=non-requeueable deps ti=<TaskInstance: daily_stock_news_and_sentiment_dag.fetch_stock_prices manual__2025-05-18T23:22:18.675209+00:00 [queued]>
[2025-05-18T23:22:31.902+0000] {taskinstance.py:2614} INFO - Dependencies all met for dep_context=requeueable deps ti=<TaskInstance: daily_stock_news_and_sentiment_dag.fetch_stock_prices manual__2025-05-18T23:22:18.675209+00:00 [queued]>
[2025-05-18T23:22:31.903+0000] {taskinstance.py:2867} INFO - Starting attempt 1 of 2
[2025-05-18T23:22:31.920+0000] {taskinstance.py:2890} INFO - Executing <Task(PythonOperator): fetch_stock_prices> on 2025-05-18 23:22:18.675209+00:00
[2025-05-18T23:22:31.937+0000] {standard_task_runner.py:72} INFO - Started process 17194 to run task
[2025-05-18T23:22:31.942+0000] {standard_task_runner.py:104} INFO - Running: ['***', 'tasks', 'run', 'daily_stock_news_and_sentiment_dag', 'fetch_stock_prices', 'manual__2025-05-18T23:22:18.675209+00:00', '--job-id', '45', '--raw', '--subdir', 'DAGS_FOLDER/daily_news_sentiment_dag.py', '--cfg-path', '/tmp/tmpgh2389qd']
[2025-05-18T23:22:31.944+0000] {standard_task_runner.py:105} INFO - Job 45: Subtask fetch_stock_prices
[2025-05-18T23:22:32.007+0000] {task_command.py:467} INFO - Running <TaskInstance: daily_stock_news_and_sentiment_dag.fetch_stock_prices manual__2025-05-18T23:22:18.675209+00:00 [running]> on host 9f5193fcdf75
[2025-05-18T23:22:32.113+0000] {taskinstance.py:3134} INFO - Exporting env vars: AIRFLOW_CTX_DAG_OWNER='***' AIRFLOW_CTX_DAG_ID='daily_stock_news_and_sentiment_dag' AIRFLOW_CTX_TASK_ID='fetch_stock_prices' AIRFLOW_CTX_EXECUTION_DATE='2025-05-18T23:22:18.675209+00:00' AIRFLOW_CTX_TRY_NUMBER='1' AIRFLOW_CTX_DAG_RUN_ID='manual__2025-05-18T23:22:18.675209+00:00'
[2025-05-18T23:22:32.115+0000] {logging_mixin.py:190} INFO - Task instance is in running state
[2025-05-18T23:22:32.116+0000] {logging_mixin.py:190} INFO -  Previous state of the Task instance: queued
[2025-05-18T23:22:32.117+0000] {logging_mixin.py:190} INFO - Current task name:fetch_stock_prices state:running start_date:2025-05-18 23:22:31.893883+00:00
[2025-05-18T23:22:32.117+0000] {logging_mixin.py:190} INFO - Dag name:daily_stock_news_and_sentiment_dag and current dag run status:running
[2025-05-18T23:22:32.118+0000] {taskinstance.py:732} INFO - ::endgroup::
[2025-05-18T23:22:37.169+0000] {base.py:84} INFO - Retrieving connection '***_default'
[2025-05-18T23:22:37.245+0000] {python.py:240} INFO - Done. Returned value was: None
[2025-05-18T23:22:37.258+0000] {taskinstance.py:341} INFO - ::group::Post task execution logs
[2025-05-18T23:22:37.260+0000] {taskinstance.py:353} INFO - Marking task as SUCCESS. dag_id=daily_stock_news_and_sentiment_dag, task_id=fetch_stock_prices, run_id=manual__2025-05-18T23:22:18.675209+00:00, execution_date=20250518T232218, start_date=20250518T232231, end_date=20250518T232237
[2025-05-18T23:22:37.290+0000] {logging_mixin.py:190} INFO - Task instance in success state
[2025-05-18T23:22:37.291+0000] {logging_mixin.py:190} INFO -  Previous state of the Task instance: running
[2025-05-18T23:22:37.292+0000] {logging_mixin.py:190} INFO - Dag name:daily_stock_news_and_sentiment_dag queued_at:2025-05-18 23:22:18.726397+00:00
[2025-05-18T23:22:37.293+0000] {logging_mixin.py:190} INFO - Task hostname:9f5193fcdf75 operator:PythonOperator
[2025-05-18T23:22:37.341+0000] {local_task_job_runner.py:266} INFO - Task exited with return code 0
[2025-05-18T23:22:37.374+0000] {taskinstance.py:3901} INFO - 1 downstream tasks scheduled from follow-on schedule check
[2025-05-18T23:22:37.377+0000] {local_task_job_runner.py:245} INFO - ::endgroup::
