[2025-05-16T10:38:22.512+0000] {local_task_job_runner.py:123} INFO - ::group::Pre task execution logs
[2025-05-16T10:38:22.538+0000] {taskinstance.py:2614} INFO - Dependencies all met for dep_context=non-requeueable deps ti=<TaskInstance: daily_stock_news_and_sentiment_dag.fetch_stock_prices manual__2025-05-16T10:38:20.160404+00:00 [queued]>
[2025-05-16T10:38:22.550+0000] {taskinstance.py:2614} INFO - Dependencies all met for dep_context=requeueable deps ti=<TaskInstance: daily_stock_news_and_sentiment_dag.fetch_stock_prices manual__2025-05-16T10:38:20.160404+00:00 [queued]>
[2025-05-16T10:38:22.550+0000] {taskinstance.py:2867} INFO - Starting attempt 1 of 2
[2025-05-16T10:38:22.572+0000] {taskinstance.py:2890} INFO - Executing <Task(PythonOperator): fetch_stock_prices> on 2025-05-16 10:38:20.160404+00:00
[2025-05-16T10:38:22.582+0000] {standard_task_runner.py:72} INFO - Started process 238 to run task
[2025-05-16T10:38:22.588+0000] {standard_task_runner.py:104} INFO - Running: ['***', 'tasks', 'run', 'daily_stock_news_and_sentiment_dag', 'fetch_stock_prices', 'manual__2025-05-16T10:38:20.160404+00:00', '--job-id', '13', '--raw', '--subdir', 'DAGS_FOLDER/daily_news_sentiment_dag.py', '--cfg-path', '/tmp/tmphe11kdz9']
[2025-05-16T10:38:22.591+0000] {standard_task_runner.py:105} INFO - Job 13: Subtask fetch_stock_prices
[2025-05-16T10:38:22.662+0000] {task_command.py:467} INFO - Running <TaskInstance: daily_stock_news_and_sentiment_dag.fetch_stock_prices manual__2025-05-16T10:38:20.160404+00:00 [running]> on host 9f5193fcdf75
[2025-05-16T10:38:22.762+0000] {taskinstance.py:3134} INFO - Exporting env vars: AIRFLOW_CTX_DAG_OWNER='***' AIRFLOW_CTX_DAG_ID='daily_stock_news_and_sentiment_dag' AIRFLOW_CTX_TASK_ID='fetch_stock_prices' AIRFLOW_CTX_EXECUTION_DATE='2025-05-16T10:38:20.160404+00:00' AIRFLOW_CTX_TRY_NUMBER='1' AIRFLOW_CTX_DAG_RUN_ID='manual__2025-05-16T10:38:20.160404+00:00'
[2025-05-16T10:38:22.783+0000] {logging_mixin.py:190} INFO - Task instance is in running state
[2025-05-16T10:38:22.801+0000] {logging_mixin.py:190} INFO -  Previous state of the Task instance: queued
[2025-05-16T10:38:22.803+0000] {logging_mixin.py:190} INFO - Current task name:fetch_stock_prices state:running start_date:2025-05-16 10:38:22.539742+00:00
[2025-05-16T10:38:22.822+0000] {logging_mixin.py:190} INFO - Dag name:daily_stock_news_and_sentiment_dag and current dag run status:running
[2025-05-16T10:38:22.842+0000] {taskinstance.py:732} INFO - ::endgroup::
[2025-05-16T10:38:22.845+0000] {taskinstance.py:3313} ERROR - Task failed with exception
Traceback (most recent call last):
  File "/home/airflow/.local/lib/python3.9/site-packages/airflow/models/taskinstance.py", line 768, in _execute_task
    result = _execute_callable(context=context, **execute_callable_kwargs)
  File "/home/airflow/.local/lib/python3.9/site-packages/airflow/models/taskinstance.py", line 734, in _execute_callable
    return ExecutionCallableRunner(
  File "/home/airflow/.local/lib/python3.9/site-packages/airflow/utils/operator_helpers.py", line 252, in run
    return self.func(*args, **kwargs)
  File "/home/airflow/.local/lib/python3.9/site-packages/airflow/models/baseoperator.py", line 424, in wrapper
    return func(self, *args, **kwargs)
  File "/home/airflow/.local/lib/python3.9/site-packages/airflow/operators/python.py", line 238, in execute
    return_value = self.execute_callable()
  File "/home/airflow/.local/lib/python3.9/site-packages/airflow/operators/python.py", line 256, in execute_callable
    return runner.run(*self.op_args, **self.op_kwargs)
  File "/home/airflow/.local/lib/python3.9/site-packages/airflow/utils/operator_helpers.py", line 252, in run
    return self.func(*args, **kwargs)
  File "/opt/airflow/dags/daily_news_sentiment_dag.py", line 40, in fetch_stock_prices
    ts = TimeSeries(key=ALPHA_API_KEY, output_format='pandas')
  File "/home/airflow/.local/lib/python3.9/site-packages/alpha_vantage/alphavantage.py", line 50, in __init__
    raise ValueError('The AlphaVantage API key must be provided '
ValueError: The AlphaVantage API key must be provided either through the key parameter or through the environment variable ALPHAVANTAGE_API_KEY. Get a free key from the alphavantage website: https://www.alphavantage.co/support/#api-key
[2025-05-16T10:38:22.864+0000] {logging_mixin.py:190} INFO - Task instance in failure state
[2025-05-16T10:38:22.865+0000] {logging_mixin.py:190} INFO - Task start:2025-05-16 10:38:22.539742+00:00 end:2025-05-16 10:38:22.863890+00:00 duration:0.324148
[2025-05-16T10:38:22.866+0000] {logging_mixin.py:190} INFO - Task:<Task(PythonOperator): fetch_stock_prices> dag:<DAG: daily_stock_news_and_sentiment_dag> dagrun:<DagRun daily_stock_news_and_sentiment_dag @ 2025-05-16 10:38:20.160404+00:00: manual__2025-05-16T10:38:20.160404+00:00, state:running, queued_at: 2025-05-16 10:38:20.198274+00:00. externally triggered: True>
[2025-05-16T10:38:22.866+0000] {logging_mixin.py:190} INFO - Failure caused by The AlphaVantage API key must be provided either through the key parameter or through the environment variable ALPHAVANTAGE_API_KEY. Get a free key from the alphavantage website: https://www.alphavantage.co/support/#api-key
[2025-05-16T10:38:22.867+0000] {taskinstance.py:1226} INFO - Marking task as UP_FOR_RETRY. dag_id=daily_stock_news_and_sentiment_dag, task_id=fetch_stock_prices, run_id=manual__2025-05-16T10:38:20.160404+00:00, execution_date=20250516T103820, start_date=20250516T103822, end_date=20250516T103822
[2025-05-16T10:38:22.900+0000] {taskinstance.py:341} INFO - ::group::Post task execution logs
[2025-05-16T10:38:22.901+0000] {standard_task_runner.py:124} ERROR - Failed to execute job 13 for task fetch_stock_prices (The AlphaVantage API key must be provided either through the key parameter or through the environment variable ALPHAVANTAGE_API_KEY. Get a free key from the alphavantage website: https://www.alphavantage.co/support/#api-key; 238)
Traceback (most recent call last):
  File "/home/airflow/.local/lib/python3.9/site-packages/airflow/task/task_runner/standard_task_runner.py", line 117, in _start_by_fork
    ret = args.func(args, dag=self.dag)
  File "/home/airflow/.local/lib/python3.9/site-packages/airflow/cli/cli_config.py", line 49, in command
    return func(*args, **kwargs)
  File "/home/airflow/.local/lib/python3.9/site-packages/airflow/utils/cli.py", line 116, in wrapper
    return f(*args, **kwargs)
  File "/home/airflow/.local/lib/python3.9/site-packages/airflow/cli/commands/task_command.py", line 483, in task_run
    task_return_code = _run_task_by_selected_method(args, _dag, ti)
  File "/home/airflow/.local/lib/python3.9/site-packages/airflow/cli/commands/task_command.py", line 256, in _run_task_by_selected_method
    return _run_raw_task(args, ti)
  File "/home/airflow/.local/lib/python3.9/site-packages/airflow/cli/commands/task_command.py", line 341, in _run_raw_task
    return ti._run_raw_task(
  File "/home/airflow/.local/lib/python3.9/site-packages/airflow/utils/session.py", line 97, in wrapper
    return func(*args, session=session, **kwargs)
  File "/home/airflow/.local/lib/python3.9/site-packages/airflow/models/taskinstance.py", line 3006, in _run_raw_task
    return _run_raw_task(
  File "/home/airflow/.local/lib/python3.9/site-packages/airflow/models/taskinstance.py", line 274, in _run_raw_task
    TaskInstance._execute_task_with_callbacks(
  File "/home/airflow/.local/lib/python3.9/site-packages/airflow/models/taskinstance.py", line 3161, in _execute_task_with_callbacks
    result = self._execute_task(context, task_orig)
  File "/home/airflow/.local/lib/python3.9/site-packages/airflow/models/taskinstance.py", line 3185, in _execute_task
    return _execute_task(self, context, task_orig)
  File "/home/airflow/.local/lib/python3.9/site-packages/airflow/models/taskinstance.py", line 768, in _execute_task
    result = _execute_callable(context=context, **execute_callable_kwargs)
  File "/home/airflow/.local/lib/python3.9/site-packages/airflow/models/taskinstance.py", line 734, in _execute_callable
    return ExecutionCallableRunner(
  File "/home/airflow/.local/lib/python3.9/site-packages/airflow/utils/operator_helpers.py", line 252, in run
    return self.func(*args, **kwargs)
  File "/home/airflow/.local/lib/python3.9/site-packages/airflow/models/baseoperator.py", line 424, in wrapper
    return func(self, *args, **kwargs)
  File "/home/airflow/.local/lib/python3.9/site-packages/airflow/operators/python.py", line 238, in execute
    return_value = self.execute_callable()
  File "/home/airflow/.local/lib/python3.9/site-packages/airflow/operators/python.py", line 256, in execute_callable
    return runner.run(*self.op_args, **self.op_kwargs)
  File "/home/airflow/.local/lib/python3.9/site-packages/airflow/utils/operator_helpers.py", line 252, in run
    return self.func(*args, **kwargs)
  File "/opt/airflow/dags/daily_news_sentiment_dag.py", line 40, in fetch_stock_prices
    ts = TimeSeries(key=ALPHA_API_KEY, output_format='pandas')
  File "/home/airflow/.local/lib/python3.9/site-packages/alpha_vantage/alphavantage.py", line 50, in __init__
    raise ValueError('The AlphaVantage API key must be provided '
ValueError: The AlphaVantage API key must be provided either through the key parameter or through the environment variable ALPHAVANTAGE_API_KEY. Get a free key from the alphavantage website: https://www.alphavantage.co/support/#api-key
[2025-05-16T10:38:22.932+0000] {local_task_job_runner.py:266} INFO - Task exited with return code 1
[2025-05-16T10:38:22.958+0000] {taskinstance.py:3901} INFO - 0 downstream tasks scheduled from follow-on schedule check
[2025-05-16T10:38:22.961+0000] {local_task_job_runner.py:245} INFO - ::endgroup::
