[2025-05-17T07:43:08.410+0000] {local_task_job_runner.py:123} INFO - ::group::Pre task execution logs
[2025-05-17T07:43:08.441+0000] {taskinstance.py:2614} INFO - Dependencies all met for dep_context=non-requeueable deps ti=<TaskInstance: daily_stock_news_and_sentiment_dag.fetch_stock_prices manual__2025-05-17T07:43:00.497231+00:00 [queued]>
[2025-05-17T07:43:08.456+0000] {taskinstance.py:2614} INFO - Dependencies all met for dep_context=requeueable deps ti=<TaskInstance: daily_stock_news_and_sentiment_dag.fetch_stock_prices manual__2025-05-17T07:43:00.497231+00:00 [queued]>
[2025-05-17T07:43:08.457+0000] {taskinstance.py:2867} INFO - Starting attempt 1 of 2
[2025-05-17T07:43:08.472+0000] {taskinstance.py:2890} INFO - Executing <Task(PythonOperator): fetch_stock_prices> on 2025-05-17 07:43:00.497231+00:00
[2025-05-17T07:43:08.486+0000] {standard_task_runner.py:72} INFO - Started process 10491 to run task
[2025-05-17T07:43:08.491+0000] {standard_task_runner.py:104} INFO - Running: ['***', 'tasks', 'run', 'daily_stock_news_and_sentiment_dag', 'fetch_stock_prices', 'manual__2025-05-17T07:43:00.497231+00:00', '--job-id', '37', '--raw', '--subdir', 'DAGS_FOLDER/daily_news_sentiment_dag.py', '--cfg-path', '/tmp/tmp33jfrn2z']
[2025-05-17T07:43:08.492+0000] {standard_task_runner.py:105} INFO - Job 37: Subtask fetch_stock_prices
[2025-05-17T07:43:08.573+0000] {task_command.py:467} INFO - Running <TaskInstance: daily_stock_news_and_sentiment_dag.fetch_stock_prices manual__2025-05-17T07:43:00.497231+00:00 [running]> on host 9f5193fcdf75
[2025-05-17T07:43:08.728+0000] {taskinstance.py:3134} INFO - Exporting env vars: AIRFLOW_CTX_DAG_OWNER='***' AIRFLOW_CTX_DAG_ID='daily_stock_news_and_sentiment_dag' AIRFLOW_CTX_TASK_ID='fetch_stock_prices' AIRFLOW_CTX_EXECUTION_DATE='2025-05-17T07:43:00.497231+00:00' AIRFLOW_CTX_TRY_NUMBER='1' AIRFLOW_CTX_DAG_RUN_ID='manual__2025-05-17T07:43:00.497231+00:00'
[2025-05-17T07:43:08.734+0000] {logging_mixin.py:190} INFO - Task instance is in running state
[2025-05-17T07:43:08.736+0000] {logging_mixin.py:190} INFO -  Previous state of the Task instance: queued
[2025-05-17T07:43:08.737+0000] {logging_mixin.py:190} INFO - Current task name:fetch_stock_prices state:running start_date:2025-05-17 07:43:08.442199+00:00
[2025-05-17T07:43:08.738+0000] {logging_mixin.py:190} INFO - Dag name:daily_stock_news_and_sentiment_dag and current dag run status:running
[2025-05-17T07:43:08.739+0000] {taskinstance.py:732} INFO - ::endgroup::
[2025-05-17T07:43:11.641+0000] {logging_mixin.py:190} INFO - Error fetching TSLA: We have detected your API key as 7MH8BBDFTW6MDMFJ and our standard API rate limit is 25 requests per day. Please subscribe to any of the premium plans at https://www.alphavantage.co/premium/ to instantly remove all daily rate limits.
[2025-05-17T07:43:11.849+0000] {logging_mixin.py:190} INFO - Error fetching NFLX: We have detected your API key as 7MH8BBDFTW6MDMFJ and our standard API rate limit is 25 requests per day. Please subscribe to any of the premium plans at https://www.alphavantage.co/premium/ to instantly remove all daily rate limits.
[2025-05-17T07:43:12.078+0000] {logging_mixin.py:190} INFO - Error fetching AMD: We have detected your API key as 7MH8BBDFTW6MDMFJ and our standard API rate limit is 25 requests per day. Please subscribe to any of the premium plans at https://www.alphavantage.co/premium/ to instantly remove all daily rate limits.
[2025-05-17T07:43:12.460+0000] {logging_mixin.py:190} INFO - Error fetching PLTR: We have detected your API key as 7MH8BBDFTW6MDMFJ and our standard API rate limit is 25 requests per day. Please subscribe to any of the premium plans at https://www.alphavantage.co/premium/ to instantly remove all daily rate limits.
[2025-05-17T07:43:12.516+0000] {base.py:84} INFO - Retrieving connection '***_default'
[2025-05-17T07:43:12.653+0000] {python.py:240} INFO - Done. Returned value was: None
[2025-05-17T07:43:12.670+0000] {taskinstance.py:341} INFO - ::group::Post task execution logs
[2025-05-17T07:43:12.671+0000] {taskinstance.py:353} INFO - Marking task as SUCCESS. dag_id=daily_stock_news_and_sentiment_dag, task_id=fetch_stock_prices, run_id=manual__2025-05-17T07:43:00.497231+00:00, execution_date=20250517T074300, start_date=20250517T074308, end_date=20250517T074312
[2025-05-17T07:43:12.713+0000] {logging_mixin.py:190} INFO - Task instance in success state
[2025-05-17T07:43:12.715+0000] {logging_mixin.py:190} INFO -  Previous state of the Task instance: running
[2025-05-17T07:43:12.716+0000] {logging_mixin.py:190} INFO - Dag name:daily_stock_news_and_sentiment_dag queued_at:2025-05-17 07:43:00.696595+00:00
[2025-05-17T07:43:12.717+0000] {logging_mixin.py:190} INFO - Task hostname:9f5193fcdf75 operator:PythonOperator
[2025-05-17T07:43:12.758+0000] {local_task_job_runner.py:266} INFO - Task exited with return code 0
[2025-05-17T07:43:12.774+0000] {local_task_job_runner.py:245} INFO - ::endgroup::
