[2025-05-19T17:09:13.718+0000] {local_task_job_runner.py:123} INFO - ::group::Pre task execution logs
[2025-05-19T17:09:13.744+0000] {taskinstance.py:2614} INFO - Dependencies all met for dep_context=non-requeueable deps ti=<TaskInstance: daily_stock_news_and_sentiment_dag.fetch_stock_prices scheduled__2025-05-19T00:30:00+00:00 [queued]>
[2025-05-19T17:09:13.755+0000] {taskinstance.py:2614} INFO - Dependencies all met for dep_context=requeueable deps ti=<TaskInstance: daily_stock_news_and_sentiment_dag.fetch_stock_prices scheduled__2025-05-19T00:30:00+00:00 [queued]>
[2025-05-19T17:09:13.757+0000] {taskinstance.py:2867} INFO - Starting attempt 1 of 2
[2025-05-19T17:09:13.784+0000] {taskinstance.py:2890} INFO - Executing <Task(PythonOperator): fetch_stock_prices> on 2025-05-19 00:30:00+00:00
[2025-05-19T17:09:13.796+0000] {standard_task_runner.py:72} INFO - Started process 19965 to run task
[2025-05-19T17:09:13.800+0000] {standard_task_runner.py:104} INFO - Running: ['***', 'tasks', 'run', 'daily_stock_news_and_sentiment_dag', 'fetch_stock_prices', 'scheduled__2025-05-19T00:30:00+00:00', '--job-id', '49', '--raw', '--subdir', 'DAGS_FOLDER/daily_news_sentiment_dag.py', '--cfg-path', '/tmp/tmpwd0_gdwz']
[2025-05-19T17:09:13.802+0000] {standard_task_runner.py:105} INFO - Job 49: Subtask fetch_stock_prices
[2025-05-19T17:09:13.858+0000] {task_command.py:467} INFO - Running <TaskInstance: daily_stock_news_and_sentiment_dag.fetch_stock_prices scheduled__2025-05-19T00:30:00+00:00 [running]> on host 9f5193fcdf75
[2025-05-19T17:09:13.989+0000] {taskinstance.py:3134} INFO - Exporting env vars: AIRFLOW_CTX_DAG_OWNER='***' AIRFLOW_CTX_DAG_ID='daily_stock_news_and_sentiment_dag' AIRFLOW_CTX_TASK_ID='fetch_stock_prices' AIRFLOW_CTX_EXECUTION_DATE='2025-05-19T00:30:00+00:00' AIRFLOW_CTX_TRY_NUMBER='1' AIRFLOW_CTX_DAG_RUN_ID='scheduled__2025-05-19T00:30:00+00:00'
[2025-05-19T17:09:13.991+0000] {logging_mixin.py:190} INFO - Task instance is in running state
[2025-05-19T17:09:13.991+0000] {logging_mixin.py:190} INFO -  Previous state of the Task instance: queued
[2025-05-19T17:09:13.992+0000] {logging_mixin.py:190} INFO - Current task name:fetch_stock_prices state:running start_date:2025-05-19 17:09:13.745036+00:00
[2025-05-19T17:09:13.993+0000] {logging_mixin.py:190} INFO - Dag name:daily_stock_news_and_sentiment_dag and current dag run status:running
[2025-05-19T17:09:13.993+0000] {taskinstance.py:732} INFO - ::endgroup::
[2025-05-19T17:09:18.596+0000] {base.py:84} INFO - Retrieving connection '***_default'
[2025-05-19T17:09:18.709+0000] {python.py:240} INFO - Done. Returned value was: None
[2025-05-19T17:09:18.732+0000] {taskinstance.py:341} INFO - ::group::Post task execution logs
[2025-05-19T17:09:18.733+0000] {taskinstance.py:353} INFO - Marking task as SUCCESS. dag_id=daily_stock_news_and_sentiment_dag, task_id=fetch_stock_prices, run_id=scheduled__2025-05-19T00:30:00+00:00, execution_date=20250519T003000, start_date=20250519T170913, end_date=20250519T170918
[2025-05-19T17:09:18.779+0000] {logging_mixin.py:190} INFO - Task instance in success state
[2025-05-19T17:09:18.780+0000] {logging_mixin.py:190} INFO -  Previous state of the Task instance: running
[2025-05-19T17:09:18.780+0000] {logging_mixin.py:190} INFO - Dag name:daily_stock_news_and_sentiment_dag queued_at:2025-05-19 17:09:03.691663+00:00
[2025-05-19T17:09:18.781+0000] {logging_mixin.py:190} INFO - Task hostname:9f5193fcdf75 operator:PythonOperator
[2025-05-19T17:09:18.819+0000] {local_task_job_runner.py:266} INFO - Task exited with return code 0
[2025-05-19T17:09:18.864+0000] {taskinstance.py:3901} INFO - 1 downstream tasks scheduled from follow-on schedule check
[2025-05-19T17:09:18.870+0000] {local_task_job_runner.py:245} INFO - ::endgroup::
