[2025-05-13T02:45:46.954+0000] {processor.py:153} INFO - Started process (PID=372) to work on /home/airflow/.local/lib/python3.9/site-packages/airflow/example_dags/plugins/workday.py
[2025-05-13T02:45:46.955+0000] {processor.py:743} INFO - Processing file /home/airflow/.local/lib/python3.9/site-packages/airflow/example_dags/plugins/workday.py for tasks to queue
[2025-05-13T02:45:46.956+0000] {logging_mixin.py:137} INFO - [2025-05-13T02:45:46.956+0000] {dagbag.py:538} INFO - Filling up the DagBag from /home/airflow/.local/lib/python3.9/site-packages/airflow/example_dags/plugins/workday.py
[2025-05-13T02:45:46.960+0000] {processor.py:755} WARNING - No viable dags retrieved from /home/airflow/.local/lib/python3.9/site-packages/airflow/example_dags/plugins/workday.py
[2025-05-13T02:45:46.979+0000] {processor.py:175} INFO - Processing /home/airflow/.local/lib/python3.9/site-packages/airflow/example_dags/plugins/workday.py took 0.030 seconds
[2025-05-13T02:46:18.458+0000] {processor.py:153} INFO - Started process (PID=575) to work on /home/airflow/.local/lib/python3.9/site-packages/airflow/example_dags/plugins/workday.py
[2025-05-13T02:46:18.459+0000] {processor.py:743} INFO - Processing file /home/airflow/.local/lib/python3.9/site-packages/airflow/example_dags/plugins/workday.py for tasks to queue
[2025-05-13T02:46:18.460+0000] {logging_mixin.py:137} INFO - [2025-05-13T02:46:18.460+0000] {dagbag.py:538} INFO - Filling up the DagBag from /home/airflow/.local/lib/python3.9/site-packages/airflow/example_dags/plugins/workday.py
[2025-05-13T02:46:18.462+0000] {processor.py:755} WARNING - No viable dags retrieved from /home/airflow/.local/lib/python3.9/site-packages/airflow/example_dags/plugins/workday.py
[2025-05-13T02:46:18.482+0000] {processor.py:175} INFO - Processing /home/airflow/.local/lib/python3.9/site-packages/airflow/example_dags/plugins/workday.py took 0.028 seconds
[2025-05-13T02:46:49.524+0000] {processor.py:153} INFO - Started process (PID=778) to work on /home/airflow/.local/lib/python3.9/site-packages/airflow/example_dags/plugins/workday.py
[2025-05-13T02:46:49.526+0000] {processor.py:743} INFO - Processing file /home/airflow/.local/lib/python3.9/site-packages/airflow/example_dags/plugins/workday.py for tasks to queue
[2025-05-13T02:46:49.527+0000] {logging_mixin.py:137} INFO - [2025-05-13T02:46:49.527+0000] {dagbag.py:538} INFO - Filling up the DagBag from /home/airflow/.local/lib/python3.9/site-packages/airflow/example_dags/plugins/workday.py
[2025-05-13T02:46:49.530+0000] {processor.py:755} WARNING - No viable dags retrieved from /home/airflow/.local/lib/python3.9/site-packages/airflow/example_dags/plugins/workday.py
[2025-05-13T02:46:49.554+0000] {processor.py:175} INFO - Processing /home/airflow/.local/lib/python3.9/site-packages/airflow/example_dags/plugins/workday.py took 0.034 seconds
[2025-05-13T02:47:20.176+0000] {processor.py:153} INFO - Started process (PID=977) to work on /home/airflow/.local/lib/python3.9/site-packages/airflow/example_dags/plugins/workday.py
[2025-05-13T02:47:20.177+0000] {processor.py:743} INFO - Processing file /home/airflow/.local/lib/python3.9/site-packages/airflow/example_dags/plugins/workday.py for tasks to queue
[2025-05-13T02:47:20.178+0000] {logging_mixin.py:137} INFO - [2025-05-13T02:47:20.178+0000] {dagbag.py:538} INFO - Filling up the DagBag from /home/airflow/.local/lib/python3.9/site-packages/airflow/example_dags/plugins/workday.py
[2025-05-13T02:47:20.181+0000] {processor.py:755} WARNING - No viable dags retrieved from /home/airflow/.local/lib/python3.9/site-packages/airflow/example_dags/plugins/workday.py
[2025-05-13T02:47:20.201+0000] {processor.py:175} INFO - Processing /home/airflow/.local/lib/python3.9/site-packages/airflow/example_dags/plugins/workday.py took 0.030 seconds
[2025-05-13T02:47:50.413+0000] {processor.py:153} INFO - Started process (PID=1180) to work on /home/airflow/.local/lib/python3.9/site-packages/airflow/example_dags/plugins/workday.py
[2025-05-13T02:47:50.414+0000] {processor.py:743} INFO - Processing file /home/airflow/.local/lib/python3.9/site-packages/airflow/example_dags/plugins/workday.py for tasks to queue
[2025-05-13T02:47:50.416+0000] {logging_mixin.py:137} INFO - [2025-05-13T02:47:50.415+0000] {dagbag.py:538} INFO - Filling up the DagBag from /home/airflow/.local/lib/python3.9/site-packages/airflow/example_dags/plugins/workday.py
[2025-05-13T02:47:50.418+0000] {processor.py:755} WARNING - No viable dags retrieved from /home/airflow/.local/lib/python3.9/site-packages/airflow/example_dags/plugins/workday.py
[2025-05-13T02:47:50.436+0000] {processor.py:175} INFO - Processing /home/airflow/.local/lib/python3.9/site-packages/airflow/example_dags/plugins/workday.py took 0.028 seconds
[2025-05-13T02:49:34.566+0000] {processor.py:153} INFO - Started process (PID=387) to work on /home/airflow/.local/lib/python3.9/site-packages/airflow/example_dags/plugins/workday.py
[2025-05-13T02:49:34.568+0000] {processor.py:743} INFO - Processing file /home/airflow/.local/lib/python3.9/site-packages/airflow/example_dags/plugins/workday.py for tasks to queue
[2025-05-13T02:49:34.569+0000] {logging_mixin.py:137} INFO - [2025-05-13T02:49:34.569+0000] {dagbag.py:538} INFO - Filling up the DagBag from /home/airflow/.local/lib/python3.9/site-packages/airflow/example_dags/plugins/workday.py
[2025-05-13T02:49:34.573+0000] {processor.py:755} WARNING - No viable dags retrieved from /home/airflow/.local/lib/python3.9/site-packages/airflow/example_dags/plugins/workday.py
[2025-05-13T02:49:34.594+0000] {processor.py:175} INFO - Processing /home/airflow/.local/lib/python3.9/site-packages/airflow/example_dags/plugins/workday.py took 0.032 seconds
[2025-05-13T02:50:06.234+0000] {processor.py:153} INFO - Started process (PID=590) to work on /home/airflow/.local/lib/python3.9/site-packages/airflow/example_dags/plugins/workday.py
[2025-05-13T02:50:06.236+0000] {processor.py:743} INFO - Processing file /home/airflow/.local/lib/python3.9/site-packages/airflow/example_dags/plugins/workday.py for tasks to queue
[2025-05-13T02:50:06.237+0000] {logging_mixin.py:137} INFO - [2025-05-13T02:50:06.237+0000] {dagbag.py:538} INFO - Filling up the DagBag from /home/airflow/.local/lib/python3.9/site-packages/airflow/example_dags/plugins/workday.py
[2025-05-13T02:50:06.240+0000] {processor.py:755} WARNING - No viable dags retrieved from /home/airflow/.local/lib/python3.9/site-packages/airflow/example_dags/plugins/workday.py
[2025-05-13T02:50:06.273+0000] {processor.py:175} INFO - Processing /home/airflow/.local/lib/python3.9/site-packages/airflow/example_dags/plugins/workday.py took 0.046 seconds
[2025-05-13T02:50:36.389+0000] {processor.py:153} INFO - Started process (PID=787) to work on /home/airflow/.local/lib/python3.9/site-packages/airflow/example_dags/plugins/workday.py
[2025-05-13T02:50:36.391+0000] {processor.py:743} INFO - Processing file /home/airflow/.local/lib/python3.9/site-packages/airflow/example_dags/plugins/workday.py for tasks to queue
[2025-05-13T02:50:36.392+0000] {logging_mixin.py:137} INFO - [2025-05-13T02:50:36.392+0000] {dagbag.py:538} INFO - Filling up the DagBag from /home/airflow/.local/lib/python3.9/site-packages/airflow/example_dags/plugins/workday.py
[2025-05-13T02:50:36.394+0000] {processor.py:755} WARNING - No viable dags retrieved from /home/airflow/.local/lib/python3.9/site-packages/airflow/example_dags/plugins/workday.py
[2025-05-13T02:50:36.415+0000] {processor.py:175} INFO - Processing /home/airflow/.local/lib/python3.9/site-packages/airflow/example_dags/plugins/workday.py took 0.030 seconds
[2025-05-13T21:18:32.028+0000] {processor.py:153} INFO - Started process (PID=372) to work on /home/airflow/.local/lib/python3.9/site-packages/airflow/example_dags/plugins/workday.py
[2025-05-13T21:18:32.030+0000] {processor.py:743} INFO - Processing file /home/airflow/.local/lib/python3.9/site-packages/airflow/example_dags/plugins/workday.py for tasks to queue
[2025-05-13T21:18:32.031+0000] {logging_mixin.py:137} INFO - [2025-05-13T21:18:32.031+0000] {dagbag.py:538} INFO - Filling up the DagBag from /home/airflow/.local/lib/python3.9/site-packages/airflow/example_dags/plugins/workday.py
[2025-05-13T21:18:32.035+0000] {processor.py:755} WARNING - No viable dags retrieved from /home/airflow/.local/lib/python3.9/site-packages/airflow/example_dags/plugins/workday.py
[2025-05-13T21:18:32.063+0000] {processor.py:175} INFO - Processing /home/airflow/.local/lib/python3.9/site-packages/airflow/example_dags/plugins/workday.py took 0.039 seconds
[2025-05-13T21:19:02.497+0000] {processor.py:153} INFO - Started process (PID=570) to work on /home/airflow/.local/lib/python3.9/site-packages/airflow/example_dags/plugins/workday.py
[2025-05-13T21:19:02.499+0000] {processor.py:743} INFO - Processing file /home/airflow/.local/lib/python3.9/site-packages/airflow/example_dags/plugins/workday.py for tasks to queue
[2025-05-13T21:19:02.500+0000] {logging_mixin.py:137} INFO - [2025-05-13T21:19:02.500+0000] {dagbag.py:538} INFO - Filling up the DagBag from /home/airflow/.local/lib/python3.9/site-packages/airflow/example_dags/plugins/workday.py
[2025-05-13T21:19:02.502+0000] {processor.py:755} WARNING - No viable dags retrieved from /home/airflow/.local/lib/python3.9/site-packages/airflow/example_dags/plugins/workday.py
[2025-05-13T21:19:02.526+0000] {processor.py:175} INFO - Processing /home/airflow/.local/lib/python3.9/site-packages/airflow/example_dags/plugins/workday.py took 0.033 seconds
[2025-05-13T21:19:34.179+0000] {processor.py:153} INFO - Started process (PID=778) to work on /home/airflow/.local/lib/python3.9/site-packages/airflow/example_dags/plugins/workday.py
[2025-05-13T21:19:34.182+0000] {processor.py:743} INFO - Processing file /home/airflow/.local/lib/python3.9/site-packages/airflow/example_dags/plugins/workday.py for tasks to queue
[2025-05-13T21:19:34.183+0000] {logging_mixin.py:137} INFO - [2025-05-13T21:19:34.182+0000] {dagbag.py:538} INFO - Filling up the DagBag from /home/airflow/.local/lib/python3.9/site-packages/airflow/example_dags/plugins/workday.py
[2025-05-13T21:19:34.185+0000] {processor.py:755} WARNING - No viable dags retrieved from /home/airflow/.local/lib/python3.9/site-packages/airflow/example_dags/plugins/workday.py
[2025-05-13T21:19:34.204+0000] {processor.py:175} INFO - Processing /home/airflow/.local/lib/python3.9/site-packages/airflow/example_dags/plugins/workday.py took 0.029 seconds
[2025-05-13T21:20:04.353+0000] {processor.py:153} INFO - Started process (PID=975) to work on /home/airflow/.local/lib/python3.9/site-packages/airflow/example_dags/plugins/workday.py
[2025-05-13T21:20:04.355+0000] {processor.py:743} INFO - Processing file /home/airflow/.local/lib/python3.9/site-packages/airflow/example_dags/plugins/workday.py for tasks to queue
[2025-05-13T21:20:04.358+0000] {logging_mixin.py:137} INFO - [2025-05-13T21:20:04.358+0000] {dagbag.py:538} INFO - Filling up the DagBag from /home/airflow/.local/lib/python3.9/site-packages/airflow/example_dags/plugins/workday.py
[2025-05-13T21:20:04.363+0000] {processor.py:755} WARNING - No viable dags retrieved from /home/airflow/.local/lib/python3.9/site-packages/airflow/example_dags/plugins/workday.py
[2025-05-13T21:20:04.389+0000] {processor.py:175} INFO - Processing /home/airflow/.local/lib/python3.9/site-packages/airflow/example_dags/plugins/workday.py took 0.040 seconds
[2025-05-13T21:20:35.193+0000] {processor.py:153} INFO - Started process (PID=1178) to work on /home/airflow/.local/lib/python3.9/site-packages/airflow/example_dags/plugins/workday.py
[2025-05-13T21:20:35.197+0000] {processor.py:743} INFO - Processing file /home/airflow/.local/lib/python3.9/site-packages/airflow/example_dags/plugins/workday.py for tasks to queue
[2025-05-13T21:20:35.201+0000] {logging_mixin.py:137} INFO - [2025-05-13T21:20:35.201+0000] {dagbag.py:538} INFO - Filling up the DagBag from /home/airflow/.local/lib/python3.9/site-packages/airflow/example_dags/plugins/workday.py
[2025-05-13T21:20:35.206+0000] {processor.py:755} WARNING - No viable dags retrieved from /home/airflow/.local/lib/python3.9/site-packages/airflow/example_dags/plugins/workday.py
[2025-05-13T21:20:35.263+0000] {processor.py:175} INFO - Processing /home/airflow/.local/lib/python3.9/site-packages/airflow/example_dags/plugins/workday.py took 0.078 seconds
[2025-05-13T21:21:05.592+0000] {processor.py:153} INFO - Started process (PID=1379) to work on /home/airflow/.local/lib/python3.9/site-packages/airflow/example_dags/plugins/workday.py
[2025-05-13T21:21:05.594+0000] {processor.py:743} INFO - Processing file /home/airflow/.local/lib/python3.9/site-packages/airflow/example_dags/plugins/workday.py for tasks to queue
[2025-05-13T21:21:05.597+0000] {logging_mixin.py:137} INFO - [2025-05-13T21:21:05.596+0000] {dagbag.py:538} INFO - Filling up the DagBag from /home/airflow/.local/lib/python3.9/site-packages/airflow/example_dags/plugins/workday.py
[2025-05-13T21:21:05.599+0000] {processor.py:755} WARNING - No viable dags retrieved from /home/airflow/.local/lib/python3.9/site-packages/airflow/example_dags/plugins/workday.py
[2025-05-13T21:21:05.620+0000] {processor.py:175} INFO - Processing /home/airflow/.local/lib/python3.9/site-packages/airflow/example_dags/plugins/workday.py took 0.033 seconds
[2025-05-13T21:21:36.077+0000] {processor.py:153} INFO - Started process (PID=1582) to work on /home/airflow/.local/lib/python3.9/site-packages/airflow/example_dags/plugins/workday.py
[2025-05-13T21:21:36.078+0000] {processor.py:743} INFO - Processing file /home/airflow/.local/lib/python3.9/site-packages/airflow/example_dags/plugins/workday.py for tasks to queue
[2025-05-13T21:21:36.079+0000] {logging_mixin.py:137} INFO - [2025-05-13T21:21:36.079+0000] {dagbag.py:538} INFO - Filling up the DagBag from /home/airflow/.local/lib/python3.9/site-packages/airflow/example_dags/plugins/workday.py
[2025-05-13T21:21:36.082+0000] {processor.py:755} WARNING - No viable dags retrieved from /home/airflow/.local/lib/python3.9/site-packages/airflow/example_dags/plugins/workday.py
[2025-05-13T21:21:36.105+0000] {processor.py:175} INFO - Processing /home/airflow/.local/lib/python3.9/site-packages/airflow/example_dags/plugins/workday.py took 0.033 seconds
[2025-05-13T21:22:06.916+0000] {processor.py:153} INFO - Started process (PID=1790) to work on /home/airflow/.local/lib/python3.9/site-packages/airflow/example_dags/plugins/workday.py
[2025-05-13T21:22:06.917+0000] {processor.py:743} INFO - Processing file /home/airflow/.local/lib/python3.9/site-packages/airflow/example_dags/plugins/workday.py for tasks to queue
[2025-05-13T21:22:06.918+0000] {logging_mixin.py:137} INFO - [2025-05-13T21:22:06.918+0000] {dagbag.py:538} INFO - Filling up the DagBag from /home/airflow/.local/lib/python3.9/site-packages/airflow/example_dags/plugins/workday.py
[2025-05-13T21:22:06.920+0000] {processor.py:755} WARNING - No viable dags retrieved from /home/airflow/.local/lib/python3.9/site-packages/airflow/example_dags/plugins/workday.py
[2025-05-13T21:22:06.938+0000] {processor.py:175} INFO - Processing /home/airflow/.local/lib/python3.9/site-packages/airflow/example_dags/plugins/workday.py took 0.026 seconds
[2025-05-13T21:22:37.224+0000] {processor.py:153} INFO - Started process (PID=1995) to work on /home/airflow/.local/lib/python3.9/site-packages/airflow/example_dags/plugins/workday.py
[2025-05-13T21:22:37.225+0000] {processor.py:743} INFO - Processing file /home/airflow/.local/lib/python3.9/site-packages/airflow/example_dags/plugins/workday.py for tasks to queue
[2025-05-13T21:22:37.226+0000] {logging_mixin.py:137} INFO - [2025-05-13T21:22:37.226+0000] {dagbag.py:538} INFO - Filling up the DagBag from /home/airflow/.local/lib/python3.9/site-packages/airflow/example_dags/plugins/workday.py
[2025-05-13T21:22:37.228+0000] {processor.py:755} WARNING - No viable dags retrieved from /home/airflow/.local/lib/python3.9/site-packages/airflow/example_dags/plugins/workday.py
[2025-05-13T21:22:37.247+0000] {processor.py:175} INFO - Processing /home/airflow/.local/lib/python3.9/site-packages/airflow/example_dags/plugins/workday.py took 0.027 seconds
[2025-05-13T21:23:07.804+0000] {processor.py:153} INFO - Started process (PID=2198) to work on /home/airflow/.local/lib/python3.9/site-packages/airflow/example_dags/plugins/workday.py
[2025-05-13T21:23:07.805+0000] {processor.py:743} INFO - Processing file /home/airflow/.local/lib/python3.9/site-packages/airflow/example_dags/plugins/workday.py for tasks to queue
[2025-05-13T21:23:07.806+0000] {logging_mixin.py:137} INFO - [2025-05-13T21:23:07.806+0000] {dagbag.py:538} INFO - Filling up the DagBag from /home/airflow/.local/lib/python3.9/site-packages/airflow/example_dags/plugins/workday.py
[2025-05-13T21:23:07.809+0000] {processor.py:755} WARNING - No viable dags retrieved from /home/airflow/.local/lib/python3.9/site-packages/airflow/example_dags/plugins/workday.py
[2025-05-13T21:23:07.827+0000] {processor.py:175} INFO - Processing /home/airflow/.local/lib/python3.9/site-packages/airflow/example_dags/plugins/workday.py took 0.028 seconds
[2025-05-13T21:23:38.314+0000] {processor.py:153} INFO - Started process (PID=2399) to work on /home/airflow/.local/lib/python3.9/site-packages/airflow/example_dags/plugins/workday.py
[2025-05-13T21:23:38.315+0000] {processor.py:743} INFO - Processing file /home/airflow/.local/lib/python3.9/site-packages/airflow/example_dags/plugins/workday.py for tasks to queue
[2025-05-13T21:23:38.316+0000] {logging_mixin.py:137} INFO - [2025-05-13T21:23:38.316+0000] {dagbag.py:538} INFO - Filling up the DagBag from /home/airflow/.local/lib/python3.9/site-packages/airflow/example_dags/plugins/workday.py
[2025-05-13T21:23:38.319+0000] {processor.py:755} WARNING - No viable dags retrieved from /home/airflow/.local/lib/python3.9/site-packages/airflow/example_dags/plugins/workday.py
[2025-05-13T21:23:38.337+0000] {processor.py:175} INFO - Processing /home/airflow/.local/lib/python3.9/site-packages/airflow/example_dags/plugins/workday.py took 0.027 seconds
[2025-05-13T21:24:08.998+0000] {processor.py:153} INFO - Started process (PID=2602) to work on /home/airflow/.local/lib/python3.9/site-packages/airflow/example_dags/plugins/workday.py
[2025-05-13T21:24:08.999+0000] {processor.py:743} INFO - Processing file /home/airflow/.local/lib/python3.9/site-packages/airflow/example_dags/plugins/workday.py for tasks to queue
[2025-05-13T21:24:09.000+0000] {logging_mixin.py:137} INFO - [2025-05-13T21:24:09.000+0000] {dagbag.py:538} INFO - Filling up the DagBag from /home/airflow/.local/lib/python3.9/site-packages/airflow/example_dags/plugins/workday.py
[2025-05-13T21:24:09.002+0000] {processor.py:755} WARNING - No viable dags retrieved from /home/airflow/.local/lib/python3.9/site-packages/airflow/example_dags/plugins/workday.py
[2025-05-13T21:24:09.020+0000] {processor.py:175} INFO - Processing /home/airflow/.local/lib/python3.9/site-packages/airflow/example_dags/plugins/workday.py took 0.026 seconds
[2025-05-13T21:24:39.740+0000] {processor.py:153} INFO - Started process (PID=2805) to work on /home/airflow/.local/lib/python3.9/site-packages/airflow/example_dags/plugins/workday.py
[2025-05-13T21:24:39.742+0000] {processor.py:743} INFO - Processing file /home/airflow/.local/lib/python3.9/site-packages/airflow/example_dags/plugins/workday.py for tasks to queue
[2025-05-13T21:24:39.743+0000] {logging_mixin.py:137} INFO - [2025-05-13T21:24:39.742+0000] {dagbag.py:538} INFO - Filling up the DagBag from /home/airflow/.local/lib/python3.9/site-packages/airflow/example_dags/plugins/workday.py
[2025-05-13T21:24:39.745+0000] {processor.py:755} WARNING - No viable dags retrieved from /home/airflow/.local/lib/python3.9/site-packages/airflow/example_dags/plugins/workday.py
[2025-05-13T21:24:39.763+0000] {processor.py:175} INFO - Processing /home/airflow/.local/lib/python3.9/site-packages/airflow/example_dags/plugins/workday.py took 0.027 seconds
[2025-05-13T21:25:10.320+0000] {processor.py:153} INFO - Started process (PID=3008) to work on /home/airflow/.local/lib/python3.9/site-packages/airflow/example_dags/plugins/workday.py
[2025-05-13T21:25:10.321+0000] {processor.py:743} INFO - Processing file /home/airflow/.local/lib/python3.9/site-packages/airflow/example_dags/plugins/workday.py for tasks to queue
[2025-05-13T21:25:10.322+0000] {logging_mixin.py:137} INFO - [2025-05-13T21:25:10.322+0000] {dagbag.py:538} INFO - Filling up the DagBag from /home/airflow/.local/lib/python3.9/site-packages/airflow/example_dags/plugins/workday.py
[2025-05-13T21:25:10.324+0000] {processor.py:755} WARNING - No viable dags retrieved from /home/airflow/.local/lib/python3.9/site-packages/airflow/example_dags/plugins/workday.py
[2025-05-13T21:25:10.339+0000] {processor.py:175} INFO - Processing /home/airflow/.local/lib/python3.9/site-packages/airflow/example_dags/plugins/workday.py took 0.021 seconds
[2025-05-13T21:25:40.743+0000] {processor.py:153} INFO - Started process (PID=3204) to work on /home/airflow/.local/lib/python3.9/site-packages/airflow/example_dags/plugins/workday.py
[2025-05-13T21:25:40.744+0000] {processor.py:743} INFO - Processing file /home/airflow/.local/lib/python3.9/site-packages/airflow/example_dags/plugins/workday.py for tasks to queue
[2025-05-13T21:25:40.745+0000] {logging_mixin.py:137} INFO - [2025-05-13T21:25:40.745+0000] {dagbag.py:538} INFO - Filling up the DagBag from /home/airflow/.local/lib/python3.9/site-packages/airflow/example_dags/plugins/workday.py
[2025-05-13T21:25:40.747+0000] {processor.py:755} WARNING - No viable dags retrieved from /home/airflow/.local/lib/python3.9/site-packages/airflow/example_dags/plugins/workday.py
[2025-05-13T21:25:40.766+0000] {processor.py:175} INFO - Processing /home/airflow/.local/lib/python3.9/site-packages/airflow/example_dags/plugins/workday.py took 0.028 seconds
[2025-05-13T21:26:11.499+0000] {processor.py:153} INFO - Started process (PID=3420) to work on /home/airflow/.local/lib/python3.9/site-packages/airflow/example_dags/plugins/workday.py
[2025-05-13T21:26:11.500+0000] {processor.py:743} INFO - Processing file /home/airflow/.local/lib/python3.9/site-packages/airflow/example_dags/plugins/workday.py for tasks to queue
[2025-05-13T21:26:11.501+0000] {logging_mixin.py:137} INFO - [2025-05-13T21:26:11.501+0000] {dagbag.py:538} INFO - Filling up the DagBag from /home/airflow/.local/lib/python3.9/site-packages/airflow/example_dags/plugins/workday.py
[2025-05-13T21:26:11.503+0000] {processor.py:755} WARNING - No viable dags retrieved from /home/airflow/.local/lib/python3.9/site-packages/airflow/example_dags/plugins/workday.py
[2025-05-13T21:26:11.522+0000] {processor.py:175} INFO - Processing /home/airflow/.local/lib/python3.9/site-packages/airflow/example_dags/plugins/workday.py took 0.028 seconds
[2025-05-13T21:26:42.158+0000] {processor.py:153} INFO - Started process (PID=3623) to work on /home/airflow/.local/lib/python3.9/site-packages/airflow/example_dags/plugins/workday.py
[2025-05-13T21:26:42.160+0000] {processor.py:743} INFO - Processing file /home/airflow/.local/lib/python3.9/site-packages/airflow/example_dags/plugins/workday.py for tasks to queue
[2025-05-13T21:26:42.161+0000] {logging_mixin.py:137} INFO - [2025-05-13T21:26:42.160+0000] {dagbag.py:538} INFO - Filling up the DagBag from /home/airflow/.local/lib/python3.9/site-packages/airflow/example_dags/plugins/workday.py
[2025-05-13T21:26:42.163+0000] {processor.py:755} WARNING - No viable dags retrieved from /home/airflow/.local/lib/python3.9/site-packages/airflow/example_dags/plugins/workday.py
[2025-05-13T21:26:42.182+0000] {processor.py:175} INFO - Processing /home/airflow/.local/lib/python3.9/site-packages/airflow/example_dags/plugins/workday.py took 0.028 seconds
[2025-05-13T21:27:12.551+0000] {processor.py:153} INFO - Started process (PID=3826) to work on /home/airflow/.local/lib/python3.9/site-packages/airflow/example_dags/plugins/workday.py
[2025-05-13T21:27:12.554+0000] {processor.py:743} INFO - Processing file /home/airflow/.local/lib/python3.9/site-packages/airflow/example_dags/plugins/workday.py for tasks to queue
[2025-05-13T21:27:12.557+0000] {logging_mixin.py:137} INFO - [2025-05-13T21:27:12.557+0000] {dagbag.py:538} INFO - Filling up the DagBag from /home/airflow/.local/lib/python3.9/site-packages/airflow/example_dags/plugins/workday.py
[2025-05-13T21:27:12.563+0000] {processor.py:755} WARNING - No viable dags retrieved from /home/airflow/.local/lib/python3.9/site-packages/airflow/example_dags/plugins/workday.py
[2025-05-13T21:27:12.626+0000] {processor.py:175} INFO - Processing /home/airflow/.local/lib/python3.9/site-packages/airflow/example_dags/plugins/workday.py took 0.086 seconds
[2025-05-13T21:27:43.427+0000] {processor.py:153} INFO - Started process (PID=4029) to work on /home/airflow/.local/lib/python3.9/site-packages/airflow/example_dags/plugins/workday.py
[2025-05-13T21:27:43.428+0000] {processor.py:743} INFO - Processing file /home/airflow/.local/lib/python3.9/site-packages/airflow/example_dags/plugins/workday.py for tasks to queue
[2025-05-13T21:27:43.429+0000] {logging_mixin.py:137} INFO - [2025-05-13T21:27:43.429+0000] {dagbag.py:538} INFO - Filling up the DagBag from /home/airflow/.local/lib/python3.9/site-packages/airflow/example_dags/plugins/workday.py
[2025-05-13T21:27:43.431+0000] {processor.py:755} WARNING - No viable dags retrieved from /home/airflow/.local/lib/python3.9/site-packages/airflow/example_dags/plugins/workday.py
[2025-05-13T21:27:43.451+0000] {processor.py:175} INFO - Processing /home/airflow/.local/lib/python3.9/site-packages/airflow/example_dags/plugins/workday.py took 0.028 seconds
[2025-05-13T21:28:14.089+0000] {processor.py:153} INFO - Started process (PID=4232) to work on /home/airflow/.local/lib/python3.9/site-packages/airflow/example_dags/plugins/workday.py
[2025-05-13T21:28:14.090+0000] {processor.py:743} INFO - Processing file /home/airflow/.local/lib/python3.9/site-packages/airflow/example_dags/plugins/workday.py for tasks to queue
[2025-05-13T21:28:14.091+0000] {logging_mixin.py:137} INFO - [2025-05-13T21:28:14.091+0000] {dagbag.py:538} INFO - Filling up the DagBag from /home/airflow/.local/lib/python3.9/site-packages/airflow/example_dags/plugins/workday.py
[2025-05-13T21:28:14.093+0000] {processor.py:755} WARNING - No viable dags retrieved from /home/airflow/.local/lib/python3.9/site-packages/airflow/example_dags/plugins/workday.py
[2025-05-13T21:28:14.112+0000] {processor.py:175} INFO - Processing /home/airflow/.local/lib/python3.9/site-packages/airflow/example_dags/plugins/workday.py took 0.028 seconds
[2025-05-13T21:28:44.604+0000] {processor.py:153} INFO - Started process (PID=4435) to work on /home/airflow/.local/lib/python3.9/site-packages/airflow/example_dags/plugins/workday.py
[2025-05-13T21:28:44.605+0000] {processor.py:743} INFO - Processing file /home/airflow/.local/lib/python3.9/site-packages/airflow/example_dags/plugins/workday.py for tasks to queue
[2025-05-13T21:28:44.606+0000] {logging_mixin.py:137} INFO - [2025-05-13T21:28:44.606+0000] {dagbag.py:538} INFO - Filling up the DagBag from /home/airflow/.local/lib/python3.9/site-packages/airflow/example_dags/plugins/workday.py
[2025-05-13T21:28:44.609+0000] {processor.py:755} WARNING - No viable dags retrieved from /home/airflow/.local/lib/python3.9/site-packages/airflow/example_dags/plugins/workday.py
[2025-05-13T21:28:44.627+0000] {processor.py:175} INFO - Processing /home/airflow/.local/lib/python3.9/site-packages/airflow/example_dags/plugins/workday.py took 0.027 seconds
[2025-05-13T21:29:15.642+0000] {processor.py:153} INFO - Started process (PID=4638) to work on /home/airflow/.local/lib/python3.9/site-packages/airflow/example_dags/plugins/workday.py
[2025-05-13T21:29:15.643+0000] {processor.py:743} INFO - Processing file /home/airflow/.local/lib/python3.9/site-packages/airflow/example_dags/plugins/workday.py for tasks to queue
[2025-05-13T21:29:15.645+0000] {logging_mixin.py:137} INFO - [2025-05-13T21:29:15.645+0000] {dagbag.py:538} INFO - Filling up the DagBag from /home/airflow/.local/lib/python3.9/site-packages/airflow/example_dags/plugins/workday.py
[2025-05-13T21:29:15.649+0000] {processor.py:755} WARNING - No viable dags retrieved from /home/airflow/.local/lib/python3.9/site-packages/airflow/example_dags/plugins/workday.py
[2025-05-13T21:29:15.674+0000] {processor.py:175} INFO - Processing /home/airflow/.local/lib/python3.9/site-packages/airflow/example_dags/plugins/workday.py took 0.040 seconds
[2025-05-13T21:29:46.538+0000] {processor.py:153} INFO - Started process (PID=4841) to work on /home/airflow/.local/lib/python3.9/site-packages/airflow/example_dags/plugins/workday.py
[2025-05-13T21:29:46.540+0000] {processor.py:743} INFO - Processing file /home/airflow/.local/lib/python3.9/site-packages/airflow/example_dags/plugins/workday.py for tasks to queue
[2025-05-13T21:29:46.541+0000] {logging_mixin.py:137} INFO - [2025-05-13T21:29:46.541+0000] {dagbag.py:538} INFO - Filling up the DagBag from /home/airflow/.local/lib/python3.9/site-packages/airflow/example_dags/plugins/workday.py
[2025-05-13T21:29:46.543+0000] {processor.py:755} WARNING - No viable dags retrieved from /home/airflow/.local/lib/python3.9/site-packages/airflow/example_dags/plugins/workday.py
[2025-05-13T21:29:46.566+0000] {processor.py:175} INFO - Processing /home/airflow/.local/lib/python3.9/site-packages/airflow/example_dags/plugins/workday.py took 0.032 seconds
[2025-05-13T21:30:17.067+0000] {processor.py:153} INFO - Started process (PID=5044) to work on /home/airflow/.local/lib/python3.9/site-packages/airflow/example_dags/plugins/workday.py
[2025-05-13T21:30:17.071+0000] {processor.py:743} INFO - Processing file /home/airflow/.local/lib/python3.9/site-packages/airflow/example_dags/plugins/workday.py for tasks to queue
[2025-05-13T21:30:17.072+0000] {logging_mixin.py:137} INFO - [2025-05-13T21:30:17.072+0000] {dagbag.py:538} INFO - Filling up the DagBag from /home/airflow/.local/lib/python3.9/site-packages/airflow/example_dags/plugins/workday.py
[2025-05-13T21:30:17.074+0000] {processor.py:755} WARNING - No viable dags retrieved from /home/airflow/.local/lib/python3.9/site-packages/airflow/example_dags/plugins/workday.py
[2025-05-13T21:30:17.095+0000] {processor.py:175} INFO - Processing /home/airflow/.local/lib/python3.9/site-packages/airflow/example_dags/plugins/workday.py took 0.032 seconds
[2025-05-13T21:30:48.623+0000] {processor.py:153} INFO - Started process (PID=5247) to work on /home/airflow/.local/lib/python3.9/site-packages/airflow/example_dags/plugins/workday.py
[2025-05-13T21:30:48.625+0000] {processor.py:743} INFO - Processing file /home/airflow/.local/lib/python3.9/site-packages/airflow/example_dags/plugins/workday.py for tasks to queue
[2025-05-13T21:30:48.627+0000] {logging_mixin.py:137} INFO - [2025-05-13T21:30:48.627+0000] {dagbag.py:538} INFO - Filling up the DagBag from /home/airflow/.local/lib/python3.9/site-packages/airflow/example_dags/plugins/workday.py
[2025-05-13T21:30:48.630+0000] {processor.py:755} WARNING - No viable dags retrieved from /home/airflow/.local/lib/python3.9/site-packages/airflow/example_dags/plugins/workday.py
[2025-05-13T21:30:48.654+0000] {processor.py:175} INFO - Processing /home/airflow/.local/lib/python3.9/site-packages/airflow/example_dags/plugins/workday.py took 0.038 seconds
[2025-05-13T21:31:19.275+0000] {processor.py:153} INFO - Started process (PID=5446) to work on /home/airflow/.local/lib/python3.9/site-packages/airflow/example_dags/plugins/workday.py
[2025-05-13T21:31:19.276+0000] {processor.py:743} INFO - Processing file /home/airflow/.local/lib/python3.9/site-packages/airflow/example_dags/plugins/workday.py for tasks to queue
[2025-05-13T21:31:19.277+0000] {logging_mixin.py:137} INFO - [2025-05-13T21:31:19.277+0000] {dagbag.py:538} INFO - Filling up the DagBag from /home/airflow/.local/lib/python3.9/site-packages/airflow/example_dags/plugins/workday.py
[2025-05-13T21:31:19.279+0000] {processor.py:755} WARNING - No viable dags retrieved from /home/airflow/.local/lib/python3.9/site-packages/airflow/example_dags/plugins/workday.py
[2025-05-13T21:31:19.303+0000] {processor.py:175} INFO - Processing /home/airflow/.local/lib/python3.9/site-packages/airflow/example_dags/plugins/workday.py took 0.034 seconds
[2025-05-13T21:31:49.420+0000] {processor.py:153} INFO - Started process (PID=5647) to work on /home/airflow/.local/lib/python3.9/site-packages/airflow/example_dags/plugins/workday.py
[2025-05-13T21:31:49.421+0000] {processor.py:743} INFO - Processing file /home/airflow/.local/lib/python3.9/site-packages/airflow/example_dags/plugins/workday.py for tasks to queue
[2025-05-13T21:31:49.422+0000] {logging_mixin.py:137} INFO - [2025-05-13T21:31:49.422+0000] {dagbag.py:538} INFO - Filling up the DagBag from /home/airflow/.local/lib/python3.9/site-packages/airflow/example_dags/plugins/workday.py
[2025-05-13T21:31:49.425+0000] {processor.py:755} WARNING - No viable dags retrieved from /home/airflow/.local/lib/python3.9/site-packages/airflow/example_dags/plugins/workday.py
[2025-05-13T21:31:49.444+0000] {processor.py:175} INFO - Processing /home/airflow/.local/lib/python3.9/site-packages/airflow/example_dags/plugins/workday.py took 0.028 seconds
[2025-05-13T21:32:19.468+0000] {processor.py:153} INFO - Started process (PID=5850) to work on /home/airflow/.local/lib/python3.9/site-packages/airflow/example_dags/plugins/workday.py
[2025-05-13T21:32:19.470+0000] {processor.py:743} INFO - Processing file /home/airflow/.local/lib/python3.9/site-packages/airflow/example_dags/plugins/workday.py for tasks to queue
[2025-05-13T21:32:19.471+0000] {logging_mixin.py:137} INFO - [2025-05-13T21:32:19.470+0000] {dagbag.py:538} INFO - Filling up the DagBag from /home/airflow/.local/lib/python3.9/site-packages/airflow/example_dags/plugins/workday.py
[2025-05-13T21:32:19.473+0000] {processor.py:755} WARNING - No viable dags retrieved from /home/airflow/.local/lib/python3.9/site-packages/airflow/example_dags/plugins/workday.py
[2025-05-13T21:32:19.491+0000] {processor.py:175} INFO - Processing /home/airflow/.local/lib/python3.9/site-packages/airflow/example_dags/plugins/workday.py took 0.027 seconds
[2025-05-13T21:32:49.767+0000] {processor.py:153} INFO - Started process (PID=6051) to work on /home/airflow/.local/lib/python3.9/site-packages/airflow/example_dags/plugins/workday.py
[2025-05-13T21:32:49.769+0000] {processor.py:743} INFO - Processing file /home/airflow/.local/lib/python3.9/site-packages/airflow/example_dags/plugins/workday.py for tasks to queue
[2025-05-13T21:32:49.770+0000] {logging_mixin.py:137} INFO - [2025-05-13T21:32:49.769+0000] {dagbag.py:538} INFO - Filling up the DagBag from /home/airflow/.local/lib/python3.9/site-packages/airflow/example_dags/plugins/workday.py
[2025-05-13T21:32:49.772+0000] {processor.py:755} WARNING - No viable dags retrieved from /home/airflow/.local/lib/python3.9/site-packages/airflow/example_dags/plugins/workday.py
[2025-05-13T21:32:49.793+0000] {processor.py:175} INFO - Processing /home/airflow/.local/lib/python3.9/site-packages/airflow/example_dags/plugins/workday.py took 0.030 seconds
[2025-05-13T21:33:20.013+0000] {processor.py:153} INFO - Started process (PID=6254) to work on /home/airflow/.local/lib/python3.9/site-packages/airflow/example_dags/plugins/workday.py
[2025-05-13T21:33:20.017+0000] {processor.py:743} INFO - Processing file /home/airflow/.local/lib/python3.9/site-packages/airflow/example_dags/plugins/workday.py for tasks to queue
[2025-05-13T21:33:20.017+0000] {logging_mixin.py:137} INFO - [2025-05-13T21:33:20.017+0000] {dagbag.py:538} INFO - Filling up the DagBag from /home/airflow/.local/lib/python3.9/site-packages/airflow/example_dags/plugins/workday.py
[2025-05-13T21:33:20.020+0000] {processor.py:755} WARNING - No viable dags retrieved from /home/airflow/.local/lib/python3.9/site-packages/airflow/example_dags/plugins/workday.py
[2025-05-13T21:33:20.039+0000] {processor.py:175} INFO - Processing /home/airflow/.local/lib/python3.9/site-packages/airflow/example_dags/plugins/workday.py took 0.029 seconds
[2025-05-13T21:33:50.497+0000] {processor.py:153} INFO - Started process (PID=6451) to work on /home/airflow/.local/lib/python3.9/site-packages/airflow/example_dags/plugins/workday.py
[2025-05-13T21:33:50.498+0000] {processor.py:743} INFO - Processing file /home/airflow/.local/lib/python3.9/site-packages/airflow/example_dags/plugins/workday.py for tasks to queue
[2025-05-13T21:33:50.500+0000] {logging_mixin.py:137} INFO - [2025-05-13T21:33:50.500+0000] {dagbag.py:538} INFO - Filling up the DagBag from /home/airflow/.local/lib/python3.9/site-packages/airflow/example_dags/plugins/workday.py
[2025-05-13T21:33:50.502+0000] {processor.py:755} WARNING - No viable dags retrieved from /home/airflow/.local/lib/python3.9/site-packages/airflow/example_dags/plugins/workday.py
[2025-05-13T21:33:50.523+0000] {processor.py:175} INFO - Processing /home/airflow/.local/lib/python3.9/site-packages/airflow/example_dags/plugins/workday.py took 0.031 seconds
[2025-05-13T21:34:21.273+0000] {processor.py:153} INFO - Started process (PID=6655) to work on /home/airflow/.local/lib/python3.9/site-packages/airflow/example_dags/plugins/workday.py
[2025-05-13T21:34:21.274+0000] {processor.py:743} INFO - Processing file /home/airflow/.local/lib/python3.9/site-packages/airflow/example_dags/plugins/workday.py for tasks to queue
[2025-05-13T21:34:21.275+0000] {logging_mixin.py:137} INFO - [2025-05-13T21:34:21.275+0000] {dagbag.py:538} INFO - Filling up the DagBag from /home/airflow/.local/lib/python3.9/site-packages/airflow/example_dags/plugins/workday.py
[2025-05-13T21:34:21.277+0000] {processor.py:755} WARNING - No viable dags retrieved from /home/airflow/.local/lib/python3.9/site-packages/airflow/example_dags/plugins/workday.py
[2025-05-13T21:34:21.295+0000] {processor.py:175} INFO - Processing /home/airflow/.local/lib/python3.9/site-packages/airflow/example_dags/plugins/workday.py took 0.027 seconds
[2025-05-13T21:34:52.302+0000] {processor.py:153} INFO - Started process (PID=6864) to work on /home/airflow/.local/lib/python3.9/site-packages/airflow/example_dags/plugins/workday.py
[2025-05-13T21:34:52.303+0000] {processor.py:743} INFO - Processing file /home/airflow/.local/lib/python3.9/site-packages/airflow/example_dags/plugins/workday.py for tasks to queue
[2025-05-13T21:34:52.304+0000] {logging_mixin.py:137} INFO - [2025-05-13T21:34:52.304+0000] {dagbag.py:538} INFO - Filling up the DagBag from /home/airflow/.local/lib/python3.9/site-packages/airflow/example_dags/plugins/workday.py
[2025-05-13T21:34:52.306+0000] {processor.py:755} WARNING - No viable dags retrieved from /home/airflow/.local/lib/python3.9/site-packages/airflow/example_dags/plugins/workday.py
[2025-05-13T21:34:52.326+0000] {processor.py:175} INFO - Processing /home/airflow/.local/lib/python3.9/site-packages/airflow/example_dags/plugins/workday.py took 0.030 seconds
[2025-05-13T21:35:22.953+0000] {processor.py:153} INFO - Started process (PID=7069) to work on /home/airflow/.local/lib/python3.9/site-packages/airflow/example_dags/plugins/workday.py
[2025-05-13T21:35:22.954+0000] {processor.py:743} INFO - Processing file /home/airflow/.local/lib/python3.9/site-packages/airflow/example_dags/plugins/workday.py for tasks to queue
[2025-05-13T21:35:22.955+0000] {logging_mixin.py:137} INFO - [2025-05-13T21:35:22.955+0000] {dagbag.py:538} INFO - Filling up the DagBag from /home/airflow/.local/lib/python3.9/site-packages/airflow/example_dags/plugins/workday.py
[2025-05-13T21:35:22.957+0000] {processor.py:755} WARNING - No viable dags retrieved from /home/airflow/.local/lib/python3.9/site-packages/airflow/example_dags/plugins/workday.py
[2025-05-13T21:35:22.976+0000] {processor.py:175} INFO - Processing /home/airflow/.local/lib/python3.9/site-packages/airflow/example_dags/plugins/workday.py took 0.029 seconds
[2025-05-13T21:35:54.440+0000] {processor.py:153} INFO - Started process (PID=7278) to work on /home/airflow/.local/lib/python3.9/site-packages/airflow/example_dags/plugins/workday.py
[2025-05-13T21:35:54.441+0000] {processor.py:743} INFO - Processing file /home/airflow/.local/lib/python3.9/site-packages/airflow/example_dags/plugins/workday.py for tasks to queue
[2025-05-13T21:35:54.442+0000] {logging_mixin.py:137} INFO - [2025-05-13T21:35:54.442+0000] {dagbag.py:538} INFO - Filling up the DagBag from /home/airflow/.local/lib/python3.9/site-packages/airflow/example_dags/plugins/workday.py
[2025-05-13T21:35:54.445+0000] {processor.py:755} WARNING - No viable dags retrieved from /home/airflow/.local/lib/python3.9/site-packages/airflow/example_dags/plugins/workday.py
[2025-05-13T21:35:54.463+0000] {processor.py:175} INFO - Processing /home/airflow/.local/lib/python3.9/site-packages/airflow/example_dags/plugins/workday.py took 0.028 seconds
[2025-05-13T21:36:26.209+0000] {processor.py:153} INFO - Started process (PID=7481) to work on /home/airflow/.local/lib/python3.9/site-packages/airflow/example_dags/plugins/workday.py
[2025-05-13T21:36:26.211+0000] {processor.py:743} INFO - Processing file /home/airflow/.local/lib/python3.9/site-packages/airflow/example_dags/plugins/workday.py for tasks to queue
[2025-05-13T21:36:26.212+0000] {logging_mixin.py:137} INFO - [2025-05-13T21:36:26.212+0000] {dagbag.py:538} INFO - Filling up the DagBag from /home/airflow/.local/lib/python3.9/site-packages/airflow/example_dags/plugins/workday.py
[2025-05-13T21:36:26.214+0000] {processor.py:755} WARNING - No viable dags retrieved from /home/airflow/.local/lib/python3.9/site-packages/airflow/example_dags/plugins/workday.py
[2025-05-13T21:36:26.234+0000] {processor.py:175} INFO - Processing /home/airflow/.local/lib/python3.9/site-packages/airflow/example_dags/plugins/workday.py took 0.029 seconds
[2025-05-13T21:37:53.404+0000] {processor.py:153} INFO - Started process (PID=382) to work on /home/airflow/.local/lib/python3.9/site-packages/airflow/example_dags/plugins/workday.py
[2025-05-13T21:37:53.405+0000] {processor.py:743} INFO - Processing file /home/airflow/.local/lib/python3.9/site-packages/airflow/example_dags/plugins/workday.py for tasks to queue
[2025-05-13T21:37:53.406+0000] {logging_mixin.py:137} INFO - [2025-05-13T21:37:53.406+0000] {dagbag.py:538} INFO - Filling up the DagBag from /home/airflow/.local/lib/python3.9/site-packages/airflow/example_dags/plugins/workday.py
[2025-05-13T21:37:53.409+0000] {processor.py:755} WARNING - No viable dags retrieved from /home/airflow/.local/lib/python3.9/site-packages/airflow/example_dags/plugins/workday.py
[2025-05-13T21:37:53.430+0000] {processor.py:175} INFO - Processing /home/airflow/.local/lib/python3.9/site-packages/airflow/example_dags/plugins/workday.py took 0.032 seconds
[2025-05-13T21:38:25.280+0000] {processor.py:153} INFO - Started process (PID=583) to work on /home/airflow/.local/lib/python3.9/site-packages/airflow/example_dags/plugins/workday.py
[2025-05-13T21:38:25.281+0000] {processor.py:743} INFO - Processing file /home/airflow/.local/lib/python3.9/site-packages/airflow/example_dags/plugins/workday.py for tasks to queue
[2025-05-13T21:38:25.282+0000] {logging_mixin.py:137} INFO - [2025-05-13T21:38:25.282+0000] {dagbag.py:538} INFO - Filling up the DagBag from /home/airflow/.local/lib/python3.9/site-packages/airflow/example_dags/plugins/workday.py
[2025-05-13T21:38:25.285+0000] {processor.py:755} WARNING - No viable dags retrieved from /home/airflow/.local/lib/python3.9/site-packages/airflow/example_dags/plugins/workday.py
[2025-05-13T21:38:25.304+0000] {processor.py:175} INFO - Processing /home/airflow/.local/lib/python3.9/site-packages/airflow/example_dags/plugins/workday.py took 0.029 seconds
[2025-05-13T21:38:55.915+0000] {processor.py:153} INFO - Started process (PID=786) to work on /home/airflow/.local/lib/python3.9/site-packages/airflow/example_dags/plugins/workday.py
[2025-05-13T21:38:55.917+0000] {processor.py:743} INFO - Processing file /home/airflow/.local/lib/python3.9/site-packages/airflow/example_dags/plugins/workday.py for tasks to queue
[2025-05-13T21:38:55.918+0000] {logging_mixin.py:137} INFO - [2025-05-13T21:38:55.917+0000] {dagbag.py:538} INFO - Filling up the DagBag from /home/airflow/.local/lib/python3.9/site-packages/airflow/example_dags/plugins/workday.py
[2025-05-13T21:38:55.920+0000] {processor.py:755} WARNING - No viable dags retrieved from /home/airflow/.local/lib/python3.9/site-packages/airflow/example_dags/plugins/workday.py
[2025-05-13T21:38:55.939+0000] {processor.py:175} INFO - Processing /home/airflow/.local/lib/python3.9/site-packages/airflow/example_dags/plugins/workday.py took 0.027 seconds
[2025-05-13T21:39:26.098+0000] {processor.py:153} INFO - Started process (PID=983) to work on /home/airflow/.local/lib/python3.9/site-packages/airflow/example_dags/plugins/workday.py
[2025-05-13T21:39:26.099+0000] {processor.py:743} INFO - Processing file /home/airflow/.local/lib/python3.9/site-packages/airflow/example_dags/plugins/workday.py for tasks to queue
[2025-05-13T21:39:26.100+0000] {logging_mixin.py:137} INFO - [2025-05-13T21:39:26.100+0000] {dagbag.py:538} INFO - Filling up the DagBag from /home/airflow/.local/lib/python3.9/site-packages/airflow/example_dags/plugins/workday.py
[2025-05-13T21:39:26.104+0000] {processor.py:755} WARNING - No viable dags retrieved from /home/airflow/.local/lib/python3.9/site-packages/airflow/example_dags/plugins/workday.py
[2025-05-13T21:39:26.123+0000] {processor.py:175} INFO - Processing /home/airflow/.local/lib/python3.9/site-packages/airflow/example_dags/plugins/workday.py took 0.029 seconds
[2025-05-13T21:39:56.468+0000] {processor.py:153} INFO - Started process (PID=1186) to work on /home/airflow/.local/lib/python3.9/site-packages/airflow/example_dags/plugins/workday.py
[2025-05-13T21:39:56.469+0000] {processor.py:743} INFO - Processing file /home/airflow/.local/lib/python3.9/site-packages/airflow/example_dags/plugins/workday.py for tasks to queue
[2025-05-13T21:39:56.470+0000] {logging_mixin.py:137} INFO - [2025-05-13T21:39:56.470+0000] {dagbag.py:538} INFO - Filling up the DagBag from /home/airflow/.local/lib/python3.9/site-packages/airflow/example_dags/plugins/workday.py
[2025-05-13T21:39:56.473+0000] {processor.py:755} WARNING - No viable dags retrieved from /home/airflow/.local/lib/python3.9/site-packages/airflow/example_dags/plugins/workday.py
[2025-05-13T21:39:56.496+0000] {processor.py:175} INFO - Processing /home/airflow/.local/lib/python3.9/site-packages/airflow/example_dags/plugins/workday.py took 0.033 seconds
[2025-05-13T21:40:26.576+0000] {processor.py:153} INFO - Started process (PID=1388) to work on /home/airflow/.local/lib/python3.9/site-packages/airflow/example_dags/plugins/workday.py
[2025-05-13T21:40:26.578+0000] {processor.py:743} INFO - Processing file /home/airflow/.local/lib/python3.9/site-packages/airflow/example_dags/plugins/workday.py for tasks to queue
[2025-05-13T21:40:26.580+0000] {logging_mixin.py:137} INFO - [2025-05-13T21:40:26.580+0000] {dagbag.py:538} INFO - Filling up the DagBag from /home/airflow/.local/lib/python3.9/site-packages/airflow/example_dags/plugins/workday.py
[2025-05-13T21:40:26.582+0000] {processor.py:755} WARNING - No viable dags retrieved from /home/airflow/.local/lib/python3.9/site-packages/airflow/example_dags/plugins/workday.py
[2025-05-13T21:40:26.603+0000] {processor.py:175} INFO - Processing /home/airflow/.local/lib/python3.9/site-packages/airflow/example_dags/plugins/workday.py took 0.032 seconds
[2025-05-13T21:40:56.808+0000] {processor.py:153} INFO - Started process (PID=1591) to work on /home/airflow/.local/lib/python3.9/site-packages/airflow/example_dags/plugins/workday.py
[2025-05-13T21:40:56.809+0000] {processor.py:743} INFO - Processing file /home/airflow/.local/lib/python3.9/site-packages/airflow/example_dags/plugins/workday.py for tasks to queue
[2025-05-13T21:40:56.811+0000] {logging_mixin.py:137} INFO - [2025-05-13T21:40:56.811+0000] {dagbag.py:538} INFO - Filling up the DagBag from /home/airflow/.local/lib/python3.9/site-packages/airflow/example_dags/plugins/workday.py
[2025-05-13T21:40:56.813+0000] {processor.py:755} WARNING - No viable dags retrieved from /home/airflow/.local/lib/python3.9/site-packages/airflow/example_dags/plugins/workday.py
[2025-05-13T21:40:56.835+0000] {processor.py:175} INFO - Processing /home/airflow/.local/lib/python3.9/site-packages/airflow/example_dags/plugins/workday.py took 0.031 seconds
[2025-05-13T21:41:27.561+0000] {processor.py:153} INFO - Started process (PID=1789) to work on /home/airflow/.local/lib/python3.9/site-packages/airflow/example_dags/plugins/workday.py
[2025-05-13T21:41:27.563+0000] {processor.py:743} INFO - Processing file /home/airflow/.local/lib/python3.9/site-packages/airflow/example_dags/plugins/workday.py for tasks to queue
[2025-05-13T21:41:27.565+0000] {logging_mixin.py:137} INFO - [2025-05-13T21:41:27.564+0000] {dagbag.py:538} INFO - Filling up the DagBag from /home/airflow/.local/lib/python3.9/site-packages/airflow/example_dags/plugins/workday.py
[2025-05-13T21:41:27.567+0000] {processor.py:755} WARNING - No viable dags retrieved from /home/airflow/.local/lib/python3.9/site-packages/airflow/example_dags/plugins/workday.py
[2025-05-13T21:41:27.593+0000] {processor.py:175} INFO - Processing /home/airflow/.local/lib/python3.9/site-packages/airflow/example_dags/plugins/workday.py took 0.036 seconds
