[2025-05-13T02:45:36.781+0000] {processor.py:153} INFO - Started process (PID=175) to work on /opt/airflow/dags/daily_news_sentiment_dag.py
[2025-05-13T02:45:36.783+0000] {processor.py:743} INFO - Processing file /opt/airflow/dags/daily_news_sentiment_dag.py for tasks to queue
[2025-05-13T02:45:36.784+0000] {logging_mixin.py:137} INFO - [2025-05-13T02:45:36.784+0000] {dagbag.py:538} INFO - Filling up the DagBag from /opt/airflow/dags/daily_news_sentiment_dag.py
[2025-05-13T02:45:43.916+0000] {processor.py:753} INFO - DAG(s) dict_keys(['daily_stock_news_and_sentiment_dag']) retrieved from /opt/airflow/dags/daily_news_sentiment_dag.py
[2025-05-13T02:45:44.125+0000] {logging_mixin.py:137} INFO - [2025-05-13T02:45:44.125+0000] {manager.py:504} INFO - Created Permission View: can delete on DAG:daily_stock_news_and_sentiment_dag
[2025-05-13T02:45:44.138+0000] {logging_mixin.py:137} INFO - [2025-05-13T02:45:44.138+0000] {manager.py:504} INFO - Created Permission View: can edit on DAG:daily_stock_news_and_sentiment_dag
[2025-05-13T02:45:44.153+0000] {logging_mixin.py:137} INFO - [2025-05-13T02:45:44.153+0000] {manager.py:504} INFO - Created Permission View: can read on DAG:daily_stock_news_and_sentiment_dag
[2025-05-13T02:45:44.154+0000] {logging_mixin.py:137} INFO - [2025-05-13T02:45:44.153+0000] {dag.py:2676} INFO - Sync 1 DAGs
[2025-05-13T02:45:44.185+0000] {logging_mixin.py:137} INFO - [2025-05-13T02:45:44.184+0000] {dag.py:2697} INFO - Creating ORM DAG for daily_stock_news_and_sentiment_dag
[2025-05-13T02:45:44.214+0000] {logging_mixin.py:137} INFO - [2025-05-13T02:45:44.214+0000] {dag.py:3423} INFO - Setting next_dagrun for daily_stock_news_and_sentiment_dag to 2025-05-12T00:30:00+00:00, run_after=2025-05-13T00:30:00+00:00
[2025-05-13T02:45:44.248+0000] {processor.py:175} INFO - Processing /opt/airflow/dags/daily_news_sentiment_dag.py took 7.473 seconds
[2025-05-13T02:46:14.414+0000] {processor.py:153} INFO - Started process (PID=484) to work on /opt/airflow/dags/daily_news_sentiment_dag.py
[2025-05-13T02:46:14.415+0000] {processor.py:743} INFO - Processing file /opt/airflow/dags/daily_news_sentiment_dag.py for tasks to queue
[2025-05-13T02:46:14.416+0000] {logging_mixin.py:137} INFO - [2025-05-13T02:46:14.415+0000] {dagbag.py:538} INFO - Filling up the DagBag from /opt/airflow/dags/daily_news_sentiment_dag.py
[2025-05-13T02:46:18.140+0000] {processor.py:753} INFO - DAG(s) dict_keys(['daily_stock_news_and_sentiment_dag']) retrieved from /opt/airflow/dags/daily_news_sentiment_dag.py
[2025-05-13T02:46:18.192+0000] {logging_mixin.py:137} INFO - [2025-05-13T02:46:18.192+0000] {dag.py:2676} INFO - Sync 1 DAGs
[2025-05-13T02:46:18.222+0000] {logging_mixin.py:137} INFO - [2025-05-13T02:46:18.222+0000] {dag.py:3423} INFO - Setting next_dagrun for daily_stock_news_and_sentiment_dag to 2025-05-12T00:30:00+00:00, run_after=2025-05-13T00:30:00+00:00
[2025-05-13T02:46:18.244+0000] {processor.py:175} INFO - Processing /opt/airflow/dags/daily_news_sentiment_dag.py took 3.834 seconds
[2025-05-13T02:46:48.304+0000] {processor.py:153} INFO - Started process (PID=754) to work on /opt/airflow/dags/daily_news_sentiment_dag.py
[2025-05-13T02:46:48.305+0000] {processor.py:743} INFO - Processing file /opt/airflow/dags/daily_news_sentiment_dag.py for tasks to queue
[2025-05-13T02:46:48.307+0000] {logging_mixin.py:137} INFO - [2025-05-13T02:46:48.306+0000] {dagbag.py:538} INFO - Filling up the DagBag from /opt/airflow/dags/daily_news_sentiment_dag.py
[2025-05-13T02:46:52.057+0000] {processor.py:753} INFO - DAG(s) dict_keys(['daily_stock_news_and_sentiment_dag']) retrieved from /opt/airflow/dags/daily_news_sentiment_dag.py
[2025-05-13T02:46:52.097+0000] {logging_mixin.py:137} INFO - [2025-05-13T02:46:52.097+0000] {dag.py:2676} INFO - Sync 1 DAGs
[2025-05-13T02:46:52.125+0000] {logging_mixin.py:137} INFO - [2025-05-13T02:46:52.125+0000] {dag.py:3423} INFO - Setting next_dagrun for daily_stock_news_and_sentiment_dag to 2025-05-12T00:30:00+00:00, run_after=2025-05-13T00:30:00+00:00
[2025-05-13T02:46:52.148+0000] {processor.py:175} INFO - Processing /opt/airflow/dags/daily_news_sentiment_dag.py took 3.849 seconds
[2025-05-13T02:47:22.242+0000] {processor.py:153} INFO - Started process (PID=982) to work on /opt/airflow/dags/daily_news_sentiment_dag.py
[2025-05-13T02:47:22.243+0000] {processor.py:743} INFO - Processing file /opt/airflow/dags/daily_news_sentiment_dag.py for tasks to queue
[2025-05-13T02:47:22.245+0000] {logging_mixin.py:137} INFO - [2025-05-13T02:47:22.245+0000] {dagbag.py:538} INFO - Filling up the DagBag from /opt/airflow/dags/daily_news_sentiment_dag.py
[2025-05-13T02:47:24.660+0000] {processor.py:753} INFO - DAG(s) dict_keys(['daily_stock_news_and_sentiment_dag']) retrieved from /opt/airflow/dags/daily_news_sentiment_dag.py
[2025-05-13T02:47:24.690+0000] {logging_mixin.py:137} INFO - [2025-05-13T02:47:24.690+0000] {dag.py:2676} INFO - Sync 1 DAGs
[2025-05-13T02:47:24.714+0000] {logging_mixin.py:137} INFO - [2025-05-13T02:47:24.714+0000] {dag.py:3423} INFO - Setting next_dagrun for daily_stock_news_and_sentiment_dag to 2025-05-12T00:30:00+00:00, run_after=2025-05-13T00:30:00+00:00
[2025-05-13T02:47:24.733+0000] {processor.py:175} INFO - Processing /opt/airflow/dags/daily_news_sentiment_dag.py took 2.495 seconds
[2025-05-13T02:47:55.453+0000] {processor.py:153} INFO - Started process (PID=1185) to work on /opt/airflow/dags/daily_news_sentiment_dag.py
[2025-05-13T02:47:55.455+0000] {processor.py:743} INFO - Processing file /opt/airflow/dags/daily_news_sentiment_dag.py for tasks to queue
[2025-05-13T02:47:55.456+0000] {logging_mixin.py:137} INFO - [2025-05-13T02:47:55.456+0000] {dagbag.py:538} INFO - Filling up the DagBag from /opt/airflow/dags/daily_news_sentiment_dag.py
[2025-05-13T02:47:58.487+0000] {processor.py:753} INFO - DAG(s) dict_keys(['daily_stock_news_and_sentiment_dag']) retrieved from /opt/airflow/dags/daily_news_sentiment_dag.py
[2025-05-13T02:47:58.526+0000] {logging_mixin.py:137} INFO - [2025-05-13T02:47:58.525+0000] {dag.py:2676} INFO - Sync 1 DAGs
[2025-05-13T02:47:58.554+0000] {logging_mixin.py:137} INFO - [2025-05-13T02:47:58.554+0000] {dag.py:3423} INFO - Setting next_dagrun for daily_stock_news_and_sentiment_dag to 2025-05-12T00:30:00+00:00, run_after=2025-05-13T00:30:00+00:00
[2025-05-13T02:47:58.577+0000] {processor.py:175} INFO - Processing /opt/airflow/dags/daily_news_sentiment_dag.py took 3.129 seconds
[2025-05-13T02:49:22.903+0000] {processor.py:153} INFO - Started process (PID=190) to work on /opt/airflow/dags/daily_news_sentiment_dag.py
[2025-05-13T02:49:22.954+0000] {processor.py:743} INFO - Processing file /opt/airflow/dags/daily_news_sentiment_dag.py for tasks to queue
[2025-05-13T02:49:22.956+0000] {logging_mixin.py:137} INFO - [2025-05-13T02:49:22.956+0000] {dagbag.py:538} INFO - Filling up the DagBag from /opt/airflow/dags/daily_news_sentiment_dag.py
[2025-05-13T02:49:32.206+0000] {processor.py:753} INFO - DAG(s) dict_keys(['daily_stock_news_and_sentiment_dag']) retrieved from /opt/airflow/dags/daily_news_sentiment_dag.py
[2025-05-13T02:49:32.265+0000] {logging_mixin.py:137} INFO - [2025-05-13T02:49:32.264+0000] {dag.py:2676} INFO - Sync 1 DAGs
[2025-05-13T02:49:32.307+0000] {logging_mixin.py:137} INFO - [2025-05-13T02:49:32.307+0000] {dag.py:3423} INFO - Setting next_dagrun for daily_stock_news_and_sentiment_dag to 2025-05-12T00:30:00+00:00, run_after=2025-05-13T00:30:00+00:00
[2025-05-13T02:49:32.335+0000] {processor.py:175} INFO - Processing /opt/airflow/dags/daily_news_sentiment_dag.py took 9.437 seconds
[2025-05-13T02:50:02.663+0000] {processor.py:153} INFO - Started process (PID=501) to work on /opt/airflow/dags/daily_news_sentiment_dag.py
[2025-05-13T02:50:02.666+0000] {processor.py:743} INFO - Processing file /opt/airflow/dags/daily_news_sentiment_dag.py for tasks to queue
[2025-05-13T02:50:02.668+0000] {logging_mixin.py:137} INFO - [2025-05-13T02:50:02.668+0000] {dagbag.py:538} INFO - Filling up the DagBag from /opt/airflow/dags/daily_news_sentiment_dag.py
[2025-05-13T02:50:07.712+0000] {processor.py:753} INFO - DAG(s) dict_keys(['daily_stock_news_and_sentiment_dag']) retrieved from /opt/airflow/dags/daily_news_sentiment_dag.py
[2025-05-13T02:50:07.748+0000] {logging_mixin.py:137} INFO - [2025-05-13T02:50:07.747+0000] {dag.py:2676} INFO - Sync 1 DAGs
[2025-05-13T02:50:07.776+0000] {logging_mixin.py:137} INFO - [2025-05-13T02:50:07.776+0000] {dag.py:3423} INFO - Setting next_dagrun for daily_stock_news_and_sentiment_dag to 2025-05-12T00:30:00+00:00, run_after=2025-05-13T00:30:00+00:00
[2025-05-13T02:50:07.794+0000] {processor.py:175} INFO - Processing /opt/airflow/dags/daily_news_sentiment_dag.py took 5.137 seconds
[2025-05-13T02:50:38.406+0000] {processor.py:153} INFO - Started process (PID=794) to work on /opt/airflow/dags/daily_news_sentiment_dag.py
[2025-05-13T02:50:38.408+0000] {processor.py:743} INFO - Processing file /opt/airflow/dags/daily_news_sentiment_dag.py for tasks to queue
[2025-05-13T02:50:38.409+0000] {logging_mixin.py:137} INFO - [2025-05-13T02:50:38.409+0000] {dagbag.py:538} INFO - Filling up the DagBag from /opt/airflow/dags/daily_news_sentiment_dag.py
[2025-05-13T02:50:41.243+0000] {processor.py:753} INFO - DAG(s) dict_keys(['daily_stock_news_and_sentiment_dag']) retrieved from /opt/airflow/dags/daily_news_sentiment_dag.py
[2025-05-13T02:50:41.281+0000] {logging_mixin.py:137} INFO - [2025-05-13T02:50:41.280+0000] {dag.py:2676} INFO - Sync 1 DAGs
[2025-05-13T02:50:41.308+0000] {logging_mixin.py:137} INFO - [2025-05-13T02:50:41.307+0000] {dag.py:3423} INFO - Setting next_dagrun for daily_stock_news_and_sentiment_dag to 2025-05-12T00:30:00+00:00, run_after=2025-05-13T00:30:00+00:00
[2025-05-13T02:50:41.327+0000] {processor.py:175} INFO - Processing /opt/airflow/dags/daily_news_sentiment_dag.py took 2.925 seconds
[2025-05-13T21:18:20.489+0000] {processor.py:153} INFO - Started process (PID=175) to work on /opt/airflow/dags/daily_news_sentiment_dag.py
[2025-05-13T21:18:20.492+0000] {processor.py:743} INFO - Processing file /opt/airflow/dags/daily_news_sentiment_dag.py for tasks to queue
[2025-05-13T21:18:20.494+0000] {logging_mixin.py:137} INFO - [2025-05-13T21:18:20.493+0000] {dagbag.py:538} INFO - Filling up the DagBag from /opt/airflow/dags/daily_news_sentiment_dag.py
[2025-05-13T21:18:28.535+0000] {processor.py:753} INFO - DAG(s) dict_keys(['daily_stock_news_and_sentiment_dag']) retrieved from /opt/airflow/dags/daily_news_sentiment_dag.py
[2025-05-13T21:18:28.768+0000] {logging_mixin.py:137} INFO - [2025-05-13T21:18:28.768+0000] {manager.py:504} INFO - Created Permission View: can edit on DAG:daily_stock_news_and_sentiment_dag
[2025-05-13T21:18:28.782+0000] {logging_mixin.py:137} INFO - [2025-05-13T21:18:28.782+0000] {manager.py:504} INFO - Created Permission View: can delete on DAG:daily_stock_news_and_sentiment_dag
[2025-05-13T21:18:28.796+0000] {logging_mixin.py:137} INFO - [2025-05-13T21:18:28.795+0000] {manager.py:504} INFO - Created Permission View: can read on DAG:daily_stock_news_and_sentiment_dag
[2025-05-13T21:18:28.801+0000] {logging_mixin.py:137} INFO - [2025-05-13T21:18:28.800+0000] {dag.py:2676} INFO - Sync 1 DAGs
[2025-05-13T21:18:28.821+0000] {logging_mixin.py:137} INFO - [2025-05-13T21:18:28.820+0000] {dag.py:2697} INFO - Creating ORM DAG for daily_stock_news_and_sentiment_dag
[2025-05-13T21:18:28.838+0000] {logging_mixin.py:137} INFO - [2025-05-13T21:18:28.838+0000] {dag.py:3423} INFO - Setting next_dagrun for daily_stock_news_and_sentiment_dag to None, run_after=None
[2025-05-13T21:18:28.871+0000] {processor.py:175} INFO - Processing /opt/airflow/dags/daily_news_sentiment_dag.py took 8.390 seconds
[2025-05-13T21:18:59.046+0000] {processor.py:153} INFO - Started process (PID=476) to work on /opt/airflow/dags/daily_news_sentiment_dag.py
[2025-05-13T21:18:59.050+0000] {processor.py:743} INFO - Processing file /opt/airflow/dags/daily_news_sentiment_dag.py for tasks to queue
[2025-05-13T21:18:59.060+0000] {logging_mixin.py:137} INFO - [2025-05-13T21:18:59.060+0000] {dagbag.py:538} INFO - Filling up the DagBag from /opt/airflow/dags/daily_news_sentiment_dag.py
[2025-05-13T21:19:01.986+0000] {processor.py:753} INFO - DAG(s) dict_keys(['daily_stock_news_and_sentiment_dag']) retrieved from /opt/airflow/dags/daily_news_sentiment_dag.py
[2025-05-13T21:19:02.015+0000] {logging_mixin.py:137} INFO - [2025-05-13T21:19:02.015+0000] {dag.py:2676} INFO - Sync 1 DAGs
[2025-05-13T21:19:02.035+0000] {logging_mixin.py:137} INFO - [2025-05-13T21:19:02.035+0000] {dag.py:3423} INFO - Setting next_dagrun for daily_stock_news_and_sentiment_dag to None, run_after=None
[2025-05-13T21:19:02.050+0000] {processor.py:175} INFO - Processing /opt/airflow/dags/daily_news_sentiment_dag.py took 3.010 seconds
[2025-05-13T21:19:32.481+0000] {processor.py:153} INFO - Started process (PID=744) to work on /opt/airflow/dags/daily_news_sentiment_dag.py
[2025-05-13T21:19:32.484+0000] {processor.py:743} INFO - Processing file /opt/airflow/dags/daily_news_sentiment_dag.py for tasks to queue
[2025-05-13T21:19:32.487+0000] {logging_mixin.py:137} INFO - [2025-05-13T21:19:32.487+0000] {dagbag.py:538} INFO - Filling up the DagBag from /opt/airflow/dags/daily_news_sentiment_dag.py
[2025-05-13T21:19:35.905+0000] {processor.py:753} INFO - DAG(s) dict_keys(['daily_stock_news_and_sentiment_dag']) retrieved from /opt/airflow/dags/daily_news_sentiment_dag.py
[2025-05-13T21:19:35.935+0000] {logging_mixin.py:137} INFO - [2025-05-13T21:19:35.934+0000] {dag.py:2676} INFO - Sync 1 DAGs
[2025-05-13T21:19:35.953+0000] {logging_mixin.py:137} INFO - [2025-05-13T21:19:35.953+0000] {dag.py:3423} INFO - Setting next_dagrun for daily_stock_news_and_sentiment_dag to None, run_after=None
[2025-05-13T21:19:35.967+0000] {processor.py:175} INFO - Processing /opt/airflow/dags/daily_news_sentiment_dag.py took 3.495 seconds
[2025-05-13T21:20:06.434+0000] {processor.py:153} INFO - Started process (PID=982) to work on /opt/airflow/dags/daily_news_sentiment_dag.py
[2025-05-13T21:20:06.435+0000] {processor.py:743} INFO - Processing file /opt/airflow/dags/daily_news_sentiment_dag.py for tasks to queue
[2025-05-13T21:20:06.436+0000] {logging_mixin.py:137} INFO - [2025-05-13T21:20:06.436+0000] {dagbag.py:538} INFO - Filling up the DagBag from /opt/airflow/dags/daily_news_sentiment_dag.py
[2025-05-13T21:20:09.150+0000] {processor.py:753} INFO - DAG(s) dict_keys(['daily_stock_news_and_sentiment_dag']) retrieved from /opt/airflow/dags/daily_news_sentiment_dag.py
[2025-05-13T21:20:09.195+0000] {logging_mixin.py:137} INFO - [2025-05-13T21:20:09.194+0000] {dag.py:2676} INFO - Sync 1 DAGs
[2025-05-13T21:20:09.221+0000] {logging_mixin.py:137} INFO - [2025-05-13T21:20:09.220+0000] {dag.py:3423} INFO - Setting next_dagrun for daily_stock_news_and_sentiment_dag to None, run_after=None
[2025-05-13T21:20:09.243+0000] {processor.py:175} INFO - Processing /opt/airflow/dags/daily_news_sentiment_dag.py took 2.813 seconds
[2025-05-13T21:20:39.402+0000] {processor.py:153} INFO - Started process (PID=1185) to work on /opt/airflow/dags/daily_news_sentiment_dag.py
[2025-05-13T21:20:39.403+0000] {processor.py:743} INFO - Processing file /opt/airflow/dags/daily_news_sentiment_dag.py for tasks to queue
[2025-05-13T21:20:39.405+0000] {logging_mixin.py:137} INFO - [2025-05-13T21:20:39.404+0000] {dagbag.py:538} INFO - Filling up the DagBag from /opt/airflow/dags/daily_news_sentiment_dag.py
[2025-05-13T21:20:42.965+0000] {processor.py:753} INFO - DAG(s) dict_keys(['daily_stock_news_and_sentiment_dag']) retrieved from /opt/airflow/dags/daily_news_sentiment_dag.py
[2025-05-13T21:20:43.020+0000] {logging_mixin.py:137} INFO - [2025-05-13T21:20:43.019+0000] {dag.py:2676} INFO - Sync 1 DAGs
[2025-05-13T21:20:43.049+0000] {logging_mixin.py:137} INFO - [2025-05-13T21:20:43.049+0000] {dag.py:3423} INFO - Setting next_dagrun for daily_stock_news_and_sentiment_dag to None, run_after=None
[2025-05-13T21:20:43.073+0000] {processor.py:175} INFO - Processing /opt/airflow/dags/daily_news_sentiment_dag.py took 3.677 seconds
[2025-05-13T21:21:13.834+0000] {processor.py:153} INFO - Started process (PID=1391) to work on /opt/airflow/dags/daily_news_sentiment_dag.py
[2025-05-13T21:21:13.835+0000] {processor.py:743} INFO - Processing file /opt/airflow/dags/daily_news_sentiment_dag.py for tasks to queue
[2025-05-13T21:21:13.836+0000] {logging_mixin.py:137} INFO - [2025-05-13T21:21:13.836+0000] {dagbag.py:538} INFO - Filling up the DagBag from /opt/airflow/dags/daily_news_sentiment_dag.py
[2025-05-13T21:21:16.393+0000] {processor.py:753} INFO - DAG(s) dict_keys(['daily_stock_news_and_sentiment_dag']) retrieved from /opt/airflow/dags/daily_news_sentiment_dag.py
[2025-05-13T21:21:16.428+0000] {logging_mixin.py:137} INFO - [2025-05-13T21:21:16.426+0000] {dag.py:2676} INFO - Sync 1 DAGs
[2025-05-13T21:21:16.453+0000] {logging_mixin.py:137} INFO - [2025-05-13T21:21:16.452+0000] {dag.py:3423} INFO - Setting next_dagrun for daily_stock_news_and_sentiment_dag to None, run_after=None
[2025-05-13T21:21:16.473+0000] {processor.py:175} INFO - Processing /opt/airflow/dags/daily_news_sentiment_dag.py took 2.643 seconds
[2025-05-13T21:21:47.363+0000] {processor.py:153} INFO - Started process (PID=1594) to work on /opt/airflow/dags/daily_news_sentiment_dag.py
[2025-05-13T21:21:47.365+0000] {processor.py:743} INFO - Processing file /opt/airflow/dags/daily_news_sentiment_dag.py for tasks to queue
[2025-05-13T21:21:47.367+0000] {logging_mixin.py:137} INFO - [2025-05-13T21:21:47.367+0000] {dagbag.py:538} INFO - Filling up the DagBag from /opt/airflow/dags/daily_news_sentiment_dag.py
[2025-05-13T21:21:50.573+0000] {processor.py:753} INFO - DAG(s) dict_keys(['daily_stock_news_and_sentiment_dag']) retrieved from /opt/airflow/dags/daily_news_sentiment_dag.py
[2025-05-13T21:21:50.632+0000] {logging_mixin.py:137} INFO - [2025-05-13T21:21:50.631+0000] {dag.py:2676} INFO - Sync 1 DAGs
[2025-05-13T21:21:50.669+0000] {logging_mixin.py:137} INFO - [2025-05-13T21:21:50.669+0000] {dag.py:3423} INFO - Setting next_dagrun for daily_stock_news_and_sentiment_dag to None, run_after=None
[2025-05-13T21:21:50.696+0000] {processor.py:175} INFO - Processing /opt/airflow/dags/daily_news_sentiment_dag.py took 3.337 seconds
[2025-05-13T21:22:21.025+0000] {processor.py:153} INFO - Started process (PID=1797) to work on /opt/airflow/dags/daily_news_sentiment_dag.py
[2025-05-13T21:22:21.026+0000] {processor.py:743} INFO - Processing file /opt/airflow/dags/daily_news_sentiment_dag.py for tasks to queue
[2025-05-13T21:22:21.027+0000] {logging_mixin.py:137} INFO - [2025-05-13T21:22:21.027+0000] {dagbag.py:538} INFO - Filling up the DagBag from /opt/airflow/dags/daily_news_sentiment_dag.py
[2025-05-13T21:22:23.390+0000] {processor.py:753} INFO - DAG(s) dict_keys(['daily_stock_news_and_sentiment_dag']) retrieved from /opt/airflow/dags/daily_news_sentiment_dag.py
[2025-05-13T21:22:23.568+0000] {logging_mixin.py:137} INFO - [2025-05-13T21:22:23.568+0000] {dag.py:2676} INFO - Sync 1 DAGs
[2025-05-13T21:22:23.597+0000] {logging_mixin.py:137} INFO - [2025-05-13T21:22:23.597+0000] {dag.py:3423} INFO - Setting next_dagrun for daily_stock_news_and_sentiment_dag to None, run_after=None
[2025-05-13T21:22:23.619+0000] {processor.py:175} INFO - Processing /opt/airflow/dags/daily_news_sentiment_dag.py took 2.598 seconds
[2025-05-13T21:22:54.353+0000] {processor.py:153} INFO - Started process (PID=2000) to work on /opt/airflow/dags/daily_news_sentiment_dag.py
[2025-05-13T21:22:54.355+0000] {processor.py:743} INFO - Processing file /opt/airflow/dags/daily_news_sentiment_dag.py for tasks to queue
[2025-05-13T21:22:54.359+0000] {logging_mixin.py:137} INFO - [2025-05-13T21:22:54.359+0000] {dagbag.py:538} INFO - Filling up the DagBag from /opt/airflow/dags/daily_news_sentiment_dag.py
[2025-05-13T21:22:57.078+0000] {processor.py:753} INFO - DAG(s) dict_keys(['daily_stock_news_and_sentiment_dag']) retrieved from /opt/airflow/dags/daily_news_sentiment_dag.py
[2025-05-13T21:22:57.124+0000] {logging_mixin.py:137} INFO - [2025-05-13T21:22:57.124+0000] {dag.py:2676} INFO - Sync 1 DAGs
[2025-05-13T21:22:57.278+0000] {logging_mixin.py:137} INFO - [2025-05-13T21:22:57.278+0000] {dag.py:3423} INFO - Setting next_dagrun for daily_stock_news_and_sentiment_dag to None, run_after=None
[2025-05-13T21:22:57.304+0000] {processor.py:175} INFO - Processing /opt/airflow/dags/daily_news_sentiment_dag.py took 2.957 seconds
[2025-05-13T21:23:28.213+0000] {processor.py:153} INFO - Started process (PID=2225) to work on /opt/airflow/dags/daily_news_sentiment_dag.py
[2025-05-13T21:23:28.214+0000] {processor.py:743} INFO - Processing file /opt/airflow/dags/daily_news_sentiment_dag.py for tasks to queue
[2025-05-13T21:23:28.215+0000] {logging_mixin.py:137} INFO - [2025-05-13T21:23:28.215+0000] {dagbag.py:538} INFO - Filling up the DagBag from /opt/airflow/dags/daily_news_sentiment_dag.py
[2025-05-13T21:23:30.886+0000] {processor.py:753} INFO - DAG(s) dict_keys(['daily_stock_news_and_sentiment_dag']) retrieved from /opt/airflow/dags/daily_news_sentiment_dag.py
[2025-05-13T21:23:30.934+0000] {logging_mixin.py:137} INFO - [2025-05-13T21:23:30.932+0000] {dag.py:2676} INFO - Sync 1 DAGs
[2025-05-13T21:23:31.095+0000] {logging_mixin.py:137} INFO - [2025-05-13T21:23:31.094+0000] {dag.py:3423} INFO - Setting next_dagrun for daily_stock_news_and_sentiment_dag to None, run_after=None
[2025-05-13T21:23:31.116+0000] {processor.py:175} INFO - Processing /opt/airflow/dags/daily_news_sentiment_dag.py took 2.907 seconds
[2025-05-13T21:24:01.194+0000] {processor.py:153} INFO - Started process (PID=2458) to work on /opt/airflow/dags/daily_news_sentiment_dag.py
[2025-05-13T21:24:01.195+0000] {processor.py:743} INFO - Processing file /opt/airflow/dags/daily_news_sentiment_dag.py for tasks to queue
[2025-05-13T21:24:01.196+0000] {logging_mixin.py:137} INFO - [2025-05-13T21:24:01.196+0000] {dagbag.py:538} INFO - Filling up the DagBag from /opt/airflow/dags/daily_news_sentiment_dag.py
[2025-05-13T21:24:04.055+0000] {processor.py:753} INFO - DAG(s) dict_keys(['daily_stock_news_and_sentiment_dag']) retrieved from /opt/airflow/dags/daily_news_sentiment_dag.py
[2025-05-13T21:24:04.240+0000] {logging_mixin.py:137} INFO - [2025-05-13T21:24:04.240+0000] {dag.py:2676} INFO - Sync 1 DAGs
[2025-05-13T21:24:04.268+0000] {logging_mixin.py:137} INFO - [2025-05-13T21:24:04.268+0000] {dag.py:3423} INFO - Setting next_dagrun for daily_stock_news_and_sentiment_dag to None, run_after=None
[2025-05-13T21:24:04.292+0000] {processor.py:175} INFO - Processing /opt/airflow/dags/daily_news_sentiment_dag.py took 3.103 seconds
[2025-05-13T21:24:34.484+0000] {processor.py:153} INFO - Started process (PID=2701) to work on /opt/airflow/dags/daily_news_sentiment_dag.py
[2025-05-13T21:24:34.485+0000] {processor.py:743} INFO - Processing file /opt/airflow/dags/daily_news_sentiment_dag.py for tasks to queue
[2025-05-13T21:24:34.486+0000] {logging_mixin.py:137} INFO - [2025-05-13T21:24:34.486+0000] {dagbag.py:538} INFO - Filling up the DagBag from /opt/airflow/dags/daily_news_sentiment_dag.py
[2025-05-13T21:24:38.050+0000] {processor.py:753} INFO - DAG(s) dict_keys(['daily_stock_news_and_sentiment_dag']) retrieved from /opt/airflow/dags/daily_news_sentiment_dag.py
[2025-05-13T21:24:38.093+0000] {logging_mixin.py:137} INFO - [2025-05-13T21:24:38.092+0000] {dag.py:2676} INFO - Sync 1 DAGs
[2025-05-13T21:24:38.123+0000] {logging_mixin.py:137} INFO - [2025-05-13T21:24:38.123+0000] {dag.py:3423} INFO - Setting next_dagrun for daily_stock_news_and_sentiment_dag to None, run_after=None
[2025-05-13T21:24:38.152+0000] {processor.py:175} INFO - Processing /opt/airflow/dags/daily_news_sentiment_dag.py took 3.672 seconds
[2025-05-13T21:25:08.282+0000] {processor.py:153} INFO - Started process (PID=2959) to work on /opt/airflow/dags/daily_news_sentiment_dag.py
[2025-05-13T21:25:08.283+0000] {processor.py:743} INFO - Processing file /opt/airflow/dags/daily_news_sentiment_dag.py for tasks to queue
[2025-05-13T21:25:08.285+0000] {logging_mixin.py:137} INFO - [2025-05-13T21:25:08.284+0000] {dagbag.py:538} INFO - Filling up the DagBag from /opt/airflow/dags/daily_news_sentiment_dag.py
[2025-05-13T21:25:10.838+0000] {processor.py:753} INFO - DAG(s) dict_keys(['daily_stock_news_and_sentiment_dag']) retrieved from /opt/airflow/dags/daily_news_sentiment_dag.py
[2025-05-13T21:25:10.878+0000] {logging_mixin.py:137} INFO - [2025-05-13T21:25:10.877+0000] {dag.py:2676} INFO - Sync 1 DAGs
[2025-05-13T21:25:10.902+0000] {logging_mixin.py:137} INFO - [2025-05-13T21:25:10.902+0000] {dag.py:3423} INFO - Setting next_dagrun for daily_stock_news_and_sentiment_dag to None, run_after=None
[2025-05-13T21:25:10.921+0000] {processor.py:175} INFO - Processing /opt/airflow/dags/daily_news_sentiment_dag.py took 2.644 seconds
[2025-05-13T21:25:41.803+0000] {processor.py:153} INFO - Started process (PID=3212) to work on /opt/airflow/dags/daily_news_sentiment_dag.py
[2025-05-13T21:25:41.804+0000] {processor.py:743} INFO - Processing file /opt/airflow/dags/daily_news_sentiment_dag.py for tasks to queue
[2025-05-13T21:25:41.805+0000] {logging_mixin.py:137} INFO - [2025-05-13T21:25:41.805+0000] {dagbag.py:538} INFO - Filling up the DagBag from /opt/airflow/dags/daily_news_sentiment_dag.py
[2025-05-13T21:25:44.558+0000] {processor.py:753} INFO - DAG(s) dict_keys(['daily_stock_news_and_sentiment_dag']) retrieved from /opt/airflow/dags/daily_news_sentiment_dag.py
[2025-05-13T21:25:44.589+0000] {logging_mixin.py:137} INFO - [2025-05-13T21:25:44.588+0000] {dag.py:2676} INFO - Sync 1 DAGs
[2025-05-13T21:25:44.752+0000] {logging_mixin.py:137} INFO - [2025-05-13T21:25:44.752+0000] {dag.py:3423} INFO - Setting next_dagrun for daily_stock_news_and_sentiment_dag to None, run_after=None
[2025-05-13T21:25:44.774+0000] {processor.py:175} INFO - Processing /opt/airflow/dags/daily_news_sentiment_dag.py took 2.975 seconds
[2025-05-13T21:25:44.918+0000] {processor.py:153} INFO - Started process (PID=3218) to work on /opt/airflow/dags/daily_news_sentiment_dag.py
[2025-05-13T21:25:44.920+0000] {processor.py:743} INFO - Processing file /opt/airflow/dags/daily_news_sentiment_dag.py for tasks to queue
[2025-05-13T21:25:44.921+0000] {logging_mixin.py:137} INFO - [2025-05-13T21:25:44.921+0000] {dagbag.py:538} INFO - Filling up the DagBag from /opt/airflow/dags/daily_news_sentiment_dag.py
[2025-05-13T21:25:47.934+0000] {processor.py:753} INFO - DAG(s) dict_keys(['daily_stock_news_and_sentiment_dag']) retrieved from /opt/airflow/dags/daily_news_sentiment_dag.py
[2025-05-13T21:25:48.147+0000] {logging_mixin.py:137} INFO - [2025-05-13T21:25:48.146+0000] {dag.py:2676} INFO - Sync 1 DAGs
[2025-05-13T21:25:48.175+0000] {logging_mixin.py:137} INFO - [2025-05-13T21:25:48.175+0000] {dag.py:3423} INFO - Setting next_dagrun for daily_stock_news_and_sentiment_dag to 2025-05-12T00:30:00+00:00, run_after=2025-05-13T00:30:00+00:00
[2025-05-13T21:25:48.203+0000] {processor.py:175} INFO - Processing /opt/airflow/dags/daily_news_sentiment_dag.py took 3.289 seconds
[2025-05-13T21:26:18.594+0000] {processor.py:153} INFO - Started process (PID=3427) to work on /opt/airflow/dags/daily_news_sentiment_dag.py
[2025-05-13T21:26:18.595+0000] {processor.py:743} INFO - Processing file /opt/airflow/dags/daily_news_sentiment_dag.py for tasks to queue
[2025-05-13T21:26:18.596+0000] {logging_mixin.py:137} INFO - [2025-05-13T21:26:18.596+0000] {dagbag.py:538} INFO - Filling up the DagBag from /opt/airflow/dags/daily_news_sentiment_dag.py
[2025-05-13T21:26:21.389+0000] {processor.py:753} INFO - DAG(s) dict_keys(['daily_stock_news_and_sentiment_dag']) retrieved from /opt/airflow/dags/daily_news_sentiment_dag.py
[2025-05-13T21:26:21.560+0000] {logging_mixin.py:137} INFO - [2025-05-13T21:26:21.559+0000] {dag.py:2676} INFO - Sync 1 DAGs
[2025-05-13T21:26:21.588+0000] {logging_mixin.py:137} INFO - [2025-05-13T21:26:21.588+0000] {dag.py:3423} INFO - Setting next_dagrun for daily_stock_news_and_sentiment_dag to 2025-05-13T00:30:00+00:00, run_after=2025-05-14T00:30:00+00:00
[2025-05-13T21:26:21.610+0000] {processor.py:175} INFO - Processing /opt/airflow/dags/daily_news_sentiment_dag.py took 3.021 seconds
[2025-05-13T21:26:52.276+0000] {processor.py:153} INFO - Started process (PID=3630) to work on /opt/airflow/dags/daily_news_sentiment_dag.py
[2025-05-13T21:26:52.277+0000] {processor.py:743} INFO - Processing file /opt/airflow/dags/daily_news_sentiment_dag.py for tasks to queue
[2025-05-13T21:26:52.279+0000] {logging_mixin.py:137} INFO - [2025-05-13T21:26:52.278+0000] {dagbag.py:538} INFO - Filling up the DagBag from /opt/airflow/dags/daily_news_sentiment_dag.py
[2025-05-13T21:26:55.341+0000] {processor.py:753} INFO - DAG(s) dict_keys(['daily_stock_news_and_sentiment_dag']) retrieved from /opt/airflow/dags/daily_news_sentiment_dag.py
[2025-05-13T21:26:55.381+0000] {logging_mixin.py:137} INFO - [2025-05-13T21:26:55.381+0000] {dag.py:2676} INFO - Sync 1 DAGs
[2025-05-13T21:26:55.409+0000] {logging_mixin.py:137} INFO - [2025-05-13T21:26:55.409+0000] {dag.py:3423} INFO - Setting next_dagrun for daily_stock_news_and_sentiment_dag to 2025-05-13T00:30:00+00:00, run_after=2025-05-14T00:30:00+00:00
[2025-05-13T21:26:55.431+0000] {processor.py:175} INFO - Processing /opt/airflow/dags/daily_news_sentiment_dag.py took 3.159 seconds
[2025-05-13T21:27:25.781+0000] {processor.py:153} INFO - Started process (PID=3833) to work on /opt/airflow/dags/daily_news_sentiment_dag.py
[2025-05-13T21:27:25.782+0000] {processor.py:743} INFO - Processing file /opt/airflow/dags/daily_news_sentiment_dag.py for tasks to queue
[2025-05-13T21:27:25.784+0000] {logging_mixin.py:137} INFO - [2025-05-13T21:27:25.783+0000] {dagbag.py:538} INFO - Filling up the DagBag from /opt/airflow/dags/daily_news_sentiment_dag.py
[2025-05-13T21:27:28.691+0000] {processor.py:753} INFO - DAG(s) dict_keys(['daily_stock_news_and_sentiment_dag']) retrieved from /opt/airflow/dags/daily_news_sentiment_dag.py
[2025-05-13T21:27:28.732+0000] {logging_mixin.py:137} INFO - [2025-05-13T21:27:28.732+0000] {dag.py:2676} INFO - Sync 1 DAGs
[2025-05-13T21:27:28.760+0000] {logging_mixin.py:137} INFO - [2025-05-13T21:27:28.759+0000] {dag.py:3423} INFO - Setting next_dagrun for daily_stock_news_and_sentiment_dag to 2025-05-13T00:30:00+00:00, run_after=2025-05-14T00:30:00+00:00
[2025-05-13T21:27:28.780+0000] {processor.py:175} INFO - Processing /opt/airflow/dags/daily_news_sentiment_dag.py took 3.003 seconds
[2025-05-13T21:27:59.575+0000] {processor.py:153} INFO - Started process (PID=4043) to work on /opt/airflow/dags/daily_news_sentiment_dag.py
[2025-05-13T21:27:59.576+0000] {processor.py:743} INFO - Processing file /opt/airflow/dags/daily_news_sentiment_dag.py for tasks to queue
[2025-05-13T21:27:59.577+0000] {logging_mixin.py:137} INFO - [2025-05-13T21:27:59.577+0000] {dagbag.py:538} INFO - Filling up the DagBag from /opt/airflow/dags/daily_news_sentiment_dag.py
[2025-05-13T21:28:02.954+0000] {processor.py:753} INFO - DAG(s) dict_keys(['daily_stock_news_and_sentiment_dag']) retrieved from /opt/airflow/dags/daily_news_sentiment_dag.py
[2025-05-13T21:28:02.985+0000] {logging_mixin.py:137} INFO - [2025-05-13T21:28:02.984+0000] {dag.py:2676} INFO - Sync 1 DAGs
[2025-05-13T21:28:03.145+0000] {logging_mixin.py:137} INFO - [2025-05-13T21:28:03.145+0000] {dag.py:3423} INFO - Setting next_dagrun for daily_stock_news_and_sentiment_dag to 2025-05-13T00:30:00+00:00, run_after=2025-05-14T00:30:00+00:00
[2025-05-13T21:28:03.167+0000] {processor.py:175} INFO - Processing /opt/airflow/dags/daily_news_sentiment_dag.py took 3.594 seconds
[2025-05-13T21:28:33.321+0000] {processor.py:153} INFO - Started process (PID=4251) to work on /opt/airflow/dags/daily_news_sentiment_dag.py
[2025-05-13T21:28:33.322+0000] {processor.py:743} INFO - Processing file /opt/airflow/dags/daily_news_sentiment_dag.py for tasks to queue
[2025-05-13T21:28:33.323+0000] {logging_mixin.py:137} INFO - [2025-05-13T21:28:33.323+0000] {dagbag.py:538} INFO - Filling up the DagBag from /opt/airflow/dags/daily_news_sentiment_dag.py
[2025-05-13T21:28:36.042+0000] {processor.py:753} INFO - DAG(s) dict_keys(['daily_stock_news_and_sentiment_dag']) retrieved from /opt/airflow/dags/daily_news_sentiment_dag.py
[2025-05-13T21:28:36.213+0000] {logging_mixin.py:137} INFO - [2025-05-13T21:28:36.213+0000] {dag.py:2676} INFO - Sync 1 DAGs
[2025-05-13T21:28:36.244+0000] {logging_mixin.py:137} INFO - [2025-05-13T21:28:36.243+0000] {dag.py:3423} INFO - Setting next_dagrun for daily_stock_news_and_sentiment_dag to 2025-05-13T00:30:00+00:00, run_after=2025-05-14T00:30:00+00:00
[2025-05-13T21:28:36.266+0000] {processor.py:175} INFO - Processing /opt/airflow/dags/daily_news_sentiment_dag.py took 2.950 seconds
[2025-05-13T21:29:06.351+0000] {processor.py:153} INFO - Started process (PID=4484) to work on /opt/airflow/dags/daily_news_sentiment_dag.py
[2025-05-13T21:29:06.353+0000] {processor.py:743} INFO - Processing file /opt/airflow/dags/daily_news_sentiment_dag.py for tasks to queue
[2025-05-13T21:29:06.354+0000] {logging_mixin.py:137} INFO - [2025-05-13T21:29:06.354+0000] {dagbag.py:538} INFO - Filling up the DagBag from /opt/airflow/dags/daily_news_sentiment_dag.py
[2025-05-13T21:29:09.486+0000] {processor.py:753} INFO - DAG(s) dict_keys(['daily_stock_news_and_sentiment_dag']) retrieved from /opt/airflow/dags/daily_news_sentiment_dag.py
[2025-05-13T21:29:09.525+0000] {logging_mixin.py:137} INFO - [2025-05-13T21:29:09.524+0000] {dag.py:2676} INFO - Sync 1 DAGs
[2025-05-13T21:29:09.553+0000] {logging_mixin.py:137} INFO - [2025-05-13T21:29:09.552+0000] {dag.py:3423} INFO - Setting next_dagrun for daily_stock_news_and_sentiment_dag to 2025-05-13T00:30:00+00:00, run_after=2025-05-14T00:30:00+00:00
[2025-05-13T21:29:09.571+0000] {processor.py:175} INFO - Processing /opt/airflow/dags/daily_news_sentiment_dag.py took 3.224 seconds
[2025-05-13T21:29:39.638+0000] {processor.py:153} INFO - Started process (PID=4727) to work on /opt/airflow/dags/daily_news_sentiment_dag.py
[2025-05-13T21:29:39.639+0000] {processor.py:743} INFO - Processing file /opt/airflow/dags/daily_news_sentiment_dag.py for tasks to queue
[2025-05-13T21:29:39.640+0000] {logging_mixin.py:137} INFO - [2025-05-13T21:29:39.640+0000] {dagbag.py:538} INFO - Filling up the DagBag from /opt/airflow/dags/daily_news_sentiment_dag.py
[2025-05-13T21:29:42.789+0000] {processor.py:753} INFO - DAG(s) dict_keys(['daily_stock_news_and_sentiment_dag']) retrieved from /opt/airflow/dags/daily_news_sentiment_dag.py
[2025-05-13T21:29:42.828+0000] {logging_mixin.py:137} INFO - [2025-05-13T21:29:42.827+0000] {dag.py:2676} INFO - Sync 1 DAGs
[2025-05-13T21:29:42.999+0000] {logging_mixin.py:137} INFO - [2025-05-13T21:29:42.999+0000] {dag.py:3423} INFO - Setting next_dagrun for daily_stock_news_and_sentiment_dag to 2025-05-13T00:30:00+00:00, run_after=2025-05-14T00:30:00+00:00
[2025-05-13T21:29:43.042+0000] {processor.py:175} INFO - Processing /opt/airflow/dags/daily_news_sentiment_dag.py took 3.409 seconds
[2025-05-13T21:30:13.437+0000] {processor.py:153} INFO - Started process (PID=4950) to work on /opt/airflow/dags/daily_news_sentiment_dag.py
[2025-05-13T21:30:13.438+0000] {processor.py:743} INFO - Processing file /opt/airflow/dags/daily_news_sentiment_dag.py for tasks to queue
[2025-05-13T21:30:13.439+0000] {logging_mixin.py:137} INFO - [2025-05-13T21:30:13.439+0000] {dagbag.py:538} INFO - Filling up the DagBag from /opt/airflow/dags/daily_news_sentiment_dag.py
[2025-05-13T21:30:16.533+0000] {processor.py:753} INFO - DAG(s) dict_keys(['daily_stock_news_and_sentiment_dag']) retrieved from /opt/airflow/dags/daily_news_sentiment_dag.py
[2025-05-13T21:30:16.705+0000] {logging_mixin.py:137} INFO - [2025-05-13T21:30:16.705+0000] {dag.py:2676} INFO - Sync 1 DAGs
[2025-05-13T21:30:16.733+0000] {logging_mixin.py:137} INFO - [2025-05-13T21:30:16.733+0000] {dag.py:3423} INFO - Setting next_dagrun for daily_stock_news_and_sentiment_dag to 2025-05-13T00:30:00+00:00, run_after=2025-05-14T00:30:00+00:00
[2025-05-13T21:30:16.755+0000] {processor.py:175} INFO - Processing /opt/airflow/dags/daily_news_sentiment_dag.py took 3.322 seconds
[2025-05-13T21:30:47.122+0000] {processor.py:153} INFO - Started process (PID=5208) to work on /opt/airflow/dags/daily_news_sentiment_dag.py
[2025-05-13T21:30:47.123+0000] {processor.py:743} INFO - Processing file /opt/airflow/dags/daily_news_sentiment_dag.py for tasks to queue
[2025-05-13T21:30:47.124+0000] {logging_mixin.py:137} INFO - [2025-05-13T21:30:47.124+0000] {dagbag.py:538} INFO - Filling up the DagBag from /opt/airflow/dags/daily_news_sentiment_dag.py
[2025-05-13T21:30:50.698+0000] {processor.py:753} INFO - DAG(s) dict_keys(['daily_stock_news_and_sentiment_dag']) retrieved from /opt/airflow/dags/daily_news_sentiment_dag.py
[2025-05-13T21:30:50.748+0000] {logging_mixin.py:137} INFO - [2025-05-13T21:30:50.748+0000] {dag.py:2676} INFO - Sync 1 DAGs
[2025-05-13T21:30:50.782+0000] {logging_mixin.py:137} INFO - [2025-05-13T21:30:50.782+0000] {dag.py:3423} INFO - Setting next_dagrun for daily_stock_news_and_sentiment_dag to 2025-05-13T00:30:00+00:00, run_after=2025-05-14T00:30:00+00:00
[2025-05-13T21:30:50.811+0000] {processor.py:175} INFO - Processing /opt/airflow/dags/daily_news_sentiment_dag.py took 3.694 seconds
[2025-05-13T21:31:21.339+0000] {processor.py:153} INFO - Started process (PID=5454) to work on /opt/airflow/dags/daily_news_sentiment_dag.py
[2025-05-13T21:31:21.341+0000] {processor.py:743} INFO - Processing file /opt/airflow/dags/daily_news_sentiment_dag.py for tasks to queue
[2025-05-13T21:31:21.341+0000] {logging_mixin.py:137} INFO - [2025-05-13T21:31:21.341+0000] {dagbag.py:538} INFO - Filling up the DagBag from /opt/airflow/dags/daily_news_sentiment_dag.py
[2025-05-13T21:31:24.482+0000] {processor.py:753} INFO - DAG(s) dict_keys(['daily_stock_news_and_sentiment_dag']) retrieved from /opt/airflow/dags/daily_news_sentiment_dag.py
[2025-05-13T21:31:24.523+0000] {logging_mixin.py:137} INFO - [2025-05-13T21:31:24.523+0000] {dag.py:2676} INFO - Sync 1 DAGs
[2025-05-13T21:31:24.551+0000] {logging_mixin.py:137} INFO - [2025-05-13T21:31:24.551+0000] {dag.py:3423} INFO - Setting next_dagrun for daily_stock_news_and_sentiment_dag to 2025-05-13T00:30:00+00:00, run_after=2025-05-14T00:30:00+00:00
[2025-05-13T21:31:24.572+0000] {processor.py:175} INFO - Processing /opt/airflow/dags/daily_news_sentiment_dag.py took 3.235 seconds
[2025-05-13T21:31:55.519+0000] {processor.py:153} INFO - Started process (PID=5657) to work on /opt/airflow/dags/daily_news_sentiment_dag.py
[2025-05-13T21:31:55.521+0000] {processor.py:743} INFO - Processing file /opt/airflow/dags/daily_news_sentiment_dag.py for tasks to queue
[2025-05-13T21:31:55.522+0000] {logging_mixin.py:137} INFO - [2025-05-13T21:31:55.522+0000] {dagbag.py:538} INFO - Filling up the DagBag from /opt/airflow/dags/daily_news_sentiment_dag.py
[2025-05-13T21:31:59.109+0000] {processor.py:753} INFO - DAG(s) dict_keys(['daily_stock_news_and_sentiment_dag']) retrieved from /opt/airflow/dags/daily_news_sentiment_dag.py
[2025-05-13T21:31:59.141+0000] {logging_mixin.py:137} INFO - [2025-05-13T21:31:59.141+0000] {dag.py:2676} INFO - Sync 1 DAGs
[2025-05-13T21:31:59.298+0000] {logging_mixin.py:137} INFO - [2025-05-13T21:31:59.298+0000] {dag.py:3423} INFO - Setting next_dagrun for daily_stock_news_and_sentiment_dag to 2025-05-13T00:30:00+00:00, run_after=2025-05-14T00:30:00+00:00
[2025-05-13T21:31:59.322+0000] {processor.py:175} INFO - Processing /opt/airflow/dags/daily_news_sentiment_dag.py took 3.808 seconds
[2025-05-13T21:32:29.610+0000] {processor.py:153} INFO - Started process (PID=5867) to work on /opt/airflow/dags/daily_news_sentiment_dag.py
[2025-05-13T21:32:29.611+0000] {processor.py:743} INFO - Processing file /opt/airflow/dags/daily_news_sentiment_dag.py for tasks to queue
[2025-05-13T21:32:29.613+0000] {logging_mixin.py:137} INFO - [2025-05-13T21:32:29.613+0000] {dagbag.py:538} INFO - Filling up the DagBag from /opt/airflow/dags/daily_news_sentiment_dag.py
[2025-05-13T21:32:32.410+0000] {processor.py:753} INFO - DAG(s) dict_keys(['daily_stock_news_and_sentiment_dag']) retrieved from /opt/airflow/dags/daily_news_sentiment_dag.py
[2025-05-13T21:32:32.575+0000] {logging_mixin.py:137} INFO - [2025-05-13T21:32:32.575+0000] {dag.py:2676} INFO - Sync 1 DAGs
[2025-05-13T21:32:32.610+0000] {logging_mixin.py:137} INFO - [2025-05-13T21:32:32.610+0000] {dag.py:3423} INFO - Setting next_dagrun for daily_stock_news_and_sentiment_dag to 2025-05-13T00:30:00+00:00, run_after=2025-05-14T00:30:00+00:00
[2025-05-13T21:32:32.634+0000] {processor.py:175} INFO - Processing /opt/airflow/dags/daily_news_sentiment_dag.py took 3.029 seconds
[2025-05-13T21:33:02.952+0000] {processor.py:153} INFO - Started process (PID=6070) to work on /opt/airflow/dags/daily_news_sentiment_dag.py
[2025-05-13T21:33:02.953+0000] {processor.py:743} INFO - Processing file /opt/airflow/dags/daily_news_sentiment_dag.py for tasks to queue
[2025-05-13T21:33:02.956+0000] {logging_mixin.py:137} INFO - [2025-05-13T21:33:02.955+0000] {dagbag.py:538} INFO - Filling up the DagBag from /opt/airflow/dags/daily_news_sentiment_dag.py
[2025-05-13T21:33:05.981+0000] {processor.py:753} INFO - DAG(s) dict_keys(['daily_stock_news_and_sentiment_dag']) retrieved from /opt/airflow/dags/daily_news_sentiment_dag.py
[2025-05-13T21:33:06.021+0000] {logging_mixin.py:137} INFO - [2025-05-13T21:33:06.020+0000] {dag.py:2676} INFO - Sync 1 DAGs
[2025-05-13T21:33:06.047+0000] {logging_mixin.py:137} INFO - [2025-05-13T21:33:06.047+0000] {dag.py:3423} INFO - Setting next_dagrun for daily_stock_news_and_sentiment_dag to 2025-05-13T00:30:00+00:00, run_after=2025-05-14T00:30:00+00:00
[2025-05-13T21:33:06.069+0000] {processor.py:175} INFO - Processing /opt/airflow/dags/daily_news_sentiment_dag.py took 3.124 seconds
[2025-05-13T21:33:36.255+0000] {processor.py:153} INFO - Started process (PID=6273) to work on /opt/airflow/dags/daily_news_sentiment_dag.py
[2025-05-13T21:33:36.256+0000] {processor.py:743} INFO - Processing file /opt/airflow/dags/daily_news_sentiment_dag.py for tasks to queue
[2025-05-13T21:33:36.257+0000] {logging_mixin.py:137} INFO - [2025-05-13T21:33:36.257+0000] {dagbag.py:538} INFO - Filling up the DagBag from /opt/airflow/dags/daily_news_sentiment_dag.py
[2025-05-13T21:33:39.101+0000] {processor.py:753} INFO - DAG(s) dict_keys(['daily_stock_news_and_sentiment_dag']) retrieved from /opt/airflow/dags/daily_news_sentiment_dag.py
[2025-05-13T21:33:39.133+0000] {logging_mixin.py:137} INFO - [2025-05-13T21:33:39.132+0000] {dag.py:2676} INFO - Sync 1 DAGs
[2025-05-13T21:33:39.303+0000] {logging_mixin.py:137} INFO - [2025-05-13T21:33:39.303+0000] {dag.py:3423} INFO - Setting next_dagrun for daily_stock_news_and_sentiment_dag to 2025-05-13T00:30:00+00:00, run_after=2025-05-14T00:30:00+00:00
[2025-05-13T21:33:39.325+0000] {processor.py:175} INFO - Processing /opt/airflow/dags/daily_news_sentiment_dag.py took 3.074 seconds
[2025-05-13T21:34:10.070+0000] {processor.py:153} INFO - Started process (PID=6486) to work on /opt/airflow/dags/daily_news_sentiment_dag.py
[2025-05-13T21:34:10.071+0000] {processor.py:743} INFO - Processing file /opt/airflow/dags/daily_news_sentiment_dag.py for tasks to queue
[2025-05-13T21:34:10.073+0000] {logging_mixin.py:137} INFO - [2025-05-13T21:34:10.073+0000] {dagbag.py:538} INFO - Filling up the DagBag from /opt/airflow/dags/daily_news_sentiment_dag.py
[2025-05-13T21:34:13.727+0000] {processor.py:753} INFO - DAG(s) dict_keys(['daily_stock_news_and_sentiment_dag']) retrieved from /opt/airflow/dags/daily_news_sentiment_dag.py
[2025-05-13T21:34:13.919+0000] {logging_mixin.py:137} INFO - [2025-05-13T21:34:13.918+0000] {dag.py:2676} INFO - Sync 1 DAGs
[2025-05-13T21:34:13.952+0000] {logging_mixin.py:137} INFO - [2025-05-13T21:34:13.952+0000] {dag.py:3423} INFO - Setting next_dagrun for daily_stock_news_and_sentiment_dag to 2025-05-13T00:30:00+00:00, run_after=2025-05-14T00:30:00+00:00
[2025-05-13T21:34:13.977+0000] {processor.py:175} INFO - Processing /opt/airflow/dags/daily_news_sentiment_dag.py took 3.911 seconds
[2025-05-13T21:34:36.588+0000] {processor.py:153} INFO - Started process (PID=6680) to work on /opt/airflow/dags/daily_news_sentiment_dag.py
[2025-05-13T21:34:36.589+0000] {processor.py:743} INFO - Processing file /opt/airflow/dags/daily_news_sentiment_dag.py for tasks to queue
[2025-05-13T21:34:36.590+0000] {logging_mixin.py:137} INFO - [2025-05-13T21:34:36.590+0000] {dagbag.py:538} INFO - Filling up the DagBag from /opt/airflow/dags/daily_news_sentiment_dag.py
[2025-05-13T21:34:36.600+0000] {logging_mixin.py:137} INFO - [2025-05-13T21:34:36.599+0000] {dagbag.py:343} ERROR - Failed to import: /opt/airflow/dags/daily_news_sentiment_dag.py
Traceback (most recent call last):
  File "/home/airflow/.local/lib/python3.9/site-packages/airflow/models/dagbag.py", line 339, in parse
    loader.exec_module(new_module)
  File "<frozen importlib._bootstrap_external>", line 846, in exec_module
  File "<frozen importlib._bootstrap_external>", line 983, in get_code
  File "<frozen importlib._bootstrap_external>", line 913, in source_to_code
  File "<frozen importlib._bootstrap>", line 228, in _call_with_frames_removed
  File "/opt/airflow/dags/daily_news_sentiment_dag.py", line 177
    with DAG(
        ^
SyntaxError: keyword argument repeated: schedule
[2025-05-13T21:34:36.601+0000] {processor.py:755} WARNING - No viable dags retrieved from /opt/airflow/dags/daily_news_sentiment_dag.py
[2025-05-13T21:34:36.627+0000] {processor.py:175} INFO - Processing /opt/airflow/dags/daily_news_sentiment_dag.py took 0.043 seconds
[2025-05-13T21:34:39.801+0000] {processor.py:153} INFO - Started process (PID=6694) to work on /opt/airflow/dags/daily_news_sentiment_dag.py
[2025-05-13T21:34:39.802+0000] {processor.py:743} INFO - Processing file /opt/airflow/dags/daily_news_sentiment_dag.py for tasks to queue
[2025-05-13T21:34:39.803+0000] {logging_mixin.py:137} INFO - [2025-05-13T21:34:39.803+0000] {dagbag.py:538} INFO - Filling up the DagBag from /opt/airflow/dags/daily_news_sentiment_dag.py
[2025-05-13T21:34:43.787+0000] {processor.py:753} INFO - DAG(s) dict_keys(['daily_stock_news_and_sentiment_dag']) retrieved from /opt/airflow/dags/daily_news_sentiment_dag.py
[2025-05-13T21:34:44.376+0000] {logging_mixin.py:137} INFO - [2025-05-13T21:34:44.375+0000] {dag.py:2676} INFO - Sync 1 DAGs
[2025-05-13T21:34:44.430+0000] {logging_mixin.py:137} INFO - [2025-05-13T21:34:44.430+0000] {dag.py:3423} INFO - Setting next_dagrun for daily_stock_news_and_sentiment_dag to None, run_after=None
[2025-05-13T21:34:44.528+0000] {processor.py:175} INFO - Processing /opt/airflow/dags/daily_news_sentiment_dag.py took 4.731 seconds
[2025-05-13T21:35:14.705+0000] {processor.py:153} INFO - Started process (PID=6926) to work on /opt/airflow/dags/daily_news_sentiment_dag.py
[2025-05-13T21:35:14.707+0000] {processor.py:743} INFO - Processing file /opt/airflow/dags/daily_news_sentiment_dag.py for tasks to queue
[2025-05-13T21:35:14.708+0000] {logging_mixin.py:137} INFO - [2025-05-13T21:35:14.708+0000] {dagbag.py:538} INFO - Filling up the DagBag from /opt/airflow/dags/daily_news_sentiment_dag.py
[2025-05-13T21:35:18.005+0000] {processor.py:753} INFO - DAG(s) dict_keys(['daily_stock_news_and_sentiment_dag']) retrieved from /opt/airflow/dags/daily_news_sentiment_dag.py
[2025-05-13T21:35:18.049+0000] {logging_mixin.py:137} INFO - [2025-05-13T21:35:18.048+0000] {dag.py:2676} INFO - Sync 1 DAGs
[2025-05-13T21:35:18.081+0000] {logging_mixin.py:137} INFO - [2025-05-13T21:35:18.081+0000] {dag.py:3423} INFO - Setting next_dagrun for daily_stock_news_and_sentiment_dag to None, run_after=None
[2025-05-13T21:35:18.106+0000] {processor.py:175} INFO - Processing /opt/airflow/dags/daily_news_sentiment_dag.py took 3.405 seconds
[2025-05-13T21:35:48.768+0000] {processor.py:153} INFO - Started process (PID=7179) to work on /opt/airflow/dags/daily_news_sentiment_dag.py
[2025-05-13T21:35:48.769+0000] {processor.py:743} INFO - Processing file /opt/airflow/dags/daily_news_sentiment_dag.py for tasks to queue
[2025-05-13T21:35:48.770+0000] {logging_mixin.py:137} INFO - [2025-05-13T21:35:48.770+0000] {dagbag.py:538} INFO - Filling up the DagBag from /opt/airflow/dags/daily_news_sentiment_dag.py
[2025-05-13T21:35:51.448+0000] {processor.py:753} INFO - DAG(s) dict_keys(['daily_stock_news_and_sentiment_dag']) retrieved from /opt/airflow/dags/daily_news_sentiment_dag.py
[2025-05-13T21:35:51.479+0000] {logging_mixin.py:137} INFO - [2025-05-13T21:35:51.477+0000] {dag.py:2676} INFO - Sync 1 DAGs
[2025-05-13T21:35:51.637+0000] {logging_mixin.py:137} INFO - [2025-05-13T21:35:51.637+0000] {dag.py:3423} INFO - Setting next_dagrun for daily_stock_news_and_sentiment_dag to None, run_after=None
[2025-05-13T21:35:51.660+0000] {processor.py:175} INFO - Processing /opt/airflow/dags/daily_news_sentiment_dag.py took 2.901 seconds
[2025-05-13T21:36:22.072+0000] {processor.py:153} INFO - Started process (PID=7412) to work on /opt/airflow/dags/daily_news_sentiment_dag.py
[2025-05-13T21:36:22.073+0000] {processor.py:743} INFO - Processing file /opt/airflow/dags/daily_news_sentiment_dag.py for tasks to queue
[2025-05-13T21:36:22.075+0000] {logging_mixin.py:137} INFO - [2025-05-13T21:36:22.075+0000] {dagbag.py:538} INFO - Filling up the DagBag from /opt/airflow/dags/daily_news_sentiment_dag.py
[2025-05-13T21:36:26.852+0000] {processor.py:753} INFO - DAG(s) dict_keys(['daily_stock_news_and_sentiment_dag']) retrieved from /opt/airflow/dags/daily_news_sentiment_dag.py
[2025-05-13T21:36:27.024+0000] {logging_mixin.py:137} INFO - [2025-05-13T21:36:27.023+0000] {dag.py:2676} INFO - Sync 1 DAGs
[2025-05-13T21:36:27.050+0000] {logging_mixin.py:137} INFO - [2025-05-13T21:36:27.050+0000] {dag.py:3423} INFO - Setting next_dagrun for daily_stock_news_and_sentiment_dag to None, run_after=None
[2025-05-13T21:36:27.071+0000] {processor.py:175} INFO - Processing /opt/airflow/dags/daily_news_sentiment_dag.py took 5.005 seconds
[2025-05-13T21:37:46.975+0000] {processor.py:153} INFO - Started process (PID=183) to work on /opt/airflow/dags/daily_news_sentiment_dag.py
[2025-05-13T21:37:46.978+0000] {processor.py:743} INFO - Processing file /opt/airflow/dags/daily_news_sentiment_dag.py for tasks to queue
[2025-05-13T21:37:46.980+0000] {logging_mixin.py:137} INFO - [2025-05-13T21:37:46.980+0000] {dagbag.py:538} INFO - Filling up the DagBag from /opt/airflow/dags/daily_news_sentiment_dag.py
[2025-05-13T21:37:51.045+0000] {processor.py:753} INFO - DAG(s) dict_keys(['daily_stock_news_and_sentiment_dag']) retrieved from /opt/airflow/dags/daily_news_sentiment_dag.py
[2025-05-13T21:37:51.113+0000] {logging_mixin.py:137} INFO - [2025-05-13T21:37:51.111+0000] {dag.py:2676} INFO - Sync 1 DAGs
[2025-05-13T21:37:51.137+0000] {logging_mixin.py:137} INFO - [2025-05-13T21:37:51.136+0000] {dag.py:3423} INFO - Setting next_dagrun for daily_stock_news_and_sentiment_dag to None, run_after=None
[2025-05-13T21:37:51.163+0000] {processor.py:175} INFO - Processing /opt/airflow/dags/daily_news_sentiment_dag.py took 4.193 seconds
[2025-05-13T21:38:21.337+0000] {processor.py:153} INFO - Started process (PID=464) to work on /opt/airflow/dags/daily_news_sentiment_dag.py
[2025-05-13T21:38:21.338+0000] {processor.py:743} INFO - Processing file /opt/airflow/dags/daily_news_sentiment_dag.py for tasks to queue
[2025-05-13T21:38:21.340+0000] {logging_mixin.py:137} INFO - [2025-05-13T21:38:21.339+0000] {dagbag.py:538} INFO - Filling up the DagBag from /opt/airflow/dags/daily_news_sentiment_dag.py
[2025-05-13T21:38:24.825+0000] {processor.py:753} INFO - DAG(s) dict_keys(['daily_stock_news_and_sentiment_dag']) retrieved from /opt/airflow/dags/daily_news_sentiment_dag.py
[2025-05-13T21:38:24.867+0000] {logging_mixin.py:137} INFO - [2025-05-13T21:38:24.866+0000] {dag.py:2676} INFO - Sync 1 DAGs
[2025-05-13T21:38:24.896+0000] {logging_mixin.py:137} INFO - [2025-05-13T21:38:24.895+0000] {dag.py:3423} INFO - Setting next_dagrun for daily_stock_news_and_sentiment_dag to None, run_after=None
[2025-05-13T21:38:24.920+0000] {processor.py:175} INFO - Processing /opt/airflow/dags/daily_news_sentiment_dag.py took 3.586 seconds
[2025-05-13T21:38:55.105+0000] {processor.py:153} INFO - Started process (PID=757) to work on /opt/airflow/dags/daily_news_sentiment_dag.py
[2025-05-13T21:38:55.106+0000] {processor.py:743} INFO - Processing file /opt/airflow/dags/daily_news_sentiment_dag.py for tasks to queue
[2025-05-13T21:38:55.108+0000] {logging_mixin.py:137} INFO - [2025-05-13T21:38:55.107+0000] {dagbag.py:538} INFO - Filling up the DagBag from /opt/airflow/dags/daily_news_sentiment_dag.py
[2025-05-13T21:38:57.811+0000] {processor.py:753} INFO - DAG(s) dict_keys(['daily_stock_news_and_sentiment_dag']) retrieved from /opt/airflow/dags/daily_news_sentiment_dag.py
[2025-05-13T21:38:57.890+0000] {logging_mixin.py:137} INFO - [2025-05-13T21:38:57.889+0000] {dag.py:2676} INFO - Sync 1 DAGs
[2025-05-13T21:38:57.930+0000] {logging_mixin.py:137} INFO - [2025-05-13T21:38:57.930+0000] {dag.py:3423} INFO - Setting next_dagrun for daily_stock_news_and_sentiment_dag to None, run_after=None
[2025-05-13T21:38:57.956+0000] {processor.py:175} INFO - Processing /opt/airflow/dags/daily_news_sentiment_dag.py took 2.857 seconds
[2025-05-13T21:39:28.152+0000] {processor.py:153} INFO - Started process (PID=990) to work on /opt/airflow/dags/daily_news_sentiment_dag.py
[2025-05-13T21:39:28.155+0000] {processor.py:743} INFO - Processing file /opt/airflow/dags/daily_news_sentiment_dag.py for tasks to queue
[2025-05-13T21:39:28.157+0000] {logging_mixin.py:137} INFO - [2025-05-13T21:39:28.157+0000] {dagbag.py:538} INFO - Filling up the DagBag from /opt/airflow/dags/daily_news_sentiment_dag.py
[2025-05-13T21:39:31.309+0000] {processor.py:753} INFO - DAG(s) dict_keys(['daily_stock_news_and_sentiment_dag']) retrieved from /opt/airflow/dags/daily_news_sentiment_dag.py
[2025-05-13T21:39:31.357+0000] {logging_mixin.py:137} INFO - [2025-05-13T21:39:31.355+0000] {dag.py:2676} INFO - Sync 1 DAGs
[2025-05-13T21:39:31.540+0000] {logging_mixin.py:137} INFO - [2025-05-13T21:39:31.540+0000] {dag.py:3423} INFO - Setting next_dagrun for daily_stock_news_and_sentiment_dag to None, run_after=None
[2025-05-13T21:39:31.562+0000] {processor.py:175} INFO - Processing /opt/airflow/dags/daily_news_sentiment_dag.py took 3.414 seconds
[2025-05-13T21:40:02.575+0000] {processor.py:153} INFO - Started process (PID=1195) to work on /opt/airflow/dags/daily_news_sentiment_dag.py
[2025-05-13T21:40:02.577+0000] {processor.py:743} INFO - Processing file /opt/airflow/dags/daily_news_sentiment_dag.py for tasks to queue
[2025-05-13T21:40:02.579+0000] {logging_mixin.py:137} INFO - [2025-05-13T21:40:02.579+0000] {dagbag.py:538} INFO - Filling up the DagBag from /opt/airflow/dags/daily_news_sentiment_dag.py
[2025-05-13T21:40:06.020+0000] {processor.py:753} INFO - DAG(s) dict_keys(['daily_stock_news_and_sentiment_dag']) retrieved from /opt/airflow/dags/daily_news_sentiment_dag.py
[2025-05-13T21:40:06.211+0000] {logging_mixin.py:137} INFO - [2025-05-13T21:40:06.211+0000] {dag.py:2676} INFO - Sync 1 DAGs
[2025-05-13T21:40:06.240+0000] {logging_mixin.py:137} INFO - [2025-05-13T21:40:06.239+0000] {dag.py:3423} INFO - Setting next_dagrun for daily_stock_news_and_sentiment_dag to None, run_after=None
[2025-05-13T21:40:06.263+0000] {processor.py:175} INFO - Processing /opt/airflow/dags/daily_news_sentiment_dag.py took 3.692 seconds
[2025-05-13T21:40:36.780+0000] {processor.py:153} INFO - Started process (PID=1400) to work on /opt/airflow/dags/daily_news_sentiment_dag.py
[2025-05-13T21:40:36.781+0000] {processor.py:743} INFO - Processing file /opt/airflow/dags/daily_news_sentiment_dag.py for tasks to queue
[2025-05-13T21:40:36.782+0000] {logging_mixin.py:137} INFO - [2025-05-13T21:40:36.782+0000] {dagbag.py:538} INFO - Filling up the DagBag from /opt/airflow/dags/daily_news_sentiment_dag.py
[2025-05-13T21:40:39.377+0000] {processor.py:753} INFO - DAG(s) dict_keys(['daily_stock_news_and_sentiment_dag']) retrieved from /opt/airflow/dags/daily_news_sentiment_dag.py
[2025-05-13T21:40:39.408+0000] {logging_mixin.py:137} INFO - [2025-05-13T21:40:39.407+0000] {dag.py:2676} INFO - Sync 1 DAGs
[2025-05-13T21:40:39.432+0000] {logging_mixin.py:137} INFO - [2025-05-13T21:40:39.432+0000] {dag.py:3423} INFO - Setting next_dagrun for daily_stock_news_and_sentiment_dag to None, run_after=None
[2025-05-13T21:40:39.587+0000] {processor.py:175} INFO - Processing /opt/airflow/dags/daily_news_sentiment_dag.py took 2.811 seconds
[2025-05-13T21:41:10.070+0000] {processor.py:153} INFO - Started process (PID=1603) to work on /opt/airflow/dags/daily_news_sentiment_dag.py
[2025-05-13T21:41:10.071+0000] {processor.py:743} INFO - Processing file /opt/airflow/dags/daily_news_sentiment_dag.py for tasks to queue
[2025-05-13T21:41:10.072+0000] {logging_mixin.py:137} INFO - [2025-05-13T21:41:10.072+0000] {dagbag.py:538} INFO - Filling up the DagBag from /opt/airflow/dags/daily_news_sentiment_dag.py
[2025-05-13T21:41:12.838+0000] {processor.py:753} INFO - DAG(s) dict_keys(['daily_stock_news_and_sentiment_dag']) retrieved from /opt/airflow/dags/daily_news_sentiment_dag.py
[2025-05-13T21:41:12.897+0000] {logging_mixin.py:137} INFO - [2025-05-13T21:41:12.896+0000] {dag.py:2676} INFO - Sync 1 DAGs
[2025-05-13T21:41:13.124+0000] {logging_mixin.py:137} INFO - [2025-05-13T21:41:13.124+0000] {dag.py:3423} INFO - Setting next_dagrun for daily_stock_news_and_sentiment_dag to None, run_after=None
[2025-05-13T21:41:13.157+0000] {processor.py:175} INFO - Processing /opt/airflow/dags/daily_news_sentiment_dag.py took 3.093 seconds
[2025-05-13T21:41:43.983+0000] {processor.py:153} INFO - Started process (PID=1806) to work on /opt/airflow/dags/daily_news_sentiment_dag.py
[2025-05-13T21:41:43.984+0000] {processor.py:743} INFO - Processing file /opt/airflow/dags/daily_news_sentiment_dag.py for tasks to queue
[2025-05-13T21:41:43.985+0000] {logging_mixin.py:137} INFO - [2025-05-13T21:41:43.985+0000] {dagbag.py:538} INFO - Filling up the DagBag from /opt/airflow/dags/daily_news_sentiment_dag.py
[2025-05-13T21:41:46.436+0000] {processor.py:753} INFO - DAG(s) dict_keys(['daily_stock_news_and_sentiment_dag']) retrieved from /opt/airflow/dags/daily_news_sentiment_dag.py
[2025-05-13T21:41:46.468+0000] {logging_mixin.py:137} INFO - [2025-05-13T21:41:46.467+0000] {dag.py:2676} INFO - Sync 1 DAGs
[2025-05-13T21:41:46.634+0000] {logging_mixin.py:137} INFO - [2025-05-13T21:41:46.634+0000] {dag.py:3423} INFO - Setting next_dagrun for daily_stock_news_and_sentiment_dag to None, run_after=None
[2025-05-13T21:41:46.656+0000] {processor.py:175} INFO - Processing /opt/airflow/dags/daily_news_sentiment_dag.py took 2.676 seconds
