[2025-05-16T10:21:37.704+0000] {local_task_job_runner.py:123} INFO - ::group::Pre task execution logs
[2025-05-16T10:21:37.733+0000] {taskinstance.py:2614} INFO - Dependencies all met for dep_context=non-requeueable deps ti=<TaskInstance: daily_stock_news_and_sentiment_dag.fetch_stock_prices manual__2025-05-16T10:21:34.167280+00:00 [queued]>
[2025-05-16T10:21:37.748+0000] {taskinstance.py:2614} INFO - Dependencies all met for dep_context=requeueable deps ti=<TaskInstance: daily_stock_news_and_sentiment_dag.fetch_stock_prices manual__2025-05-16T10:21:34.167280+00:00 [queued]>
[2025-05-16T10:21:37.749+0000] {taskinstance.py:2867} INFO - Starting attempt 1 of 2
[2025-05-16T10:21:37.770+0000] {taskinstance.py:2890} INFO - Executing <Task(PythonOperator): fetch_stock_prices> on 2025-05-16 10:21:34.167280+00:00
[2025-05-16T10:21:37.776+0000] {standard_task_runner.py:72} INFO - Started process 1697 to run task
[2025-05-16T10:21:37.782+0000] {standard_task_runner.py:104} INFO - Running: ['***', 'tasks', 'run', 'daily_stock_news_and_sentiment_dag', 'fetch_stock_prices', 'manual__2025-05-16T10:21:34.167280+00:00', '--job-id', '7', '--raw', '--subdir', 'DAGS_FOLDER/daily_news_sentiment_dag.py', '--cfg-path', '/tmp/tmpdhx6575f']
[2025-05-16T10:21:37.784+0000] {standard_task_runner.py:105} INFO - Job 7: Subtask fetch_stock_prices
[2025-05-16T10:21:37.855+0000] {task_command.py:467} INFO - Running <TaskInstance: daily_stock_news_and_sentiment_dag.fetch_stock_prices manual__2025-05-16T10:21:34.167280+00:00 [running]> on host 0ec0973fabc9
[2025-05-16T10:21:37.970+0000] {taskinstance.py:3134} INFO - Exporting env vars: AIRFLOW_CTX_DAG_OWNER='***' AIRFLOW_CTX_DAG_ID='daily_stock_news_and_sentiment_dag' AIRFLOW_CTX_TASK_ID='fetch_stock_prices' AIRFLOW_CTX_EXECUTION_DATE='2025-05-16T10:21:34.167280+00:00' AIRFLOW_CTX_TRY_NUMBER='1' AIRFLOW_CTX_DAG_RUN_ID='manual__2025-05-16T10:21:34.167280+00:00'
[2025-05-16T10:21:37.972+0000] {logging_mixin.py:190} INFO - Task instance is in running state
[2025-05-16T10:21:37.973+0000] {logging_mixin.py:190} INFO -  Previous state of the Task instance: queued
[2025-05-16T10:21:37.973+0000] {logging_mixin.py:190} INFO - Current task name:fetch_stock_prices state:running start_date:2025-05-16 10:21:37.736162+00:00
[2025-05-16T10:21:37.974+0000] {logging_mixin.py:190} INFO - Dag name:daily_stock_news_and_sentiment_dag and current dag run status:running
[2025-05-16T10:21:37.975+0000] {taskinstance.py:732} INFO - ::endgroup::
[2025-05-16T10:21:37.977+0000] {taskinstance.py:3313} ERROR - Task failed with exception
Traceback (most recent call last):
  File "/home/airflow/.local/lib/python3.9/site-packages/airflow/models/taskinstance.py", line 768, in _execute_task
    result = _execute_callable(context=context, **execute_callable_kwargs)
  File "/home/airflow/.local/lib/python3.9/site-packages/airflow/models/taskinstance.py", line 734, in _execute_callable
    return ExecutionCallableRunner(
  File "/home/airflow/.local/lib/python3.9/site-packages/airflow/utils/operator_helpers.py", line 252, in run
    return self.func(*args, **kwargs)
  File "/home/airflow/.local/lib/python3.9/site-packages/airflow/models/baseoperator.py", line 424, in wrapper
    return func(self, *args, **kwargs)
  File "/home/airflow/.local/lib/python3.9/site-packages/airflow/operators/python.py", line 238, in execute
    return_value = self.execute_callable()
  File "/home/airflow/.local/lib/python3.9/site-packages/airflow/operators/python.py", line 256, in execute_callable
    return runner.run(*self.op_args, **self.op_kwargs)
  File "/home/airflow/.local/lib/python3.9/site-packages/airflow/utils/operator_helpers.py", line 252, in run
    return self.func(*args, **kwargs)
  File "/opt/airflow/dags/daily_news_sentiment_dag.py", line 40, in fetch_stock_prices
    ts = TimeSeries(key=ALPHA_API_KEY, output_format='pandas')
NameError: name 'TimeSeries' is not defined
[2025-05-16T10:21:38.002+0000] {logging_mixin.py:190} INFO - Task instance in failure state
[2025-05-16T10:21:38.004+0000] {logging_mixin.py:190} INFO - Task start:2025-05-16 10:21:37.736162+00:00 end:2025-05-16 10:21:38.000684+00:00 duration:0.264522
[2025-05-16T10:21:38.005+0000] {logging_mixin.py:190} INFO - Task:<Task(PythonOperator): fetch_stock_prices> dag:<DAG: daily_stock_news_and_sentiment_dag> dagrun:<DagRun daily_stock_news_and_sentiment_dag @ 2025-05-16 10:21:34.167280+00:00: manual__2025-05-16T10:21:34.167280+00:00, state:running, queued_at: 2025-05-16 10:21:34.216554+00:00. externally triggered: True>
[2025-05-16T10:21:38.006+0000] {logging_mixin.py:190} INFO - Failure caused by name 'TimeSeries' is not defined
[2025-05-16T10:21:38.007+0000] {taskinstance.py:1226} INFO - Marking task as UP_FOR_RETRY. dag_id=daily_stock_news_and_sentiment_dag, task_id=fetch_stock_prices, run_id=manual__2025-05-16T10:21:34.167280+00:00, execution_date=20250516T102134, start_date=20250516T102137, end_date=20250516T102138
[2025-05-16T10:21:38.056+0000] {taskinstance.py:341} INFO - ::group::Post task execution logs
[2025-05-16T10:21:38.057+0000] {standard_task_runner.py:124} ERROR - Failed to execute job 7 for task fetch_stock_prices (name 'TimeSeries' is not defined; 1697)
Traceback (most recent call last):
  File "/home/airflow/.local/lib/python3.9/site-packages/airflow/task/task_runner/standard_task_runner.py", line 117, in _start_by_fork
    ret = args.func(args, dag=self.dag)
  File "/home/airflow/.local/lib/python3.9/site-packages/airflow/cli/cli_config.py", line 49, in command
    return func(*args, **kwargs)
  File "/home/airflow/.local/lib/python3.9/site-packages/airflow/utils/cli.py", line 116, in wrapper
    return f(*args, **kwargs)
  File "/home/airflow/.local/lib/python3.9/site-packages/airflow/cli/commands/task_command.py", line 483, in task_run
    task_return_code = _run_task_by_selected_method(args, _dag, ti)
  File "/home/airflow/.local/lib/python3.9/site-packages/airflow/cli/commands/task_command.py", line 256, in _run_task_by_selected_method
    return _run_raw_task(args, ti)
  File "/home/airflow/.local/lib/python3.9/site-packages/airflow/cli/commands/task_command.py", line 341, in _run_raw_task
    return ti._run_raw_task(
  File "/home/airflow/.local/lib/python3.9/site-packages/airflow/utils/session.py", line 97, in wrapper
    return func(*args, session=session, **kwargs)
  File "/home/airflow/.local/lib/python3.9/site-packages/airflow/models/taskinstance.py", line 3006, in _run_raw_task
    return _run_raw_task(
  File "/home/airflow/.local/lib/python3.9/site-packages/airflow/models/taskinstance.py", line 274, in _run_raw_task
    TaskInstance._execute_task_with_callbacks(
  File "/home/airflow/.local/lib/python3.9/site-packages/airflow/models/taskinstance.py", line 3161, in _execute_task_with_callbacks
    result = self._execute_task(context, task_orig)
  File "/home/airflow/.local/lib/python3.9/site-packages/airflow/models/taskinstance.py", line 3185, in _execute_task
    return _execute_task(self, context, task_orig)
  File "/home/airflow/.local/lib/python3.9/site-packages/airflow/models/taskinstance.py", line 768, in _execute_task
    result = _execute_callable(context=context, **execute_callable_kwargs)
  File "/home/airflow/.local/lib/python3.9/site-packages/airflow/models/taskinstance.py", line 734, in _execute_callable
    return ExecutionCallableRunner(
  File "/home/airflow/.local/lib/python3.9/site-packages/airflow/utils/operator_helpers.py", line 252, in run
    return self.func(*args, **kwargs)
  File "/home/airflow/.local/lib/python3.9/site-packages/airflow/models/baseoperator.py", line 424, in wrapper
    return func(self, *args, **kwargs)
  File "/home/airflow/.local/lib/python3.9/site-packages/airflow/operators/python.py", line 238, in execute
    return_value = self.execute_callable()
  File "/home/airflow/.local/lib/python3.9/site-packages/airflow/operators/python.py", line 256, in execute_callable
    return runner.run(*self.op_args, **self.op_kwargs)
  File "/home/airflow/.local/lib/python3.9/site-packages/airflow/utils/operator_helpers.py", line 252, in run
    return self.func(*args, **kwargs)
  File "/opt/airflow/dags/daily_news_sentiment_dag.py", line 40, in fetch_stock_prices
    ts = TimeSeries(key=ALPHA_API_KEY, output_format='pandas')
NameError: name 'TimeSeries' is not defined
[2025-05-16T10:21:38.094+0000] {local_task_job_runner.py:266} INFO - Task exited with return code 1
[2025-05-16T10:21:38.127+0000] {taskinstance.py:3901} INFO - 0 downstream tasks scheduled from follow-on schedule check
[2025-05-16T10:21:38.131+0000] {local_task_job_runner.py:245} INFO - ::endgroup::
