[2025-05-17T06:55:04.911+0000] {local_task_job_runner.py:123} INFO - ::group::Pre task execution logs
[2025-05-17T06:55:04.932+0000] {taskinstance.py:2614} INFO - Dependencies all met for dep_context=non-requeueable deps ti=<TaskInstance: daily_stock_news_and_sentiment_dag.fetch_stock_prices manual__2025-05-17T06:54:55.770483+00:00 [queued]>
[2025-05-17T06:55:04.941+0000] {taskinstance.py:2614} INFO - Dependencies all met for dep_context=requeueable deps ti=<TaskInstance: daily_stock_news_and_sentiment_dag.fetch_stock_prices manual__2025-05-17T06:54:55.770483+00:00 [queued]>
[2025-05-17T06:55:04.942+0000] {taskinstance.py:2867} INFO - Starting attempt 1 of 2
[2025-05-17T06:55:04.958+0000] {taskinstance.py:2890} INFO - Executing <Task(PythonOperator): fetch_stock_prices> on 2025-05-17 06:54:55.770483+00:00
[2025-05-17T06:55:04.968+0000] {standard_task_runner.py:72} INFO - Started process 9883 to run task
[2025-05-17T06:55:04.973+0000] {standard_task_runner.py:104} INFO - Running: ['***', 'tasks', 'run', 'daily_stock_news_and_sentiment_dag', 'fetch_stock_prices', 'manual__2025-05-17T06:54:55.770483+00:00', '--job-id', '34', '--raw', '--subdir', 'DAGS_FOLDER/daily_news_sentiment_dag.py', '--cfg-path', '/tmp/tmpm52t42vs']
[2025-05-17T06:55:04.975+0000] {standard_task_runner.py:105} INFO - Job 34: Subtask fetch_stock_prices
[2025-05-17T06:55:05.044+0000] {task_command.py:467} INFO - Running <TaskInstance: daily_stock_news_and_sentiment_dag.fetch_stock_prices manual__2025-05-17T06:54:55.770483+00:00 [running]> on host 9f5193fcdf75
[2025-05-17T06:55:05.163+0000] {taskinstance.py:3134} INFO - Exporting env vars: AIRFLOW_CTX_DAG_OWNER='***' AIRFLOW_CTX_DAG_ID='daily_stock_news_and_sentiment_dag' AIRFLOW_CTX_TASK_ID='fetch_stock_prices' AIRFLOW_CTX_EXECUTION_DATE='2025-05-17T06:54:55.770483+00:00' AIRFLOW_CTX_TRY_NUMBER='1' AIRFLOW_CTX_DAG_RUN_ID='manual__2025-05-17T06:54:55.770483+00:00'
[2025-05-17T06:55:05.165+0000] {logging_mixin.py:190} INFO - Task instance is in running state
[2025-05-17T06:55:05.166+0000] {logging_mixin.py:190} INFO -  Previous state of the Task instance: queued
[2025-05-17T06:55:05.167+0000] {logging_mixin.py:190} INFO - Current task name:fetch_stock_prices state:running start_date:2025-05-17 06:55:04.933504+00:00
[2025-05-17T06:55:05.167+0000] {logging_mixin.py:190} INFO - Dag name:daily_stock_news_and_sentiment_dag and current dag run status:running
[2025-05-17T06:55:05.168+0000] {taskinstance.py:732} INFO - ::endgroup::
[2025-05-17T06:55:08.696+0000] {base.py:84} INFO - Retrieving connection '***_default'
[2025-05-17T06:55:08.779+0000] {python.py:240} INFO - Done. Returned value was: None
[2025-05-17T06:55:08.791+0000] {taskinstance.py:341} INFO - ::group::Post task execution logs
[2025-05-17T06:55:08.792+0000] {taskinstance.py:353} INFO - Marking task as SUCCESS. dag_id=daily_stock_news_and_sentiment_dag, task_id=fetch_stock_prices, run_id=manual__2025-05-17T06:54:55.770483+00:00, execution_date=20250517T065455, start_date=20250517T065504, end_date=20250517T065508
[2025-05-17T06:55:08.819+0000] {logging_mixin.py:190} INFO - Task instance in success state
[2025-05-17T06:55:08.820+0000] {logging_mixin.py:190} INFO -  Previous state of the Task instance: running
[2025-05-17T06:55:08.820+0000] {logging_mixin.py:190} INFO - Dag name:daily_stock_news_and_sentiment_dag queued_at:2025-05-17 06:54:55.958454+00:00
[2025-05-17T06:55:08.821+0000] {logging_mixin.py:190} INFO - Task hostname:9f5193fcdf75 operator:PythonOperator
[2025-05-17T06:55:08.847+0000] {local_task_job_runner.py:266} INFO - Task exited with return code 0
[2025-05-17T06:55:08.867+0000] {taskinstance.py:3901} INFO - 0 downstream tasks scheduled from follow-on schedule check
[2025-05-17T06:55:08.868+0000] {local_task_job_runner.py:245} INFO - ::endgroup::
