[2025-05-18T23:30:32.930+0000] {local_task_job_runner.py:123} INFO - ::group::Pre task execution logs
[2025-05-18T23:30:32.957+0000] {taskinstance.py:2614} INFO - Dependencies all met for dep_context=non-requeueable deps ti=<TaskInstance: daily_stock_news_and_sentiment_dag.fetch_news_and_sentiments manual__2025-05-18T23:30:16.337348+00:00 [queued]>
[2025-05-18T23:30:32.969+0000] {taskinstance.py:2614} INFO - Dependencies all met for dep_context=requeueable deps ti=<TaskInstance: daily_stock_news_and_sentiment_dag.fetch_news_and_sentiments manual__2025-05-18T23:30:16.337348+00:00 [queued]>
[2025-05-18T23:30:32.970+0000] {taskinstance.py:2867} INFO - Starting attempt 1 of 2
[2025-05-18T23:30:32.987+0000] {taskinstance.py:2890} INFO - Executing <Task(PythonOperator): fetch_news_and_sentiments> on 2025-05-18 23:30:16.337348+00:00
[2025-05-18T23:30:32.998+0000] {standard_task_runner.py:72} INFO - Started process 17321 to run task
[2025-05-18T23:30:33.004+0000] {standard_task_runner.py:104} INFO - Running: ['***', 'tasks', 'run', 'daily_stock_news_and_sentiment_dag', 'fetch_news_and_sentiments', 'manual__2025-05-18T23:30:16.337348+00:00', '--job-id', '48', '--raw', '--subdir', 'DAGS_FOLDER/daily_news_sentiment_dag.py', '--cfg-path', '/tmp/tmp16d0j01x']
[2025-05-18T23:30:33.006+0000] {standard_task_runner.py:105} INFO - Job 48: Subtask fetch_news_and_sentiments
[2025-05-18T23:30:33.067+0000] {task_command.py:467} INFO - Running <TaskInstance: daily_stock_news_and_sentiment_dag.fetch_news_and_sentiments manual__2025-05-18T23:30:16.337348+00:00 [running]> on host 9f5193fcdf75
[2025-05-18T23:30:33.173+0000] {taskinstance.py:3134} INFO - Exporting env vars: AIRFLOW_CTX_DAG_OWNER='***' AIRFLOW_CTX_DAG_ID='daily_stock_news_and_sentiment_dag' AIRFLOW_CTX_TASK_ID='fetch_news_and_sentiments' AIRFLOW_CTX_EXECUTION_DATE='2025-05-18T23:30:16.337348+00:00' AIRFLOW_CTX_TRY_NUMBER='1' AIRFLOW_CTX_DAG_RUN_ID='manual__2025-05-18T23:30:16.337348+00:00'
[2025-05-18T23:30:33.175+0000] {logging_mixin.py:190} INFO - Task instance is in running state
[2025-05-18T23:30:33.175+0000] {logging_mixin.py:190} INFO -  Previous state of the Task instance: queued
[2025-05-18T23:30:33.176+0000] {logging_mixin.py:190} INFO - Current task name:fetch_news_and_sentiments state:running start_date:2025-05-18 23:30:32.958478+00:00
[2025-05-18T23:30:33.177+0000] {logging_mixin.py:190} INFO - Dag name:daily_stock_news_and_sentiment_dag and current dag run status:running
[2025-05-18T23:30:33.177+0000] {taskinstance.py:732} INFO - ::endgroup::
[2025-05-18T23:31:14.531+0000] {base.py:84} INFO - Retrieving connection '***_default'
[2025-05-18T23:31:14.677+0000] {logging_mixin.py:190} INFO - Inserted 79 rows into news_data for Apple on 2025-05-16
[2025-05-18T23:31:14.677+0000] {logging_mixin.py:190} INFO - Inserted 10 rows into sentiment_data for Apple on 2025-05-16
[2025-05-18T23:31:14.695+0000] {python.py:240} INFO - Done. Returned value was: None
[2025-05-18T23:31:14.708+0000] {taskinstance.py:341} INFO - ::group::Post task execution logs
[2025-05-18T23:31:14.709+0000] {taskinstance.py:353} INFO - Marking task as SUCCESS. dag_id=daily_stock_news_and_sentiment_dag, task_id=fetch_news_and_sentiments, run_id=manual__2025-05-18T23:30:16.337348+00:00, execution_date=20250518T233016, start_date=20250518T233032, end_date=20250518T233114
[2025-05-18T23:31:14.737+0000] {logging_mixin.py:190} INFO - Task instance in success state
[2025-05-18T23:31:14.738+0000] {logging_mixin.py:190} INFO -  Previous state of the Task instance: running
[2025-05-18T23:31:14.739+0000] {logging_mixin.py:190} INFO - Dag name:daily_stock_news_and_sentiment_dag queued_at:2025-05-18 23:30:16.422317+00:00
[2025-05-18T23:31:14.740+0000] {logging_mixin.py:190} INFO - Task hostname:9f5193fcdf75 operator:PythonOperator
[2025-05-18T23:31:14.808+0000] {local_task_job_runner.py:266} INFO - Task exited with return code 0
[2025-05-18T23:31:14.827+0000] {taskinstance.py:3901} INFO - 0 downstream tasks scheduled from follow-on schedule check
[2025-05-18T23:31:14.829+0000] {local_task_job_runner.py:245} INFO - ::endgroup::
